ARM GAS  C:\Users\Ridwane\AppData\Local\Temp\ccekzVeg.s 			page 1


   1              		.cpu cortex-m4
   2              		.arch armv7e-m
   3              		.fpu softvfp
   4              		.eabi_attribute 20, 1
   5              		.eabi_attribute 21, 1
   6              		.eabi_attribute 23, 3
   7              		.eabi_attribute 24, 1
   8              		.eabi_attribute 25, 1
   9              		.eabi_attribute 26, 1
  10              		.eabi_attribute 30, 6
  11              		.eabi_attribute 34, 1
  12              		.eabi_attribute 18, 4
  13              		.file	"board.c"
  14              		.file 1 "c:\\chibistudio\\tools\\gnu tools arm embedded\\11.3 2022.08\\arm-none-eabi\\include\\mac
  15              		.file 2 "c:\\chibistudio\\tools\\gnu tools arm embedded\\11.3 2022.08\\arm-none-eabi\\include\\sys
  16              		.file 3 "../../chibios2111/os/common/ext/ST/STM32F4xx/stm32f407xx.h"
  17              		.file 4 "../../chibios2111/os/hal/ports/STM32/LLD/GPIOv2/stm32_gpio.h"
  18              		.file 5 "../../chibios2111/os/hal/boards/ST_STM32F4_DISCOVERY/board.c"
  19              		.file 6 "../../chibios2111/os/hal/ports/STM32/STM32F4xx/hal_lld_type1.h"
  20              		.section	.gnu.debuglto_.debug_info,"e",%progbits
  21              	.Ldebug_info0:
  22              		.hidden	board.c.3d76e6d8
  23              		.weak	board.c.3d76e6d8
  24              	board.c.3d76e6d8:
  25 0000 74040000 		.4byte	0x474
  26 0004 0500     		.2byte	0x5
  27 0006 01       		.byte	0x1
  28 0007 04       		.byte	0x4
  29 0008 00000000 		.4byte	.Ldebug_abbrev0
  30 000c 0D       		.uleb128 0xd
  31 000d EE000000 		.4byte	.LASF75
  32 0011 1D       		.byte	0x1d
  33 0012 ED010000 		.4byte	.LASF76
  34 0016 31030000 		.4byte	.LASF77
  35 001a 00000000 		.4byte	.Ldebug_line0
  36 001e 0E       		.uleb128 0xe
  37 001f 04       		.byte	0x4
  38 0020 05       		.byte	0x5
  39 0021 696E7400 		.ascii	"int\000"
  40 0025 03       		.uleb128 0x3
  41 0026 04       		.byte	0x4
  42 0027 07       		.byte	0x7
  43 0028 CC030000 		.4byte	.LASF0
  44 002c 03       		.uleb128 0x3
  45 002d 08       		.byte	0x8
  46 002e 05       		.byte	0x5
  47 002f DA000000 		.4byte	.LASF1
  48 0033 03       		.uleb128 0x3
  49 0034 08       		.byte	0x8
  50 0035 04       		.byte	0x4
  51 0036 E1010000 		.4byte	.LASF2
  52 003a 03       		.uleb128 0x3
  53 003b 01       		.byte	0x1
  54 003c 06       		.byte	0x6
  55 003d 40020000 		.4byte	.LASF3
  56 0041 03       		.uleb128 0x3
  57 0042 01       		.byte	0x1
ARM GAS  C:\Users\Ridwane\AppData\Local\Temp\ccekzVeg.s 			page 2


  58 0043 08       		.byte	0x8
  59 0044 2A020000 		.4byte	.LASF4
  60 0048 03       		.uleb128 0x3
  61 0049 02       		.byte	0x2
  62 004a 05       		.byte	0x5
  63 004b 39000000 		.4byte	.LASF5
  64 004f 04       		.uleb128 0x4
  65 0050 86000000 		.4byte	.LASF8
  66 0054 01       		.byte	0x1
  67 0055 39       		.byte	0x39
  68 0056 19       		.byte	0x19
  69 0057 5B000000 		.4byte	0x5b
  70 005b 03       		.uleb128 0x3
  71 005c 02       		.byte	0x2
  72 005d 07       		.byte	0x7
  73 005e B9020000 		.4byte	.LASF6
  74 0062 03       		.uleb128 0x3
  75 0063 04       		.byte	0x4
  76 0064 05       		.byte	0x5
  77 0065 A9010000 		.4byte	.LASF7
  78 0069 04       		.uleb128 0x4
  79 006a 6D000000 		.4byte	.LASF9
  80 006e 01       		.byte	0x1
  81 006f 4F       		.byte	0x4f
  82 0070 19       		.byte	0x19
  83 0071 75000000 		.4byte	0x75
  84 0075 03       		.uleb128 0x3
  85 0076 04       		.byte	0x4
  86 0077 07       		.byte	0x7
  87 0078 85020000 		.4byte	.LASF10
  88 007c 03       		.uleb128 0x3
  89 007d 08       		.byte	0x8
  90 007e 07       		.byte	0x7
  91 007f 4C020000 		.4byte	.LASF11
  92 0083 04       		.uleb128 0x4
  93 0084 7C020000 		.4byte	.LASF12
  94 0088 02       		.byte	0x2
  95 0089 24       		.byte	0x24
  96 008a 14       		.byte	0x14
  97 008b 4F000000 		.4byte	0x4f
  98 008f 04       		.uleb128 0x4
  99 0090 63020000 		.4byte	.LASF13
 100 0094 02       		.byte	0x2
 101 0095 30       		.byte	0x30
 102 0096 14       		.byte	0x14
 103 0097 69000000 		.4byte	0x69
 104 009b 08       		.uleb128 0x8
 105 009c 8F000000 		.4byte	0x8f
 106 00a0 03       		.uleb128 0x3
 107 00a1 01       		.byte	0x1
 108 00a2 08       		.byte	0x8
 109 00a3 D6020000 		.4byte	.LASF14
 110 00a7 0F       		.uleb128 0xf
 111 00a8 8F000000 		.4byte	0x8f
 112 00ac B7000000 		.4byte	0xb7
 113 00b0 10       		.uleb128 0x10
 114 00b1 25000000 		.4byte	0x25
ARM GAS  C:\Users\Ridwane\AppData\Local\Temp\ccekzVeg.s 			page 3


 115 00b5 01       		.byte	0x1
 116 00b6 00       		.byte	0
 117 00b7 11       		.uleb128 0x11
 118 00b8 88       		.byte	0x88
 119 00b9 03       		.byte	0x3
 120 00ba 6502     		.2byte	0x265
 121 00bc 09       		.byte	0x9
 122 00bd 29020000 		.4byte	0x229
 123 00c1 07       		.uleb128 0x7
 124 00c2 435200   		.ascii	"CR\000"
 125 00c5 6702     		.2byte	0x267
 126 00c7 9B000000 		.4byte	0x9b
 127 00cb 00       		.byte	0
 128 00cc 01       		.uleb128 0x1
 129 00cd AC020000 		.4byte	.LASF15
 130 00d1 6802     		.2byte	0x268
 131 00d3 9B000000 		.4byte	0x9b
 132 00d7 04       		.byte	0x4
 133 00d8 01       		.uleb128 0x1
 134 00d9 AD000000 		.4byte	.LASF16
 135 00dd 6902     		.2byte	0x269
 136 00df 9B000000 		.4byte	0x9b
 137 00e3 08       		.byte	0x8
 138 00e4 07       		.uleb128 0x7
 139 00e5 43495200 		.ascii	"CIR\000"
 140 00e9 6A02     		.2byte	0x26a
 141 00eb 9B000000 		.4byte	0x9b
 142 00ef 0C       		.byte	0xc
 143 00f0 01       		.uleb128 0x1
 144 00f1 B3030000 		.4byte	.LASF17
 145 00f5 6B02     		.2byte	0x26b
 146 00f7 9B000000 		.4byte	0x9b
 147 00fb 10       		.byte	0x10
 148 00fc 01       		.uleb128 0x1
 149 00fd 73020000 		.4byte	.LASF18
 150 0101 6C02     		.2byte	0x26c
 151 0103 9B000000 		.4byte	0x9b
 152 0107 14       		.byte	0x14
 153 0108 01       		.uleb128 0x1
 154 0109 BC030000 		.4byte	.LASF19
 155 010d 6D02     		.2byte	0x26d
 156 010f 9B000000 		.4byte	0x9b
 157 0113 18       		.byte	0x18
 158 0114 01       		.uleb128 0x1
 159 0115 FF020000 		.4byte	.LASF20
 160 0119 6E02     		.2byte	0x26e
 161 011b 8F000000 		.4byte	0x8f
 162 011f 1C       		.byte	0x1c
 163 0120 01       		.uleb128 0x1
 164 0121 19000000 		.4byte	.LASF21
 165 0125 6F02     		.2byte	0x26f
 166 0127 9B000000 		.4byte	0x9b
 167 012b 20       		.byte	0x20
 168 012c 01       		.uleb128 0x1
 169 012d CB010000 		.4byte	.LASF22
 170 0131 7002     		.2byte	0x270
 171 0133 9B000000 		.4byte	0x9b
ARM GAS  C:\Users\Ridwane\AppData\Local\Temp\ccekzVeg.s 			page 4


 172 0137 24       		.byte	0x24
 173 0138 01       		.uleb128 0x1
 174 0139 09030000 		.4byte	.LASF23
 175 013d 7102     		.2byte	0x271
 176 013f A7000000 		.4byte	0xa7
 177 0143 28       		.byte	0x28
 178 0144 01       		.uleb128 0x1
 179 0145 6D030000 		.4byte	.LASF24
 180 0149 7202     		.2byte	0x272
 181 014b 9B000000 		.4byte	0x9b
 182 014f 30       		.byte	0x30
 183 0150 01       		.uleb128 0x1
 184 0151 22000000 		.4byte	.LASF25
 185 0155 7302     		.2byte	0x273
 186 0157 9B000000 		.4byte	0x9b
 187 015b 34       		.byte	0x34
 188 015c 01       		.uleb128 0x1
 189 015d C3000000 		.4byte	.LASF26
 190 0161 7402     		.2byte	0x274
 191 0163 9B000000 		.4byte	0x9b
 192 0167 38       		.byte	0x38
 193 0168 01       		.uleb128 0x1
 194 0169 13030000 		.4byte	.LASF27
 195 016d 7502     		.2byte	0x275
 196 016f 8F000000 		.4byte	0x8f
 197 0173 3C       		.byte	0x3c
 198 0174 01       		.uleb128 0x1
 199 0175 2A000000 		.4byte	.LASF28
 200 0179 7602     		.2byte	0x276
 201 017b 9B000000 		.4byte	0x9b
 202 017f 40       		.byte	0x40
 203 0180 01       		.uleb128 0x1
 204 0181 38020000 		.4byte	.LASF29
 205 0185 7702     		.2byte	0x277
 206 0187 9B000000 		.4byte	0x9b
 207 018b 44       		.byte	0x44
 208 018c 01       		.uleb128 0x1
 209 018d 1D030000 		.4byte	.LASF30
 210 0191 7802     		.2byte	0x278
 211 0193 A7000000 		.4byte	0xa7
 212 0197 48       		.byte	0x48
 213 0198 01       		.uleb128 0x1
 214 0199 00000000 		.4byte	.LASF31
 215 019d 7902     		.2byte	0x279
 216 019f 9B000000 		.4byte	0x9b
 217 01a3 50       		.byte	0x50
 218 01a4 01       		.uleb128 0x1
 219 01a5 EE020000 		.4byte	.LASF32
 220 01a9 7A02     		.2byte	0x27a
 221 01ab 9B000000 		.4byte	0x9b
 222 01af 54       		.byte	0x54
 223 01b0 01       		.uleb128 0x1
 224 01b1 9C000000 		.4byte	.LASF33
 225 01b5 7B02     		.2byte	0x27b
 226 01b7 9B000000 		.4byte	0x9b
 227 01bb 58       		.byte	0x58
 228 01bc 01       		.uleb128 0x1
ARM GAS  C:\Users\Ridwane\AppData\Local\Temp\ccekzVeg.s 			page 5


 229 01bd 27030000 		.4byte	.LASF34
 230 01c1 7C02     		.2byte	0x27c
 231 01c3 8F000000 		.4byte	0x8f
 232 01c7 5C       		.byte	0x5c
 233 01c8 01       		.uleb128 0x1
 234 01c9 CC020000 		.4byte	.LASF35
 235 01cd 7D02     		.2byte	0x27d
 236 01cf 9B000000 		.4byte	0x9b
 237 01d3 60       		.byte	0x60
 238 01d4 01       		.uleb128 0x1
 239 01d5 E3030000 		.4byte	.LASF36
 240 01d9 7E02     		.2byte	0x27e
 241 01db 9B000000 		.4byte	0x9b
 242 01df 64       		.byte	0x64
 243 01e0 01       		.uleb128 0x1
 244 01e1 B2000000 		.4byte	.LASF37
 245 01e5 7F02     		.2byte	0x27f
 246 01e7 A7000000 		.4byte	0xa7
 247 01eb 68       		.byte	0x68
 248 01ec 01       		.uleb128 0x1
 249 01ed 56000000 		.4byte	.LASF38
 250 01f1 8002     		.2byte	0x280
 251 01f3 9B000000 		.4byte	0x9b
 252 01f7 70       		.byte	0x70
 253 01f8 07       		.uleb128 0x7
 254 01f9 43535200 		.ascii	"CSR\000"
 255 01fd 8102     		.2byte	0x281
 256 01ff 9B000000 		.4byte	0x9b
 257 0203 74       		.byte	0x74
 258 0204 01       		.uleb128 0x1
 259 0205 56030000 		.4byte	.LASF39
 260 0209 8202     		.2byte	0x282
 261 020b A7000000 		.4byte	0xa7
 262 020f 78       		.byte	0x78
 263 0210 01       		.uleb128 0x1
 264 0211 91000000 		.4byte	.LASF40
 265 0215 8302     		.2byte	0x283
 266 0217 9B000000 		.4byte	0x9b
 267 021b 80       		.byte	0x80
 268 021c 01       		.uleb128 0x1
 269 021d 62000000 		.4byte	.LASF41
 270 0221 8402     		.2byte	0x284
 271 0223 9B000000 		.4byte	0x9b
 272 0227 84       		.byte	0x84
 273 0228 00       		.byte	0
 274 0229 12       		.uleb128 0x12
 275 022a B9010000 		.4byte	.LASF42
 276 022e 03       		.byte	0x3
 277 022f 8502     		.2byte	0x285
 278 0231 03       		.byte	0x3
 279 0232 B7000000 		.4byte	0xb7
 280 0236 03       		.uleb128 0x3
 281 0237 01       		.byte	0x1
 282 0238 02       		.byte	0x2
 283 0239 E8020000 		.4byte	.LASF43
 284 023d 05       		.uleb128 0x5
 285 023e 04       		.byte	0x4
ARM GAS  C:\Users\Ridwane\AppData\Local\Temp\ccekzVeg.s 			page 6


 286 023f 04       		.byte	0x4
 287 0240 5B       		.byte	0x5b
 288 0241 05       		.byte	0x5
 289 0242 60020000 		.4byte	0x260
 290 0246 06       		.uleb128 0x6
 291 0247 73657400 		.ascii	"set\000"
 292 024b 04       		.byte	0x4
 293 024c 5C       		.byte	0x5c
 294 024d 83000000 		.4byte	0x83
 295 0251 00       		.byte	0
 296 0252 02       		.uleb128 0x2
 297 0253 D4010000 		.4byte	.LASF44
 298 0257 04       		.byte	0x4
 299 0258 5D       		.byte	0x5d
 300 0259 19       		.byte	0x19
 301 025a 83000000 		.4byte	0x83
 302 025e 02       		.byte	0x2
 303 025f 00       		.byte	0
 304 0260 13       		.uleb128 0x13
 305 0261 04       		.byte	0x4
 306 0262 04       		.byte	0x4
 307 0263 59       		.byte	0x59
 308 0264 0C       		.byte	0xc
 309 0265 7C020000 		.4byte	0x27c
 310 0269 09       		.uleb128 0x9
 311 026a 5700     		.ascii	"W\000"
 312 026c 5A       		.byte	0x5a
 313 026d 19       		.byte	0x19
 314 026e 8F000000 		.4byte	0x8f
 315 0272 09       		.uleb128 0x9
 316 0273 4800     		.ascii	"H\000"
 317 0275 5E       		.byte	0x5e
 318 0276 07       		.byte	0x7
 319 0277 3D020000 		.4byte	0x23d
 320 027b 00       		.byte	0
 321 027c 08       		.uleb128 0x8
 322 027d 60020000 		.4byte	0x260
 323 0281 05       		.uleb128 0x5
 324 0282 28       		.byte	0x28
 325 0283 04       		.byte	0x4
 326 0284 51       		.byte	0x51
 327 0285 09       		.byte	0x9
 328 0286 0B030000 		.4byte	0x30b
 329 028a 02       		.uleb128 0x2
 330 028b C5010000 		.4byte	.LASF45
 331 028f 04       		.byte	0x4
 332 0290 53       		.byte	0x53
 333 0291 19       		.byte	0x19
 334 0292 9B000000 		.4byte	0x9b
 335 0296 00       		.byte	0
 336 0297 02       		.uleb128 0x2
 337 0298 BC000000 		.4byte	.LASF46
 338 029c 04       		.byte	0x4
 339 029d 54       		.byte	0x54
 340 029e 19       		.byte	0x19
 341 029f 9B000000 		.4byte	0x9b
 342 02a3 04       		.byte	0x4
ARM GAS  C:\Users\Ridwane\AppData\Local\Temp\ccekzVeg.s 			page 7


 343 02a4 02       		.uleb128 0x2
 344 02a5 11000000 		.4byte	.LASF47
 345 02a9 04       		.byte	0x4
 346 02aa 55       		.byte	0x55
 347 02ab 19       		.byte	0x19
 348 02ac 9B000000 		.4byte	0x9b
 349 02b0 08       		.byte	0x8
 350 02b1 02       		.uleb128 0x2
 351 02b2 E8000000 		.4byte	.LASF48
 352 02b6 04       		.byte	0x4
 353 02b7 56       		.byte	0x56
 354 02b8 19       		.byte	0x19
 355 02b9 9B000000 		.4byte	0x9b
 356 02bd 0C       		.byte	0xc
 357 02be 06       		.uleb128 0x6
 358 02bf 49445200 		.ascii	"IDR\000"
 359 02c3 04       		.byte	0x4
 360 02c4 57       		.byte	0x57
 361 02c5 9B000000 		.4byte	0x9b
 362 02c9 10       		.byte	0x10
 363 02ca 06       		.uleb128 0x6
 364 02cb 4F445200 		.ascii	"ODR\000"
 365 02cf 04       		.byte	0x4
 366 02d0 58       		.byte	0x58
 367 02d1 9B000000 		.4byte	0x9b
 368 02d5 14       		.byte	0x14
 369 02d6 02       		.uleb128 0x2
 370 02d7 97000000 		.4byte	.LASF49
 371 02db 04       		.byte	0x4
 372 02dc 5F       		.byte	0x5f
 373 02dd 05       		.byte	0x5
 374 02de 7C020000 		.4byte	0x27c
 375 02e2 18       		.byte	0x18
 376 02e3 02       		.uleb128 0x2
 377 02e4 60030000 		.4byte	.LASF50
 378 02e8 04       		.byte	0x4
 379 02e9 60       		.byte	0x60
 380 02ea 19       		.byte	0x19
 381 02eb 9B000000 		.4byte	0x9b
 382 02ef 1C       		.byte	0x1c
 383 02f0 02       		.uleb128 0x2
 384 02f1 B4020000 		.4byte	.LASF51
 385 02f5 04       		.byte	0x4
 386 02f6 61       		.byte	0x61
 387 02f7 19       		.byte	0x19
 388 02f8 9B000000 		.4byte	0x9b
 389 02fc 20       		.byte	0x20
 390 02fd 02       		.uleb128 0x2
 391 02fe A7020000 		.4byte	.LASF52
 392 0302 04       		.byte	0x4
 393 0303 62       		.byte	0x62
 394 0304 19       		.byte	0x19
 395 0305 9B000000 		.4byte	0x9b
 396 0309 24       		.byte	0x24
 397 030a 00       		.byte	0
 398 030b 04       		.uleb128 0x4
 399 030c 43000000 		.4byte	.LASF53
ARM GAS  C:\Users\Ridwane\AppData\Local\Temp\ccekzVeg.s 			page 8


 400 0310 04       		.byte	0x4
 401 0311 63       		.byte	0x63
 402 0312 03       		.byte	0x3
 403 0313 81020000 		.4byte	0x281
 404 0317 0A       		.uleb128 0xa
 405 0318 0B030000 		.4byte	0x30b
 406 031c 05       		.uleb128 0x5
 407 031d 1C       		.byte	0x1c
 408 031e 05       		.byte	0x5
 409 031f 28       		.byte	0x28
 410 0320 09       		.byte	0x9
 411 0321 80030000 		.4byte	0x380
 412 0325 02       		.uleb128 0x2
 413 0326 AD030000 		.4byte	.LASF54
 414 032a 05       		.byte	0x5
 415 032b 29       		.byte	0x29
 416 032c 19       		.byte	0x19
 417 032d 8F000000 		.4byte	0x8f
 418 0331 00       		.byte	0
 419 0332 02       		.uleb128 0x2
 420 0333 6C020000 		.4byte	.LASF55
 421 0337 05       		.byte	0x5
 422 0338 2A       		.byte	0x2a
 423 0339 19       		.byte	0x19
 424 033a 8F000000 		.4byte	0x8f
 425 033e 04       		.byte	0x4
 426 033f 02       		.uleb128 0x2
 427 0340 D2000000 		.4byte	.LASF56
 428 0344 05       		.byte	0x5
 429 0345 2B       		.byte	0x2b
 430 0346 19       		.byte	0x19
 431 0347 8F000000 		.4byte	0x8f
 432 034b 08       		.byte	0x8
 433 034c 02       		.uleb128 0x2
 434 034d 86030000 		.4byte	.LASF57
 435 0351 05       		.byte	0x5
 436 0352 2C       		.byte	0x2c
 437 0353 19       		.byte	0x19
 438 0354 8F000000 		.4byte	0x8f
 439 0358 0C       		.byte	0xc
 440 0359 06       		.uleb128 0x6
 441 035a 6F647200 		.ascii	"odr\000"
 442 035e 05       		.byte	0x5
 443 035f 2D       		.byte	0x2d
 444 0360 8F000000 		.4byte	0x8f
 445 0364 10       		.byte	0x10
 446 0365 02       		.uleb128 0x2
 447 0366 A8030000 		.4byte	.LASF58
 448 036a 05       		.byte	0x5
 449 036b 2E       		.byte	0x2e
 450 036c 19       		.byte	0x19
 451 036d 8F000000 		.4byte	0x8f
 452 0371 14       		.byte	0x14
 453 0372 02       		.uleb128 0x2
 454 0373 96030000 		.4byte	.LASF59
 455 0377 05       		.byte	0x5
 456 0378 2F       		.byte	0x2f
ARM GAS  C:\Users\Ridwane\AppData\Local\Temp\ccekzVeg.s 			page 9


 457 0379 19       		.byte	0x19
 458 037a 8F000000 		.4byte	0x8f
 459 037e 18       		.byte	0x18
 460 037f 00       		.byte	0
 461 0380 04       		.uleb128 0x4
 462 0381 9B030000 		.4byte	.LASF60
 463 0385 05       		.byte	0x5
 464 0386 30       		.byte	0x30
 465 0387 03       		.byte	0x3
 466 0388 1C030000 		.4byte	0x31c
 467 038c 0B       		.uleb128 0xb
 468 038d 80030000 		.4byte	0x380
 469 0391 05       		.uleb128 0x5
 470 0392 FC       		.byte	0xfc
 471 0393 05       		.byte	0x5
 472 0394 35       		.byte	0x35
 473 0395 09       		.byte	0x9
 474 0396 10040000 		.4byte	0x410
 475 039a 02       		.uleb128 0x2
 476 039b CB000000 		.4byte	.LASF61
 477 039f 05       		.byte	0x5
 478 03a0 37       		.byte	0x37
 479 03a1 19       		.byte	0x19
 480 03a2 80030000 		.4byte	0x380
 481 03a6 00       		.byte	0
 482 03a7 02       		.uleb128 0x2
 483 03a8 C5030000 		.4byte	.LASF62
 484 03ac 05       		.byte	0x5
 485 03ad 3A       		.byte	0x3a
 486 03ae 19       		.byte	0x19
 487 03af 80030000 		.4byte	0x380
 488 03b3 1C       		.byte	0x1c
 489 03b4 02       		.uleb128 0x2
 490 03b5 0A000000 		.4byte	.LASF63
 491 03b9 05       		.byte	0x5
 492 03ba 3D       		.byte	0x3d
 493 03bb 19       		.byte	0x19
 494 03bc 80030000 		.4byte	0x380
 495 03c0 38       		.byte	0x38
 496 03c1 02       		.uleb128 0x2
 497 03c2 B2010000 		.4byte	.LASF64
 498 03c6 05       		.byte	0x5
 499 03c7 40       		.byte	0x40
 500 03c8 19       		.byte	0x19
 501 03c9 80030000 		.4byte	0x380
 502 03cd 54       		.byte	0x54
 503 03ce 02       		.uleb128 0x2
 504 03cf F8020000 		.4byte	.LASF65
 505 03d3 05       		.byte	0x5
 506 03d4 43       		.byte	0x43
 507 03d5 19       		.byte	0x19
 508 03d6 80030000 		.4byte	0x380
 509 03da 70       		.byte	0x70
 510 03db 02       		.uleb128 0x2
 511 03dc 32000000 		.4byte	.LASF66
 512 03e0 05       		.byte	0x5
 513 03e1 46       		.byte	0x46
ARM GAS  C:\Users\Ridwane\AppData\Local\Temp\ccekzVeg.s 			page 10


 514 03e2 19       		.byte	0x19
 515 03e3 80030000 		.4byte	0x380
 516 03e7 8C       		.byte	0x8c
 517 03e8 02       		.uleb128 0x2
 518 03e9 DA010000 		.4byte	.LASF67
 519 03ed 05       		.byte	0x5
 520 03ee 49       		.byte	0x49
 521 03ef 19       		.byte	0x19
 522 03f0 80030000 		.4byte	0x380
 523 03f4 A8       		.byte	0xa8
 524 03f5 02       		.uleb128 0x2
 525 03f6 66030000 		.4byte	.LASF68
 526 03fa 05       		.byte	0x5
 527 03fb 4C       		.byte	0x4c
 528 03fc 19       		.byte	0x19
 529 03fd 80030000 		.4byte	0x380
 530 0401 C4       		.byte	0xc4
 531 0402 02       		.uleb128 0x2
 532 0403 5B000000 		.4byte	.LASF69
 533 0407 05       		.byte	0x5
 534 0408 4F       		.byte	0x4f
 535 0409 19       		.byte	0x19
 536 040a 80030000 		.4byte	0x380
 537 040e E0       		.byte	0xe0
 538 040f 00       		.byte	0
 539 0410 04       		.uleb128 0x4
 540 0411 78000000 		.4byte	.LASF70
 541 0415 05       		.byte	0x5
 542 0416 57       		.byte	0x57
 543 0417 03       		.byte	0x3
 544 0418 91030000 		.4byte	0x391
 545 041c 0B       		.uleb128 0xb
 546 041d 10040000 		.4byte	0x410
 547 0421 14       		.uleb128 0x14
 548 0422 ED030000 		.4byte	.LASF78
 549 0426 05       		.byte	0x5
 550 0427 5C       		.byte	0x5c
 551 0428 1C       		.byte	0x1c
 552 0429 1C040000 		.4byte	0x41c
 553 042d 15       		.uleb128 0x15
 554 042e 75030000 		.4byte	.LASF79
 555 0432 06       		.byte	0x6
 556 0433 F107     		.2byte	0x7f1
 557 0435 08       		.byte	0x8
 558 0436 16       		.uleb128 0x16
 559 0437 D9030000 		.4byte	.LASF71
 560 043b 05       		.byte	0x5
 561 043c 0801     		.2byte	0x108
 562 043e 06       		.byte	0x6
 563 043f 17       		.uleb128 0x17
 564 0440 DB020000 		.4byte	.LASF72
 565 0444 05       		.byte	0x5
 566 0445 D2       		.byte	0xd2
 567 0446 06       		.byte	0x6
 568 0447 18       		.uleb128 0x18
 569 0448 97020000 		.4byte	.LASF80
 570 044c 05       		.byte	0x5
ARM GAS  C:\Users\Ridwane\AppData\Local\Temp\ccekzVeg.s 			page 11


 571 044d 9A       		.byte	0x9a
 572 044e 0D       		.byte	0xd
 573 044f 19       		.uleb128 0x19
 574 0450 8C030000 		.4byte	.LASF81
 575 0454 05       		.byte	0x5
 576 0455 8F       		.byte	0x8f
 577 0456 0D       		.byte	0xd
 578 0457 72040000 		.4byte	0x472
 579 045b 0C       		.uleb128 0xc
 580 045c 50000000 		.4byte	.LASF73
 581 0460 8F       		.byte	0x8f
 582 0461 25       		.byte	0x25
 583 0462 17030000 		.4byte	0x317
 584 0466 0C       		.uleb128 0xc
 585 0467 A6000000 		.4byte	.LASF74
 586 046b 8F       		.byte	0x8f
 587 046c 40       		.byte	0x40
 588 046d 72040000 		.4byte	0x472
 589 0471 00       		.byte	0
 590 0472 0A       		.uleb128 0xa
 591 0473 8C030000 		.4byte	0x38c
 592 0477 00       		.byte	0
 593              		.section	.gnu.debuglto_.debug_abbrev,"e",%progbits
 594              	.Ldebug_abbrev0:
 595 0000 01       		.uleb128 0x1
 596 0001 0D       		.uleb128 0xd
 597 0002 00       		.byte	0
 598 0003 03       		.uleb128 0x3
 599 0004 0E       		.uleb128 0xe
 600 0005 3A       		.uleb128 0x3a
 601 0006 21       		.uleb128 0x21
 602 0007 03       		.sleb128 3
 603 0008 3B       		.uleb128 0x3b
 604 0009 05       		.uleb128 0x5
 605 000a 39       		.uleb128 0x39
 606 000b 21       		.uleb128 0x21
 607 000c 11       		.sleb128 17
 608 000d 49       		.uleb128 0x49
 609 000e 13       		.uleb128 0x13
 610 000f 38       		.uleb128 0x38
 611 0010 0B       		.uleb128 0xb
 612 0011 00       		.byte	0
 613 0012 00       		.byte	0
 614 0013 02       		.uleb128 0x2
 615 0014 0D       		.uleb128 0xd
 616 0015 00       		.byte	0
 617 0016 03       		.uleb128 0x3
 618 0017 0E       		.uleb128 0xe
 619 0018 3A       		.uleb128 0x3a
 620 0019 0B       		.uleb128 0xb
 621 001a 3B       		.uleb128 0x3b
 622 001b 0B       		.uleb128 0xb
 623 001c 39       		.uleb128 0x39
 624 001d 0B       		.uleb128 0xb
 625 001e 49       		.uleb128 0x49
 626 001f 13       		.uleb128 0x13
 627 0020 38       		.uleb128 0x38
ARM GAS  C:\Users\Ridwane\AppData\Local\Temp\ccekzVeg.s 			page 12


 628 0021 0B       		.uleb128 0xb
 629 0022 00       		.byte	0
 630 0023 00       		.byte	0
 631 0024 03       		.uleb128 0x3
 632 0025 24       		.uleb128 0x24
 633 0026 00       		.byte	0
 634 0027 0B       		.uleb128 0xb
 635 0028 0B       		.uleb128 0xb
 636 0029 3E       		.uleb128 0x3e
 637 002a 0B       		.uleb128 0xb
 638 002b 03       		.uleb128 0x3
 639 002c 0E       		.uleb128 0xe
 640 002d 00       		.byte	0
 641 002e 00       		.byte	0
 642 002f 04       		.uleb128 0x4
 643 0030 16       		.uleb128 0x16
 644 0031 00       		.byte	0
 645 0032 03       		.uleb128 0x3
 646 0033 0E       		.uleb128 0xe
 647 0034 3A       		.uleb128 0x3a
 648 0035 0B       		.uleb128 0xb
 649 0036 3B       		.uleb128 0x3b
 650 0037 0B       		.uleb128 0xb
 651 0038 39       		.uleb128 0x39
 652 0039 0B       		.uleb128 0xb
 653 003a 49       		.uleb128 0x49
 654 003b 13       		.uleb128 0x13
 655 003c 00       		.byte	0
 656 003d 00       		.byte	0
 657 003e 05       		.uleb128 0x5
 658 003f 13       		.uleb128 0x13
 659 0040 01       		.byte	0x1
 660 0041 0B       		.uleb128 0xb
 661 0042 0B       		.uleb128 0xb
 662 0043 3A       		.uleb128 0x3a
 663 0044 0B       		.uleb128 0xb
 664 0045 3B       		.uleb128 0x3b
 665 0046 0B       		.uleb128 0xb
 666 0047 39       		.uleb128 0x39
 667 0048 0B       		.uleb128 0xb
 668 0049 01       		.uleb128 0x1
 669 004a 13       		.uleb128 0x13
 670 004b 00       		.byte	0
 671 004c 00       		.byte	0
 672 004d 06       		.uleb128 0x6
 673 004e 0D       		.uleb128 0xd
 674 004f 00       		.byte	0
 675 0050 03       		.uleb128 0x3
 676 0051 08       		.uleb128 0x8
 677 0052 3A       		.uleb128 0x3a
 678 0053 0B       		.uleb128 0xb
 679 0054 3B       		.uleb128 0x3b
 680 0055 0B       		.uleb128 0xb
 681 0056 39       		.uleb128 0x39
 682 0057 21       		.uleb128 0x21
 683 0058 19       		.sleb128 25
 684 0059 49       		.uleb128 0x49
ARM GAS  C:\Users\Ridwane\AppData\Local\Temp\ccekzVeg.s 			page 13


 685 005a 13       		.uleb128 0x13
 686 005b 38       		.uleb128 0x38
 687 005c 0B       		.uleb128 0xb
 688 005d 00       		.byte	0
 689 005e 00       		.byte	0
 690 005f 07       		.uleb128 0x7
 691 0060 0D       		.uleb128 0xd
 692 0061 00       		.byte	0
 693 0062 03       		.uleb128 0x3
 694 0063 08       		.uleb128 0x8
 695 0064 3A       		.uleb128 0x3a
 696 0065 21       		.uleb128 0x21
 697 0066 03       		.sleb128 3
 698 0067 3B       		.uleb128 0x3b
 699 0068 05       		.uleb128 0x5
 700 0069 39       		.uleb128 0x39
 701 006a 21       		.uleb128 0x21
 702 006b 11       		.sleb128 17
 703 006c 49       		.uleb128 0x49
 704 006d 13       		.uleb128 0x13
 705 006e 38       		.uleb128 0x38
 706 006f 0B       		.uleb128 0xb
 707 0070 00       		.byte	0
 708 0071 00       		.byte	0
 709 0072 08       		.uleb128 0x8
 710 0073 35       		.uleb128 0x35
 711 0074 00       		.byte	0
 712 0075 49       		.uleb128 0x49
 713 0076 13       		.uleb128 0x13
 714 0077 00       		.byte	0
 715 0078 00       		.byte	0
 716 0079 09       		.uleb128 0x9
 717 007a 0D       		.uleb128 0xd
 718 007b 00       		.byte	0
 719 007c 03       		.uleb128 0x3
 720 007d 08       		.uleb128 0x8
 721 007e 3A       		.uleb128 0x3a
 722 007f 21       		.uleb128 0x21
 723 0080 04       		.sleb128 4
 724 0081 3B       		.uleb128 0x3b
 725 0082 0B       		.uleb128 0xb
 726 0083 39       		.uleb128 0x39
 727 0084 0B       		.uleb128 0xb
 728 0085 49       		.uleb128 0x49
 729 0086 13       		.uleb128 0x13
 730 0087 00       		.byte	0
 731 0088 00       		.byte	0
 732 0089 0A       		.uleb128 0xa
 733 008a 0F       		.uleb128 0xf
 734 008b 00       		.byte	0
 735 008c 0B       		.uleb128 0xb
 736 008d 21       		.uleb128 0x21
 737 008e 04       		.sleb128 4
 738 008f 49       		.uleb128 0x49
 739 0090 13       		.uleb128 0x13
 740 0091 00       		.byte	0
 741 0092 00       		.byte	0
ARM GAS  C:\Users\Ridwane\AppData\Local\Temp\ccekzVeg.s 			page 14


 742 0093 0B       		.uleb128 0xb
 743 0094 26       		.uleb128 0x26
 744 0095 00       		.byte	0
 745 0096 49       		.uleb128 0x49
 746 0097 13       		.uleb128 0x13
 747 0098 00       		.byte	0
 748 0099 00       		.byte	0
 749 009a 0C       		.uleb128 0xc
 750 009b 05       		.uleb128 0x5
 751 009c 00       		.byte	0
 752 009d 03       		.uleb128 0x3
 753 009e 0E       		.uleb128 0xe
 754 009f 3A       		.uleb128 0x3a
 755 00a0 21       		.uleb128 0x21
 756 00a1 05       		.sleb128 5
 757 00a2 3B       		.uleb128 0x3b
 758 00a3 0B       		.uleb128 0xb
 759 00a4 39       		.uleb128 0x39
 760 00a5 0B       		.uleb128 0xb
 761 00a6 49       		.uleb128 0x49
 762 00a7 13       		.uleb128 0x13
 763 00a8 00       		.byte	0
 764 00a9 00       		.byte	0
 765 00aa 0D       		.uleb128 0xd
 766 00ab 11       		.uleb128 0x11
 767 00ac 01       		.byte	0x1
 768 00ad 25       		.uleb128 0x25
 769 00ae 0E       		.uleb128 0xe
 770 00af 13       		.uleb128 0x13
 771 00b0 0B       		.uleb128 0xb
 772 00b1 03       		.uleb128 0x3
 773 00b2 0E       		.uleb128 0xe
 774 00b3 1B       		.uleb128 0x1b
 775 00b4 0E       		.uleb128 0xe
 776 00b5 10       		.uleb128 0x10
 777 00b6 17       		.uleb128 0x17
 778 00b7 00       		.byte	0
 779 00b8 00       		.byte	0
 780 00b9 0E       		.uleb128 0xe
 781 00ba 24       		.uleb128 0x24
 782 00bb 00       		.byte	0
 783 00bc 0B       		.uleb128 0xb
 784 00bd 0B       		.uleb128 0xb
 785 00be 3E       		.uleb128 0x3e
 786 00bf 0B       		.uleb128 0xb
 787 00c0 03       		.uleb128 0x3
 788 00c1 08       		.uleb128 0x8
 789 00c2 00       		.byte	0
 790 00c3 00       		.byte	0
 791 00c4 0F       		.uleb128 0xf
 792 00c5 01       		.uleb128 0x1
 793 00c6 01       		.byte	0x1
 794 00c7 49       		.uleb128 0x49
 795 00c8 13       		.uleb128 0x13
 796 00c9 01       		.uleb128 0x1
 797 00ca 13       		.uleb128 0x13
 798 00cb 00       		.byte	0
ARM GAS  C:\Users\Ridwane\AppData\Local\Temp\ccekzVeg.s 			page 15


 799 00cc 00       		.byte	0
 800 00cd 10       		.uleb128 0x10
 801 00ce 21       		.uleb128 0x21
 802 00cf 00       		.byte	0
 803 00d0 49       		.uleb128 0x49
 804 00d1 13       		.uleb128 0x13
 805 00d2 2F       		.uleb128 0x2f
 806 00d3 0B       		.uleb128 0xb
 807 00d4 00       		.byte	0
 808 00d5 00       		.byte	0
 809 00d6 11       		.uleb128 0x11
 810 00d7 13       		.uleb128 0x13
 811 00d8 01       		.byte	0x1
 812 00d9 0B       		.uleb128 0xb
 813 00da 0B       		.uleb128 0xb
 814 00db 3A       		.uleb128 0x3a
 815 00dc 0B       		.uleb128 0xb
 816 00dd 3B       		.uleb128 0x3b
 817 00de 05       		.uleb128 0x5
 818 00df 39       		.uleb128 0x39
 819 00e0 0B       		.uleb128 0xb
 820 00e1 01       		.uleb128 0x1
 821 00e2 13       		.uleb128 0x13
 822 00e3 00       		.byte	0
 823 00e4 00       		.byte	0
 824 00e5 12       		.uleb128 0x12
 825 00e6 16       		.uleb128 0x16
 826 00e7 00       		.byte	0
 827 00e8 03       		.uleb128 0x3
 828 00e9 0E       		.uleb128 0xe
 829 00ea 3A       		.uleb128 0x3a
 830 00eb 0B       		.uleb128 0xb
 831 00ec 3B       		.uleb128 0x3b
 832 00ed 05       		.uleb128 0x5
 833 00ee 39       		.uleb128 0x39
 834 00ef 0B       		.uleb128 0xb
 835 00f0 49       		.uleb128 0x49
 836 00f1 13       		.uleb128 0x13
 837 00f2 00       		.byte	0
 838 00f3 00       		.byte	0
 839 00f4 13       		.uleb128 0x13
 840 00f5 17       		.uleb128 0x17
 841 00f6 01       		.byte	0x1
 842 00f7 0B       		.uleb128 0xb
 843 00f8 0B       		.uleb128 0xb
 844 00f9 3A       		.uleb128 0x3a
 845 00fa 0B       		.uleb128 0xb
 846 00fb 3B       		.uleb128 0x3b
 847 00fc 0B       		.uleb128 0xb
 848 00fd 39       		.uleb128 0x39
 849 00fe 0B       		.uleb128 0xb
 850 00ff 01       		.uleb128 0x1
 851 0100 13       		.uleb128 0x13
 852 0101 00       		.byte	0
 853 0102 00       		.byte	0
 854 0103 14       		.uleb128 0x14
 855 0104 34       		.uleb128 0x34
ARM GAS  C:\Users\Ridwane\AppData\Local\Temp\ccekzVeg.s 			page 16


 856 0105 00       		.byte	0
 857 0106 03       		.uleb128 0x3
 858 0107 0E       		.uleb128 0xe
 859 0108 3A       		.uleb128 0x3a
 860 0109 0B       		.uleb128 0xb
 861 010a 3B       		.uleb128 0x3b
 862 010b 0B       		.uleb128 0xb
 863 010c 39       		.uleb128 0x39
 864 010d 0B       		.uleb128 0xb
 865 010e 49       		.uleb128 0x49
 866 010f 13       		.uleb128 0x13
 867 0110 00       		.byte	0
 868 0111 00       		.byte	0
 869 0112 15       		.uleb128 0x15
 870 0113 2E       		.uleb128 0x2e
 871 0114 00       		.byte	0
 872 0115 3F       		.uleb128 0x3f
 873 0116 19       		.uleb128 0x19
 874 0117 03       		.uleb128 0x3
 875 0118 0E       		.uleb128 0xe
 876 0119 3A       		.uleb128 0x3a
 877 011a 0B       		.uleb128 0xb
 878 011b 3B       		.uleb128 0x3b
 879 011c 05       		.uleb128 0x5
 880 011d 39       		.uleb128 0x39
 881 011e 0B       		.uleb128 0xb
 882 011f 27       		.uleb128 0x27
 883 0120 19       		.uleb128 0x19
 884 0121 3C       		.uleb128 0x3c
 885 0122 19       		.uleb128 0x19
 886 0123 00       		.byte	0
 887 0124 00       		.byte	0
 888 0125 16       		.uleb128 0x16
 889 0126 2E       		.uleb128 0x2e
 890 0127 00       		.byte	0
 891 0128 3F       		.uleb128 0x3f
 892 0129 19       		.uleb128 0x19
 893 012a 03       		.uleb128 0x3
 894 012b 0E       		.uleb128 0xe
 895 012c 3A       		.uleb128 0x3a
 896 012d 0B       		.uleb128 0xb
 897 012e 3B       		.uleb128 0x3b
 898 012f 05       		.uleb128 0x5
 899 0130 39       		.uleb128 0x39
 900 0131 0B       		.uleb128 0xb
 901 0132 27       		.uleb128 0x27
 902 0133 19       		.uleb128 0x19
 903 0134 00       		.byte	0
 904 0135 00       		.byte	0
 905 0136 17       		.uleb128 0x17
 906 0137 2E       		.uleb128 0x2e
 907 0138 00       		.byte	0
 908 0139 3F       		.uleb128 0x3f
 909 013a 19       		.uleb128 0x19
 910 013b 03       		.uleb128 0x3
 911 013c 0E       		.uleb128 0xe
 912 013d 3A       		.uleb128 0x3a
ARM GAS  C:\Users\Ridwane\AppData\Local\Temp\ccekzVeg.s 			page 17


 913 013e 0B       		.uleb128 0xb
 914 013f 3B       		.uleb128 0x3b
 915 0140 0B       		.uleb128 0xb
 916 0141 39       		.uleb128 0x39
 917 0142 0B       		.uleb128 0xb
 918 0143 27       		.uleb128 0x27
 919 0144 19       		.uleb128 0x19
 920 0145 00       		.byte	0
 921 0146 00       		.byte	0
 922 0147 18       		.uleb128 0x18
 923 0148 2E       		.uleb128 0x2e
 924 0149 00       		.byte	0
 925 014a 03       		.uleb128 0x3
 926 014b 0E       		.uleb128 0xe
 927 014c 3A       		.uleb128 0x3a
 928 014d 0B       		.uleb128 0xb
 929 014e 3B       		.uleb128 0x3b
 930 014f 0B       		.uleb128 0xb
 931 0150 39       		.uleb128 0x39
 932 0151 0B       		.uleb128 0xb
 933 0152 27       		.uleb128 0x27
 934 0153 19       		.uleb128 0x19
 935 0154 00       		.byte	0
 936 0155 00       		.byte	0
 937 0156 19       		.uleb128 0x19
 938 0157 2E       		.uleb128 0x2e
 939 0158 01       		.byte	0x1
 940 0159 03       		.uleb128 0x3
 941 015a 0E       		.uleb128 0xe
 942 015b 3A       		.uleb128 0x3a
 943 015c 0B       		.uleb128 0xb
 944 015d 3B       		.uleb128 0x3b
 945 015e 0B       		.uleb128 0xb
 946 015f 39       		.uleb128 0x39
 947 0160 0B       		.uleb128 0xb
 948 0161 27       		.uleb128 0x27
 949 0162 19       		.uleb128 0x19
 950 0163 01       		.uleb128 0x1
 951 0164 13       		.uleb128 0x13
 952 0165 00       		.byte	0
 953 0166 00       		.byte	0
 954 0167 00       		.byte	0
 955              		.section	.gnu.debuglto_.debug_line,"e",%progbits
 956              	.Ldebug_line0:
 957 0000 63000000 		.4byte	.LELT0-.LSLT0
 958              	.LSLT0:
 959 0004 0500     		.2byte	0x5
 960 0006 04       		.byte	0x4
 961 0007 00       		.byte	0
 962 0008 5B000000 		.4byte	.LELTP0-.LASLTP0
 963              	.LASLTP0:
 964 000c 01       		.byte	0x1
 965 000d 01       		.byte	0x1
 966 000e 01       		.byte	0x1
 967 000f F6       		.byte	0xf6
 968 0010 F2       		.byte	0xf2
 969 0011 0D       		.byte	0xd
ARM GAS  C:\Users\Ridwane\AppData\Local\Temp\ccekzVeg.s 			page 18


 970 0012 00       		.byte	0
 971 0013 01       		.byte	0x1
 972 0014 01       		.byte	0x1
 973 0015 01       		.byte	0x1
 974 0016 01       		.byte	0x1
 975 0017 00       		.byte	0
 976 0018 00       		.byte	0
 977 0019 00       		.byte	0
 978 001a 01       		.byte	0x1
 979 001b 00       		.byte	0
 980 001c 00       		.byte	0
 981 001d 01       		.byte	0x1
 982 001e 01       		.byte	0x1
 983 001f 01       		.uleb128 0x1
 984 0020 1F       		.uleb128 0x1f
 985 0021 07       		.uleb128 0x7
 986 0022 2C010000 		.4byte	.LASF82
 987 0026 E0010000 		.4byte	.LASF83
 988 002a 6E010000 		.4byte	.LASF84
 989 002e 5D000000 		.4byte	.LASF85
 990 0032 8D000000 		.4byte	.LASF86
 991 0036 BC000000 		.4byte	.LASF87
 992 003a 0A000000 		.4byte	.LASF88
 993 003e 02       		.byte	0x2
 994 003f 01       		.uleb128 0x1
 995 0040 1F       		.uleb128 0x1f
 996 0041 02       		.uleb128 0x2
 997 0042 0B       		.uleb128 0xb
 998 0043 07       		.uleb128 0x7
 999 0044 A3010000 		.4byte	.LASF89
 1000 0048 00       		.byte	0
 1001 0049 1B010000 		.4byte	.LASF90
 1002 004d 05       		.byte	0x5
 1003 004e 00000000 		.4byte	.LASF91
 1004 0052 06       		.byte	0x6
 1005 0053 0D020000 		.4byte	.LASF92
 1006 0057 01       		.byte	0x1
 1007 0058 61010000 		.4byte	.LASF93
 1008 005c 03       		.byte	0x3
 1009 005d 13010000 		.4byte	.LASF94
 1010 0061 02       		.byte	0x2
 1011 0062 51010000 		.4byte	.LASF95
 1012 0066 04       		.byte	0x4
 1013              	.LELTP0:
 1014              	.LELT0:
 1015              		.section	.gnu.debuglto_.debug_str,"eMS",%progbits,1
 1016              	.LASF31:
 1017 0000 41484231 		.ascii	"AHB1LPENR\000"
 1017      4C50454E 
 1017      5200
 1018              	.LASF63:
 1019 000a 50434461 		.ascii	"PCData\000"
 1019      746100
 1020              	.LASF47:
 1021 0011 4F535045 		.ascii	"OSPEEDR\000"
 1021      45445200 
 1022              	.LASF21:
ARM GAS  C:\Users\Ridwane\AppData\Local\Temp\ccekzVeg.s 			page 19


 1023 0019 41504231 		.ascii	"APB1RSTR\000"
 1023      52535452 
 1023      00
 1024              	.LASF25:
 1025 0022 41484232 		.ascii	"AHB2ENR\000"
 1025      454E5200 
 1026              	.LASF28:
 1027 002a 41504231 		.ascii	"APB1ENR\000"
 1027      454E5200 
 1028              	.LASF66:
 1029 0032 50464461 		.ascii	"PFData\000"
 1029      746100
 1030              	.LASF5:
 1031 0039 73686F72 		.ascii	"short int\000"
 1031      7420696E 
 1031      7400
 1032              	.LASF53:
 1033 0043 73746D33 		.ascii	"stm32_gpio_t\000"
 1033      325F6770 
 1033      696F5F74 
 1033      00
 1034              	.LASF73:
 1035 0050 6770696F 		.ascii	"gpiop\000"
 1035      7000
 1036              	.LASF38:
 1037 0056 42444352 		.ascii	"BDCR\000"
 1037      00
 1038              	.LASF69:
 1039 005b 50494461 		.ascii	"PIData\000"
 1039      746100
 1040              	.LASF41:
 1041 0062 504C4C49 		.ascii	"PLLI2SCFGR\000"
 1041      32534346 
 1041      475200
 1042              	.LASF9:
 1043 006d 5F5F7569 		.ascii	"__uint32_t\000"
 1043      6E743332 
 1043      5F7400
 1044              	.LASF70:
 1045 0078 6770696F 		.ascii	"gpio_config_t\000"
 1045      5F636F6E 
 1045      6669675F 
 1045      7400
 1046              	.LASF8:
 1047 0086 5F5F7569 		.ascii	"__uint16_t\000"
 1047      6E743136 
 1047      5F7400
 1048              	.LASF40:
 1049 0091 53534347 		.ascii	"SSCGR\000"
 1049      5200
 1050              	.LASF49:
 1051 0097 42535252 		.ascii	"BSRR\000"
 1051      00
 1052              	.LASF33:
 1053 009c 41484233 		.ascii	"AHB3LPENR\000"
 1053      4C50454E 
 1053      5200
ARM GAS  C:\Users\Ridwane\AppData\Local\Temp\ccekzVeg.s 			page 20


 1054              	.LASF74:
 1055 00a6 636F6E66 		.ascii	"config\000"
 1055      696700
 1056              	.LASF16:
 1057 00ad 43464752 		.ascii	"CFGR\000"
 1057      00
 1058              	.LASF37:
 1059 00b2 52455345 		.ascii	"RESERVED5\000"
 1059      52564544 
 1059      3500
 1060              	.LASF46:
 1061 00bc 4F545950 		.ascii	"OTYPER\000"
 1061      455200
 1062              	.LASF26:
 1063 00c3 41484233 		.ascii	"AHB3ENR\000"
 1063      454E5200 
 1064              	.LASF61:
 1065 00cb 50414461 		.ascii	"PAData\000"
 1065      746100
 1066              	.LASF56:
 1067 00d2 6F737065 		.ascii	"ospeedr\000"
 1067      65647200 
 1068              	.LASF1:
 1069 00da 6C6F6E67 		.ascii	"long long int\000"
 1069      206C6F6E 
 1069      6720696E 
 1069      7400
 1070              	.LASF48:
 1071 00e8 50555044 		.ascii	"PUPDR\000"
 1071      5200
 1072              	.LASF75:
 1073 00ee 474E5520 		.ascii	"GNU C17 11.3.1 20220712 -mcpu=cortex-m4 -mthumb -mf"
 1073      43313720 
 1073      31312E33 
 1073      2E312032 
 1073      30323230 
 1074 0121 6C6F6174 		.ascii	"loat-abi=soft -march=armv7e-m -ggdb -O0 -fomit-fram"
 1074      2D616269 
 1074      3D736F66 
 1074      74202D6D 
 1074      61726368 
 1075 0154 652D706F 		.ascii	"e-pointer -falign-functions=16 -ffunction-sections "
 1075      696E7465 
 1075      72202D66 
 1075      616C6967 
 1075      6E2D6675 
 1076 0187 2D666461 		.ascii	"-fdata-sections -fno-common -flto\000"
 1076      74612D73 
 1076      65637469 
 1076      6F6E7320 
 1076      2D666E6F 
 1077              	.LASF7:
 1078 01a9 6C6F6E67 		.ascii	"long int\000"
 1078      20696E74 
 1078      00
 1079              	.LASF64:
 1080 01b2 50444461 		.ascii	"PDData\000"
ARM GAS  C:\Users\Ridwane\AppData\Local\Temp\ccekzVeg.s 			page 21


 1080      746100
 1081              	.LASF42:
 1082 01b9 5243435F 		.ascii	"RCC_TypeDef\000"
 1082      54797065 
 1082      44656600 
 1083              	.LASF45:
 1084 01c5 4D4F4445 		.ascii	"MODER\000"
 1084      5200
 1085              	.LASF22:
 1086 01cb 41504232 		.ascii	"APB2RSTR\000"
 1086      52535452 
 1086      00
 1087              	.LASF44:
 1088 01d4 636C6561 		.ascii	"clear\000"
 1088      7200
 1089              	.LASF67:
 1090 01da 50474461 		.ascii	"PGData\000"
 1090      746100
 1091              	.LASF2:
 1092 01e1 6C6F6E67 		.ascii	"long double\000"
 1092      20646F75 
 1092      626C6500 
 1093              	.LASF76:
 1094 01ed 2E2E2F2E 		.ascii	"../../chibios2111/os/hal/boards/ST_STM32F4_DISCOVER"
 1094      2E2F6368 
 1094      6962696F 
 1094      73323131 
 1094      312F6F73 
 1095 0220 592F626F 		.ascii	"Y/board.c\000"
 1095      6172642E 
 1095      6300
 1096              	.LASF4:
 1097 022a 756E7369 		.ascii	"unsigned char\000"
 1097      676E6564 
 1097      20636861 
 1097      7200
 1098              	.LASF29:
 1099 0238 41504232 		.ascii	"APB2ENR\000"
 1099      454E5200 
 1100              	.LASF3:
 1101 0240 7369676E 		.ascii	"signed char\000"
 1101      65642063 
 1101      68617200 
 1102              	.LASF11:
 1103 024c 6C6F6E67 		.ascii	"long long unsigned int\000"
 1103      206C6F6E 
 1103      6720756E 
 1103      7369676E 
 1103      65642069 
 1104              	.LASF13:
 1105 0263 75696E74 		.ascii	"uint32_t\000"
 1105      33325F74 
 1105      00
 1106              	.LASF55:
 1107 026c 6F747970 		.ascii	"otyper\000"
 1107      657200
 1108              	.LASF18:
ARM GAS  C:\Users\Ridwane\AppData\Local\Temp\ccekzVeg.s 			page 22


 1109 0273 41484232 		.ascii	"AHB2RSTR\000"
 1109      52535452 
 1109      00
 1110              	.LASF12:
 1111 027c 75696E74 		.ascii	"uint16_t\000"
 1111      31365F74 
 1111      00
 1112              	.LASF10:
 1113 0285 6C6F6E67 		.ascii	"long unsigned int\000"
 1113      20756E73 
 1113      69676E65 
 1113      6420696E 
 1113      7400
 1114              	.LASF80:
 1115 0297 73746D33 		.ascii	"stm32_gpio_init\000"
 1115      325F6770 
 1115      696F5F69 
 1115      6E697400 
 1116              	.LASF52:
 1117 02a7 41465248 		.ascii	"AFRH\000"
 1117      00
 1118              	.LASF15:
 1119 02ac 504C4C43 		.ascii	"PLLCFGR\000"
 1119      46475200 
 1120              	.LASF51:
 1121 02b4 4146524C 		.ascii	"AFRL\000"
 1121      00
 1122              	.LASF6:
 1123 02b9 73686F72 		.ascii	"short unsigned int\000"
 1123      7420756E 
 1123      7369676E 
 1123      65642069 
 1123      6E7400
 1124              	.LASF35:
 1125 02cc 41504231 		.ascii	"APB1LPENR\000"
 1125      4C50454E 
 1125      5200
 1126              	.LASF14:
 1127 02d6 63686172 		.ascii	"char\000"
 1127      00
 1128              	.LASF72:
 1129 02db 5F5F6561 		.ascii	"__early_init\000"
 1129      726C795F 
 1129      696E6974 
 1129      00
 1130              	.LASF43:
 1131 02e8 5F426F6F 		.ascii	"_Bool\000"
 1131      6C00
 1132              	.LASF32:
 1133 02ee 41484232 		.ascii	"AHB2LPENR\000"
 1133      4C50454E 
 1133      5200
 1134              	.LASF65:
 1135 02f8 50454461 		.ascii	"PEData\000"
 1135      746100
 1136              	.LASF20:
 1137 02ff 52455345 		.ascii	"RESERVED0\000"
ARM GAS  C:\Users\Ridwane\AppData\Local\Temp\ccekzVeg.s 			page 23


 1137      52564544 
 1137      3000
 1138              	.LASF23:
 1139 0309 52455345 		.ascii	"RESERVED1\000"
 1139      52564544 
 1139      3100
 1140              	.LASF27:
 1141 0313 52455345 		.ascii	"RESERVED2\000"
 1141      52564544 
 1141      3200
 1142              	.LASF30:
 1143 031d 52455345 		.ascii	"RESERVED3\000"
 1143      52564544 
 1143      3300
 1144              	.LASF34:
 1145 0327 52455345 		.ascii	"RESERVED4\000"
 1145      52564544 
 1145      3400
 1146              	.LASF77:
 1147 0331 433A5C43 		.ascii	"C:\\ChibiStudio\\workspace_user\\Falcon\000"
 1147      68696269 
 1147      53747564 
 1147      696F5C77 
 1147      6F726B73 
 1148              	.LASF39:
 1149 0356 52455345 		.ascii	"RESERVED6\000"
 1149      52564544 
 1149      3600
 1150              	.LASF50:
 1151 0360 4C4F434B 		.ascii	"LOCKR\000"
 1151      5200
 1152              	.LASF68:
 1153 0366 50484461 		.ascii	"PHData\000"
 1153      746100
 1154              	.LASF24:
 1155 036d 41484231 		.ascii	"AHB1ENR\000"
 1155      454E5200 
 1156              	.LASF79:
 1157 0375 73746D33 		.ascii	"stm32_clock_init\000"
 1157      325F636C 
 1157      6F636B5F 
 1157      696E6974 
 1157      00
 1158              	.LASF57:
 1159 0386 70757064 		.ascii	"pupdr\000"
 1159      7200
 1160              	.LASF81:
 1161 038c 6770696F 		.ascii	"gpio_init\000"
 1161      5F696E69 
 1161      7400
 1162              	.LASF59:
 1163 0396 61667268 		.ascii	"afrh\000"
 1163      00
 1164              	.LASF60:
 1165 039b 6770696F 		.ascii	"gpio_setup_t\000"
 1165      5F736574 
 1165      75705F74 
ARM GAS  C:\Users\Ridwane\AppData\Local\Temp\ccekzVeg.s 			page 24


 1165      00
 1166              	.LASF58:
 1167 03a8 6166726C 		.ascii	"afrl\000"
 1167      00
 1168              	.LASF54:
 1169 03ad 6D6F6465 		.ascii	"moder\000"
 1169      7200
 1170              	.LASF17:
 1171 03b3 41484231 		.ascii	"AHB1RSTR\000"
 1171      52535452 
 1171      00
 1172              	.LASF19:
 1173 03bc 41484233 		.ascii	"AHB3RSTR\000"
 1173      52535452 
 1173      00
 1174              	.LASF62:
 1175 03c5 50424461 		.ascii	"PBData\000"
 1175      746100
 1176              	.LASF0:
 1177 03cc 756E7369 		.ascii	"unsigned int\000"
 1177      676E6564 
 1177      20696E74 
 1177      00
 1178              	.LASF71:
 1179 03d9 626F6172 		.ascii	"boardInit\000"
 1179      64496E69 
 1179      7400
 1180              	.LASF36:
 1181 03e3 41504232 		.ascii	"APB2LPENR\000"
 1181      4C50454E 
 1181      5200
 1182              	.LASF78:
 1183 03ed 6770696F 		.ascii	"gpio_default_config\000"
 1183      5F646566 
 1183      61756C74 
 1183      5F636F6E 
 1183      66696700 
 1184              		.section	.gnu.debuglto_.debug_line_str,"eMS",%progbits,1
 1185              	.LASF91:
 1186 0000 5F737464 		.ascii	"_stdint.h\000"
 1186      696E742E 
 1186      6800
 1187              	.LASF88:
 1188 000a 633A5C63 		.ascii	"c:\\chibistudio\\tools\\gnu tools arm embedded\\11."
 1188      68696269 
 1188      73747564 
 1188      696F5C74 
 1188      6F6F6C73 
 1189 0039 33203230 		.ascii	"3 2022.08\\arm-none-eabi\\include\\sys\000"
 1189      32322E30 
 1189      385C6172 
 1189      6D2D6E6F 
 1189      6E652D65 
 1190              	.LASF85:
 1191 005d 2E2E2F2E 		.ascii	"../../chibios2111/os/hal/ports/STM32/LLD/GPIOv2\000"
 1191      2E2F6368 
 1191      6962696F 
ARM GAS  C:\Users\Ridwane\AppData\Local\Temp\ccekzVeg.s 			page 25


 1191      73323131 
 1191      312F6F73 
 1192              	.LASF86:
 1193 008d 2E2E2F2E 		.ascii	"../../chibios2111/os/hal/ports/STM32/STM32F4xx\000"
 1193      2E2F6368 
 1193      6962696F 
 1193      73323131 
 1193      312F6F73 
 1194              	.LASF87:
 1195 00bc 633A5C63 		.ascii	"c:\\chibistudio\\tools\\gnu tools arm embedded\\11."
 1195      68696269 
 1195      73747564 
 1195      696F5C74 
 1195      6F6F6C73 
 1196 00eb 33203230 		.ascii	"3 2022.08\\arm-none-eabi\\include\\machine\000"
 1196      32322E30 
 1196      385C6172 
 1196      6D2D6E6F 
 1196      6E652D65 
 1197              	.LASF94:
 1198 0113 626F6172 		.ascii	"board.c\000"
 1198      642E6300 
 1199              	.LASF90:
 1200 011b 5F646566 		.ascii	"_default_types.h\000"
 1200      61756C74 
 1200      5F747970 
 1200      65732E68 
 1200      00
 1201              	.LASF82:
 1202 012c 433A5C43 		.ascii	"C:\\ChibiStudio\\workspace_user\\Falcon\000"
 1202      68696269 
 1202      53747564 
 1202      696F5C77 
 1202      6F726B73 
 1203              	.LASF95:
 1204 0151 68616C5F 		.ascii	"hal_lld_type1.h\000"
 1204      6C6C645F 
 1204      74797065 
 1204      312E6800 
 1205              	.LASF93:
 1206 0161 73746D33 		.ascii	"stm32_gpio.h\000"
 1206      325F6770 
 1206      696F2E68 
 1206      00
 1207              	.LASF84:
 1208 016e 2E2E2F2E 		.ascii	"../../chibios2111/os/hal/boards/ST_STM32F4_DISCOVER"
 1208      2E2F6368 
 1208      6962696F 
 1208      73323131 
 1208      312F6F73 
 1209 01a1 5900     		.ascii	"Y\000"
 1210              	.LASF89:
 1211 01a3 2E2E2F2E 		.ascii	"../../chibios2111/os/hal/boards/ST_STM32F4_DISCOVER"
 1211      2E2F6368 
 1211      6962696F 
 1211      73323131 
 1211      312F6F73 
ARM GAS  C:\Users\Ridwane\AppData\Local\Temp\ccekzVeg.s 			page 26


 1212 01d6 592F626F 		.ascii	"Y/board.c\000"
 1212      6172642E 
 1212      6300
 1213              	.LASF83:
 1214 01e0 2E2E2F2E 		.ascii	"../../chibios2111/os/common/ext/ST/STM32F4xx\000"
 1214      2E2F6368 
 1214      6962696F 
 1214      73323131 
 1214      312F6F73 
 1215              	.LASF92:
 1216 020d 73746D33 		.ascii	"stm32f407xx.h\000"
 1216      32663430 
 1216      3778782E 
 1216      6800
 1217              		.text
 1218              		.section	.gnu.lto_.inline.98e54bb7,"e",%progbits
 1219 0000 789CFBC2 		.ascii	"x\234\373\302\200\000,\014\014\202\015@\300\224\316"
 1219      80002C0C 
 1219      0C820D40 
 1219      C094CE
 1220 000f C0C02407 		.ascii	"\300\300$\007c\26104\002YuL\014L 5\214\014:@\336\007"
 1220      63B13034 
 1220      0259754C 
 1220      0C4C2035 
 1220      8C0C3A40 
 1221 0025 E64CDC4A 		.ascii	"\346L\334J\230y\200\004\210\305Hu\026\003+\320\236\007"
 1221      98798004 
 1221      88C54875 
 1221      16032BD0 
 1221      9E07
 1222 0037 60F73181 		.ascii	"`\3671\201-O\301p\037\027\202da`\206)\302\245\234\001"
 1222      2D4FC170 
 1222      1F178264 
 1222      61608629 
 1222      C2A59C01 
 1223 004b 00D27820 		.ascii	"\000\322x t"
 1223      74
 1224              		.text
 1225              		.section	.gnu.lto_.jmpfuncs.98e54bb7,"e",%progbits
 1226 0000 789C6362 		.ascii	"x\234cb@\006\000\000*\000\003"
 1226      40060000 
 1226      2A0003
 1227              		.text
 1228              		.section	.gnu.lto_.ipa_modref.98e54bb7,"e",%progbits
 1229 0000 789C6362 		.ascii	"x\234cb@\006\000\000*\000\003"
 1229      40060000 
 1229      2A0003
 1230              		.text
 1231              		.section	.gnu.lto_.lto.98e54bb7,"e",%progbits
 1232 0000 0B000300 		.ascii	"\013\000\003\000\001\000\000\000"
 1232      01000000 
 1233              		.text
 1234              		.section	.gnu.lto_gpio_default_config.384.98e54bb7,"e",%progbits
 1235 0000 789CBBC6 		.ascii	"x\234\273\306\310\300\000D`\300\312\310\246\301\010"
 1235      C8C00044 
 1235      60C0CAC8 
 1235      A6C108
ARM GAS  C:\Users\Ridwane\AppData\Local\Temp\ccekzVeg.s 			page 27


 1236 000f 21FFFF67 		.ascii	"!\377\377g\206\322\377\377\363\2632\3327u4\310\324\327"
 1236      86D2FFFF 
 1236      F3B332DA 
 1236      377534C8 
 1236      D4D7
 1237 0021 6E67ACDE 		.ascii	"ng\254\336\316X\271\223\261|;c\351\016\306\342\355\214"
 1237      CE58B993 
 1237      B17C3B63 
 1237      E90EC6E2 
 1237      ED8C
 1238 0033 85DB1969 		.ascii	"\205\333\031i&\011\264\375\000\003\\\315>\\j\376\313"
 1238      2609B4FD 
 1238      00035CCD 
 1238      3E5C6AFE 
 1238      CB
 1239 0044 83A9AB0B 		.ascii	"\203\251\253\013\2562\201\031\015M\015+X\341\332\016"
 1239      AE328119 
 1239      0D4D0D2B 
 1239      58E1DA0E 
 1240 0054 C1B41D64 		.ascii	"\301\264\035d,=\200\254\255\241G\002B\003\001\033\230"
 1240      2C3D80AC 
 1240      ADA14702 
 1240      4203011B 
 1240      98
 1241 0065 7565D594 		.ascii	"ue\325\224E\254`VcC\223 \334\204\3430\023\216\201->"
 1241      45AC6056 
 1241      63439320 
 1241      DC84E330 
 1241      138E812D 
 1242 007a CA587884 		.ascii	"\312Xx\204\021\246S\001\314\230\332ut\025D\343\001\026"
 1242      11A65301 
 1242      CC98DA75 
 1242      741544E3 
 1242      0116
 1243 008c 88CC4105 		.ascii	"\210\314A\005\270\3663\214\325\247\301\332O\201\265"
 1243      B8F6338C 
 1243      D5A7C1DA 
 1243      4F81B5
 1244 009b 9F642CDC 		.ascii	"\237d,\334\007\325~E\013j\314\015\250\356+\015-\015"
 1244      07D57E45 
 1244      0B6ACC0D 
 1244      A8EE2B0D 
 1244      2D0D
 1245 00ad 1003FE5F 		.ascii	"\020\003\376_\377\007\012u\260\252&\220\277\240\206"
 1245      FF070A75 
 1245      B0AA2690 
 1245      BFA086
 1246 00bc 5D02BBE5 		.ascii	"]\002\273\345\"c\371\005\260a\347\031\013\317\201\245"
 1246      2263F905 
 1246      B061E719 
 1246      0BCF81A5 
 1247 00cc 52F2732F 		.ascii	"R\362s/3f\237e\314<\301\230~\2301u?c\362^\306\304=\214"
 1247      33669F65 
 1247      CC3CC198 
 1247      7E983175 
 1247      3F63F25E 
 1248 00e4 F1BB1963 		.ascii	"\361\273\031cw12\000\000\352\225\232\277"
ARM GAS  C:\Users\Ridwane\AppData\Local\Temp\ccekzVeg.s 			page 28


 1248      77313200 
 1248      00EA959A 
 1248      BF
 1249              		.text
 1250              		.section	.gnu.lto_gpio_init.385.98e54bb7,"e",%progbits
 1251 0000 789C7DD2 		.ascii	"x\234}\322Oh\323P\034\007\360\337\367\345_\247\036t"
 1251      4F68D350 
 1251      1C07F0DF 
 1251      F7E55FA7 
 1251      1E74
 1252 0012 E2C1930A 		.ascii	"\342\301\223\012z\264\241\233T\021<U\007\012\"\330\251"
 1252      7AB4A19B 
 1252      54113C55 
 1252      070A22D8 
 1252      A9
 1253 0023 0C2B254B 		.ascii	"\014+%K\273..3\265\261\3540f\237s\242\354\240\350\301"
 1253      BB2E2E33 
 1253      B5B1EC30 
 1253      669F73A2 
 1253      ECA0E8C1 
 1254 0037 E3C60461 		.ascii	"\343\306\004a\007\301\3536\246\226\311\020\221\341\337"
 1254      07C1EB36 
 1254      A696C910 
 1254      91E1DF
 1255 0046 5A65174F 		.ascii	"Ze\027O\036\274\351I\231\020\177md\016\014y\344\027"
 1255      1EBCE949 
 1255      99107F6D 
 1255      640E0C79 
 1255      E417
 1256 0058 DECBEF97 		.ascii	"\336\313\357\227O~/\274O\202h\202\210\366p\220B\270"
 1256      4F7E2FBC 
 1256      4F826882 
 1256      88F67090 
 1256      42B8
 1257 006a 77775250 		.ascii	"wwRP\020\0045U\340\332^<A{\016\252\011\3240\243\230"
 1257      10043555 
 1257      E0DA5E3C 
 1257      417B0EAA 
 1257      09D430A3 
 1258 007f 52CA9F37 		.ascii	"R\312\2377\356O?4\344l\035\337\210j\324\036\032\364"
 1258      EE4F3F34 
 1258      E46C1DDF 
 1258      886AD41E 
 1258      1AF4
 1259 0091 ED50F9BE 		.ascii	"\355P\371\276\003\2735$\006h\177]\3127+sRv\320\330\002"
 1259      03BB3524 
 1259      06687F5D 
 1259      CA372B73 
 1259      5276D0D8 
 1260 00a6 6AF39803 		.ascii	"j\363\230\003\221\200\273\232\340\364\3250}\353\372"
 1260      9180BB9A 
 1260      E0F4D530 
 1260      7DEBFA
 1261 00b5 4DB9551D 		.ascii	"M\271U\035]\\O\013\367k\202hs\250\362\003z\374N\253"
 1261      5D5C4F0B 
 1261      F76B8268 
 1261      73A8F203 
ARM GAS  C:\Users\Ridwane\AppData\Local\Temp\ccekzVeg.s 			page 29


 1261      7AFC4EAB 
 1262 00c9 CBDFC11D 		.ascii	"\313\337\301\035)\227w\336n\252\235 \241\010\016\205"
 1262      299777DE 
 1262      6EAA9D20 
 1262      A1080E85 
 1263 00d9 43E5D038 		.ascii	"C\345\3208t\016\203\243\003X\304&`\201_\234RZ{h\217"
 1263      740E83A3 
 1263      0358C426 
 1263      60815F9C 
 1263      525A7B68 
 1264 00ee 5DBC9C56 		.ascii	"]\274\234V\304\277%hM\214?\375\365\341\201\241\200\033"
 1264      C4BF2568 
 1264      4D8C3FFD 
 1264      F5E181A1 
 1264      801B
 1265 0100 1E0537FF 		.ascii	"\036\0057\377\010\274\257\304\210\373\014\224\236\340"
 1265      08BCAFC4 
 1265      88FB0C94 
 1265      9EE0
 1266 010e 59B50E9F 		.ascii	"Y\265\016\237?\277&\226~L6\004W\215\255W\315n\271|q"
 1266      3FBF2696 
 1266      7E4C3604 
 1266      578DAD57 
 1266      CD6EB97C 
 1267 0123 89CB66B8 		.ascii	"\211\313f\270\314{\216a\376k\2418\337`QDX\313\030\332"
 1267      CC7B8E61 
 1267      FE6BA138 
 1267      DF605144 
 1267      58CB18DA 
 1268 0137 68FDAFBC 		.ascii	"h\375\257\274\200\303\212\010\373j)J\204\362\022\245"
 1268      80C38A08 
 1268      FB6A294A 
 1268      84F212A5 
 1269 0147 78E5158A 		.ascii	"x\345\025\212\254(a/\037YQ#\224\025\330\361\312kX\254"
 1269      AC28612F 
 1269      1F595123 
 1269      9415D8F1 
 1269      CA6B58AC 
 1270 015b A8612F2D 		.ascii	"\250a/-E\213P\336\"\037\257\274\307\005V\264\260\227"
 1270      458B50DE 
 1270      221FAFBC 
 1270      C70556B4 
 1270      B097
 1271 016d 262B7A84 		.ascii	"&+z\204\322\300\371x\245\211>V\364\260\227\226bD(\237"
 1271      D2C0F978 
 1271      A5893E56 
 1271      F4B09796 
 1271      6244289F 
 1272 0181 712E5E59 		.ascii	"q.^Y\305\031V\014\012\304\370\227\357'\332\247uJ\301"
 1272      C519560C 
 1272      0AC4F897 
 1272      EF27DAA7 
 1272      754AC1
 1273 0194 C6E341B4 		.ascii	"\306\343A\264/s8\227\031t\372\235\354\225j\301\361r"
 1273      2F733897 
 1273      1974FA9D 
 1273      EC956AC1 
ARM GAS  C:\Users\Ridwane\AppData\Local\Temp\ccekzVeg.s 			page 30


 1273      F172
 1274 01a6 235E65C8 		.ascii	"#^e\310/[v1_\365\213\225\\\217\345\332\336%:\222L\232"
 1274      2F5B7631 
 1274      5FF58B95 
 1274      5C8FE5DA 
 1274      DE253A92 
 1275 01bc 7CD9AD42 		.ascii	"|\331\255B\317\357J\245R\246\347\233\203\226k\366{V"
 1275      CFEF4AA5 
 1275      52A6E79B 
 1275      83966BF6 
 1275      7B56
 1276 01ce A5E09BD9 		.ascii	"\245\340\233\331\336|\266\367dwW\317\201\374\321\343"
 1276      DE7CB6F7 
 1276      647757CF 
 1276      81FCD1E3 
 1277 01de D9CCA9B3 		.ascii	"\331\314\251\263\307N\367\205\271\244MZ\251\354x\345"
 1277      C74EF785 
 1277      B9A44D5A 
 1277      A9EC78E5 
 1278 01ee 6D7F97C9 		.ascii	"m\177\227\311\356\302\301t1]8D:\323\003N\351\017<\313"
 1278      EEC2C174 
 1278      315D3844 
 1278      3AD3034E 
 1278      E90F3CCB 
 1279 0202 2742     		.ascii	"'B"
 1280              		.text
 1281              		.section	.gnu.lto_stm32_gpio_init.386.98e54bb7,"e",%progbits
 1282 0000 789C6D94 		.ascii	"x\234m\224oH\023a\034\307\237\337\363\334\346\346\324"
 1282      6F481361 
 1282      1CC79FDF 
 1282      F3DCE6E6 
 1282      D4
 1283 0011 3942C157 		.ascii	"9B\301W\031\021\010\206k\026\022A\257,\241\027&9+$i"
 1283      19110886 
 1283      6B161241 
 1283      AF2CA117 
 1283      26392B24 
 1284 0026 CCA9B95C 		.ascii	"\314\251\271\\M\235fA\262\323\234\312\012J\023\363E"
 1284      4D9D6641 
 1284      B2D39CCA 
 1284      0A4A13F3 
 1284      45
 1285 0037 98BE087C 		.ascii	"\230\276\010|\021$\275i\031\255%\021\205D\364\217\312"
 1285      1124BD69 
 1285      19AD2511 
 1285      8544F48F 
 1285      CA
 1286 0048 024DA824 		.ascii	"\002M\250$*\206IXY\353ww\343\236;\327qw\337\337\335"
 1286      2A864958 
 1286      59EB7777 
 1286      E39E3BD7 
 1286      7177DFDF 
 1287 005d F3FB7EBE 		.ascii	"\363\373~\276\317=<\334\240\201\220\026B\310v\274\210"
 1287      CF3D3CDC 
 1287      A0819016 
 1287      42C876BC 
 1287      88
ARM GAS  C:\Users\Ridwane\AppData\Local\Temp\ccekzVeg.s 			page 31


 1288 006e 81C0E040 		.ascii	"\201\300\340@\230\222D\"\021\024(\\\304\032n\202\374"
 1288      98924422 
 1288      1114285C 
 1288      C41A6E82 
 1288      FC
 1289 007f C4606820 		.ascii	"\304`h ]\256\004\350\022\344\002H\2202\001\2020\316"
 1289      5DAE04E8 
 1289      12E40248 
 1289      90320182 
 1289      30CE
 1290 0091 ECA228AE 		.ascii	"\354\242(\256\204\206\247\256\246\211\0231\370LH\220"
 1290      8486A7AE 
 1290      A6891331 
 1290      F84C4890 
 1291 00a1 240F8B52 		.ascii	"$\017\213R\003!\324\000\306u \340=\007\362\015`j \205"
 1291      0321D400 
 1291      C67520E0 
 1291      3D07F20D 
 1291      606A2085 
 1292 00b5 B12E311E 		.ascii	"\261.1\036\375\020\037\203\207\242Pp\033\202Sp\013d"
 1292      FD101F83 
 1292      87A25070 
 1292      1B825370 
 1292      0B64
 1293 00c7 170EFBE4 		.ascii	"\027\016\373\344\341\311\273\241\276pvO~\301\035\315"
 1293      E1C9BBA1 
 1293      BE70764F 
 1293      7EC11DCD 
 1294 00d7 E8F56786 		.ascii	"\350\365g\206\230\270\2328/\212\257\012gV\027\314\033"
 1294      98B89A38 
 1294      2F8AAF0A 
 1294      675617CC 
 1294      1B
 1295 00e8 8150A084 		.ascii	"\201P\240\204R\206*\240\032P\215\250i\250&T3j:^\026"
 1295      52862AA0 
 1295      1A508DA8 
 1295      69A82654 
 1295      336A3A5E 
 1296 00fd AC335033 		.ascii	"\2543P3Q\263P\255\250\331\2506\324\034\274r\261\316"
 1296      51B350AD 
 1296      A8D9A836 
 1296      D41CBC72 
 1296      B1CE
 1297 010f 43256494 		.ascii	"C%d\224I\213 \037\3531\364\012\243\374\021\310o\332"
 1297      498B201F 
 1297      EB31F40A 
 1297      A3FC11C8 
 1297      6FDA
 1298 0121 BD1C992B 		.ascii	"\275\034\231+f`\354\0041\336/\012\370f:jf\322'v\002"
 1298      6660EC04 
 1298      31DE2F0A 
 1298      F8663A6A 
 1298      66D22776 
 1299 0136 CEFE1AE0 		.ascii	"\316\376\032\340\202\230N\235\216\001)\331\320q\017"
 1299      82984E9D 
 1299      8E0129D9 
 1299      D0710F
ARM GAS  C:\Users\Ridwane\AppData\Local\Temp\ccekzVeg.s 			page 32


 1300 0145 DA71D692 		.ascii	"\332q\326\222\311\304\030D%\377\231\241>`\002\243\306"
 1300      C9C41844 
 1300      25FF99A1 
 1300      3E6002A3 
 1300      C6
 1301 0156 024830C9 		.ascii	"\002H0\311\275\024\006\325vR\261\335\227lLH\032\015"
 1301      BD1406D5 
 1301      7652B1DD 
 1301      976C4C48 
 1301      1A0D
 1302 0168 8A518A31 		.ascii	"\212Q\2121\252\235mJ\347\003M@Z2`\004\003L\314\210\001"
 1302      AA9D6D4A 
 1302      E7034D40 
 1302      5A326004 
 1302      034CCC88 
 1303 017d B85409EB 		.ascii	"\270T\011\353\332\214f\305\371H\3160%\275f\236\221\243"
 1303      DA8C66C5 
 1303      F948CE30 
 1303      25BD669E 
 1303      91A3
 1304 018f 76FAA4CE 		.ascii	"v\372\244\316q\254:f\324\230\327s\224\245\363f\213\332"
 1304      71AC3A66 
 1304      D498D773 
 1304      94A5F366 
 1304      8BDA
 1305 01a1 7C54C13E 		.ascii	"|T\301>\206\200:\241\014\315\027g2\013L\303\332\271"
 1305      86803AA1 
 1305      0CCD1767 
 1305      320B4CC3 
 1305      DAB9
 1306 01b3 3428A627 		.ascii	"4(\246'\222\211e\022i\271\231f\271A\341d\361<\253j\255"
 1306      92896512 
 1306      69B99966 
 1306      B941E164 
 1306      F13CAB6A 
 1307 01c8 55AC4FA1 		.ascii	"U\254O\241E\315\313\326\344\331\230\365?y\207\025\323"
 1307      45CDCBD6 
 1307      E4D998F5 
 1307      3F798715 
 1307      D3
 1308 01d9 73C9C46C 		.ascii	"s\311\304lr\236\240\311\023\024N.\317\313S\255\225\352"
 1308      729EA0C9 
 1308      13144E2E 
 1308      CFCB53AD 
 1308      95EA
 1309 01eb 62BC9423 		.ascii	"b\274\224#\377\320\320\374\260\205\204\201\372\217\021"
 1309      FFD0D0FC 
 1309      B0858481 
 1309      FA8F11
 1310 01fa 626CC22E 		.ascii	"bl\302.\334\016\270\015\274\3226\010\243\036\221\267"
 1310      DC0EB80D 
 1310      BCD23608 
 1310      A31E91B7 
 1311 020a 83503F0B 		.ascii	"\203P?\013o\244W%=\2428\261\331\363\026\334\004]\275"
 1311      6FA45725 
 1311      3DA238B1 
 1311      D9F316DC 
ARM GAS  C:\Users\Ridwane\AppData\Local\Temp\ccekzVeg.s 			page 33


 1311      045DBD
 1312 021d A2B808AE 		.ascii	"\242\270\010\256w\020\001j\223Y\227u\254~\231\245\245"
 1312      7710016A 
 1312      93599775 
 1312      AC7E99A5 
 1312      A5
 1313 022e CCEB28EF 		.ascii	"\314\353(\357\341\020\247,p\312\015\035\345B\012\345"
 1313      E110A72C 
 1313      70CA0D1D 
 1313      E5420AE5 
 1314 023e A38EF209 		.ascii	"\243\216\362\011\2529e\221S\":\312H\012\345\213\216"
 1314      AA396591 
 1314      53223ACA 
 1314      480AE58B 
 1314      8E
 1315 024f F2150E72 		.ascii	"\362\025\016r\3127N\211\352(c)\224%\035\345;\354\347"
 1315      CA374E89 
 1315      EA286329 
 1315      94251DE5 
 1315      3BECE7
 1316 0262 94654E79 		.ascii	"\224eNy\241\243L\244PVt\224\237\340\344\224_\2342\253"
 1316      A1A34CA4 
 1316      50567494 
 1316      9FE0E494 
 1316      5F9C32AB 
 1317 0276 A34CA650 		.ascii	"\243L\246P\376\352(\011\330\307)\"U)q\035%\222B\351"
 1317      FEEA2809 
 1317      D8C72922 
 1317      5529711D 
 1317      259242E9 
 1318 028a A15A4A88 		.ascii	"\241ZJ\210VpJ/\247\374\320Qb)\224\260\216r\226\226s"
 1318      56704A2F 
 1318      A7FCD051 
 1318      622994B0 
 1318      8E729696 
 1319 029f CA398592 		.ascii	"\3129\205\222\240\335\363\227\366\312\177\304Q\006\332"
 1319      A0DDF397 
 1319      F6CA7FC4 
 1319      5106DA
 1320 02ae DF15219B 		.ascii	"\337\025!\233Jw\324\2246zk\275\316\266\366:\257\277"
 1320      4A77D494 
 1320      367A6BBD 
 1320      CEB6F63A 
 1320      AFBF
 1321 02c0 A6C3DFDA 		.ascii	"\246\303\337\332\024hv{\352]\355\201\372\326\2322\267"
 1321      1468767B 
 1321      EA5DED81 
 1321      FAD69A32 
 1321      B7
 1322 02d1 CFE33F4E 		.ascii	"\317\343?Nv\026\025\331\361\364H\215\376@\261\303\341"
 1322      761615D9 
 1322      F1F4488D 
 1322      FE40B1C3 
 1322      E1
 1323 02e2 B0FB03F6 		.ascii	"\260\373\003\366F\267\317^\353w\267\326\005\354\316"
 1323      46B7CF5E 
 1323      EB77B7D6 
ARM GAS  C:\Users\Ridwane\AppData\Local\Temp\ccekzVeg.s 			page 34


 1323      05ECCE
 1324 02f1 2A97B3AA 		.ascii	"*\227\263\252|kq\3316\327\256=\316\322\212\003\273+"
 1324      7C6B71D9 
 1324      36D7AE3D 
 1324      CED28A03 
 1324      BB2B
 1325 0303 AB95B122 		.ascii	"\253\225\261\"\0171\234\360\373\212\266\310w\307?\015"
 1325      0F319CF0 
 1325      FB8AB6C8 
 1325      77C73F0D 
 1326 0313 FEDF46   		.ascii	"\376\337F"
 1327              		.text
 1328              		.section	.gnu.lto___early_init.387.98e54bb7,"e",%progbits
 1329 0000 789C9BCA 		.ascii	"x\234\233\312\300\300\220\012\304\212@\314\300\314\300"
 1329      C0C0900A 
 1329      C48A40CC 
 1329      C0CCC0
 1330 000f 38696217 		.ascii	"8ib\027\023\303\377\377\377\353Y\230\030\033U\030\267"
 1330      13C3FFFF 
 1330      FFEB5998 
 1330      181B5518 
 1330      B7
 1331 0020 3382D98C 		.ascii	"3\202\331\214\014\365L\214\365\214\013\231\365\033\032"
 1331      0CF54C8C 
 1331      F58C0B99 
 1331      F51B1A
 1332 002f 1A7EB44E 		.ascii	"\032~\264N[u\234\261a\305\001\306W\014\014\365\014P"
 1332      5B759CB1 
 1332      61C501C6 
 1332      570C0CF5 
 1332      0C50
 1333 0041 C00D6133 		.ascii	"\300\015a3\002\361\372K\254\007\032\376\374\357oh8\373"
 1333      02F1FA4B 
 1333      AC071AFE 
 1333      FCEF6F68 
 1333      38FB
 1334 0053 98719D3A 		.ascii	"\230q\235:\013\003\303<f\220\231` \017T1\237\231\011"
 1334      0B03C33C 
 1334      66909960 
 1334      200F5431 
 1334      9F9909
 1335 0066 C16564F8 		.ascii	"\301ed\370\313\324\374\340\3469F\206.F\246\332j\006"
 1335      CBD4FCE0 
 1335      E6394686 
 1335      2E46A6DA 
 1335      6A06
 1336 0078 062666B0 		.ascii	"\006&f\260\310->\260@9X\340?S\323\203\273~`\213\346"
 1336      C82D3EB0 
 1336      403958E0 
 1336      3F53D383 
 1336      BB7E608B 
 1337 008d 3133229B 		.ascii	"13\"\233\305\300\240\352l\025\343\234\221\231\224\031"
 1337      C5C0A0EA 
 1337      6C15E39C 
 1337      91999419 
 1338 009d 5C529A92 		.ascii	"\\R\232\222\231\037S\236_\224]\\\220\230\234\032_Z\234"
 1338      991F539E 
ARM GAS  C:\Users\Ridwane\AppData\Local\Temp\ccekzVeg.s 			page 35


 1338      5F945D5C 
 1338      90989C1A 
 1338      5F5A9C
 1339 00b0 5A14E396 		.ascii	"Z\024\343\226\230\223\234\237\307`\253\247\247\017D"
 1339      98939C9F 
 1339      C760ABA7 
 1339      A70F44
 1340 00bf C92085F9 		.ascii	"\311 \205\371\305F\206\206\206\372\371\305\372\031\211"
 1340      C5468686 
 1340      86FAF9C5 
 1340      FA1989
 1341 00ce 39FA49F9 		.ascii	"9\372I\371\211E)\305\372\301!\361\301!\276\306Fn&\361"
 1341      894529C5 
 1341      FAC121F1 
 1341      C121BEC6 
 1341      466E26F1 
 1342 00e2 2E9EC1CE 		.ascii	".\236\301\316\376a\256A\221\0209\275d\006\000\262\270"
 1342      FE61AE41 
 1342      911039BD 
 1342      640600B2 
 1342      B8
 1343 00f3 6830     		.ascii	"h0"
 1344              		.text
 1345              		.section	.gnu.lto_boardInit.388.98e54bb7,"e",%progbits
 1346 0000 789C2B60 		.ascii	"x\234+```H\005bE f`f`\2344\261\213\211\341\377\377\377"
 1346      60604805 
 1346      62452066 
 1346      6066609C 
 1346      34B18B89 
 1347 0018 F52C4C8C 		.ascii	"\365,L\214\215*\214\333\031\301lF\206z&\306z\306\205"
 1347      8D2A8CDB 
 1347      19C16C46 
 1347      867A26C6 
 1347      7AC685
 1348 002b CCFA0D0D 		.ascii	"\314\372\015\015\015?Z\247\3158\311\330\260\342\000"
 1348      0D3F5AA7 
 1348      CD38C9D8 
 1348      B0E200
 1349 003a E32B0686 		.ascii	"\343+\006\206z\006(\340\206\260\031\201x\375%\326\003"
 1349      7A0628E0 
 1349      86B01981 
 1349      78FD25D6 
 1349      03
 1350 004b 0D7FFEF7 		.ascii	"\015\177\376\36774|}\3048K\223\211\201a\0363\310L0\220"
 1350      37347C7D 
 1350      C4384B93 
 1350      8981611E 
 1350      33C84C30 
 1351 0060 07AA98CF 		.ascii	"\007\252\230\317\314\204\34022\374gjR\000\2331\217\231"
 1351      CC84E032 
 1351      32FC676A 
 1351      52009B31 
 1351      8F99
 1352 0072 11591903 		.ascii	"\021Y\031\003\203\252\263U\214sFfRfpIiJf~Ly~QvqAbrj"
 1352      83AAB355 
 1352      8C734666 
 1352      52667049 
ARM GAS  C:\Users\Ridwane\AppData\Local\Temp\ccekzVeg.s 			page 36


 1352      694A667E 
 1353 0090 7C69716A 		.ascii	"|iqjQ\214[bNr~\036\203\255\236\236>\020%\203\024\346"
 1353      518C5B62 
 1353      4E727E1E 
 1353      83AD9E9E 
 1353      3E102583 
 1354 00a6 171B191A 		.ascii	"\027\033\031\032\032\352\347\027\353g$\346\350'\345"
 1354      1AEAE717 
 1354      EB6724E6 
 1354      E827E5
 1355 00b5 2716A514 		.ascii	"'\026\245\024\353\007\207\304\007\207\370\032\033\271"
 1355      EB0787C4 
 1355      0787F81A 
 1355      1BB9
 1356 00c3 99C4BB78 		.ascii	"\231\304\273x\006;\373\207\271\006EB\344\364\222\031"
 1356      063BFB87 
 1356      B9064542 
 1356      E4F49219 
 1357 00d3 008C095B 		.ascii	"\000\214\011[\277"
 1357      BF
 1358              		.text
 1359              		.section	.gnu.lto_.symbol_nodes.98e54bb7,"e",%progbits
 1360 0000 789C7590 		.ascii	"x\234u\220\261\015\302P\014D\317\377H\013R\026\240`"
 1360      B10DC250 
 1360      0C44CFFF 
 1360      480B5216 
 1360      A060
 1361 0012 9330986D 		.ascii	"\2230\230m~B\315\016\254\201h\322\263D\006\001\005Q"
 1361      7E42CD0E 
 1361      AC8168D2 
 1361      B3440601 
 1361      0551
 1362 0024 FC138ABB 		.ascii	"\374\023\212\273\247\347\223O\036\014@I:\336\2779\332"
 1362      A7E7934F 
 1362      1E0C4049 
 1362      3ADEBF39 
 1362      DA
 1363 0035 ED0538F0 		.ascii	"\355\0058\360\310\314\340\252/t\333\326]\260\\\007\200"
 1363      C8CCE0AA 
 1363      2F74DBD6 
 1363      5DB05C07 
 1363      80
 1364 0046 A5D2F9B7 		.ascii	"\245\322\371\267\367\314\374\336\030\351\273-i\023\275"
 1364      F7CCFCDE 
 1364      18E9BB2D 
 1364      6913BD
 1365 0055 530944C4 		.ascii	"S\011D\304\352hM\265\373^pV\\\024\353A\263\212\263\342"
 1365      EA684DB5 
 1365      FB5E7056 
 1365      5C14EB41 
 1365      B38AB3E2 
 1366 0069 A2587BCD 		.ascii	"\242X{\315\366d\363\202\023\331\324=\343\003=\261\243"
 1366      F664F382 
 1366      13D9D43D 
 1366      E3033DB1 
 1366      A3
 1367 007a 02       		.ascii	"\002"
ARM GAS  C:\Users\Ridwane\AppData\Local\Temp\ccekzVeg.s 			page 37


 1368              		.text
 1369              		.section	.gnu.lto_.refs.98e54bb7,"e",%progbits
 1370 0000 789C5367 		.ascii	"x\234Sg``\340ddb\222d`b\222\002bi \226\001bY \226\003"
 1370      6060E064 
 1370      64629264 
 1370      60629202 
 1370      62692096 
 1371 001a 62792056 		.ascii	"by V\000bE\006\006\000\035\216\001["
 1371      00624506 
 1371      06001D8E 
 1371      015B
 1372              		.text
 1373              		.section	.gnu.lto_.decls.98e54bb7,"e",%progbits
 1374 0000 789CAD98 		.ascii	"x\234\255\230yPTG\032\300\273\277y3\364\020\014\270"
 1374      79505447 
 1374      1AC0BBBF 
 1374      7933F410 
 1374      0CB8
 1375 0012 399664F3 		.ascii	"9\226d\363\207\265\225\224\024\331\210\003F\263\267"
 1375      87B59594 
 1375      14D98803 
 1375      46B3B7
 1376 0021 3AA0504B 		.ascii	":\240PK\0025\230l\245*\265\024\2011R\202C\006\314\232"
 1376      0235986C 
 1376      A52AB514 
 1376      81315282 
 1376      4306CC9A 
 1377 0035 3FB6EA0D 		.ascii	"?\266\352\015 \214\342\222\321$\006\321\350\2509\360"
 1377      208CE292 
 1377      D12406D1 
 1377      E8A839F0 
 1378 0045 26122F44 		.ascii	"&\022/D\035\205(\022YoE\005AQ3\010\010\036IP<\366\353"
 1378      1D852812 
 1378      596F4505 
 1378      41513308 
 1378      081E4950 
 1379 005c F77A1A26 		.ascii	"\367z\032&\253\251\255\332\235\362\243\373\365\257\277"
 1379      ABA9ADDA 
 1379      9DF2A3FB 
 1379      F5AFBF
 1380 006b B38F79E3 		.ascii	"\263\217y\343\267\341\204\2344\020\222C\011y\200\037"
 1380      B7E1849C 
 1380      34109243 
 1380      0979801F 
 1381 007b 1321E438 		.ascii	"\023!\3448\012o\233P\232y\037\031C\011E\011C\031\001"
 1381      0A6F9B50 
 1381      9A791F19 
 1381      43094509 
 1381      431901
 1382 008e 84FC02C7 		.ascii	"\204\374\002\307{P.\243\370Q.\241t\243\\A\271\212\322"
 1382      7B502EA3 
 1382      F8512EA1 
 1382      74A35C41 
 1382      B98AD2
 1383 00a1 8562E436 		.ascii	"\205b\3446\2615`{\037[\202\355 6\200-E\271\207\375\273"
 1383      B135607B 
 1383      1F5B82ED 
ARM GAS  C:\Users\Ridwane\AppData\Local\Temp\ccekzVeg.s 			page 38


 1383      2036802D 
 1383      45B987FD 
 1384 00b6 281F63FF 		.ascii	"(\037c\377i\341o<\366_A\031\215\375\011\330\376\226"
 1384      69E16F3C 
 1384      F65F4119 
 1384      8DFD09D8 
 1384      FE96
 1385 00c8 EAF65FC6 		.ascii	"\352\366_\3066\034\305Bu_\277\241\272\277\027\251\356"
 1385      361CC542 
 1385      755FBFA1 
 1385      BABF17A9 
 1385      EE
 1386 00d9 730CD5FD 		.ascii	"s\014\325\375\216\243\272\357h\252\307\026\213\355R"
 1386      8EA3BAEF 
 1386      68AAC716 
 1386      8BED52
 1387 00e8 9467452E 		.ascii	"\224gE.s\205\355ba/\027%\013\305\211RB\207b(\245z\336"
 1387      7385ED62 
 1387      612F1725 
 1387      0BC58952 
 1387      42876228 
 1388 00ff 3C07B7C8 		.ascii	"<\007\267\310\203\307u\360\277\310g$\326\307H\364\232"
 1388      83C775F0 
 1388      BFC86724 
 1388      D6C748F4 
 1388      9A
 1389 0110 CDA3BADF 		.ascii	"\315\243\272\337CD\257\335S\240\251i\265T\240n\336\312"
 1389      4344AFDD 
 1389      53A0A969 
 1389      B554A06E 
 1389      DECA
 1390 0122 41B84E55 		.ascii	"A\270NU\376\361\271\032\230g\225_\255V\325<u\277\277"
 1390      FEF1B91A 
 1390      9867955F 
 1390      AD56D53C 
 1390      75BFBF
 1391 0135 A2B2C4EF 		.ascii	"\242\262\304\357\036\271\260\020I\265[}\266\002\207"
 1391      1EB9B010 
 1391      49B55B7D 
 1391      B60287
 1392 0144 2B2B3B3C 		.ascii	"++;<\3405\250\305|zQ\230\37256\2053\324\242\022\376"
 1392      E035A8C5 
 1392      7C7A5198 
 1392      FA353685 
 1392      33D4A212 
 1393 0159 BC20D25B 		.ascii	"\274 \322[\244\331Q\217P\325W\242V\373L\253\352\325"
 1393      A4D9518F 
 1393      50D557A2 
 1393      56FB4CAB 
 1393      EAD5
 1394 016b 920A35B9 		.ascii	"\222\0125\271\262\322\337\250\271X\324\261\2544\334"
 1394      B2D2DFA8 
 1394      B958D4B1 
 1394      AC34DC
 1395 017a 5BD4EAF6 		.ascii	"[\324\352\366\326\253\317x\321J\205Z\354[H]\250\342"
 1395      D6ABCF78 
 1395      D14A855A 
ARM GAS  C:\Users\Ridwane\AppData\Local\Temp\ccekzVeg.s 			page 39


 1395      EC5B485D 
 1395      A8E2
 1396 018c F2A90B7D 		.ascii	"\362\251\013}\324\343]\366\317\362\342\342\010\025]"
 1396      D4E35DF6 
 1396      CFF2E2E2 
 1396      08155D
 1397 019b B87ECD55 		.ascii	"\270~\315U\\\35225\302\303uU\225a\343\326c-\364\251"
 1397      5CEA3235 
 1397      C2C37555 
 1397      9561E3D6 
 1397      632DF4A9 
 1398 01af 112E6F31 		.ascii	"\021.o1\007*\316\366i\203\021\375\340Z\325\340\366\254"
 1398      072ACEF6 
 1398      698311FD 
 1398      E05AD5E0 
 1398      F6AC
 1399 01c1 5255398B 		.ascii	"RU9\213\342\024\267\352+\346Fx\330\023]j\253\333\345"
 1399      E214B7EA 
 1399      2BE64678 
 1399      D8135D6A 
 1399      ABDBE5
 1400 01d4 45759C32 		.ascii	"Eu\2342\221\327\220\340(\340\237\211\012\324z\016\234"
 1400      91D790E0 
 1400      28E09F89 
 1400      0AD47A0E 
 1400      9C
 1401 01e5 33DDE0BA 		.ascii	"3\335\340\272\025O\322\247<\023\011\035\033\301~E\330"
 1401      154FD2A7 
 1401      3C13091D 
 1401      1BC17E45 
 1401      D8
 1402 01f6 0BE4653D 		.ascii	"\013\344e=\263}NRK5\245\231a\246'\250bz\212\216R\340"
 1402      B37D4E52 
 1402      4B35A599 
 1402      61A627A8 
 1402      627A8A8E 
 1403 020c DCDCAFCA 		.ascii	"\334\334\257\312i\244>\303\247\343\335t'\357\260\177"
 1403      69A43EC3 
 1403      A7E3DD74 
 1403      27EFB07F 
 1404 021c 608DFD47 		.ascii	"`\215\375G/\365\0335\354\023x\017\025\\\201\212\323"
 1404      2FF51B35 
 1404      EC13780F 
 1404      155C818A 
 1404      D3
 1405 022d 7DD71E1B 		.ascii	"}\327\036\033\211\361\367\253\336}\212\217\356\242u"
 1405      89F1F7AB 
 1405      DE7D8A8F 
 1405      EEA275
 1406 023c 08F66A8B 		.ascii	"\010\366j\213\323u\352\313\003\217\233\011\177\274N"
 1406      D375EACB 
 1406      038F9B09 
 1406      7FBC4E
 1407 024b 1EEAA65E 		.ascii	"\036\352\246^\270\231O\221\237li,\017\017\342\015\264"
 1407      B8994F91 
 1407      9F6C692C 
 1407      0F0FE20D 
ARM GAS  C:\Users\Ridwane\AppData\Local\Temp\ccekzVeg.s 			page 40


 1407      B4
 1408 025c 3EE0A7AB 		.ascii	">\340\247\253}\351\322\020\351\347\033\341g\277\346"
 1408      7DE9D210 
 1408      E9E71BE1 
 1408      67BFE6
 1409 026b E774873B 		.ascii	"\347t\207;\227\273\331O\367Q\314\0120\253\010\005J+"
 1409      97BBD94F 
 1409      F751CC0A 
 1409      30AB0805 
 1409      4A2B
 1410 027d 369F86E7 		.ascii	"6\237\206\347\320V\217\252>y\225\034\244\215|wRr\000"
 1410      D0568FAA 
 1410      3E79951C 
 1410      A48D7C77 
 1410      527200
 1411 0290 9B288F47 		.ascii	"\233(\217G\035ho\272\177q\364\261\242R\365\010\367H"
 1411      1D686FBA 
 1411      7F71F4B1 
 1411      A252F508 
 1411      F748
 1412 02a2 91EDD0BD 		.ascii	"\221\355\320\275\221\035\224l\247\333\350\314\303\214"
 1412      911D946C 
 1412      A7DBE8CC 
 1412      C38C
 1413 02b0 0DF2C8D6 		.ascii	"\015\362\310\326\014\264\326\033~j\252\231\222\353D"
 1413      0CB4D61B 
 1413      7E6AAA99 
 1413      92EB44
 1414 02bf 37555D3B 		.ascii	"7U];\267T\215\340;Mi\246\207\204\221C\302\310\001\306"
 1414      B7548DE0 
 1414      3B4D69A6 
 1414      87849143 
 1414      C2C801C6 
 1415 02d3 CA80605C 		.ascii	"\312\200`\\w)\006\326\021\216\275\016\036\346s\374\211"
 1415      772906D6 
 1415      118EBD0E 
 1415      1EE673FC 
 1415      89
 1416 02e4 777C94AD 		.ascii	"w|\224\255\320&D\242D\260/\260\037E\371U\022\216-a\353"
 1416      D02644A2 
 1416      44B02FB0 
 1416      1F45F955 
 1416      128E2D61 
 1417 02f9 0023D8D8 		.ascii	"\000#\330\330}\261#4\\K\337Wl&Z\366\2554j'=G\317R\366"
 1417      7DB12334 
 1417      5C4BDF57 
 1417      6C265AF6 
 1417      AD346A27 
 1418 0312 B5A6CED8 		.ascii	"\265\246\316\330v l7\312~\224f\224\343\250\032\361\331"
 1418      76206C37 
 1418      CA7E9466 
 1418      94E3A81A 
 1418      F1D9
 1419 0324 B1934B94 		.ascii	"\261\223K\224\350\350\350H\224hn\341\334\215\274F\037"
 1419      E8E8E848 
 1419      94686EE1 
 1419      DC8DBC46 
ARM GAS  C:\Users\Ridwane\AppData\Local\Temp\ccekzVeg.s 			page 41


 1419      1F
 1420 0335 6DA317A8 		.ascii	"m\243\027\250_\224\261\035%\216 \253>\263]U\315am\264"
 1420      5F94B11D 
 1420      258E20AB 
 1420      3EB35D55 
 1420      CD616DB4 
 1421 0349 53324B00 		.ascii	"S2K\000\265\011t^\242\026MM\345\233]\365)\344\004=\316"
 1421      B509745E 
 1421      A2164D4D 
 1421      E59B5DF5 
 1421      29E4043D 
 1422 035e EF1A4CFF 		.ascii	"\357\032L\377\012\355\242\227i\017\375\216v\323\253"
 1422      0AEDA297 
 1422      690FFD8E 
 1422      76D3AB
 1423 036d BC185CFF 		.ascii	"\274\030\\\377\254\320\2778\334\364.\252\261v\301.I"
 1423      ACD0BF38 
 1423      DCF42EAA 
 1423      B176C12E 
 1423      49
 1424 037e 765A8674 		.ascii	"vZ\206t^\2603A~\205b\253\200\035A\271\354\342\213V\366"
 1424      5EB03341 
 1424      7E8562AB 
 1424      801D41B9 
 1424      ECE28B56 
 1425 0393 EDE2AA90 		.ascii	"\355\342\252\220\310\340\350\366\320\207\206\207\305"
 1425      C8E0E8F6 
 1425      D0878687 
 1425      C5
 1426 03a0 ABA2AC45 		.ascii	"\253\242\254E\253\242\233\262v\255\323O\330\025\255"
 1426      ABA29BB2 
 1426      76ADD34F 
 1426      D815AD
 1427 03af 7384B05E 		.ascii	"s\204\260^\255\363\012\273\205E\035D)4\0206\317@\224"
 1427      ADF30ABB 
 1427      85451D44 
 1427      29341036 
 1427      CF4094
 1428 03c2 27EBD677 		.ascii	"'\353\326w_5i\225\325>\322\333Qz\204\337m\350L\205b"
 1428      5F356995 
 1428      D53ED2DB 
 1428      517A84DF 
 1428      6DE84C85 
 1429 03d7 78405D70 		.ascii	"x@]p\227\026A!\334\247\367\250~d\253\313V\343\211/\016"
 1429      97164121 
 1429      DCA7F7A8 
 1429      7E64ABCB 
 1429      56E3892F 
 1430 03ec EBA537E9 		.ascii	"\353\2457\351 \325kw#P\320\352\025\001xG\302c\022.\013"
 1430      20D56B77 
 1430      2350D0EA 
 1430      15017847 
 1430      C263122E 
 1431 0401 C053129E 		.ascii	"\300S\022\236\324\263\346\364^!/I/\375Q\302\037\244"
 1431      D4B3E6F4 
 1431      5E212F49 
 1431      2FFD51C2 
ARM GAS  C:\Users\Ridwane\AppData\Local\Temp\ccekzVeg.s 			page 42


 1431      1FA4
 1432 0413 669F60B7 		.ascii	"f\237`\267%\263\004\220;`\364{\311n\015\031]\022\240"
 1432      25B30490 
 1432      3B60F47B 
 1432      C96E0D19 
 1432      5D12A0
 1433 0426 7D925E93 		.ascii	"}\222^\223V\313\003\360\272\204\375C\252w\204\317\001"
 1433      56CB03F0 
 1433      BA84FD43 
 1433      AA7784CF 
 1433      01
 1434 0437 094FEB90 		.ascii	"\011O\353\220y\014|g\177\277\350o\332*\371d\335\346"
 1434      790C7C67 
 1434      7FBFE86F 
 1434      DA2AF964 
 1434      DDE6
 1435 0449 C2230BF7 		.ascii	"\302#\013\367\342G\036\265\277\256(\305CK\3400N\322"
 1435      E2471EB5 
 1435      BFAE28C5 
 1435      434BE030 
 1435      4ED2
 1436 045b EB7C98D2 		.ascii	"\353|\230\322-t\346J\306\226s\213\237l\336r\313\034"
 1436      2D74E64A 
 1436      C696738B 
 1436      9F6CDE72 
 1436      CB1C
 1437 046d 558113D7 		.ascii	"U\201\023\327\036x\267\212\337\231\315\324\015\372\241"
 1437      1E78B78A 
 1437      DF99CDD4 
 1437      0DFAA1
 1438 047c 74837E28 		.ascii	"t\203~(\3670\266\216\317\335\273\262a\265\221\317\255"
 1438      F730B68E 
 1438      CFDDBBB2 
 1438      61B591CF 
 1438      AD
 1439 048d AE983774 		.ascii	"\256\2307t\204\347\213\331\363\305\354\255\214m\341"
 1439      84E78BD9 
 1439      F3C5ECAD 
 1439      8C6DE1
 1440 049c B33F5F5B 		.ascii	"\263?_[Y\030\026U\241\252\003\313\226w=\030\265\267"
 1440      59181655 
 1440      A1AA03CB 
 1440      96773D18 
 1440      B5B7
 1441 04ae C81BD54C 		.ascii	"\310\033\325L\027\210\311\013\200_\253\033\030n\224"
 1441      1788C90B 
 1441      805FAB1B 
 1441      186E94
 1442 04bd 51AC44C1 		.ascii	"Q\254D\301\351\236\31235\206\360\216G\034\3322\205\260"
 1442      E99ECA33 
 1442      3586F08E 
 1442      471CDA32 
 1442      85B0
 1443 04cf 85288B51 		.ascii	"\205(\213Q*P*\025b\032\215\347\336\200\177\011\363r"
 1443      2A502A15 
 1443      621A8DE7 
 1443      DE807F09 
ARM GAS  C:\Users\Ridwane\AppData\Local\Temp\ccekzVeg.s 			page 43


 1443      F372
 1444 04e1 03BD1FDF 		.ascii	"\003\275\037\337^j\340\247\276G\365\025\032\365{\247"
 1444      5E6AE0A7 
 1444      BE47F515 
 1444      1AF57BA7 
 1445 04f1 0246EFA4 		.ascii	"\002F\357\244\237\300b`kp\212\351Lc\317\246P<\3348i"
 1445      9FC06260 
 1445      6B708AE9 
 1445      4C63CFA6 
 1445      503CDC38 
 1446 0506 A0B6D3B7 		.ascii	"\240\266\323\267\355\371\232\"\265\312G\227@%|\012\372"
 1446      EDF99A22 
 1446      B5CA4797 
 1446      40257C0A 
 1446      FA
 1447 0517 45254FF0 		.ascii	"E%O\360\256\316\022L1l\011|<\234\035\244\201#\014z\210"
 1447      AECE124C 
 1447      316C097C 
 1447      3C9C1DA4 
 1447      81230C7A 
 1448 052c E453CC68 		.ascii	"\344S\314h),\343\371(\246\017\3527\336z,\372\031\276"
 1448      292CE3F9 
 1448      28A60FEA 
 1448      37DE7A2C 
 1448      FA19BE
 1449 053f B5FB7777 		.ascii	"\265\373ww\032\321\366\247\360\021\254\200a\267\003"
 1449      1AD1F6A7 
 1449      F011AC80 
 1449      61B703
 1450 054e 47DAAED7 		.ascii	"G\332\256\327\307V\240\272\027\226\203~\356\373kW\227"
 1450      C756A0BA 
 1450      1796837E 
 1450      EEFB6B57 
 1450      97
 1451 055f 3FEE7119 		.ascii	"?\356q\031\332\350\207\301Z\012T\3266W\231\237\361>"
 1451      DAE887C1 
 1451      5A0A54D6 
 1451      3657999F 
 1451      F13E
 1452 0571 529B7563 		.ascii	"R\233ucY\372Pn\242\334Fq\031\011s\033\371Q\214\302\313"
 1452      59FA506E 
 1452      A2DC4671 
 1452      1909731B 
 1452      F9518CC2 
 1453 0586 D307ACDC 		.ascii	"\323\007\254\334H\224\247{\212\0264\217\010\\p\370\271"
 1453      4894A77B 
 1453      8A16348F 
 1453      085C70F8 
 1453      B9
 1454 0597 80A936E1 		.ascii	"\200\2516\341\265\216[\322\003ka\243pZ\016\332\256\343"
 1454      B58E5BD2 
 1454      036B61A3 
 1454      705A0EDA 
 1454      AEE3
 1455 05a9 7463807E 		.ascii	"tc\200~&\251\27068\335\020\240\237\007\321a7\335\032"
 1455      26A9B836 
 1455      38DD10A0 
ARM GAS  C:\Users\Ridwane\AppData\Local\Temp\ccekzVeg.s 			page 44


 1455      9F07D161 
 1455      37DD1A
 1456 05bc A842631B 		.ascii	"\250Bc\0331\322\032\330\014\033`=T\303&\370\012\276"
 1456      31D21AD8 
 1456      0C1B603D 
 1456      54C326F8 
 1456      0ABE
 1457 05ce 862DB08E 		.ascii	"\206-\260\216G\316\315l\017\230Y%\315\264\0149\331\024"
 1457      47CECD6C 
 1457      0F985925 
 1457      CDB40C39 
 1457      D914
 1458 05e0 A0AB8368 		.ascii	"\240\253\203h\034Y\211\345\330\263\372]\274\241W\302"
 1458      1C5989E5 
 1458      D8B3FA5D 
 1458      BCA157C2 
 1459 05f0 22C9F4EB 		.ascii	"\"\311\364\353\020\025\373\327\353\345\364\300\027\022"
 1459      1015FBD7 
 1459      EBE5F4C0 
 1459      1712
 1460 05fe 5AA4D575 		.ascii	"Z\244\325u\001\253_\016\207\232buc\200-\014\262*4\017"
 1460      01AB5F0E 
 1460      879A6275 
 1460      63802D0C 
 1460      B22A340F 
 1461 0612 06E80741 		.ascii	"\006\350\007A\005\343\313\344\277\264\377\204928\371"
 1461      05E3CBE4 
 1461      BFB4FF84 
 1461      393238F9 
 1462 0622 06FA33D9 		.ascii	"\006\3723\331+p\325\333\366]\250\374\266\336*\014n\343"
 1462      2B70D5DB 
 1462      F65DA8FC 
 1462      B6DE2A0C 
 1462      6EE3
 1463 0634 274581BE 		.ascii	"'E\201\276\255\233J\315CG\376\347.f\005\256m[\3562I"
 1463      AD9B4ACD 
 1463      4347FEE7 
 1463      2E6605AE 
 1463      6D5BEE32 
 1464 0649 4BDB85A5 		.ascii	"K\333\205\245\035\300\331\207kWyA\373R\364\375\347\371"
 1464      1DC0D987 
 1464      6B577941 
 1464      FB52F4FD 
 1464      E7F9
 1465 065b C24DA252 		.ascii	"\302M\242R\366\241\266[\006\010\337.\204-\301\355\002"
 1465      F6A1B65B 
 1465      0608DF2E 
 1465      842DC1ED 
 1465      02
 1466 066c 97AF5DA8 		.ascii	"\227\257]\250\034\021\256\212S\371\204n\020\367\276"
 1466      1C11AE8A 
 1466      53F9846E 
 1466      10F7BE
 1467 067b 2556813D 		.ascii	"%V\201=\275\213:\351/\365T\275\320Fw\003_\371\275\300"
 1467      BD8B3AE9 
 1467      2FF554BD 
 1467      D0467703 
ARM GAS  C:\Users\Ridwane\AppData\Local\Temp\ccekzVeg.s 			page 45


 1467      5FF9BDC0 
 1468 068f 3961AB71 		.ascii	"9a\253q\373}\251\031\364\023\266^\353t\020\266\025G"
 1468      FB7DA919 
 1468      F413B65E 
 1468      EB7410B6 
 1468      1547
 1469 06a1 7DDA430B 		.ascii	"}\332C\013aM\370p\002\345<\212_\033l$\354\206\326A\377"
 1469      614DF870 
 1469      02E53C8A 
 1469      5F1B6C24 
 1469      EC86D641 
 1470 06b6 7771B4D8 		.ascii	"wq\264\330D\330\002\224\305&>8\226-\307\376\027(\033"
 1470      44D80294 
 1470      C5263E38 
 1470      962DC7FE 
 1470      17281B
 1471 06c9 51B6A3EC 		.ascii	"Q\266\243\354EiB9\201\322\206r\005\245\017\345&\312"
 1471      45694239 
 1471      81D28672 
 1471      05A50FE5 
 1471      26CA
 1472 06db 008A1AA2 		.ascii	"\000\212\032\242%\303XQ\010Q\376\264\366\233}\203\341"
 1472      25C35851 
 1472      0851FEB4 
 1472      F69B7D83 
 1472      E1
 1473 06ec D18FFA44 		.ascii	"\321\217\372D\006\316\303@\335\035\357.\323\032\374"
 1473      06CEC340 
 1473      DD1DEF2E 
 1473      D31AFC
 1474 06fb B29C17E9 		.ascii	"\262\234\027\351\201\323p_\324\361$\004vG\331\026\376"
 1474      81D3705F 
 1474      D4F12404 
 1474      7647D916 
 1474      FE
 1475 070c 52E0813A 		.ascii	"R\340\201:\311vJ\346\257\321\331\031\311\206\235\245"
 1475      C9764AE6 
 1475      AFD1D919 
 1475      C9869DA5 
 1476 071c 7601CF06 		.ascii	"v\001\317\006A]\361\232`\307$;\002\201/\215\256\032"
 1476      415DF19A 
 1476      60C7243B 
 1476      02812F8D 
 1476      AE1A
 1477 072e 05D95E68 		.ascii	"\005\331^hA\246\227\271J\352\365\011\275\243Az\342\373"
 1477      41A697B9 
 1477      4AEAF509 
 1477      BDA3417A 
 1477      E2FB
 1478 0740 E48150FC 		.ascii	"\344\201P\374F*6H\305n\241x*(C\021\3519\001\317K(_`"
 1478      462A3648 
 1478      C56EA178 
 1478      2A284311 
 1478      E93901CF 
 1479 0758 AA0784D1 		.ascii	"\252\007\204\321\303\322\350\277\244\321V\241\327\026"
 1479      C3D2E8BF 
 1479      A4D156A1 
ARM GAS  C:\Users\Ridwane\AppData\Local\Temp\ccekzVeg.s 			page 46


 1479      D716
 1480 0766 A4278CBA 		.ascii	"\244'\214\272E\335\352%\274\0218\252\325=B\361\204d"
 1480      45DDEA25 
 1480      BC1138AA 
 1480      D53D42F1 
 1480      8464
 1481 0778 3F48765B 		.ascii	"?Hv[\260f\311n\015\275\361\324\350/h\347$\033vP\357"
 1481      B066C96E 
 1481      0DBDF1D4 
 1481      E82F68E7 
 1481      241B7650 
 1482 078d 09C54609 		.ascii	"\011\305F\011\367\313H\333\004k\015R\324\331Y\301\332"
 1482      F7CB48DB 
 1482      046B0D52 
 1482      D4D959C1 
 1482      DA
 1483 079e 256B1F7A 		.ascii	"%k\037z\215\352\025\036\217\007E*<\036\026\232\027%"
 1483      8DEA151E 
 1483      8F07452A 
 1483      3C1E169A 
 1483      1725
 1484 07b0 9477CA3C 		.ascii	"\224w\312<\221\375\276\240\354\205\336\002\001/\005"
 1484      91FDBEA0 
 1484      EC85DE02 
 1484      012F05
 1485 07bf 6D290107 		.ascii	"m)\001\007\205\321o%<(\3238#XGP\250"
 1485      85D16F25 
 1485      3C28D338 
 1485      23584750 
 1485      A8
 1486 07d0 C3EEDF4E 		.ascii	"\303\356\337N\340\357\027\367\361:\271\015.\303=\370"
 1486      E0EF17F7 
 1486      F13AB90D 
 1486      2EC33DF8 
 1487 07e0 11AE413F 		.ascii	"\021\256A?\374\000\267\300\017\337\301U\270\014\275"
 1487      FC00B7C0 
 1487      0FDFC155 
 1487      B80CBD
 1488 07ef 700306A0 		.ascii	"p\003\006\240\013\272\241\017n\202j\270\013E\206\357"
 1488      0BBAA10F 
 1488      6E826AB8 
 1488      0B4586EF 
 1489 07ff A1D0D003 		.ascii	"\241\320\320\003\327\341\016<\200+0\010\342=l\376\026"
 1489      D7E10E3C 
 1489      802B3008 
 1489      E23D6CFE 
 1489      16
 1490 0810 7DE9F7C8 		.ascii	"}\351\367\310\245\337%#\271#\"9\024\264J\"\205\026\001"
 1490      A5DF2523 
 1490      B9232239 
 1490      14B44A22 
 1490      851601
 1491 0823 2F0CAF8B 		.ascii	"/\014\257\213`\367\005;\020\264J\242\332wE\265\233\202"
 1491      60F7053B 
 1491      10B44AA2 
 1491      DA7745B5 
 1491      9B82
ARM GAS  C:\Users\Ridwane\AppData\Local\Temp\ccekzVeg.s 			page 47


 1492 0835 72E76F44 		.ascii	"r\347oDMx\246a\353\321\206\262\320\310\340d\213\015"
 1492      4D78A661 
 1492      EBD186B2 
 1492      D0C8E064 
 1492      8B0D
 1493 0847 FF876C15 		.ascii	"\377\207l\0258\321YW;\364km\256A\367^b\340\314\277\356"
 1493      38D15957 
 1493      3BF46B6D 
 1493      AE41F75E 
 1493      62E0CCBF 
 1494 085c D8EDA13B 		.ascii	"\330\355\241;\273I\274N\227j\254\375\223\035] Y\211"
 1494      BB49BC4E 
 1494      976AACFD 
 1494      931D5D20 
 1494      5989
 1495 086e 88DAADB1 		.ascii	"\210\332\255\261\252#e\236\307\177r\235?\374W\000\376"
 1495      AA23659E 
 1495      C77F729D 
 1495      3FFC5700 
 1495      FE
 1496 087f 40AD39D5 		.ascii	"@\2559\3259\364+\256Y\370\230o\340\377'`\031O\314\031"
 1496      39F42BAE 
 1496      59F8986F 
 1496      E0FF2760 
 1496      194FCC19 
 1497 0893 CEDCF726 		.ascii	"\316\334\367&\330_\312%\241\231\016g\201}\316K\271\343"
 1497      D85FCA25 
 1497      A1990E67 
 1497      817DCE4B 
 1497      B9E3
 1498 08a5 88F99DBC 		.ascii	"\210\371\235\274lGz\366\254\354\202?\214\031\023\203"
 1498      6C477AF6 
 1498      ACEC823F 
 1498      8C191383 
 1499 08b5 FF326764 		.ascii	"\3772gd\277\235\355\310\217\265X,1\216\374\230\031\031"
 1499      BF9DEDC8 
 1499      8FB5582C 
 1499      318EFC98 
 1499      1919
 1500 08c7 39316F3B 		.ascii	"91o;2\234Y\3711i\323\322\323\246\275\032\027;e\\z|R"
 1500      329C59F9 
 1500      3169D3D2 
 1500      D3A6BD1A 
 1500      173B655C 
 1501 08de 9A35E58D 		.ascii	"\2325\345\215\004\333\233:\033\223\311\246\276\366\372"
 1501      04DB9B3A 
 1501      1B93C9A6 
 1501      BEF6FA
 1502 08ed 28AB6502 		.ascii	"(\253e\002\031)\006\306\304eM\030o\037\237\365\012\011"
 1502      192906C6 
 1502      C4654D18 
 1502      6F1F9FF5 
 1502      0A09
 1503 08ff D33CE4DB 		.ascii	"\323<\344\333\013f\347\245\027\204\345\027\344\306\305"
 1503      0B66E7A5 
 1503      1784E517 
 1503      E4C6C5
ARM GAS  C:\Users\Ridwane\AppData\Local\Temp\ccekzVeg.s 			page 48


 1504 090e A66B4305 		.ascii	"\246kC\005/X\177\367\226\225\273K+\230\235\225\355x"
 1504      2F587FF7 
 1504      9695BB4B 
 1504      2B989D95 
 1504      ED78
 1505 0920 EBEF0EE7 		.ascii	"\353\357\016\347\314\374\274\214L{\372\354|\273\363"
 1505      CCFCBC8C 
 1505      4C7BFAEC 
 1505      7CBBF3
 1506 092f AD291939 		.ascii	"\255)\0319\231\216Y\344\217\377K\\$|\230C\236\345\023"
 1506      998E59E4 
 1506      8FFF4B5C 
 1506      247C9843 
 1506      9EE513
 1507 0942 5A2FCB3E 		.ascii	"Z/\313>=cvNA:\332\237\236\375\216)51>\243 C\311\230"
 1507      3D63764E 
 1507      413ADA9F 
 1507      9EFD8E29 
 1507      35313EA3 
 1508 095a EECC61B3 		.ascii	"\356\314a\263\263g\025\240B\201\301\221\3454\346\315"
 1508      B36715A0 
 1508      4281C191 
 1508      E534E6CD 
 1509 096a CECB7286 		.ascii	"\316\313r\2068\362\363\354\366,\247\311Q\360~\236\335"
 1509      38F2F3EC 
 1509      F62CA7C9 
 1509      51F07E9E 
 1509      DD
 1510 097b 69CC7564 		.ascii	"i\314ud\331\235|\362\014S\352T\256hJ\235\2427\011z\023"
 1510      D99D7CF2 
 1510      0C53EA54 
 1510      AE684A9D 
 1510      A237097A 
 1511 0990 AF3756BD 		.ascii	"\2577V\275\231\2547\223\364&\2117#\264 t\347X\223\364"
 1511      99AC3793 
 1511      F4268937 
 1511      23B42074 
 1511      E75893F4 
 1512 09a4 747B8633 		.ascii	"t{\2063\347}->\263\026x\022\366\"\364\3103s\034\231"
 1512      E77D2D3E 
 1512      B3167812 
 1512      F622F4C8 
 1512      33731C99 
 1513 09b8 3335F4E7 		.ascii	"35\364\347G\026\"\017\227\223\327\001\213\020#J1g\016"
 1513      4716220F 
 1513      9793D701 
 1513      8B10234A 
 1513      31670E
 1514 09cb 27E93939 		.ascii	"'\35199Y\351<j\313\230\031D\2314\305\226lLN\261\376"
 1514      59E93C6A 
 1514      CB981944 
 1514      9934C596 
 1514      6C4C4EB1 
 1515 09e0 C5A64C4E 		.ascii	"\305\246LN\263\331\350_i\24213\007}kI[\306c\322\270"
 1515      B3D9E85F 
 1515      69A23133 
 1515      077D6B49 
ARM GAS  C:\Users\Ridwane\AppData\Local\Temp\ccekzVeg.s 			page 49


 1515      5BC663D2 
 1516 09f5 4C8FAEF7 		.ascii	"L\217\256\367p7\311\311\3611SS\223R\336\213\215\031"
 1516      7037C9C9 
 1516      F1315353 
 1516      9352DE8B 
 1516      8D19
 1517 0a07 AA303A31 		.ascii	"\2520:1\244\304\333\014I\3616c\352\353\251\361\266\220"
 1517      A4C4DB0C 
 1517      49F13663 
 1517      EAEBA9F1 
 1517      B690
 1518 0a19 94B4D484 		.ascii	"\224\264\324\204\204x\233)e\332\233\251\0116\343\253"
 1518      84789B29 
 1518      65DA9BA9 
 1518      0936E3AB 
 1519 0a29 29F10936 		.ascii	")\361\0116\036G\2421-\315:\325f\266%\244%\330\336H\210"
 1519      1E47A231 
 1519      2DCD3AD5 
 1519      66B625A4 
 1519      25D8DE48 
 1520 0a3e 1F6FB0A6 		.ascii	"\037o\260\246aT\361\326\241\241\227\315\223R'\307&\247"
 1520      6154F1D6 
 1520      A1A197CD 
 1520      935227C7 
 1520      26A7
 1521 0a50 26BC66E3 		.ascii	"&\274f\343=\213\336\013\320q\346I\211\223\343\004M\224"
 1521      3D8BDE0B 
 1521      D071E649 
 1521      8993E304 
 1521      4D94
 1522 0a62 F3127F3A 		.ascii	"\363\022\177:/.\204[\301\021\336Z\206\223\330\020nA"
 1522      2F2E845B 
 1522      C111DE5A 
 1522      8693D810 
 1522      6E41
 1523 0a74 23896246 		.ascii	"#\211bFb\360\014\013\343\272\266\264i6\336\261\360\216"
 1523      62F00C0B 
 1523      E3BAB6B4 
 1523      6936DEB1 
 1523      F08E
 1524 0a86 646319D7 		.ascii	"dc\031\327\326Yb`R\242>\311`M\262)\326)Sm!\251\311\311"
 1524      D6596260 
 1524      52A23EC9 
 1524      604DB229 
 1524      D629536D 
 1525 0a9e BC05AB2D 		.ascii	"\274\005\253-\024\273I\261i\374\351\367\017-p\246#7"
 1525      14BB49B1 
 1525      69FCE9F7 
 1525      0F2D70A6 
 1525      2337
 1526 0ab0 D7312BC6 		.ascii	"\3271+\306>\247\000+<l\025\265\352N\0377v\302\2349X"
 1526      3EA7002B 
 1526      3C6C15B5 
 1526      EA4E1F37 
 1526      76C29C39 
 1527 0ac5 DEC76C56 		.ascii	"\336\307lVk\3724\\\320x\373\364\177\003l\241\364\233"
 1527      6BFA345C 
ARM GAS  C:\Users\Ridwane\AppData\Local\Temp\ccekzVeg.s 			page 50


 1527      D078FBF4 
 1527      7F036CA1 
 1527      F49B
 1528              		.text
 1529              		.section	.gnu.lto_.symtab.98e54bb7,"e",%progbits
 1530 0000 5F5F6561 		.ascii	"__early_init\000"
 1530      726C795F 
 1530      696E6974 
 1530      00
 1531 000d 00       		.ascii	"\000"
 1532 000e 00       		.ascii	"\000"
 1533 000f 00       		.ascii	"\000"
 1534 0010 00000000 		.ascii	"\000\000\000\000\000\000\000\000"
 1534      00000000 
 1535 0018 08010000 		.ascii	"\010\001\000\000"
 1536 001c 626F6172 		.ascii	"boardInit\000"
 1536      64496E69 
 1536      7400
 1537 0026 00       		.ascii	"\000"
 1538 0027 00       		.ascii	"\000"
 1539 0028 00       		.ascii	"\000"
 1540 0029 00000000 		.ascii	"\000\000\000\000\000\000\000\000"
 1540      00000000 
 1541 0031 0A010000 		.ascii	"\012\001\000\000"
 1542 0035 73746D33 		.ascii	"stm32_clock_init\000"
 1542      325F636C 
 1542      6F636B5F 
 1542      696E6974 
 1542      00
 1543 0046 00       		.ascii	"\000"
 1544 0047 02       		.ascii	"\002"
 1545 0048 00       		.ascii	"\000"
 1546 0049 00000000 		.ascii	"\000\000\000\000\000\000\000\000"
 1546      00000000 
 1547 0051 0C010000 		.ascii	"\014\001\000\000"
 1548              		.text
 1549              		.section	.gnu.lto_.ext_symtab.98e54bb7,"e",%progbits
 1550 0000 01       		.ascii	"\001"
 1551 0001 01       		.ascii	"\001"
 1552 0002 00       		.ascii	"\000"
 1553 0003 01       		.ascii	"\001"
 1554 0004 00       		.ascii	"\000"
 1555 0005 01       		.ascii	"\001"
 1556 0006 00       		.ascii	"\000"
 1557              		.text
 1558              		.section	.gnu.lto_.opts,"e",%progbits
 1559 0000 272D666E 		.ascii	"'-fno-openmp' '-fno-openacc' '-fno-pie' '-fcf-prote"
 1559      6F2D6F70 
 1559      656E6D70 
 1559      2720272D 
 1559      666E6F2D 
 1560 0033 6374696F 		.ascii	"ction=none' '-g' '-mcpu=cortex-m4' '-mthumb' '-mflo"
 1560      6E3D6E6F 
 1560      6E652720 
 1560      272D6727 
 1560      20272D6D 
 1561 0066 61742D61 		.ascii	"at-abi=soft' '-mlibarch=armv7e-m' '-march=armv7e-m'"
ARM GAS  C:\Users\Ridwane\AppData\Local\Temp\ccekzVeg.s 			page 51


 1561      62693D73 
 1561      6F667427 
 1561      20272D6D 
 1561      6C696261 
 1562 0099 20272D4F 		.ascii	" '-O0' '-fomit-frame-pointer' '-falign-functions=16"
 1562      30272027 
 1562      2D666F6D 
 1562      69742D66 
 1562      72616D65 
 1563 00cc 2720272D 		.ascii	"' '-ffunction-sections' '-fdata-sections' '-fno-com"
 1563      6666756E 
 1563      6374696F 
 1563      6E2D7365 
 1563      6374696F 
 1564 00ff 6D6F6E27 		.ascii	"mon' '-flto' '-Xassembler' '-alms=./build/lst/board"
 1564      20272D66 
 1564      6C746F27 
 1564      20272D58 
 1564      61737365 
 1565 0132 2E6C7374 		.ascii	".lst'\000"
 1565      2700
 1566              		.text
 1567              		.comm	__gnu_lto_slim,1,1
 1568              		.ident	"GCC: (Arm GNU Toolchain 11.3.Rel1) 11.3.1 20220712"
ARM GAS  C:\Users\Ridwane\AppData\Local\Temp\ccekzVeg.s 			page 52


DEFINED SYMBOLS
                            *ABS*:00000000 board.c
C:\Users\Ridwane\AppData\Local\Temp\ccekzVeg.s:24     .gnu.debuglto_.debug_info:00000000 board.c.3d76e6d8
                            *COM*:00000001 __gnu_lto_slim

NO UNDEFINED SYMBOLS
