ARM GAS  C:\Users\Ridwane\AppData\Local\Temp\ccryF50d.s 			page 1


   1              		.cpu cortex-m4
   2              		.arch armv7e-m
   3              		.fpu softvfp
   4              		.eabi_attribute 20, 1
   5              		.eabi_attribute 21, 1
   6              		.eabi_attribute 23, 3
   7              		.eabi_attribute 24, 1
   8              		.eabi_attribute 25, 1
   9              		.eabi_attribute 26, 1
  10              		.eabi_attribute 30, 6
  11              		.eabi_attribute 34, 1
  12              		.eabi_attribute 18, 4
  13              		.file	"crt1.c"
  14              		.file 1 "c:\\chibistudio\\tools\\gnu tools arm embedded\\11.3 2022.08\\arm-none-eabi\\include\\mac
  15              		.file 2 "c:\\chibistudio\\tools\\gnu tools arm embedded\\11.3 2022.08\\arm-none-eabi\\include\\sys
  16              		.file 3 "../../chibios2111/os/common/startup/ARMCMx/compilers/GCC/crt1.c"
  17              		.section	.gnu.debuglto_.debug_info,"e",%progbits
  18              	.Ldebug_info0:
  19              		.hidden	crt1.c.72d01c06
  20              		.weak	crt1.c.72d01c06
  21              	crt1.c.72d01c06:
  22 0000 92020000 		.4byte	0x292
  23 0004 0500     		.2byte	0x5
  24 0006 01       		.byte	0x1
  25 0007 04       		.byte	0x4
  26 0008 00000000 		.4byte	.Ldebug_abbrev0
  27 000c 09       		.uleb128 0x9
  28 000d B7020000 		.4byte	.LASF52
  29 0011 1D       		.byte	0x1d
  30 0012 6A000000 		.4byte	.LASF53
  31 0016 12020000 		.4byte	.LASF54
  32 001a 00000000 		.4byte	.Ldebug_line0
  33 001e 02       		.uleb128 0x2
  34 001f 01       		.byte	0x1
  35 0020 06       		.byte	0x6
  36 0021 2C040000 		.4byte	.LASF0
  37 0025 02       		.uleb128 0x2
  38 0026 01       		.byte	0x1
  39 0027 08       		.byte	0x8
  40 0028 BD010000 		.4byte	.LASF1
  41 002c 02       		.uleb128 0x2
  42 002d 02       		.byte	0x2
  43 002e 05       		.byte	0x5
  44 002f D5030000 		.4byte	.LASF2
  45 0033 02       		.uleb128 0x2
  46 0034 02       		.byte	0x2
  47 0035 07       		.byte	0x7
  48 0036 BD000000 		.4byte	.LASF3
  49 003a 02       		.uleb128 0x2
  50 003b 04       		.byte	0x4
  51 003c 05       		.byte	0x5
  52 003d 06040000 		.4byte	.LASF4
  53 0041 04       		.uleb128 0x4
  54 0042 F7010000 		.4byte	.LASF9
  55 0046 01       		.byte	0x1
  56 0047 4F       		.byte	0x4f
  57 0048 19       		.byte	0x19
ARM GAS  C:\Users\Ridwane\AppData\Local\Temp\ccryF50d.s 			page 2


  58 0049 4D000000 		.4byte	0x4d
  59 004d 02       		.uleb128 0x2
  60 004e 04       		.byte	0x4
  61 004f 07       		.byte	0x7
  62 0050 62010000 		.4byte	.LASF5
  63 0054 02       		.uleb128 0x2
  64 0055 08       		.byte	0x8
  65 0056 05       		.byte	0x5
  66 0057 82030000 		.4byte	.LASF6
  67 005b 02       		.uleb128 0x2
  68 005c 08       		.byte	0x8
  69 005d 07       		.byte	0x7
  70 005e 80020000 		.4byte	.LASF7
  71 0062 0A       		.uleb128 0xa
  72 0063 04       		.byte	0x4
  73 0064 05       		.byte	0x5
  74 0065 696E7400 		.ascii	"int\000"
  75 0069 02       		.uleb128 0x2
  76 006a 04       		.byte	0x4
  77 006b 07       		.byte	0x7
  78 006c 73020000 		.4byte	.LASF8
  79 0070 04       		.uleb128 0x4
  80 0071 FD030000 		.4byte	.LASF10
  81 0075 02       		.byte	0x2
  82 0076 30       		.byte	0x30
  83 0077 14       		.byte	0x14
  84 0078 41000000 		.4byte	0x41
  85 007c 0B       		.uleb128 0xb
  86 007d 10       		.byte	0x10
  87 007e 03       		.byte	0x3
  88 007f 39       		.byte	0x39
  89 0080 09       		.byte	0x9
  90 0081 B2000000 		.4byte	0xb2
  91 0085 03       		.uleb128 0x3
  92 0086 DF030000 		.4byte	.LASF11
  93 008a 3A       		.byte	0x3a
  94 008b B2000000 		.4byte	0xb2
  95 008f 00       		.byte	0
  96 0090 03       		.uleb128 0x3
  97 0091 60000000 		.4byte	.LASF12
  98 0095 3B       		.byte	0x3b
  99 0096 B2000000 		.4byte	0xb2
 100 009a 04       		.byte	0x4
 101 009b 03       		.uleb128 0x3
 102 009c 3C010000 		.4byte	.LASF13
 103 00a0 3C       		.byte	0x3c
 104 00a1 B2000000 		.4byte	0xb2
 105 00a5 08       		.byte	0x8
 106 00a6 03       		.uleb128 0x3
 107 00a7 1F040000 		.4byte	.LASF14
 108 00ab 3D       		.byte	0x3d
 109 00ac B2000000 		.4byte	0xb2
 110 00b0 0C       		.byte	0xc
 111 00b1 00       		.byte	0
 112 00b2 07       		.uleb128 0x7
 113 00b3 70000000 		.4byte	0x70
 114 00b7 04       		.uleb128 0x4
ARM GAS  C:\Users\Ridwane\AppData\Local\Temp\ccryF50d.s 			page 3


 115 00b8 02020000 		.4byte	.LASF15
 116 00bc 03       		.byte	0x3
 117 00bd 3E       		.byte	0x3e
 118 00be 03       		.byte	0x3
 119 00bf 7C000000 		.4byte	0x7c
 120 00c3 08       		.uleb128 0x8
 121 00c4 B7000000 		.4byte	0xb7
 122 00c8 01       		.uleb128 0x1
 123 00c9 AA000000 		.4byte	.LASF16
 124 00cd 45       		.byte	0x45
 125 00ce 11       		.byte	0x11
 126 00cf 70000000 		.4byte	0x70
 127 00d3 01       		.uleb128 0x1
 128 00d4 74010000 		.4byte	.LASF17
 129 00d8 45       		.byte	0x45
 130 00d9 25       		.byte	0x25
 131 00da 70000000 		.4byte	0x70
 132 00de 01       		.uleb128 0x1
 133 00df EE030000 		.4byte	.LASF18
 134 00e3 45       		.byte	0x45
 135 00e4 34       		.byte	0x34
 136 00e5 70000000 		.4byte	0x70
 137 00e9 01       		.uleb128 0x1
 138 00ea 2D000000 		.4byte	.LASF19
 139 00ee 45       		.byte	0x45
 140 00ef 44       		.byte	0x44
 141 00f0 70000000 		.4byte	0x70
 142 00f4 01       		.uleb128 0x1
 143 00f5 A0030000 		.4byte	.LASF20
 144 00f9 48       		.byte	0x48
 145 00fa 11       		.byte	0x11
 146 00fb 70000000 		.4byte	0x70
 147 00ff 01       		.uleb128 0x1
 148 0100 DB000000 		.4byte	.LASF21
 149 0104 48       		.byte	0x48
 150 0105 25       		.byte	0x25
 151 0106 70000000 		.4byte	0x70
 152 010a 01       		.uleb128 0x1
 153 010b 90010000 		.4byte	.LASF22
 154 010f 48       		.byte	0x48
 155 0110 34       		.byte	0x34
 156 0111 70000000 		.4byte	0x70
 157 0115 01       		.uleb128 0x1
 158 0116 0F040000 		.4byte	.LASF23
 159 011a 48       		.byte	0x48
 160 011b 44       		.byte	0x44
 161 011c 70000000 		.4byte	0x70
 162 0120 01       		.uleb128 0x1
 163 0121 DA010000 		.4byte	.LASF24
 164 0125 4B       		.byte	0x4b
 165 0126 11       		.byte	0x11
 166 0127 70000000 		.4byte	0x70
 167 012b 01       		.uleb128 0x1
 168 012c 11000000 		.4byte	.LASF25
 169 0130 4B       		.byte	0x4b
 170 0131 25       		.byte	0x25
 171 0132 70000000 		.4byte	0x70
ARM GAS  C:\Users\Ridwane\AppData\Local\Temp\ccryF50d.s 			page 4


 172 0136 01       		.uleb128 0x1
 173 0137 B3030000 		.4byte	.LASF26
 174 013b 4B       		.byte	0x4b
 175 013c 34       		.byte	0x34
 176 013d 70000000 		.4byte	0x70
 177 0141 01       		.uleb128 0x1
 178 0142 90030000 		.4byte	.LASF27
 179 0146 4B       		.byte	0x4b
 180 0147 44       		.byte	0x44
 181 0148 70000000 		.4byte	0x70
 182 014c 01       		.uleb128 0x1
 183 014d 29010000 		.4byte	.LASF28
 184 0151 4E       		.byte	0x4e
 185 0152 11       		.byte	0x11
 186 0153 70000000 		.4byte	0x70
 187 0157 01       		.uleb128 0x1
 188 0158 AF010000 		.4byte	.LASF29
 189 015c 4E       		.byte	0x4e
 190 015d 25       		.byte	0x25
 191 015e 70000000 		.4byte	0x70
 192 0162 01       		.uleb128 0x1
 193 0163 0A010000 		.4byte	.LASF30
 194 0167 4E       		.byte	0x4e
 195 0168 34       		.byte	0x34
 196 0169 70000000 		.4byte	0x70
 197 016d 01       		.uleb128 0x1
 198 016e 72030000 		.4byte	.LASF31
 199 0172 4E       		.byte	0x4e
 200 0173 44       		.byte	0x44
 201 0174 70000000 		.4byte	0x70
 202 0178 01       		.uleb128 0x1
 203 0179 C2030000 		.4byte	.LASF32
 204 017d 51       		.byte	0x51
 205 017e 11       		.byte	0x11
 206 017f 70000000 		.4byte	0x70
 207 0183 01       		.uleb128 0x1
 208 0184 46020000 		.4byte	.LASF33
 209 0188 51       		.byte	0x51
 210 0189 25       		.byte	0x25
 211 018a 70000000 		.4byte	0x70
 212 018e 01       		.uleb128 0x1
 213 018f 54020000 		.4byte	.LASF34
 214 0193 51       		.byte	0x51
 215 0194 34       		.byte	0x34
 216 0195 70000000 		.4byte	0x70
 217 0199 01       		.uleb128 0x1
 218 019a 63020000 		.4byte	.LASF35
 219 019e 51       		.byte	0x51
 220 019f 44       		.byte	0x44
 221 01a0 70000000 		.4byte	0x70
 222 01a4 01       		.uleb128 0x1
 223 01a5 3D000000 		.4byte	.LASF36
 224 01a9 54       		.byte	0x54
 225 01aa 11       		.byte	0x11
 226 01ab 70000000 		.4byte	0x70
 227 01af 01       		.uleb128 0x1
 228 01b0 82010000 		.4byte	.LASF37
ARM GAS  C:\Users\Ridwane\AppData\Local\Temp\ccryF50d.s 			page 5


 229 01b4 54       		.byte	0x54
 230 01b5 25       		.byte	0x25
 231 01b6 70000000 		.4byte	0x70
 232 01ba 01       		.uleb128 0x1
 233 01bb 38040000 		.4byte	.LASF38
 234 01bf 54       		.byte	0x54
 235 01c0 34       		.byte	0x34
 236 01c1 70000000 		.4byte	0x70
 237 01c5 01       		.uleb128 0x1
 238 01c6 9F010000 		.4byte	.LASF39
 239 01ca 54       		.byte	0x54
 240 01cb 44       		.byte	0x44
 241 01cc 70000000 		.4byte	0x70
 242 01d0 01       		.uleb128 0x1
 243 01d1 F7000000 		.4byte	.LASF40
 244 01d5 57       		.byte	0x57
 245 01d6 11       		.byte	0x11
 246 01d7 70000000 		.4byte	0x70
 247 01db 01       		.uleb128 0x1
 248 01dc E9000000 		.4byte	.LASF41
 249 01e0 57       		.byte	0x57
 250 01e1 25       		.byte	0x25
 251 01e2 70000000 		.4byte	0x70
 252 01e6 01       		.uleb128 0x1
 253 01e7 53010000 		.4byte	.LASF42
 254 01eb 57       		.byte	0x57
 255 01ec 34       		.byte	0x34
 256 01ed 70000000 		.4byte	0x70
 257 01f1 01       		.uleb128 0x1
 258 01f2 19010000 		.4byte	.LASF43
 259 01f6 57       		.byte	0x57
 260 01f7 44       		.byte	0x44
 261 01f8 70000000 		.4byte	0x70
 262 01fc 01       		.uleb128 0x1
 263 01fd 97020000 		.4byte	.LASF44
 264 0201 5A       		.byte	0x5a
 265 0202 11       		.byte	0x11
 266 0203 70000000 		.4byte	0x70
 267 0207 01       		.uleb128 0x1
 268 0208 1F000000 		.4byte	.LASF45
 269 020c 5A       		.byte	0x5a
 270 020d 25       		.byte	0x25
 271 020e 70000000 		.4byte	0x70
 272 0212 01       		.uleb128 0x1
 273 0213 37020000 		.4byte	.LASF46
 274 0217 5A       		.byte	0x5a
 275 0218 34       		.byte	0x34
 276 0219 70000000 		.4byte	0x70
 277 021d 01       		.uleb128 0x1
 278 021e 50000000 		.4byte	.LASF47
 279 0222 5A       		.byte	0x5a
 280 0223 44       		.byte	0x44
 281 0224 70000000 		.4byte	0x70
 282 0228 0C       		.uleb128 0xc
 283 0229 C3000000 		.4byte	0xc3
 284 022d 38020000 		.4byte	0x238
 285 0231 0D       		.uleb128 0xd
ARM GAS  C:\Users\Ridwane\AppData\Local\Temp\ccryF50d.s 			page 6


 286 0232 69000000 		.4byte	0x69
 287 0236 07       		.byte	0x7
 288 0237 00       		.byte	0
 289 0238 08       		.uleb128 0x8
 290 0239 28020000 		.4byte	0x228
 291 023d 0E       		.uleb128 0xe
 292 023e ED010000 		.4byte	.LASF48
 293 0242 03       		.byte	0x3
 294 0243 61       		.byte	0x61
 295 0244 1E       		.byte	0x1e
 296 0245 38020000 		.4byte	0x238
 297 0249 0F       		.uleb128 0xf
 298 024a 00000000 		.4byte	.LASF55
 299 024e 03       		.byte	0x3
 300 024f EC       		.byte	0xec
 301 0250 06       		.byte	0x6
 302 0251 76020000 		.4byte	0x276
 303 0255 05       		.uleb128 0x5
 304 0256 72617000 		.ascii	"rap\000"
 305 025a EE       		.byte	0xee
 306 025b 1A       		.byte	0x1a
 307 025c 76020000 		.4byte	0x276
 308 0260 10       		.uleb128 0x10
 309 0261 05       		.uleb128 0x5
 310 0262 747000   		.ascii	"tp\000"
 311 0265 F1       		.byte	0xf1
 312 0266 0F       		.byte	0xf
 313 0267 B2000000 		.4byte	0xb2
 314 026b 05       		.uleb128 0x5
 315 026c 7000     		.ascii	"p\000"
 316 026e F2       		.byte	0xf2
 317 026f 0F       		.byte	0xf
 318 0270 B2000000 		.4byte	0xb2
 319 0274 00       		.byte	0
 320 0275 00       		.byte	0
 321 0276 07       		.uleb128 0x7
 322 0277 C3000000 		.4byte	0xc3
 323 027b 11       		.uleb128 0x11
 324 027c CB010000 		.4byte	.LASF56
 325 0280 03       		.byte	0x3
 326 0281 BB       		.byte	0xbb
 327 0282 06       		.byte	0x6
 328 0283 06       		.uleb128 0x6
 329 0284 47010000 		.4byte	.LASF49
 330 0288 AE       		.byte	0xae
 331 0289 06       		.uleb128 0x6
 332 028a AA020000 		.4byte	.LASF50
 333 028e A0       		.byte	0xa0
 334 028f 06       		.uleb128 0x6
 335 0290 D0000000 		.4byte	.LASF51
 336 0294 8D       		.byte	0x8d
 337 0295 00       		.byte	0
 338              		.section	.gnu.debuglto_.debug_abbrev,"e",%progbits
 339              	.Ldebug_abbrev0:
 340 0000 01       		.uleb128 0x1
 341 0001 34       		.uleb128 0x34
 342 0002 00       		.byte	0
ARM GAS  C:\Users\Ridwane\AppData\Local\Temp\ccryF50d.s 			page 7


 343 0003 03       		.uleb128 0x3
 344 0004 0E       		.uleb128 0xe
 345 0005 3A       		.uleb128 0x3a
 346 0006 21       		.uleb128 0x21
 347 0007 03       		.sleb128 3
 348 0008 3B       		.uleb128 0x3b
 349 0009 0B       		.uleb128 0xb
 350 000a 39       		.uleb128 0x39
 351 000b 0B       		.uleb128 0xb
 352 000c 49       		.uleb128 0x49
 353 000d 13       		.uleb128 0x13
 354 000e 3F       		.uleb128 0x3f
 355 000f 19       		.uleb128 0x19
 356 0010 3C       		.uleb128 0x3c
 357 0011 19       		.uleb128 0x19
 358 0012 00       		.byte	0
 359 0013 00       		.byte	0
 360 0014 02       		.uleb128 0x2
 361 0015 24       		.uleb128 0x24
 362 0016 00       		.byte	0
 363 0017 0B       		.uleb128 0xb
 364 0018 0B       		.uleb128 0xb
 365 0019 3E       		.uleb128 0x3e
 366 001a 0B       		.uleb128 0xb
 367 001b 03       		.uleb128 0x3
 368 001c 0E       		.uleb128 0xe
 369 001d 00       		.byte	0
 370 001e 00       		.byte	0
 371 001f 03       		.uleb128 0x3
 372 0020 0D       		.uleb128 0xd
 373 0021 00       		.byte	0
 374 0022 03       		.uleb128 0x3
 375 0023 0E       		.uleb128 0xe
 376 0024 3A       		.uleb128 0x3a
 377 0025 21       		.uleb128 0x21
 378 0026 03       		.sleb128 3
 379 0027 3B       		.uleb128 0x3b
 380 0028 0B       		.uleb128 0xb
 381 0029 39       		.uleb128 0x39
 382 002a 21       		.uleb128 0x21
 383 002b 1A       		.sleb128 26
 384 002c 49       		.uleb128 0x49
 385 002d 13       		.uleb128 0x13
 386 002e 38       		.uleb128 0x38
 387 002f 0B       		.uleb128 0xb
 388 0030 00       		.byte	0
 389 0031 00       		.byte	0
 390 0032 04       		.uleb128 0x4
 391 0033 16       		.uleb128 0x16
 392 0034 00       		.byte	0
 393 0035 03       		.uleb128 0x3
 394 0036 0E       		.uleb128 0xe
 395 0037 3A       		.uleb128 0x3a
 396 0038 0B       		.uleb128 0xb
 397 0039 3B       		.uleb128 0x3b
 398 003a 0B       		.uleb128 0xb
 399 003b 39       		.uleb128 0x39
ARM GAS  C:\Users\Ridwane\AppData\Local\Temp\ccryF50d.s 			page 8


 400 003c 0B       		.uleb128 0xb
 401 003d 49       		.uleb128 0x49
 402 003e 13       		.uleb128 0x13
 403 003f 00       		.byte	0
 404 0040 00       		.byte	0
 405 0041 05       		.uleb128 0x5
 406 0042 34       		.uleb128 0x34
 407 0043 00       		.byte	0
 408 0044 03       		.uleb128 0x3
 409 0045 08       		.uleb128 0x8
 410 0046 3A       		.uleb128 0x3a
 411 0047 21       		.uleb128 0x21
 412 0048 03       		.sleb128 3
 413 0049 3B       		.uleb128 0x3b
 414 004a 0B       		.uleb128 0xb
 415 004b 39       		.uleb128 0x39
 416 004c 0B       		.uleb128 0xb
 417 004d 49       		.uleb128 0x49
 418 004e 13       		.uleb128 0x13
 419 004f 00       		.byte	0
 420 0050 00       		.byte	0
 421 0051 06       		.uleb128 0x6
 422 0052 2E       		.uleb128 0x2e
 423 0053 00       		.byte	0
 424 0054 3F       		.uleb128 0x3f
 425 0055 19       		.uleb128 0x19
 426 0056 03       		.uleb128 0x3
 427 0057 0E       		.uleb128 0xe
 428 0058 3A       		.uleb128 0x3a
 429 0059 21       		.uleb128 0x21
 430 005a 03       		.sleb128 3
 431 005b 3B       		.uleb128 0x3b
 432 005c 0B       		.uleb128 0xb
 433 005d 39       		.uleb128 0x39
 434 005e 21       		.uleb128 0x21
 435 005f 06       		.sleb128 6
 436 0060 27       		.uleb128 0x27
 437 0061 19       		.uleb128 0x19
 438 0062 00       		.byte	0
 439 0063 00       		.byte	0
 440 0064 07       		.uleb128 0x7
 441 0065 0F       		.uleb128 0xf
 442 0066 00       		.byte	0
 443 0067 0B       		.uleb128 0xb
 444 0068 21       		.uleb128 0x21
 445 0069 04       		.sleb128 4
 446 006a 49       		.uleb128 0x49
 447 006b 13       		.uleb128 0x13
 448 006c 00       		.byte	0
 449 006d 00       		.byte	0
 450 006e 08       		.uleb128 0x8
 451 006f 26       		.uleb128 0x26
 452 0070 00       		.byte	0
 453 0071 49       		.uleb128 0x49
 454 0072 13       		.uleb128 0x13
 455 0073 00       		.byte	0
 456 0074 00       		.byte	0
ARM GAS  C:\Users\Ridwane\AppData\Local\Temp\ccryF50d.s 			page 9


 457 0075 09       		.uleb128 0x9
 458 0076 11       		.uleb128 0x11
 459 0077 01       		.byte	0x1
 460 0078 25       		.uleb128 0x25
 461 0079 0E       		.uleb128 0xe
 462 007a 13       		.uleb128 0x13
 463 007b 0B       		.uleb128 0xb
 464 007c 03       		.uleb128 0x3
 465 007d 0E       		.uleb128 0xe
 466 007e 1B       		.uleb128 0x1b
 467 007f 0E       		.uleb128 0xe
 468 0080 10       		.uleb128 0x10
 469 0081 17       		.uleb128 0x17
 470 0082 00       		.byte	0
 471 0083 00       		.byte	0
 472 0084 0A       		.uleb128 0xa
 473 0085 24       		.uleb128 0x24
 474 0086 00       		.byte	0
 475 0087 0B       		.uleb128 0xb
 476 0088 0B       		.uleb128 0xb
 477 0089 3E       		.uleb128 0x3e
 478 008a 0B       		.uleb128 0xb
 479 008b 03       		.uleb128 0x3
 480 008c 08       		.uleb128 0x8
 481 008d 00       		.byte	0
 482 008e 00       		.byte	0
 483 008f 0B       		.uleb128 0xb
 484 0090 13       		.uleb128 0x13
 485 0091 01       		.byte	0x1
 486 0092 0B       		.uleb128 0xb
 487 0093 0B       		.uleb128 0xb
 488 0094 3A       		.uleb128 0x3a
 489 0095 0B       		.uleb128 0xb
 490 0096 3B       		.uleb128 0x3b
 491 0097 0B       		.uleb128 0xb
 492 0098 39       		.uleb128 0x39
 493 0099 0B       		.uleb128 0xb
 494 009a 01       		.uleb128 0x1
 495 009b 13       		.uleb128 0x13
 496 009c 00       		.byte	0
 497 009d 00       		.byte	0
 498 009e 0C       		.uleb128 0xc
 499 009f 01       		.uleb128 0x1
 500 00a0 01       		.byte	0x1
 501 00a1 49       		.uleb128 0x49
 502 00a2 13       		.uleb128 0x13
 503 00a3 01       		.uleb128 0x1
 504 00a4 13       		.uleb128 0x13
 505 00a5 00       		.byte	0
 506 00a6 00       		.byte	0
 507 00a7 0D       		.uleb128 0xd
 508 00a8 21       		.uleb128 0x21
 509 00a9 00       		.byte	0
 510 00aa 49       		.uleb128 0x49
 511 00ab 13       		.uleb128 0x13
 512 00ac 2F       		.uleb128 0x2f
 513 00ad 0B       		.uleb128 0xb
ARM GAS  C:\Users\Ridwane\AppData\Local\Temp\ccryF50d.s 			page 10


 514 00ae 00       		.byte	0
 515 00af 00       		.byte	0
 516 00b0 0E       		.uleb128 0xe
 517 00b1 34       		.uleb128 0x34
 518 00b2 00       		.byte	0
 519 00b3 03       		.uleb128 0x3
 520 00b4 0E       		.uleb128 0xe
 521 00b5 3A       		.uleb128 0x3a
 522 00b6 0B       		.uleb128 0xb
 523 00b7 3B       		.uleb128 0x3b
 524 00b8 0B       		.uleb128 0xb
 525 00b9 39       		.uleb128 0x39
 526 00ba 0B       		.uleb128 0xb
 527 00bb 49       		.uleb128 0x49
 528 00bc 13       		.uleb128 0x13
 529 00bd 00       		.byte	0
 530 00be 00       		.byte	0
 531 00bf 0F       		.uleb128 0xf
 532 00c0 2E       		.uleb128 0x2e
 533 00c1 01       		.byte	0x1
 534 00c2 3F       		.uleb128 0x3f
 535 00c3 19       		.uleb128 0x19
 536 00c4 03       		.uleb128 0x3
 537 00c5 0E       		.uleb128 0xe
 538 00c6 3A       		.uleb128 0x3a
 539 00c7 0B       		.uleb128 0xb
 540 00c8 3B       		.uleb128 0x3b
 541 00c9 0B       		.uleb128 0xb
 542 00ca 39       		.uleb128 0x39
 543 00cb 0B       		.uleb128 0xb
 544 00cc 27       		.uleb128 0x27
 545 00cd 19       		.uleb128 0x19
 546 00ce 01       		.uleb128 0x1
 547 00cf 13       		.uleb128 0x13
 548 00d0 00       		.byte	0
 549 00d1 00       		.byte	0
 550 00d2 10       		.uleb128 0x10
 551 00d3 0B       		.uleb128 0xb
 552 00d4 01       		.byte	0x1
 553 00d5 00       		.byte	0
 554 00d6 00       		.byte	0
 555 00d7 11       		.uleb128 0x11
 556 00d8 2E       		.uleb128 0x2e
 557 00d9 00       		.byte	0
 558 00da 3F       		.uleb128 0x3f
 559 00db 19       		.uleb128 0x19
 560 00dc 03       		.uleb128 0x3
 561 00dd 0E       		.uleb128 0xe
 562 00de 3A       		.uleb128 0x3a
 563 00df 0B       		.uleb128 0xb
 564 00e0 3B       		.uleb128 0x3b
 565 00e1 0B       		.uleb128 0xb
 566 00e2 39       		.uleb128 0x39
 567 00e3 0B       		.uleb128 0xb
 568 00e4 27       		.uleb128 0x27
 569 00e5 19       		.uleb128 0x19
 570 00e6 8701     		.uleb128 0x87
ARM GAS  C:\Users\Ridwane\AppData\Local\Temp\ccryF50d.s 			page 11


 571 00e8 19       		.uleb128 0x19
 572 00e9 00       		.byte	0
 573 00ea 00       		.byte	0
 574 00eb 00       		.byte	0
 575              		.section	.gnu.debuglto_.debug_line,"e",%progbits
 576              	.Ldebug_line0:
 577 0000 48000000 		.4byte	.LELT0-.LSLT0
 578              	.LSLT0:
 579 0004 0500     		.2byte	0x5
 580 0006 04       		.byte	0x4
 581 0007 00       		.byte	0
 582 0008 40000000 		.4byte	.LELTP0-.LASLTP0
 583              	.LASLTP0:
 584 000c 01       		.byte	0x1
 585 000d 01       		.byte	0x1
 586 000e 01       		.byte	0x1
 587 000f F6       		.byte	0xf6
 588 0010 F2       		.byte	0xf2
 589 0011 0D       		.byte	0xd
 590 0012 00       		.byte	0
 591 0013 01       		.byte	0x1
 592 0014 01       		.byte	0x1
 593 0015 01       		.byte	0x1
 594 0016 01       		.byte	0x1
 595 0017 00       		.byte	0
 596 0018 00       		.byte	0
 597 0019 00       		.byte	0
 598 001a 01       		.byte	0x1
 599 001b 00       		.byte	0
 600 001c 00       		.byte	0
 601 001d 01       		.byte	0x1
 602 001e 01       		.byte	0x1
 603 001f 01       		.uleb128 0x1
 604 0020 1F       		.uleb128 0x1f
 605 0021 04       		.uleb128 0x4
 606 0022 9D000000 		.4byte	.LASF57
 607 0026 00000000 		.4byte	.LASF58
 608 002a 09010000 		.4byte	.LASF59
 609 002e 39000000 		.4byte	.LASF60
 610 0032 02       		.byte	0x2
 611 0033 01       		.uleb128 0x1
 612 0034 1F       		.uleb128 0x1f
 613 0035 02       		.uleb128 0x2
 614 0036 0B       		.uleb128 0xb
 615 0037 04       		.uleb128 0x4
 616 0038 C9000000 		.4byte	.LASF61
 617 003c 00       		.byte	0
 618 003d 8C000000 		.4byte	.LASF62
 619 0041 02       		.byte	0x2
 620 0042 60010000 		.4byte	.LASF63
 621 0046 03       		.byte	0x3
 622 0047 C2000000 		.4byte	.LASF64
 623 004b 01       		.byte	0x1
 624              	.LELTP0:
 625              	.LELT0:
 626              		.section	.gnu.debuglto_.debug_str,"eMS",%progbits,1
 627              	.LASF55:
ARM GAS  C:\Users\Ridwane\AppData\Local\Temp\ccryF50d.s 			page 12


 628 0000 5F5F696E 		.ascii	"__init_ram_areas\000"
 628      69745F72 
 628      616D5F61 
 628      72656173 
 628      00
 629              	.LASF25:
 630 0011 5F5F7261 		.ascii	"__ram2_init__\000"
 630      6D325F69 
 630      6E69745F 
 630      5F00
 631              	.LASF45:
 632 001f 5F5F7261 		.ascii	"__ram7_init__\000"
 632      6D375F69 
 632      6E69745F 
 632      5F00
 633              	.LASF19:
 634 002d 5F5F7261 		.ascii	"__ram0_noinit__\000"
 634      6D305F6E 
 634      6F696E69 
 634      745F5F00 
 635              	.LASF36:
 636 003d 5F5F7261 		.ascii	"__ram5_init_text__\000"
 636      6D355F69 
 636      6E69745F 
 636      74657874 
 636      5F5F00
 637              	.LASF47:
 638 0050 5F5F7261 		.ascii	"__ram7_noinit__\000"
 638      6D375F6E 
 638      6F696E69 
 638      745F5F00 
 639              	.LASF12:
 640 0060 696E6974 		.ascii	"init_area\000"
 640      5F617265 
 640      6100
 641              	.LASF53:
 642 006a 2E2E2F2E 		.ascii	"../../chibios2111/os/common/startup/ARMCMx/compiler"
 642      2E2F6368 
 642      6962696F 
 642      73323131 
 642      312F6F73 
 643 009d 732F4743 		.ascii	"s/GCC/crt1.c\000"
 643      432F6372 
 643      74312E63 
 643      00
 644              	.LASF16:
 645 00aa 5F5F7261 		.ascii	"__ram0_init_text__\000"
 645      6D305F69 
 645      6E69745F 
 645      74657874 
 645      5F5F00
 646              	.LASF3:
 647 00bd 73686F72 		.ascii	"short unsigned int\000"
 647      7420756E 
 647      7369676E 
 647      65642069 
 647      6E7400
ARM GAS  C:\Users\Ridwane\AppData\Local\Temp\ccryF50d.s 			page 13


 648              	.LASF51:
 649 00d0 5F5F6370 		.ascii	"__cpu_init\000"
 649      755F696E 
 649      697400
 650              	.LASF21:
 651 00db 5F5F7261 		.ascii	"__ram1_init__\000"
 651      6D315F69 
 651      6E69745F 
 651      5F00
 652              	.LASF41:
 653 00e9 5F5F7261 		.ascii	"__ram6_init__\000"
 653      6D365F69 
 653      6E69745F 
 653      5F00
 654              	.LASF40:
 655 00f7 5F5F7261 		.ascii	"__ram6_init_text__\000"
 655      6D365F69 
 655      6E69745F 
 655      74657874 
 655      5F5F00
 656              	.LASF30:
 657 010a 5F5F7261 		.ascii	"__ram3_clear__\000"
 657      6D335F63 
 657      6C656172 
 657      5F5F00
 658              	.LASF43:
 659 0119 5F5F7261 		.ascii	"__ram6_noinit__\000"
 659      6D365F6E 
 659      6F696E69 
 659      745F5F00 
 660              	.LASF28:
 661 0129 5F5F7261 		.ascii	"__ram3_init_text__\000"
 661      6D335F69 
 661      6E69745F 
 661      74657874 
 661      5F5F00
 662              	.LASF13:
 663 013c 636C6561 		.ascii	"clear_area\000"
 663      725F6172 
 663      656100
 664              	.LASF49:
 665 0147 5F5F6C61 		.ascii	"__late_init\000"
 665      74655F69 
 665      6E697400 
 666              	.LASF42:
 667 0153 5F5F7261 		.ascii	"__ram6_clear__\000"
 667      6D365F63 
 667      6C656172 
 667      5F5F00
 668              	.LASF5:
 669 0162 6C6F6E67 		.ascii	"long unsigned int\000"
 669      20756E73 
 669      69676E65 
 669      6420696E 
 669      7400
 670              	.LASF17:
 671 0174 5F5F7261 		.ascii	"__ram0_init__\000"
ARM GAS  C:\Users\Ridwane\AppData\Local\Temp\ccryF50d.s 			page 14


 671      6D305F69 
 671      6E69745F 
 671      5F00
 672              	.LASF37:
 673 0182 5F5F7261 		.ascii	"__ram5_init__\000"
 673      6D355F69 
 673      6E69745F 
 673      5F00
 674              	.LASF22:
 675 0190 5F5F7261 		.ascii	"__ram1_clear__\000"
 675      6D315F63 
 675      6C656172 
 675      5F5F00
 676              	.LASF39:
 677 019f 5F5F7261 		.ascii	"__ram5_noinit__\000"
 677      6D355F6E 
 677      6F696E69 
 677      745F5F00 
 678              	.LASF29:
 679 01af 5F5F7261 		.ascii	"__ram3_init__\000"
 679      6D335F69 
 679      6E69745F 
 679      5F00
 680              	.LASF1:
 681 01bd 756E7369 		.ascii	"unsigned char\000"
 681      676E6564 
 681      20636861 
 681      7200
 682              	.LASF56:
 683 01cb 5F5F6465 		.ascii	"__default_exit\000"
 683      6661756C 
 683      745F6578 
 683      697400
 684              	.LASF24:
 685 01da 5F5F7261 		.ascii	"__ram2_init_text__\000"
 685      6D325F69 
 685      6E69745F 
 685      74657874 
 685      5F5F00
 686              	.LASF48:
 687 01ed 72616D5F 		.ascii	"ram_areas\000"
 687      61726561 
 687      7300
 688              	.LASF9:
 689 01f7 5F5F7569 		.ascii	"__uint32_t\000"
 689      6E743332 
 689      5F7400
 690              	.LASF15:
 691 0202 72616D5F 		.ascii	"ram_init_area_t\000"
 691      696E6974 
 691      5F617265 
 691      615F7400 
 692              	.LASF54:
 693 0212 433A5C43 		.ascii	"C:\\ChibiStudio\\workspace_user\\Falcon\000"
 693      68696269 
 693      53747564 
 693      696F5C77 
ARM GAS  C:\Users\Ridwane\AppData\Local\Temp\ccryF50d.s 			page 15


 693      6F726B73 
 694              	.LASF46:
 695 0237 5F5F7261 		.ascii	"__ram7_clear__\000"
 695      6D375F63 
 695      6C656172 
 695      5F5F00
 696              	.LASF33:
 697 0246 5F5F7261 		.ascii	"__ram4_init__\000"
 697      6D345F69 
 697      6E69745F 
 697      5F00
 698              	.LASF34:
 699 0254 5F5F7261 		.ascii	"__ram4_clear__\000"
 699      6D345F63 
 699      6C656172 
 699      5F5F00
 700              	.LASF35:
 701 0263 5F5F7261 		.ascii	"__ram4_noinit__\000"
 701      6D345F6E 
 701      6F696E69 
 701      745F5F00 
 702              	.LASF8:
 703 0273 756E7369 		.ascii	"unsigned int\000"
 703      676E6564 
 703      20696E74 
 703      00
 704              	.LASF7:
 705 0280 6C6F6E67 		.ascii	"long long unsigned int\000"
 705      206C6F6E 
 705      6720756E 
 705      7369676E 
 705      65642069 
 706              	.LASF44:
 707 0297 5F5F7261 		.ascii	"__ram7_init_text__\000"
 707      6D375F69 
 707      6E69745F 
 707      74657874 
 707      5F5F00
 708              	.LASF50:
 709 02aa 5F5F6561 		.ascii	"__early_init\000"
 709      726C795F 
 709      696E6974 
 709      00
 710              	.LASF52:
 711 02b7 474E5520 		.ascii	"GNU C17 11.3.1 20220712 -mcpu=cortex-m4 -mthumb -mf"
 711      43313720 
 711      31312E33 
 711      2E312032 
 711      30323230 
 712 02ea 6C6F6174 		.ascii	"loat-abi=soft -march=armv7e-m -ggdb -O0 -fomit-fram"
 712      2D616269 
 712      3D736F66 
 712      74202D6D 
 712      61726368 
 713 031d 652D706F 		.ascii	"e-pointer -falign-functions=16 -ffunction-sections "
 713      696E7465 
 713      72202D66 
ARM GAS  C:\Users\Ridwane\AppData\Local\Temp\ccryF50d.s 			page 16


 713      616C6967 
 713      6E2D6675 
 714 0350 2D666461 		.ascii	"-fdata-sections -fno-common -flto\000"
 714      74612D73 
 714      65637469 
 714      6F6E7320 
 714      2D666E6F 
 715              	.LASF31:
 716 0372 5F5F7261 		.ascii	"__ram3_noinit__\000"
 716      6D335F6E 
 716      6F696E69 
 716      745F5F00 
 717              	.LASF6:
 718 0382 6C6F6E67 		.ascii	"long long int\000"
 718      206C6F6E 
 718      6720696E 
 718      7400
 719              	.LASF27:
 720 0390 5F5F7261 		.ascii	"__ram2_noinit__\000"
 720      6D325F6E 
 720      6F696E69 
 720      745F5F00 
 721              	.LASF20:
 722 03a0 5F5F7261 		.ascii	"__ram1_init_text__\000"
 722      6D315F69 
 722      6E69745F 
 722      74657874 
 722      5F5F00
 723              	.LASF26:
 724 03b3 5F5F7261 		.ascii	"__ram2_clear__\000"
 724      6D325F63 
 724      6C656172 
 724      5F5F00
 725              	.LASF32:
 726 03c2 5F5F7261 		.ascii	"__ram4_init_text__\000"
 726      6D345F69 
 726      6E69745F 
 726      74657874 
 726      5F5F00
 727              	.LASF2:
 728 03d5 73686F72 		.ascii	"short int\000"
 728      7420696E 
 728      7400
 729              	.LASF11:
 730 03df 696E6974 		.ascii	"init_text_area\000"
 730      5F746578 
 730      745F6172 
 730      656100
 731              	.LASF18:
 732 03ee 5F5F7261 		.ascii	"__ram0_clear__\000"
 732      6D305F63 
 732      6C656172 
 732      5F5F00
 733              	.LASF10:
 734 03fd 75696E74 		.ascii	"uint32_t\000"
 734      33325F74 
 734      00
ARM GAS  C:\Users\Ridwane\AppData\Local\Temp\ccryF50d.s 			page 17


 735              	.LASF4:
 736 0406 6C6F6E67 		.ascii	"long int\000"
 736      20696E74 
 736      00
 737              	.LASF23:
 738 040f 5F5F7261 		.ascii	"__ram1_noinit__\000"
 738      6D315F6E 
 738      6F696E69 
 738      745F5F00 
 739              	.LASF14:
 740 041f 6E6F5F69 		.ascii	"no_init_area\000"
 740      6E69745F 
 740      61726561 
 740      00
 741              	.LASF0:
 742 042c 7369676E 		.ascii	"signed char\000"
 742      65642063 
 742      68617200 
 743              	.LASF38:
 744 0438 5F5F7261 		.ascii	"__ram5_clear__\000"
 744      6D355F63 
 744      6C656172 
 744      5F5F00
 745              		.section	.gnu.debuglto_.debug_line_str,"eMS",%progbits,1
 746              	.LASF58:
 747 0000 2E2E2F2E 		.ascii	"../../chibios2111/os/common/startup/ARMCMx/compiler"
 747      2E2F6368 
 747      6962696F 
 747      73323131 
 747      312F6F73 
 748 0033 732F4743 		.ascii	"s/GCC\000"
 748      4300
 749              	.LASF60:
 750 0039 633A5C63 		.ascii	"c:\\chibistudio\\tools\\gnu tools arm embedded\\11."
 750      68696269 
 750      73747564 
 750      696F5C74 
 750      6F6F6C73 
 751 0068 33203230 		.ascii	"3 2022.08\\arm-none-eabi\\include\\sys\000"
 751      32322E30 
 751      385C6172 
 751      6D2D6E6F 
 751      6E652D65 
 752              	.LASF62:
 753 008c 5F646566 		.ascii	"_default_types.h\000"
 753      61756C74 
 753      5F747970 
 753      65732E68 
 753      00
 754              	.LASF57:
 755 009d 433A5C43 		.ascii	"C:\\ChibiStudio\\workspace_user\\Falcon\000"
 755      68696269 
 755      53747564 
 755      696F5C77 
 755      6F726B73 
 756              	.LASF64:
 757 00c2 63727431 		.ascii	"crt1.c\000"
ARM GAS  C:\Users\Ridwane\AppData\Local\Temp\ccryF50d.s 			page 18


 757      2E6300
 758              	.LASF61:
 759 00c9 2E2E2F2E 		.ascii	"../../chibios2111/os/common/startup/ARMCMx/compiler"
 759      2E2F6368 
 759      6962696F 
 759      73323131 
 759      312F6F73 
 760 00fc 732F4743 		.ascii	"s/GCC/crt1.c\000"
 760      432F6372 
 760      74312E63 
 760      00
 761              	.LASF59:
 762 0109 633A5C63 		.ascii	"c:\\chibistudio\\tools\\gnu tools arm embedded\\11."
 762      68696269 
 762      73747564 
 762      696F5C74 
 762      6F6F6C73 
 763 0138 33203230 		.ascii	"3 2022.08\\arm-none-eabi\\include\\machine\000"
 763      32322E30 
 763      385C6172 
 763      6D2D6E6F 
 763      6E652D65 
 764              	.LASF63:
 765 0160 5F737464 		.ascii	"_stdint.h\000"
 765      696E742E 
 765      6800
 766              		.text
 767              		.section	.gnu.lto_.inline.98e542c8,"e",%progbits
 768 0000 789CDBC8 		.ascii	"x\234\333\310\200\000\254\014\014\314\015@\300\224\302"
 768      8000AC0C 
 768      0CCC0D40 
 768      C094C2
 769 000f C0C0C404 		.ascii	"\300\300\304\004c\26104\002YuL\014L 5\214\204\2250\021"
 769      63B13034 
 769      0259754C 
 769      0C4C2035 
 769      8C849530 
 770 0024 56C20CA4 		.ascii	"V\302\014\244\300|\220j\030\013U\011\013\203\010\220"
 770      C07C906A 
 770      180B5509 
 770      0B830890 
 771 0034 B781291D 		.ascii	"\267\201)\035\250D\005\306BU\302\000\000\252,&K"
 771      A84405C6 
 771      4255C200 
 771      00AA2C26 
 771      4B
 772              		.text
 773              		.section	.gnu.lto_.jmpfuncs.98e542c8,"e",%progbits
 774 0000 789C6362 		.ascii	"x\234cb@\006\000\000*\000\003"
 774      40060000 
 774      2A0003
 775              		.text
 776              		.section	.gnu.lto_.ipa_modref.98e542c8,"e",%progbits
 777 0000 789C6362 		.ascii	"x\234cb@\006\000\000*\000\003"
 777      40060000 
 777      2A0003
 778              		.text
ARM GAS  C:\Users\Ridwane\AppData\Local\Temp\ccryF50d.s 			page 19


 779              		.section	.gnu.lto_.lto.98e542c8,"e",%progbits
 780 0000 0B000300 		.ascii	"\013\000\003\000\001\000\000\000"
 780      01000000 
 781              		.text
 782              		.section	.gnu.lto_ram_areas.130.98e542c8,"e",%progbits
 783 0000 789C4DCE 		.ascii	"x\234M\316\313O\023Q\024\006\360\371\212\255K\331\270"
 783      CB4F1351 
 783      1406F0F9 
 783      8AAD4BD9 
 783      B8
 784 0011 73CB8E74 		.ascii	"s\313\216tRu\305F\233\011\022C\032#\015!\206\2322\216"
 784      5275C546 
 784      9B091243 
 784      1A230D21 
 784      869A328E 
 785 0025 133B692F 		.ascii	"\023;i/\267\363h\300\020sKW\004\376\012v\356\015iKE"
 785      B7F368C0 
 785      10734B57 
 785      04FE0A76 
 785      EE0D694B 
 786 003a F02DF844 		.ascii	"\360-\370D\021y\251(\012lt\005\221\005\013o\235\216"
 786      1179A928 
 786      0A6C7405 
 786      91050B6F 
 786      9D8E
 787 004c 736EEEE2 		.ascii	"sn\356\342;''\277|\343\021E\311)\376\213b\022\225r\371"
 787      3B2727BF 
 787      7CE31145 
 787      C929FE8B 
 787      62129572 
 788 0061 B832F567 		.ascii	"\2702\365g\372\224\270\023\314\373\235b\354\177>#n\007"
 788      FA94B813 
 788      CCFB9D62 
 788      EC7F3E23 
 788      6E07
 789 0073 F96E448C 		.ascii	"\371nD\214\310|\2412Qn/\271\263\260\353\3405\260*\242"
 789      C87CA132 
 789      516E2FB9 
 789      B3B0EBE0 
 789      35B02AA2 
 790 0087 889DC6C9 		.ascii	"\210\235\306\311\326\325\321\241\264\362\304\262\210"
 790      D6D5D1A1 
 790      B4F2C4B2 
 790      88
 791 0094 758B5866 		.ascii	"u\213Xfh-\300\236\007\177\0006\347[\261\326U\355@Z\006"
 791      682DC09E 
 791      077F0036 
 791      E75BB1D6 
 791      55ED405A 
 792 00a9 B1746265 		.ascii	"\261tbe\211u=\264\236\301~\012\376\004\354\261oE\203"
 792      89753DB4 
 792      9EC17E0A 
 792      FE04ECB1 
 792      6F4583
 793 00bc 5EBFA535 		.ascii	"^\277\2455H\254k\304\032 V\177h\275\202\375\022|\011"
 793      48AC6BC4 
 793      1A20567F 
ARM GAS  C:\Users\Ridwane\AppData\Local\Temp\ccryF50d.s 			page 20


 793      68BD82FD 
 793      127C09
 794 00cf 6CD1B74E 		.ascii	"l\321\267N\004\275~I+M\254\253\304\272B\254Th\275\207"
 794      04BD7E49 
 794      2B4DACAB 
 794      C4BA42AC 
 794      5468BD87 
 795 00e3 BD0CFE0E 		.ascii	"\275\014\376\016\354\255o\265\005\275\366\244\325K\254"
 795      ECAD6FB5 
 795      05BDF6A4 
 795      D54BAC
 796 00f2 CBC4EA21 		.ascii	"\313\304\352!Vwh\255\301\376\004\276\012\366\321\267"
 796      567768AD 
 796      C1FE04BE 
 796      0AF6D1B7 
 797 0102 2241AF5D 		.ascii	"\"A\257]ii\304J\022k^\020lN\204\332\027\330\237\301"
 797      6969C44A 
 797      126B5E10 
 797      6C4E84DA 
 797      17D89FC1 
 798 0116 B7C03611 		.ascii	"\267\3006\0218?\245\323\020\004\252\013\"U\2514C\244"
 798      383FA5D3 
 798      1004AA0B 
 798      2255A934 
 798      43A4
 799 0128 1DD8DFC1 		.ascii	"\035\330\337\301\277\201m\377\333\014\335\023\347~\340"
 799      BF816DFF 
 799      DB0CDD13 
 799      E77EE0
 800 0137 FC576C60 		.ascii	"\374Wl`\035+\370\2007x\215\027x\216Gx\210\373h@\351"
 800      1D2BF880 
 800      37788D17 
 800      788E4778 
 800      88FB6840 
 801 014c D0BA325A 		.ascii	"\320\2722Z\316\272a\245\275\322M\213gF\270\223w\213"
 801      CEBA61A5 
 801      BDD24D8B 
 801      6746B893 
 801      778B
 802 015e BA61664B 		.ascii	"\272afK\256\351d.\351\005\203\017+\027\343qU~\243y\310"
 802      AEE9642E 
 802      E905830F 
 802      2B17E371 
 802      557EA379 
 803 0173 DDB38944 		.ascii	"\335\263\211DB\345\256jp\306\370\260\352z\272\343\225"
 803      42E5AE6A 
 803      70C6F8B0 
 803      EA7ABAE3 
 803      95
 804 0184 8A6AB22F 		.ascii	"\212j\262/\245\245F\233\333\242U0\035W\355\3214\325"
 804      A5A5469B 
 804      DBA25530 
 804      1D57EDD1 
 804      34D5
 805 0196 70BC44DC 		.ascii	"p\274D\334P\376\002\266\342\374\236"
 805      50FE02B6 
 805      E2FC9E
ARM GAS  C:\Users\Ridwane\AppData\Local\Temp\ccryF50d.s 			page 21


 806              		.text
 807              		.section	.gnu.lto___cpu_init.131.98e542c8,"e",%progbits
 808 0000 789C2B60 		.ascii	"x\234+```\310\000bE f`f`\2344\261\213\211\341\377\377"
 808      6060C800 
 808      62452066 
 808      6066609C 
 808      34B18B89 
 809 0017 FFF52C4C 		.ascii	"\377\365,L\214\215*\214\333\031\301lF\206z&\306z\306"
 809      8C8D2A8C 
 809      DB19C16C 
 809      46867A26 
 809      C67AC6
 810 002a 85CCFA0D 		.ascii	"\205\314\372\015\015\015?Z\247\315=\312\330\260\342"
 810      0D0D3F5A 
 810      A7CD3DCA 
 810      D8B0E2
 811 0039 00E32B06 		.ascii	"\000\343+\006\206z\006(\340\206\260\031\201x\375%\326"
 811      867A0628 
 811      E086B019 
 811      8178FD25 
 811      D6
 812 004a 030D7FFE 		.ascii	"\003\015\177\376\36774\374}\304\270Z\225\211\201a\036"
 812      F73734FC 
 812      7DC4B85A 
 812      95898161 
 812      1E
 813 005b 33C84C30 		.ascii	"3\310L0\220\007\252\230\317\314\204\34022\374gjR\000"
 813      9007AA98 
 813      CFCC84E0 
 813      3232FC67 
 813      6A5200
 814 006e 9B318F99 		.ascii	"\2331\217\231\021Y\031\003\203\252\263U\214sFfRfpIi"
 814      11591903 
 814      83AAB355 
 814      8C734666 
 814      52667049 
 815 0083 4A667E4C 		.ascii	"Jf~Ly~QvqAbrj|iqjQ\214[bNr~\036\203\203\236\236>\020"
 815      797E5176 
 815      71416272 
 815      6A7C6971 
 815      6A518C5B 
 816 00a2 258314E6 		.ascii	"%\203\024\346\027\033\031\032\032\352\347\027\353'\347"
 816      171B191A 
 816      1AEAE717 
 816      EB27E7
 817 00b1 E7E6E6E7 		.ascii	"\347\346\346\347\351\027\227$\026\225\224\026\350;\006"
 817      E9179724 
 817      16959416 
 817      E83B06
 818 00c0 F93AFB56 		.ascii	"\371:\373V\200D\0132sR\213\212\365\335\235\235\365\223"
 818      80440B32 
 818      73528B8A 
 818      F5DD9D9D 
 818      F593
 819 00d2 8B4A0CF5 		.ascii	"\213J\014\365\222\031\000\334\001^*"
 819      921900DC 
 819      015E2A
ARM GAS  C:\Users\Ridwane\AppData\Local\Temp\ccryF50d.s 			page 22


 820              		.text
 821              		.section	.gnu.lto___early_init.132.98e542c8,"e",%progbits
 822 0000 789CCB67 		.ascii	"x\234\313g``\310\000bE f`f`\2344\261\213\211\341\377"
 822      6060C800 
 822      62452066 
 822      6066609C 
 822      34B18B89 
 823 0016 FFFFF52C 		.ascii	"\377\377\365,L\214\215*\214\333\031\301lF\206z&\306"
 823      4C8C8D2A 
 823      8CDB19C1 
 823      6C46867A 
 823      26C6
 824 0028 7AC685CC 		.ascii	"z\306\205\314\372\015\015\015?Z\247\2358\312\330\260"
 824      FA0D0D0D 
 824      3F5AA79D 
 824      38CAD8B0 
 825 0038 E200E32B 		.ascii	"\342\000\343+\006\206z\006(\340\206\260\031\201x\375"
 825      06867A06 
 825      28E086B0 
 825      198178FD 
 826 0048 25D6030D 		.ascii	"%\326\003\015\177\376\36774\234]\314h\305\304\3000\217"
 826      7FFEF737 
 826      349C5DCC 
 826      68C5C4C0 
 826      308F
 827 005a 19642418 		.ascii	"\031d$\030\310\003\025\314gfBp\031\031\37635)\200\215"
 827      C80315CC 
 827      67664270 
 827      1919FE33 
 827      3529808D 
 828 006e 98C7CC88 		.ascii	"\230\307\314\210\254\214\201A\325\331*\3069#3)3\270"
 828      AC8C8141 
 828      D5D92AC6 
 828      39233329 
 828      33B8
 829 0080 A4342533 		.ascii	"\2444%3?\246<\277(\273\270 195\276\2648\265(\306-1'"
 829      3FA63CBF 
 829      28BBB820 
 829      313935BE 
 829      B438B528 
 830 0098 393F8FC1 		.ascii	"9?\217\301AOO\037\210\222A\012\363\213\215\014\015\015"
 830      414F4F1F 
 830      8892410A 
 830      F38B8D0C 
 830      0D0D
 831 00aa F5F38BF5 		.ascii	"\365\363\213\365\223\363ss\363\363\364\213K\022\213"
 831      93F37373 
 831      F3F3F48B 
 831      4B128B
 832 00b9 4A4A0BF4 		.ascii	"JJ\013\364\035\203|\235}+@\242\005\2319\251E\305\372"
 832      1D837C9D 
 832      7D2B40A2 
 832      059939A9 
 832      45C5FA
 833 00cc EECECEFA 		.ascii	"\356\316\316\372\311E%\206z\311\014\0007\310]O"
 833      C9452586 
 833      7AC90C00 
ARM GAS  C:\Users\Ridwane\AppData\Local\Temp\ccryF50d.s 			page 23


 833      37C85D4F 
 834              		.text
 835              		.section	.gnu.lto___late_init.133.98e542c8,"e",%progbits
 836 0000 789CCB67 		.ascii	"x\234\313g``\310\000bE f`f`\2344\261\213\211\341\377"
 836      6060C800 
 836      62452066 
 836      6066609C 
 836      34B18B89 
 837 0016 FFFFF52C 		.ascii	"\377\377\365,L\214\215*\214\333\031\301lF\206z&\306"
 837      4C8C8D2A 
 837      8CDB19C1 
 837      6C46867A 
 837      26C6
 838 0028 7AC685CC 		.ascii	"z\306\205\314\372\015\015\015?Z\247\335;\312\330\260"
 838      FA0D0D0D 
 838      3F5AA7DD 
 838      3BCAD8B0 
 839 0038 E200E32B 		.ascii	"\342\000\343+\006\206z\006(\340\206\260\031\201x\375"
 839      06867A06 
 839      28E086B0 
 839      198178FD 
 840 0048 25D6030D 		.ascii	"%\326\003\015\177\376\36774\034]\314h\311\304\3000\217"
 840      7FFEF737 
 840      341C5DCC 
 840      68C9C4C0 
 840      308F
 841 005a 19642418 		.ascii	"\031d$\030\310\003\025\314gfBp\031\031\37635)\200\215"
 841      C80315CC 
 841      67664270 
 841      1919FE33 
 841      3529808D 
 842 006e 98C7CC88 		.ascii	"\230\307\314\210\254\214\201A\325\331*\3069#3)3\270"
 842      AC8C8141 
 842      D5D92AC6 
 842      39233329 
 842      33B8
 843 0080 A4342533 		.ascii	"\2444%3?\246<\277(\273\270 195\276\2648\265(\306-1'"
 843      3FA63CBF 
 843      28BBB820 
 843      313935BE 
 843      B438B528 
 844 0098 393F8FC1 		.ascii	"9?\217\301AOO\037\210\222A\012\363\213\215\014\015\015"
 844      414F4F1F 
 844      8892410A 
 844      F38B8D0C 
 844      0D0D
 845 00aa F5F38BF5 		.ascii	"\365\363\213\365\223\363ss\363\363\364\213K\022\213"
 845      93F37373 
 845      F3F3F48B 
 845      4B128B
 846 00b9 4A4A0BF4 		.ascii	"JJ\013\364\035\203|\235}+@\242\005\2319\251E\305\372"
 846      1D837C9D 
 846      7D2B40A2 
 846      059939A9 
 846      45C5FA
 847 00cc EECECEFA 		.ascii	"\356\316\316\372\311E%\206z\311\014\000C\251]\\"
 847      C9452586 
ARM GAS  C:\Users\Ridwane\AppData\Local\Temp\ccryF50d.s 			page 24


 847      7AC90C00 
 847      43A95D5C 
 848              		.text
 849              		.section	.gnu.lto___default_exit.134.98e542c8,"e",%progbits
 850 0000 789C4B67 		.ascii	"x\234Kg``\310\000b# f`f`\2344\261\213\211\341\377\377"
 850      6060C800 
 850      62232066 
 850      6066609C 
 850      34B18B89 
 851 0017 FFF52C4C 		.ascii	"\377\365,L \366\367\365\233X\030\2673\202\005\030\031"
 851      20F6F7F5 
 851      9B5818B7 
 851      33820518 
 851      19
 852 0028 EA9918EB 		.ascii	"\352\231\030\353\231\230\030\020`!\263~CC\303\217\326"
 852      99981810 
 852      6021B37E 
 852      4343C38F 
 852      D6
 853 0039 69BF8F32 		.ascii	"i\277\21726\2548\300\370\212\201\241\036&\307\015a3"
 853      36AC38C0 
 853      F88A81A1 
 853      1E26C70D 
 853      6133
 854 004b 02F1FA4B 		.ascii	"\002\361\372K\254\007\032\376\374\357oh\270\373\230"
 854      AC071AFE 
 854      FCEF6F68 
 854      B8FB98
 855 005a B1431D28 		.ascii	"\261C\035(4\217\031d\011\030\310\203\271L\010.#\343"
 855      348F1964 
 855      0918C883 
 855      B94C082E 
 855      23E3
 856 006c 3C664664 		.ascii	"<fFdY\006\006Ug\253\030\347\214\314\244\314\340\222"
 856      59060655 
 856      67AB18E7 
 856      8CCCA4CC 
 856      E092
 857 007e D294CCFC 		.ascii	"\322\224\314\374\230\362\374\242\354\342\202\304\344"
 857      98F2FCA2 
 857      ECE282C4 
 857      E4
 858 008b D4F8D2E2 		.ascii	"\324\370\322\342\324\242\030\267\304\234\344\374<\006"
 858      D4A218B7 
 858      C49CE4FC 
 858      3C06
 859 0099 073D3D7D 		.ascii	"\007==} J\006)\314/6244\324\317/\326O\316\317\315\315"
 859      204A0629 
 859      CC2F3632 
 859      3434D4CF 
 859      2FD64FCE 
 860 00b0 CFD32F2E 		.ascii	"\317\323/.I,*)-\320w\014\362u\366\255\000\211\026d\346"
 860      492C2A29 
 860      2DD0770C 
 860      F275F6AD 
 860      00891664 
 861 00c5 A41615EB 		.ascii	"\244\026\025\353\273;;\353'\027\225\030\352%3\000\000"
ARM GAS  C:\Users\Ridwane\AppData\Local\Temp\ccryF50d.s 			page 25


 861      BB3B3BEB 
 861      27179518 
 861      EA253300 
 861      00
 862 00d6 5D7F6013 		.ascii	"]\177`\023"
 863              		.text
 864              		.section	.gnu.lto___init_ram_areas.135.98e542c8,"e",%progbits
 865 0000 789C6D53 		.ascii	"x\234mS]HTQ\020\2369s\377\326\305U\321\350)*\252\247"
 865      5D485451 
 865      109E3973 
 865      FFD6C555 
 865      D1E8292A 
 866 0016 C0757DA8 		.ascii	"\300u}\250\010\202b\241z\361\305^\205\262Uj\251m\267"
 866      088262A1 
 866      7AF1C55E 
 866      85B2556A 
 866      A96DB7
 867 0029 DD352333 		.ascii	"\3355#3oj.l`\256\221d\204\322\317\203P\364CQY\271\273"
 867      6F6A2E6C 
 867      60AE9164 
 867      84D2CF83 
 867      50F44351 
 868 0040 64241144 		.ascii	"d$\021D\004V\017\022\326K\177P\321\237E\3516\347\336"
 868      04560F12 
 868      D64B7F50 
 868      D19F45E9 
 868      36E7DE
 869 0053 DDBC5997 		.ascii	"\335\274Y\227{\317\231\231\363\315\31473\347f\010\240"
 869      7BCF9999 
 869      F3CDCC37 
 869      33E76608 
 869      A0
 870 0064 1D001EF1 		.ascii	"\035\000\036\361\007n\300\336TR@.\227kS\004\036M\025"
 870      076EC0DE 
 870      5452402E 
 870      976B5304 
 870      1E4D15
 871 0077 5912E1B1 		.ascii	"Y\022\341\261T\362C\372\232\202Y\264\014\2124\344a\252"
 871      54F243FA 
 871      9A8259B4 
 871      0C8A34E4 
 871      61AA
 872 0089 E84C1D16 		.ascii	"\350L\035\026\205\223\256\224\307\3325<\336{\372\362"
 872      8593AE94 
 872      C7DA353C 
 872      DE7BFAF2 
 873 0099 2FDD5274 		.ascii	"/\335Rt\251,\266\341\206H8\340\375=/m\301%:\244\371"
 873      A92CB6E1 
 873      864838E0 
 873      FD3D2F6D 
 873      C1253AA4 
 874 00ae 96AD9D28 		.ascii	"\226\255\235(\230\213\360\340\31136\011\2046A\212\252"
 874      988BF0E0 
 874      C9333609 
 874      8436418A 
 874      AA
 875 00bf E986AB08 		.ascii	"\351\206\253\010\231\023\314>\252C6\034\362)\362\232"
ARM GAS  C:\Users\Ridwane\AppData\Local\Temp\ccryF50d.s 			page 26


 875      9913CC3E 
 875      AA43361C 
 875      F229F29A 
 876 00cf A6F9FD50 		.ascii	"\246\371\375P\337\304\030\232CY|\013\320\366\307\007"
 876      DFC4189A 
 876      43597C0B 
 876      D0F6C707 
 877 00df B5725478 		.ascii	"\265rTx\235\207\213T4\202lX\2365\315\217\317\307\272"
 877      9D878B54 
 877      34826C58 
 877      9E35CD8F 
 877      CFC7BA
 878 00f2 3D3D078D 		.ascii	"==\007\215\326\233\3306\2147PBC\343\212\033n\241\364"
 878      D69BD836 
 878      8C375042 
 878      43E38A1B 
 878      6EA1F4
 879 0105 45861E28 		.ascii	"E\206\036(@\337\276JHh\313\210\003\372\216C\032&\346"
 879      40DFBE4A 
 879      4868CB88 
 879      03FA8E43 
 879      1A26E6
 880 0118 2197DE24 		.ascii	"!\227\336$\022fi\347\242\226\214\003\362\202\243e1\215"
 880      126669E7 
 880      A2968C03 
 880      F282A365 
 880      318D
 881 012a 701B2134 		.ascii	"p\033!4\311u\001\341M\304\014\342\010^|\254f\315_\271"
 881      C97501E1 
 881      4DC40CE2 
 881      085E7CAC 
 881      66CD5FB9 
 882 013e 23A6F96A 		.ascii	"#\246\371j\315\010W>\017A\220\000!\210?\005\030\247"
 882      CD08573E 
 882      0F419000 
 882      21883F05 
 882      18A7
 883 0150 02233560 		.ascii	"\002#5`\254.\027\267\264\025K\233G\252%R-\223R\271\\"
 883      AC2E17B7 
 883      B4154B9B 
 883      47AA2552 
 883      2D9352B9 
 884 0165 2AE401C0 		.ascii	"*\344\001\300\000\311\336[\317BV\007I\314\252\010?E"
 884      00C9DE5B 
 884      CF425607 
 884      49CCAA08 
 884      3F45
 885 0177 7B5F726A 		.ascii	"{_rj$Nn\356F\263\244\236\344\275\211\367\363\250\304"
 885      244E6EEE 
 885      46B3A49E 
 885      E4BD89F7 
 885      F3A8C4
 886 018a 46F10E42 		.ascii	"F\361\016B\022\273Lshi\363]\253\202A\2429\376\351\037"
 886      12BB4C73 
 886      6869F35D 
 886      AB8241A2 
 886      39FEE91F 
ARM GAS  C:\Users\Ridwane\AppData\Local\Temp\ccryF50d.s 			page 27


 887 019e 5F3E2FE1 		.ascii	"_>/\341\231R1\207hE\313\225;\377z\376\356=\367\020V"
 887      99523187 
 887      6845CB95 
 887      3BFF7AFE 
 887      EE3DF710 
 888 01b3 749AA611 		.ascii	"t\232\246\021\036\303\020\373J\360\360\327\317D\236"
 888      1EC310FB 
 888      4AF0F0D7 
 888      CF449E
 889 01c2 3C66C889 		.ascii	"<f\310\211\271\217;d\202\004)\344\026\357\177\276v\361"
 889      B98F3B64 
 889      820429E4 
 889      16EF7FBE 
 889      76F1
 890 01d4 85A01257 		.ascii	"\205\240\022Ww\352\205\301\3219\2612'\361\211\303S\351"
 890      77EA85C1 
 890      D139B132 
 890      27F189C3 
 890      53E9
 891 01e6 55C453D1 		.ascii	"U\304S\321Z\020\254xF0\376\000\255<\237\222\343y\032"
 891      5A10AC78 
 891      4630FE00 
 891      AD3C9F92 
 891      E3791A
 892 01f9 148CB28D 		.ascii	"\024\214\262\215\244G\307\325\256\\\272\212\312I\303"
 892      A447C7D5 
 892      AE5CBA8A 
 892      CA49C3
 893 0208 EB797D2C 		.ascii	"\353y},SM\025\244J]\326\246\376S\333\267+*\211<]\303"
 893      534D15A4 
 893      4A5DD6A6 
 893      FE53DBB7 
 893      2B2A893C 
 894 021e C1F6216E 		.ascii	"\301\366!nc\217o\242sbt\037i<&\213\272J\30540\275\237"
 894      638F6FA2 
 894      7362741F 
 894      693C268B 
 894      BA4AC534 
 895 0235 2A94EE5C 		.ascii	"*\224\356\\C\202\355\036\272\300j\27123\275\205'\241"
 895      4382ED1E 
 895      BAC06AB9 
 895      3233BD85 
 895      27A1
 896 0247 39C30F92 		.ascii	"9\303\017\222>'\333\227\3573g\250\300:\302\254\265\240"
 896      3E27DB97 
 896      EF3367A8 
 896      C03AC2AC 
 896      B5A0
 897 0259 550DF39C 		.ascii	"U\015\363\234\312TQ\031\351\005\236\306\\\236\3033\314"
 897      CA545119 
 897      E9059EC6 
 897      5C9EC333 
 897      CC
 898 026a 93FEC3F3 		.ascii	"\223\376\303\36316\316\362\324\211l\236:i\232\002T\246"
 898      3136CEF2 
 898      D4896C9E 
 898      3A699A02 
ARM GAS  C:\Users\Ridwane\AppData\Local\Temp\ccryF50d.s 			page 28


 898      54A6
 899 027c BFCF4DE6 		.ascii	"\277\317M\346\273\353\372;$\347\034\335H%\244\360\237"
 899      BBEBFA3B 
 899      24E71CDD 
 899      4825A4F0 
 899      9F
 900 028d 526AFB9F 		.ascii	"Rj\373\237;; \254\231p\307'\000\215\277\357\312\023"
 900      3B3B20AC 
 900      9970C727 
 900      008DBFEF 
 900      CA13
 901 029f 7957545C 		.ascii	"yWT\\\305Y\207\026\354~\212\343\222\251}w*Z\237\241"
 901      C5598716 
 901      EC7E8AE3 
 901      92A97D77 
 901      2A5A9FA1 
 902 02b3 FDE30D52 		.ascii	"\375\343\015R\2213MN\264O\366\327Z'\003\204\316k\012"
 902      91334D4E 
 902      B44FF6D7 
 902      5A270384 
 902      CE6B0A
 903 02c6 B0CCBFBA 		.ascii	"\260\314\277\272\316\277=\2705\270)\336\324\020\014"
 903      CEBF3DB8 
 903      35B829DE 
 903      D4100C
 904 02d5 D73587A3 		.ascii	"\3275\207\243;b\221\372@\343\346\246Xc\264n}\375\316"
 904      3B6291FA 
 904      40E3E6A6 
 904      5863B46E 
 904      7DFDCE
 905 02e8 407817AC 		.ascii	"@x\027\254\255\254\364\362\033\220\300p\254\332\347"
 905      ADACF4F2 
 905      1B90C070 
 905      ACDAE7
 906 02f7 F379C331 		.ascii	"\363y\3031o \034\012\205wyc\361\372h\274)\342]W[\343"
 906      6F201C0A 
 906      85777963 
 906      F1FA68BC 
 906      29E25D57 
 907 030d AFD92BAD 		.ascii	"\257\331+\255\221\340\316\306h\314\273\301\357\367\006"
 907      91E0CEC6 
 907      68CCBBC1 
 907      EFF706
 908 031c A2715F65 		.ascii	"\242q_e\000(Z\037)\265\345\312\225\325\015U\276@\325"
 908      00285A1F 
 908      29B5E5CA 
 908      95D50D55 
 908      BE40D5
 909 032f 0AC08888 		.ascii	"\012\300\210\210G~\003\037\246\303U"
 909      477E031F 
 909      A6C355
 910              		.text
 911              		.section	.gnu.lto_.symbol_nodes.98e542c8,"e",%progbits
 912 0000 789C75C9 		.ascii	"x\234u\311\3536\002q\030\205\361\367i\214(\224C%d\246"
 912      EB360271 
 912      1885F1F7 
 912      698C2894 
ARM GAS  C:\Users\Ridwane\AppData\Local\Temp\ccryF50d.s 			page 29


 912      432564A6 
 913 0014 E246DCD8 		.ascii	"\342F\334\330\177\3450)a\034\"\231(9\334\205KpK\254"
 913      7FE53029 
 913      611C2299 
 913      2839DC85 
 913      4B704BAC 
 914 0028 D9CBD7D9 		.ascii	"\331\313\327\331_~k\355'\301\314r'8\373\375_@\374c\346"
 914      5F7E6BED 
 914      27C1CC72 
 914      2738FBFD 
 914      5F40FC63 
 915 003d CCBE3B1D 		.ascii	"\314\276;\035\305S\034\231\361\014\227\313\214\021\316"
 915      C5531C99 
 915      F10C97CB 
 915      8C11CE
 916 004c CB8C5DDC 		.ascii	"\313\214]\334BV\364\217\361\243#3\317?g1L\217\036y\331"
 916      4256F48F 
 916      F1A32333 
 916      CF3F6731 
 916      4C8F1E79 
 917 0061 67495EB0 		.ascii	"gI^\260,\007\024\344%Ey\305\212\274fU\306\254\311\033"
 917      2C0714E4 
 917      254579C5 
 917      8ABC6655 
 917      C6ACC91B 
 918 0075 4AF296B2 		.ascii	"J\362\226\262\274c]\336\263!\207l\312\007\266\344#\025"
 918      BC635DDE 
 918      B321876C 
 918      CA07B6E4 
 918      2315
 919 0087 39A22A9F 		.ascii	"9\242*\237\250\3111\333\362\231\272L\330\221\023v\345"
 919      A8C931DB 
 919      F299BA4C 
 919      D8911376 
 919      E5
 920 0098 0B7BF295 		.ascii	"\013{\362\225\206\234\262/g\004\362\215P\316i\312wZ"
 920      869CB22F 
 920      6704F28D 
 920      50CE69CA 
 920      775A
 921 00aa F283B6FC 		.ascii	"\362\203\266\374\344@~q\230j\177]k\\\021"
 921      E4407E71 
 921      986A7F5D 
 921      6B5C11
 922              		.text
 923              		.section	.gnu.lto_.refs.98e542c8,"e",%progbits
 924 0000 789C05C1 		.ascii	"x\234\005\301\207\025\202@\024\000\260o\236\207\015"
 924      87158240 
 924      1400B06F 
 924      9E870D
 925 000f 6C281DA5 		.ascii	"l(\035\245\3508\356\277\216\311/\"l\245MHeLIfg\357\340"
 925      E838EEBF 
 925      8EC92F22 
 925      6CA54D48 
 925      654C4966 
 926 0026 E8245738 		.ascii	"\350$W8\273\270\272\271+=<Uj\215V\2477\030\275\274M"
 926      BBB8BAB9 
ARM GAS  C:\Users\Ridwane\AppData\Local\Temp\ccryF50d.s 			page 30


 926      2B3D3C55 
 926      6A8D56A7 
 926      3718BDBC 
 927 003b 668BD5C7 		.ascii	"f\213\325\3077\376y^\003\213"
 927      37FE795E 
 927      038B
 928              		.text
 929              		.section	.gnu.lto_.decls.98e542c8,"e",%progbits
 930 0000 789CA596 		.ascii	"x\234\245\226mPT\327\031\307\317\271{\301\263\200\354"
 930      6D5054D7 
 930      19C7CFB9 
 930      7BC1B380 
 930      EC
 931 0011 1AE3449B 		.ascii	"\032\343D\233:M\332Ibb\004\227\327\231~)\035f\232/M"
 931      3A4DDA49 
 931      62620497 
 931      D7997E29 
 931      1D669A2F 
 932 0026 3B6DA7DF 		.ascii	";m\247\337\234\271\263Y\267\023F`\231\345\222\330og"
 932      9CB9B359 
 932      B7134660 
 932      99E592D8 
 932      6F67
 933 0038 77C10579 		.ascii	"w\301\005yqQ\211\310\213Y\240\3210\032Dl*P\225\033V"
 933      715189C8 
 933      8B59A0D1 
 933      301A446C 
 933      2A50951B 
 934 004d 08C69880 		.ascii	"\010\306\230\200/h\262\004\021\324\"Jx\013\242\256\224"
 934      2F68B204 
 934      11D4224A 
 934      780BA2AE 
 934      94
 935 005e 3EE7DEDB 		.ascii	">\347\336\333\023.\314\364Kw\370\263\367\336\347\367"
 935      132ECCF4 
 935      4B77F8B3 
 935      F7DEE7F7 
 936 006e 7FCEFF3C 		.ascii	"\177\316\377<\367\356\302m3B\036\023B\355\030\241%x"
 936      F7EEC26D 
 936      33421E13 
 936      42ED18A1 
 936      2578
 937 0080 AD41085D 		.ascii	"\255A\010]\005\275\012R@!P/\350\022\3502\350\001h\022"
 937      05BD0A52 
 937      4021502F 
 937      E812E832 
 937      E8016812 
 938 0094 34059A01 		.ascii	"4\005\232\001\315\201\346A\013\240'\240\010h\021\264"
 938      CD81E641 
 938      0BA027A0 
 938      086811B4 
 939 00a4 04C2D0D3 		.ascii	"\004\302\320\323\004\212\002\255\001\231A\261\240\265"
 939      048A02AD 
 939      019941B1 
 939      A0B5
 940 00b2 200B681D 		.ascii	" \013h\035h=h\003\350\005\320&\320\213\240\315\240\237"
 940      683D6803 
ARM GAS  C:\Users\Ridwane\AppData\Local\Temp\ccryF50d.s 			page 31


 940      E805D026 
 940      D08BA0CD 
 940      A09F
 941 00c4 815E06FD 		.ascii	"\201^\006\375\002\364\012\3505\320\353\240\255\240\033"
 941      02F40AE8 
 941      35D0EBA0 
 941      ADA01B
 942 00d3 EC1CFA87 		.ascii	"\354\034\372\207\221v\376\272^g\334}\270v\007t\0334"
 942      9176FEBA 
 942      5E67DC7D 
 942      B8760774 
 942      1B34
 943 00e5 061A455A 		.ascii	"\006\032EZ\217\227\365\236\233\36556\351kn\3203\254"
 943      8F97F59E 
 943      9BF53536 
 943      E96B6ED0 
 943      33AC
 944 00f7 D333ADD5 		.ascii	"\3233\255\3253\232\365\314Q\372\036\330^\226\364\275"
 944      339AF5CC 
 944      51FA1ED8 
 944      5E96F4BD 
 945 0107 45F4BD2E 		.ascii	"E\364\275.\350{\237\323g1\245\317f\002\344a\036}\206"
 945      E87B9FD3 
 945      6731A5CF 
 945      6602E461 
 945      1E7D86
 946 011a 7EFD98CD 		.ascii	"~\375\230\315\262\\?f3=\244\037\263\331\326\302A\274"
 946      B25C3F66 
 946      333DA41F 
 946      B3D9D6C2 
 946      41BC
 947 012c 3EE337B1 		.ascii	">\3437\261\2667\266\307mX\2339\353\311\366\226\200\177"
 947      B637B6C7 
 947      6D589B39 
 947      EBC9F696 
 947      807F
 948 013e DCDFB7CB 		.ascii	"\334\337\267\313\366(\012gK\032\"\302\014\246\354\245"
 948      F6280A67 
 948      4B1A22C2 
 948      0CA6ECA5 
 949 014e 782E9040 		.ascii	"x.\220@\3438m\2454\217\366\216W\327\354\031/^W\351\205"
 949      E3386DA5 
 949      348FF68E 
 949      57D7EC19 
 949      2F5E57E9 
 950 0163 4A6B31FD 		.ascii	"Jk1\375I5\\\256\251\031\011\010A\023-d\270/\216\376"
 950      49355CAE 
 950      A9190908 
 950      41132D64 
 950      B82F8EFE 
 951 0177 1DDEBCEF 		.ascii	"\035\336\274\357R\337\036v^\2661\350S\373\320~L\225"
 951      52DF1E76 
 951      5EB631E8 
 951      53FBD07E 
 951      4C95
 952 0189 3DB45589 		.ascii	"=\264U\211n\014\321=\325\364\26755\343}\352\022\373"
 952      6E0CD13D 
ARM GAS  C:\Users\Ridwane\AppData\Local\Temp\ccryF50d.s 			page 32


 952      D5F4B735 
 952      35E37DEA 
 952      12FB
 953 019b 47EAFC96 		.ascii	"G\352\374\226\240o\2508\030\242\233\202\320\245\232"
 953      A06FA838 
 953      18A29B82 
 953      D0A59A
 954 01aa 162A95D8 		.ascii	"\026*\225\330\003\026\217B+\025\034\010\326\225W\024"
 954      03168F42 
 954      2B151C08 
 954      D6955714 
 955 01ba 165A292C 		.ascii	"\026Z),\341\3719\263xh\035\265\006\230\227R\002o\305"
 955      E1F939B3 
 955      78681DB5 
 955      06989752 
 955      026FC5
 956 01cd 5A56AF42 		.ascii	"ZV\257B\255\236`!+P\240\025\365\242uZ\3604^(\0164R\312"
 956      AD9E6021 
 956      2B50A015 
 956      F5A2755A 
 956      F0345E28 
 957 01e5 290C4831 		.ascii	")\014H1U\012Y\023\026;\303C\207\212=A\260\003\222\201"
 957      550A5913 
 957      163BC343 
 957      878A3D41 
 957      B0039281 
 958 01f9 D80BAE0A 		.ascii	"\330\013\256\012\360+C\024:\003\237\207\243g\231\267"
 958      F02B4314 
 958      3A039F87 
 958      A36799B7 
 959 0209 FA79BC21 		.ascii	"\372y\274!\220\201\360v+y\021\221WaR\255u\317\006\010"
 959      9081F076 
 959      2B791191 
 959      576152AD 
 959      75CF0608 
 960 021d 3CF79D30 		.ascii	"<\367\2350K\262\025\245j[\035}\017\235\305j\0279.z="
 960      4BB215A5 
 960      6A5B1D7D 
 960      0F9DC56A 
 960      17392E7A 
 961 0232 16A23760 		.ascii	"\026\2427`\253(4?\036\012\231~\012\345\207\224>?\201"
 961      AB28343F 
 961      1E0A997E 
 961      0AE58794 
 961      3E3F81
 962 0245 BAF07960 		.ascii	"\272\360y`\024\254\336oQ\370\376c\357\035\262\245:@"
 962      14ACDE6F 
 962      51F8FE63 
 962      EF1DB2A5 
 962      3A40
 963 0257 1FD77E31 		.ascii	"\037\327~1\331\370\332h;\245E0e\002D\007>\007\344?1"
 963      D9F8DA68 
 963      3BA54530 
 963      65024407 
 963      3E07E43F 
 964 026c EAC0F0E1 		.ascii	"\352\300\360\341:\203\345}Q\344!^\261\272(\364\014\227"
 964      3A83E57D 
ARM GAS  C:\Users\Ridwane\AppData\Local\Temp\ccryF50d.s 			page 33


 964      51E4215E 
 964      B1BA28F4 
 964      0C97
 965 027e B69B5987 		.ascii	"\266\233Y\207\326\276\"?\265za\200\242\202\273Us\010"
 965      D6BE223F 
 965      B57A6180 
 965      A282BB55 
 965      7308
 966 0290 A36EDD5C 		.ascii	"\243n\335\\\022E\236\2546\237\253\273\024\210V\315\303"
 966      12459EAC 
 966      369FABBB 
 966      148856CD 
 966      C3
 967 02a1 CBCC3DAA 		.ascii	"\313\314=\252\271\027\243\036\335\354\213\"E\002\"\007"
 967      B917A31E 
 967      DDEC8B22 
 967      45022207 
 968 02b1 05B0DC1F 		.ascii	"\005\260\334\037\277\026\266@\203\213j\203\261\222\201"
 968      BF16B640 
 968      838B6A83 
 968      B19281
 969 02c0 B366ADDD 		.ascii	"\263f\255\335\027X\024\012\313\032\336\331\322\016\355"
 969      1758140A 
 969      CB1ADED9 
 969      D20EED
 970 02cf 22CBDAF5 		.ascii	"\"\313\332\365\251\355.a\324\247\267\213\210\244\236"
 970      A9ED2E61 
 970      D4A7B78B 
 970      88A49E
 971 02de B53A3B33 		.ascii	"\265:;3\371(V]}\310\317p\252\342\227U\034\036d\235\276"
 971      F928565D 
 971      7DC8CF70 
 971      AAE29755 
 971      1C1E649D 
 972 02f3 28921601 		.ascii	"(\222\026\001\301@)\206\211R\002Gk@\"\234\274$\0125"
 972      C1402986 
 972      89520247 
 972      6B40229C 
 972      BC240A35 
 973 0307 B76865AC 		.ascii	"\267he\254\005\234\323pc\315\353\257\341\253`\276\216"
 973      059CD370 
 973      63CDEBAF 
 973      E1AB60BE 
 973      8E
 974 0318 91ED0A06 		.ascii	"\221\355\012\006\210\220v\260n\301\354\213\311\002\357"
 974      889076B0 
 974      6EC1EC8B 
 974      C902EF
 975 0327 8884D8C2 		.ascii	"\210\204\330\302-\017FGb,\212nB\252\351[\274\345\034"
 975      2D0F4647 
 975      622C8A6E 
 975      42AAE95B 
 975      BCE51C
 976 033a FE06DF84 		.ascii	"\376\006\337\204]\034\235\371\2529f\235Z\016v\213a\254"
 976      5D1C9DF9 
 976      AA39669D 
 976      5A0E768B 
ARM GAS  C:\Users\Ridwane\AppData\Local\Temp\ccryF50d.s 			page 34


 976      61AC
 977 034c 351D6237 		.ascii	"5\035b7\373K\030\303\240\232\306\312\302`r\027\372\305"
 977      FB4B18C3 
 977      A09AC6CA 
 977      C2607217 
 977      FAC5
 978 035e 44CE344C 		.ascii	"D\3164LZ\336\200\327Ff\212\374\220\327\247\340!\374"
 978      5ADE80D7 
 978      46668AFC 
 978      90D7A7E0 
 978      21FC
 979 0370 1DBEA75B 		.ascii	"\035\276\247[m\010\326@Pk]\204\033l\216\033\302\267"
 979      6D08D640 
 979      506B5D84 
 979      1B6C8E1B 
 979      C2B7
 980 0382 796D10F3 		.ascii	"ym\020\363\3423\275x\303PLVkO\365\332\360\362\246\311"
 980      E233BD78 
 980      C3504C56 
 980      6B4FF5DA 
 980      F0F2A6C9 
 981 0396 EC798527 		.ascii	"\354y\205'Y\021\321\010\276\005\327\356\301\354\356"
 981      5911D108 
 981      BE05D7EE 
 981      C1ECEE
 982 03a5 E2517C07 		.ascii	"\342Q|\007\217\261\031\222Y\266\333\300b\337}a\243\221"
 982      8FB11992 
 982      59B6DBC0 
 982      62DF7D61 
 982      A391
 983 03b7 FC175E81 		.ascii	"\374\027^\201\212Bh`~\327\013\032\025\024\306\361\000"
 983      8A426860 
 983      7ED70B1A 
 983      1514C6F1 
 983      00
 984 03c8 EE67DF86 		.ascii	"\356g\337\206\230\015\023\252\343\275\025\323\321j\023"
 984      980D13AA 
 984      E3BD15D3 
 984      D16A13
 985 03d7 E57F3599 		.ascii	"\345\1775\231\235\360\244\360&\023\306&[\017\006\350"
 985      9DF0A4F0 
 985      2613C626 
 985      5B0F06E8 
 986 03e7 F4C5D0EF 		.ascii	"\364\305\320\357\003\370\001\376\032\214Z\361k\214?"
 986      03F801FE 
 986      1A8C5AF1 
 986      6B8C3F
 987 03f6 C5F23991 		.ascii	"\305\3629\221xM\340o+\013\2356m\275\011S,o\332[\001"
 987      784DE06F 
 987      2B0B9D36 
 987      6DBD0953 
 987      2C6FDA5B 
 988 040b 9F581CC6 		.ascii	"\237X\034\306\223\300j[\236\304H\356\303\244\212\221"
 988      93C06A5B 
 988      9EC448EE 
 988      C3A48A91 
 989 041b 45A545CF 		.ascii	"E\245E\317\342\030\331\177\271\235\302M\014\343)\316"
ARM GAS  C:\Users\Ridwane\AppData\Local\Temp\ccryF50d.s 			page 35


 989      E218D97F 
 989      B99DC24D 
 989      0CE329CE 
 990 042b 4D017715 		.ascii	"M\001w\025\223&\306\035\277}bp\215\312=\324\271\031"
 990      9326C61D 
 990      BF7D6270 
 990      8DCA3DD4 
 990      B919
 991 043d CECD0037 		.ascii	"\316\315\0007\214I\033\343&*>\036\323\2702\237_\261"
 991      8C491BE3 
 991      262A3E1E 
 991      D3B8329F 
 991      5FB1
 992 044f C26D9FE3 		.ascii	"\302m\237\343\334\034p\3671\351f\334\322\243\003\376"
 992      DC1C70F7 
 992      31E966DC 
 992      D2A303FE 
 993 045f 58356135 		.ascii	"X5a5O8\317\311y \177\300\344:#\217\316\236\352\2176"
 993      4F38CFC9 
 993      79207FC0 
 993      E43A238F 
 993      CE9EEA8F 
 994 0474 245CE0DC 		.ascii	"$\\\340\334\002pK\230\2141\356\364\354\0001\004|\302"
 994      02704B98 
 994      8C31EEF4 
 994      EC003104 
 994      7CC2
 995 0486 31F8C8CA 		.ascii	"1\370\310\312{\0052\313\260\013'\312z\215\001#\234\213"
 995      7B0532CB 
 995      B00B27CA 
 995      7A8D0123 
 995      9C8B
 996 0498 00572510 		.ascii	"\000W%\020\257\010\334\335\372\233\337\305\253\001k"
 996      AF08DCDD 
 996      FA9BDFC5 
 996      AB016B
 997 04a7 79C0454E 		.ascii	"y\300EN.\002\031\024H\025#O~\020\356'\206\200K\234["
 997      2E021914 
 997      4815234F 
 997      7E10EE27 
 997      86804B9C 
 998 04bc 02EEB840 		.ascii	"\002\356\270@\232\030\027\356\362\205\215\011=\302\177"
 998      9A1817EE 
 998      F2858D09 
 998      3DC27F
 999 04cb 398F80E4 		.ascii	"9\217\200\344\177\010\244\215q\035M\307:\314\206\204"
 999      7F08A48D 
 999      711D4DC7 
 999      3ACC8684 
 1000 04db 3ECEF980 		.ascii	">\316\371\200\373L \335\214;5\322v\307\242&<\302\023"
 1000      FB4C20DD 
 1000      8C3B35D2 
 1000      76C7A226 
 1000      3CC213
 1001 04ee 167112BE 		.ascii	"\026q\022\276i\344/\005r\235\221K#\221k\242!\241\237"
 1001      69E42F05 
 1001      729D914B 
ARM GAS  C:\Users\Ridwane\AppData\Local\Temp\ccryF50d.s 			page 36


 1001      23916BA2 
 1001      21A19F
 1002 0501 737EE06E 		.ascii	"s~\340n\010d\214q\037\224>\332l\010X\302\261\022\300"
 1002      08648C71 
 1002      1F943EDA 
 1002      6C0858C2 
 1002      B112C0
 1003 0514 4661840C 		.ascii	"Fa\204\014;\340\377t0\336\020\260\224s\245\300M\302"
 1003      3BE0FF74 
 1003      30DE10B0 
 1003      9473A5C0 
 1003      4DC2
 1004 0526 08A3801B 		.ascii	"\010\243\200\033\370\346\263)u\331\351f\036\260\234"
 1004      F8E6B329 
 1004      75D9E966 
 1004      1EB09C
 1005 0535 93E5403E 		.ascii	"\223\345@>\206\0212\322\333\334\265?\326\020p\037\347"
 1005      861132D2 
 1005      DBDCB53F 
 1005      D610701F 
 1005      E7
 1006 0546 F601E733 		.ascii	"\366\001\3473\221&\306\315\015\234\237\021\014\011+"
 1006      9126C6CD 
 1006      0D9C9F11 
 1006      0C092B
 1007 0555 3957095C 		.ascii	"9W\011\\\205\211\2641\356\210\267\343 1$<\300\271\003"
 1007      8589B431 
 1007      EE88B7E3 
 1007      2031243C 
 1007      C0B903
 1008 0568 C01D3691 		.ascii	"\300\0356\221n\306\035\253?\335\031\245&<\301\023Vq"
 1008      6EC61DAB 
 1008      3FDD19A5 
 1008      263CC113 
 1008      5671
 1009 057a B20AC8BF 		.ascii	"\262\012\310\277\231\310uFv\374\333w\305dHx\210s\207"
 1009      99C87546 
 1009      76FCDB77 
 1009      C5644878 
 1009      887387
 1010 058d 803B6922 		.ascii	"\200;i\"c\214{\3245\360\007C\300\303\034;\014X\247\211"
 1010      638C7BD4 
 1010      35F00743 
 1010      C0C31C3B 
 1010      0C58A789 
 1011 05a1 CC326CE4 		.ascii	"\3142l\344i\323\\\214!`-\347j\201\3531\021o4\033\341"
 1011      69D35C8C 
 1011      21602DE7 
 1011      6A81EB31 
 1011      116F341B 
 1012 05b6 FCD133DA 		.ascii	"\374\3213\332Sx\222\007\254\347$|\375\313\375&R\305"
 1012      53789207 
 1012      ACE7247C 
 1012      FDCBFD26 
 1012      52C5
 1013 05c8 C8EA23CA 		.ascii	"\310\352#\312\202`\010\370!\347>\004.\014#d\334\302"
 1013      826008F8 
ARM GAS  C:\Users\Ridwane\AppData\Local\Temp\ccryF50d.s 			page 37


 1013      21E73E04 
 1013      2E0C2364 
 1013      DCC2
 1014 05da 48D398F1 		.ascii	"H\323\230\361)l\340\\\003p\367`\204\214\033\012\236"
 1014      296CE05C 
 1014      0370F760 
 1014      848C1B0A 
 1014      9E
 1015 05eb FF3CDA90 		.ascii	"\377<\332\220\260\211sM\300\315\300\010\031\367}\361"
 1015      B089734D 
 1015      C0CDC008 
 1015      19F77DF1 
 1016 05fb 27A5DA4D 		.ascii	"'\245\332M\356\344\011?\342\344G@>\203\0212\3227\330"
 1016      EEE4093F 
 1016      E2E44740 
 1016      3E831132 
 1016      D237D8
 1017 060e DC62BCC9 		.ascii	"\334b\274\311\3078w\0148\277H\306\030\327w%4\022eH\330"
 1017      C738770C 
 1017      38BF48C6 
 1017      18D77725 
 1017      34126548 
 1018 0623 CCB966E0 		.ascii	"\314\271f\340\366\213d\226q7k[\226b\015\011\217s\356"
 1018      F68B6496 
 1018      71376B5B 
 1018      96620D09 
 1018      8F73EE
 1019 0636 3870F522 		.ascii	"8p\365\"\374\373\321\267\367\024\346\177\203&\364\352"
 1019      FCFBD1B7 
 1019      F714E67F 
 1019      8326F4EA 
 1020 0646 2702FB92 		.ascii	"'\002\373\222\2751\377x\330\304k\017\364Z\213Z\353\351"
 1020      BD31FF78 
 1020      D8C46B0F 
 1020      F45A8B5A 
 1020      EBE9
 1021 0658 7A7A6BAD 		.ascii	"zzk\255ZSV\374\355B&[\0322\333\3359\357\245;\267\345"
 1021      5A5356FC 
 1021      ED42265B 
 1021      1A32DBDD 
 1021      39EFA53B 
 1022 066e A01887CB 		.ascii	"\240\030\207\313-;wo\313IA1\222\344\310+\220\262r\263"
 1022      2D3B776F 
 1022      CB494131 
 1022      92E4C82B 
 1022      90B272B3 
 1023 0682 64F17DA7 		.ascii	"d\361}\247}\327\257\022\022\022\341\307\361n\326;Y\256"
 1023      7DD7AF12 
 1023      1212E1C7 
 1023      F16ED63B 
 1023      59AE
 1024 0694 FC249BCD 		.ascii	"\374$\233\315\226\350\312Ot\270rr\\\271\211\371\262"
 1024      96E8CA4F 
 1024      74B87272 
 1024      5CB989F9 
 1024      B2
 1025 06a5 DD2D17E4 		.ascii	"\335-\027\344%\376\372\217og\276\275\233]\315\313\312"
ARM GAS  C:\Users\Ridwane\AppData\Local\Temp\ccryF50d.s 			page 38


 1025      25FEFA8F 
 1025      6F67BEBD 
 1025      9B5DCDCB 
 1025      CA
 1026 06b6 76BAF313 		.ascii	"v\272\363\023\337\312\314Lt\270e[\202\203\274\365\273"
 1026      DFCACC4C 
 1026      74B8655B 
 1026      8283BCF5 
 1026      BB
 1027 06c7 3FBF9469 		.ascii	"?\277\224iKGV\355<!=i\347v\233c{\032z%\363\227;2Y\333"
 1027      4B4756ED 
 1027      3C213D69 
 1027      E7769B63 
 1027      7B1A7A25 
 1028 06e1 3FC9053B 		.ascii	"?\311\005;\263\\;\336w\271w\345\347\331\035N\251 \337"
 1028      B35C3BDE 
 1028      77B977E5 
 1028      E7D91D4E 
 1028      A920DF
 1029 06f4 E9DEF11B 		.ascii	"\351\336\361\033{\266\303\225\2132\376\317\365Q\234"
 1029      7BB6C395 
 1029      8B32FECF 
 1029      F5519C
 1030 0703 2439EDEE 		.ascii	"$9\355\356\354\277\252[\212\225\244l\273\354T\217\343"
 1030      ECBFAA5B 
 1030      8A95A46C 
 1030      BBEC548F 
 1030      E3
 1031 0714 2569A7F3 		.ascii	"%i\247\363/\366\202lYr\356\316\222I\256\313\355\224"
 1031      2FF6826C 
 1031      5972EECE 
 1031      9249AECB 
 1031      ED94
 1032 0726 0BDCB956 		.ascii	"\013\334\271VI-Kn{\216dw;\355\371f~\024\343\310\206"
 1032      492D4B6E 
 1032      7B8E6477 
 1032      3BEDF966 
 1032      7E14E3C8 
 1033 073b 5EEA3129 		.ascii	"^\3521)\310\312\225\223\223$\331\254\302\354R\274z\004"
 1033      C8CA9593 
 1033      9324D9AC 
 1033      C2EC52BC 
 1033      7A04
 1034 074d 73D44EE3 		.ascii	"s\324N\343r]\022\257YX\017~&\311\317I\254\377v\351G"
 1034      725D12AF 
 1034      59580F7E 
 1034      26C9CF49 
 1034      ACFF76E9 
 1035 0762 8BB476F9 		.ascii	"\213\264v\371%)^?\323V\224,\372i\256K+k~\333j\277\315"
 1035      25295E3F 
 1035      D356942C 
 1035      FA69AE4B 
 1035      2B6B7EDB 
 1036 0779 E0B719FD 		.ascii	"\340\267\031\375\266\025\376\244\325\376$\203?\311\350"
 1036      B615FEA4 
 1036      D5FE2483 
 1036      3FC9E8
ARM GAS  C:\Users\Ridwane\AppData\Local\Temp\ccryF50d.s 			page 39


 1037 0788 4F5AE14F 		.ascii	"OZ\341O^\355O6\370\223\215\376\344\025\376\224\325\376"
 1037      5EED4F36 
 1037      F8938DFE 
 1037      E415FE94 
 1037      D5FE
 1038 079a 14833FC5 		.ascii	"\024\203?\305\350OY\341O]\355O5\370S\215\376\324\025"
 1038      E84F59E1 
 1038      4F5DED4F 
 1038      35F8538D 
 1038      FED415
 1039 07ad FEB4D5FE 		.ascii	"\376\264\325\3764\203?\315\350O[\341O_\355O7\370\323"
 1039      34833FCD 
 1039      E84F5BE1 
 1039      4F5FED4F 
 1039      37F8D3
 1040 07c0 8DFE74EE 		.ascii	"\215\376t\356\377\017\254[9\221"
 1040      FF0FAC5B 
 1040      3991
 1041              		.text
 1042              		.section	.gnu.lto_.symtab.98e542c8,"e",%progbits
 1043 0000 5F5F6370 		.ascii	"__cpu_init\000"
 1043      755F696E 
 1043      697400
 1044 000b 00       		.ascii	"\000"
 1045 000c 01       		.ascii	"\001"
 1046 000d 00       		.ascii	"\000"
 1047 000e 00000000 		.ascii	"\000\000\000\000\000\000\000\000"
 1047      00000000 
 1048 0016 C0000000 		.ascii	"\300\000\000\000"
 1049 001a 5F5F6561 		.ascii	"__early_init\000"
 1049      726C795F 
 1049      696E6974 
 1049      00
 1050 0027 00       		.ascii	"\000"
 1051 0028 01       		.ascii	"\001"
 1052 0029 00       		.ascii	"\000"
 1053 002a 00000000 		.ascii	"\000\000\000\000\000\000\000\000"
 1053      00000000 
 1054 0032 C3000000 		.ascii	"\303\000\000\000"
 1055 0036 5F5F6C61 		.ascii	"__late_init\000"
 1055      74655F69 
 1055      6E697400 
 1056 0042 00       		.ascii	"\000"
 1057 0043 01       		.ascii	"\001"
 1058 0044 00       		.ascii	"\000"
 1059 0045 00000000 		.ascii	"\000\000\000\000\000\000\000\000"
 1059      00000000 
 1060 004d C6000000 		.ascii	"\306\000\000\000"
 1061 0051 5F5F6465 		.ascii	"__default_exit\000"
 1061      6661756C 
 1061      745F6578 
 1061      697400
 1062 0060 00       		.ascii	"\000"
 1063 0061 01       		.ascii	"\001"
 1064 0062 00       		.ascii	"\000"
 1065 0063 00000000 		.ascii	"\000\000\000\000\000\000\000\000"
 1065      00000000 
ARM GAS  C:\Users\Ridwane\AppData\Local\Temp\ccryF50d.s 			page 40


 1066 006b CB000000 		.ascii	"\313\000\000\000"
 1067 006f 5F5F696E 		.ascii	"__init_ram_areas\000"
 1067      69745F72 
 1067      616D5F61 
 1067      72656173 
 1067      00
 1068 0080 00       		.ascii	"\000"
 1069 0081 00       		.ascii	"\000"
 1070 0082 00       		.ascii	"\000"
 1071 0083 00000000 		.ascii	"\000\000\000\000\000\000\000\000"
 1071      00000000 
 1072 008b CD000000 		.ascii	"\315\000\000\000"
 1073 008f 5F5F7261 		.ascii	"__ram0_init_text__\000"
 1073      6D305F69 
 1073      6E69745F 
 1073      74657874 
 1073      5F5F00
 1074 00a2 00       		.ascii	"\000"
 1075 00a3 02       		.ascii	"\002"
 1076 00a4 00       		.ascii	"\000"
 1077 00a5 00000000 		.ascii	"\000\000\000\000\000\000\000\000"
 1077      00000000 
 1078 00ad ED000000 		.ascii	"\355\000\000\000"
 1079 00b1 5F5F7261 		.ascii	"__ram0_init__\000"
 1079      6D305F69 
 1079      6E69745F 
 1079      5F00
 1080 00bf 00       		.ascii	"\000"
 1081 00c0 02       		.ascii	"\002"
 1082 00c1 00       		.ascii	"\000"
 1083 00c2 00000000 		.ascii	"\000\000\000\000\000\000\000\000"
 1083      00000000 
 1084 00ca EF000000 		.ascii	"\357\000\000\000"
 1085 00ce 5F5F7261 		.ascii	"__ram0_clear__\000"
 1085      6D305F63 
 1085      6C656172 
 1085      5F5F00
 1086 00dd 00       		.ascii	"\000"
 1087 00de 02       		.ascii	"\002"
 1088 00df 00       		.ascii	"\000"
 1089 00e0 00000000 		.ascii	"\000\000\000\000\000\000\000\000"
 1089      00000000 
 1090 00e8 F1000000 		.ascii	"\361\000\000\000"
 1091 00ec 5F5F7261 		.ascii	"__ram0_noinit__\000"
 1091      6D305F6E 
 1091      6F696E69 
 1091      745F5F00 
 1092 00fc 00       		.ascii	"\000"
 1093 00fd 02       		.ascii	"\002"
 1094 00fe 00       		.ascii	"\000"
 1095 00ff 00000000 		.ascii	"\000\000\000\000\000\000\000\000"
 1095      00000000 
 1096 0107 F3000000 		.ascii	"\363\000\000\000"
 1097 010b 5F5F7261 		.ascii	"__ram1_init_text__\000"
 1097      6D315F69 
 1097      6E69745F 
 1097      74657874 
ARM GAS  C:\Users\Ridwane\AppData\Local\Temp\ccryF50d.s 			page 41


 1097      5F5F00
 1098 011e 00       		.ascii	"\000"
 1099 011f 02       		.ascii	"\002"
 1100 0120 00       		.ascii	"\000"
 1101 0121 00000000 		.ascii	"\000\000\000\000\000\000\000\000"
 1101      00000000 
 1102 0129 F5000000 		.ascii	"\365\000\000\000"
 1103 012d 5F5F7261 		.ascii	"__ram1_init__\000"
 1103      6D315F69 
 1103      6E69745F 
 1103      5F00
 1104 013b 00       		.ascii	"\000"
 1105 013c 02       		.ascii	"\002"
 1106 013d 00       		.ascii	"\000"
 1107 013e 00000000 		.ascii	"\000\000\000\000\000\000\000\000"
 1107      00000000 
 1108 0146 F7000000 		.ascii	"\367\000\000\000"
 1109 014a 5F5F7261 		.ascii	"__ram1_clear__\000"
 1109      6D315F63 
 1109      6C656172 
 1109      5F5F00
 1110 0159 00       		.ascii	"\000"
 1111 015a 02       		.ascii	"\002"
 1112 015b 00       		.ascii	"\000"
 1113 015c 00000000 		.ascii	"\000\000\000\000\000\000\000\000"
 1113      00000000 
 1114 0164 F9000000 		.ascii	"\371\000\000\000"
 1115 0168 5F5F7261 		.ascii	"__ram1_noinit__\000"
 1115      6D315F6E 
 1115      6F696E69 
 1115      745F5F00 
 1116 0178 00       		.ascii	"\000"
 1117 0179 02       		.ascii	"\002"
 1118 017a 00       		.ascii	"\000"
 1119 017b 00000000 		.ascii	"\000\000\000\000\000\000\000\000"
 1119      00000000 
 1120 0183 FB000000 		.ascii	"\373\000\000\000"
 1121 0187 5F5F7261 		.ascii	"__ram2_init_text__\000"
 1121      6D325F69 
 1121      6E69745F 
 1121      74657874 
 1121      5F5F00
 1122 019a 00       		.ascii	"\000"
 1123 019b 02       		.ascii	"\002"
 1124 019c 00       		.ascii	"\000"
 1125 019d 00000000 		.ascii	"\000\000\000\000\000\000\000\000"
 1125      00000000 
 1126 01a5 FD000000 		.ascii	"\375\000\000\000"
 1127 01a9 5F5F7261 		.ascii	"__ram2_init__\000"
 1127      6D325F69 
 1127      6E69745F 
 1127      5F00
 1128 01b7 00       		.ascii	"\000"
 1129 01b8 02       		.ascii	"\002"
 1130 01b9 00       		.ascii	"\000"
 1131 01ba 00000000 		.ascii	"\000\000\000\000\000\000\000\000"
 1131      00000000 
ARM GAS  C:\Users\Ridwane\AppData\Local\Temp\ccryF50d.s 			page 42


 1132 01c2 FF000000 		.ascii	"\377\000\000\000"
 1133 01c6 5F5F7261 		.ascii	"__ram2_clear__\000"
 1133      6D325F63 
 1133      6C656172 
 1133      5F5F00
 1134 01d5 00       		.ascii	"\000"
 1135 01d6 02       		.ascii	"\002"
 1136 01d7 00       		.ascii	"\000"
 1137 01d8 00000000 		.ascii	"\000\000\000\000\000\000\000\000"
 1137      00000000 
 1138 01e0 01010000 		.ascii	"\001\001\000\000"
 1139 01e4 5F5F7261 		.ascii	"__ram2_noinit__\000"
 1139      6D325F6E 
 1139      6F696E69 
 1139      745F5F00 
 1140 01f4 00       		.ascii	"\000"
 1141 01f5 02       		.ascii	"\002"
 1142 01f6 00       		.ascii	"\000"
 1143 01f7 00000000 		.ascii	"\000\000\000\000\000\000\000\000"
 1143      00000000 
 1144 01ff 03010000 		.ascii	"\003\001\000\000"
 1145 0203 5F5F7261 		.ascii	"__ram3_init_text__\000"
 1145      6D335F69 
 1145      6E69745F 
 1145      74657874 
 1145      5F5F00
 1146 0216 00       		.ascii	"\000"
 1147 0217 02       		.ascii	"\002"
 1148 0218 00       		.ascii	"\000"
 1149 0219 00000000 		.ascii	"\000\000\000\000\000\000\000\000"
 1149      00000000 
 1150 0221 05010000 		.ascii	"\005\001\000\000"
 1151 0225 5F5F7261 		.ascii	"__ram3_init__\000"
 1151      6D335F69 
 1151      6E69745F 
 1151      5F00
 1152 0233 00       		.ascii	"\000"
 1153 0234 02       		.ascii	"\002"
 1154 0235 00       		.ascii	"\000"
 1155 0236 00000000 		.ascii	"\000\000\000\000\000\000\000\000"
 1155      00000000 
 1156 023e 07010000 		.ascii	"\007\001\000\000"
 1157 0242 5F5F7261 		.ascii	"__ram3_clear__\000"
 1157      6D335F63 
 1157      6C656172 
 1157      5F5F00
 1158 0251 00       		.ascii	"\000"
 1159 0252 02       		.ascii	"\002"
 1160 0253 00       		.ascii	"\000"
 1161 0254 00000000 		.ascii	"\000\000\000\000\000\000\000\000"
 1161      00000000 
 1162 025c 09010000 		.ascii	"\011\001\000\000"
 1163 0260 5F5F7261 		.ascii	"__ram3_noinit__\000"
 1163      6D335F6E 
 1163      6F696E69 
 1163      745F5F00 
 1164 0270 00       		.ascii	"\000"
ARM GAS  C:\Users\Ridwane\AppData\Local\Temp\ccryF50d.s 			page 43


 1165 0271 02       		.ascii	"\002"
 1166 0272 00       		.ascii	"\000"
 1167 0273 00000000 		.ascii	"\000\000\000\000\000\000\000\000"
 1167      00000000 
 1168 027b 0B010000 		.ascii	"\013\001\000\000"
 1169 027f 5F5F7261 		.ascii	"__ram4_init_text__\000"
 1169      6D345F69 
 1169      6E69745F 
 1169      74657874 
 1169      5F5F00
 1170 0292 00       		.ascii	"\000"
 1171 0293 02       		.ascii	"\002"
 1172 0294 00       		.ascii	"\000"
 1173 0295 00000000 		.ascii	"\000\000\000\000\000\000\000\000"
 1173      00000000 
 1174 029d 0D010000 		.ascii	"\015\001\000\000"
 1175 02a1 5F5F7261 		.ascii	"__ram4_init__\000"
 1175      6D345F69 
 1175      6E69745F 
 1175      5F00
 1176 02af 00       		.ascii	"\000"
 1177 02b0 02       		.ascii	"\002"
 1178 02b1 00       		.ascii	"\000"
 1179 02b2 00000000 		.ascii	"\000\000\000\000\000\000\000\000"
 1179      00000000 
 1180 02ba 0F010000 		.ascii	"\017\001\000\000"
 1181 02be 5F5F7261 		.ascii	"__ram4_clear__\000"
 1181      6D345F63 
 1181      6C656172 
 1181      5F5F00
 1182 02cd 00       		.ascii	"\000"
 1183 02ce 02       		.ascii	"\002"
 1184 02cf 00       		.ascii	"\000"
 1185 02d0 00000000 		.ascii	"\000\000\000\000\000\000\000\000"
 1185      00000000 
 1186 02d8 11010000 		.ascii	"\021\001\000\000"
 1187 02dc 5F5F7261 		.ascii	"__ram4_noinit__\000"
 1187      6D345F6E 
 1187      6F696E69 
 1187      745F5F00 
 1188 02ec 00       		.ascii	"\000"
 1189 02ed 02       		.ascii	"\002"
 1190 02ee 00       		.ascii	"\000"
 1191 02ef 00000000 		.ascii	"\000\000\000\000\000\000\000\000"
 1191      00000000 
 1192 02f7 13010000 		.ascii	"\023\001\000\000"
 1193 02fb 5F5F7261 		.ascii	"__ram5_init_text__\000"
 1193      6D355F69 
 1193      6E69745F 
 1193      74657874 
 1193      5F5F00
 1194 030e 00       		.ascii	"\000"
 1195 030f 02       		.ascii	"\002"
 1196 0310 00       		.ascii	"\000"
 1197 0311 00000000 		.ascii	"\000\000\000\000\000\000\000\000"
 1197      00000000 
 1198 0319 15010000 		.ascii	"\025\001\000\000"
ARM GAS  C:\Users\Ridwane\AppData\Local\Temp\ccryF50d.s 			page 44


 1199 031d 5F5F7261 		.ascii	"__ram5_init__\000"
 1199      6D355F69 
 1199      6E69745F 
 1199      5F00
 1200 032b 00       		.ascii	"\000"
 1201 032c 02       		.ascii	"\002"
 1202 032d 00       		.ascii	"\000"
 1203 032e 00000000 		.ascii	"\000\000\000\000\000\000\000\000"
 1203      00000000 
 1204 0336 17010000 		.ascii	"\027\001\000\000"
 1205 033a 5F5F7261 		.ascii	"__ram5_clear__\000"
 1205      6D355F63 
 1205      6C656172 
 1205      5F5F00
 1206 0349 00       		.ascii	"\000"
 1207 034a 02       		.ascii	"\002"
 1208 034b 00       		.ascii	"\000"
 1209 034c 00000000 		.ascii	"\000\000\000\000\000\000\000\000"
 1209      00000000 
 1210 0354 19010000 		.ascii	"\031\001\000\000"
 1211 0358 5F5F7261 		.ascii	"__ram5_noinit__\000"
 1211      6D355F6E 
 1211      6F696E69 
 1211      745F5F00 
 1212 0368 00       		.ascii	"\000"
 1213 0369 02       		.ascii	"\002"
 1214 036a 00       		.ascii	"\000"
 1215 036b 00000000 		.ascii	"\000\000\000\000\000\000\000\000"
 1215      00000000 
 1216 0373 1B010000 		.ascii	"\033\001\000\000"
 1217 0377 5F5F7261 		.ascii	"__ram6_init_text__\000"
 1217      6D365F69 
 1217      6E69745F 
 1217      74657874 
 1217      5F5F00
 1218 038a 00       		.ascii	"\000"
 1219 038b 02       		.ascii	"\002"
 1220 038c 00       		.ascii	"\000"
 1221 038d 00000000 		.ascii	"\000\000\000\000\000\000\000\000"
 1221      00000000 
 1222 0395 1D010000 		.ascii	"\035\001\000\000"
 1223 0399 5F5F7261 		.ascii	"__ram6_init__\000"
 1223      6D365F69 
 1223      6E69745F 
 1223      5F00
 1224 03a7 00       		.ascii	"\000"
 1225 03a8 02       		.ascii	"\002"
 1226 03a9 00       		.ascii	"\000"
 1227 03aa 00000000 		.ascii	"\000\000\000\000\000\000\000\000"
 1227      00000000 
 1228 03b2 1F010000 		.ascii	"\037\001\000\000"
 1229 03b6 5F5F7261 		.ascii	"__ram6_clear__\000"
 1229      6D365F63 
 1229      6C656172 
 1229      5F5F00
 1230 03c5 00       		.ascii	"\000"
 1231 03c6 02       		.ascii	"\002"
ARM GAS  C:\Users\Ridwane\AppData\Local\Temp\ccryF50d.s 			page 45


 1232 03c7 00       		.ascii	"\000"
 1233 03c8 00000000 		.ascii	"\000\000\000\000\000\000\000\000"
 1233      00000000 
 1234 03d0 21010000 		.ascii	"!\001\000\000"
 1235 03d4 5F5F7261 		.ascii	"__ram6_noinit__\000"
 1235      6D365F6E 
 1235      6F696E69 
 1235      745F5F00 
 1236 03e4 00       		.ascii	"\000"
 1237 03e5 02       		.ascii	"\002"
 1238 03e6 00       		.ascii	"\000"
 1239 03e7 00000000 		.ascii	"\000\000\000\000\000\000\000\000"
 1239      00000000 
 1240 03ef 23010000 		.ascii	"#\001\000\000"
 1241 03f3 5F5F7261 		.ascii	"__ram7_init_text__\000"
 1241      6D375F69 
 1241      6E69745F 
 1241      74657874 
 1241      5F5F00
 1242 0406 00       		.ascii	"\000"
 1243 0407 02       		.ascii	"\002"
 1244 0408 00       		.ascii	"\000"
 1245 0409 00000000 		.ascii	"\000\000\000\000\000\000\000\000"
 1245      00000000 
 1246 0411 25010000 		.ascii	"%\001\000\000"
 1247 0415 5F5F7261 		.ascii	"__ram7_init__\000"
 1247      6D375F69 
 1247      6E69745F 
 1247      5F00
 1248 0423 00       		.ascii	"\000"
 1249 0424 02       		.ascii	"\002"
 1250 0425 00       		.ascii	"\000"
 1251 0426 00000000 		.ascii	"\000\000\000\000\000\000\000\000"
 1251      00000000 
 1252 042e 27010000 		.ascii	"'\001\000\000"
 1253 0432 5F5F7261 		.ascii	"__ram7_clear__\000"
 1253      6D375F63 
 1253      6C656172 
 1253      5F5F00
 1254 0441 00       		.ascii	"\000"
 1255 0442 02       		.ascii	"\002"
 1256 0443 00       		.ascii	"\000"
 1257 0444 00000000 		.ascii	"\000\000\000\000\000\000\000\000"
 1257      00000000 
 1258 044c 29010000 		.ascii	")\001\000\000"
 1259 0450 5F5F7261 		.ascii	"__ram7_noinit__\000"
 1259      6D375F6E 
 1259      6F696E69 
 1259      745F5F00 
 1260 0460 00       		.ascii	"\000"
 1261 0461 02       		.ascii	"\002"
 1262 0462 00       		.ascii	"\000"
 1263 0463 00000000 		.ascii	"\000\000\000\000\000\000\000\000"
 1263      00000000 
 1264 046b 2B010000 		.ascii	"+\001\000\000"
 1265              		.text
 1266              		.section	.gnu.lto_.ext_symtab.98e542c8,"e",%progbits
ARM GAS  C:\Users\Ridwane\AppData\Local\Temp\ccryF50d.s 			page 46


 1267 0000 01       		.ascii	"\001"
 1268 0001 01       		.ascii	"\001"
 1269 0002 00       		.ascii	"\000"
 1270 0003 01       		.ascii	"\001"
 1271 0004 00       		.ascii	"\000"
 1272 0005 01       		.ascii	"\001"
 1273 0006 00       		.ascii	"\000"
 1274 0007 01       		.ascii	"\001"
 1275 0008 00       		.ascii	"\000"
 1276 0009 01       		.ascii	"\001"
 1277 000a 00       		.ascii	"\000"
 1278 000b 02       		.ascii	"\002"
 1279 000c 01       		.ascii	"\001"
 1280 000d 02       		.ascii	"\002"
 1281 000e 01       		.ascii	"\001"
 1282 000f 02       		.ascii	"\002"
 1283 0010 01       		.ascii	"\001"
 1284 0011 02       		.ascii	"\002"
 1285 0012 01       		.ascii	"\001"
 1286 0013 02       		.ascii	"\002"
 1287 0014 01       		.ascii	"\001"
 1288 0015 02       		.ascii	"\002"
 1289 0016 01       		.ascii	"\001"
 1290 0017 02       		.ascii	"\002"
 1291 0018 01       		.ascii	"\001"
 1292 0019 02       		.ascii	"\002"
 1293 001a 01       		.ascii	"\001"
 1294 001b 02       		.ascii	"\002"
 1295 001c 01       		.ascii	"\001"
 1296 001d 02       		.ascii	"\002"
 1297 001e 01       		.ascii	"\001"
 1298 001f 02       		.ascii	"\002"
 1299 0020 01       		.ascii	"\001"
 1300 0021 02       		.ascii	"\002"
 1301 0022 01       		.ascii	"\001"
 1302 0023 02       		.ascii	"\002"
 1303 0024 01       		.ascii	"\001"
 1304 0025 02       		.ascii	"\002"
 1305 0026 01       		.ascii	"\001"
 1306 0027 02       		.ascii	"\002"
 1307 0028 01       		.ascii	"\001"
 1308 0029 02       		.ascii	"\002"
 1309 002a 01       		.ascii	"\001"
 1310 002b 02       		.ascii	"\002"
 1311 002c 01       		.ascii	"\001"
 1312 002d 02       		.ascii	"\002"
 1313 002e 01       		.ascii	"\001"
 1314 002f 02       		.ascii	"\002"
 1315 0030 01       		.ascii	"\001"
 1316 0031 02       		.ascii	"\002"
 1317 0032 01       		.ascii	"\001"
 1318 0033 02       		.ascii	"\002"
 1319 0034 01       		.ascii	"\001"
 1320 0035 02       		.ascii	"\002"
 1321 0036 01       		.ascii	"\001"
 1322 0037 02       		.ascii	"\002"
 1323 0038 01       		.ascii	"\001"
ARM GAS  C:\Users\Ridwane\AppData\Local\Temp\ccryF50d.s 			page 47


 1324 0039 02       		.ascii	"\002"
 1325 003a 01       		.ascii	"\001"
 1326 003b 02       		.ascii	"\002"
 1327 003c 01       		.ascii	"\001"
 1328 003d 02       		.ascii	"\002"
 1329 003e 01       		.ascii	"\001"
 1330 003f 02       		.ascii	"\002"
 1331 0040 01       		.ascii	"\001"
 1332 0041 02       		.ascii	"\002"
 1333 0042 01       		.ascii	"\001"
 1334 0043 02       		.ascii	"\002"
 1335 0044 01       		.ascii	"\001"
 1336 0045 02       		.ascii	"\002"
 1337 0046 01       		.ascii	"\001"
 1338 0047 02       		.ascii	"\002"
 1339 0048 01       		.ascii	"\001"
 1340 0049 02       		.ascii	"\002"
 1341 004a 01       		.ascii	"\001"
 1342              		.text
 1343              		.section	.gnu.lto_.opts,"e",%progbits
 1344 0000 272D666E 		.ascii	"'-fno-openmp' '-fno-openacc' '-fno-pie' '-fcf-prote"
 1344      6F2D6F70 
 1344      656E6D70 
 1344      2720272D 
 1344      666E6F2D 
 1345 0033 6374696F 		.ascii	"ction=none' '-g' '-mcpu=cortex-m4' '-mthumb' '-mflo"
 1345      6E3D6E6F 
 1345      6E652720 
 1345      272D6727 
 1345      20272D6D 
 1346 0066 61742D61 		.ascii	"at-abi=soft' '-mlibarch=armv7e-m' '-march=armv7e-m'"
 1346      62693D73 
 1346      6F667427 
 1346      20272D6D 
 1346      6C696261 
 1347 0099 20272D4F 		.ascii	" '-O0' '-fomit-frame-pointer' '-falign-functions=16"
 1347      30272027 
 1347      2D666F6D 
 1347      69742D66 
 1347      72616D65 
 1348 00cc 2720272D 		.ascii	"' '-ffunction-sections' '-fdata-sections' '-fno-com"
 1348      6666756E 
 1348      6374696F 
 1348      6E2D7365 
 1348      6374696F 
 1349 00ff 6D6F6E27 		.ascii	"mon' '-flto' '-Xassembler' '-alms=./build/lst/crt1."
 1349      20272D66 
 1349      6C746F27 
 1349      20272D58 
 1349      61737365 
 1350 0132 6C737427 		.ascii	"lst'\000"
 1350      00
 1351              		.text
 1352              		.comm	__gnu_lto_slim,1,1
 1353              		.ident	"GCC: (Arm GNU Toolchain 11.3.Rel1) 11.3.1 20220712"
ARM GAS  C:\Users\Ridwane\AppData\Local\Temp\ccryF50d.s 			page 48


DEFINED SYMBOLS
                            *ABS*:00000000 crt1.c
C:\Users\Ridwane\AppData\Local\Temp\ccryF50d.s:21     .gnu.debuglto_.debug_info:00000000 crt1.c.72d01c06
                            *COM*:00000001 __gnu_lto_slim

NO UNDEFINED SYMBOLS
