ARM GAS  C:\Users\Ridwane\AppData\Local\Temp\cc44EZxa.s 			page 1


   1              		.cpu cortex-m4
   2              		.arch armv7e-m
   3              		.fpu softvfp
   4              		.eabi_attribute 20, 1
   5              		.eabi_attribute 21, 1
   6              		.eabi_attribute 23, 3
   7              		.eabi_attribute 24, 1
   8              		.eabi_attribute 25, 1
   9              		.eabi_attribute 26, 1
  10              		.eabi_attribute 30, 2
  11              		.eabi_attribute 34, 1
  12              		.eabi_attribute 18, 4
  13              		.file	"hal_pal_lld.c"
  14              		.file 1 "c:\\chibistudio\\tools\\gnu tools arm embedded\\11.3 2022.08\\arm-none-eabi\\include\\mac
  15              		.file 2 "c:\\chibistudio\\tools\\gnu tools arm embedded\\11.3 2022.08\\arm-none-eabi\\include\\sys
  16              		.file 3 "../../chibios2111/os/hal/ports/STM32/LLD/GPIOv2/stm32_gpio.h"
  17              		.file 4 "../../chibios2111/os/hal/ports/STM32/LLD/GPIOv2/hal_pal_lld.h"
  18              		.file 5 "../../chibios2111/os/hal/ports/STM32/LLD/GPIOv2/hal_pal_lld.c"
  19              		.section	.gnu.debuglto_.debug_info,"e",%progbits
  20              	.Ldebug_info0:
  21              		.hidden	hal_pal_lld.c.a9836c19
  22              		.weak	hal_pal_lld.c.a9836c19
  23              	hal_pal_lld.c.a9836c19:
  24 0000 44020000 		.4byte	0x244
  25 0004 0500     		.2byte	0x5
  26 0006 01       		.byte	0x1
  27 0007 04       		.byte	0x4
  28 0008 00000000 		.4byte	.Ldebug_abbrev0
  29 000c 0B       		.uleb128 0xb
  30 000d B7010000 		.4byte	.LASF38
  31 0011 1D       		.byte	0x1d
  32 0012 A9000000 		.4byte	.LASF39
  33 0016 89010000 		.4byte	.LASF40
  34 001a 00000000 		.4byte	.Ldebug_line0
  35 001e 0C       		.uleb128 0xc
  36 001f 04       		.byte	0x4
  37 0020 05       		.byte	0x5
  38 0021 696E7400 		.ascii	"int\000"
  39 0025 01       		.uleb128 0x1
  40 0026 04       		.byte	0x4
  41 0027 07       		.byte	0x7
  42 0028 22010000 		.4byte	.LASF0
  43 002c 01       		.uleb128 0x1
  44 002d 08       		.byte	0x8
  45 002e 05       		.byte	0x5
  46 002f 00000000 		.4byte	.LASF1
  47 0033 01       		.uleb128 0x1
  48 0034 08       		.byte	0x8
  49 0035 04       		.byte	0x4
  50 0036 51010000 		.4byte	.LASF2
  51 003a 01       		.uleb128 0x1
  52 003b 01       		.byte	0x1
  53 003c 06       		.byte	0x6
  54 003d 78020000 		.4byte	.LASF3
  55 0041 01       		.uleb128 0x1
  56 0042 01       		.byte	0x1
  57 0043 08       		.byte	0x8
ARM GAS  C:\Users\Ridwane\AppData\Local\Temp\cc44EZxa.s 			page 2


  58 0044 63000000 		.4byte	.LASF4
  59 0048 01       		.uleb128 0x1
  60 0049 02       		.byte	0x2
  61 004a 05       		.byte	0x5
  62 004b 3C000000 		.4byte	.LASF5
  63 004f 03       		.uleb128 0x3
  64 0050 E7000000 		.4byte	.LASF8
  65 0054 01       		.byte	0x1
  66 0055 39       		.byte	0x39
  67 0056 19       		.byte	0x19
  68 0057 5B000000 		.4byte	0x5b
  69 005b 01       		.uleb128 0x1
  70 005c 02       		.byte	0x2
  71 005d 07       		.byte	0x7
  72 005e 88000000 		.4byte	.LASF6
  73 0062 01       		.uleb128 0x1
  74 0063 04       		.byte	0x4
  75 0064 05       		.byte	0x5
  76 0065 AE010000 		.4byte	.LASF7
  77 0069 03       		.uleb128 0x3
  78 006a FB000000 		.4byte	.LASF9
  79 006e 01       		.byte	0x1
  80 006f 4F       		.byte	0x4f
  81 0070 19       		.byte	0x19
  82 0071 75000000 		.4byte	0x75
  83 0075 01       		.uleb128 0x1
  84 0076 04       		.byte	0x4
  85 0077 07       		.byte	0x7
  86 0078 76000000 		.4byte	.LASF10
  87 007c 01       		.uleb128 0x1
  88 007d 08       		.byte	0x8
  89 007e 07       		.byte	0x7
  90 007f 8A020000 		.4byte	.LASF11
  91 0083 03       		.uleb128 0x3
  92 0084 80010000 		.4byte	.LASF12
  93 0088 02       		.byte	0x2
  94 0089 24       		.byte	0x24
  95 008a 14       		.byte	0x14
  96 008b 4F000000 		.4byte	0x4f
  97 008f 03       		.uleb128 0x3
  98 0090 A0000000 		.4byte	.LASF13
  99 0094 02       		.byte	0x2
 100 0095 30       		.byte	0x30
 101 0096 14       		.byte	0x14
 102 0097 69000000 		.4byte	0x69
 103 009b 08       		.uleb128 0x8
 104 009c 8F000000 		.4byte	0x8f
 105 00a0 01       		.uleb128 0x1
 106 00a1 01       		.byte	0x1
 107 00a2 08       		.byte	0x8
 108 00a3 34010000 		.4byte	.LASF14
 109 00a7 01       		.uleb128 0x1
 110 00a8 01       		.byte	0x1
 111 00a9 02       		.byte	0x2
 112 00aa 84020000 		.4byte	.LASF15
 113 00ae 09       		.uleb128 0x9
 114 00af 04       		.byte	0x4
ARM GAS  C:\Users\Ridwane\AppData\Local\Temp\cc44EZxa.s 			page 3


 115 00b0 5B       		.byte	0x5b
 116 00b1 05       		.byte	0x5
 117 00b2 CE000000 		.4byte	0xce
 118 00b6 06       		.uleb128 0x6
 119 00b7 73657400 		.ascii	"set\000"
 120 00bb 5C       		.byte	0x5c
 121 00bc 83000000 		.4byte	0x83
 122 00c0 00       		.byte	0
 123 00c1 02       		.uleb128 0x2
 124 00c2 16000000 		.4byte	.LASF16
 125 00c6 5D       		.byte	0x5d
 126 00c7 19       		.byte	0x19
 127 00c8 83000000 		.4byte	0x83
 128 00cc 02       		.byte	0x2
 129 00cd 00       		.byte	0
 130 00ce 0D       		.uleb128 0xd
 131 00cf 04       		.byte	0x4
 132 00d0 03       		.byte	0x3
 133 00d1 59       		.byte	0x59
 134 00d2 0C       		.byte	0xc
 135 00d3 EA000000 		.4byte	0xea
 136 00d7 0A       		.uleb128 0xa
 137 00d8 5700     		.ascii	"W\000"
 138 00da 5A       		.byte	0x5a
 139 00db 19       		.byte	0x19
 140 00dc 8F000000 		.4byte	0x8f
 141 00e0 0A       		.uleb128 0xa
 142 00e1 4800     		.ascii	"H\000"
 143 00e3 5E       		.byte	0x5e
 144 00e4 07       		.byte	0x7
 145 00e5 AE000000 		.4byte	0xae
 146 00e9 00       		.byte	0
 147 00ea 08       		.uleb128 0x8
 148 00eb CE000000 		.4byte	0xce
 149 00ef 09       		.uleb128 0x9
 150 00f0 28       		.byte	0x28
 151 00f1 51       		.byte	0x51
 152 00f2 09       		.byte	0x9
 153 00f3 6E010000 		.4byte	0x16e
 154 00f7 02       		.uleb128 0x2
 155 00f8 1C000000 		.4byte	.LASF17
 156 00fc 53       		.byte	0x53
 157 00fd 19       		.byte	0x19
 158 00fe 9B000000 		.4byte	0x9b
 159 0102 00       		.byte	0
 160 0103 02       		.uleb128 0x2
 161 0104 35000000 		.4byte	.LASF18
 162 0108 54       		.byte	0x54
 163 0109 19       		.byte	0x19
 164 010a 9B000000 		.4byte	0x9b
 165 010e 04       		.byte	0x4
 166 010f 02       		.uleb128 0x2
 167 0110 0E000000 		.4byte	.LASF19
 168 0114 55       		.byte	0x55
 169 0115 19       		.byte	0x19
 170 0116 9B000000 		.4byte	0x9b
 171 011a 08       		.byte	0x8
ARM GAS  C:\Users\Ridwane\AppData\Local\Temp\cc44EZxa.s 			page 4


 172 011b 02       		.uleb128 0x2
 173 011c 5D010000 		.4byte	.LASF20
 174 0120 56       		.byte	0x56
 175 0121 19       		.byte	0x19
 176 0122 9B000000 		.4byte	0x9b
 177 0126 0C       		.byte	0xc
 178 0127 06       		.uleb128 0x6
 179 0128 49445200 		.ascii	"IDR\000"
 180 012c 57       		.byte	0x57
 181 012d 9B000000 		.4byte	0x9b
 182 0131 10       		.byte	0x10
 183 0132 06       		.uleb128 0x6
 184 0133 4F445200 		.ascii	"ODR\000"
 185 0137 58       		.byte	0x58
 186 0138 9B000000 		.4byte	0x9b
 187 013c 14       		.byte	0x14
 188 013d 02       		.uleb128 0x2
 189 013e 30000000 		.4byte	.LASF21
 190 0142 5F       		.byte	0x5f
 191 0143 05       		.byte	0x5
 192 0144 EA000000 		.4byte	0xea
 193 0148 18       		.byte	0x18
 194 0149 02       		.uleb128 0x2
 195 014a 3E010000 		.4byte	.LASF22
 196 014e 60       		.byte	0x60
 197 014f 19       		.byte	0x19
 198 0150 9B000000 		.4byte	0x9b
 199 0154 1C       		.byte	0x1c
 200 0155 02       		.uleb128 0x2
 201 0156 9B000000 		.4byte	.LASF23
 202 015a 61       		.byte	0x61
 203 015b 19       		.byte	0x19
 204 015c 9B000000 		.4byte	0x9b
 205 0160 20       		.byte	0x20
 206 0161 02       		.uleb128 0x2
 207 0162 71000000 		.4byte	.LASF24
 208 0166 62       		.byte	0x62
 209 0167 19       		.byte	0x19
 210 0168 9B000000 		.4byte	0x9b
 211 016c 24       		.byte	0x24
 212 016d 00       		.byte	0
 213 016e 03       		.uleb128 0x3
 214 016f 44010000 		.4byte	.LASF25
 215 0173 03       		.byte	0x3
 216 0174 63       		.byte	0x63
 217 0175 03       		.byte	0x3
 218 0176 EF000000 		.4byte	0xef
 219 017a 03       		.uleb128 0x3
 220 017b 4D000000 		.4byte	.LASF26
 221 017f 04       		.byte	0x4
 222 0180 C2       		.byte	0xc2
 223 0181 12       		.byte	0x12
 224 0182 8F000000 		.4byte	0x8f
 225 0186 03       		.uleb128 0x3
 226 0187 5A000000 		.4byte	.LASF27
 227 018b 04       		.byte	0x4
 228 018c C7       		.byte	0xc7
ARM GAS  C:\Users\Ridwane\AppData\Local\Temp\cc44EZxa.s 			page 5


 229 018d 12       		.byte	0x12
 230 018e 8F000000 		.4byte	0x8f
 231 0192 03       		.uleb128 0x3
 232 0193 75010000 		.4byte	.LASF28
 233 0197 04       		.byte	0x4
 234 0198 D9       		.byte	0xd9
 235 0199 18       		.byte	0x18
 236 019a 9E010000 		.4byte	0x19e
 237 019e 0E       		.uleb128 0xe
 238 019f 04       		.byte	0x4
 239 01a0 6E010000 		.4byte	0x16e
 240 01a4 0F       		.uleb128 0xf
 241 01a5 0C010000 		.4byte	.LASF41
 242 01a9 05       		.byte	0x5
 243 01aa 59       		.byte	0x59
 244 01ab 06       		.byte	0x6
 245 01ac 3F020000 		.4byte	0x23f
 246 01b0 07       		.uleb128 0x7
 247 01b1 70010000 		.4byte	.LASF29
 248 01b5 59       		.byte	0x59
 249 01b6 27       		.byte	0x27
 250 01b7 92010000 		.4byte	0x192
 251 01bb 07       		.uleb128 0x7
 252 01bc 6B010000 		.4byte	.LASF30
 253 01c0 5A       		.byte	0x5a
 254 01c1 29       		.byte	0x29
 255 01c2 7A010000 		.4byte	0x17a
 256 01c6 07       		.uleb128 0x7
 257 01c7 39010000 		.4byte	.LASF31
 258 01cb 5B       		.byte	0x5b
 259 01cc 25       		.byte	0x25
 260 01cd 86010000 		.4byte	0x186
 261 01d1 04       		.uleb128 0x4
 262 01d2 72020000 		.4byte	.LASF32
 263 01d6 5D       		.byte	0x5d
 264 01d7 0C       		.byte	0xc
 265 01d8 8F000000 		.4byte	0x8f
 266 01dc 04       		.uleb128 0x4
 267 01dd 46000000 		.4byte	.LASF33
 268 01e1 5E       		.byte	0x5e
 269 01e2 0C       		.byte	0xc
 270 01e3 8F000000 		.4byte	0x8f
 271 01e7 04       		.uleb128 0x4
 272 01e8 63010000 		.4byte	.LASF34
 273 01ec 5F       		.byte	0x5f
 274 01ed 0C       		.byte	0xc
 275 01ee 8F000000 		.4byte	0x8f
 276 01f2 04       		.uleb128 0x4
 277 01f3 06010000 		.4byte	.LASF35
 278 01f7 60       		.byte	0x60
 279 01f8 0C       		.byte	0xc
 280 01f9 8F000000 		.4byte	0x8f
 281 01fd 04       		.uleb128 0x4
 282 01fe 2F010000 		.4byte	.LASF36
 283 0202 61       		.byte	0x61
 284 0203 0C       		.byte	0xc
 285 0204 8F000000 		.4byte	0x8f
ARM GAS  C:\Users\Ridwane\AppData\Local\Temp\cc44EZxa.s 			page 6


 286 0208 05       		.uleb128 0x5
 287 0209 62697400 		.ascii	"bit\000"
 288 020d 62       		.byte	0x62
 289 020e 0C       		.byte	0xc
 290 020f 8F000000 		.4byte	0x8f
 291 0213 10       		.uleb128 0x10
 292 0214 04       		.uleb128 0x4
 293 0215 F2000000 		.4byte	.LASF37
 294 0219 65       		.byte	0x65
 295 021a 10       		.byte	0x10
 296 021b 8F000000 		.4byte	0x8f
 297 021f 05       		.uleb128 0x5
 298 0220 6D3100   		.ascii	"m1\000"
 299 0223 65       		.byte	0x65
 300 0224 1A       		.byte	0x1a
 301 0225 8F000000 		.4byte	0x8f
 302 0229 05       		.uleb128 0x5
 303 022a 6D3200   		.ascii	"m2\000"
 304 022d 65       		.byte	0x65
 305 022e 1E       		.byte	0x1e
 306 022f 8F000000 		.4byte	0x8f
 307 0233 05       		.uleb128 0x5
 308 0234 6D3400   		.ascii	"m4\000"
 309 0237 65       		.byte	0x65
 310 0238 22       		.byte	0x22
 311 0239 8F000000 		.4byte	0x8f
 312 023d 00       		.byte	0
 313 023e 00       		.byte	0
 314 023f 11       		.uleb128 0x11
 315 0240 22000000 		.4byte	.LASF42
 316 0244 05       		.byte	0x5
 317 0245 41       		.byte	0x41
 318 0246 06       		.byte	0x6
 319 0247 00       		.byte	0
 320              		.section	.gnu.debuglto_.debug_abbrev,"e",%progbits
 321              	.Ldebug_abbrev0:
 322 0000 01       		.uleb128 0x1
 323 0001 24       		.uleb128 0x24
 324 0002 00       		.byte	0
 325 0003 0B       		.uleb128 0xb
 326 0004 0B       		.uleb128 0xb
 327 0005 3E       		.uleb128 0x3e
 328 0006 0B       		.uleb128 0xb
 329 0007 03       		.uleb128 0x3
 330 0008 0E       		.uleb128 0xe
 331 0009 00       		.byte	0
 332 000a 00       		.byte	0
 333 000b 02       		.uleb128 0x2
 334 000c 0D       		.uleb128 0xd
 335 000d 00       		.byte	0
 336 000e 03       		.uleb128 0x3
 337 000f 0E       		.uleb128 0xe
 338 0010 3A       		.uleb128 0x3a
 339 0011 21       		.uleb128 0x21
 340 0012 03       		.sleb128 3
 341 0013 3B       		.uleb128 0x3b
 342 0014 0B       		.uleb128 0xb
ARM GAS  C:\Users\Ridwane\AppData\Local\Temp\cc44EZxa.s 			page 7


 343 0015 39       		.uleb128 0x39
 344 0016 0B       		.uleb128 0xb
 345 0017 49       		.uleb128 0x49
 346 0018 13       		.uleb128 0x13
 347 0019 38       		.uleb128 0x38
 348 001a 0B       		.uleb128 0xb
 349 001b 00       		.byte	0
 350 001c 00       		.byte	0
 351 001d 03       		.uleb128 0x3
 352 001e 16       		.uleb128 0x16
 353 001f 00       		.byte	0
 354 0020 03       		.uleb128 0x3
 355 0021 0E       		.uleb128 0xe
 356 0022 3A       		.uleb128 0x3a
 357 0023 0B       		.uleb128 0xb
 358 0024 3B       		.uleb128 0x3b
 359 0025 0B       		.uleb128 0xb
 360 0026 39       		.uleb128 0x39
 361 0027 0B       		.uleb128 0xb
 362 0028 49       		.uleb128 0x49
 363 0029 13       		.uleb128 0x13
 364 002a 00       		.byte	0
 365 002b 00       		.byte	0
 366 002c 04       		.uleb128 0x4
 367 002d 34       		.uleb128 0x34
 368 002e 00       		.byte	0
 369 002f 03       		.uleb128 0x3
 370 0030 0E       		.uleb128 0xe
 371 0031 3A       		.uleb128 0x3a
 372 0032 21       		.uleb128 0x21
 373 0033 05       		.sleb128 5
 374 0034 3B       		.uleb128 0x3b
 375 0035 0B       		.uleb128 0xb
 376 0036 39       		.uleb128 0x39
 377 0037 0B       		.uleb128 0xb
 378 0038 49       		.uleb128 0x49
 379 0039 13       		.uleb128 0x13
 380 003a 00       		.byte	0
 381 003b 00       		.byte	0
 382 003c 05       		.uleb128 0x5
 383 003d 34       		.uleb128 0x34
 384 003e 00       		.byte	0
 385 003f 03       		.uleb128 0x3
 386 0040 08       		.uleb128 0x8
 387 0041 3A       		.uleb128 0x3a
 388 0042 21       		.uleb128 0x21
 389 0043 05       		.sleb128 5
 390 0044 3B       		.uleb128 0x3b
 391 0045 0B       		.uleb128 0xb
 392 0046 39       		.uleb128 0x39
 393 0047 0B       		.uleb128 0xb
 394 0048 49       		.uleb128 0x49
 395 0049 13       		.uleb128 0x13
 396 004a 00       		.byte	0
 397 004b 00       		.byte	0
 398 004c 06       		.uleb128 0x6
 399 004d 0D       		.uleb128 0xd
ARM GAS  C:\Users\Ridwane\AppData\Local\Temp\cc44EZxa.s 			page 8


 400 004e 00       		.byte	0
 401 004f 03       		.uleb128 0x3
 402 0050 08       		.uleb128 0x8
 403 0051 3A       		.uleb128 0x3a
 404 0052 21       		.uleb128 0x21
 405 0053 03       		.sleb128 3
 406 0054 3B       		.uleb128 0x3b
 407 0055 0B       		.uleb128 0xb
 408 0056 39       		.uleb128 0x39
 409 0057 21       		.uleb128 0x21
 410 0058 19       		.sleb128 25
 411 0059 49       		.uleb128 0x49
 412 005a 13       		.uleb128 0x13
 413 005b 38       		.uleb128 0x38
 414 005c 0B       		.uleb128 0xb
 415 005d 00       		.byte	0
 416 005e 00       		.byte	0
 417 005f 07       		.uleb128 0x7
 418 0060 05       		.uleb128 0x5
 419 0061 00       		.byte	0
 420 0062 03       		.uleb128 0x3
 421 0063 0E       		.uleb128 0xe
 422 0064 3A       		.uleb128 0x3a
 423 0065 21       		.uleb128 0x21
 424 0066 05       		.sleb128 5
 425 0067 3B       		.uleb128 0x3b
 426 0068 0B       		.uleb128 0xb
 427 0069 39       		.uleb128 0x39
 428 006a 0B       		.uleb128 0xb
 429 006b 49       		.uleb128 0x49
 430 006c 13       		.uleb128 0x13
 431 006d 00       		.byte	0
 432 006e 00       		.byte	0
 433 006f 08       		.uleb128 0x8
 434 0070 35       		.uleb128 0x35
 435 0071 00       		.byte	0
 436 0072 49       		.uleb128 0x49
 437 0073 13       		.uleb128 0x13
 438 0074 00       		.byte	0
 439 0075 00       		.byte	0
 440 0076 09       		.uleb128 0x9
 441 0077 13       		.uleb128 0x13
 442 0078 01       		.byte	0x1
 443 0079 0B       		.uleb128 0xb
 444 007a 0B       		.uleb128 0xb
 445 007b 3A       		.uleb128 0x3a
 446 007c 21       		.uleb128 0x21
 447 007d 03       		.sleb128 3
 448 007e 3B       		.uleb128 0x3b
 449 007f 0B       		.uleb128 0xb
 450 0080 39       		.uleb128 0x39
 451 0081 0B       		.uleb128 0xb
 452 0082 01       		.uleb128 0x1
 453 0083 13       		.uleb128 0x13
 454 0084 00       		.byte	0
 455 0085 00       		.byte	0
 456 0086 0A       		.uleb128 0xa
ARM GAS  C:\Users\Ridwane\AppData\Local\Temp\cc44EZxa.s 			page 9


 457 0087 0D       		.uleb128 0xd
 458 0088 00       		.byte	0
 459 0089 03       		.uleb128 0x3
 460 008a 08       		.uleb128 0x8
 461 008b 3A       		.uleb128 0x3a
 462 008c 21       		.uleb128 0x21
 463 008d 03       		.sleb128 3
 464 008e 3B       		.uleb128 0x3b
 465 008f 0B       		.uleb128 0xb
 466 0090 39       		.uleb128 0x39
 467 0091 0B       		.uleb128 0xb
 468 0092 49       		.uleb128 0x49
 469 0093 13       		.uleb128 0x13
 470 0094 00       		.byte	0
 471 0095 00       		.byte	0
 472 0096 0B       		.uleb128 0xb
 473 0097 11       		.uleb128 0x11
 474 0098 01       		.byte	0x1
 475 0099 25       		.uleb128 0x25
 476 009a 0E       		.uleb128 0xe
 477 009b 13       		.uleb128 0x13
 478 009c 0B       		.uleb128 0xb
 479 009d 03       		.uleb128 0x3
 480 009e 0E       		.uleb128 0xe
 481 009f 1B       		.uleb128 0x1b
 482 00a0 0E       		.uleb128 0xe
 483 00a1 10       		.uleb128 0x10
 484 00a2 17       		.uleb128 0x17
 485 00a3 00       		.byte	0
 486 00a4 00       		.byte	0
 487 00a5 0C       		.uleb128 0xc
 488 00a6 24       		.uleb128 0x24
 489 00a7 00       		.byte	0
 490 00a8 0B       		.uleb128 0xb
 491 00a9 0B       		.uleb128 0xb
 492 00aa 3E       		.uleb128 0x3e
 493 00ab 0B       		.uleb128 0xb
 494 00ac 03       		.uleb128 0x3
 495 00ad 08       		.uleb128 0x8
 496 00ae 00       		.byte	0
 497 00af 00       		.byte	0
 498 00b0 0D       		.uleb128 0xd
 499 00b1 17       		.uleb128 0x17
 500 00b2 01       		.byte	0x1
 501 00b3 0B       		.uleb128 0xb
 502 00b4 0B       		.uleb128 0xb
 503 00b5 3A       		.uleb128 0x3a
 504 00b6 0B       		.uleb128 0xb
 505 00b7 3B       		.uleb128 0x3b
 506 00b8 0B       		.uleb128 0xb
 507 00b9 39       		.uleb128 0x39
 508 00ba 0B       		.uleb128 0xb
 509 00bb 01       		.uleb128 0x1
 510 00bc 13       		.uleb128 0x13
 511 00bd 00       		.byte	0
 512 00be 00       		.byte	0
 513 00bf 0E       		.uleb128 0xe
ARM GAS  C:\Users\Ridwane\AppData\Local\Temp\cc44EZxa.s 			page 10


 514 00c0 0F       		.uleb128 0xf
 515 00c1 00       		.byte	0
 516 00c2 0B       		.uleb128 0xb
 517 00c3 0B       		.uleb128 0xb
 518 00c4 49       		.uleb128 0x49
 519 00c5 13       		.uleb128 0x13
 520 00c6 00       		.byte	0
 521 00c7 00       		.byte	0
 522 00c8 0F       		.uleb128 0xf
 523 00c9 2E       		.uleb128 0x2e
 524 00ca 01       		.byte	0x1
 525 00cb 3F       		.uleb128 0x3f
 526 00cc 19       		.uleb128 0x19
 527 00cd 03       		.uleb128 0x3
 528 00ce 0E       		.uleb128 0xe
 529 00cf 3A       		.uleb128 0x3a
 530 00d0 0B       		.uleb128 0xb
 531 00d1 3B       		.uleb128 0x3b
 532 00d2 0B       		.uleb128 0xb
 533 00d3 39       		.uleb128 0x39
 534 00d4 0B       		.uleb128 0xb
 535 00d5 27       		.uleb128 0x27
 536 00d6 19       		.uleb128 0x19
 537 00d7 01       		.uleb128 0x1
 538 00d8 13       		.uleb128 0x13
 539 00d9 00       		.byte	0
 540 00da 00       		.byte	0
 541 00db 10       		.uleb128 0x10
 542 00dc 0B       		.uleb128 0xb
 543 00dd 01       		.byte	0x1
 544 00de 00       		.byte	0
 545 00df 00       		.byte	0
 546 00e0 11       		.uleb128 0x11
 547 00e1 2E       		.uleb128 0x2e
 548 00e2 00       		.byte	0
 549 00e3 3F       		.uleb128 0x3f
 550 00e4 19       		.uleb128 0x19
 551 00e5 03       		.uleb128 0x3
 552 00e6 0E       		.uleb128 0xe
 553 00e7 3A       		.uleb128 0x3a
 554 00e8 0B       		.uleb128 0xb
 555 00e9 3B       		.uleb128 0x3b
 556 00ea 0B       		.uleb128 0xb
 557 00eb 39       		.uleb128 0x39
 558 00ec 0B       		.uleb128 0xb
 559 00ed 27       		.uleb128 0x27
 560 00ee 19       		.uleb128 0x19
 561 00ef 00       		.byte	0
 562 00f0 00       		.byte	0
 563 00f1 00       		.byte	0
 564              		.section	.gnu.debuglto_.debug_line,"e",%progbits
 565              	.Ldebug_line0:
 566 0000 52000000 		.4byte	.LELT0-.LSLT0
 567              	.LSLT0:
 568 0004 0500     		.2byte	0x5
 569 0006 04       		.byte	0x4
 570 0007 00       		.byte	0
ARM GAS  C:\Users\Ridwane\AppData\Local\Temp\cc44EZxa.s 			page 11


 571 0008 4A000000 		.4byte	.LELTP0-.LASLTP0
 572              	.LASLTP0:
 573 000c 01       		.byte	0x1
 574 000d 01       		.byte	0x1
 575 000e 01       		.byte	0x1
 576 000f F6       		.byte	0xf6
 577 0010 F2       		.byte	0xf2
 578 0011 0D       		.byte	0xd
 579 0012 00       		.byte	0
 580 0013 01       		.byte	0x1
 581 0014 01       		.byte	0x1
 582 0015 01       		.byte	0x1
 583 0016 01       		.byte	0x1
 584 0017 00       		.byte	0
 585 0018 00       		.byte	0
 586 0019 00       		.byte	0
 587 001a 01       		.byte	0x1
 588 001b 00       		.byte	0
 589 001c 00       		.byte	0
 590 001d 01       		.byte	0x1
 591 001e 01       		.byte	0x1
 592 001f 01       		.uleb128 0x1
 593 0020 1F       		.uleb128 0x1f
 594 0021 04       		.uleb128 0x4
 595 0022 71000000 		.4byte	.LASF43
 596 0026 51010000 		.4byte	.LASF44
 597 002a E2000000 		.4byte	.LASF45
 598 002e 0D000000 		.4byte	.LASF46
 599 0032 02       		.byte	0x2
 600 0033 01       		.uleb128 0x1
 601 0034 1F       		.uleb128 0x1f
 602 0035 02       		.uleb128 0x2
 603 0036 0B       		.uleb128 0xb
 604 0037 06       		.uleb128 0x6
 605 0038 A4000000 		.4byte	.LASF47
 606 003c 00       		.byte	0
 607 003d 60000000 		.4byte	.LASF48
 608 0041 02       		.byte	0x2
 609 0042 47010000 		.4byte	.LASF49
 610 0046 03       		.byte	0x3
 611 0047 00000000 		.4byte	.LASF50
 612 004b 01       		.byte	0x1
 613 004c 39010000 		.4byte	.LASF51
 614 0050 01       		.byte	0x1
 615 0051 96000000 		.4byte	.LASF52
 616 0055 01       		.byte	0x1
 617              	.LELTP0:
 618              	.LELT0:
 619              		.section	.gnu.debuglto_.debug_str,"eMS",%progbits,1
 620              	.LASF1:
 621 0000 6C6F6E67 		.ascii	"long long int\000"
 621      206C6F6E 
 621      6720696E 
 621      7400
 622              	.LASF19:
 623 000e 4F535045 		.ascii	"OSPEEDR\000"
 623      45445200 
ARM GAS  C:\Users\Ridwane\AppData\Local\Temp\cc44EZxa.s 			page 12


 624              	.LASF16:
 625 0016 636C6561 		.ascii	"clear\000"
 625      7200
 626              	.LASF17:
 627 001c 4D4F4445 		.ascii	"MODER\000"
 627      5200
 628              	.LASF42:
 629 0022 5F70616C 		.ascii	"_pal_lld_init\000"
 629      5F6C6C64 
 629      5F696E69 
 629      7400
 630              	.LASF21:
 631 0030 42535252 		.ascii	"BSRR\000"
 631      00
 632              	.LASF18:
 633 0035 4F545950 		.ascii	"OTYPER\000"
 633      455200
 634              	.LASF5:
 635 003c 73686F72 		.ascii	"short int\000"
 635      7420696E 
 635      7400
 636              	.LASF33:
 637 0046 6F747970 		.ascii	"otyper\000"
 637      657200
 638              	.LASF26:
 639 004d 696F706F 		.ascii	"ioportmask_t\000"
 639      72746D61 
 639      736B5F74 
 639      00
 640              	.LASF27:
 641 005a 696F6D6F 		.ascii	"iomode_t\000"
 641      64655F74 
 641      00
 642              	.LASF4:
 643 0063 756E7369 		.ascii	"unsigned char\000"
 643      676E6564 
 643      20636861 
 643      7200
 644              	.LASF24:
 645 0071 41465248 		.ascii	"AFRH\000"
 645      00
 646              	.LASF10:
 647 0076 6C6F6E67 		.ascii	"long unsigned int\000"
 647      20756E73 
 647      69676E65 
 647      6420696E 
 647      7400
 648              	.LASF6:
 649 0088 73686F72 		.ascii	"short unsigned int\000"
 649      7420756E 
 649      7369676E 
 649      65642069 
 649      6E7400
 650              	.LASF23:
 651 009b 4146524C 		.ascii	"AFRL\000"
 651      00
 652              	.LASF13:
ARM GAS  C:\Users\Ridwane\AppData\Local\Temp\cc44EZxa.s 			page 13


 653 00a0 75696E74 		.ascii	"uint32_t\000"
 653      33325F74 
 653      00
 654              	.LASF39:
 655 00a9 2E2E2F2E 		.ascii	"../../chibios2111/os/hal/ports/STM32/LLD/GPIOv2/hal"
 655      2E2F6368 
 655      6962696F 
 655      73323131 
 655      312F6F73 
 656 00dc 5F70616C 		.ascii	"_pal_lld.c\000"
 656      5F6C6C64 
 656      2E6300
 657              	.LASF8:
 658 00e7 5F5F7569 		.ascii	"__uint16_t\000"
 658      6E743136 
 658      5F7400
 659              	.LASF37:
 660 00f2 616C7472 		.ascii	"altrmask\000"
 660      6D61736B 
 660      00
 661              	.LASF9:
 662 00fb 5F5F7569 		.ascii	"__uint32_t\000"
 662      6E743332 
 662      5F7400
 663              	.LASF35:
 664 0106 70757064 		.ascii	"pupdr\000"
 664      7200
 665              	.LASF41:
 666 010c 5F70616C 		.ascii	"_pal_lld_setgroupmode\000"
 666      5F6C6C64 
 666      5F736574 
 666      67726F75 
 666      706D6F64 
 667              	.LASF0:
 668 0122 756E7369 		.ascii	"unsigned int\000"
 668      676E6564 
 668      20696E74 
 668      00
 669              	.LASF36:
 670 012f 616C7472 		.ascii	"altr\000"
 670      00
 671              	.LASF14:
 672 0134 63686172 		.ascii	"char\000"
 672      00
 673              	.LASF31:
 674 0139 6D6F6465 		.ascii	"mode\000"
 674      00
 675              	.LASF22:
 676 013e 4C4F434B 		.ascii	"LOCKR\000"
 676      5200
 677              	.LASF25:
 678 0144 73746D33 		.ascii	"stm32_gpio_t\000"
 678      325F6770 
 678      696F5F74 
 678      00
 679              	.LASF2:
 680 0151 6C6F6E67 		.ascii	"long double\000"
ARM GAS  C:\Users\Ridwane\AppData\Local\Temp\cc44EZxa.s 			page 14


 680      20646F75 
 680      626C6500 
 681              	.LASF20:
 682 015d 50555044 		.ascii	"PUPDR\000"
 682      5200
 683              	.LASF34:
 684 0163 6F737065 		.ascii	"ospeedr\000"
 684      65647200 
 685              	.LASF30:
 686 016b 6D61736B 		.ascii	"mask\000"
 686      00
 687              	.LASF29:
 688 0170 706F7274 		.ascii	"port\000"
 688      00
 689              	.LASF28:
 690 0175 696F706F 		.ascii	"ioportid_t\000"
 690      72746964 
 690      5F7400
 691              	.LASF12:
 692 0180 75696E74 		.ascii	"uint16_t\000"
 692      31365F74 
 692      00
 693              	.LASF40:
 694 0189 433A5C43 		.ascii	"C:\\ChibiStudio\\workspace_user\\Falcon\000"
 694      68696269 
 694      53747564 
 694      696F5C77 
 694      6F726B73 
 695              	.LASF7:
 696 01ae 6C6F6E67 		.ascii	"long int\000"
 696      20696E74 
 696      00
 697              	.LASF38:
 698 01b7 474E5520 		.ascii	"GNU C17 11.3.1 20220712 -mcpu=cortex-m4 -mthumb -mf"
 698      43313720 
 698      31312E33 
 698      2E312032 
 698      30323230 
 699 01ea 6C6F6174 		.ascii	"loat-abi=soft -march=armv7e-m -ggdb -O2 -fomit-fram"
 699      2D616269 
 699      3D736F66 
 699      74202D6D 
 699      61726368 
 700 021d 652D706F 		.ascii	"e-pointer -falign-functions=16 -ffunction-sections "
 700      696E7465 
 700      72202D66 
 700      616C6967 
 700      6E2D6675 
 701 0250 2D666461 		.ascii	"-fdata-sections -fno-common -flto\000"
 701      74612D73 
 701      65637469 
 701      6F6E7320 
 701      2D666E6F 
 702              	.LASF32:
 703 0272 6D6F6465 		.ascii	"moder\000"
 703      7200
 704              	.LASF3:
ARM GAS  C:\Users\Ridwane\AppData\Local\Temp\cc44EZxa.s 			page 15


 705 0278 7369676E 		.ascii	"signed char\000"
 705      65642063 
 705      68617200 
 706              	.LASF15:
 707 0284 5F426F6F 		.ascii	"_Bool\000"
 707      6C00
 708              	.LASF11:
 709 028a 6C6F6E67 		.ascii	"long long unsigned int\000"
 709      206C6F6E 
 709      6720756E 
 709      7369676E 
 709      65642069 
 710              		.section	.gnu.debuglto_.debug_line_str,"eMS",%progbits,1
 711              	.LASF50:
 712 0000 73746D33 		.ascii	"stm32_gpio.h\000"
 712      325F6770 
 712      696F2E68 
 712      00
 713              	.LASF46:
 714 000d 633A5C63 		.ascii	"c:\\chibistudio\\tools\\gnu tools arm embedded\\11."
 714      68696269 
 714      73747564 
 714      696F5C74 
 714      6F6F6C73 
 715 003c 33203230 		.ascii	"3 2022.08\\arm-none-eabi\\include\\sys\000"
 715      32322E30 
 715      385C6172 
 715      6D2D6E6F 
 715      6E652D65 
 716              	.LASF48:
 717 0060 5F646566 		.ascii	"_default_types.h\000"
 717      61756C74 
 717      5F747970 
 717      65732E68 
 717      00
 718              	.LASF43:
 719 0071 433A5C43 		.ascii	"C:\\ChibiStudio\\workspace_user\\Falcon\000"
 719      68696269 
 719      53747564 
 719      696F5C77 
 719      6F726B73 
 720              	.LASF52:
 721 0096 68616C5F 		.ascii	"hal_pal_lld.c\000"
 721      70616C5F 
 721      6C6C642E 
 721      6300
 722              	.LASF47:
 723 00a4 2E2E2F2E 		.ascii	"../../chibios2111/os/hal/ports/STM32/LLD/GPIOv2/hal"
 723      2E2F6368 
 723      6962696F 
 723      73323131 
 723      312F6F73 
 724 00d7 5F70616C 		.ascii	"_pal_lld.c\000"
 724      5F6C6C64 
 724      2E6300
 725              	.LASF45:
 726 00e2 633A5C63 		.ascii	"c:\\chibistudio\\tools\\gnu tools arm embedded\\11."
ARM GAS  C:\Users\Ridwane\AppData\Local\Temp\cc44EZxa.s 			page 16


 726      68696269 
 726      73747564 
 726      696F5C74 
 726      6F6F6C73 
 727 0111 33203230 		.ascii	"3 2022.08\\arm-none-eabi\\include\\machine\000"
 727      32322E30 
 727      385C6172 
 727      6D2D6E6F 
 727      6E652D65 
 728              	.LASF51:
 729 0139 68616C5F 		.ascii	"hal_pal_lld.h\000"
 729      70616C5F 
 729      6C6C642E 
 729      6800
 730              	.LASF49:
 731 0147 5F737464 		.ascii	"_stdint.h\000"
 731      696E742E 
 731      6800
 732              	.LASF44:
 733 0151 2E2E2F2E 		.ascii	"../../chibios2111/os/hal/ports/STM32/LLD/GPIOv2\000"
 733      2E2F6368 
 733      6962696F 
 733      73323131 
 733      312F6F73 
 734              		.text
 735              		.section	.gnu.lto_.profile.79e3b7b8,"e",%progbits
 736 0000 789C6362 		.ascii	"x\234cb\000\001\000\000\022\000\003"
 736      00010000 
 736      120003
 737              		.text
 738              		.section	.gnu.lto_.icf.79e3b7b8,"e",%progbits
 739 0000 789C8B60 		.ascii	"x\234\213`@\000&\2063\223\272z\330\031\030\357N^x\217"
 739      40002686 
 739      3393BA7A 
 739      D81918EF 
 739      4E5E788F 
 740 0014 57858981 		.ascii	"W\205\211\201\211\221\032\230\001\000\364\200\006Q"
 740      89911A98 
 740      0100F480 
 740      0651
 741              		.text
 742              		.section	.gnu.lto_.ipa_sra.79e3b7b8,"e",%progbits
 743 0000 789C1361 		.ascii	"x\234\023a@\000&\006\006FFf$\001\006F\006\000\003\030"
 743      40002606 
 743      06464666 
 743      24010646 
 743      06000318 
 744 0014 001D     		.ascii	"\000\035"
 745              		.text
 746              		.section	.gnu.lto_.inline.79e3b7b8,"e",%progbits
 747 0000 789C458E 		.ascii	"x\234E\2161\012\0021\020E\377\374\0111\205\205\225\305"
 747      310A0231 
 747      1045FFFC 
 747      09318585 
 747      95C5
 748 0012 9EC03378 		.ascii	"\236\3003x\236u\027\264\322\003\210\202\335\036\300"
 748      9E7517B4 
ARM GAS  C:\Users\Ridwane\AppData\Local\Temp\cc44EZxa.s 			page 17


 748      D2038882 
 748      DD1EC0
 749 0021 5204ED44 		.ascii	"R\004\355D\254\024\002\226\333X\0109\202V\226\026\036"
 749      AC140296 
 749      DB580839 
 749      82569616 
 749      1E
 750 0032 C0C4147E 		.ascii	"\300\304\024~\246x<\230\231\177\300?\004t\021\303R\022"
 750      A6783C98 
 750      997FC03F 
 750      047411C3 
 750      5212
 751 0044 2F23CE01 		.ascii	"/#\316\001\233\025\223\002\004w<_\355\212\023QNI;\020"
 751      9B159302 
 751      04773C5F 
 751      ED8A1351 
 751      4E493B10 
 752 0058 424A2A22 		.ascii	"BJ*\")g\244\234%\013\271\010\205i\2533\334\370\360\340"
 752      2967A49C 
 752      250BB908 
 752      8569AB33 
 752      DCF8F0E0 
 753 006c 18E8BEDB 		.ascii	"\030\350\276\333\343G\253t\254\277_\373-k\364\362\007"
 753      E347AB74 
 753      ACBF5FFB 
 753      2D6BF4F2 
 753      07
 754 007d 1D39224E 		.ascii	"\0359\"N\021\371\244\265\203Cq\013\315U+\003\003\273"
 754      11F9A4B5 
 754      8343710B 
 754      CD552B03 
 754      03BB
 755 008f F3A1D1D2 		.ascii	"\363\241\321\322\020\346W\003_\366\331&\220"
 755      10E65703 
 755      5FF6D926 
 755      90
 756              		.text
 757              		.section	.gnu.lto_.jmpfuncs.79e3b7b8,"e",%progbits
 758 0000 789C1361 		.ascii	"x\234\023a@\000& fdfddd\257gb\254gb\251gbb\000\000\016"
 758      40002620 
 758      66646664 
 758      6464AF67 
 758      62AC6762 
 759 001b 2801AF   		.ascii	"(\001\257"
 760              		.text
 761              		.section	.gnu.lto_.pureconst.79e3b7b8,"e",%progbits
 762 0000 789C6367 		.ascii	"x\234cg```bh`a\234\305\002\000\0041\001-"
 762      60606062 
 762      6860619C 
 762      C5020004 
 762      31012D
 763              		.text
 764              		.section	.gnu.lto_.ipa_modref.79e3b7b8,"e",%progbits
 765 0000 789C2B62 		.ascii	"x\234+b@\000FFf\001\006\006\005\001\001\006F&V fc`c"
 765      40004646 
 765      66010606 
 765      05010106 
ARM GAS  C:\Users\Ridwane\AppData\Local\Temp\cc44EZxa.s 			page 18


 765      46265620 
 766 0018 60645050 		.ascii	"`dPPP\000\222\007\030\300\324\003\010\325\300\004\246"
 766      50009207 
 766      18C0D403 
 766      08D5C004 
 766      A6
 767 0029 16402890 		.ascii	"\026@(\220\022r410\000\000*\026\012\012"
 767      12723431 
 767      3000002A 
 767      160A0A
 768              		.text
 769              		.section	.gnu.lto_.lto.79e3b7b8,"e",%progbits
 770 0000 0B000300 		.ascii	"\013\000\003\000\001\000\000\000"
 770      01000000 
 771              		.text
 772              		.section	.gnu.lto__pal_lld_init.384.79e3b7b8,"e",%progbits
 773 0000 789CCB67 		.ascii	"x\234\313g``H\003be fdf`\2344\261\213\211\241\241\241"
 773      60604803 
 773      62652066 
 773      6466609C 
 773      34B18B89 
 774 0017 C1819D89 		.ascii	"\301\201\235\211\261qb\027'\343vF0\217\221\241\236\211"
 774      B1716217 
 774      27E37646 
 774      308F91A1 
 774      9E89
 775 0029 B19E7121 		.ascii	"\261\236q!\263>\220\373\243uZ\347a\306\206\025\007\030"
 775      B33E90FB 
 775      A3755AE7 
 775      61C68615 
 775      0718
 776 003b 5F3130D4 		.ascii	"_10\3243@\0017\204\315\010\304\353/\261\036h\370\363"
 776      33400137 
 776      84CD08C4 
 776      EB2FB11E 
 776      68F8F3
 777 004e BFBFA1E1 		.ascii	"\277\277\241\341\352c\306Y\312L\014\014\363\230A\246"
 777      EA63C659 
 777      CA4C0C0C 
 777      F39841A6 
 778 005e 36B03036 		.ascii	"6\26006\034``\230\317\314\004\3414\0029\337\231\032"
 778      1C606098 
 778      CFCC04E1 
 778      340239DF 
 778      991A
 779 0070 9418FE33 		.ascii	"\224\030\37635)\200\015\231\307\314\210P\307\300\240"
 779      3529800D 
 779      99C7CC88 
 779      50C7C0A0 
 780 0080 EA6C15E3 		.ascii	"\352l\025\343\234\221\231\224\031\\R\232\222\231\037"
 780      9C919994 
 780      195C529A 
 780      92991F
 781 008f 539E5F94 		.ascii	"S\236_\224]\\\220\230\234\032_Z\234Z\024\343\226\230"
 781      5D5C9098 
 781      9C1A5F5A 
 781      9C5A14E3 
ARM GAS  C:\Users\Ridwane\AppData\Local\Temp\cc44EZxa.s 			page 19


 781      9698
 782 00a1 939C9FC7 		.ascii	"\223\234\237\307`\247\247\247\017D\311 \205\371\305"
 782      60A7A7A7 
 782      0F44C920 
 782      85F9C5
 783 00b0 46868686 		.ascii	"F\206\206\206\372\371\305\372\031\2119\372\005\371E"
 783      FAF9C5FA 
 783      198939FA 
 783      05F945
 784 00bf 25C5FAC1 		.ascii	"%\305\372\301!\276\306F\372>>.\372\356\001\236\376e"
 784      21BEC646 
 784      FA3E3E2E 
 784      FAEE019E 
 784      FE65
 785 00d1 4620A9F8 		.ascii	"F \251\370\002 \316\311I\321Kf\000\000\304\231L\324"
 785      0220CEC9 
 785      49D14B66 
 785      0000C499 
 785      4CD4
 786              		.text
 787              		.section	.gnu.lto__pal_lld_setgroupmode.385.79e3b7b8,"e",%progbits
 788 0000 789C7D57 		.ascii	"x\234}W}L\225\327\031?\317y\336\373\001\027.Z?\253\026"
 788      7D4C95D7 
 788      193FCF79 
 788      DEFB0117 
 788      2E5A3FAB 
 789 0015 C1AAF503 		.ascii	"\301\252\365\003\270\\\272\360a\033J\327eK\023\020X"
 789      B85CBAF0 
 789      611B4AD7 
 789      654B1310 
 789      58
 790 0026 F7A74987 		.ascii	"\367\247I\207@Z\346e\227\001\2164M\347U\201\273\271"
 790      405AE665 
 790      97018E34 
 790      4DE75581 
 790      BBB9
 791 0038 44B9626B 		.ascii	"D\271bkm\025\332\231-4i:K\323\324O\306@\270\226\316"
 791      6D15DA99 
 791      2D34693A 
 791      4BD3D44F 
 791      C640B896 
 792 004d 29A2738B 		.ascii	")\242s\213Z3\027c\355\2061fh\247\242\373\235\363\336"
 792      5A331763 
 792      ED863166 
 792      68A7A2FB 
 792      9DF3DE
 793 0060 FBDE9784 		.ascii	"\373\336\227\204`\374q\317\303\363{\236\337s\236s8\017"
 793      60FC71CF 
 793      C3F37B9E 
 793      DF739E73 
 793      380F
 794 0072 64A40831 		.ascii	"d\244\0101(\204\270\007P\232\240\335\221\035R\204B\241"
 794      2884B807 
 794      509AA0DD 
 794      911D5284 
 794      42A1
 795 0084 1297A4CE 		.ascii	"\022\227\244\316H\262^\261l\215\374V\322W\004+\303\330"
ARM GAS  C:\Users\Ridwane\AppData\Local\Temp\cc44EZxa.s 			page 20


 795      48B25EB1 
 795      6C8DFC56 
 795      D257042B 
 795      C3D8
 796 0096 DF712D93 		.ascii	"\337q-\223\316\233kC\266E<\3779\370\317y\306\276\216"
 796      CE9B6B43 
 796      B6453CFF 
 796      39F8CF79 
 796      C6BE8E
 797 00a9 6BB4E772 		.ascii	"k\264\347r\327\032\303!\333#\036\355\014G\274\372\323"
 797      D71AC321 
 797      DB231EED 
 797      0C47BCFA 
 797      D3
 798 00ba 49EFEEFE 		.ascii	"I\357\356\376\035\351L.\265\3144\363\273i?\326f\246"
 798      1DE94C2E 
 798      B5CC34F3 
 798      BB693FD6 
 798      66A6
 799 00cc 1257927C 		.ascii	"\022W\222|\257\243\327L\372>R\351E\262b\230n\217&\233"
 799      AFA3D74C 
 799      FA3E52E9 
 799      45B26298 
 799      6E8F269B 
 800 00e0 8129F240 		.ascii	"\201)\362@Go&\312\371dW\233\313\350\002\373\334\355"
 800      476F26CA 
 800      F964579B 
 800      CBE802FB 
 800      DCED
 801 00f2 FB85462A 		.ascii	"\373\205F*m\215\354\270\332\343\325\034/u~\272\343\306"
 801      6D8DECB8 
 801      DAE3D51C 
 801      2F757EBA 
 801      E3C6
 802 0104 FE5C6D90 		.ascii	"\376\\m\220\330\"\331p8]\356\244dOJ\252\227`\212\304"
 802      D822D970 
 802      385DEEA4 
 802      644F4AAA 
 802      97608AC4 
 803 0118 BF0FD907 		.ascii	"\277\017\331\007\332wm\357\034\031\244PO?}+\304\026"
 803      DA776DEF 
 803      1C19A450 
 803      4F3F7D2B 
 803      C416
 804 012a D3E320E7 		.ascii	"\323\343 \347\0342\360u\036e8\310\375\232\310\356\017"
 804      1C32F075 
 804      1E6538C8 
 804      FD9AC8EE 
 804      0F
 805 013b 85CE9E39 		.ascii	"\205\316\2369\034\012%\211\267\216\322\226#t\230\204"
 805      1C0A2589 
 805      B78ED296 
 805      23749884 
 806 014b 901438C4 		.ascii	"\220\0248\304p\267\222\366\337>z\360\035o\007\275y\334"
 806      70B792F6 
 806      DF3E7AF0 
 806      1D6F07BD 
ARM GAS  C:\Users\Ridwane\AppData\Local\Temp\cc44EZxa.s 			page 21


 806      79DC
 807 015d F2CBC031 		.ascii	"\362\313\3001\345\377M\314\177\354`'\374o\364Y~\016"
 807      E5FF4DCC 
 807      7FEC6027 
 807      FC6FF459 
 807      7E0E
 808 016f 0CB31273 		.ascii	"\014\263\022s\357$|]\2538#\333\303\336\216\255\356\226"
 808      EF247C5D 
 808      AB3823DB 
 808      C3DE8EAD 
 808      EE96
 809 0181 FE384988 		.ascii	"\3768I\210\300\257Q\211{w\234r\350\313\355\341\320\254"
 809      C0AF5189 
 809      7B779C72 
 809      E8CBEDE1 
 809      D0AC
 810 0193 D68C9601 		.ascii	"\326\214\226\001\033eR\351\354\265(\247b\224\2236\312"
 810      1B6552E9 
 810      ECB528A7 
 810      62949336 
 810      CA
 811 01a4 1D453960 		.ascii	"\035E9`Q\376\024\243\014\333(7\024\345\367\026\245/"
 811      51FE14A3 
 811      0CDB2837 
 811      14E5F716 
 811      A52F
 812 01b6 463965A3 		.ascii	"F9e\243\\V\224\217-\312\211\030e\304F\031e\217\370\212"
 812      5C56948F 
 812      2DCA8918 
 812      65C44619 
 812      658FF88A 
 813 01ca BEA4280D 		.ascii	"\276\244(\015\321 \375\231TS\011Q\275\326&O\017\356"
 813      D120FD99 
 813      54530951 
 813      BDD6264F 
 813      0FEE
 814 01dc D69B3C6D 		.ascii	"\326\233<m\213\372Lm\362\3638\345l\237\352uF\313\031"
 814      8BFA4C6D 
 814      F2F338E5 
 814      6C9FEA75 
 814      46CB19
 815 01ef 1BE323C5 		.ascii	"\033\343#\3058l1\216\232\214Q\033\243[1\216Y\214\036"
 815      386C318E 
 815      9A8C511B 
 815      A35B318E 
 815      598C1E
 816 0202 93316663 		.ascii	"\2231fc\3541<\342<\235\243\263\364W\022\177!\021\350"
 816      EC313CE2 
 816      3C9DA3B3 
 816      F457127F 
 816      2111E8
 817 0215 34E048A6 		.ascii	"4\340H\246\021\242SD\303D'\211\006\210\372\211\306\210"
 817      11A25344 
 817      C3442789 
 817      0688FA89 
 817      C688
 818 0227 4689CE10 		.ascii	"F\211\316\020\235\246?\236s\364\207\036>\336\025\012"
ARM GAS  C:\Users\Ridwane\AppData\Local\Temp\cc44EZxa.s 			page 22


 818      9DA63F9E 
 818      73F4871E 
 818      3EDE150A 
 819 0237 5D5D7CE9 		.ascii	"]]|\351\362\037\222~LB:$\300\200\0018\000'\340\002\334"
 819      F21F927E 
 819      4C423A24 
 819      C0800138 
 819      0027E002 
 820 024c 423A93F0 		.ascii	"B:\223\360\231\214O\017\220\202u*\340\005\322\200Y\300"
 820      998C4F0F 
 820      9082752A 
 820      E005D280 
 820      59C0
 821 025e 6CE00960 		.ascii	"l\340\011`\0160\027\230\007\314\007\026\000\013\201"
 821      0E301798 
 821      07CC0716 
 821      000B81
 822 026d 278145C0 		.ascii	"'\201E\300b`\011\360\024\220\016,\0052\200L`\031\360"
 822      626009F0 
 822      14900E2C 
 822      0532804C 
 822      6019F0
 823 0280 34B01C58 		.ascii	"4\260\034X\001\254\004\236\001V\001\253\2015\300Z \013"
 823      01AC049E 
 823      015601AB 
 823      8135C05A 
 823      200B
 824 0292 C816749C 		.ascii	"\310\026t\234r\004v\351\023\330g\256\300N\375\002{\315"
 824      720476E9 
 824      13D867AE 
 824      C04EFD02 
 824      7BCD
 825 02a4 13D86A3E 		.ascii	"\023\330j>Q\037\025(o\241\362\026)\357:\345}N\240\027"
 825      511F1528 
 825      6FA1F216 
 825      29EF3AE5 
 825      7D4EA017 
 826 02b8 CF13628B 		.ascii	"\317\023b\213\005\372\361\202@GJ\004z\362\242@W\276"
 826      05FAF182 
 826      40474A04 
 826      7AF2A240 
 826      57BE
 827 02ca 4F74944A 		.ascii	"Ot\224JU\3462\025\266^\205\225\253\260\012\225\252R"
 827      55E63215 
 827      B65E8595 
 827      ABB00A95 
 827      AA52
 828 02dc 6516A28B 		.ascii	"e\026\242\213\305\355\373=\205\024\352\027\242\233\245"
 828      C5EDFB3D 
 828      8514EA17 
 828      A29BA5
 829 02eb 5E6FC5FA 		.ascii	"^o\305\372\236\014]{0L\342\201\334\376n\370:q\001\347"
 829      9E0C5D7B 
 829      304CE281 
 829      DCFE6EF8 
 829      3A7101E7 
 830 02ff 3B5711E3 		.ascii	";W\021\343\373\3332\020\315\005\2321i2\036\265_w2\201"
ARM GAS  C:\Users\Ridwane\AppData\Local\Temp\cc44EZxa.s 			page 23


 830      FBDB3210 
 830      CD059A31 
 830      69321EB5 
 830      5F773281 
 831 0313 715990B4 		.ascii	"qY\220\264B\012\231\020Bf\310)\330:\344q<d\334\311\222"
 831      420A9910 
 831      4266C829 
 831      D83AE471 
 831      3C64DCC9 
 832 0328 F329DBE2 		.ascii	"\363)\333\342\027\261\244\0131\3720LM\217D\023\012l"
 832      17B1A40B 
 832      31FA304C 
 832      4D8F4413 
 832      0A6C
 833 033a 2A38AC88 		.ascii	"*8\254\210u\314V\304I\230:\2423\0361\344b\303\214pY"
 833      75CC56C4 
 833      49983AA2 
 833      331E31E4 
 833      62C38C70 
 834 034f 11CFB181 		.ascii	"\021\317\261\201\232\322\314\220\001\330:\344\355\250"
 834      9AD2CC90 
 834      01D83AE4 
 834      EDA8
 835 035d 4EF24111 		.ascii	"N\362A\021Z\342l\321\027\261\233\031OO\310\2105c[\211"
 835      5AE26CD1 
 835      17B19B19 
 835      4F4FC888 
 835      35635B89 
 836 0371 6A17E761 		.ascii	"j\027\347a)\225\224_/Pe\256^`w>\275@gr\364\3428q\266"
 836      2995945F 
 836      2F5065AE 
 836      5E60773E 
 836      BD406772 
 837 038a CEBD379A 		.ascii	"\316\2757\232\204\007Q/\367Ec\315\231$vp6]$qW\266~;"
 837      8407512F 
 837      F74563CD 
 837      99247670 
 837      365D2471 
 838 03a2 B8911D28 		.ascii	"\270\221\035(J\277ka\316\346\347\245!\270\324\3335\372"
 838      4ABF6B61 
 838      CEE6E7A5 
 838      21B8D4DB 
 838      35FA
 839 03b4 8D1B9161 		.ascii	"\215\033\221a\316\341\002\371\365\027\015\\\341}4\032"
 839      CEE102F9 
 839      F5170D5C 
 839      E17D341A 
 840 03c4 08B38F0B 		.ascii	"\010\263\217\013\345-\230e\336\341\3120\347r\221\274"
 840      E52D9865 
 840      DEE1CA30 
 840      E77291BC 
 841 03d4 5BC0EBBD 		.ascii	"[\300\353\275_\2176\207\331\317\353\344\316#\015\\\356"
 841      5F8F3687 
 841      D9CFEBE4 
 841      CE230D5C 
 841      EE
 842 03e5 BDA5A879 		.ascii	"\275\245\250yt\211\344'\260+\275;\307~\212=\031[\261"
ARM GAS  C:\Users\Ridwane\AppData\Local\Temp\cc44EZxa.s 			page 24


 842      7489E427 
 842      B02BBD3B 
 842      C77E8A3D 
 842      195BB1
 843 03f8 27691DF0 		.ascii	"'i\035\360\373Q\017^y\275\354\212\365h\310`'\347\241"
 843      FB510F5E 
 843      79BDEC8A 
 843      F568C860 
 843      27E7A1
 844 040b 1C6DF7B6 		.ascii	"\034m\367\266\217\033\354b'lC\331\017\333\207$\027\243"
 844      8F1BEC62 
 844      276C43D9 
 844      0FDB8724 
 844      17A3
 845 041d 8B2EB383 		.ascii	"\213.\263\203c\304\305:\374\323(\233\376\011b7e\241"
 845      63C4C53A 
 845      FCD3289B 
 845      FE096237 
 845      65A1
 846 042f 510FE4B6 		.ascii	"Q\017\344\266G\341\013\304/\260\333\344\216b\255\271"
 846      47E10BC4 
 846      2FB0DBE4 
 846      8E62ADB9 
 847 043f 9F99DCDE 		.ascii	"\237\231\334\336\366\011\311IZKZ\261\311\224\315IVl"
 847      F609C949 
 847      5A4B5AB1 
 847      C994CD49 
 847      566C
 848 0451 09279BB1 		.ascii	"\011'\233\261g\260\326\261\237\307u\320B\217:\3324v"
 848      67B0D6B1 
 848      9FC775D0 
 848      428F3ADA 
 848      3476
 849 0463 59F417F1 		.ascii	"Y\364\027\361\256i\372i\2545\375\013M\037\350\373(\235"
 849      AE69FA69 
 849      AC35FD0B 
 849      4D1FE8FB 
 849      289D
 850 0475 53302CDE 		.ascii	"S0,\336R/\317\307jn\271\177q\377W\327H\344\177\210e"
 850      522FCFC7 
 850      6A6EB97F 
 850      71FF57D7 
 850      48E47F88 
 851 048a F05F548F 		.ascii	"\360_T\217\326#\313{\341I\203SQ\246n\005\266\356\345"
 851      D623CB7B 
 851      E1498353 
 851      51A66E05 
 851      B6EEE5
 852 049d 144E55D6 		.ascii	"\024NU\326\236\360u\007\247\301\366\251|wv\214\313X"
 852      9EF07507 
 852      A7C1F6A9 
 852      7C77768C 
 852      CB58
 853 04af A26F52ED 		.ascii	"\242oR\355\231\256\253L\234\246\265\217$\264gM\247z"
 853      99AEAB4C 
 853      9CA6B58F 
 853      24B4674D 
ARM GAS  C:\Users\Ridwane\AppData\Local\Temp\cc44EZxa.s 			page 25


 853      A77A
 854 04c1 8336C555 		.ascii	"\2036\305U\207\034<\033\033\324\252\023\006?\301\263"
 854      871C3C1B 
 854      1BD4AA13 
 854      063FC1B3 
 855 04d1 78B6A93A 		.ascii	"x\266\251:\356\3409\260sgT\275\2512\361\034\255z,\241"
 855      EEE039B0 
 855      736754BD 
 855      A932F11C 
 855      AD7A2CA1 
 856 04e5 3A773AD5 		.ascii	":w:\325\177S\235VU?\016\006\317\203\356\\S\351\212\203"
 856      7F539D56 
 856      553F0E06 
 856      CF83EE5C 
 856      53E98A83 
 857 04f9 E7C3F6CF 		.ascii	"\347\303\366\317\2504\256\242y\276V:\001%\\\337\233"
 857      A834AEA2 
 857      79BE563A 
 857      01255CDF 
 857      9B
 858 050a 833FE302 		.ascii	"\203?\343\002\272j^\337nv\034\332\325vQX7l,\232\242"
 858      BA6A5EDF 
 858      6E761CDA 
 858      D5765158 
 858      376C2C9A 
 859 051f 4857061B 		.ascii	"HW\006\033q\320-\270T&\313\371\367\350\300Z\213t!\232"
 859      71D02DB8 
 859      5426CBF9 
 859      F7E8C05A 
 859      8B74219A 
 860 0533 AA6BBE99 		.ascii	"\252k\276\231\316\013\246\253\3716\275\026\357\024\272"
 860      CE0BA6AB 
 860      F936BD16 
 860      EF14BA
 861 0542 B310671B 		.ascii	"\263\020g\033\257\377I^\300\013\255\372\027\301.6\353"
 861      AFFF495E 
 861      C00BADFA 
 861      17C12E36 
 861      EB
 862 0553 9FB0EA4F 		.ascii	"\237\260\352O\263g\272\2432\361\"]\203kJ\015\377H\324"
 862      B367BAA3 
 862      32F1225D 
 862      836B4A0D 
 862      FF48D4
 863 0566 B078BA1A 		.ascii	"\260x\272\032\376K\265\266\032\226\330jx\212\027\363"
 863      FE4BB5B6 
 863      1A96D86A 
 863      788A17F3 
 864 0576 12AB8674 		.ascii	"\022\253\206t\3303\327pWe\342t]\203{j\267.\241[\372"
 864      D833D770 
 864      5765E274 
 864      5D837B6A 
 864      B72EA15B 
 865 058b F096F2D2 		.ascii	"\360\226\362\322\351\212\370\216\252\343\207\207\"2"
 865      E98AF88E 
 865      AAE38787 
 865      2232
ARM GAS  C:\Users\Ridwane\AppData\Local\Temp\cc44EZxa.s 			page 26


 866 0599 70784BAD 		.ascii	"pxK\255k\222\011;\307\024\236\264\204\275\366\350\373"
 866      6B92093B 
 866      C7149EB4 
 866      84BDF6E8 
 866      FB
 867 05aa 2A9A33B5 		.ascii	"*\2323\265p\322Y\274\364d\011O$\204\227M'\374p\212\360"
 867      70D259BC 
 867      F464094F 
 867      2484974D 
 867      27FC708A 
 868 05bf D3105E66 		.ascii	"\323\020^f\011/\207=\263\360#-\274\\+\335\263]\010\272"
 868      092F873D 
 868      B3F0232D 
 868      BC5C2BDD 
 868      B35D08BA 
 869 05d3 15BF35C9 		.ascii	"\025\2775\311=\207O\234O\364\341\177\211\303X1]9!i\277"
 869      3D874F9C 
 869      4FF4E17F 
 869      89C35831 
 869      5D392169 
 870 05e8 102B6D87 		.ascii	"\020+m\207\361\014\257\340\225\326a\254\202=\363alS"
 870      F10CAFE0 
 870      95D661AC 
 870      823DF361 
 870      6C53
 871 05fa 9978952E 		.ascii	"\231x\225.\3023\265\210\311D\021\253\247+\242U\332o"
 871      C233B588 
 871      C94411AB 
 871      A72BA255 
 871      DA6F
 872 060c C41A5B11 		.ascii	"\304\032[\021ky5\257\261\212\310\202=s\021\355*\023"
 872      6B7935AF 
 872      B18AC882 
 872      3D7311ED 
 872      2A13
 873 061e 67E92252 		.ascii	"g\351\"R\354S\007\303l$YM\017=\317\360\302\225bjd\231"
 873      EC5307C3 
 873      6C24594D 
 873      0F3DCFF0 
 873      C295626A 
 874 0634 6F1C064C 		.ascii	"o\034\006L\2519\274F\244\371s\270\221K\235o\232\035"
 874      A939BC46 
 874      A4F973B8 
 874      914B9D6F 
 874      9A1D
 875 0646 45A2D429 		.ascii	"E\242\324)\243|\357\010\213\307\010\2139\275\221\266"
 875      A37CEF08 
 875      8BC7088B 
 875      39BD91B6 
 876 0656 8B51B6BC 		.ascii	"\213Q\266\274\373Fb/0&d\031\373\342\022\230je\346\234"
 876      FB46622F 
 876      30266419 
 876      FBE21298 
 876      6A65E69C 
 877 066a 88FBC789 		.ascii	"\210\373\307\211\327s.\375-1\245\327k\302\2018\341\012"
 877      D7732EFD 
 877      2D31A5D7 
ARM GAS  C:\Users\Ridwane\AppData\Local\Temp\cc44EZxa.s 			page 27


 877      6BC28138 
 877      E10A
 878 067c 7139FB2D 		.ascii	"q9\373-\002&e\271&t\333\010\025\234c\0210/+\314\001"
 878      022665B9 
 878      2674DB08 
 878      159C6311 
 878      302F2BCC 
 879 0691 6212BADA 		.ascii	"b\022\272\332\207\210+\365[\021c`\352V\306\006)\376"
 879      87882BF5 
 879      5B116360 
 879      EA56C606 
 879      29FE
 880 06a3 20C2EF2B 		.ascii	" \302\357+d\375\276\"\304\212\227\326mx\351\365\272"
 880      64FDBE22 
 880      C48A97D6 
 880      6D78E9F5 
 880      BA
 881 06b4 8D75AF34 		.ascii	"\215u\2574o\256\251\013nh\0116njj\250\252\256}usSm\343"
 881      6FAEA90B 
 881      6E680936 
 881      6E6A6AA8 
 881      AAAE7D75 
 882 06cc 861F5605 		.ascii	"\206\037V\005\252\203?\027\30599>\374\257V\304`S\236"
 882      AA833F17 
 882      C539393E 
 882      FCAF56C4 
 882      60539E
 883 06df DFEFF705 		.ascii	"\337\357\367\005\233|\257W\005|\015\301\306\346&\337"
 883      9B7CAF57 
 883      057C0DC1 
 883      C6E626DF 
 884 06ef 2B3F297B 		.ascii	"+?){6\317WZ\372\003\337\217*^.\377e\236r\275\332\000"
 884      36CF575A 
 884      FA03DF8F 
 884      2A5E2EFF 
 884      659E72BD 
 885 0705 04023539 		.ascii	"\004\00259\325\302P\254\005S\276\227SUT\370l~\265\277"
 885      D5C250AC 
 885      0553BE97 
 885      535554F8 
 885      6C7EB5BF 
 886 0719 4818F555 		.ascii	"H\030\365UM\233\214\372`M-o\254k6\252\002\315\215\216"
 886      4D9B8CFA 
 886      604D2D6F 
 886      AC6B36AA 
 886      02CD8D8E 
 887 072d 86CD0D35 		.ascii	"\206\315\0155\215\256`SCmmM\2433\330\374FCm\243CQ\032"
 887      8DAE6053 
 887      436D6D4D 
 887      A333D8FC 
 887      46436DA3 
 888 0744 65FDF764 		.ascii	"e\375\367d}\236\254\367\273\025Q\205\376\037\335qRf"
 888      7D9EACF7 
 888      BB155185 
 888      FE1FDD71 
 888      5266
 889              		.text
ARM GAS  C:\Users\Ridwane\AppData\Local\Temp\cc44EZxa.s 			page 28


 890              		.section	.gnu.lto_.symbol_nodes.79e3b7b8,"e",%progbits
 891 0000 789C3366 		.ascii	"x\2343f\000\002\246\006\346z\366\006 `a\234p\216\201"
 891      0002A606 
 891      E67AF606 
 891      2060619C 
 891      708E81
 892 0013 A19E8161 		.ascii	"\241\236\201aWC##H\242\221\271\236\343\303\257\025\026"
 892      57432323 
 892      48A291B9 
 892      9EE3C3AF 
 892      1516
 893 0025 68E20C00 		.ascii	"h\342\014\000\203u\016N"
 893      83750E4E 
 894              		.text
 895              		.section	.gnu.lto_.refs.79e3b7b8,"e",%progbits
 896 0000 789C6364 		.ascii	"x\234cd\000\002\000\000\012\000\002"
 896      00020000 
 896      0A0002
 897              		.text
 898              		.section	.gnu.lto_.decls.79e3b7b8,"e",%progbits
 899 0000 789CA555 		.ascii	"x\234\245U{lSU\030?\337\355mw7\212\353\242\3500\376"
 899      7B6C5355 
 899      183FDFED 
 899      6D77378A 
 899      EBA2E830 
 900 0015 B1981896 		.ascii	"\261\230\030\226%\254vS\020\023\015\272\016X\034n\351"
 900      25AC7653 
 900      10130DBA 
 900      0E581C6E 
 900      E9
 901 0026 208648D2 		.ascii	" \206H\322\224n\262\206\215\216\265Cc\2149}0J\204\331"
 901      946EB286 
 901      8D8EB543 
 901      638C397D 
 901      304A84D9 
 902 003a 92A8B5CC 		.ascii	"\222\250\265\314P\013\021\234<F\324\320m<.\264\2142"
 902      500B119C 
 902      3C46D4D0 
 902      6D3C2EB4 
 902      8C32
 903 004c 05910DD9 		.ascii	"\005\221\015\331\034\310^H\201M\013\014\331\002\210"
 903      1CC85E48 
 903      814D0B0C 
 903      D90288
 904 005b DFE90BBA 		.ascii	"\337\351\013\272\250\211\361\246\277\3738\277\337\357"
 904      A889F1A6 
 904      BFFB38BF 
 904      DFEF
 905 0069 3BDFF7DD 		.ascii	";\337\367\335{N\327\310\010\351\004B(!\344>\036\022"
 905      7B4ED7C8 
 905      08E90442 
 905      2821E43E 
 905      1E12
 906 007b BC7623D2 		.ascii	"\274v#\322\021~D\004q\003q\0141\216\030C\210\210I\204"
 906      117E4404 
 906      7103710C 
 906      318E1843 
ARM GAS  C:\Users\Ridwane\AppData\Local\Temp\cc44EZxa.s 			page 29


 906      88884984 
 907 008f 047D3711 		.ascii	"\004}7\021\020\177N\343\010\311\214\217G\342\372\204"
 907      107F4EE3 
 907      08C98C8F 
 907      47E2FA84 
 908 009f 7716E2CD 		.ascii	"w\026\342\315\207\374a\3040b\010q\0151\210\270\202\220"
 908      87FC61C4 
 908      30620871 
 908      0D3188B8 
 908      8290
 909 00b1 3D0ABC6C 		.ascii	"=\012\274l\006\344\360\334\307\267]\371Y\"\245\021\352"
 909      06E4F0DC 
 909      C7B75DF9 
 909      5922A511 
 909      EA
 910 00c2 3DCAE7FA 		.ascii	"=\312\347\372a?FmC\010\034y\236F\017\353\012\322\316"
 910      613F466D 
 910      43081C79 
 910      9E460FEB 
 910      0AD2CE
 911 00d5 E626A444 		.ascii	"\346&\244D\216\276\034AGd\271\300\252\310\304+\021\336"
 911      8EBE1C41 
 911      4764B9C0 
 911      AAC8C42B 
 911      11DE
 912 00e7 223CE7F4 		.ascii	"\"<\347\364\364}-\311\034`aD{:\211\206\021!\267\003"
 912      F47D2DC9 
 912      1C606144 
 912      7B3A8986 
 912      1121B703 
 913 00fb 0EC32140 		.ascii	"\016\303!@S\266`$B\003\021\336E\355\236kC\003\031\231"
 913      53B66024 
 913      420311DE 
 913      45ED9E6B 
 913      43031999 
 914 010f E2DF6B85 		.ascii	"\342\337k\205\367\010\346\245@\013'\274Od\263p\036\011"
 914      F708E6A5 
 914      400B27BC 
 914      4F64B370 
 914      1E09
 915 0121 9E896007 		.ascii	"\236\211`\007\264\216}4\271E\302\254\243T\264JI\010"
 915      B48E7D34 
 915      B945C2AC 
 915      A354B44A 
 915      4908
 916 0133 4E003909 		.ascii	"N\0009\011\263:\340{\370\016\204M(\221\365\205F\367"
 916      B33AE07B 
 916      F80E844D 
 916      2891F585 
 916      46F7
 917 0145 66E4E565 		.ascii	"f\344\345e\243h\242\273\353\266U\351\272\334HOS\311"
 917      A368A2BB 
 917      EBB655E9 
 917      BADC484F 
 917      53C9
 918 0157 29F801CE 		.ascii	")\370\001\316@\324AT\204\024\022\024\264\036\034n\244"
 918      40D44154 
ARM GAS  C:\Users\Ridwane\AppData\Local\Temp\cc44EZxa.s 			page 30


 918      84141214 
 918      B41E1C6E 
 918      A4
 919 0168 0AABFC14 		.ascii	"\012\253\374\024t=\314\205\200`\331vJE.\226\0359\003"
 919      743DCC85 
 919      8060D976 
 919      4A452E96 
 919      1D3903
 920 017b 1D701A7E 		.ascii	"\035p\032~d]\340e\037\006\366\214O\313\233\231\207\232"
 920      645DE065 
 920      1F06F68C 
 920      4FCB9B99 
 920      879A
 921 018d C8A161E9 		.ascii	"\310\241a\351N\021\275\307\241\007b\322hlF\241\235\217"
 921      4E11BDC7 
 921      A10762D2 
 921      686C46A1 
 921      9D8F
 922 019f DB7BD07E 		.ascii	"\333{\320~\026\272\231\235\225\335\276\255\351\021\247"
 922      16BA999D 
 922      95DDBEAD 
 922      E911A7
 923 01ae 45D209C7 		.ascii	"E\322\011\307R]<\347i?\2713}\246\367\037\335\330\026"
 923      525D3CE7 
 923      693FB933 
 923      7DA6F71F 
 923      DDD816
 924 01c1 85700BBB 		.ascii	"\205p\013\2731\011\354^\020\356\341\275\215#\302\007"
 924      3109EC5E 
 924      10EEE1BD 
 924      8D23C207 
 925 01d1 88CD1C1B 		.ascii	"\210\315\034\033\313\305\366\211\234\340\346\010\377"
 925      CBC5F689 
 925      9CE0E608 
 925      FF
 926 01de F8A86DE3 		.ascii	"\370\250m\343\311\351y\330\214\274\3301\210%w\331\326"
 926      C9E979D8 
 926      8CBCD831 
 926      882577D9 
 926      D6
 927 01ef 53855D7E 		.ascii	"S\205]~\004\006\341R|\362\003\010?\020\306\356I\260"
 927      0406E152 
 927      7CF20308 
 927      3F10C6EE 
 927      49B0
 928 0201 FD49F6E7 		.ascii	"\375I\366\347\007\354\356\004{>\205-L\264\213'\003p"
 928      07ECEE04 
 928      7B3E852D 
 928      4CB48B27 
 928      0370
 929 0213 11072E61 		.ascii	"\021\007.a\306W\341\012\214\3000\\\206_!\014\327`\024"
 929      C657E10A 
 929      8CC0305C 
 929      865F210C 
 929      D76014
 930 0226 8658052C 		.ascii	"\206X\005,\214?\021\2467\031\346\334\203I\366&\330\276"
 930      8C3F11A6 
ARM GAS  C:\Users\Ridwane\AppData\Local\Temp\cc44EZxa.s 			page 31


 930      3719E6DC 
 930      8349F626 
 930      D8BE
 931 0238 14B6907C 		.ascii	"\024\266\220|\216m9\274mMH\204\237 \230\344\216F94F"
 931      8E6D39BC 
 931      6D4D4884 
 931      9F2098E4 
 931      8E463934 
 932 024d 76C5DA7A 		.ascii	"v\305\332z\004.$IU2\352W\211\250\277<LF\215\255\241"
 932      042E2449 
 932      5532EA57 
 932      89A8BF3C 
 932      4C468DAD 
 933 0262 04174889 		.ascii	"\004\027H\211\032w\236H\260\007S\032VH\204\317\260\307"
 933      1A779E48 
 933      B007531A 
 933      564884CF 
 933      B0C7
 934 0274 5C78A4B3 		.ascii	"\\x\244\263'=;\265\001c\360/\035\340\271\253\336\013"
 934      273D3BB5 
 934      0163F02F 
 934      1DE0B9AB 
 934      DE0B
 935 0286 9733926B 		.ascii	"\2273\222k\356\267x\320\337\321B\204\026\026\263\343"
 935      EEB778D0 
 935      DFD14284 
 935      1616B3E3 
 936 0296 C4FE16E9 		.ascii	"\304\376\026\351TA\004b\212o\231bk\213\177G\332\224"
 936      54410462 
 936      8A6F9962 
 936      6B8B7F47 
 936      DA94
 937 02a8 357423B9 		.ascii	"5t#\271\206\0161\211\337\335\033\342\247H\306\023\022"
 937      860E3189 
 937      DFDD1BE2 
 937      A748C613 
 937      12
 938 02b9 9EEB3BB5 		.ascii	"\236\353;\265\243\215\273\016\230\270\203\212\226\240"
 938      A38DBB0E 
 938      98B8838A 
 938      96A0
 939 02c7 E0F48569 		.ascii	"\340\364\205i+\245u\2643\354\3664\206\035Y.+r\255\016"
 939      2BA575B4 
 939      33ECF634 
 939      861D592E 
 939      2B72AD0E 
 940 02db FAA41B87 		.ascii	"\372\244\033\207=\236\001'\347\225\260\")\265\311\351"
 940      3D9E0127 
 940      E795B022 
 940      29B5C9E9 
 941 02eb 376C5FA8 		.ascii	"7l_\250\246\266F\366\2741\333k\213m\025\247\201\212"
 941      A6B646F6 
 941      BC31DB6B 
 941      8B6D15A7 
 941      818A
 942 02fd 8DB45594 		.ascii	"\215\264U\224\371\002\264\321MK=\236p\210MA7\0174\257"
 942      F902B4D1 
ARM GAS  C:\Users\Ridwane\AppData\Local\Temp\cc44EZxa.s 			page 32


 942      4D4B3D9E 
 942      70884D41 
 942      370F34AF 
 943 0311 CFF4DACE 		.ascii	"\317\364\332\316;\274\001:\323\213Q\334\324.\272\300"
 943      3BBC013A 
 943      D38B51DC 
 943      D42EBAC0 
 944 0321 82168B48 		.ascii	"\202\026\213H]\"8\275\315\233\232\354\301\336e\026\253"
 944      5D2238BD 
 944      CD9B9AEC 
 944      C1DE6516 
 944      AB
 945 0332 DD41AD41 		.ascii	"\335A\255A\207\302\211'\352\243\376,\027\352\235\333"
 945      87C28927 
 945      EAA3FE2C 
 945      17EA9DDB 
 946 0342 45AAA0DE 		.ascii	"E\252\240\336\240\303\342\013:\300\345\263;\\\276 \205"
 946      A0C3E20B 
 946      3AC0E5B3 
 946      3B5CBE20 
 946      85
 947 0353 CDA8C971 		.ascii	"\315\250\311qaV\026\337|\327\300:\234(H\263\230\333"
 947      615616DF 
 947      7CD7C03A 
 947      9C2848B3 
 947      98DB
 948 0365 E5535BBC 		.ascii	"\345S[\274A\366V\034`\361R\207\323J7d9}\016\207\023"
 948      41F6561C 
 948      60F15287 
 948      D34A3764 
 948      397D0E87 
 949 037a FD59E8F7 		.ascii	"\375Y\350\367\273\254\"\305\033\321\341z\032g\241\262"
 949      BBAC22C5 
 949      1BD1E17A 
 949      1A67A1B2 
 950 038a E8068706 		.ascii	"\350\006\207\006\016O\363y\256\335y\274_v\203\345~w"
 950      0E4FF379 
 950      AEDD79BC 
 950      5F7683E5 
 950      7E77
 951 039c 57DB3498 		.ascii	"W\3334\230\341\234O\340Y\2050\302:\373\345\304\371\200"
 951      E19C4FE0 
 951      598530C2 
 951      3AFBE5C4 
 951      F980
 952 03ae E429CA76 		.ascii	"\344)\312v!\372\330\325\330.DpE^\217\276\335\221\255"
 952      21FAD8D5 
 952      D82E4470 
 952      455E8FBE 
 952      DD91AD
 953 03c1 6E2F97DB 		.ascii	"n/\227\333\354\246\023=\237l\010@3\356T(\345'a\202\275"
 953      ECA6133D 
 953      9F6C0840 
 953      33EE5428 
 953      E5276182 
 954 03d6 3E3C2680 		.ascii	"><&\200\334\206?\240\3440/\354\223\240a\267\253k\202"
 954      DC863FA0 
ARM GAS  C:\Users\Ridwane\AppData\Local\Temp\cc44EZxa.s 			page 33


 954      E4302FEC 
 954      93A061B7 
 954      AB6B82
 955 03e9 677F0437 		.ascii	"g\177\0047\341:>\016\235;\3303\215=\336\202\273\370"
 955      E13A3E0E 
 955      9D3BD833 
 955      8D3DDE82 
 955      BBF8
 956 03fb 9EFAD7ED 		.ascii	"\236\372\327\355k\202\354X{\305\3306\374g,\020\317\235"
 956      6B82EC58 
 956      7BC5D836 
 956      FC672C10 
 956      CF9D
 957 040d ED0D3565 		.ascii	"\355\0155e\246pc\220$\257\\\334\262%-\371\021\335\217"
 957      A6706390 
 957      24AF5CDC 
 957      B2252DF9 
 957      11DD8F
 958 0420 7F65581F 		.ascii	"\177eX\037r=\307?\365\300T.\0021\262\251\377\346\027"
 958      723DC73F 
 958      F5C0542E 
 958      0231B2A9 
 958      FFE617
 959 0433 192C010B 		.ascii	"\031,\001\013w\217}(\203#\001~j\265\270\347X\243\342"
 959      778F7D28 
 959      8323017E 
 959      6AB5B8E7 
 959      58A3E2
 960 0446 70F78116 		.ascii	"p\367\201\026y\256\333M[\333\330:\211\226j\343\356\304"
 960      79AEDB4D 
 960      5BDBD83A 
 960      89966AE3 
 960      EEC4
 961 0458 4BBD132F 		.ascii	"K\275\023/u\273\204\274\224\237\257\304\237\276\332"
 961      75BB84BC 
 961      949FAFC4 
 961      9FBEDA
 962 0467 B0C26034 		.ascii	"\260\302`4\025\250T*\245\321\244\254\326\325(\353\214"
 962      15A8542A 
 962      A5D1A4AC 
 962      D6D528EB 
 962      8C
 963 0478 F56693B2 		.ascii	"\365f\223\262b\311\342\302\002ei\251Z\271\260\274\244"
 963      62C9E2C2 
 963      026569A9 
 963      5AB9B0BC 
 963      A4
 964 0489 6C6D01A3 		.ascii	"lm\001\243\264u\210\232\232\312|\275\260\360\365\245"
 964      B475889A 
 964      9ACA7CBD 
 964      B0F0F5A5 
 965 0499 3945AAB9 		.ascii	"9E\252\271\344\211\224\341|\335\274\027\012\347\350"
 965      E48994E1 
 965      7CDDBC17 
 965      0AE7E8
 966 04a8 55F308FF 		.ascii	"U\363\010\377\312\002M\251\320`Xm.,\320\232\245\245"
 966      CA024DA9 
ARM GAS  C:\Users\Ridwane\AppData\Local\Temp\cc44EZxa.s 			page 34


 966      D060586D 
 966      2E2CD09A 
 966      A5A5
 967 04ba 6545AF69 		.ascii	"eE\257i\370W+4\032x\003\026I\3655U\272\372(\253\232"
 967      F8572B34 
 967      1A780316 
 967      49F53555 
 967      BAFA28AB 
 968 04cf A3354B4C 		.ascii	"\2435KLU\346g\212^\\^\304r\25107T\032\214\313\3376\326"
 968      55E6678A 
 968      5E5C5EC4 
 968      72A93037 
 968      541A8CCB 
 969 04e6 AF32D5E9 		.ascii	"\2572\325\351\364U\332\006SU\375\362\005\272\032\275"
 969      F455DA06 
 969      5355FDF2 
 969      05BA1ABD 
 970 04f6 71F57F4F 		.ascii	"q\365\177O\332d\256\305\371W\326\031\214\371\325DR\246"
 970      DA64AEC5 
 970      F957D619 
 970      8CF9D544 
 970      52A6
 971 0508 D6484AD4 		.ascii	"\326HJ\324\032i\371\322r\265&\255\254\242\274\270X\255"
 971      1A69F9D2 
 971      72B526AD 
 971      ACA2BCB8 
 971      58AD
 972 051a 91952D59 		.ascii	"\221\225-YV^\254\221..S\027kX\332\213\344\017\\Zs\206"
 972      565EAC91 
 972      2E2E5317 
 972      6B58DA8B 
 972      E40F5C5A 
 973 0530 C1C8621B 		.ascii	"\301\310b\033*\265f\301`\2545VVi\315\362\330X\255\316"
 973      2AB566C1 
 973      60AC3556 
 973      5669CDF2 
 973      D858ADCE 
 974 0544 B40AB357 		.ascii	"\264\012\263W\315!\351\272\372\332\265s\253f\327\222"
 974      CD21E9BA 
 974      FADAB573 
 974      AB66D792 
 975 0554 0C3D1255 		.ascii	"\014=\022U\357\314\256}\216LO\364EkXm0\277\374\277\372"
 975      EFCCAE7D 
 975      8E4C4FF4 
 975      456B586D 
 975      30BFFCBF 
 976 0569 4D662483 		.ascii	"Mf$\203a\263V\326\033\033\352X*\177\001\013g\025H"
 976      61B356D6 
 976      1B1BEA58 
 976      2A7F010B 
 976      671548
 977              		.text
 978              		.section	.gnu.lto_.symtab.79e3b7b8,"e",%progbits
 979 0000 5F70616C 		.ascii	"_pal_lld_init\000"
 979      5F6C6C64 
 979      5F696E69 
 979      7400
ARM GAS  C:\Users\Ridwane\AppData\Local\Temp\cc44EZxa.s 			page 35


 980 000e 00       		.ascii	"\000"
 981 000f 00       		.ascii	"\000"
 982 0010 00       		.ascii	"\000"
 983 0011 00000000 		.ascii	"\000\000\000\000\000\000\000\000"
 983      00000000 
 984 0019 F9000000 		.ascii	"\371\000\000\000"
 985 001d 5F70616C 		.ascii	"_pal_lld_setgroupmode\000"
 985      5F6C6C64 
 985      5F736574 
 985      67726F75 
 985      706D6F64 
 986 0033 00       		.ascii	"\000"
 987 0034 00       		.ascii	"\000"
 988 0035 00       		.ascii	"\000"
 989 0036 00000000 		.ascii	"\000\000\000\000\000\000\000\000"
 989      00000000 
 990 003e 03010000 		.ascii	"\003\001\000\000"
 991              		.text
 992              		.section	.gnu.lto_.ext_symtab.79e3b7b8,"e",%progbits
 993 0000 01       		.ascii	"\001"
 994 0001 01       		.ascii	"\001"
 995 0002 00       		.ascii	"\000"
 996 0003 01       		.ascii	"\001"
 997 0004 00       		.ascii	"\000"
 998              		.text
 999              		.section	.gnu.lto_.opts,"e",%progbits
 1000 0000 272D666E 		.ascii	"'-fno-openmp' '-fno-openacc' '-fno-pie' '-fcf-prote"
 1000      6F2D6F70 
 1000      656E6D70 
 1000      2720272D 
 1000      666E6F2D 
 1001 0033 6374696F 		.ascii	"ction=none' '-g' '-mcpu=cortex-m4' '-mthumb' '-mflo"
 1001      6E3D6E6F 
 1001      6E652720 
 1001      272D6727 
 1001      20272D6D 
 1002 0066 61742D61 		.ascii	"at-abi=soft' '-mlibarch=armv7e-m' '-march=armv7e-m'"
 1002      62693D73 
 1002      6F667427 
 1002      20272D6D 
 1002      6C696261 
 1003 0099 20272D4F 		.ascii	" '-O2' '-fomit-frame-pointer' '-falign-functions=16"
 1003      32272027 
 1003      2D666F6D 
 1003      69742D66 
 1003      72616D65 
 1004 00cc 2720272D 		.ascii	"' '-ffunction-sections' '-fdata-sections' '-fno-com"
 1004      6666756E 
 1004      6374696F 
 1004      6E2D7365 
 1004      6374696F 
 1005 00ff 6D6F6E27 		.ascii	"mon' '-flto' '-Xassembler' '-alms=./build/lst/hal_p"
 1005      20272D66 
 1005      6C746F27 
 1005      20272D58 
 1005      61737365 
 1006 0132 616C5F6C 		.ascii	"al_lld.lst'\000"
ARM GAS  C:\Users\Ridwane\AppData\Local\Temp\cc44EZxa.s 			page 36


 1006      6C642E6C 
 1006      73742700 
 1007              		.text
 1008              		.comm	__gnu_lto_slim,1,1
 1009              		.ident	"GCC: (Arm GNU Toolchain 11.3.Rel1) 11.3.1 20220712"
ARM GAS  C:\Users\Ridwane\AppData\Local\Temp\cc44EZxa.s 			page 37


DEFINED SYMBOLS
                            *ABS*:00000000 hal_pal_lld.c
C:\Users\Ridwane\AppData\Local\Temp\cc44EZxa.s:23     .gnu.debuglto_.debug_info:00000000 hal_pal_lld.c.a9836c19
                            *COM*:00000001 __gnu_lto_slim

NO UNDEFINED SYMBOLS
