ARM GAS  C:\Users\Ridwane\AppData\Local\Temp\ccIMyph4.s 			page 1


   1              		.cpu cortex-m4
   2              		.arch armv7e-m
   3              		.fpu softvfp
   4              		.eabi_attribute 20, 1
   5              		.eabi_attribute 21, 1
   6              		.eabi_attribute 23, 3
   7              		.eabi_attribute 24, 1
   8              		.eabi_attribute 25, 1
   9              		.eabi_attribute 26, 1
  10              		.eabi_attribute 30, 6
  11              		.eabi_attribute 34, 1
  12              		.eabi_attribute 18, 4
  13              		.file	"hal_pal.c"
  14              		.file 1 "c:\\chibistudio\\tools\\gnu tools arm embedded\\11.3 2022.08\\arm-none-eabi\\include\\mac
  15              		.file 2 "c:\\chibistudio\\tools\\gnu tools arm embedded\\11.3 2022.08\\arm-none-eabi\\include\\sys
  16              		.file 3 "c:\\chibistudio\\tools\\gnu tools arm embedded\\11.3 2022.08\\arm-none-eabi\\include\\std
  17              		.file 4 "../../chibios2111/os/hal/ports/STM32/LLD/GPIOv2/stm32_gpio.h"
  18              		.file 5 "../../chibios2111/os/hal/ports/STM32/LLD/GPIOv2/hal_pal_lld.h"
  19              		.file 6 "../../chibios2111/os/hal/include/hal_pal.h"
  20              		.file 7 "../../chibios2111/os/hal/src/hal_pal.c"
  21              		.section	.gnu.debuglto_.debug_info,"e",%progbits
  22              	.Ldebug_info0:
  23              		.hidden	hal_pal.c.0cb65783
  24              		.weak	hal_pal.c.0cb65783
  25              	hal_pal.c.0cb65783:
  26 0000 E4020000 		.4byte	0x2e4
  27 0004 0500     		.2byte	0x5
  28 0006 01       		.byte	0x1
  29 0007 04       		.byte	0x4
  30 0008 00000000 		.4byte	.Ldebug_abbrev0
  31 000c 11       		.uleb128 0x11
  32 000d 45010000 		.4byte	.LASF41
  33 0011 1D       		.byte	0x1d
  34 0012 3D000000 		.4byte	.LASF42
  35 0016 39020000 		.4byte	.LASF43
  36 001a 00000000 		.4byte	.Ldebug_line0
  37 001e 12       		.uleb128 0x12
  38 001f 04       		.byte	0x4
  39 0020 05       		.byte	0x5
  40 0021 696E7400 		.ascii	"int\000"
  41 0025 01       		.uleb128 0x1
  42 0026 04       		.byte	0x4
  43 0027 07       		.byte	0x7
  44 0028 1B010000 		.4byte	.LASF0
  45 002c 01       		.uleb128 0x1
  46 002d 08       		.byte	0x8
  47 002e 05       		.byte	0x5
  48 002f 06020000 		.4byte	.LASF1
  49 0033 01       		.uleb128 0x1
  50 0034 08       		.byte	0x8
  51 0035 04       		.byte	0x4
  52 0036 67020000 		.4byte	.LASF2
  53 003a 01       		.uleb128 0x1
  54 003b 01       		.byte	0x1
  55 003c 06       		.byte	0x6
  56 003d 73020000 		.4byte	.LASF3
  57 0041 01       		.uleb128 0x1
ARM GAS  C:\Users\Ridwane\AppData\Local\Temp\ccIMyph4.s 			page 2


  58 0042 01       		.byte	0x1
  59 0043 08       		.byte	0x8
  60 0044 A9000000 		.4byte	.LASF4
  61 0048 01       		.uleb128 0x1
  62 0049 02       		.byte	0x2
  63 004a 05       		.byte	0x5
  64 004b 64000000 		.4byte	.LASF5
  65 004f 03       		.uleb128 0x3
  66 0050 EF000000 		.4byte	.LASF8
  67 0054 01       		.byte	0x1
  68 0055 39       		.byte	0x39
  69 0056 19       		.byte	0x19
  70 0057 5B000000 		.4byte	0x5b
  71 005b 01       		.uleb128 0x1
  72 005c 02       		.byte	0x2
  73 005d 07       		.byte	0x7
  74 005e CE000000 		.4byte	.LASF6
  75 0062 01       		.uleb128 0x1
  76 0063 04       		.byte	0x4
  77 0064 05       		.byte	0x5
  78 0065 5E020000 		.4byte	.LASF7
  79 0069 03       		.uleb128 0x3
  80 006a FA000000 		.4byte	.LASF9
  81 006e 01       		.byte	0x1
  82 006f 4F       		.byte	0x4f
  83 0070 19       		.byte	0x19
  84 0071 75000000 		.4byte	0x75
  85 0075 01       		.uleb128 0x1
  86 0076 04       		.byte	0x4
  87 0077 07       		.byte	0x7
  88 0078 BC000000 		.4byte	.LASF10
  89 007c 01       		.uleb128 0x1
  90 007d 08       		.byte	0x8
  91 007e 07       		.byte	0x7
  92 007f 85020000 		.4byte	.LASF11
  93 0083 03       		.uleb128 0x3
  94 0084 30020000 		.4byte	.LASF12
  95 0088 02       		.byte	0x2
  96 0089 24       		.byte	0x24
  97 008a 14       		.byte	0x14
  98 008b 4F000000 		.4byte	0x4f
  99 008f 03       		.uleb128 0x3
 100 0090 E6000000 		.4byte	.LASF13
 101 0094 02       		.byte	0x2
 102 0095 30       		.byte	0x30
 103 0096 14       		.byte	0x14
 104 0097 69000000 		.4byte	0x69
 105 009b 0C       		.uleb128 0xc
 106 009c 8F000000 		.4byte	0x8f
 107 00a0 03       		.uleb128 0x3
 108 00a1 1F000000 		.4byte	.LASF14
 109 00a5 03       		.byte	0x3
 110 00a6 34       		.byte	0x34
 111 00a7 1F       		.byte	0x1f
 112 00a8 25000000 		.4byte	0x25
 113 00ac 01       		.uleb128 0x1
 114 00ad 01       		.byte	0x1
ARM GAS  C:\Users\Ridwane\AppData\Local\Temp\ccIMyph4.s 			page 3


 115 00ae 08       		.byte	0x8
 116 00af 28010000 		.4byte	.LASF15
 117 00b3 04       		.uleb128 0x4
 118 00b4 AC000000 		.4byte	0xac
 119 00b8 01       		.uleb128 0x1
 120 00b9 01       		.byte	0x1
 121 00ba 02       		.byte	0x2
 122 00bb 7F020000 		.4byte	.LASF16
 123 00bf 05       		.uleb128 0x5
 124 00c0 04       		.byte	0x4
 125 00c1 04       		.byte	0x4
 126 00c2 5B       		.byte	0x5b
 127 00c3 05       		.byte	0x5
 128 00c4 E1000000 		.4byte	0xe1
 129 00c8 06       		.uleb128 0x6
 130 00c9 73657400 		.ascii	"set\000"
 131 00cd 5C       		.byte	0x5c
 132 00ce 83000000 		.4byte	0x83
 133 00d2 00       		.byte	0
 134 00d3 02       		.uleb128 0x2
 135 00d4 08000000 		.4byte	.LASF17
 136 00d8 04       		.byte	0x4
 137 00d9 5D       		.byte	0x5d
 138 00da 19       		.byte	0x19
 139 00db 83000000 		.4byte	0x83
 140 00df 02       		.byte	0x2
 141 00e0 00       		.byte	0
 142 00e1 13       		.uleb128 0x13
 143 00e2 04       		.byte	0x4
 144 00e3 04       		.byte	0x4
 145 00e4 59       		.byte	0x59
 146 00e5 0C       		.byte	0xc
 147 00e6 FD000000 		.4byte	0xfd
 148 00ea 0D       		.uleb128 0xd
 149 00eb 5700     		.ascii	"W\000"
 150 00ed 5A       		.byte	0x5a
 151 00ee 19       		.byte	0x19
 152 00ef 8F000000 		.4byte	0x8f
 153 00f3 0D       		.uleb128 0xd
 154 00f4 4800     		.ascii	"H\000"
 155 00f6 5E       		.byte	0x5e
 156 00f7 07       		.byte	0x7
 157 00f8 BF000000 		.4byte	0xbf
 158 00fc 00       		.byte	0
 159 00fd 0C       		.uleb128 0xc
 160 00fe E1000000 		.4byte	0xe1
 161 0102 05       		.uleb128 0x5
 162 0103 28       		.byte	0x28
 163 0104 04       		.byte	0x4
 164 0105 51       		.byte	0x51
 165 0106 09       		.byte	0x9
 166 0107 8A010000 		.4byte	0x18a
 167 010b 02       		.uleb128 0x2
 168 010c 0E000000 		.4byte	.LASF18
 169 0110 04       		.byte	0x4
 170 0111 53       		.byte	0x53
 171 0112 19       		.byte	0x19
ARM GAS  C:\Users\Ridwane\AppData\Local\Temp\ccIMyph4.s 			page 4


 172 0113 9B000000 		.4byte	0x9b
 173 0117 00       		.byte	0
 174 0118 02       		.uleb128 0x2
 175 0119 99000000 		.4byte	.LASF19
 176 011d 04       		.byte	0x4
 177 011e 54       		.byte	0x54
 178 011f 19       		.byte	0x19
 179 0120 9B000000 		.4byte	0x9b
 180 0124 04       		.byte	0x4
 181 0125 02       		.uleb128 0x2
 182 0126 00000000 		.4byte	.LASF20
 183 012a 04       		.byte	0x4
 184 012b 55       		.byte	0x55
 185 012c 19       		.byte	0x19
 186 012d 9B000000 		.4byte	0x9b
 187 0131 08       		.byte	0x8
 188 0132 02       		.uleb128 0x2
 189 0133 00020000 		.4byte	.LASF21
 190 0137 04       		.byte	0x4
 191 0138 56       		.byte	0x56
 192 0139 19       		.byte	0x19
 193 013a 9B000000 		.4byte	0x9b
 194 013e 0C       		.byte	0xc
 195 013f 06       		.uleb128 0x6
 196 0140 49445200 		.ascii	"IDR\000"
 197 0144 57       		.byte	0x57
 198 0145 9B000000 		.4byte	0x9b
 199 0149 10       		.byte	0x10
 200 014a 06       		.uleb128 0x6
 201 014b 4F445200 		.ascii	"ODR\000"
 202 014f 58       		.byte	0x58
 203 0150 9B000000 		.4byte	0x9b
 204 0154 14       		.byte	0x14
 205 0155 02       		.uleb128 0x2
 206 0156 2C000000 		.4byte	.LASF22
 207 015a 04       		.byte	0x4
 208 015b 5F       		.byte	0x5f
 209 015c 05       		.byte	0x5
 210 015d FD000000 		.4byte	0xfd
 211 0161 18       		.byte	0x18
 212 0162 02       		.uleb128 0x2
 213 0163 32010000 		.4byte	.LASF23
 214 0167 04       		.byte	0x4
 215 0168 60       		.byte	0x60
 216 0169 19       		.byte	0x19
 217 016a 9B000000 		.4byte	0x9b
 218 016e 1C       		.byte	0x1c
 219 016f 02       		.uleb128 0x2
 220 0170 E1000000 		.4byte	.LASF24
 221 0174 04       		.byte	0x4
 222 0175 61       		.byte	0x61
 223 0176 19       		.byte	0x19
 224 0177 9B000000 		.4byte	0x9b
 225 017b 20       		.byte	0x20
 226 017c 02       		.uleb128 0x2
 227 017d B7000000 		.4byte	.LASF25
 228 0181 04       		.byte	0x4
ARM GAS  C:\Users\Ridwane\AppData\Local\Temp\ccIMyph4.s 			page 5


 229 0182 62       		.byte	0x62
 230 0183 19       		.byte	0x19
 231 0184 9B000000 		.4byte	0x9b
 232 0188 24       		.byte	0x24
 233 0189 00       		.byte	0
 234 018a 03       		.uleb128 0x3
 235 018b 38010000 		.4byte	.LASF26
 236 018f 04       		.byte	0x4
 237 0190 63       		.byte	0x63
 238 0191 03       		.byte	0x3
 239 0192 02010000 		.4byte	0x102
 240 0196 03       		.uleb128 0x3
 241 0197 83000000 		.4byte	.LASF27
 242 019b 05       		.byte	0x5
 243 019c C2       		.byte	0xc2
 244 019d 12       		.byte	0x12
 245 019e 8F000000 		.4byte	0x8f
 246 01a2 03       		.uleb128 0x3
 247 01a3 A0000000 		.4byte	.LASF28
 248 01a7 05       		.byte	0x5
 249 01a8 C7       		.byte	0xc7
 250 01a9 12       		.byte	0x12
 251 01aa 8F000000 		.4byte	0x8f
 252 01ae 03       		.uleb128 0x3
 253 01af 25020000 		.4byte	.LASF29
 254 01b3 05       		.byte	0x5
 255 01b4 D9       		.byte	0xd9
 256 01b5 18       		.byte	0x18
 257 01b6 BA010000 		.4byte	0x1ba
 258 01ba 0E       		.uleb128 0xe
 259 01bb 8A010000 		.4byte	0x18a
 260 01bf 05       		.uleb128 0x5
 261 01c0 0C       		.byte	0xc
 262 01c1 06       		.byte	0x6
 263 01c2 B7       		.byte	0xb7
 264 01c3 09       		.byte	0x9
 265 01c4 F0010000 		.4byte	0x1f0
 266 01c8 02       		.uleb128 0x2
 267 01c9 7C000000 		.4byte	.LASF30
 268 01cd 06       		.byte	0x6
 269 01ce BB       		.byte	0xbb
 270 01cf 19       		.byte	0x19
 271 01d0 AE010000 		.4byte	0x1ae
 272 01d4 00       		.byte	0
 273 01d5 02       		.uleb128 0x2
 274 01d6 14020000 		.4byte	.LASF31
 275 01da 06       		.byte	0x6
 276 01db C1       		.byte	0xc1
 277 01dc 19       		.byte	0x19
 278 01dd 96010000 		.4byte	0x196
 279 01e1 04       		.byte	0x4
 280 01e2 02       		.uleb128 0x2
 281 01e3 1E020000 		.4byte	.LASF32
 282 01e7 06       		.byte	0x6
 283 01e8 C5       		.byte	0xc5
 284 01e9 19       		.byte	0x19
 285 01ea A0000000 		.4byte	0xa0
ARM GAS  C:\Users\Ridwane\AppData\Local\Temp\ccIMyph4.s 			page 6


 286 01ee 08       		.byte	0x8
 287 01ef 00       		.byte	0
 288 01f0 03       		.uleb128 0x3
 289 01f1 9C020000 		.4byte	.LASF33
 290 01f5 06       		.byte	0x6
 291 01f6 C6       		.byte	0xc6
 292 01f7 03       		.byte	0x3
 293 01f8 BF010000 		.4byte	0x1bf
 294 01fc 04       		.uleb128 0x4
 295 01fd F0010000 		.4byte	0x1f0
 296 0201 14       		.uleb128 0x14
 297 0202 05010000 		.4byte	.LASF39
 298 0206 05       		.byte	0x5
 299 0207 F301     		.2byte	0x1f3
 300 0209 08       		.byte	0x8
 301 020a 1E020000 		.4byte	0x21e
 302 020e 07       		.uleb128 0x7
 303 020f AE010000 		.4byte	0x1ae
 304 0213 07       		.uleb128 0x7
 305 0214 96010000 		.4byte	0x196
 306 0218 07       		.uleb128 0x7
 307 0219 A2010000 		.4byte	0x1a2
 308 021d 00       		.byte	0
 309 021e 0F       		.uleb128 0xf
 310 021f 6E000000 		.4byte	.LASF35
 311 0223 71       		.byte	0x71
 312 0224 48020000 		.4byte	0x248
 313 0228 08       		.uleb128 0x8
 314 0229 62757300 		.ascii	"bus\000"
 315 022d 71       		.byte	0x71
 316 022e 21       		.byte	0x21
 317 022f 48020000 		.4byte	0x248
 318 0233 10       		.uleb128 0x10
 319 0234 2D010000 		.4byte	.LASF34
 320 0238 71       		.byte	0x71
 321 0239 2F       		.byte	0x2f
 322 023a A2010000 		.4byte	0x1a2
 323 023e 09       		.uleb128 0x9
 324 023f 90000000 		.4byte	.LASF38
 325 0243 5D020000 		.4byte	0x25d
 326 0247 00       		.byte	0
 327 0248 0E       		.uleb128 0xe
 328 0249 FC010000 		.4byte	0x1fc
 329 024d 0A       		.uleb128 0xa
 330 024e B3000000 		.4byte	0xb3
 331 0252 5D020000 		.4byte	0x25d
 332 0256 0B       		.uleb128 0xb
 333 0257 25000000 		.4byte	0x25
 334 025b 0D       		.byte	0xd
 335 025c 00       		.byte	0
 336 025d 04       		.uleb128 0x4
 337 025e 4D020000 		.4byte	0x24d
 338 0262 0F       		.uleb128 0xf
 339 0263 31000000 		.4byte	.LASF36
 340 0267 5A       		.byte	0x5a
 341 0268 98020000 		.4byte	0x298
 342 026c 08       		.uleb128 0x8
ARM GAS  C:\Users\Ridwane\AppData\Local\Temp\ccIMyph4.s 			page 7


 343 026d 62757300 		.ascii	"bus\000"
 344 0271 5A       		.byte	0x5a
 345 0272 1F       		.byte	0x1f
 346 0273 48020000 		.4byte	0x248
 347 0277 10       		.uleb128 0x10
 348 0278 19020000 		.4byte	.LASF37
 349 027c 5A       		.byte	0x5a
 350 027d 31       		.byte	0x31
 351 027e 96010000 		.4byte	0x196
 352 0282 09       		.uleb128 0x9
 353 0283 90000000 		.4byte	.LASF38
 354 0287 A8020000 		.4byte	0x2a8
 355 028b 15       		.uleb128 0x15
 356 028c 16       		.uleb128 0x16
 357 028d 7700     		.ascii	"w\000"
 358 028f 07       		.byte	0x7
 359 0290 5E       		.byte	0x5e
 360 0291 03       		.byte	0x3
 361 0292 8F000000 		.4byte	0x8f
 362 0296 00       		.byte	0
 363 0297 00       		.byte	0
 364 0298 0A       		.uleb128 0xa
 365 0299 B3000000 		.4byte	0xb3
 366 029d A8020000 		.4byte	0x2a8
 367 02a1 0B       		.uleb128 0xb
 368 02a2 25000000 		.4byte	0x25
 369 02a6 0B       		.byte	0xb
 370 02a7 00       		.byte	0
 371 02a8 04       		.uleb128 0x4
 372 02a9 98020000 		.4byte	0x298
 373 02ad 17       		.uleb128 0x17
 374 02ae 14000000 		.4byte	.LASF40
 375 02b2 07       		.byte	0x7
 376 02b3 41       		.byte	0x41
 377 02b4 0E       		.byte	0xe
 378 02b5 96010000 		.4byte	0x196
 379 02b9 D2020000 		.4byte	0x2d2
 380 02bd 08       		.uleb128 0x8
 381 02be 62757300 		.ascii	"bus\000"
 382 02c2 41       		.byte	0x41
 383 02c3 26       		.byte	0x26
 384 02c4 48020000 		.4byte	0x248
 385 02c8 09       		.uleb128 0x9
 386 02c9 90000000 		.4byte	.LASF38
 387 02cd E2020000 		.4byte	0x2e2
 388 02d1 00       		.byte	0
 389 02d2 0A       		.uleb128 0xa
 390 02d3 B3000000 		.4byte	0xb3
 391 02d7 E2020000 		.4byte	0x2e2
 392 02db 0B       		.uleb128 0xb
 393 02dc 25000000 		.4byte	0x25
 394 02e0 0A       		.byte	0xa
 395 02e1 00       		.byte	0
 396 02e2 04       		.uleb128 0x4
 397 02e3 D2020000 		.4byte	0x2d2
 398 02e7 00       		.byte	0
 399              		.section	.gnu.debuglto_.debug_abbrev,"e",%progbits
ARM GAS  C:\Users\Ridwane\AppData\Local\Temp\ccIMyph4.s 			page 8


 400              	.Ldebug_abbrev0:
 401 0000 01       		.uleb128 0x1
 402 0001 24       		.uleb128 0x24
 403 0002 00       		.byte	0
 404 0003 0B       		.uleb128 0xb
 405 0004 0B       		.uleb128 0xb
 406 0005 3E       		.uleb128 0x3e
 407 0006 0B       		.uleb128 0xb
 408 0007 03       		.uleb128 0x3
 409 0008 0E       		.uleb128 0xe
 410 0009 00       		.byte	0
 411 000a 00       		.byte	0
 412 000b 02       		.uleb128 0x2
 413 000c 0D       		.uleb128 0xd
 414 000d 00       		.byte	0
 415 000e 03       		.uleb128 0x3
 416 000f 0E       		.uleb128 0xe
 417 0010 3A       		.uleb128 0x3a
 418 0011 0B       		.uleb128 0xb
 419 0012 3B       		.uleb128 0x3b
 420 0013 0B       		.uleb128 0xb
 421 0014 39       		.uleb128 0x39
 422 0015 0B       		.uleb128 0xb
 423 0016 49       		.uleb128 0x49
 424 0017 13       		.uleb128 0x13
 425 0018 38       		.uleb128 0x38
 426 0019 0B       		.uleb128 0xb
 427 001a 00       		.byte	0
 428 001b 00       		.byte	0
 429 001c 03       		.uleb128 0x3
 430 001d 16       		.uleb128 0x16
 431 001e 00       		.byte	0
 432 001f 03       		.uleb128 0x3
 433 0020 0E       		.uleb128 0xe
 434 0021 3A       		.uleb128 0x3a
 435 0022 0B       		.uleb128 0xb
 436 0023 3B       		.uleb128 0x3b
 437 0024 0B       		.uleb128 0xb
 438 0025 39       		.uleb128 0x39
 439 0026 0B       		.uleb128 0xb
 440 0027 49       		.uleb128 0x49
 441 0028 13       		.uleb128 0x13
 442 0029 00       		.byte	0
 443 002a 00       		.byte	0
 444 002b 04       		.uleb128 0x4
 445 002c 26       		.uleb128 0x26
 446 002d 00       		.byte	0
 447 002e 49       		.uleb128 0x49
 448 002f 13       		.uleb128 0x13
 449 0030 00       		.byte	0
 450 0031 00       		.byte	0
 451 0032 05       		.uleb128 0x5
 452 0033 13       		.uleb128 0x13
 453 0034 01       		.byte	0x1
 454 0035 0B       		.uleb128 0xb
 455 0036 0B       		.uleb128 0xb
 456 0037 3A       		.uleb128 0x3a
ARM GAS  C:\Users\Ridwane\AppData\Local\Temp\ccIMyph4.s 			page 9


 457 0038 0B       		.uleb128 0xb
 458 0039 3B       		.uleb128 0x3b
 459 003a 0B       		.uleb128 0xb
 460 003b 39       		.uleb128 0x39
 461 003c 0B       		.uleb128 0xb
 462 003d 01       		.uleb128 0x1
 463 003e 13       		.uleb128 0x13
 464 003f 00       		.byte	0
 465 0040 00       		.byte	0
 466 0041 06       		.uleb128 0x6
 467 0042 0D       		.uleb128 0xd
 468 0043 00       		.byte	0
 469 0044 03       		.uleb128 0x3
 470 0045 08       		.uleb128 0x8
 471 0046 3A       		.uleb128 0x3a
 472 0047 21       		.uleb128 0x21
 473 0048 04       		.sleb128 4
 474 0049 3B       		.uleb128 0x3b
 475 004a 0B       		.uleb128 0xb
 476 004b 39       		.uleb128 0x39
 477 004c 21       		.uleb128 0x21
 478 004d 19       		.sleb128 25
 479 004e 49       		.uleb128 0x49
 480 004f 13       		.uleb128 0x13
 481 0050 38       		.uleb128 0x38
 482 0051 0B       		.uleb128 0xb
 483 0052 00       		.byte	0
 484 0053 00       		.byte	0
 485 0054 07       		.uleb128 0x7
 486 0055 05       		.uleb128 0x5
 487 0056 00       		.byte	0
 488 0057 49       		.uleb128 0x49
 489 0058 13       		.uleb128 0x13
 490 0059 00       		.byte	0
 491 005a 00       		.byte	0
 492 005b 08       		.uleb128 0x8
 493 005c 05       		.uleb128 0x5
 494 005d 00       		.byte	0
 495 005e 03       		.uleb128 0x3
 496 005f 08       		.uleb128 0x8
 497 0060 3A       		.uleb128 0x3a
 498 0061 21       		.uleb128 0x21
 499 0062 07       		.sleb128 7
 500 0063 3B       		.uleb128 0x3b
 501 0064 0B       		.uleb128 0xb
 502 0065 39       		.uleb128 0x39
 503 0066 0B       		.uleb128 0xb
 504 0067 49       		.uleb128 0x49
 505 0068 13       		.uleb128 0x13
 506 0069 00       		.byte	0
 507 006a 00       		.byte	0
 508 006b 09       		.uleb128 0x9
 509 006c 34       		.uleb128 0x34
 510 006d 00       		.byte	0
 511 006e 03       		.uleb128 0x3
 512 006f 0E       		.uleb128 0xe
 513 0070 49       		.uleb128 0x49
ARM GAS  C:\Users\Ridwane\AppData\Local\Temp\ccIMyph4.s 			page 10


 514 0071 13       		.uleb128 0x13
 515 0072 34       		.uleb128 0x34
 516 0073 19       		.uleb128 0x19
 517 0074 00       		.byte	0
 518 0075 00       		.byte	0
 519 0076 0A       		.uleb128 0xa
 520 0077 01       		.uleb128 0x1
 521 0078 01       		.byte	0x1
 522 0079 49       		.uleb128 0x49
 523 007a 13       		.uleb128 0x13
 524 007b 01       		.uleb128 0x1
 525 007c 13       		.uleb128 0x13
 526 007d 00       		.byte	0
 527 007e 00       		.byte	0
 528 007f 0B       		.uleb128 0xb
 529 0080 21       		.uleb128 0x21
 530 0081 00       		.byte	0
 531 0082 49       		.uleb128 0x49
 532 0083 13       		.uleb128 0x13
 533 0084 2F       		.uleb128 0x2f
 534 0085 0B       		.uleb128 0xb
 535 0086 00       		.byte	0
 536 0087 00       		.byte	0
 537 0088 0C       		.uleb128 0xc
 538 0089 35       		.uleb128 0x35
 539 008a 00       		.byte	0
 540 008b 49       		.uleb128 0x49
 541 008c 13       		.uleb128 0x13
 542 008d 00       		.byte	0
 543 008e 00       		.byte	0
 544 008f 0D       		.uleb128 0xd
 545 0090 0D       		.uleb128 0xd
 546 0091 00       		.byte	0
 547 0092 03       		.uleb128 0x3
 548 0093 08       		.uleb128 0x8
 549 0094 3A       		.uleb128 0x3a
 550 0095 21       		.uleb128 0x21
 551 0096 04       		.sleb128 4
 552 0097 3B       		.uleb128 0x3b
 553 0098 0B       		.uleb128 0xb
 554 0099 39       		.uleb128 0x39
 555 009a 0B       		.uleb128 0xb
 556 009b 49       		.uleb128 0x49
 557 009c 13       		.uleb128 0x13
 558 009d 00       		.byte	0
 559 009e 00       		.byte	0
 560 009f 0E       		.uleb128 0xe
 561 00a0 0F       		.uleb128 0xf
 562 00a1 00       		.byte	0
 563 00a2 0B       		.uleb128 0xb
 564 00a3 21       		.uleb128 0x21
 565 00a4 04       		.sleb128 4
 566 00a5 49       		.uleb128 0x49
 567 00a6 13       		.uleb128 0x13
 568 00a7 00       		.byte	0
 569 00a8 00       		.byte	0
 570 00a9 0F       		.uleb128 0xf
ARM GAS  C:\Users\Ridwane\AppData\Local\Temp\ccIMyph4.s 			page 11


 571 00aa 2E       		.uleb128 0x2e
 572 00ab 01       		.byte	0x1
 573 00ac 3F       		.uleb128 0x3f
 574 00ad 19       		.uleb128 0x19
 575 00ae 03       		.uleb128 0x3
 576 00af 0E       		.uleb128 0xe
 577 00b0 3A       		.uleb128 0x3a
 578 00b1 21       		.uleb128 0x21
 579 00b2 07       		.sleb128 7
 580 00b3 3B       		.uleb128 0x3b
 581 00b4 0B       		.uleb128 0xb
 582 00b5 39       		.uleb128 0x39
 583 00b6 21       		.uleb128 0x21
 584 00b7 06       		.sleb128 6
 585 00b8 27       		.uleb128 0x27
 586 00b9 19       		.uleb128 0x19
 587 00ba 01       		.uleb128 0x1
 588 00bb 13       		.uleb128 0x13
 589 00bc 00       		.byte	0
 590 00bd 00       		.byte	0
 591 00be 10       		.uleb128 0x10
 592 00bf 05       		.uleb128 0x5
 593 00c0 00       		.byte	0
 594 00c1 03       		.uleb128 0x3
 595 00c2 0E       		.uleb128 0xe
 596 00c3 3A       		.uleb128 0x3a
 597 00c4 21       		.uleb128 0x21
 598 00c5 07       		.sleb128 7
 599 00c6 3B       		.uleb128 0x3b
 600 00c7 0B       		.uleb128 0xb
 601 00c8 39       		.uleb128 0x39
 602 00c9 0B       		.uleb128 0xb
 603 00ca 49       		.uleb128 0x49
 604 00cb 13       		.uleb128 0x13
 605 00cc 00       		.byte	0
 606 00cd 00       		.byte	0
 607 00ce 11       		.uleb128 0x11
 608 00cf 11       		.uleb128 0x11
 609 00d0 01       		.byte	0x1
 610 00d1 25       		.uleb128 0x25
 611 00d2 0E       		.uleb128 0xe
 612 00d3 13       		.uleb128 0x13
 613 00d4 0B       		.uleb128 0xb
 614 00d5 03       		.uleb128 0x3
 615 00d6 0E       		.uleb128 0xe
 616 00d7 1B       		.uleb128 0x1b
 617 00d8 0E       		.uleb128 0xe
 618 00d9 10       		.uleb128 0x10
 619 00da 17       		.uleb128 0x17
 620 00db 00       		.byte	0
 621 00dc 00       		.byte	0
 622 00dd 12       		.uleb128 0x12
 623 00de 24       		.uleb128 0x24
 624 00df 00       		.byte	0
 625 00e0 0B       		.uleb128 0xb
 626 00e1 0B       		.uleb128 0xb
 627 00e2 3E       		.uleb128 0x3e
ARM GAS  C:\Users\Ridwane\AppData\Local\Temp\ccIMyph4.s 			page 12


 628 00e3 0B       		.uleb128 0xb
 629 00e4 03       		.uleb128 0x3
 630 00e5 08       		.uleb128 0x8
 631 00e6 00       		.byte	0
 632 00e7 00       		.byte	0
 633 00e8 13       		.uleb128 0x13
 634 00e9 17       		.uleb128 0x17
 635 00ea 01       		.byte	0x1
 636 00eb 0B       		.uleb128 0xb
 637 00ec 0B       		.uleb128 0xb
 638 00ed 3A       		.uleb128 0x3a
 639 00ee 0B       		.uleb128 0xb
 640 00ef 3B       		.uleb128 0x3b
 641 00f0 0B       		.uleb128 0xb
 642 00f1 39       		.uleb128 0x39
 643 00f2 0B       		.uleb128 0xb
 644 00f3 01       		.uleb128 0x1
 645 00f4 13       		.uleb128 0x13
 646 00f5 00       		.byte	0
 647 00f6 00       		.byte	0
 648 00f7 14       		.uleb128 0x14
 649 00f8 2E       		.uleb128 0x2e
 650 00f9 01       		.byte	0x1
 651 00fa 3F       		.uleb128 0x3f
 652 00fb 19       		.uleb128 0x19
 653 00fc 03       		.uleb128 0x3
 654 00fd 0E       		.uleb128 0xe
 655 00fe 3A       		.uleb128 0x3a
 656 00ff 0B       		.uleb128 0xb
 657 0100 3B       		.uleb128 0x3b
 658 0101 05       		.uleb128 0x5
 659 0102 39       		.uleb128 0x39
 660 0103 0B       		.uleb128 0xb
 661 0104 27       		.uleb128 0x27
 662 0105 19       		.uleb128 0x19
 663 0106 3C       		.uleb128 0x3c
 664 0107 19       		.uleb128 0x19
 665 0108 01       		.uleb128 0x1
 666 0109 13       		.uleb128 0x13
 667 010a 00       		.byte	0
 668 010b 00       		.byte	0
 669 010c 15       		.uleb128 0x15
 670 010d 0B       		.uleb128 0xb
 671 010e 01       		.byte	0x1
 672 010f 00       		.byte	0
 673 0110 00       		.byte	0
 674 0111 16       		.uleb128 0x16
 675 0112 34       		.uleb128 0x34
 676 0113 00       		.byte	0
 677 0114 03       		.uleb128 0x3
 678 0115 08       		.uleb128 0x8
 679 0116 3A       		.uleb128 0x3a
 680 0117 0B       		.uleb128 0xb
 681 0118 3B       		.uleb128 0x3b
 682 0119 0B       		.uleb128 0xb
 683 011a 39       		.uleb128 0x39
 684 011b 0B       		.uleb128 0xb
ARM GAS  C:\Users\Ridwane\AppData\Local\Temp\ccIMyph4.s 			page 13


 685 011c 49       		.uleb128 0x49
 686 011d 13       		.uleb128 0x13
 687 011e 00       		.byte	0
 688 011f 00       		.byte	0
 689 0120 17       		.uleb128 0x17
 690 0121 2E       		.uleb128 0x2e
 691 0122 01       		.byte	0x1
 692 0123 3F       		.uleb128 0x3f
 693 0124 19       		.uleb128 0x19
 694 0125 03       		.uleb128 0x3
 695 0126 0E       		.uleb128 0xe
 696 0127 3A       		.uleb128 0x3a
 697 0128 0B       		.uleb128 0xb
 698 0129 3B       		.uleb128 0x3b
 699 012a 0B       		.uleb128 0xb
 700 012b 39       		.uleb128 0x39
 701 012c 0B       		.uleb128 0xb
 702 012d 27       		.uleb128 0x27
 703 012e 19       		.uleb128 0x19
 704 012f 49       		.uleb128 0x49
 705 0130 13       		.uleb128 0x13
 706 0131 01       		.uleb128 0x1
 707 0132 13       		.uleb128 0x13
 708 0133 00       		.byte	0
 709 0134 00       		.byte	0
 710 0135 00       		.byte	0
 711              		.section	.gnu.debuglto_.debug_line,"e",%progbits
 712              	.Ldebug_line0:
 713 0000 68000000 		.4byte	.LELT0-.LSLT0
 714              	.LSLT0:
 715 0004 0500     		.2byte	0x5
 716 0006 04       		.byte	0x4
 717 0007 00       		.byte	0
 718 0008 60000000 		.4byte	.LELTP0-.LASLTP0
 719              	.LASLTP0:
 720 000c 01       		.byte	0x1
 721 000d 01       		.byte	0x1
 722 000e 01       		.byte	0x1
 723 000f F6       		.byte	0xf6
 724 0010 F2       		.byte	0xf2
 725 0011 0D       		.byte	0xd
 726 0012 00       		.byte	0
 727 0013 01       		.byte	0x1
 728 0014 01       		.byte	0x1
 729 0015 01       		.byte	0x1
 730 0016 01       		.byte	0x1
 731 0017 00       		.byte	0
 732 0018 00       		.byte	0
 733 0019 00       		.byte	0
 734 001a 01       		.byte	0x1
 735 001b 00       		.byte	0
 736 001c 00       		.byte	0
 737 001d 01       		.byte	0x1
 738 001e 01       		.byte	0x1
 739 001f 01       		.uleb128 0x1
 740 0020 1F       		.uleb128 0x1f
 741 0021 07       		.uleb128 0x7
ARM GAS  C:\Users\Ridwane\AppData\Local\Temp\ccIMyph4.s 			page 14


 742 0022 2B010000 		.4byte	.LASF44
 743 0026 96000000 		.4byte	.LASF45
 744 002a 66000000 		.4byte	.LASF46
 745 002e E9010000 		.4byte	.LASF47
 746 0032 92010000 		.4byte	.LASF48
 747 0036 0A000000 		.4byte	.LASF49
 748 003a C1000000 		.4byte	.LASF50
 749 003e 02       		.byte	0x2
 750 003f 01       		.uleb128 0x1
 751 0040 1F       		.uleb128 0x1f
 752 0041 02       		.uleb128 0x2
 753 0042 0B       		.uleb128 0xb
 754 0043 08       		.uleb128 0x8
 755 0044 6B010000 		.4byte	.LASF51
 756 0048 00       		.byte	0
 757 0049 1A010000 		.4byte	.LASF52
 758 004d 04       		.byte	0x4
 759 004e 00000000 		.4byte	.LASF53
 760 0052 05       		.byte	0x5
 761 0053 5D000000 		.4byte	.LASF54
 762 0057 06       		.byte	0x6
 763 0058 50010000 		.4byte	.LASF55
 764 005c 02       		.byte	0x2
 765 005d 5D010000 		.4byte	.LASF56
 766 0061 02       		.byte	0x2
 767 0062 10010000 		.4byte	.LASF57
 768 0066 01       		.byte	0x1
 769 0067 B7000000 		.4byte	.LASF58
 770 006b 03       		.byte	0x3
 771              	.LELTP0:
 772              	.LELT0:
 773              		.section	.gnu.debuglto_.debug_str,"eMS",%progbits,1
 774              	.LASF20:
 775 0000 4F535045 		.ascii	"OSPEEDR\000"
 775      45445200 
 776              	.LASF17:
 777 0008 636C6561 		.ascii	"clear\000"
 777      7200
 778              	.LASF18:
 779 000e 4D4F4445 		.ascii	"MODER\000"
 779      5200
 780              	.LASF40:
 781 0014 70616C52 		.ascii	"palReadBus\000"
 781      65616442 
 781      757300
 782              	.LASF14:
 783 001f 75696E74 		.ascii	"uint_fast8_t\000"
 783      5F666173 
 783      74385F74 
 783      00
 784              	.LASF22:
 785 002c 42535252 		.ascii	"BSRR\000"
 785      00
 786              	.LASF36:
 787 0031 70616C57 		.ascii	"palWriteBus\000"
 787      72697465 
 787      42757300 
ARM GAS  C:\Users\Ridwane\AppData\Local\Temp\ccIMyph4.s 			page 15


 788              	.LASF42:
 789 003d 2E2E2F2E 		.ascii	"../../chibios2111/os/hal/src/hal_pal.c\000"
 789      2E2F6368 
 789      6962696F 
 789      73323131 
 789      312F6F73 
 790              	.LASF5:
 791 0064 73686F72 		.ascii	"short int\000"
 791      7420696E 
 791      7400
 792              	.LASF35:
 793 006e 70616C53 		.ascii	"palSetBusMode\000"
 793      65744275 
 793      734D6F64 
 793      6500
 794              	.LASF30:
 795 007c 706F7274 		.ascii	"portid\000"
 795      696400
 796              	.LASF27:
 797 0083 696F706F 		.ascii	"ioportmask_t\000"
 797      72746D61 
 797      736B5F74 
 797      00
 798              	.LASF38:
 799 0090 5F5F6675 		.ascii	"__func__\000"
 799      6E635F5F 
 799      00
 800              	.LASF19:
 801 0099 4F545950 		.ascii	"OTYPER\000"
 801      455200
 802              	.LASF28:
 803 00a0 696F6D6F 		.ascii	"iomode_t\000"
 803      64655F74 
 803      00
 804              	.LASF4:
 805 00a9 756E7369 		.ascii	"unsigned char\000"
 805      676E6564 
 805      20636861 
 805      7200
 806              	.LASF25:
 807 00b7 41465248 		.ascii	"AFRH\000"
 807      00
 808              	.LASF10:
 809 00bc 6C6F6E67 		.ascii	"long unsigned int\000"
 809      20756E73 
 809      69676E65 
 809      6420696E 
 809      7400
 810              	.LASF6:
 811 00ce 73686F72 		.ascii	"short unsigned int\000"
 811      7420756E 
 811      7369676E 
 811      65642069 
 811      6E7400
 812              	.LASF24:
 813 00e1 4146524C 		.ascii	"AFRL\000"
 813      00
ARM GAS  C:\Users\Ridwane\AppData\Local\Temp\ccIMyph4.s 			page 16


 814              	.LASF13:
 815 00e6 75696E74 		.ascii	"uint32_t\000"
 815      33325F74 
 815      00
 816              	.LASF8:
 817 00ef 5F5F7569 		.ascii	"__uint16_t\000"
 817      6E743136 
 817      5F7400
 818              	.LASF9:
 819 00fa 5F5F7569 		.ascii	"__uint32_t\000"
 819      6E743332 
 819      5F7400
 820              	.LASF39:
 821 0105 5F70616C 		.ascii	"_pal_lld_setgroupmode\000"
 821      5F6C6C64 
 821      5F736574 
 821      67726F75 
 821      706D6F64 
 822              	.LASF0:
 823 011b 756E7369 		.ascii	"unsigned int\000"
 823      676E6564 
 823      20696E74 
 823      00
 824              	.LASF15:
 825 0128 63686172 		.ascii	"char\000"
 825      00
 826              	.LASF34:
 827 012d 6D6F6465 		.ascii	"mode\000"
 827      00
 828              	.LASF23:
 829 0132 4C4F434B 		.ascii	"LOCKR\000"
 829      5200
 830              	.LASF26:
 831 0138 73746D33 		.ascii	"stm32_gpio_t\000"
 831      325F6770 
 831      696F5F74 
 831      00
 832              	.LASF41:
 833 0145 474E5520 		.ascii	"GNU C17 11.3.1 20220712 -mcpu=cortex-m4 -mthumb -mf"
 833      43313720 
 833      31312E33 
 833      2E312032 
 833      30323230 
 834 0178 6C6F6174 		.ascii	"loat-abi=soft -march=armv7e-m -ggdb -O0 -fomit-fram"
 834      2D616269 
 834      3D736F66 
 834      74202D6D 
 834      61726368 
 835 01ab 652D706F 		.ascii	"e-pointer -falign-functions=16 -ffunction-sections "
 835      696E7465 
 835      72202D66 
 835      616C6967 
 835      6E2D6675 
 836 01de 2D666461 		.ascii	"-fdata-sections -fno-common -flto\000"
 836      74612D73 
 836      65637469 
 836      6F6E7320 
ARM GAS  C:\Users\Ridwane\AppData\Local\Temp\ccIMyph4.s 			page 17


 836      2D666E6F 
 837              	.LASF21:
 838 0200 50555044 		.ascii	"PUPDR\000"
 838      5200
 839              	.LASF1:
 840 0206 6C6F6E67 		.ascii	"long long int\000"
 840      206C6F6E 
 840      6720696E 
 840      7400
 841              	.LASF31:
 842 0214 6D61736B 		.ascii	"mask\000"
 842      00
 843              	.LASF37:
 844 0219 62697473 		.ascii	"bits\000"
 844      00
 845              	.LASF32:
 846 021e 6F666673 		.ascii	"offset\000"
 846      657400
 847              	.LASF29:
 848 0225 696F706F 		.ascii	"ioportid_t\000"
 848      72746964 
 848      5F7400
 849              	.LASF12:
 850 0230 75696E74 		.ascii	"uint16_t\000"
 850      31365F74 
 850      00
 851              	.LASF43:
 852 0239 433A5C43 		.ascii	"C:\\ChibiStudio\\workspace_user\\Falcon\000"
 852      68696269 
 852      53747564 
 852      696F5C77 
 852      6F726B73 
 853              	.LASF7:
 854 025e 6C6F6E67 		.ascii	"long int\000"
 854      20696E74 
 854      00
 855              	.LASF2:
 856 0267 6C6F6E67 		.ascii	"long double\000"
 856      20646F75 
 856      626C6500 
 857              	.LASF3:
 858 0273 7369676E 		.ascii	"signed char\000"
 858      65642063 
 858      68617200 
 859              	.LASF16:
 860 027f 5F426F6F 		.ascii	"_Bool\000"
 860      6C00
 861              	.LASF11:
 862 0285 6C6F6E67 		.ascii	"long long unsigned int\000"
 862      206C6F6E 
 862      6720756E 
 862      7369676E 
 862      65642069 
 863              	.LASF33:
 864 029c 494F4275 		.ascii	"IOBus\000"
 864      7300
 865              		.section	.gnu.debuglto_.debug_line_str,"eMS",%progbits,1
ARM GAS  C:\Users\Ridwane\AppData\Local\Temp\ccIMyph4.s 			page 18


 866              	.LASF53:
 867 0000 5F737464 		.ascii	"_stdint.h\000"
 867      696E742E 
 867      6800
 868              	.LASF49:
 869 000a 633A5C63 		.ascii	"c:\\chibistudio\\tools\\gnu tools arm embedded\\11."
 869      68696269 
 869      73747564 
 869      696F5C74 
 869      6F6F6C73 
 870 0039 33203230 		.ascii	"3 2022.08\\arm-none-eabi\\include\\sys\000"
 870      32322E30 
 870      385C6172 
 870      6D2D6E6F 
 870      6E652D65 
 871              	.LASF54:
 872 005d 73746469 		.ascii	"stdint.h\000"
 872      6E742E68 
 872      00
 873              	.LASF46:
 874 0066 2E2E2F2E 		.ascii	"../../chibios2111/os/hal/ports/STM32/LLD/GPIOv2\000"
 874      2E2F6368 
 874      6962696F 
 874      73323131 
 874      312F6F73 
 875              	.LASF45:
 876 0096 2E2E2F2E 		.ascii	"../../chibios2111/os/hal/include\000"
 876      2E2F6368 
 876      6962696F 
 876      73323131 
 876      312F6F73 
 877              	.LASF58:
 878 00b7 68616C5F 		.ascii	"hal_pal.c\000"
 878      70616C2E 
 878      6300
 879              	.LASF50:
 880 00c1 633A5C63 		.ascii	"c:\\chibistudio\\tools\\gnu tools arm embedded\\11."
 880      68696269 
 880      73747564 
 880      696F5C74 
 880      6F6F6C73 
 881 00f0 33203230 		.ascii	"3 2022.08\\arm-none-eabi\\include\000"
 881      32322E30 
 881      385C6172 
 881      6D2D6E6F 
 881      6E652D65 
 882              	.LASF57:
 883 0110 68616C5F 		.ascii	"hal_pal.h\000"
 883      70616C2E 
 883      6800
 884              	.LASF52:
 885 011a 5F646566 		.ascii	"_default_types.h\000"
 885      61756C74 
 885      5F747970 
 885      65732E68 
 885      00
 886              	.LASF44:
ARM GAS  C:\Users\Ridwane\AppData\Local\Temp\ccIMyph4.s 			page 19


 887 012b 433A5C43 		.ascii	"C:\\ChibiStudio\\workspace_user\\Falcon\000"
 887      68696269 
 887      53747564 
 887      696F5C77 
 887      6F726B73 
 888              	.LASF55:
 889 0150 73746D33 		.ascii	"stm32_gpio.h\000"
 889      325F6770 
 889      696F2E68 
 889      00
 890              	.LASF56:
 891 015d 68616C5F 		.ascii	"hal_pal_lld.h\000"
 891      70616C5F 
 891      6C6C642E 
 891      6800
 892              	.LASF51:
 893 016b 2E2E2F2E 		.ascii	"../../chibios2111/os/hal/src/hal_pal.c\000"
 893      2E2F6368 
 893      6962696F 
 893      73323131 
 893      312F6F73 
 894              	.LASF48:
 895 0192 633A5C63 		.ascii	"c:\\chibistudio\\tools\\gnu tools arm embedded\\11."
 895      68696269 
 895      73747564 
 895      696F5C74 
 895      6F6F6C73 
 896 01c1 33203230 		.ascii	"3 2022.08\\arm-none-eabi\\include\\machine\000"
 896      32322E30 
 896      385C6172 
 896      6D2D6E6F 
 896      6E652D65 
 897              	.LASF47:
 898 01e9 2E2E2F2E 		.ascii	"../../chibios2111/os/hal/src\000"
 898      2E2F6368 
 898      6962696F 
 898      73323131 
 898      312F6F73 
 899              		.text
 900              		.section	.gnu.lto_.inline.98e57fcc,"e",%progbits
 901 0000 789CAB62 		.ascii	"x\234\253b@\000f\006\006\316\006 `Jc``\342\203\261X"
 901      40006606 
 901      06CE0620 
 901      604A6360 
 901      60E283B1 
 902 0015 181A81AC 		.ascii	"\030\032\201\254:&\006&\220\032F\006\001 \357\0013H"
 902      3A260626 
 902      901A4606 
 902      0120EF01 
 902      3348
 903 0027 890C8C85 		.ascii	"\211\014\214\205\252\204\211\201\033\310\333\300\224"
 903      AA848981 
 903      1BC8DBC0 
 903      94
 904 0034 0E647281 		.ascii	"\016dr\201LaNEW\302\302\013\262n\202\037\003\0041\000"
 904      4C614E45 
 904      57C2C20B 
ARM GAS  C:\Users\Ridwane\AppData\Local\Temp\ccIMyph4.s 			page 20


 904      B26E821F 
 904      03043100 
 905 0048 00CA351A 		.ascii	"\000\3125\032\205"
 905      85
 906              		.text
 907              		.section	.gnu.lto_.jmpfuncs.98e57fcc,"e",%progbits
 908 0000 789C6362 		.ascii	"x\234cb@\006\000\000*\000\003"
 908      40060000 
 908      2A0003
 909              		.text
 910              		.section	.gnu.lto_.ipa_modref.98e57fcc,"e",%progbits
 911 0000 789C6362 		.ascii	"x\234cb@\006\000\000*\000\003"
 911      40060000 
 911      2A0003
 912              		.text
 913              		.section	.gnu.lto_.lto.98e57fcc,"e",%progbits
 914 0000 0B000300 		.ascii	"\013\000\003\000\001\000\000\000"
 914      01000000 
 915              		.text
 916              		.section	.gnu.lto_palReadBus.384.98e57fcc,"e",%progbits
 917 0000 789C6591 		.ascii	"x\234e\221Mh\023A\024\307\337\177\336\354f\203\307*"
 917      4D681341 
 917      14C7DF7F 
 917      DEEC6683 
 917      C72A
 918 0012 78B31711 		.ascii	"x\263\027\021\021\263\306\217*z\021\012=\013z\214\204"
 918      11B3C68F 
 918      2A7A110A 
 918      3D0B7A8C 
 918      84
 919 0023 CD1ADAD0 		.ascii	"\315\032\332\320\350\326\254\251`)\231T\233b\241_*R"
 919      E8D6ACA9 
 919      60299954 
 919      9B62A15F 
 919      2A52
 920 0035 505A8A17 		.ascii	"PZ\212\027\017\202GK\2455\266\342Q\305\253\036\004o"
 920      0F82474B 
 920      A535B6E2 
 920      51C5AB1E 
 920      046F
 921 0047 5EEC51A9 		.ascii	"^\354Q\251\270\276\331\026\033\3500\037\357?\3577o\336"
 921      B8BED916 
 921      1BE8301F 
 921      EF3FEF37 
 921      6FDE
 922 0059 BC590551 		.ascii	"\274Y\005Q?\021]\220A\016\341\301\334\244\242$I\032"
 922      3F115D90 
 922      410EE1C1 
 922      DCA4A224 
 922      491A
 923 006b 5AE1A1D8 		.ascii	"Z\341\241\330x\215T1\036\315M\376\234?\235\012\215\246"
 923      788D5431 
 923      1ECD4DFE 
 923      9C3F9D0A 
 923      8DA6
 924 007d 4E0D5043 		.ascii	"N\015PC\261F\003K\354\300\355\202\226\371\000\272\375"
 924      B146034B 
ARM GAS  C:\Users\Ridwane\AppData\Local\Temp\ccIMyph4.s 			page 21


 924      ECC0ED82 
 924      96F900BA 
 924      FD
 925 008e B631BFC6 		.ascii	"\2661\277\306\037\337\337\310<}\336\326\015\032]\306"
 925      1FDFDFC8 
 925      3C7DDED6 
 925      0D1A5DC6 
 926 009e 2BA417C0 		.ascii	"+\244\027\300\273D\307\305\373\351\303\2621Y\032Y\301"
 926      BB44C7C5 
 926      FBE9C3B2 
 926      31591A59 
 926      C1
 927 00af 8E4FA92B 		.ascii	"\216O\251+\253\016\321>\242Q\341\354\306\261\366\270"
 927      AB0ED13E 
 927      A251E1EC 
 927      C6B1F6B8 
 928 00bf D99CDA68 		.ascii	"\331\234\332hM\357\237mz\0351H\361\313\317N\333\374"
 928      4DEF9F6D 
 928      7A1D3148 
 928      F1CBCF4E 
 928      DBFC
 929 00d1 49668CF9 		.ascii	"If\214\371x\360\313\327\357^V\001+`R\244Ii\207\224\343"
 929      78F0CBD7 
 929      EF5E5601 
 929      2B6052A4 
 929      49698794 
 930 00e6 927233B2 		.ascii	"\222r3\262z2\210\026\330>)m\207`\245\332\225\240E\346"
 930      7A328816 
 930      D83E296D 
 930      8760A5DA 
 930      95A045E6 
 931 00fa 4EB9A5C6 		.ascii	"N\271\245\306\326\262l_2\002I\370\005\2141\336\315;"
 931      D6B26C5F 
 931      320249F8 
 931      058C31DE 
 931      CD3B
 932 010c 6BA09E7B 		.ascii	"k\240\236{bEop]\222\330R\353B9B\015\356R\225\341\267"
 932      62456F70 
 932      5D92D852 
 932      EB423942 
 932      0DEE5295 
 933 0122 422D89D5 		.ascii	"B-\211\325\277\216rJ\331X\356\336(\341;\004\251\377"
 933      BF8E724A 
 933      D958EEDE 
 933      28E13B04 
 933      A9FF
 934 0134 EEDF1638 		.ascii	"\356\337\0268\303\016\273;\260\267\027.\276\307\325"
 934      C30EBB3B 
 934      B0B7172E 
 934      BEC7D5
 935 0143 6D787E02 		.ascii	"mx~\002\314\202{\"\027Yw\244\215\337\252y\221\216\312"
 935      CC827B22 
 935      175977A4 
 935      8DDFAA79 
 935      918ECA
 936 0156 C1CDE967 		.ascii	"\301\315\351g\246\033?\266\013i[\242\306\276=iMA\276"
 936      A61B3FB6 
ARM GAS  C:\Users\Ridwane\AppData\Local\Temp\ccIMyph4.s 			page 22


 936      0B695BA2 
 936      C6BE3D69 
 936      4D41BE
 937 0169 92D96E2C 		.ascii	"\222\331n,0:\313At\270\367|\241w\240R\252\\\276U\277"
 937      303ACB41 
 937      74B8F77C 
 937      A177A052 
 937      AA5CBE55 
 938 017e 56890AB7 		.ascii	"V\211\012\267\243\332`<\024\204\345b=.\327\012}A5\214"
 938      A3DA603C 
 938      1484E562 
 938      3D2ED70A 
 938      7D41358C 
 939 0192 6ED0915C 		.ascii	"n\320\221\\\316\227\036Z0\212O\346\363y?\212\375\201"
 939      CE971E5A 
 939      308A4FE6 
 939      F3793F8A 
 939      FD81
 940 01a4 A0EAC7B5 		.ascii	"\240\352\307\265\320\256\305\241\240\232\013\211K\365"
 940      D0AEC5A1 
 940      A09A0B89 
 940      4BF5
 941 01b2 B8EBBFCC 		.ascii	"\270\353\277\314\235\010K=g\316\236;E\377\000\177\273"
 941      9D084B3D 
 941      67CE9E3B 
 941      45FF007F 
 941      BB
 942 01c3 C885     		.ascii	"\310\205"
 943              		.text
 944              		.section	.gnu.lto_palWriteBus.385.98e57fcc,"e",%progbits
 945 0000 789C6D52 		.ascii	"x\234mRKh\023Q\024\275\347\275\231\311\344\323$R\\\271"
 945      4B681351 
 945      14BDE7BD 
 945      99C9E4D3 
 945      24525CB9 
 946 0014 D08DBA90 		.ascii	"\320\215\272\220&F1\212\333\202k\301\200\210\321\220"
 946      2646318A 
 946      DB826BC1 
 946      8088D190 
 947 0024 8CC184A6 		.ascii	"\214\301\204\246M\3104-\"%\317\372)\250 ~\220\242\020"
 947      4DC8342D 
 947      2225CFFA 
 947      29A8207E 
 947      90A210
 948 0037 E9CE85E0 		.ascii	"\351\316\205\340\266\206\232\204\026\245\210hq\343\302"
 948      B6869A84 
 948      16A58868 
 948      71E3C2
 949 0046 8DE04A11 		.ascii	"\215\340J\021\332]\205\006\306;\323\264\015\264\217"
 949      DA5D8506 
 949      C63BD3B4 
 949      0DB48F
 950 0055 39F3EEE1 		.ascii	"9\363\356\341\236s/\367\362&\004\321\030\021\0151H#"
 950      9E732FF7 
 950      F22604D1 
 950      18110D31 
 950      4823
ARM GAS  C:\Users\Ridwane\AppData\Local\Temp\ccIMyph4.s 			page 23


 951 0067 3C797C5F 		.ascii	"<y|_\220\3438uM\340)\307x\017\217I\334\322\274\000T"
 951      90E33875 
 951      4DE029C7 
 951      780F8F49 
 951      DCD2BC00 
 952 007c 171275CC 		.ascii	"\027\022u\314\311\270R\352\337\335\347\315%\250\327"
 952      C9B852EA 
 952      DFDDE7CD 
 952      25A8D7
 953 008b 1DFC21AA 		.ascii	"\035\374!\252\223wt\030\203\320\370\277\037\207t\230"
 953      93777418 
 953      83D0F8BF 
 953      1F877498 
 954 009b E769A8A3 		.ascii	"\347i\250\243\324J{^)?M5Q\177\207y\020\011\244\376\262"
 954      D44A7B5E 
 954      293F4D35 
 954      517F8779 
 954      1009A4FE 
 955 00b0 C82C6CA6 		.ascii	"\310,l\246\177{\351\233\013\333i\221Z\327\210\202^U"
 955      7F7BE99B 
 955      0BDB6991 
 955      5AD78882 
 955      5E55
 956 00c2 B06E94EB 		.ascii	"\260n\224\353\036c\345Z\353WeYi7\332[J\242\324C=H\035"
 956      1E63E55A 
 956      EB576559 
 956      6937DA5B 
 956      4AA2D443 
 957 00d9 500B947A 		.ascii	"P\013\224z\240{f\015m\274\375\246wT\327y\244\324\367"
 957      A07B660D 
 957      6DBCFDA6 
 957      7754D779 
 957      A4D4F7
 958 00ec 03ABDD55 		.ascii	"\003\253\335Us\237\000\026\240\001M\350\304y\203\204"
 958      739F0016 
 958      A0014DE8 
 958      C4798384 
 959 00fc EE63980C 		.ascii	"\356c\230\014?\011#\300\010r\034b\0140\302\314#|GI\370"
 959      3F0923C0 
 959      08721C62 
 959      0C30C2CC 
 959      237C4749 
 960 0111 881AD25D 		.ascii	"\210\032\322]\213w\016\302\245b\207\202^I\331O7\304"
 960      8B770EC2 
 960      A5628782 
 960      5E49D94F 
 960      37C4
 961 0123 F48B99F5 		.ascii	"\364\213\231\365\227G\320\2014\244py\313/}\274\223)"
 961      9747D081 
 961      34A47079 
 961      CB2F7DBC 
 961      9329
 962 0135 F01C6FC0 		.ascii	"\360\034o\300\2533\313\023\213\240\344\035\216F\227"
 962      AB33CB13 
 962      8BA0E41D 
 962      8E4697
 963 0144 30C2736C 		.ascii	"0\302sl\210\333\2633\220&[|=\213\177\267\270\370\001"
ARM GAS  C:\Users\Ridwane\AppData\Local\Temp\ccIMyph4.s 			page 24


 963      88DBB333 
 963      90265B7C 
 963      3D8B7FB7 
 963      B8F801
 964 0157 D737C58D 		.ascii	"\3277\305\215{\220\001\3517~\020\242.\3572\017\262="
 964      7B9001E9 
 964      377E10A2 
 964      2EEF320F 
 964      B23D
 965 0169 D03387F6 		.ascii	"\3203\207\366\350\264\334\337i@\012\031\352\211\303"
 965      E8B4DCDF 
 965      69400A19 
 965      EA89C3
 966 0178 7B74FAB4 		.ascii	"{t\372\264\325\311\255\034ay\330%\317\330\251s\243H"
 966      D5C9AD1C 
 966      6179D825 
 966      CFD8A973 
 966      A348
 967 018a CF19DDED 		.ascii	"\317\031\335\355\314\177\206\3459\027gy\002#\2733t\346"
 967      CC7F86E5 
 967      39176779 
 967      0223BB33 
 967      74E6
 968 019c EA179724 		.ascii	"\352\027\227$\3478\276\362\025\227\211\274\360\322\012"
 968      E738BEF2 
 968      159789BC 
 968      F0D20A
 969 01ab 2E12499D 		.ascii	".\022I\235\0341\375\323\371h\362\263\363\336RC\242\177"
 969      1C31FDD3 
 969      F968F2B3 
 969      F3DE5243 
 969      A27F
 970 01bd EB448787 		.ascii	"\353D\207\207\317\246\207\013\305\\\361\302x\355Z\261"
 970      CFA6870B 
 970      C55CF1C2 
 970      78ED5AB1 
 971 01cd 9C9E2C57 		.ascii	"\234\236,WG\354J\326\312gjv\276\232>\227-Y\3451:\032"
 971      47EC4AD6 
 971      CA676A76 
 971      BE9A3E97 
 971      2D59E531 
 972 01e3 8BC5F9B3 		.ascii	"\213\305\371\263\\a\331>\221H$\342e;^\310\226\342v\325"
 972      5C61D93E 
 972      914824E2 
 972      653B5EC8 
 972      96E276D5 
 973 01f7 72EF4C25 		.ascii	"r\357L%[\212Y$s5{p\233\306\216[\271\344\251\323gN\222"
 973      5B8A5924 
 973      73357B70 
 973      9BC68E5B 
 973      B9E4A9D3 
 974 020e 962B8EDB 		.ascii	"\226+\216\333\230\374\017\342|\354\035"
 974      98FC0FE2 
 974      7CEC1D
 975              		.text
 976              		.section	.gnu.lto_palSetBusMode.386.98e57fcc,"e",%progbits
 977 0000 789C6550 		.ascii	"x\234eP1H\034A\024}o\376\356\336\036i\004\261\216 \222"
ARM GAS  C:\Users\Ridwane\AppData\Local\Temp\ccIMyph4.s 			page 25


 977      31481C41 
 977      147D6FFE 
 977      EEDE1E69 
 977      04B18E20 
 978 0015 CADB9C12 		.ascii	"\312\333\234\022\023\322\012\261\025\264<\220\275\365"
 978      13D20AB1 
 978      15B43C90 
 978      BDF5
 979 0023 C81D9EAE 		.ascii	"\310\035\236\256\336\346\010\030dG\243\0266\242\202"
 979      DEE60818 
 979      6447A316 
 979      36A282
 980 0032 A5626711 		.ascii	"\245bg\021\260\2601b\222#I\223.\244\017Z\005\"h\031"
 980      B0B03162 
 980      92234993 
 980      2EA40F5A 
 980      05226819 
 981 0046 222A9BD9 		.ascii	"\"*\233\331\025.\202\237\231\371\377\375\367\230\371"
 981      152E829F 
 981      99F9FFFD 
 981      F798F9
 982 0055 6F6609D4 		.ascii	"of\011\324\001\364\231\015\013\334X_UH\222$\266\024"
 982      01F4990D 
 982      0BDC585F 
 982      55489224 
 982      B614
 983 0067 374DCD0F 		.ascii	"7M\315\017\314\220p\301\312\012\"V\302\230\273\342i"
 983      CC9070C1 
 983      CA0A2256 
 983      C298BBE2 
 983      69
 984 0078 ADFF2E6F 		.ascii	"\255\377.o\375\376B\275\327\342\031\020#\013\233N'-"
 984      FDFE42BD 
 984      D7E21910 
 984      230B9B4E 
 984      272D
 985 008a 7376B1DB 		.ascii	"sv\261\333\246;\202\276\226\326\337\277\035j\235\307"
 985      A63B82BE 
 985      96D6DFBF 
 985      1D6A9DC7 
 986 009a FC11E3F7 		.ascii	"\374\021\343\367<4\217*\216\355\031\221[\275\245O2\372"
 986      3C348F2A 
 986      8EED1991 
 986      5BBDA54F 
 986      32FA
 987 00ac CD719B56 		.ascii	"\315q\233Vc\007\026\360\340\366V\323\240\222\375\037"
 987      630716F0 
 987      E0F656D3 
 987      A092FD1F 
 988 00bc 764B5F27 		.ascii	"vK_'kZ\237\377\342EO^\221G\024\362\2306\224\345@\331"
 988      6B5A9FFF 
 988      E2454F5E 
 988      914714F2 
 988      983694E5 
 989 00d2 3928C735 		.ascii	"9(\3075\031\330\226\324E\026\017\231B\365\037\022;\""
 989      19D896D4 
 989      45160F99 
ARM GAS  C:\Users\Ridwane\AppData\Local\Temp\ccIMyph4.s 			page 26


 989      42F51F12 
 989      3B22
 990 00e4 77E1955A 		.ascii	"w\341\225Z\374x\371\247(\266\031z\236\306\300;\032o"
 990      FC78F9A7 
 990      28B6197A 
 990      9EC6C03B 
 990      1A6F
 991 00f6 EEECDC27 		.ascii	"\356\354\334'bp\311Ta\213Sf\214T\227\027\347>?\371\231"
 991      6270C954 
 991      618B5366 
 991      8C549717 
 991      E73E3FF9 
 992 010b B5369FBB 		.ascii	"\2656\237\273\317\277\374\312J\306\277\275^\241\270"
 992      CFBFFCCA 
 992      4AC6BFBD 
 992      5EA1B8
 993 011a E2480E37 		.ascii	"\342H\0167j\245\033\253T\201\017\210m\232\242:\220\250"
 993      6AA51BAB 
 993      54810F88 
 993      6D9AA23A 
 993      90A8
 994 012c C5D39FC3 		.ascii	"\305\323\237\303\3317n\013\357:\000z\207\236\227\206"
 994      D9376E0B 
 994      EF3A007A 
 994      879E9786 
 995 013c AAB5726D 		.ascii	"\252\265rm\364Us\242\026\226^\207\215\311h\306\017*"
 995      F45573A2 
 995      16965E87 
 995      8DC968C6 
 995      0F2A
 996 014e E3CDA8D2 		.ascii	"\343\315\250\322(\275\360\353A8\215G\205\202gV\220\012"
 996      28BDF0EB 
 996      41388D47 
 996      85826756 
 996      900A
 997 0160 C3A8BF58 		.ascii	"\303\250\277X,za\344U\375\272\0275\2024\217\317\370"
 997      2C7A61E4 
 997      55FDBA17 
 997      3582348F 
 997      CFF8
 998 0172 F5420029 		.ascii	"\365B\000)7\243\3166,<\016\312\203O\236>\033\2005\025"
 998      37A3CE36 
 998      2C3C0ECA 
 998      834F9E3E 
 998      1B803515 
 999 0186 4E54FE01 		.ascii	"NT\376\001\251\253\251\271"
 999      A9ABA9B9 
 1000              		.text
 1001              		.section	.gnu.lto_.symbol_nodes.98e57fcc,"e",%progbits
 1002 0000 789C6B61 		.ascii	"x\234ka\000\002\246\006\346z\206\377P \3178\341\034"
 1002      0002A606 
 1002      E67A86FF 
 1002      5020CF38 
 1002      E11C
 1003 0012 03433D03 		.ascii	"\003C=\003\303\276\306FF\220d#s=#N\311&\346z&\\\222"
 1003      C3BEC646 
 1003      46906423 
ARM GAS  C:\Users\Ridwane\AppData\Local\Temp\ccIMyph4.s 			page 27


 1003      733D234E 
 1003      C926E67A 
 1004 0029 8CADCCF5 		.ascii	"\214\255\314\365\314\250\222\014\014\015\015\015 9f"
 1004      CCA8920C 
 1004      0C0D0D0D 
 1004      203966
 1005 0038 262499C5 		.ascii	"&$\231\305\214\014\000\266H;\177"
 1005      8C0C00B6 
 1005      483B7F
 1006              		.text
 1007              		.section	.gnu.lto_.refs.98e57fcc,"e",%progbits
 1008 0000 789C6364 		.ascii	"x\234cd\000\002\000\000\012\000\002"
 1008      00020000 
 1008      0A0002
 1009              		.text
 1010              		.section	.gnu.lto_.decls.98e57fcc,"e",%progbits
 1011 0000 789C9555 		.ascii	"x\234\225U{PT\327\031?\337\331\273\353\005V\026\243"
 1011      7B5054D7 
 1011      193FDFD9 
 1011      BBEB0556 
 1011      16A3
 1012 0012 A6D876A6 		.ascii	"\246\330v\24663U\207Tp\261j\2463Mm\304$N\2618kb&\035"
 1012      36335587 
 1012      5470B16A 
 1012      A6334D6D 
 1012      C4244EB1 
 1013 002b 67B66459 		.ascii	"g\266dY\205\012.a\227\264\177\364\217\263\260\342\032"
 1013      850A2E61 
 1013      97B47FF4 
 1013      8FB3B0E2 
 1013      1A
 1014 003c 1517F041 		.ascii	"\025\027\360A\200\350\012\032_AQ\223\250\274\274\025"
 1014      80E80A1A 
 1014      5F415193 
 1014      A8BCBC15 
 1015 004c 22AB468B 		.ascii	"\"\253F\213\021#\210F\020\250\240\250K4\206\004S\373"
 1015      11238846 
 1015      10A8A0A8 
 1015      4B348604 
 1015      53FB
 1016 005e 9D7BEF2E 		.ascii	"\235{\357.\3546v\332;\373\335s\357\371}\217\337\367"
 1016      EC3676DA 
 1016      3BFBDD73 
 1016      EFF97D8F 
 1016      DFF7
 1017 0070 B867FB22 		.ascii	"\270g\373\"\011YE\011\231\004\204<\301K \204\\B\341"
 1017      09594509 
 1017      9904843C 
 1017      C14B2084 
 1017      5C42E1
 1018 0083 EB19940B 		.ascii	"\353\031\224\013(\227Q\272QJP\347\031\\[Tl\010\345\011"
 1018      289751BA 
 1018      514A50E7 
 1018      195C5B54 
 1018      6C08E509 
 1019 0097 CA4CDC9F 		.ascii	"\312L\334\237\216\353\037Q\374(\361\370>\210k\002\256"
 1019      8EEB1F51 
ARM GAS  C:\Users\Ridwane\AppData\Local\Temp\ccIMyph4.s 			page 28


 1019      FC28F1F8 
 1019      3E886B02 
 1019      AE
 1020 00a8 BF44D1A0 		.ascii	"\277D\321\240LC\231\205r\027\367\215\270\336\307\365"
 1020      4C439985 
 1020      7217F78D 
 1020      B8DEC7F5 
 1021 00b8 7D5C27AB 		.ascii	"}\\'\2531\206T\277\"\356\315\035\343\217\373\366\217"
 1021      318654BF 
 1021      22EECD1D 
 1021      E38FFBF6 
 1021      8F
 1022 00c9 B109F808 		.ascii	"\261\011\370\010\217\361,\267QcMF9\2002A\345\316}_D"
 1022      8FF12CB7 
 1022      51634D46 
 1022      39803241 
 1022      E5CE7D5F 
 1023 00de 79119ECE 		.ascii	"y\021\236\3165\334\377oA\311\271\213\327\202\326\257"
 1023      35DCFF6F 
 1023      41C9B98B 
 1023      D782D6AF 
 1024 00ee DB394287 		.ascii	"\3339B\207\200\361Kr6\213\236\312~V\303X6;\335_ZV\320"
 1024      80F14B72 
 1024      368B9ECA 
 1024      7E56C358 
 1024      363BDD5F 
 1025 0105 EF9E5094 		.ascii	"\357\236P\224\207H\215\233\375\270\024\267\313\312\272"
 1025      87488D9B 
 1025      FDB814B7 
 1025      CBCABA
 1026 0114 3CD4AB61 		.ascii	"<\324\253a.\256\236\257g\037\341\222\227\316\362\013"
 1026      2EAE9EAF 
 1026      671FE192 
 1026      97CEF20B 
 1027 0124 F8FB8658 		.ascii	"\370\373\206Xo\276\354\207\265\002\223\012X\215\244"
 1027      6FBEEC87 
 1027      B502930A 
 1027      588DA4
 1028 0133 AB6C6205 		.ascii	"\253lb\005\245,\271\254\254\337'\207(\356\252Xk\360"
 1028      A52CB9AC 
 1028      ACDF2787 
 1028      28EEAA58 
 1028      6BF0
 1029 0145 E65F737B 		.ascii	"\346_s{\233\330\024/z)e.\251\010\234h\342\224X\221\004"
 1029      9BD8142F 
 1029      7A29652E 
 1029      A9089C68 
 1029      E2945891 
 1030 015a 1E6FC5C6 		.ascii	"\036o\305\306B\227+\206a\010\347s\334\304\311*X\214"
 1030      42972B86 
 1030      6108E773 
 1030      DCC4C92A 
 1030      588C
 1031 016c 87DB3226 		.ascii	"\207\3332&\342\342V\270\346I,\306\351uq\200\241\266"
 1031      E2E256B8 
 1031      E6492CC6 
 1031      E9757180 
ARM GAS  C:\Users\Ridwane\AppData\Local\Temp\ccIMyph4.s 			page 29


 1031      A1B6
 1032 017e 246FC6F8 		.ascii	"$o\306\370\251\263\262\331\355\251d,\250\005\250\342"
 1032      A9B3B2D9 
 1032      EDA9642C 
 1032      A805A8E2 
 1033 018e 66928B3B 		.ascii	"f\222\213;\341\264\347;\3315\267\323\213\346\2502\237"
 1033      E1B4E73B 
 1033      D935B7D3 
 1033      8BE6A832 
 1033      9F
 1034 019f F00B7729 		.ascii	"\360\013w)\336\346\013\264\326\323\322\251\373\212\333"
 1034      DEE60BB4 
 1034      D6D3D2A9 
 1034      FB8ADB
 1035 01ae 964E82C9 		.ascii	"\226N\202\311\236\371\004f\305\210?!\34242G\311\254"
 1035      9EF90466 
 1035      C5883F21 
 1035      E2343247 
 1035      C9AC
 1036 01c0 7225A905 		.ascii	"r%\251\005\331h\231^7\021\004\335d\230*\320\3165\207"
 1036      D968995E 
 1036      371104DD 
 1036      64982AD0 
 1036      CE3587
 1037 01d3 0B2156D1 		.ascii	"\013!V\321\220\024\270\021\352\370\203\370g\254qo\367"
 1037      9014B811 
 1037      EAF883F8 
 1037      67AC716F 
 1037      F7
 1038 01e4 13A69761 		.ascii	"\023\246\227aI\205O\202\212\013t\363\311\366\035\206"
 1038      49854F82 
 1038      8A0B74F3 
 1038      C9F61D86 
 1039 01f4 09C8DFCF 		.ascii	"\011\310\337\317\274\247\004\011\032\240\036\201\277"
 1039      BCA70409 
 1039      1AA01E81 
 1039      BF
 1040 0201 03C71E5F 		.ascii	"\003\307\036_:s\330\020A\370\353\020\301p\024\303\305"
 1040      3A73D810 
 1040      41F8EB10 
 1040      C17014C3 
 1040      C5
 1041 0212 E866001F 		.ascii	"\350f\000\037g\003\256D\314F\255\343\245\355>\301 {"
 1041      6703AE44 
 1041      CC46ADE3 
 1041      A5ED3EC1 
 1041      207B
 1042 0224 905C1144 		.ascii	"\220\\\021Dv\320\0023\352\3404|\012\002=\374\344\334"
 1042      76D00233 
 1042      EAE0347C 
 1042      0A023DFC 
 1042      E4DC
 1043 0236 AEA89F62 		.ascii	"\256\250\237b\360A\306&\371\240\031\232\320\367\031"
 1043      F041C626 
 1043      F9A0199A 
 1043      D0F719
 1044 0245 20A7E410 		.ascii	" \247\344\020\337\367u]\326\315(\365\260\341\221\226"
ARM GAS  C:\Users\Ridwane\AppData\Local\Temp\ccIMyph4.s 			page 30


 1044      DFF7755D 
 1044      D6CD28F5 
 1044      B0E19196 
 1045 0255 BECAE7BA 		.ascii	"\276\312\347\272\363\327\262V\316\024P\345\204\302\221"
 1045      F3D7B256 
 1045      CE1450E5 
 1045      84C291
 1046 0264 9C00721C 		.ascii	"\234\000r\034\216\301\262j\255x\016\320\346\354\335"
 1046      8EC1B26A 
 1046      AD780ED0 
 1046      E6ECDD
 1047 0273 E2BF7156 		.ascii	"\342\277qV>d%\320}\207<7\307+$?\303p\345\256\323>\010"
 1047      3E6425D0 
 1047      7D873C37 
 1047      C72B243F 
 1047      C370E5AE 
 1048 028a 84BB4D94 		.ascii	"\204\273M\224p\027\200\234\227\303\035z\260A\303\243"
 1048      7017809C 
 1048      97C31D7A 
 1048      B041C3A3 
 1049 029a F96B9BDE 		.ascii	"\371k\233\336\336\313\273q\001\316\251Q\316\251Qn\012"
 1049      DECBBB71 
 1049      01CEA951 
 1049      CEA9516E 
 1049      0A
 1050 02ab E215CCAC 		.ascii	"\342\025\314\254\217G\332\261\377\370\236qa\251]\034"
 1050      8F47DAB1 
 1050      FFF89E71 
 1050      61A95D1C 
 1051 02bb 4DADBAE8 		.ascii	"M\255\272\350\354\260\300C\177.3\331>TT\2452\271\204"
 1051      ECB0C043 
 1051      7F2E33D9 
 1051      3E5454A5 
 1051      32B984
 1052 02ce 68D760C7 		.ascii	"h\327`\307\025]8\223\313@\332d&\356\373\207\013\243"
 1052      155D3893 
 1052      CB40DA64 
 1052      26EEFB87 
 1052      0BA3
 1053 02e0 39959A01 		.ascii	"9\225\232\001\3149\206O\271p\031ZU2\255*\231\355\202"
 1053      CC39864F 
 1053      B970195A 
 1053      5532AD2A 
 1053      99ED82
 1054 02f3 788F1309 		.ascii	"x\217\023\011\213t\363JC[\224R\202v\370\301\376_U\373"
 1054      8B74F34A 
 1054      435B9452 
 1054      8276F8C1 
 1054      FE5F55FB 
 1055 0307 EFA2A87E 		.ascii	"\357\242\250~\271\335Wh\010\301;\341j`\000\006n\224"
 1055      B9DD5768 
 1055      08C13BE1 
 1055      6A600006 
 1055      6E94
 1056 0319 978F0B0E 		.ascii	"\227\217\013\016\3005u\000\256\243\210E\334\270\255"
 1056      C0357500 
 1056      AEA38845 
ARM GAS  C:\Users\Ridwane\AppData\Local\Temp\ccIMyph4.s 			page 31


 1056      DCB8AD
 1057 0328 E5BD3208 		.ascii	"\345\2752\010\307\277\204\353r\026\205\235\017>\210"
 1057      C7BF84EB 
 1057      7216859D 
 1057      0F3E88
 1058 0337 E4446E40 		.ascii	"\344Dn@\007\022\351\350\356m\022\302S\356\006\322%+"
 1058      0712E9E8 
 1058      EE6D12C2 
 1058      53EE06D2 
 1058      252B
 1059 0349 17B36F7A 		.ascii	"\027\263oz0e\306\206\207\213\357l\322U\260S\264\033"
 1059      3065C686 
 1059      878BEF6C 
 1059      D255B053 
 1059      B41B
 1060 035b AEA8195F 		.ascii	"\256\250\031_\341\367eN\001\307L\024;)\021\273(\037"
 1060      E1F7654E 
 1060      01C74C14 
 1060      3B2911BB 
 1060      281F
 1061 036d 393D8E5C 		.ascii	"9=\216\\\027\021o\341K'Q\007\017\037\210x\217ss\327"
 1061      17116FE1 
 1061      4B275107 
 1061      0F1F8878 
 1061      8F7373D7 
 1062 0381 7D3610DE 		.ascii	"}6\020\336\237;\320I\352\3406\014\200 \366\3359\322"
 1062      9F3BD049 
 1062      EAE0360C 
 1062      8020F6DD 
 1062      39D2
 1063 0393 1C1D1717 		.ascii	"\034\035\027\027\033\207*\303\217\266\215\354\216\256"
 1063      1B872AC3 
 1063      8FB68DEC 
 1063      8EAE
 1064 03a1 4045FD0D 		.ascii	"@E\375\015\350\203\373j\242FBf\023\204k6\256\3056\270"
 1064      E883FB6A 
 1064      A2464266 
 1064      13846B36 
 1064      AEC536B8 
 1065 03b5 F483D01F 		.ascii	"\364\203\320\037\304z\200\203\214\037\006L\022\310-"
 1065      C47A8083 
 1065      8C1F064C 
 1065      12C82D
 1066 03c4 F8273FCB 		.ascii	"\370'?\313\220\360]\360\303=N\230\033\256S\014}\320"
 1066      90F05DF0 
 1066      C33D4E98 
 1066      1BAE530C 
 1066      7DD0
 1067 03d6 3BD66903 		.ascii	";\326i\003o\333\266\374\257\033\345\302\273\244\240"
 1067      6FDBB6FC 
 1067      AF1BE5C2 
 1067      BBA4A0
 1068 03e5 839310E2 		.ascii	"\203\223\020\342\001\273\327}\253O\014\026xHu\361\025"
 1068      01BBD77D 
 1068      AB4F0C16 
 1068      784875F1 
 1068      15
ARM GAS  C:\Users\Ridwane\AppData\Local\Temp\ccIMyph4.s 			page 32


 1069 03f6 6FC01E0D 		.ascii	"o\300\036\015\257A\024\326\240\235\210G\344\227H\201"
 1069      AF4114D6 
 1069      A09D8847 
 1069      E4974881 
 1070 0406 7A3B9B7A 		.ascii	"z;\233z\005\003S\263\236\250\350\017\0031~\003b\235"
 1070      050353B3 
 1070      9EA8E80F 
 1070      03317E03 
 1070      629D
 1071 0418 8608BABD 		.ascii	"\206\010\272\275\375\273\372\204\237\003\030Pp\260\036"
 1071      FDBBFA84 
 1071      9F031850 
 1071      70B01E
 1072 0427 FF6C04D0 		.ascii	"\377l\004\320}?;\345\324\2209\211\344[\030\001\362\030"
 1072      7D3F3BE5 
 1072      D4903989 
 1072      E45B1801 
 1072      F218
 1073 0439 BE033A82 		.ascii	"\276\003:\202=\033\336\371y\215\366GJ\222\177\032\201"
 1073      3D1BDEF9 
 1073      798DF647 
 1073      4A927F1A 
 1073      81
 1074 044a AFE1217A 		.ascii	"\257\341!z\373\036\270C$\327\274\346\352\321\010^\341"
 1074      FB1EB843 
 1074      24D7BCE6 
 1074      EAD1085E 
 1074      E1
 1075 045b 7E29DC5A 		.ascii	"~)\334Z\240e\357\356\2535\004L\377\025j\372\374f\374"
 1075      A065EFEE 
 1075      AB35044C 
 1075      FF156AFA 
 1075      FC66FC
 1076 046e A6B7AE5F 		.ascii	"\246\267\256_o\301\263\3169\365\011<\202\263\252\302"
 1076      6FC1B3CE 
 1076      39F5093C 
 1076      82B3AAC2 
 1077 047e 03808F61 		.ascii	"\003\200\217a\231O\213\311L\025%\015\021?E\316\324S"
 1077      994F8BC9 
 1077      4C15250D 
 1077      113F45CE 
 1077      D453
 1078 0490 D6715463 		.ascii	"\326qTc\350\012ie>U?5T\215\025/\240j\033J\007W?x\347"
 1078      E80A6965 
 1078      3E553F35 
 1078      548D152F 
 1078      A06A1B4A 
 1079 04a9 66576458 		.ascii	"fWdX\347\203\352b'\252]\307rM\307\211\321\340\235\210"
 1079      E783EA62 
 1079      27AA5DC7 
 1079      724DC789 
 1079      D1E09D88 
 1080 04bd 3DDCE8EE 		.ascii	"=\334\350\356\226o\3135\334h\220IyZe<\013\351\364:\330"
 1080      966FCB35 
 1080      DC689049 
 1080      795A653C 
 1080      0BE9F43A 
ARM GAS  C:\Users\Ridwane\AppData\Local\Temp\ccIMyph4.s 			page 33


 1081 04d2 48375071 		.ascii	"H7Pq\220\227\256\3037x(\022'\206\017L\353\216\372\252"
 1081      9097AEC3 
 1081      37782812 
 1081      27860F4C 
 1081      EB8EFAAA 
 1082 04e6 E87254D5 		.ascii	"\350rT\325o\242\036ZB\225q\016\016LCO\001~\267\210\255"
 1082      6FA21E5A 
 1082      4295710E 
 1082      0E4C434F 
 1082      017EB788 
 1083 04fb 1F8B3543 		.ascii	"\037\2135C``\250\302\212\224\320:(\242\305\2247[\267"
 1083      6060A8C2 
 1083      8A94D03A 
 1083      28A2C594 
 1083      375BB7
 1084 050e A9E9E0C3 		.ascii	"\251\351\340\303\250\270)q\274{\215=\332\275\022\224"
 1084      A8B82971 
 1084      BC7B8D3D 
 1084      DABD1294 
 1085 051e D077E916 		.ascii	"\320w\351\026:f\030\345\306\362qQ\366\266\240\371V\272"
 1085      3A6618E5 
 1085      C6F27151 
 1085      F6B6A0F9 
 1085      56BA
 1086 0530 992AD3E6 		.ascii	"\231*\323\346\257\255*\214\36685\353\250;\324\012\273"
 1086      AFAD2A8C 
 1086      F63835EB 
 1086      A83BD40A 
 1086      BB
 1087 0541 517B7E6F 		.ascii	"Q{~o\304\024\357S\255\261\2101\342A\001\007\011\345"
 1087      C414EF53 
 1087      ADB18831 
 1087      E2410107 
 1087      09E5
 1088 0553 13947A94 		.ascii	"\023\224z\224f\224s\002\307f\340\224IT\274(\020\341"
 1088      66947302 
 1088      C766E094 
 1088      4954BC28 
 1088      10E1
 1089 0565 D9C1FC0D 		.ascii	"\331\301\374\015\347\307\307\361\017G\271\2721\335\263"
 1089      E7C7C7F1 
 1089      0F47B9BA 
 1089      31DDB3
 1090 0574 F9F298BB 		.ascii	"\371\362\230\273\350N\272[\015\354\244\362\234s\364"
 1090      E84EBA5B 
 1090      0DECA4F2 
 1090      9C73F4
 1091 0583 60002D0F 		.ascii	"`\000-\017\242\374\353Q\321\352\000Z\021\202\216\371"
 1091      A2FCEB51 
 1091      D1EA005A 
 1091      11828EF9 
 1092 0593 B6BC7407 		.ascii	"\266\274t\007:\333\215l\367\323}t\027\255\242{\350\007"
 1092      3ADB8D6C 
 1092      F7D37D74 
 1092      17ADA27B 
 1092      E807
 1093 05a5 742F3D40 		.ascii	"t/=@?\244\225\234=ws<\340\346\275\240\233\322Q\012\207"
ARM GAS  C:\Users\Ridwane\AppData\Local\Temp\ccIMyph4.s 			page 34


 1093      3FA4959C 
 1093      3D77733C 
 1093      E0E6BDA0 
 1093      9BD2510A 
 1094 05ba 02685908 		.ascii	"\002hY\010:\233\354\304\222\234\254z\333'\3016\2726"
 1094      3A9BECC4 
 1094      929CAC7A 
 1094      DB27C136 
 1094      BA36
 1095 05cc 88AD9131 		.ascii	"\210\255\22114\364\177\250\224\324E\337\017\202\306"
 1095      34F47FA8 
 1095      94D445DF 
 1095      0F82C6
 1096 05db A0D70301 		.ascii	"\240\327\003\001\257\333\307\202\262a\215/\200\025\204"
 1096      AFDBC782 
 1096      B2618D2F 
 1096      801584
 1097 05ea 78552DCF 		.ascii	"xU-\317\004\320\274\220\202\361V\365\367\236n\213\210"
 1097      04D0BC90 
 1097      82F156F5 
 1097      F79E6E8B 
 1097      88
 1098 05fb 0D4DBE13 		.ascii	"\015M\276\023\376K\366\002\275\355\275~+2xJT\253\016"
 1098      FE4BF602 
 1098      BDEDBD7E 
 1098      2B32784A 
 1098      54AB0E
 1099 060e 0FA209FF 		.ascii	"\017\242\011\377\027mh\031\2402(\375'Xw\346\330~m\270"
 1099      176D6819 
 1099      A03228FD 
 1099      275877E6 
 1099      D87E6DB8 
 1100 0622 E597A0A2 		.ascii	"\345\227\240\242k.mi\225?p\277\364CG(\355k(\331,\206"
 1100      6B2E6D69 
 1100      953F70BF 
 1100      F4434728 
 1100      ED6B28D9 
 1101 0638 E1C17F77 		.ascii	"\341\301\177w\361\013\234\026zl\355\326\241\210\360"
 1101      F10B9C16 
 1101      7A6CEDD6 
 1101      A188F0
 1102 0647 F3E8234A 		.ascii	"\363\350#J\214\017\321\276\347\273\312\253\343F\217"
 1102      8C0FD1BE 
 1102      E7BBCAAB 
 1102      E3468F
 1103 0656 17E50CFD 		.ascii	"\027\345\014\375\230r\034M\033\217]\354\240\243'H\010"
 1103      98721C4D 
 1103      1B8F5DEC 
 1103      A0A32748 
 1103      08
 1104 0667 AA9E20F5 		.ascii	"\252\236 \365\312\011\362\011}\004\377P\025\216R~\202"
 1104      CA09F209 
 1104      7D04FF50 
 1104      158E527E 
 1104      82
 1105 0678 E469C56E 		.ascii	"\344i\305nyr\243qr\375\374a\274@O\364\356\034\326\205"
 1105      7972A371 
ARM GAS  C:\Users\Ridwane\AppData\Local\Temp\ccIMyph4.s 			page 35


 1105      72FDFC61 
 1105      BC404FF4 
 1105      EE1CD685 
 1106 068c 73A9472E 		.ascii	"s\251G.uT\240\2336\334*\030?\312\245\226\236\340\335"
 1106      7554A09B 
 1106      36DC2A18 
 1106      3FCAA596 
 1106      9EE0DD
 1107 069f A21CE77F 		.ascii	"\242\034\347\177&\247J\375\321\243\\BP\316\245\346N"
 1107      26A74AFD 
 1107      D1A35C42 
 1107      50CEA5E6 
 1107      4E
 1108 06b0 1573C738 		.ascii	"\025s\3078\2476\"\223/T\370\270\314\244Q\020\350\221"
 1108      A7362293 
 1108      2F54F8B8 
 1108      CCA45110 
 1108      E891
 1109 06c2 B603D5FA 		.ascii	"\266\003\325\372`\225\273\325S\\\342\315\323\030\347"
 1109      6095BBD5 
 1109      535CE2CD 
 1109      D318E7
 1110 06d1 9288D49C 		.ascii	"\222\210\324\234\254w\346Ygf\221H\213-\307a\375\353"
 1110      AC77E659 
 1110      67669148 
 1110      8B2DC761 
 1110      FDEB
 1111 06e3 CCAC5F91 		.ascii	"\314\254_\221\310\354\324L\22355\355\245\\\373\264\370"
 1111      C8ECD44C 
 1111      933535ED 
 1111      A55CFBB4 
 1111      F8
 1112 06f4 F804FC59 		.ascii	"\370\004\374Y\3223\336\312\260\331\023\215Fc\202\315"
 1112      D233DECA 
 1112      B0D9138D 
 1112      466382CD 
 1113 0704 9E909E9A 		.ascii	"\236\220\236\232\231`\317\261\360\325\214\272\361\026"
 1113      9960CFB1 
 1113      F0D58CBA 
 1113      F116
 1114 0712 F1953FBC 		.ascii	"\361\225?\274>u\201q\036\231\030\334\212\237eyk\356"
 1114      3E758171 
 1114      1E9918DC 
 1114      8A9F6579 
 1114      6BEE
 1115 0724 9C792FCC 		.ascii	"\234y/\314&\332E)\350I\237a\313\306\010Y\251\366Uf\307"
 1115      26DA4529 
 1115      E8499F61 
 1115      CBC60859 
 1115      A9F65566 
 1116 0739 2F16FC7A 		.ascii	"/\026\374z\371\002\356s\251#7-\303\266\374/\266\234"
 1116      F902EE73 
 1116      A923372D 
 1116      C3B6FC2F 
 1116      B69C
 1117 074b 55F6EC54 		.ascii	"U\366\354T\213\325\234k\267\346,\17795\323b[M\246\377"
 1117      8BD59C6B 
ARM GAS  C:\Users\Ridwane\AppData\Local\Temp\ccIMyph4.s 			page 36


 1117      B7E62C7F 
 1117      3935D362 
 1117      5B4DA6FF 
 1118 075f 6FC14914 		.ascii	"o\301I\024.o\344d8\254\030f<>/\265:\360i\261-\315*f"
 1118      2E6FE464 
 1118      38AC1866 
 1118      3C3E2FB5 
 1118      3AF069B1 
 1119 0777 D8B27031 		.ascii	"\330\262p1;&sUsff\232\331nu\254\314\261\345f\363}\275"
 1119      3B267355 
 1119      7366669A 
 1119      D96E75AC 
 1119      CCB1E566 
 1120 078e DD91353B 		.ascii	"\335\2215;\321\2742;\303fvD*\0043\322\314\216\027\237"
 1120      D1BC323B 
 1120      C3667644 
 1120      2A0433D2 
 1120      CC8E179F 
 1121 07a2 1A986BD8 		.ascii	"\032\230k\330\023\226\276\266xvbBrrR\302+K\026\245\274"
 1121      1396BEB6 
 1121      78766242 
 1121      727252C2 
 1121      2B4B16A5 
 1122 07b7 9318E0C2 		.ascii	"\223\030\340\302\003\304\247\023\201'\251S\234\351l"
 1122      03C4A713 
 1122      8127A953 
 1122      9CE96C
 1123 07c6 2B566048 		.ascii	"+V`H}n\306j\207y"
 1123      7D6EC66A 
 1123      8779
 1124 07d0 45AADDF1 		.ascii	"E\252\335\361\202\331\361\374S\335g\254\266d\346\246"
 1124      82D9F1FC 
 1124      53DD67AC 
 1124      B664E6A6 
 1125 07e0 5983B9A5 		.ascii	"Y\203\271\245\223H\263yE\356j\213\331\034\237(\006\036"
 1125      9348B379 
 1125      45EE6A8B 
 1125      D91C9F28 
 1125      061E
 1126 07f2 054B7A6A 		.ascii	"\005Kzj\216\360\273\227M\311\"w\213\0318\264\311)\013"
 1126      8EF0BB97 
 1126      4DC92277 
 1126      8B1938B4 
 1126      C9290B
 1127 0805 7E6F125E 		.ascii	"~o\022^Zj2\301\033\360\252\326\222iM\315\221Q\343\\"
 1127      5A6A32C1 
 1127      1BF0AAD6 
 1127      92694DCD 
 1127      9151E35C 
 1128 0819 B343830C 		.ascii	"\263C\203\014~\363\377\3464Z\033\244\241II2i\026%\231"
 1128      7EF3FFE6 
 1128      345A1BA4 
 1128      A1494932 
 1128      69162599 
 1129 082d B44B5E5F 		.ascii	"\264K^_\222d\032\227\262t\311\302\205I&]\312ko.Yh\322"
 1129      92641A97 
 1129      B274C9C2 
ARM GAS  C:\Users\Ridwane\AppData\Local\Temp\ccIMyph4.s 			page 37


 1129      8549265D 
 1129      CA6B6F2E 
 1130 0844 2E4E495A 		.ascii	".NIZh\342\204^\035\245k\034}\234\365ov\344\324b"
 1130      68E2845E 
 1130      1DA56B1C 
 1130      7D9CF56F 
 1130      76E4D462 
 1131              		.text
 1132              		.section	.gnu.lto_.symtab.98e57fcc,"e",%progbits
 1133 0000 70616C52 		.ascii	"palReadBus\000"
 1133      65616442 
 1133      757300
 1134 000b 00       		.ascii	"\000"
 1135 000c 00       		.ascii	"\000"
 1136 000d 00       		.ascii	"\000"
 1137 000e 00000000 		.ascii	"\000\000\000\000\000\000\000\000"
 1137      00000000 
 1138 0016 C9000000 		.ascii	"\311\000\000\000"
 1139 001a 70616C57 		.ascii	"palWriteBus\000"
 1139      72697465 
 1139      42757300 
 1140 0026 00       		.ascii	"\000"
 1141 0027 00       		.ascii	"\000"
 1142 0028 00       		.ascii	"\000"
 1143 0029 00000000 		.ascii	"\000\000\000\000\000\000\000\000"
 1143      00000000 
 1144 0031 CE000000 		.ascii	"\316\000\000\000"
 1145 0035 70616C53 		.ascii	"palSetBusMode\000"
 1145      65744275 
 1145      734D6F64 
 1145      6500
 1146 0043 00       		.ascii	"\000"
 1147 0044 00       		.ascii	"\000"
 1148 0045 00       		.ascii	"\000"
 1149 0046 00000000 		.ascii	"\000\000\000\000\000\000\000\000"
 1149      00000000 
 1150 004e D5000000 		.ascii	"\325\000\000\000"
 1151 0052 5F70616C 		.ascii	"_pal_lld_setgroupmode\000"
 1151      5F6C6C64 
 1151      5F736574 
 1151      67726F75 
 1151      706D6F64 
 1152 0068 00       		.ascii	"\000"
 1153 0069 02       		.ascii	"\002"
 1154 006a 00       		.ascii	"\000"
 1155 006b 00000000 		.ascii	"\000\000\000\000\000\000\000\000"
 1155      00000000 
 1156 0073 E1000000 		.ascii	"\341\000\000\000"
 1157              		.text
 1158              		.section	.gnu.lto_.ext_symtab.98e57fcc,"e",%progbits
 1159 0000 01       		.ascii	"\001"
 1160 0001 01       		.ascii	"\001"
 1161 0002 00       		.ascii	"\000"
 1162 0003 01       		.ascii	"\001"
 1163 0004 00       		.ascii	"\000"
 1164 0005 01       		.ascii	"\001"
 1165 0006 00       		.ascii	"\000"
ARM GAS  C:\Users\Ridwane\AppData\Local\Temp\ccIMyph4.s 			page 38


 1166 0007 01       		.ascii	"\001"
 1167 0008 00       		.ascii	"\000"
 1168              		.text
 1169              		.section	.gnu.lto_.opts,"e",%progbits
 1170 0000 272D666E 		.ascii	"'-fno-openmp' '-fno-openacc' '-fno-pie' '-fcf-prote"
 1170      6F2D6F70 
 1170      656E6D70 
 1170      2720272D 
 1170      666E6F2D 
 1171 0033 6374696F 		.ascii	"ction=none' '-g' '-mcpu=cortex-m4' '-mthumb' '-mflo"
 1171      6E3D6E6F 
 1171      6E652720 
 1171      272D6727 
 1171      20272D6D 
 1172 0066 61742D61 		.ascii	"at-abi=soft' '-mlibarch=armv7e-m' '-march=armv7e-m'"
 1172      62693D73 
 1172      6F667427 
 1172      20272D6D 
 1172      6C696261 
 1173 0099 20272D4F 		.ascii	" '-O0' '-fomit-frame-pointer' '-falign-functions=16"
 1173      30272027 
 1173      2D666F6D 
 1173      69742D66 
 1173      72616D65 
 1174 00cc 2720272D 		.ascii	"' '-ffunction-sections' '-fdata-sections' '-fno-com"
 1174      6666756E 
 1174      6374696F 
 1174      6E2D7365 
 1174      6374696F 
 1175 00ff 6D6F6E27 		.ascii	"mon' '-flto' '-Xassembler' '-alms=./build/lst/hal_p"
 1175      20272D66 
 1175      6C746F27 
 1175      20272D58 
 1175      61737365 
 1176 0132 616C2E6C 		.ascii	"al.lst'\000"
 1176      73742700 
 1177              		.text
 1178              		.comm	__gnu_lto_slim,1,1
 1179              		.ident	"GCC: (Arm GNU Toolchain 11.3.Rel1) 11.3.1 20220712"
ARM GAS  C:\Users\Ridwane\AppData\Local\Temp\ccIMyph4.s 			page 39


DEFINED SYMBOLS
                            *ABS*:00000000 hal_pal.c
C:\Users\Ridwane\AppData\Local\Temp\ccIMyph4.s:25     .gnu.debuglto_.debug_info:00000000 hal_pal.c.0cb65783
                            *COM*:00000001 __gnu_lto_slim

NO UNDEFINED SYMBOLS
