ARM GAS  C:\Users\Ridwane\AppData\Local\Temp\cctgrXm9.s 			page 1


   1              		.cpu cortex-m4
   2              		.arch armv7e-m
   3              		.fpu softvfp
   4              		.eabi_attribute 20, 1
   5              		.eabi_attribute 21, 1
   6              		.eabi_attribute 23, 3
   7              		.eabi_attribute 24, 1
   8              		.eabi_attribute 25, 1
   9              		.eabi_attribute 26, 1
  10              		.eabi_attribute 30, 6
  11              		.eabi_attribute 34, 1
  12              		.eabi_attribute 18, 4
  13              		.file	"nvic.c"
  14              		.file 1 "c:\\chibistudio\\tools\\gnu tools arm embedded\\11.3 2022.08\\arm-none-eabi\\include\\mac
  15              		.file 2 "c:\\chibistudio\\tools\\gnu tools arm embedded\\11.3 2022.08\\arm-none-eabi\\include\\sys
  16              		.file 3 "../../chibios2111/os/common/ext/ARM/CMSIS/Core/Include/core_cm4.h"
  17              		.file 4 "../../chibios2111/os/hal/ports/common/ARMCMx/nvic.c"
  18              		.section	.gnu.debuglto_.debug_info,"e",%progbits
  19              	.Ldebug_info0:
  20              		.hidden	nvic.c.477ada9e
  21              		.weak	nvic.c.477ada9e
  22              	nvic.c.477ada9e:
  23 0000 57040000 		.4byte	0x457
  24 0004 0500     		.2byte	0x5
  25 0006 01       		.byte	0x1
  26 0007 04       		.byte	0x4
  27 0008 00000000 		.4byte	.Ldebug_abbrev0
  28 000c 10       		.uleb128 0x10
  29 000d F1000000 		.4byte	.LASF54
  30 0011 1D       		.byte	0x1d
  31 0012 DE020000 		.4byte	.LASF55
  32 0016 72000000 		.4byte	.LASF56
  33 001a 00000000 		.4byte	.Ldebug_line0
  34 001e 11       		.uleb128 0x11
  35 001f 04       		.byte	0x4
  36 0020 05       		.byte	0x5
  37 0021 696E7400 		.ascii	"int\000"
  38 0025 02       		.uleb128 0x2
  39 0026 04       		.byte	0x4
  40 0027 07       		.byte	0x7
  41 0028 36020000 		.4byte	.LASF0
  42 002c 02       		.uleb128 0x2
  43 002d 08       		.byte	0x8
  44 002e 05       		.byte	0x5
  45 002f DE000000 		.4byte	.LASF1
  46 0033 02       		.uleb128 0x2
  47 0034 08       		.byte	0x8
  48 0035 04       		.byte	0x4
  49 0036 C4000000 		.4byte	.LASF2
  50 003a 02       		.uleb128 0x2
  51 003b 01       		.byte	0x1
  52 003c 06       		.byte	0x6
  53 003d 0D020000 		.4byte	.LASF3
  54 0041 0A       		.uleb128 0xa
  55 0042 B5010000 		.4byte	.LASF8
  56 0046 01       		.byte	0x1
  57 0047 2B       		.byte	0x2b
ARM GAS  C:\Users\Ridwane\AppData\Local\Temp\cctgrXm9.s 			page 2


  58 0048 18       		.byte	0x18
  59 0049 4D000000 		.4byte	0x4d
  60 004d 02       		.uleb128 0x2
  61 004e 01       		.byte	0x1
  62 004f 08       		.byte	0x8
  63 0050 C4010000 		.4byte	.LASF4
  64 0054 02       		.uleb128 0x2
  65 0055 02       		.byte	0x2
  66 0056 05       		.byte	0x5
  67 0057 2E000000 		.4byte	.LASF5
  68 005b 02       		.uleb128 0x2
  69 005c 02       		.byte	0x2
  70 005d 07       		.byte	0x7
  71 005e 4D020000 		.4byte	.LASF6
  72 0062 02       		.uleb128 0x2
  73 0063 04       		.byte	0x4
  74 0064 05       		.byte	0x5
  75 0065 AC010000 		.4byte	.LASF7
  76 0069 0A       		.uleb128 0xa
  77 006a 50000000 		.4byte	.LASF9
  78 006e 01       		.byte	0x1
  79 006f 4F       		.byte	0x4f
  80 0070 19       		.byte	0x19
  81 0071 75000000 		.4byte	0x75
  82 0075 02       		.uleb128 0x2
  83 0076 04       		.byte	0x4
  84 0077 07       		.byte	0x7
  85 0078 CC020000 		.4byte	.LASF10
  86 007c 02       		.uleb128 0x2
  87 007d 08       		.byte	0x8
  88 007e 07       		.byte	0x7
  89 007f 19020000 		.4byte	.LASF11
  90 0083 0A       		.uleb128 0xa
  91 0084 9C000000 		.4byte	.LASF12
  92 0088 02       		.byte	0x2
  93 0089 18       		.byte	0x18
  94 008a 13       		.byte	0x13
  95 008b 41000000 		.4byte	0x41
  96 008f 05       		.uleb128 0x5
  97 0090 83000000 		.4byte	0x83
  98 0094 0A       		.uleb128 0xa
  99 0095 09000000 		.4byte	.LASF13
 100 0099 02       		.byte	0x2
 101 009a 30       		.byte	0x30
 102 009b 14       		.byte	0x14
 103 009c 69000000 		.4byte	0x69
 104 00a0 05       		.uleb128 0x5
 105 00a1 94000000 		.4byte	0x94
 106 00a5 07       		.uleb128 0x7
 107 00a6 A0000000 		.4byte	0xa0
 108 00aa 02       		.uleb128 0x2
 109 00ab 01       		.byte	0x1
 110 00ac 08       		.byte	0x8
 111 00ad 60020000 		.4byte	.LASF14
 112 00b1 07       		.uleb128 0x7
 113 00b2 AA000000 		.4byte	0xaa
 114 00b6 12       		.uleb128 0x12
ARM GAS  C:\Users\Ridwane\AppData\Local\Temp\cctgrXm9.s 			page 3


 115 00b7 040E     		.2byte	0xe04
 116 00b9 03       		.byte	0x3
 117 00ba 9601     		.2byte	0x196
 118 00bc 09       		.byte	0x9
 119 00bd 68010000 		.4byte	0x168
 120 00c1 01       		.uleb128 0x1
 121 00c2 97000000 		.4byte	.LASF15
 122 00c6 9801     		.2byte	0x198
 123 00c8 78010000 		.4byte	0x178
 124 00cc 00       		.byte	0
 125 00cd 01       		.uleb128 0x1
 126 00ce 9A020000 		.4byte	.LASF16
 127 00d2 9901     		.2byte	0x199
 128 00d4 7D010000 		.4byte	0x17d
 129 00d8 20       		.byte	0x20
 130 00d9 01       		.uleb128 0x1
 131 00da 43020000 		.4byte	.LASF17
 132 00de 9A01     		.2byte	0x19a
 133 00e0 78010000 		.4byte	0x178
 134 00e4 80       		.byte	0x80
 135 00e5 01       		.uleb128 0x1
 136 00e6 D5000000 		.4byte	.LASF18
 137 00ea 9B01     		.2byte	0x19b
 138 00ec 7D010000 		.4byte	0x17d
 139 00f0 A0       		.byte	0xa0
 140 00f1 06       		.uleb128 0x6
 141 00f2 80020000 		.4byte	.LASF19
 142 00f6 9C01     		.2byte	0x19c
 143 00f8 78010000 		.4byte	0x178
 144 00fc 0001     		.2byte	0x100
 145 00fe 06       		.uleb128 0x6
 146 00ff A4020000 		.4byte	.LASF20
 147 0103 9D01     		.2byte	0x19d
 148 0105 7D010000 		.4byte	0x17d
 149 0109 2001     		.2byte	0x120
 150 010b 06       		.uleb128 0x6
 151 010c 08020000 		.4byte	.LASF21
 152 0110 9E01     		.2byte	0x19e
 153 0112 78010000 		.4byte	0x178
 154 0116 8001     		.2byte	0x180
 155 0118 06       		.uleb128 0x6
 156 0119 AE020000 		.4byte	.LASF22
 157 011d 9F01     		.2byte	0x19f
 158 011f 7D010000 		.4byte	0x17d
 159 0123 A001     		.2byte	0x1a0
 160 0125 06       		.uleb128 0x6
 161 0126 12000000 		.4byte	.LASF23
 162 012a A001     		.2byte	0x1a0
 163 012c 78010000 		.4byte	0x178
 164 0130 0002     		.2byte	0x200
 165 0132 06       		.uleb128 0x6
 166 0133 B8020000 		.4byte	.LASF24
 167 0137 A101     		.2byte	0x1a1
 168 0139 8D010000 		.4byte	0x18d
 169 013d 2002     		.2byte	0x220
 170 013f 13       		.uleb128 0x13
 171 0140 495000   		.ascii	"IP\000"
ARM GAS  C:\Users\Ridwane\AppData\Local\Temp\cctgrXm9.s 			page 4


 172 0143 03       		.byte	0x3
 173 0144 A201     		.2byte	0x1a2
 174 0146 12       		.byte	0x12
 175 0147 AD010000 		.4byte	0x1ad
 176 014b 0003     		.2byte	0x300
 177 014d 06       		.uleb128 0x6
 178 014e C2020000 		.4byte	.LASF25
 179 0152 A301     		.2byte	0x1a3
 180 0154 B2010000 		.4byte	0x1b2
 181 0158 F003     		.2byte	0x3f0
 182 015a 06       		.uleb128 0x6
 183 015b B3000000 		.4byte	.LASF26
 184 015f A401     		.2byte	0x1a4
 185 0161 A0000000 		.4byte	0xa0
 186 0165 000E     		.2byte	0xe00
 187 0167 00       		.byte	0
 188 0168 03       		.uleb128 0x3
 189 0169 A0000000 		.4byte	0xa0
 190 016d 78010000 		.4byte	0x178
 191 0171 04       		.uleb128 0x4
 192 0172 25000000 		.4byte	0x25
 193 0176 07       		.byte	0x7
 194 0177 00       		.byte	0
 195 0178 05       		.uleb128 0x5
 196 0179 68010000 		.4byte	0x168
 197 017d 03       		.uleb128 0x3
 198 017e 94000000 		.4byte	0x94
 199 0182 8D010000 		.4byte	0x18d
 200 0186 04       		.uleb128 0x4
 201 0187 25000000 		.4byte	0x25
 202 018b 17       		.byte	0x17
 203 018c 00       		.byte	0
 204 018d 03       		.uleb128 0x3
 205 018e 94000000 		.4byte	0x94
 206 0192 9D010000 		.4byte	0x19d
 207 0196 04       		.uleb128 0x4
 208 0197 25000000 		.4byte	0x25
 209 019b 37       		.byte	0x37
 210 019c 00       		.byte	0
 211 019d 03       		.uleb128 0x3
 212 019e 8F000000 		.4byte	0x8f
 213 01a2 AD010000 		.4byte	0x1ad
 214 01a6 04       		.uleb128 0x4
 215 01a7 25000000 		.4byte	0x25
 216 01ab EF       		.byte	0xef
 217 01ac 00       		.byte	0
 218 01ad 05       		.uleb128 0x5
 219 01ae 9D010000 		.4byte	0x19d
 220 01b2 03       		.uleb128 0x3
 221 01b3 94000000 		.4byte	0x94
 222 01b7 C3010000 		.4byte	0x1c3
 223 01bb 14       		.uleb128 0x14
 224 01bc 25000000 		.4byte	0x25
 225 01c0 8302     		.2byte	0x283
 226 01c2 00       		.byte	0
 227 01c3 0C       		.uleb128 0xc
 228 01c4 FE010000 		.4byte	.LASF27
ARM GAS  C:\Users\Ridwane\AppData\Local\Temp\cctgrXm9.s 			page 5


 229 01c8 A501     		.2byte	0x1a5
 230 01ca 04       		.byte	0x4
 231 01cb B6000000 		.4byte	0xb6
 232 01cf 0E       		.uleb128 0xe
 233 01d0 8C       		.byte	0x8c
 234 01d1 B801     		.2byte	0x1b8
 235 01d3 D4020000 		.4byte	0x2d4
 236 01d7 01       		.uleb128 0x1
 237 01d8 6C000000 		.4byte	.LASF28
 238 01dc BA01     		.2byte	0x1ba
 239 01de A5000000 		.4byte	0xa5
 240 01e2 00       		.byte	0
 241 01e3 01       		.uleb128 0x1
 242 01e4 D0000000 		.4byte	.LASF29
 243 01e8 BB01     		.2byte	0x1bb
 244 01ea A0000000 		.4byte	0xa0
 245 01ee 04       		.byte	0x4
 246 01ef 01       		.uleb128 0x1
 247 01f0 65020000 		.4byte	.LASF30
 248 01f4 BC01     		.2byte	0x1bc
 249 01f6 A0000000 		.4byte	0xa0
 250 01fa 08       		.byte	0x8
 251 01fb 01       		.uleb128 0x1
 252 01fc D2010000 		.4byte	.LASF31
 253 0200 BD01     		.2byte	0x1bd
 254 0202 A0000000 		.4byte	0xa0
 255 0206 0C       		.byte	0xc
 256 0207 08       		.uleb128 0x8
 257 0208 53435200 		.ascii	"SCR\000"
 258 020c BE01     		.2byte	0x1be
 259 020e A0000000 		.4byte	0xa0
 260 0212 10       		.byte	0x10
 261 0213 08       		.uleb128 0x8
 262 0214 43435200 		.ascii	"CCR\000"
 263 0218 BF01     		.2byte	0x1bf
 264 021a A0000000 		.4byte	0xa0
 265 021e 14       		.byte	0x14
 266 021f 08       		.uleb128 0x8
 267 0220 53485000 		.ascii	"SHP\000"
 268 0224 C001     		.2byte	0x1c0
 269 0226 E4020000 		.4byte	0x2e4
 270 022a 18       		.byte	0x18
 271 022b 01       		.uleb128 0x1
 272 022c 30020000 		.4byte	.LASF32
 273 0230 C101     		.2byte	0x1c1
 274 0232 A0000000 		.4byte	0xa0
 275 0236 24       		.byte	0x24
 276 0237 01       		.uleb128 0x1
 277 0238 BF010000 		.4byte	.LASF33
 278 023c C201     		.2byte	0x1c2
 279 023e A0000000 		.4byte	0xa0
 280 0242 28       		.byte	0x28
 281 0243 01       		.uleb128 0x1
 282 0244 90020000 		.4byte	.LASF34
 283 0248 C301     		.2byte	0x1c3
 284 024a A0000000 		.4byte	0xa0
 285 024e 2C       		.byte	0x2c
ARM GAS  C:\Users\Ridwane\AppData\Local\Temp\cctgrXm9.s 			page 6


 286 024f 01       		.uleb128 0x1
 287 0250 85020000 		.4byte	.LASF35
 288 0254 C401     		.2byte	0x1c4
 289 0256 A0000000 		.4byte	0xa0
 290 025a 30       		.byte	0x30
 291 025b 01       		.uleb128 0x1
 292 025c 28000000 		.4byte	.LASF36
 293 0260 C501     		.2byte	0x1c5
 294 0262 A0000000 		.4byte	0xa0
 295 0266 34       		.byte	0x34
 296 0267 01       		.uleb128 0x1
 297 0268 EC000000 		.4byte	.LASF37
 298 026c C601     		.2byte	0x1c6
 299 026e A0000000 		.4byte	0xa0
 300 0272 38       		.byte	0x38
 301 0273 01       		.uleb128 0x1
 302 0274 12030000 		.4byte	.LASF38
 303 0278 C701     		.2byte	0x1c7
 304 027a A0000000 		.4byte	0xa0
 305 027e 3C       		.byte	0x3c
 306 027f 08       		.uleb128 0x8
 307 0280 50465200 		.ascii	"PFR\000"
 308 0284 C801     		.2byte	0x1c8
 309 0286 FE020000 		.4byte	0x2fe
 310 028a 40       		.byte	0x40
 311 028b 08       		.uleb128 0x8
 312 028c 44465200 		.ascii	"DFR\000"
 313 0290 C901     		.2byte	0x1c9
 314 0292 A5000000 		.4byte	0xa5
 315 0296 48       		.byte	0x48
 316 0297 08       		.uleb128 0x8
 317 0298 41445200 		.ascii	"ADR\000"
 318 029c CA01     		.2byte	0x1ca
 319 029e A5000000 		.4byte	0xa5
 320 02a2 4C       		.byte	0x4c
 321 02a3 01       		.uleb128 0x1
 322 02a4 95020000 		.4byte	.LASF39
 323 02a8 CB01     		.2byte	0x1cb
 324 02aa 18030000 		.4byte	0x318
 325 02ae 50       		.byte	0x50
 326 02af 01       		.uleb128 0x1
 327 02b0 7B020000 		.4byte	.LASF40
 328 02b4 CC01     		.2byte	0x1cc
 329 02b6 32030000 		.4byte	0x332
 330 02ba 60       		.byte	0x60
 331 02bb 01       		.uleb128 0x1
 332 02bc 9A020000 		.4byte	.LASF16
 333 02c0 CD01     		.2byte	0x1cd
 334 02c2 37030000 		.4byte	0x337
 335 02c6 74       		.byte	0x74
 336 02c7 01       		.uleb128 0x1
 337 02c8 17030000 		.4byte	.LASF41
 338 02cc CE01     		.2byte	0x1ce
 339 02ce A0000000 		.4byte	0xa0
 340 02d2 88       		.byte	0x88
 341 02d3 00       		.byte	0
 342 02d4 03       		.uleb128 0x3
ARM GAS  C:\Users\Ridwane\AppData\Local\Temp\cctgrXm9.s 			page 7


 343 02d5 8F000000 		.4byte	0x8f
 344 02d9 E4020000 		.4byte	0x2e4
 345 02dd 04       		.uleb128 0x4
 346 02de 25000000 		.4byte	0x25
 347 02e2 0B       		.byte	0xb
 348 02e3 00       		.byte	0
 349 02e4 05       		.uleb128 0x5
 350 02e5 D4020000 		.4byte	0x2d4
 351 02e9 03       		.uleb128 0x3
 352 02ea A5000000 		.4byte	0xa5
 353 02ee F9020000 		.4byte	0x2f9
 354 02f2 04       		.uleb128 0x4
 355 02f3 25000000 		.4byte	0x25
 356 02f7 01       		.byte	0x1
 357 02f8 00       		.byte	0
 358 02f9 07       		.uleb128 0x7
 359 02fa E9020000 		.4byte	0x2e9
 360 02fe 05       		.uleb128 0x5
 361 02ff F9020000 		.4byte	0x2f9
 362 0303 03       		.uleb128 0x3
 363 0304 A5000000 		.4byte	0xa5
 364 0308 13030000 		.4byte	0x313
 365 030c 04       		.uleb128 0x4
 366 030d 25000000 		.4byte	0x25
 367 0311 03       		.byte	0x3
 368 0312 00       		.byte	0
 369 0313 07       		.uleb128 0x7
 370 0314 03030000 		.4byte	0x303
 371 0318 05       		.uleb128 0x5
 372 0319 13030000 		.4byte	0x313
 373 031d 03       		.uleb128 0x3
 374 031e A5000000 		.4byte	0xa5
 375 0322 2D030000 		.4byte	0x32d
 376 0326 04       		.uleb128 0x4
 377 0327 25000000 		.4byte	0x25
 378 032b 04       		.byte	0x4
 379 032c 00       		.byte	0
 380 032d 07       		.uleb128 0x7
 381 032e 1D030000 		.4byte	0x31d
 382 0332 05       		.uleb128 0x5
 383 0333 2D030000 		.4byte	0x32d
 384 0337 03       		.uleb128 0x3
 385 0338 94000000 		.4byte	0x94
 386 033c 47030000 		.4byte	0x347
 387 0340 04       		.uleb128 0x4
 388 0341 25000000 		.4byte	0x25
 389 0345 04       		.byte	0x4
 390 0346 00       		.byte	0
 391 0347 0C       		.uleb128 0xc
 392 0348 00000000 		.4byte	.LASF42
 393 034c CF01     		.2byte	0x1cf
 394 034e 03       		.byte	0x3
 395 034f CF010000 		.4byte	0x1cf
 396 0353 0E       		.uleb128 0xe
 397 0354 0C       		.byte	0xc
 398 0355 CF02     		.2byte	0x2cf
 399 0357 80030000 		.4byte	0x380
ARM GAS  C:\Users\Ridwane\AppData\Local\Temp\cctgrXm9.s 			page 8


 400 035b 01       		.uleb128 0x1
 401 035c 9A020000 		.4byte	.LASF16
 402 0360 D102     		.2byte	0x2d1
 403 0362 80030000 		.4byte	0x380
 404 0366 00       		.byte	0
 405 0367 01       		.uleb128 0x1
 406 0368 48020000 		.4byte	.LASF43
 407 036c D202     		.2byte	0x2d2
 408 036e A5000000 		.4byte	0xa5
 409 0372 04       		.byte	0x4
 410 0373 01       		.uleb128 0x1
 411 0374 38000000 		.4byte	.LASF44
 412 0378 D302     		.2byte	0x2d3
 413 037a A0000000 		.4byte	0xa0
 414 037e 08       		.byte	0x8
 415 037f 00       		.byte	0
 416 0380 03       		.uleb128 0x3
 417 0381 94000000 		.4byte	0x94
 418 0385 90030000 		.4byte	0x390
 419 0389 04       		.uleb128 0x4
 420 038a 25000000 		.4byte	0x25
 421 038e 00       		.byte	0
 422 038f 00       		.byte	0
 423 0390 0C       		.uleb128 0xc
 424 0391 B8000000 		.4byte	.LASF45
 425 0395 D402     		.2byte	0x2d4
 426 0397 03       		.byte	0x3
 427 0398 53030000 		.4byte	0x353
 428 039c 02       		.uleb128 0x2
 429 039d 01       		.byte	0x1
 430 039e 02       		.byte	0x2
 431 039f 8A020000 		.4byte	.LASF46
 432 03a3 09       		.uleb128 0x9
 433 03a4 A4000000 		.4byte	.LASF47
 434 03a8 AF       		.byte	0xaf
 435 03a9 B7030000 		.4byte	0x3b7
 436 03ad 0B       		.uleb128 0xb
 437 03ae 6E00     		.ascii	"n\000"
 438 03b0 AF       		.byte	0xaf
 439 03b1 1E       		.byte	0x1e
 440 03b2 94000000 		.4byte	0x94
 441 03b6 00       		.byte	0
 442 03b7 09       		.uleb128 0x9
 443 03b8 6A020000 		.4byte	.LASF48
 444 03bc A5       		.byte	0xa5
 445 03bd CB030000 		.4byte	0x3cb
 446 03c1 0B       		.uleb128 0xb
 447 03c2 6E00     		.ascii	"n\000"
 448 03c4 A5       		.byte	0xa5
 449 03c5 20       		.byte	0x20
 450 03c6 94000000 		.4byte	0x94
 451 03ca 00       		.byte	0
 452 03cb 09       		.uleb128 0x9
 453 03cc E1010000 		.4byte	.LASF49
 454 03d0 93       		.byte	0x93
 455 03d1 F5030000 		.4byte	0x3f5
 456 03d5 0D       		.uleb128 0xd
ARM GAS  C:\Users\Ridwane\AppData\Local\Temp\cctgrXm9.s 			page 9


 457 03d6 5B000000 		.4byte	.LASF50
 458 03da 93       		.byte	0x93
 459 03db 2C       		.byte	0x2c
 460 03dc 94000000 		.4byte	0x94
 461 03e0 0D       		.uleb128 0xd
 462 03e1 1D030000 		.4byte	.LASF51
 463 03e5 93       		.byte	0x93
 464 03e6 3E       		.byte	0x3e
 465 03e7 94000000 		.4byte	0x94
 466 03eb 15       		.uleb128 0x15
 467 03ec D8010000 		.4byte	.LASF57
 468 03f0 05040000 		.4byte	0x405
 469 03f4 00       		.byte	0
 470 03f5 03       		.uleb128 0x3
 471 03f6 B1000000 		.4byte	0xb1
 472 03fa 05040000 		.4byte	0x405
 473 03fe 04       		.uleb128 0x4
 474 03ff 25000000 		.4byte	0x25
 475 0403 1C       		.byte	0x1c
 476 0404 00       		.byte	0
 477 0405 07       		.uleb128 0x7
 478 0406 F5030000 		.4byte	0x3f5
 479 040a 09       		.uleb128 0x9
 480 040b 3E000000 		.4byte	.LASF52
 481 040f 7D       		.byte	0x7d
 482 0410 1E040000 		.4byte	0x41e
 483 0414 0B       		.uleb128 0xb
 484 0415 6E00     		.ascii	"n\000"
 485 0417 7D       		.byte	0x7d
 486 0418 21       		.byte	0x21
 487 0419 94000000 		.4byte	0x94
 488 041d 00       		.byte	0
 489 041e 09       		.uleb128 0x9
 490 041f 17000000 		.4byte	.LASF53
 491 0423 66       		.byte	0x66
 492 0424 3D040000 		.4byte	0x43d
 493 0428 0B       		.uleb128 0xb
 494 0429 6E00     		.ascii	"n\000"
 495 042b 66       		.byte	0x66
 496 042c 20       		.byte	0x20
 497 042d 94000000 		.4byte	0x94
 498 0431 0D       		.uleb128 0xd
 499 0432 1D030000 		.4byte	.LASF51
 500 0436 66       		.byte	0x66
 501 0437 2C       		.byte	0x2c
 502 0438 94000000 		.4byte	0x94
 503 043c 00       		.byte	0
 504 043d 16       		.uleb128 0x16
 505 043e 63000000 		.4byte	.LASF58
 506 0442 04       		.byte	0x4
 507 0443 4F       		.byte	0x4f
 508 0444 06       		.byte	0x6
 509 0445 0F       		.uleb128 0xf
 510 0446 6E00     		.ascii	"n\000"
 511 0448 54       		.byte	0x54
 512 0449 0C       		.byte	0xc
 513 044a 94000000 		.4byte	0x94
ARM GAS  C:\Users\Ridwane\AppData\Local\Temp\cctgrXm9.s 			page 10


 514 044e 17       		.uleb128 0x17
 515 044f 0F       		.uleb128 0xf
 516 0450 6900     		.ascii	"i\000"
 517 0452 57       		.byte	0x57
 518 0453 11       		.byte	0x11
 519 0454 94000000 		.4byte	0x94
 520 0458 00       		.byte	0
 521 0459 00       		.byte	0
 522 045a 00       		.byte	0
 523              		.section	.gnu.debuglto_.debug_abbrev,"e",%progbits
 524              	.Ldebug_abbrev0:
 525 0000 01       		.uleb128 0x1
 526 0001 0D       		.uleb128 0xd
 527 0002 00       		.byte	0
 528 0003 03       		.uleb128 0x3
 529 0004 0E       		.uleb128 0xe
 530 0005 3A       		.uleb128 0x3a
 531 0006 21       		.uleb128 0x21
 532 0007 03       		.sleb128 3
 533 0008 3B       		.uleb128 0x3b
 534 0009 05       		.uleb128 0x5
 535 000a 39       		.uleb128 0x39
 536 000b 21       		.uleb128 0x21
 537 000c 12       		.sleb128 18
 538 000d 49       		.uleb128 0x49
 539 000e 13       		.uleb128 0x13
 540 000f 38       		.uleb128 0x38
 541 0010 0B       		.uleb128 0xb
 542 0011 00       		.byte	0
 543 0012 00       		.byte	0
 544 0013 02       		.uleb128 0x2
 545 0014 24       		.uleb128 0x24
 546 0015 00       		.byte	0
 547 0016 0B       		.uleb128 0xb
 548 0017 0B       		.uleb128 0xb
 549 0018 3E       		.uleb128 0x3e
 550 0019 0B       		.uleb128 0xb
 551 001a 03       		.uleb128 0x3
 552 001b 0E       		.uleb128 0xe
 553 001c 00       		.byte	0
 554 001d 00       		.byte	0
 555 001e 03       		.uleb128 0x3
 556 001f 01       		.uleb128 0x1
 557 0020 01       		.byte	0x1
 558 0021 49       		.uleb128 0x49
 559 0022 13       		.uleb128 0x13
 560 0023 01       		.uleb128 0x1
 561 0024 13       		.uleb128 0x13
 562 0025 00       		.byte	0
 563 0026 00       		.byte	0
 564 0027 04       		.uleb128 0x4
 565 0028 21       		.uleb128 0x21
 566 0029 00       		.byte	0
 567 002a 49       		.uleb128 0x49
 568 002b 13       		.uleb128 0x13
 569 002c 2F       		.uleb128 0x2f
 570 002d 0B       		.uleb128 0xb
ARM GAS  C:\Users\Ridwane\AppData\Local\Temp\cctgrXm9.s 			page 11


 571 002e 00       		.byte	0
 572 002f 00       		.byte	0
 573 0030 05       		.uleb128 0x5
 574 0031 35       		.uleb128 0x35
 575 0032 00       		.byte	0
 576 0033 49       		.uleb128 0x49
 577 0034 13       		.uleb128 0x13
 578 0035 00       		.byte	0
 579 0036 00       		.byte	0
 580 0037 06       		.uleb128 0x6
 581 0038 0D       		.uleb128 0xd
 582 0039 00       		.byte	0
 583 003a 03       		.uleb128 0x3
 584 003b 0E       		.uleb128 0xe
 585 003c 3A       		.uleb128 0x3a
 586 003d 21       		.uleb128 0x21
 587 003e 03       		.sleb128 3
 588 003f 3B       		.uleb128 0x3b
 589 0040 05       		.uleb128 0x5
 590 0041 39       		.uleb128 0x39
 591 0042 21       		.uleb128 0x21
 592 0043 12       		.sleb128 18
 593 0044 49       		.uleb128 0x49
 594 0045 13       		.uleb128 0x13
 595 0046 38       		.uleb128 0x38
 596 0047 05       		.uleb128 0x5
 597 0048 00       		.byte	0
 598 0049 00       		.byte	0
 599 004a 07       		.uleb128 0x7
 600 004b 26       		.uleb128 0x26
 601 004c 00       		.byte	0
 602 004d 49       		.uleb128 0x49
 603 004e 13       		.uleb128 0x13
 604 004f 00       		.byte	0
 605 0050 00       		.byte	0
 606 0051 08       		.uleb128 0x8
 607 0052 0D       		.uleb128 0xd
 608 0053 00       		.byte	0
 609 0054 03       		.uleb128 0x3
 610 0055 08       		.uleb128 0x8
 611 0056 3A       		.uleb128 0x3a
 612 0057 21       		.uleb128 0x21
 613 0058 03       		.sleb128 3
 614 0059 3B       		.uleb128 0x3b
 615 005a 05       		.uleb128 0x5
 616 005b 39       		.uleb128 0x39
 617 005c 21       		.uleb128 0x21
 618 005d 12       		.sleb128 18
 619 005e 49       		.uleb128 0x49
 620 005f 13       		.uleb128 0x13
 621 0060 38       		.uleb128 0x38
 622 0061 0B       		.uleb128 0xb
 623 0062 00       		.byte	0
 624 0063 00       		.byte	0
 625 0064 09       		.uleb128 0x9
 626 0065 2E       		.uleb128 0x2e
 627 0066 01       		.byte	0x1
ARM GAS  C:\Users\Ridwane\AppData\Local\Temp\cctgrXm9.s 			page 12


 628 0067 3F       		.uleb128 0x3f
 629 0068 19       		.uleb128 0x19
 630 0069 03       		.uleb128 0x3
 631 006a 0E       		.uleb128 0xe
 632 006b 3A       		.uleb128 0x3a
 633 006c 21       		.uleb128 0x21
 634 006d 04       		.sleb128 4
 635 006e 3B       		.uleb128 0x3b
 636 006f 0B       		.uleb128 0xb
 637 0070 39       		.uleb128 0x39
 638 0071 21       		.uleb128 0x21
 639 0072 06       		.sleb128 6
 640 0073 27       		.uleb128 0x27
 641 0074 19       		.uleb128 0x19
 642 0075 01       		.uleb128 0x1
 643 0076 13       		.uleb128 0x13
 644 0077 00       		.byte	0
 645 0078 00       		.byte	0
 646 0079 0A       		.uleb128 0xa
 647 007a 16       		.uleb128 0x16
 648 007b 00       		.byte	0
 649 007c 03       		.uleb128 0x3
 650 007d 0E       		.uleb128 0xe
 651 007e 3A       		.uleb128 0x3a
 652 007f 0B       		.uleb128 0xb
 653 0080 3B       		.uleb128 0x3b
 654 0081 0B       		.uleb128 0xb
 655 0082 39       		.uleb128 0x39
 656 0083 0B       		.uleb128 0xb
 657 0084 49       		.uleb128 0x49
 658 0085 13       		.uleb128 0x13
 659 0086 00       		.byte	0
 660 0087 00       		.byte	0
 661 0088 0B       		.uleb128 0xb
 662 0089 05       		.uleb128 0x5
 663 008a 00       		.byte	0
 664 008b 03       		.uleb128 0x3
 665 008c 08       		.uleb128 0x8
 666 008d 3A       		.uleb128 0x3a
 667 008e 21       		.uleb128 0x21
 668 008f 04       		.sleb128 4
 669 0090 3B       		.uleb128 0x3b
 670 0091 0B       		.uleb128 0xb
 671 0092 39       		.uleb128 0x39
 672 0093 0B       		.uleb128 0xb
 673 0094 49       		.uleb128 0x49
 674 0095 13       		.uleb128 0x13
 675 0096 00       		.byte	0
 676 0097 00       		.byte	0
 677 0098 0C       		.uleb128 0xc
 678 0099 16       		.uleb128 0x16
 679 009a 00       		.byte	0
 680 009b 03       		.uleb128 0x3
 681 009c 0E       		.uleb128 0xe
 682 009d 3A       		.uleb128 0x3a
 683 009e 21       		.uleb128 0x21
 684 009f 03       		.sleb128 3
ARM GAS  C:\Users\Ridwane\AppData\Local\Temp\cctgrXm9.s 			page 13


 685 00a0 3B       		.uleb128 0x3b
 686 00a1 05       		.uleb128 0x5
 687 00a2 39       		.uleb128 0x39
 688 00a3 0B       		.uleb128 0xb
 689 00a4 49       		.uleb128 0x49
 690 00a5 13       		.uleb128 0x13
 691 00a6 00       		.byte	0
 692 00a7 00       		.byte	0
 693 00a8 0D       		.uleb128 0xd
 694 00a9 05       		.uleb128 0x5
 695 00aa 00       		.byte	0
 696 00ab 03       		.uleb128 0x3
 697 00ac 0E       		.uleb128 0xe
 698 00ad 3A       		.uleb128 0x3a
 699 00ae 21       		.uleb128 0x21
 700 00af 04       		.sleb128 4
 701 00b0 3B       		.uleb128 0x3b
 702 00b1 0B       		.uleb128 0xb
 703 00b2 39       		.uleb128 0x39
 704 00b3 0B       		.uleb128 0xb
 705 00b4 49       		.uleb128 0x49
 706 00b5 13       		.uleb128 0x13
 707 00b6 00       		.byte	0
 708 00b7 00       		.byte	0
 709 00b8 0E       		.uleb128 0xe
 710 00b9 13       		.uleb128 0x13
 711 00ba 01       		.byte	0x1
 712 00bb 0B       		.uleb128 0xb
 713 00bc 0B       		.uleb128 0xb
 714 00bd 3A       		.uleb128 0x3a
 715 00be 21       		.uleb128 0x21
 716 00bf 03       		.sleb128 3
 717 00c0 3B       		.uleb128 0x3b
 718 00c1 05       		.uleb128 0x5
 719 00c2 39       		.uleb128 0x39
 720 00c3 21       		.uleb128 0x21
 721 00c4 09       		.sleb128 9
 722 00c5 01       		.uleb128 0x1
 723 00c6 13       		.uleb128 0x13
 724 00c7 00       		.byte	0
 725 00c8 00       		.byte	0
 726 00c9 0F       		.uleb128 0xf
 727 00ca 34       		.uleb128 0x34
 728 00cb 00       		.byte	0
 729 00cc 03       		.uleb128 0x3
 730 00cd 08       		.uleb128 0x8
 731 00ce 3A       		.uleb128 0x3a
 732 00cf 21       		.uleb128 0x21
 733 00d0 04       		.sleb128 4
 734 00d1 3B       		.uleb128 0x3b
 735 00d2 0B       		.uleb128 0xb
 736 00d3 39       		.uleb128 0x39
 737 00d4 0B       		.uleb128 0xb
 738 00d5 49       		.uleb128 0x49
 739 00d6 13       		.uleb128 0x13
 740 00d7 00       		.byte	0
 741 00d8 00       		.byte	0
ARM GAS  C:\Users\Ridwane\AppData\Local\Temp\cctgrXm9.s 			page 14


 742 00d9 10       		.uleb128 0x10
 743 00da 11       		.uleb128 0x11
 744 00db 01       		.byte	0x1
 745 00dc 25       		.uleb128 0x25
 746 00dd 0E       		.uleb128 0xe
 747 00de 13       		.uleb128 0x13
 748 00df 0B       		.uleb128 0xb
 749 00e0 03       		.uleb128 0x3
 750 00e1 0E       		.uleb128 0xe
 751 00e2 1B       		.uleb128 0x1b
 752 00e3 0E       		.uleb128 0xe
 753 00e4 10       		.uleb128 0x10
 754 00e5 17       		.uleb128 0x17
 755 00e6 00       		.byte	0
 756 00e7 00       		.byte	0
 757 00e8 11       		.uleb128 0x11
 758 00e9 24       		.uleb128 0x24
 759 00ea 00       		.byte	0
 760 00eb 0B       		.uleb128 0xb
 761 00ec 0B       		.uleb128 0xb
 762 00ed 3E       		.uleb128 0x3e
 763 00ee 0B       		.uleb128 0xb
 764 00ef 03       		.uleb128 0x3
 765 00f0 08       		.uleb128 0x8
 766 00f1 00       		.byte	0
 767 00f2 00       		.byte	0
 768 00f3 12       		.uleb128 0x12
 769 00f4 13       		.uleb128 0x13
 770 00f5 01       		.byte	0x1
 771 00f6 0B       		.uleb128 0xb
 772 00f7 05       		.uleb128 0x5
 773 00f8 3A       		.uleb128 0x3a
 774 00f9 0B       		.uleb128 0xb
 775 00fa 3B       		.uleb128 0x3b
 776 00fb 05       		.uleb128 0x5
 777 00fc 39       		.uleb128 0x39
 778 00fd 0B       		.uleb128 0xb
 779 00fe 01       		.uleb128 0x1
 780 00ff 13       		.uleb128 0x13
 781 0100 00       		.byte	0
 782 0101 00       		.byte	0
 783 0102 13       		.uleb128 0x13
 784 0103 0D       		.uleb128 0xd
 785 0104 00       		.byte	0
 786 0105 03       		.uleb128 0x3
 787 0106 08       		.uleb128 0x8
 788 0107 3A       		.uleb128 0x3a
 789 0108 0B       		.uleb128 0xb
 790 0109 3B       		.uleb128 0x3b
 791 010a 05       		.uleb128 0x5
 792 010b 39       		.uleb128 0x39
 793 010c 0B       		.uleb128 0xb
 794 010d 49       		.uleb128 0x49
 795 010e 13       		.uleb128 0x13
 796 010f 38       		.uleb128 0x38
 797 0110 05       		.uleb128 0x5
 798 0111 00       		.byte	0
ARM GAS  C:\Users\Ridwane\AppData\Local\Temp\cctgrXm9.s 			page 15


 799 0112 00       		.byte	0
 800 0113 14       		.uleb128 0x14
 801 0114 21       		.uleb128 0x21
 802 0115 00       		.byte	0
 803 0116 49       		.uleb128 0x49
 804 0117 13       		.uleb128 0x13
 805 0118 2F       		.uleb128 0x2f
 806 0119 05       		.uleb128 0x5
 807 011a 00       		.byte	0
 808 011b 00       		.byte	0
 809 011c 15       		.uleb128 0x15
 810 011d 34       		.uleb128 0x34
 811 011e 00       		.byte	0
 812 011f 03       		.uleb128 0x3
 813 0120 0E       		.uleb128 0xe
 814 0121 49       		.uleb128 0x49
 815 0122 13       		.uleb128 0x13
 816 0123 34       		.uleb128 0x34
 817 0124 19       		.uleb128 0x19
 818 0125 00       		.byte	0
 819 0126 00       		.byte	0
 820 0127 16       		.uleb128 0x16
 821 0128 2E       		.uleb128 0x2e
 822 0129 01       		.byte	0x1
 823 012a 3F       		.uleb128 0x3f
 824 012b 19       		.uleb128 0x19
 825 012c 03       		.uleb128 0x3
 826 012d 0E       		.uleb128 0xe
 827 012e 3A       		.uleb128 0x3a
 828 012f 0B       		.uleb128 0xb
 829 0130 3B       		.uleb128 0x3b
 830 0131 0B       		.uleb128 0xb
 831 0132 39       		.uleb128 0x39
 832 0133 0B       		.uleb128 0xb
 833 0134 27       		.uleb128 0x27
 834 0135 19       		.uleb128 0x19
 835 0136 00       		.byte	0
 836 0137 00       		.byte	0
 837 0138 17       		.uleb128 0x17
 838 0139 0B       		.uleb128 0xb
 839 013a 01       		.byte	0x1
 840 013b 00       		.byte	0
 841 013c 00       		.byte	0
 842 013d 00       		.byte	0
 843              		.section	.gnu.debuglto_.debug_line,"e",%progbits
 844              	.Ldebug_line0:
 845 0000 51000000 		.4byte	.LELT0-.LSLT0
 846              	.LSLT0:
 847 0004 0500     		.2byte	0x5
 848 0006 04       		.byte	0x4
 849 0007 00       		.byte	0
 850 0008 49000000 		.4byte	.LELTP0-.LASLTP0
 851              	.LASLTP0:
 852 000c 01       		.byte	0x1
 853 000d 01       		.byte	0x1
 854 000e 01       		.byte	0x1
 855 000f F6       		.byte	0xf6
ARM GAS  C:\Users\Ridwane\AppData\Local\Temp\cctgrXm9.s 			page 16


 856 0010 F2       		.byte	0xf2
 857 0011 0D       		.byte	0xd
 858 0012 00       		.byte	0
 859 0013 01       		.byte	0x1
 860 0014 01       		.byte	0x1
 861 0015 01       		.byte	0x1
 862 0016 01       		.byte	0x1
 863 0017 00       		.byte	0
 864 0018 00       		.byte	0
 865 0019 00       		.byte	0
 866 001a 01       		.byte	0x1
 867 001b 00       		.byte	0
 868 001c 00       		.byte	0
 869 001d 01       		.byte	0x1
 870 001e 01       		.byte	0x1
 871 001f 01       		.uleb128 0x1
 872 0020 1F       		.uleb128 0x1f
 873 0021 05       		.uleb128 0x5
 874 0022 75000000 		.4byte	.LASF59
 875 0026 A5000000 		.4byte	.LASF60
 876 002a 33010000 		.4byte	.LASF61
 877 002e DC000000 		.4byte	.LASF62
 878 0032 11000000 		.4byte	.LASF63
 879 0036 02       		.byte	0x2
 880 0037 01       		.uleb128 0x1
 881 0038 1F       		.uleb128 0x1f
 882 0039 02       		.uleb128 0x2
 883 003a 0B       		.uleb128 0xb
 884 003b 05       		.uleb128 0x5
 885 003c 60010000 		.4byte	.LASF64
 886 0040 00       		.byte	0
 887 0041 64000000 		.4byte	.LASF65
 888 0045 03       		.byte	0x3
 889 0046 00000000 		.4byte	.LASF66
 890 004a 04       		.byte	0x4
 891 004b 9A000000 		.4byte	.LASF67
 892 004f 01       		.byte	0x1
 893 0050 0A000000 		.4byte	.LASF68
 894 0054 02       		.byte	0x2
 895              	.LELTP0:
 896              	.LELT0:
 897              		.section	.gnu.debuglto_.debug_str,"eMS",%progbits,1
 898              	.LASF42:
 899 0000 5343425F 		.ascii	"SCB_Type\000"
 899      54797065 
 899      00
 900              	.LASF13:
 901 0009 75696E74 		.ascii	"uint32_t\000"
 901      33325F74 
 901      00
 902              	.LASF23:
 903 0012 49414252 		.ascii	"IABR\000"
 903      00
 904              	.LASF53:
 905 0017 6E766963 		.ascii	"nvicEnableVector\000"
 905      456E6162 
 905      6C655665 
ARM GAS  C:\Users\Ridwane\AppData\Local\Temp\cctgrXm9.s 			page 17


 905      63746F72 
 905      00
 906              	.LASF36:
 907 0028 4D4D4641 		.ascii	"MMFAR\000"
 907      5200
 908              	.LASF5:
 909 002e 73686F72 		.ascii	"short int\000"
 909      7420696E 
 909      7400
 910              	.LASF44:
 911 0038 4143544C 		.ascii	"ACTLR\000"
 911      5200
 912              	.LASF52:
 913 003e 6E766963 		.ascii	"nvicDisableVector\000"
 913      44697361 
 913      626C6556 
 913      6563746F 
 913      7200
 914              	.LASF9:
 915 0050 5F5F7569 		.ascii	"__uint32_t\000"
 915      6E743332 
 915      5F7400
 916              	.LASF50:
 917 005b 68616E64 		.ascii	"handler\000"
 917      6C657200 
 918              	.LASF58:
 919 0063 6E766963 		.ascii	"nvicInit\000"
 919      496E6974 
 919      00
 920              	.LASF28:
 921 006c 43505549 		.ascii	"CPUID\000"
 921      4400
 922              	.LASF56:
 923 0072 433A5C43 		.ascii	"C:\\ChibiStudio\\workspace_user\\Falcon\000"
 923      68696269 
 923      53747564 
 923      696F5C77 
 923      6F726B73 
 924              	.LASF15:
 925 0097 49534552 		.ascii	"ISER\000"
 925      00
 926              	.LASF12:
 927 009c 75696E74 		.ascii	"uint8_t\000"
 927      385F7400 
 928              	.LASF47:
 929 00a4 6E766963 		.ascii	"nvicSetPending\000"
 929      53657450 
 929      656E6469 
 929      6E6700
 930              	.LASF26:
 931 00b3 53544952 		.ascii	"STIR\000"
 931      00
 932              	.LASF45:
 933 00b8 53436E53 		.ascii	"SCnSCB_Type\000"
 933      43425F54 
 933      79706500 
 934              	.LASF2:
ARM GAS  C:\Users\Ridwane\AppData\Local\Temp\cctgrXm9.s 			page 18


 935 00c4 6C6F6E67 		.ascii	"long double\000"
 935      20646F75 
 935      626C6500 
 936              	.LASF29:
 937 00d0 49435352 		.ascii	"ICSR\000"
 937      00
 938              	.LASF18:
 939 00d5 52534552 		.ascii	"RSERVED1\000"
 939      56454431 
 939      00
 940              	.LASF1:
 941 00de 6C6F6E67 		.ascii	"long long int\000"
 941      206C6F6E 
 941      6720696E 
 941      7400
 942              	.LASF37:
 943 00ec 42464152 		.ascii	"BFAR\000"
 943      00
 944              	.LASF54:
 945 00f1 474E5520 		.ascii	"GNU C17 11.3.1 20220712 -mcpu=cortex-m4 -mthumb -mf"
 945      43313720 
 945      31312E33 
 945      2E312032 
 945      30323230 
 946 0124 6C6F6174 		.ascii	"loat-abi=soft -march=armv7e-m -ggdb -O0 -fomit-fram"
 946      2D616269 
 946      3D736F66 
 946      74202D6D 
 946      61726368 
 947 0157 652D706F 		.ascii	"e-pointer -falign-functions=16 -ffunction-sections "
 947      696E7465 
 947      72202D66 
 947      616C6967 
 947      6E2D6675 
 948 018a 2D666461 		.ascii	"-fdata-sections -fno-common -flto\000"
 948      74612D73 
 948      65637469 
 948      6F6E7320 
 948      2D666E6F 
 949              	.LASF7:
 950 01ac 6C6F6E67 		.ascii	"long int\000"
 950      20696E74 
 950      00
 951              	.LASF8:
 952 01b5 5F5F7569 		.ascii	"__uint8_t\000"
 952      6E74385F 
 952      7400
 953              	.LASF33:
 954 01bf 43465352 		.ascii	"CFSR\000"
 954      00
 955              	.LASF4:
 956 01c4 756E7369 		.ascii	"unsigned char\000"
 956      676E6564 
 956      20636861 
 956      7200
 957              	.LASF31:
 958 01d2 41495243 		.ascii	"AIRCR\000"
ARM GAS  C:\Users\Ridwane\AppData\Local\Temp\cctgrXm9.s 			page 19


 958      5200
 959              	.LASF57:
 960 01d8 5F5F6675 		.ascii	"__func__\000"
 960      6E635F5F 
 960      00
 961              	.LASF49:
 962 01e1 6E766963 		.ascii	"nvicSetSystemHandlerPriority\000"
 962      53657453 
 962      79737465 
 962      6D48616E 
 962      646C6572 
 963              	.LASF27:
 964 01fe 4E564943 		.ascii	"NVIC_Type\000"
 964      5F547970 
 964      6500
 965              	.LASF21:
 966 0208 49435052 		.ascii	"ICPR\000"
 966      00
 967              	.LASF3:
 968 020d 7369676E 		.ascii	"signed char\000"
 968      65642063 
 968      68617200 
 969              	.LASF11:
 970 0219 6C6F6E67 		.ascii	"long long unsigned int\000"
 970      206C6F6E 
 970      6720756E 
 970      7369676E 
 970      65642069 
 971              	.LASF32:
 972 0230 53484353 		.ascii	"SHCSR\000"
 972      5200
 973              	.LASF0:
 974 0236 756E7369 		.ascii	"unsigned int\000"
 974      676E6564 
 974      20696E74 
 974      00
 975              	.LASF17:
 976 0243 49434552 		.ascii	"ICER\000"
 976      00
 977              	.LASF43:
 978 0248 49435452 		.ascii	"ICTR\000"
 978      00
 979              	.LASF6:
 980 024d 73686F72 		.ascii	"short unsigned int\000"
 980      7420756E 
 980      7369676E 
 980      65642069 
 980      6E7400
 981              	.LASF14:
 982 0260 63686172 		.ascii	"char\000"
 982      00
 983              	.LASF30:
 984 0265 56544F52 		.ascii	"VTOR\000"
 984      00
 985              	.LASF48:
 986 026a 6E766963 		.ascii	"nvicClearPending\000"
 986      436C6561 
ARM GAS  C:\Users\Ridwane\AppData\Local\Temp\cctgrXm9.s 			page 20


 986      7250656E 
 986      64696E67 
 986      00
 987              	.LASF40:
 988 027b 49534152 		.ascii	"ISAR\000"
 988      00
 989              	.LASF19:
 990 0280 49535052 		.ascii	"ISPR\000"
 990      00
 991              	.LASF35:
 992 0285 44465352 		.ascii	"DFSR\000"
 992      00
 993              	.LASF46:
 994 028a 5F426F6F 		.ascii	"_Bool\000"
 994      6C00
 995              	.LASF34:
 996 0290 48465352 		.ascii	"HFSR\000"
 996      00
 997              	.LASF39:
 998 0295 4D4D4652 		.ascii	"MMFR\000"
 998      00
 999              	.LASF16:
 1000 029a 52455345 		.ascii	"RESERVED0\000"
 1000      52564544 
 1000      3000
 1001              	.LASF20:
 1002 02a4 52455345 		.ascii	"RESERVED2\000"
 1002      52564544 
 1002      3200
 1003              	.LASF22:
 1004 02ae 52455345 		.ascii	"RESERVED3\000"
 1004      52564544 
 1004      3300
 1005              	.LASF24:
 1006 02b8 52455345 		.ascii	"RESERVED4\000"
 1006      52564544 
 1006      3400
 1007              	.LASF25:
 1008 02c2 52455345 		.ascii	"RESERVED5\000"
 1008      52564544 
 1008      3500
 1009              	.LASF10:
 1010 02cc 6C6F6E67 		.ascii	"long unsigned int\000"
 1010      20756E73 
 1010      69676E65 
 1010      6420696E 
 1010      7400
 1011              	.LASF55:
 1012 02de 2E2E2F2E 		.ascii	"../../chibios2111/os/hal/ports/common/ARMCMx/nvic.c"
 1012      2E2F6368 
 1012      6962696F 
 1012      73323131 
 1012      312F6F73 
 1013 0311 00       		.ascii	"\000"
 1014              	.LASF38:
 1015 0312 41465352 		.ascii	"AFSR\000"
 1015      00
ARM GAS  C:\Users\Ridwane\AppData\Local\Temp\cctgrXm9.s 			page 21


 1016              	.LASF41:
 1017 0317 43504143 		.ascii	"CPACR\000"
 1017      5200
 1018              	.LASF51:
 1019 031d 7072696F 		.ascii	"prio\000"
 1019      00
 1020              		.section	.gnu.debuglto_.debug_line_str,"eMS",%progbits,1
 1021              	.LASF66:
 1022 0000 5F737464 		.ascii	"_stdint.h\000"
 1022      696E742E 
 1022      6800
 1023              	.LASF68:
 1024 000a 6E766963 		.ascii	"nvic.c\000"
 1024      2E6300
 1025              	.LASF63:
 1026 0011 633A5C63 		.ascii	"c:\\chibistudio\\tools\\gnu tools arm embedded\\11."
 1026      68696269 
 1026      73747564 
 1026      696F5C74 
 1026      6F6F6C73 
 1027 0040 33203230 		.ascii	"3 2022.08\\arm-none-eabi\\include\\sys\000"
 1027      32322E30 
 1027      385C6172 
 1027      6D2D6E6F 
 1027      6E652D65 
 1028              	.LASF65:
 1029 0064 5F646566 		.ascii	"_default_types.h\000"
 1029      61756C74 
 1029      5F747970 
 1029      65732E68 
 1029      00
 1030              	.LASF59:
 1031 0075 433A5C43 		.ascii	"C:\\ChibiStudio\\workspace_user\\Falcon\000"
 1031      68696269 
 1031      53747564 
 1031      696F5C77 
 1031      6F726B73 
 1032              	.LASF67:
 1033 009a 636F7265 		.ascii	"core_cm4.h\000"
 1033      5F636D34 
 1033      2E6800
 1034              	.LASF60:
 1035 00a5 2E2E2F2E 		.ascii	"../../chibios2111/os/common/ext/ARM/CMSIS/Core/Incl"
 1035      2E2F6368 
 1035      6962696F 
 1035      73323131 
 1035      312F6F73 
 1036 00d8 75646500 		.ascii	"ude\000"
 1037              	.LASF62:
 1038 00dc 633A5C63 		.ascii	"c:\\chibistudio\\tools\\gnu tools arm embedded\\11."
 1038      68696269 
 1038      73747564 
 1038      696F5C74 
 1038      6F6F6C73 
 1039 010b 33203230 		.ascii	"3 2022.08\\arm-none-eabi\\include\\machine\000"
 1039      32322E30 
 1039      385C6172 
ARM GAS  C:\Users\Ridwane\AppData\Local\Temp\cctgrXm9.s 			page 22


 1039      6D2D6E6F 
 1039      6E652D65 
 1040              	.LASF61:
 1041 0133 2E2E2F2E 		.ascii	"../../chibios2111/os/hal/ports/common/ARMCMx\000"
 1041      2E2F6368 
 1041      6962696F 
 1041      73323131 
 1041      312F6F73 
 1042              	.LASF64:
 1043 0160 2E2E2F2E 		.ascii	"../../chibios2111/os/hal/ports/common/ARMCMx/nvic.c"
 1043      2E2F6368 
 1043      6962696F 
 1043      73323131 
 1043      312F6F73 
 1044 0193 00       		.ascii	"\000"
 1045              		.text
 1046              		.section	.gnu.lto_.inline.98e569eb,"e",%progbits
 1047 0000 789CBBC2 		.ascii	"x\234\273\302\200\000l\014\014\334\015\015\015\007\230"
 1047      80006C0C 
 1047      0CDC0D0D 
 1047      0D0798
 1048 000f D2181898 		.ascii	"\322\030\030\230\204`,\026\206F \263\216\211\201\011"
 1048      84602C16 
 1048      864620B3 
 1048      8E898109 
 1049 001f A4869141 		.ascii	"\244\206\221A\000\310{\300\014R\"\003c\241*ab\340\007"
 1049      00C87BC0 
 1049      0C522203 
 1049      63A12A61 
 1049      62E007
 1050 0032 E9052B91 		.ascii	"\351\005+\221\202\261P\22503\260\201\215O\005*\341\200"
 1050      82B15095 
 1050      3033B081 
 1050      8D4F052A 
 1050      E180
 1051 0044 B15095B0 		.ascii	"\261P\225\2600\200%\230AJx`,T%\254\204\2250\000\000"
 1051      30802598 
 1051      414A7860 
 1051      2C5425AC 
 1051      84953000 
 1052 0059 3D1E30EA 		.ascii	"=\0360\352"
 1053              		.text
 1054              		.section	.gnu.lto_.jmpfuncs.98e569eb,"e",%progbits
 1055 0000 789C6362 		.ascii	"x\234cb@\006\000\000*\000\003"
 1055      40060000 
 1055      2A0003
 1056              		.text
 1057              		.section	.gnu.lto_.ipa_modref.98e569eb,"e",%progbits
 1058 0000 789C6362 		.ascii	"x\234cb@\006\000\000*\000\003"
 1058      40060000 
 1058      2A0003
 1059              		.text
 1060              		.section	.gnu.lto_.lto.98e569eb,"e",%progbits
 1061 0000 0B000300 		.ascii	"\013\000\003\000\001\000\000\000"
 1061      01000000 
 1062              		.text
 1063              		.section	.gnu.lto_nvicInit.384.98e569eb,"e",%progbits
ARM GAS  C:\Users\Ridwane\AppData\Local\Temp\cctgrXm9.s 			page 23


 1064 0000 789C4D92 		.ascii	"x\234M\222Mh\023A\024\307\337\233\331MVR\242\340\027"
 1064      4D681341 
 1064      14C7DF9B 
 1064      D94D5652 
 1064      A2E017
 1065 0013 9EF4522F 		.ascii	"\236\364R/B\226Hi\324\233\004\274\365\242\327H\210i"
 1065      42964869 
 1065      D49B04BC 
 1065      F5A2D748 
 1065      8869
 1066 0025 A0A14D36 		.ascii	"\240\241M6\3156\375PC\246\215\265\022\017\272R<\344"
 1066      CD36FD50 
 1066      43A68DB5 
 1066      120FBA52 
 1066      3CE4
 1067 0037 905044A8 		.ascii	"\220PD\250R\351\265\2666\304T\253\242(x\320K\004{\013"
 1067      52E9B5B6 
 1067      36C454AB 
 1067      A22878D0 
 1067      4B047B0B 
 1068 004b 1EAC8722 		.ascii	"\036\254\207\"\005\225\365\315\246Iw\330\331}\357\315"
 1068      0595F5CD 
 1068      A64977D8 
 1068      D97DEFCD 
 1069 005b FFFDF6CD 		.ascii	"\377\375\366\315\233\0111\200Q\000H\320\004\017\340"
 1069      9B093180 
 1069      510048D0 
 1069      040FE0
 1070 006a 03ABC4C0 		.ascii	"\003\253\304\300\266\355\202\302p\336*\331\345\323X"
 1070      B6ED82C2 
 1070      70DE2AD9 
 1070      E5D358
 1071 0079 43C7E7D2 		.ascii	"C\307\347\322\337[SX\321\272\313:+\263\226\337\371\252"
 1071      DF5B5358 
 1071      D1BACB3A 
 1071      2BB396DF 
 1071      F9AA
 1072 008b 38DDDCBE 		.ascii	"8\335\334\276\203\270\326\016#\024\030\247`\201)\260"
 1072      83B8D60E 
 1072      231418A7 
 1072      608129B0 
 1073 009b 3F16B82E 		.ascii	"?\026\270.\204\330\235}X\335@\261X\307\037\000\205\316"
 1073      84D89D7D 
 1073      58DD40B1 
 1073      58C71F00 
 1073      85CE
 1074 00ad 9A8A9EC3 		.ascii	"\232\212\236\303H\031\236\243xJE\355*\005\316\324\205"
 1074      48199EA3 
 1074      784A45ED 
 1074      2A05CED4 
 1074      85
 1075 00be F8B5549C 		.ascii	"\370\265T\234\363\337\237\326\362\253Xx\216+(\245\321"
 1075      F3DF9FD6 
 1075      F2AB5878 
 1075      8E2B28A5 
 1075      D1
 1076 00cf D79A0FD6 		.ascii	"\327\232\017\326P\346\"I3\035\351\362\243\222#]wI?\221"
ARM GAS  C:\Users\Ridwane\AppData\Local\Temp\cctgrXm9.s 			page 24


 1076      50E62249 
 1076      331DE9F2 
 1076      A392235D 
 1076      77493F91 
 1077 00e3 B486F002 		.ascii	"\264\206\360\002!\372Q\243\020\303U\304u\\\376\254\326"
 1077      21FA51A3 
 1077      10C355C4 
 1077      755CFEAC 
 1077      D6
 1078 00f4 C55FFB9E 		.ascii	"\305_\373\236\020\366\211g\315m\255\007\2011\006\214"
 1078      10F68967 
 1078      CD6DAD07 
 1078      8131068C 
 1079 0104 739A0A90 		.ascii	"s\232\012\220\302\013\244\324\244\345\223/\200\012\227"
 1079      C20BA4D4 
 1079      A4E5932F 
 1079      800A97
 1080 0113 FB77C649 		.ascii	"\373w\306Ir\253\234\355\273\010\177\330\314\316\312"
 1080      72AB9CED 
 1080      BB087FD8 
 1080      CCCECA
 1081 0122 972D95A3 		.ascii	"\227-\225\243\347\006\212zQ\370)\324\250=\361s\257*"
 1081      E7068A7A 
 1081      51F829D4 
 1081      A83DF173 
 1081      AF2A
 1082 0134 4354E312 		.ascii	"CT\343\022\322\346\027\217O\334|\211\320\377X\010-\327"
 1082      D2E6178F 
 1082      4FDC7C89 
 1082      D0FF5808 
 1082      2DD7
 1083 0146 40936A94 		.ascii	"@\223j\224\251\273_\255^j)\327<y\247\356*\347.:w\350"
 1083      A9BB5FAD 
 1083      5E6A29D7 
 1083      3C79A7EE 
 1083      2AE72E3A 
 1084 015c 4D8B73E6 		.ascii	"M\213s\346\231B\321\330\243\357\264\216\021{\252\313"
 1084      9942D1D8 
 1084      A3EFB48E 
 1084      117BAACB 
 1085 016c 6EF58C5E 		.ascii	"n\365\214^\337\224^\377\002\321\2157\230\0028Gf\353"
 1085      DF945EFF 
 1085      02D18D37 
 1085      98023847 
 1085      66EB
 1086 017e C8F05B1C 		.ascii	"\310\360[\034\227g\234\227\247c\037l\377R\3628\276\302"
 1086      97679C97 
 1086      A7631F6C 
 1086      FF52F238 
 1086      BEC2
 1087 0190 2EAA0399 		.ascii	".\252\003\231tA\336c\262\013\371\340@\360\235\314(V"
 1087      7441DE63 
 1087      B20BF9E0 
 1087      40F09DCC 
 1087      2856
 1088 01a2 6EDBE579 		.ascii	"n\333\345y\344>\256\020\025\235\222\025W\311\370\233"
 1088      E43EAE10 
ARM GAS  C:\Users\Ridwane\AppData\Local\Temp\cctgrXm9.s 			page 25


 1088      159D9215 
 1088      57C9F89B 
 1089 01b2 DDFAB6F1 		.ascii	"\335\372\266\361\023\271\302\275rCsdh\254\254R\302\323"
 1089      13B9C2BD 
 1089      72437364 
 1089      68ACAC52 
 1089      C2D3
 1090 01c4 03A455DD 		.ascii	"\003\244U\335\315\263\331\314\367\177\233\032]\036\347"
 1090      CDB3D9CC 
 1090      F77F9B1A 
 1090      5D1EE7
 1091 01d3 2A5438BA 		.ascii	"*T8\272;\015\320\033\276\020\011\017%\257%\257\214\345"
 1091      3B0DD01B 
 1091      BE10090F 
 1091      25AF25AF 
 1091      8CE5
 1092 01e5 06934664 		.ascii	"\006\223Fd\302\310\016\233\231X<\021\315\231\211l\344"
 1092      C2C80E9B 
 1092      99583C11 
 1092      CD99896C 
 1092      E4
 1093 01f6 526C246E 		.ascii	"Rl$n\244\241/\020\320\351\211K\241a\236\015\006\203"
 1093      A4A12F10 
 1093      D0E9894B 
 1093      A1619E0D 
 1093      0683
 1094 0208 BA61EA43 		.ascii	"\272a\352C\261\021=cd\307L=n\244RFZ\277xy <0\251\247"
 1094      B1113D63 
 1094      64C74C3D 
 1094      6EA45246 
 1094      5ABF7879 
 1095 0221 C793F140 		.ascii	"\307\223\361@\0340}\250m\005\372B\241\330`\354|\002"
 1095      1C307DA8 
 1095      6D05FA42 
 1095      A1D860EC 
 1095      7C02
 1096 0233 30F91F2C 		.ascii	"0\371\037,\373\017o"
 1096      FB0F6F
 1097              		.text
 1098              		.section	.gnu.lto_nvicEnableVector.385.98e569eb,"e",%progbits
 1099 0000 789C6592 		.ascii	"x\234e\222Oh\023Q\020\306\347{o7\3314%\025\305s\025"
 1099      4F681351 
 1099      10C6E77B 
 1099      6F37D934 
 1099      2515C573 
 1100 0015 15BC9825 		.ascii	"\025\274\230%Rl\365&\001=\365\242\027\017\221\222n\203"
 1100      526CF526 
 1100      013DF5A2 
 1100      170F9192 
 1100      6E83
 1101 0027 5D9B64D3 		.ascii	"]\233d\323lZ\255 y6\330B/\242\007\351\245\221\336r\020"
 1101      6C5AAD20 
 1101      7936D842 
 1101      2FA207E9 
 1101      A591DE72 
 1102 003c C45B2D55 		.ascii	"\304[-Ub\352\237\212\177\020!'\025\274(\301\203\202"
 1102      62EA9F8A 
ARM GAS  C:\Users\Ridwane\AppData\Local\Temp\cctgrXm9.s 			page 26


 1102      7F102127 
 1102      15BC28C1 
 1102      8382
 1103 004e 2808966E 		.ascii	"(\010\226ng\263\264\011\370\330\335\231\357}o\347\267"
 1103      67B3B409 
 1103      F8D8DD99 
 1103      EF7D6FE7 
 1103      B7
 1104 005f 33EC9020 		.ascii	"3\354\220 *\021\321A\276I\022\356\334^\020\344y^Y\023"
 1104      2A11D141 
 1104      BE4912EE 
 1104      DC5E10E4 
 1104      795E5913 
 1105 0073 B871188F 		.ascii	"\270q\030\217\321\316Ae\2012\226\245\251\224\372{\363"
 1105      D1CE4165 
 1105      813296A5 
 1105      A994FA7B 
 1105      F3
 1106 0084 EEBB75A8 		.ascii	"\356\273u\250Z\035\337\211\312\324^:B\373\240\361s?"
 1106      5A1DDF89 
 1106      CAD45E3A 
 1106      42FBA0F1 
 1106      733F
 1107 0096 0EE8302E 		.ascii	"\016\3500.\322\261\272R\3577V\224\212\320\365U\224\037"
 1107      D2B1BA52 
 1107      EF375694 
 1107      8AD0F555 
 1107      941F
 1108 00a8 61054402 		.ascii	"a\005D\002#5\203\355B`\177\012\354\265.\373\241A\024"
 1108      233583ED 
 1108      42607F0A 
 1108      ECB52EFB 
 1108      A14114
 1109 00bb 0DAAF206 		.ascii	"\015\252\362\006=\370\240\327\325\246wK\251\3467\374"
 1109      3DF8A0D7 
 1109      D5A6774B 
 1109      A9E637FC 
 1110 00cb 38B41724 		.ascii	"8\264\027$\204 !%G\215\204\246s\036\342\030&\241\033"
 1110      84202125 
 1110      478D84A6 
 1110      731EE218 
 1110      26A11B
 1111 00de 1C23AC7B 		.ascii	"\034#\254{8FY\367\002k\210\001\253\\\250*\375\236\332"
 1111      384659F7 
 1111      026B8801 
 1111      AB5CA82A 
 1111      FD9EDA
 1112 00f1 AB9FE53D 		.ascii	"\253\237\345=):\022\364O\314n\315\377\\\272 !{}\361"
 1112      293A12F4 
 1112      4FCC6ECD 
 1112      FF5CBA20 
 1112      217B7DF1 
 1113 0105 BB25A508 		.ascii	"\273%\245\010\315@5**\306\033\225\315\271\257\314\224"
 1113      CD40352A 
 1113      2AC61B95 
 1113      CDB9AFCC 
 1113      94
ARM GAS  C:\Users\Ridwane\AppData\Local\Temp\cctgrXm9.s 			page 27


 1114 0116 087D2468 		.ascii	"\010}$h\274\321\370\265\320\024\334\354\014\270\361"
 1114      BCD1F8B5 
 1114      D014DCEC 
 1114      0CB8F1
 1115 0125 FBE099B4 		.ascii	"\373\340\231\264\244{\355\251\257N,+eL6\340\020\015"
 1115      A47BEDA9 
 1115      AF4E2C2B 
 1115      654C36E0 
 1115      100D
 1116 0137 715AEBCB 		.ascii	"qZ\353\313\255c\324\037\255\364\013-\316{K\213\220\232"
 1116      AD63D41F 
 1116      ADF40B2D 
 1116      CE7B4B8B 
 1116      909A
 1117 0149 8C858EA2 		.ascii	"\214\205\216\242\177\207\245\343\211\377\021\225\255"
 1117      7F87A5E3 
 1117      89FF1195 
 1117      AD
 1118 0156 B926B7C3 		.ascii	"\271&\267\303\036c\364\200\373G\312\260/\371\235\200"
 1118      1E63F480 
 1118      FB47CAB0 
 1118      2FF99D80 
 1119 0166 FB567688 		.ascii	"\373Vv\210\245\016qb\003v@l\365]z\205\242O\014\007\304"
 1119      A50E7162 
 1119      0376406C 
 1119      F55D7A85 
 1119      A24F0C07 
 1120 017b 9755261A 		.ascii	"\227U&\0322\206g\330\001F\272\201=l=\307..\212\027|"
 1120      328667D8 
 1120      0146BA81 
 1120      3D6C3DC7 
 1120      2E2E8A17 
 1121 0190 FC7F58B6 		.ascii	"\374\177X\266\013\366\032\231]\330\033\\\366aQ\362\304"
 1121      0BF61A99 
 1121      5DD81B5C 
 1121      F66151F2 
 1121      C4
 1122 01a1 EC97CF67 		.ascii	"\354\227\317g\333\177CU\242{\334DG\222\247R\311q{\324"
 1122      DB7F4355 
 1122      A27BDC44 
 1122      4792A752 
 1122      C9717BD4 
 1123 01b5 3E5F9A1A 		.ascii	">_\232\032\263\235\324\025\2478\341\026\322Vfd\312\315"
 1123      B39DD415 
 1123      A738E116 
 1123      D2566664 
 1123      CACD
 1124 01c7 145367D2 		.ascii	"\024Sg\322Y\313\311\323@<n\362e\371\007\035\367x\"\221"
 1124      59CBC9D3 
 1124      403C6EF2 
 1124      65F9071D 
 1124      F7782291 
 1125 01db 301DD71C 		.ascii	"0\035\327\034Og\315\202S,\271\246\345\344rN\336<}n8"
 1125      4F67CD82 
 1125      532CB9A6 
 1125      E5E4724E 
 1125      DE3C7D6E 
ARM GAS  C:\Users\Ridwane\AppData\Local\Temp\cctgrXm9.s 			page 28


 1126 01f0 397CD5CC 		.ascii	"9|\325\314O\333V\334\"\344\367\004Y|`p0=\226>\231!\255"
 1126      4FDB56DC 
 1126      22E4F704 
 1126      597C6070 
 1126      303D963E 
 1127 0207 50B49D6D 		.ascii	"P\264\235mmr\342\277"
 1127      6D72E2BF 
 1128              		.text
 1129              		.section	.gnu.lto_nvicDisableVector.386.98e569eb,"e",%progbits
 1130 0000 789C4D91 		.ascii	"x\234M\221Mh\023A\024\307\337\177fw\273\251`\004\351"
 1130      4D681341 
 1130      14C7DF7F 
 1130      6677BBA9 
 1130      6004E9
 1131 0013 B90A16BC 		.ascii	"\271\012\026\274\230%R\254z\223\200\007\241\027\275"
 1131      982552AC 
 1131      7A938007 
 1131      A117BD
 1132 0022 46CABA0D 		.ascii	"F\312\272\01566\311\304\335F[Avl\261B/\242\210\024\204"
 1132      3636C9C4 
 1132      DD465B41 
 1132      766CB142 
 1132      2FA28814 
 1133 0037 96DE7210 		.ascii	"\226\336r\020<Z\353WL\261\332\203 \202'/\036\024\202"
 1133      3C5AEB57 
 1133      4CB1DA83 
 1133      2082272F 
 1133      1E1482
 1134 004a 27910A05 		.ascii	"'\221\012\005\253\353\333]\232t\330\335\367\261\357"
 1134      ABEBDB5D 
 1134      9A74D8DD 
 1134      F7B1EF
 1135 0059 3FBF796F 		.ascii	"?\277yo~\202H\021\321a~I\022\356\337[\020\024EQh\010"
 1135      7E824811 
 1135      D1617E49 
 1135      12EEDF5B 
 1135      10144551 
 1136 006f DC3A82E7 		.ascii	"\334:\202\347H|P(\020bE:Z\353\355\333\017\377\256C7"
 1136      487C5028 
 1136      1062453A 
 1136      5AEBEDDB 
 1136      0FFFAE43 
 1137 0084 5BF84114 		.ascii	"[\370A\024R\262LX\007a\360w\000\207L\330\027\351XK\353"
 1137      52B24C58 
 1137      0761F077 
 1137      00874CD8 
 1137      17E9584B 
 1138 0099 8F9BAB5A 		.ascii	"\217\233\253Zg\350\346\032\302gXe\220\300\330\003\233"
 1138      67E8E61A 
 1138      C2675865 
 1138      90C0D803 
 1138      9B
 1139 00aa 685F2AE3 		.ascii	"h_*\343\004=\371d\266\364NtW\353\357\337\360h(\013\022"
 1139      043DF964 
 1139      B6F44E74 
 1139      57EBEFDF 
 1139      F068280B 
ARM GAS  C:\Users\Ridwane\AppData\Local\Temp\cctgrXm9.s 			page 29


 1140 00bf 42909092 		.ascii	"B\220\220\222\255A\3020\331Z\034\367\261\2659\316\260"
 1140      AD41C230 
 1140      D95A1CF7 
 1140      B1B539CE 
 1140      B0
 1141 00d0 DF0FACB1 		.ascii	"\337\017\254\261vI\306\347L\326 \207\313R\364B\320\037"
 1141      7649C6E7 
 1141      4CD62087 
 1141      CB52F442 
 1141      D01F
 1142 00e2 31B77827 		.ascii	"1\267x'Z^\204\204\354\267\216b\2203\263[\035)\2055\003"
 1142      5A5E8484 
 1142      ECB78E62 
 1142      9033B35B 
 1142      1D298535 
 1143 00f7 DD9ED3FB 		.ascii	"\335\236\323\373\343\222\177\363\237\231\305\005_\010"
 1143      E3927FF3 
 1143      9F99C505 
 1143      5F08
 1144 0105 669CD899 		.ascii	"f\234\330\231\377-\245\021\207,\344D\373\327\302\007"
 1144      FF2DA511 
 1144      872CE444 
 1144      FBD7C207 
 1145 0115 C96DCD80 		.ascii	"\311m\315\200[|\014\356\276#\0337\336\304\321\211\025"
 1145      5B7C0CEE 
 1145      BE231B37 
 1145      DEC4D189 
 1145      15
 1146 0126 ADEDA08D 		.ascii	"\255\355\240\215\253D'\331\355d\325:\246\343!\032)\374"
 1146      AB4427D9 
 1146      ED64D53A 
 1146      A6E3211A 
 1146      29FC
 1147 0138 5D93E126 		.ascii	"]\223\341&\237\366\005v\331\026^\242\213\355\343_\257"
 1147      9FF60576 
 1147      D9165EA2 
 1147      8BEDE35F 
 1147      AF
 1148 0149 D085DA78 		.ascii	"\320\205\332x\315\345=\344.\314\337\003{\213j\027\266"
 1148      CDE53DE4 
 1148      2ECCDF03 
 1148      7B8B6A17 
 1148      B6
 1149 015a 817A0CB3 		.ascii	"\201z\014\263\223\275\2677|\231I7oo5\007z\352JO=\371"
 1149      93BDB737 
 1149      7C994937 
 1149      6F6F3507 
 1149      7AEA4A4F 
 1150 0170 1EE554DD 		.ascii	"\036\345T\335\314^\336\304\025V[%\036\\$f\277>=\227"
 1150      CC5EDEC4 
 1150      15565B25 
 1150      1E5C2466 
 1150      BF3E3D97 
 1151 0184 DCE292C4 		.ascii	"\334\342\222\304\336\221\022\015\025N\027\013\023\345"
 1151      DE91120D 
 1151      154E170B 
 1151      13E5
ARM GAS  C:\Users\Ridwane\AppData\Local\Temp\cctgrXm9.s 			page 30


 1152 0192 4BE50B53 		.ascii	"K\345\013S\215\361\262*^W\376dPw\275\322X#(\371\305"
 1152      8DF1B22A 
 1152      5E57FE64 
 1152      5077BDD2 
 1152      582328F9 
 1153 01a7 B36EC553 		.ascii	"\263n\305S5\032\316\345\034~\274\270P\005\307\363\371"
 1153      351ACEE5 
 1153      1C7EBCB8 
 1153      5005C7F3 
 1153      F9
 1154 01b8 BCA30267 		.ascii	"\274\243\002g\302\2558u\345O\005\216\247\252UUs\316"
 1154      C2AD3875 
 1154      E54F058E 
 1154      A7AA5555 
 1154      73CE
 1155 01ca 9C1F2D8C 		.ascii	"\234\037-\214N;\265ke/\347\021j\007R/7<2\342\216\273"
 1155      4E3BB56B 
 1155      652FE711 
 1155      6A07522F 
 1155      373C32E2 
 1156 01e0 A74AF41F 		.ascii	"\247J\364\037\367\231\315u"
 1156      F799CD75 
 1157              		.text
 1158              		.section	.gnu.lto_nvicSetSystemHandlerPriority.387.98e569eb,"e",%progbits
 1159 0000 789C4D50 		.ascii	"x\234MPMh\023A\024~\337\274\331M\244`\013E\360\246\027"
 1159      4D681341 
 1159      147EDFBC 
 1159      D94DA460 
 1159      0B45F0A6 
 1160 0015 8FCD9252 		.ascii	"\217\315\222Rl\355\255\004<\024z\321kD\326\315B\026"
 1160      6CEDAD04 
 1160      3C147AD1 
 1160      6B44D6CD 
 1160      4216
 1161 0027 D34CDC4D 		.ascii	"\323L\334M\232\"\224\235\246\250\320\213\330\202\307"
 1161      9A22949D 
 1161      A6A8D08B 
 1161      D882C7
 1162 0036 4A6F810A 		.ascii	"Jo\201\012^k\251\020[z/\205\"h\017\275\210\340\301\203"
 1162      5E6BA910 
 1162      5B7A2F85 
 1162      22680FBD 
 1162      88E0C183 
 1163 004a 7810FAB3 		.ascii	"x\020\372\263\235\335\034\232\307\374|\337\373\206y"
 1163      9DDD1C9A 
 1163      C7FC7CDF 
 1163      FB8679
 1164 0059 EF7BB320 		.ascii	"\357{\263 zIDcf\223$\254\275[\025\224$I,\005\326\015"
 1164      7A494463 
 1164      669324AC 
 1164      BD5B1594 
 1164      24492C05 
 1165 006f C617648C 		.ascii	"\306\027d\214\261,3\000\212\005#\306&;Z\353\377\257"
 1165      B12C3300 
 1165      8A0523C6 
 1165      263B5AEB 
 1165      FFAF
ARM GAS  C:\Users\Ridwane\AppData\Local\Temp\cctgrXm9.s 			page 31


 1166 0081 DE6F1D40 		.ascii	"\336o\035@w{\370M\024S\026\026\354QHs\336\302]\013\371"
 1166      777BF84D 
 1166      14531616 
 1166      EC514873 
 1166      DEC25D0B 
 1167 0096 2734D6D3 		.ascii	"'4\326\323\372\360d[\353\033\264\264\203\3703\266MQ"
 1167      FAF0645B 
 1167      EB1BB4B4 
 1167      83F833B6 
 1167      4D51
 1168 00a8 01FF3867 		.ascii	"\001\3778g\344\205\276|\331\227w\007\344\323\034\321"
 1168      E485BE7C 
 1168      D9977707 
 1168      E4D31CD1 
 1169 00b8 50FF5793 		.ascii	"P\377W\223\200\020\237\216\254\236>O\336j\375\363\366"
 1169      80109F8E 
 1169      AC9E3E4F 
 1169      DE6AFDF3 
 1169      F6
 1170 00c9 9F6F320F 		.ascii	"\237o2\017`\027\014\354@\222`\213\204\264\315M\264\301"
 1170      60170CEC 
 1170      4092608B 
 1170      84B4CD4D 
 1170      B4C1
 1171 00db A9832CEE 		.ascii	"\251\203,\356 \245\342\232\202>0\017\3223\321\271|\363"
 1171      20A5E29A 
 1171      823E300F 
 1171      D233D1B9 
 1171      7CF3
 1172 00ed 6BABC9C6 		.ascii	"k\253\311\306bJ\376u\231-\273\015\375}E\3374\211\225"
 1172      624AFE75 
 1172      992DBB0D 
 1172      FD7D45DF 
 1172      348995
 1173 0100 F3D7C7CC 		.ascii	"\363\327\307\3146K\373\007\231:gb\357\357\352\001\033"
 1173      364BFB07 
 1173      993A6762 
 1173      EFEFEA01 
 1173      1B
 1174 0111 776D18A7 		.ascii	"wm\030\247\037a\206\320\345V\363k\312\356oj\235\217"
 1174      1F6186D0 
 1174      E556F36B 
 1174      CAEE6F6A 
 1174      9D8F
 1175 0123 F6F08268 		.ascii	"\366\360\202h\312\300\356\260\332\307\242i\237mJD\347"
 1175      CAC0EEB0 
 1175      DAC7A269 
 1175      9F6D4A44 
 1175      E7
 1176 0134 F462369B 		.ascii	"\364b6\233\317\006c\260=\242{\245\351r\251\032<\013"
 1176      CF0663B0 
 1176      3DA27BA5 
 1176      E972A91A 
 1176      3C0B
 1177 0146 1E375B95 		.ascii	"\0367[\225@\225\333*|\0365\\\317\177\332\212\374\260"
 1177      4095DB2A 
 1177      7C1E355C 
ARM GAS  C:\Users\Ridwane\AppData\Local\Temp\cctgrXm9.s 			page 32


 1177      CF7FDA8A 
 1177      FCB0
 1178 0158 FCD0AD79 		.ascii	"\374\320\255y\252N\023\205\202c\226\227>T\321x\261X"
 1178      AA4E1385 
 1178      82639697 
 1178      3E54D178 
 1178      B158
 1179 016a 7454E454 		.ascii	"tT\344T\335\232\323Pa3r<5?\257\352\316\314\243\271\322"
 1179      DD9AD350 
 1179      6133723C 
 1179      353FAFEA 
 1179      CECCA3B9 
 1180 017f DCA2535F 		.ascii	"\334\242S_\010\274\202G\271\252[\257\324\374p\244\317"
 1180      08BC8247 
 1180      B9AA5BAF 
 1180      D4FC70A4 
 1180      CF
 1181 0190 0B139393 		.ascii	"\013\023\223\223n\305}\340\223l\204\201\272\002Qz\252"
 1181      6EC57DE0 
 1181      936C8481 
 1181      BA02517A 
 1181      AA
 1182 01a1 FD       		.ascii	"\375"
 1183              		.text
 1184              		.section	.gnu.lto_nvicClearPending.388.98e569eb,"e",%progbits
 1185 0000 789C4D50 		.ascii	"x\234MP=H[Q\024>\337=\357=\015\202\026\212\263\026*"
 1185      3D485B51 
 1185      143EDF3D 
 1185      EF3D0D82 
 1185      168AB316 
 1186 0015 74B07944 		.ascii	"t\260yD\244\376\340\"\201.\342\322\256\021y}\011$\030"
 1186      A4FEE022 
 1186      812EE2D2 
 1186      AE11797D 
 1186      092418
 1187 0028 73D33C93 		.ascii	"s\323<\223\270\310\273*&\340\"\225\"N\226l\035\204\342"
 1187      B8C8BB2A 
 1187      26E02295 
 1187      224E966C 
 1187      1D84E2
 1188 003b 66ED1203 		.ascii	"f\355\022\003\001\027\241\010\202\203\202\203Bp\024"
 1188      0117A108 
 1188      82838283 
 1188      427014
 1189 004a 874225CF 		.ascii	"\207B%\317\373\342\320\036\356\271|\3379\337\345\236"
 1189      FBE2D01E 
 1189      EEB97CDF 
 1189      39DFE59E 
 1190 005a EF4C8148 		.ascii	"\357L\201H\022\321+\235\304\204\355/\233\202\202 \360"
 1190      12D12B9D 
 1190      C484ED2F 
 1190      9B828220 
 1190      F0
 1191 006b 0D81D5D7 		.ascii	"\015\201\325\327\370\205\016\006\371\002>jl+\245\376"
 1191      F8850E06 
 1191      F9023E6A 
 1191      6C2BA5FE 
ARM GAS  C:\Users\Ridwane\AppData\Local\Temp\cctgrXm9.s 			page 33


 1192 007b 6CEC9C36 		.ascii	"l\354\2346\241\276\327qG\344S'LX/a\350\273\037\203&"
 1192      A1BED771 
 1192      47E45327 
 1192      4C582F61 
 1192      E8BB1F83 
 1193 0090 BAE7E86D 		.ascii	"\272\347\350m]\251\337'\207JEh\345\010\376O\034\352"
 1193      5DA9DF27 
 1193      874A4568 
 1193      E508FE4F 
 1193      1CEA
 1194 00a2 8F04E68F 		.ascii	"\217\004\346\217\273\210z\236\237\351\002\37583\353"
 1194      BB887A9E 
 1194      9FE902FD 
 1194      3833EB
 1195 00b1 EA31D852 		.ascii	"\3521\330R\352\352\006\027C\021\220\020\202\0043\011"
 1195      EAEA0617 
 1195      43119010 
 1195      82043309 
 1196 00c1 C3D0D8D4 		.ascii	"\303\320\330\324i\001GZ\273\307\341\\\235\030\320\364"
 1196      6901475A 
 1196      BBC7E15C 
 1196      9D18D0F4 
 1197 00d1 1B8B7F14 		.ascii	"\033\213\177\024\364W\254\357V\203\375\257`\260e\275"
 1197      F457ACEF 
 1197      5683FDAF 
 1197      60B065BD 
 1198 00e1 C1405879 		.ascii	"\301@Xy\254\3342\013\014s\330_{h1\263U\206j\254\253"
 1198      ACDC320B 
 1198      0C73D85F 
 1198      7B6831B3 
 1198      55866AAC 
 1199 00f6 DEB0DDAE 		.ascii	"\336\260\335\256\234\0136\264\374\222`\206\212vU\353"
 1199      9C0B36B4 
 1199      FC926086 
 1199      8A7655EB 
 1200 0106 4D161A37 		.ascii	"M\026\0327\3567\233\254\375\224\241\275\355C\333nqq"
 1200      EE379BAC 
 1200      FD94A1BD 
 1200      ED43DB6E 
 1200      7171
 1201 0118 B91EB277 		.ascii	"\271\036\262w5\245\272\275c|&\032\327\260\325'\033("
 1201      35A5BABD 
 1201      637C261A 
 1201      D7B0D527 
 1201      1B28
 1202 012a 85DB3329 		.ascii	"\205\3333)\020k\327\0073\235\215\3541\376\037\227h("
 1202      106BD707 
 1202      339D8DEC 
 1202      31FE1F97 
 1202      6828
 1203 013c 3E9988A7 		.ascii	">\231\210\2473\2372\037\227\212\311\214L\224ea\301\313"
 1203      339F321F 
 1203      978AC98C 
 1203      4C946561 
 1203      C1CB
 1204 014e 3B6E6ABE 		.ascii	";nj\276\350\245\012\211\367N\326\2259\032\215Fm}\334"
 1204      E8A50A89 
ARM GAS  C:\Users\Ridwane\AppData\Local\Temp\cctgrXm9.s 			page 34


 1204      F74ED695 
 1204      391A8D46 
 1204      6D7DDC
 1205 0161 5028BD91 		.ascii	"P(\275\221X,fK\317N;Y;/\013K\236\355\312\305E\231\263"
 1205      582C664B 
 1205      CF4E3B59 
 1205      3B2F0B4B 
 1205      9EEDCAC5 
 1206 0178 A73FCCC6 		.ascii	"\247?\314\306g\227\355\\)\343F]B\356\3053\212\216\216"
 1206      6797ED5C 
 1206      29E3465D 
 1206      42EEC533 
 1206      8A8E8E
 1207 018b 8D394967 		.ascii	"\2159Ig\"EO\342\341\226\037"
 1207      22454FE2 
 1207      E1961F
 1208              		.text
 1209              		.section	.gnu.lto_nvicSetPending.389.98e569eb,"e",%progbits
 1210 0000 789C4D50 		.ascii	"x\234MPMH\033A\024~\337\274\335U\021\332B\351Y\013\012"
 1210      4D481B41 
 1210      147EDFBC 
 1210      DD5511DA 
 1210      42E9590B 
 1211 0015 1E344B24 		.ascii	"\0364K$\030-^$\320K\361\242\327\210\254k\300P\223I\263"
 1211      182D5E24 
 1211      D04BF1A2 
 1211      D788AC6B 
 1211      C0509349 
 1212 002a C678911D 		.ascii	"\306x\221\035\025\025\274\024E\304\223\342\315\203?"
 1212      1515BC14 
 1212      45C493E2 
 1212      CD833F
 1213 0039 578D2031 		.ascii	"W\215 1\220\243X\012\336\012zh!x\024\017\205J\326\331"
 1213      90A3580A 
 1213      DE0A7A68 
 1213      2178140F 
 1213      854AD6D9 
 1214 004d E4601FF3 		.ascii	"\344`\037\363\206\357{\357\033\346}o\030D\222\210>\352"
 1214      86EF7BEF 
 1214      1BE67D6F 
 1214      18449288 
 1214      3EEA
 1215 005f 24266C6D 		.ascii	"$&lmn\010\012\202\3007\004\226\272p\201\006\006\371"
 1215      6E080A82 
 1215      C0370496 
 1215      BA708106 
 1215      06F9
 1216 0071 023E0ED8 		.ascii	"\002>\016\330VJ\375]\335\271\253B\035\226\361@\344S"
 1216      564AFD5D 
 1216      DDB9AB42 
 1216      1D96F140 
 1216      E453
 1217 0083 234C58EF 		.ascii	"#LX\357a\350\373\003:M\264NP_Y\251\037\227gJ\265\321"
 1217      61E8FB03 
 1217      3A4DB44E 
 1217      505F59A9 
 1217      1F97674A 
ARM GAS  C:\Users\Ridwane\AppData\Local\Temp\cctgrXm9.s 			page 35


 1218 0099 6209FE39 		.ascii	"b\011\3769\316\364G\002\223\307-D\355\315g\272@\247"
 1218      CEF44702 
 1218      93C72D44 
 1218      EDCD67BA 
 1218      40A7
 1219 00ab 3FCDB27A 		.ascii	"?\315\262z\016\276+u\375\033\017\335m !\004\011f\022"
 1219      0EBE2B75 
 1219      FD1B0FDD 
 1219      6D202104 
 1219      096612
 1220 00be 86A1B1A9 		.ascii	"\206\241\261\251\323\002JZ\273\307\341\\\215\350\320"
 1220      D3024A5A 
 1220      BBC7E15C 
 1220      8DE8D0
 1221 00cd 749FC52B 		.ascii	"t\237\305+\005\375\023+\273\3537'\333`\260e\365\240"
 1221      05FD132B 
 1221      BBEB3727 
 1221      DB60B065 
 1221      F5A0
 1222 00df 23AC3CAF 		.ascii	"#\254<\257\375a\026\350\345\260\277\374Tcf\253\010U"
 1222      FD6116E8 
 1222      E5B0BFFC 
 1222      546366AB 
 1222      0855
 1223 00f1 59516FC2 		.ascii	"YQo\302v}\355V\260\241\345\277\010f\250\250\257k\275"
 1223      767DED56 
 1223      B0A1E5BF 
 1223      0866A8A8 
 1223      AF6BBD
 1224 0104 C942E3CA 		.ascii	"\311B\343\312\343F\225\265\237\"\264\267#h\3335.,\224"
 1224      E34695B5 
 1224      9F22B4B7 
 1224      2368DB35 
 1224      2E2C94
 1225 0117 433670A0 		.ascii	"C6p\240T\253w\205oD\203\032\326\336\312\012\346\303"
 1225      54AB7785 
 1225      6F44831A 
 1225      D6DECA0A 
 1225      E6C3
 1226 0129 ED991488 		.ascii	"\355\231\024\210\345\373\333/\215\215\3541\376\037\227"
 1226      E5FBDB2F 
 1226      8D8DEC31 
 1226      FE1F97
 1227 0138 A83BF129 		.ascii	"\250;\361)\231\230IO\245\307\347\012\323i\231,\312\374"
 1227      9998494F 
 1227      A5C7E70A 
 1227      D369992C 
 1227      CAFC
 1228 014a 572FE7B8 		.ascii	"W/\347\270\251\311\202\227\312'?;\263\256\314R,\022"
 1228      A9C98297 
 1228      CA273F3B 
 1228      B3AECC52 
 1228      2C12
 1229 015c B1F57143 		.ascii	"\261\365qC\241\364\372\243\321\250-={\306\231\265s2"
 1229      A1F4FAA3 
 1229      D1A82D3D 
 1229      7BC699B5 
ARM GAS  C:\Users\Ridwane\AppData\Local\Temp\cctgrXm9.s 			page 36


 1229      7332
 1230 016e 3FE7D9AE 		.ascii	"?\347\331\256\314dd\326\036\031\033M\214.\330\331\371"
 1230      CC6464D6 
 1230      1E191B4D 
 1230      8C2ED8D9 
 1230      F9
 1231 017f B41B7109 		.ascii	"\264\033q\011\331wM\024\211\305\343\316\2643\224\242"
 1231      D9774D14 
 1231      89C5E3CE 
 1231      B43394A2 
 1232 018f 17BA9B96 		.ascii	"\027\272\233\226\013"
 1232      0B
 1233              		.text
 1234              		.section	.gnu.lto_.symbol_nodes.98e569eb,"e",%progbits
 1235 0000 789C75C9 		.ascii	"x\234u\311A\021\2000\020\003\300\\Cu 5\034\264\177\244"
 1235      41118030 
 1235      1003C05C 
 1235      43752035 
 1235      1CB47FA4 
 1236 0014 540112B0 		.ascii	"T\001\022\260\004t\206o\366\273\003\237\262Qx~k\234"
 1236      0474866F 
 1236      F6BB039F 
 1236      B251787E 
 1236      6B9C
 1237 0026 3720E0CA 		.ascii	"7 \340\312\214\231I\205\315\235*6\017\2126\033\265\330"
 1237      8C994985 
 1237      CD9D2A36 
 1237      0F8A361B 
 1237      B5D8
 1238 0038 EC547589 		.ascii	"\354Tu\211\027\303JM+"
 1238      17C34A4D 
 1238      2B
 1239              		.text
 1240              		.section	.gnu.lto_.refs.98e569eb,"e",%progbits
 1241 0000 789C6364 		.ascii	"x\234cd\000\002\000\000\012\000\002"
 1241      00020000 
 1241      0A0002
 1242              		.text
 1243              		.section	.gnu.lto_.decls.98e569eb,"e",%progbits
 1244 0000 789C9D56 		.ascii	"x\234\235V{PT\327\031\277\347\273\227\345\200Dp4#mq"
 1244      7B5054D7 
 1244      19BFE7BB 
 1244      97E58044 
 1244      7034236D 
 1245 0015 6A33E968 		.ascii	"j3\351hL\005\361Q\323N\376\020W\255\314\304\204\331"
 1245      4C05F151 
 1245      D34EFE10 
 1245      57ADCCC4 
 1245      84D9
 1246 0027 35FE913A 		.ascii	"5\376\221:C6\270\255Leq\026L\365\217\316\334\205\345"
 1246      4336B8AD 
 1246      4C657116 
 1246      4CF58FCE 
 1246      DC85E5
 1247 003a 21820231 		.ascii	"!\202\0021\212\210fE\015>P\361\021y\343\312CP\304G\250"
 1247      8A886645 
 1247      0D3E50F1 
ARM GAS  C:\Users\Ridwane\AppData\Local\Temp\cctgrXm9.s 			page 37


 1247      1179E3CA 
 1247      4350C447 
 1248 004f A888B828 		.ascii	"\250\210\270(*\340\023\243\006\005\245\337\271/vW\333"
 1248      2AE013A3 
 1248      0605A5DF 
 1248      B92F7657 
 1248      DB
 1249 0060 4EBBB3DF 		.ascii	"N\273\263\3379\367\234\337\367\375\276\307y\334\013"
 1249      39F79CDF 
 1249      F7FDBEC7 
 1249      79DC0B
 1250 006f 811C9704 		.ascii	"\201\034\227\004\034\367%\341\270a\374\371r\034\327"
 1250      1CF725E1 
 1250      B861FCF9 
 1250      721CD7
 1251 007e 8AA243A9 		.ascii	"\212\242C\251A9\215\322\202r\036\345\242\202\375\003"
 1251      41398DD2 
 1251      82721EE5 
 1251      A282FD03 
 1252 008e 750314BC 		.ascii	"u\003\024\274\001\245\033%\024\347na\337\206\322\205"
 1252      01A51B25 
 1252      14E76E61 
 1252      DF86D285 
 1253 009e 3215C714 		.ascii	"2\025\307\024e\012\312u\034\177\200\3757(\243\025Nf"
 1253      650ACA75 
 1253      1C7F80FD 
 1253      3728A315 
 1253      4E66
 1254 00b0 17A2D84D 		.ascii	"\027\242\330M\302\376\013\305\346\005\366\357a?\300"
 1254      C2FE0BC5 
 1254      E605F6EF 
 1254      613FC0
 1255 00bf C9F61F28 		.ascii	"\311\366\037(\366\357c\277U\261oQ\354')\366_\374\033"
 1255      F6EF63BF 
 1255      55B16F51 
 1255      EC2729F6 
 1255      5FFC1B
 1256 00d2 7FEE5CCF 		.ascii	"\177\356\\\317Q\276\303g?%\027f\3771\221cH\303>\025"
 1256      51BEC367 
 1256      3F251766 
 1256      FF319163 
 1256      48C33E15 
 1257 00e6 C58C92A8 		.ascii	"\305\214\222\250\350\357Tt/\272\371\372\263\342O\365"
 1257      E8EF5474 
 1257      2FBAF9FA 
 1257      B3E24FF5 
 1258 00f6 A5C656A4 		.ascii	"\245\306V\244\350\266\376\007\335\017\025]\001\252\326"
 1258      E8B6FE07 
 1258      DD0F155D 
 1258      01AAD6
 1259 0105 EE18847E 		.ascii	"\356\030\204~\"\262\237\323VO\263\013{\304\022Q\\)\236"
 1259      22B29FD3 
 1259      564FB30B 
 1259      7BC41251 
 1259      5C299E
 1260 0118 EAC9CB4F 		.ascii	"\352\311\313O\355I\037\223\223\204HI\272\370\313<\234"
 1260      ED491F93 
ARM GAS  C:\Users\Ridwane\AppData\Local\Temp\cctgrXm9.s 			page 38


 1260      93844849 
 1260      BAF8CB3C 
 1260      9C
 1261 0129 CECF7765 		.ascii	"\316\317we\203\203\027\355L=9@<\206]\322r19\225\215"
 1261      838317ED 
 1261      4C3D3940 
 1261      3C865DD2 
 1261      72313995 
 1262 013e 33831DC9 		.ascii	"3\203\035\311\022\217x\201\210\316T\261\304\251+\254"
 1262      128F7881 
 1262      88CE54B1 
 1262      C4A92BAC 
 1263 014e 1353F3C4 		.ascii	"\023S\363\304O\362\363{\232$\027\271\256\202\264@Gr"
 1263      4FF2F37B 
 1263      9A2417B9 
 1263      AE82B440 
 1263      4772
 1264 0160 47BAA34E 		.ascii	"G\272\243N\374\205\003Y\362D\2733\207\330\320\304\346"
 1264      FC850359 
 1264      F244BB33 
 1264      87D8D0C4 
 1264      E6
 1265 0171 14739C24 		.ascii	"\024s\234$\333Q\220\265\336n\017\022\321\205\355=fb"
 1265      DB5190B5 
 1265      DE6E0F12 
 1265      D185ED3D 
 1265      6662
 1266 0183 130BC4A0 		.ascii	"\023\013\304\240lf+\212\024\273t9\326$\247\030ds\330"
 1266      6C662B8A 
 1266      14BB7439 
 1266      D624A718 
 1266      6473D8
 1267 0196 1920A2B6 		.ascii	"\031 \242\266S\232\014z\014\266\302\372\364\354BQ\324"
 1267      539A0C7A 
 1267      0CB6C2FA 
 1267      F4EC4251 
 1267      D4
 1268 01a7 B408AAA4 		.ascii	"\264\010\252\244\213N;#aa\317\261\211\035\3516\007\232"
 1268      8B4E3B23 
 1268      6161CFB1 
 1268      891DE936 
 1268      079A
 1269 01b9 A3CA1C8E 		.ascii	"\243\312\034\216\375p\026\260\231#@Ev\3435\335\023f"
 1269      FD7016B0 
 1269      99234045 
 1269      76E335DD 
 1269      1366
 1270 01cb 9B378EBC 		.ascii	"\2337\216\274\233=\207#\323\202\350\2578\372>7K\316"
 1270      9B3D8723 
 1270      D382E8AF 
 1270      38FA3E37 
 1270      4BCE
 1271 01dd 2CC9C255 		.ascii	",\311\302U\020\311\310\024\240\033K@\367.\011\022`\357"
 1271      10C9C814 
 1271      A01B4B40 
 1271      F72E0912 
 1271      60EF
ARM GAS  C:\Users\Ridwane\AppData\Local\Temp\cctgrXm9.s 			page 39


 1272 01ef 40471D1F 		.ascii	"@G\035\037\202\360}Q\034\327\307U\223*\324\251!\\\277"
 1272      82F07D51 
 1272      1CD7C755 
 1272      932AD4A9 
 1272      215CBF
 1273 0202 54E26775 		.ascii	"T\342gu\305\327\002'\347e\213\003\227\322:nN\352*\023"
 1273      C5D70227 
 1273      E7658B03 
 1273      97D23A6E 
 1273      4EEA2A13 
 1274 0216 C514D4A5 		.ascii	"\305\024\324\245\250QN*%\266r\302\225\221Rb\252\246"
 1274      A8514E2A 
 1274      25B672C2 
 1274      95915262 
 1274      AAA6
 1275 0228 B48570BA 		.ascii	"\264\205p\272\311\204m\376@\3549\332\211\343\261D@G"
 1275      C9846DFE 
 1275      40EC39DA 
 1275      89E3B144 
 1275      4047
 1276 023a 13053878 		.ascii	"\023\0058x\357\246\313?\020\223}\214\031\371q\015\244"
 1276      EFA6CB3F 
 1276      10937D8C 
 1276      19F9710D 
 1276      A4
 1277 024b 9E707564 		.ascii	"\236pudr%\251%'\211\000\233\013\017G\260\245?E\372\321"
 1277      7225A925 
 1277      2789009B 
 1277      0B0F47B0 
 1277      A53F45FA 
 1278 0260 EFC09673 		.ascii	"\357\300\226s]:y\330\210\240\275\357Z\012\365\016\362"
 1278      5D3A79D8 
 1278      88A0BDEF 
 1278      5A0AF50E 
 1278      F2
 1279 0271 34E19A08 		.ascii	"4\341\232\010\013rG\367\300\031`A\226\234KN\023\203"
 1279      0B7247F7 
 1279      C0196041 
 1279      969C4B4E 
 1279      1383
 1280 0283 D8A20BA7 		.ascii	"\330\242\013\247\211S\211\317\251\304\267\235\322\273"
 1280      895389CF 
 1280      A9C4B79D 
 1280      D2BB
 1281 0291 84F376B4 		.ascii	"\204\363v\264} s\247\23773\346qVb>\274\347\373z_\211"
 1281      7D2073A7 
 1281      9F3733E6 
 1281      7156623E 
 1281      BCE7FB7A 
 1282 02a7 F995C6DC 		.ascii	"\371\225\306\334B\232\025\346f\2059\203\322\027\214"
 1282      429A15E6 
 1282      66853983 
 1282      D2178C
 1283 02b6 F9AA78B4 		.ascii	"\371\252x\264\\\220\264\367\247\214\304q^\321>\257h"
 1283      5C90B4F7 
 1283      A78CC471 
 1283      5ED13EAF 
ARM GAS  C:\Users\Ridwane\AppData\Local\Temp\cctgrXm9.s 			page 40


 1283      68
 1284 02c7 37FBD24D 		.ascii	"7\373\322M\200\332\233\354w\252FI\332-)#\334\027\025"
 1284      80DA9BEC 
 1284      77AA4649 
 1284      DA2D2923 
 1284      DC1715
 1285 02da ED8B8A76 		.ascii	"\355\213\212v\251/-b\332\335\033O\326\022I\373\206\233"
 1285      A92F2D62 
 1285      DADD1B4F 
 1285      D61249FB 
 1285      869B
 1286 02ec 76ABA2DD 		.ascii	"v\253\242\335\252h\357\364\305zSz\234Y\344:\352\232"
 1286      AA68EFF4 
 1286      C57A537A 
 1286      9C59E43A 
 1286      EA9A
 1287 02fe FD035D58 		.ascii	"\375\003]Xo\347\233\365\246\225L%\253\255;\3177PT\226"
 1287      6FE79BF5 
 1287      A6954C25 
 1287      ABAD3BCF 
 1287      37505496 
 1288 0312 64ACA4C2 		.ascii	"d\254\244\302]%\\x\270\000\275%\305U\201\343%Lt\300"
 1288      5D255C78 
 1288      B800BD25 
 1288      C55581E3 
 1288      254C74C0 
 1289 0326 292283ED 		.ascii	")\"\203\355\204\341lU\003pU]\034m`<\331\371W\217\362"
 1289      84E16C55 
 1289      0370555D 
 1289      1C6D603C 
 1289      D9F9578F 
 1290 033b 92ABB72D 		.ascii	"\222\253\267--=_\355L&S\246\004O\351\022\305\201\343"
 1290      2D3D5FED 
 1290      4C2653A6 
 1290      044FE912 
 1290      C581E3
 1291 034e 9BF6974E 		.ascii	"\233\366\227N\256M\026\233\234\244\223\\']\012\361%"
 1291      AE4D169B 
 1291      9CA4935C 
 1291      275D0AF1 
 1291      25
 1292 035f 94196C37 		.ascii	"\224\031l7\227\354-]\211X;\271\242a\341\012\204G\300"
 1292      97EC2D5D 
 1292      89583BB9 
 1292      A261E10A 
 1292      8447C0
 1293 0372 29701DE4 		.ascii	")p\035\344\032\316ua\346.r\223\334`\371\337F\263}\222"
 1293      1ACE7561 
 1293      E62E7293 
 1293      DC60F9DF 
 1293      46B37D92 
 1294 0386 D965D2E6 		.ascii	"\331e\322\346n\326\200\233p=\217\021v66\275\340\203"
 1294      6ED6809B 
 1294      703D8F11 
 1294      763636BD 
 1294      E083
 1295 0398 3D396E11 		.ascii	"=9n\021\017\022\334\354\203\025\037\217\2216\250\243"
ARM GAS  C:\Users\Ridwane\AppData\Local\Temp\cctgrXm9.s 			page 41


 1295      0F12DCEC 
 1295      83151F8F 
 1295      9136A8A3 
 1296 03a8 56E85658 		.ascii	"V\350VXn\313\351\212!\330<f\345\315\036\207\231\213"
 1296      6ECBE98A 
 1296      21D83C66 
 1296      E5CD1E87 
 1296      998B
 1297 03ba 3B08CDE7 		.ascii	";\010\315\347\031\220\354#@k\241}\340\215:\336\307:"
 1297      1990EC23 
 1297      406BA17D 
 1297      E08D3ADE 
 1297      C73A
 1298 03cc DEC3BDBB 		.ascii	"\336\303\275\273\241\"\243\370\235\361\262kV\310^\322"
 1298      A122A3F8 
 1298      9DF1B26B 
 1298      56C85ED2 
 1299 03dc 83E803C2 		.ascii	"\203\350\003\302\024$f\035c&\2144\220\356\2228\037\241"
 1299      1424661D 
 1299      63268C34 
 1299      90EE9238 
 1299      1FA1
 1300 03ee 5951BBAB 		.ascii	"YQ\273\253\235\367\346\374\0119\237\020\335\0042\314"
 1300      9DF7E6FC 
 1300      09399F10 
 1300      DD0432CC 
 1301 03fe 1A8E16B1 		.ascii	"\032\216\026\261\334\032\206\332\213\003\330\301\352"
 1301      DC1A86DA 
 1301      8B03D8C1 
 1301      EA
 1302 040b 116B6D3C 		.ascii	"\021km<7k:\367\234L\250$\317\310S\244\311\257\336P0"
 1302      376B3AF7 
 1302      9C4CA824 
 1302      CFC853A4 
 1302      C9AFDE50 
 1303 0420 4AF1FEE5 		.ascii	"J\361\376\345\317\350\347\021\273\226\011cB\323\301"
 1303      CFE8E711 
 1303      BB960963 
 1303      42D3C1
 1304 042f E1CC3C69 		.ascii	"\341\314<i\341\336f\272\245\316\376\324O5}\341i\212"
 1304      E1DE66BA 
 1304      A5CEFED4 
 1304      4F357DE1 
 1304      698A
 1305 0441 413A046C 		.ascii	"A:\004l\\R\334\243\351!)\356\331\002\270\252\223r\337"
 1305      5C52DCA3 
 1305      E92129EE 
 1305      D902B8AA 
 1305      9372DF
 1306 0454 F10E1BAF 		.ascii	"\361\016\033\257\250\360ad<\\\326|Ap+\305+2\204\250"
 1306      A8F06164 
 1306      3C5CD67C 
 1306      41702BC5 
 1306      2B3284A8 
 1307 0468 0D988254 		.ascii	"\015\230\202T\012F9\2211\002-\227\030}1\203\033b\316"
 1307      0A463991 
 1307      31022D97 
ARM GAS  C:\Users\Ridwane\AppData\Local\Temp\cctgrXm9.s 			page 42


 1307      187D3183 
 1307      1B62CE
 1308 047b 286FC634 		.ascii	"(o\3064dL\005\001^\027\324j12F;$#U:0\005\314\357\340"
 1308      644C0501 
 1308      5E17D46A 
 1308      3132463B 
 1308      2423553A 
 1309 0494 802DD75F 		.ascii	"\200-\327_\203;=a\226\003\317r\340\230G\035\255\221"
 1309      833B3D61 
 1309      9603CF72 
 1309      E098471D 
 1309      AD91
 1310 04a6 3C8E1760 		.ascii	"<\216\027`g\306\351\376\000o\217\033\320\343z\364X\376"
 1310      67C6E9FE 
 1310      006F8F1B 
 1310      D0E37AF4 
 1310      58FE
 1311 04b8 ED76A77B 		.ascii	"\355v\247{\016\231\260\016\271\262\201)H9\360\264I\""
 1311      0E99B00E 
 1311      B9B28129 
 1311      4839F0B4 
 1311      4922
 1312 04ca 72006D91 		.ascii	"r\000m\221\0360\231\313\362\014\241\035\362\014\241"
 1312      1E3099CB 
 1312      F20CA11D 
 1312      F20CA1
 1313 04d9 B7798EF6 		.ascii	"\267y\216\366I\003{\010\272w\270\010}\204\213\031r\277"
 1313      49037B08 
 1313      BA77B808 
 1313      7D848B19 
 1313      72BF
 1314 04eb ADCFA59B 		.ascii	"\255\317\245\233\242\376\202Y\263\003ww\323\001|C\330"
 1314      A2FE8259 
 1314      B3037777 
 1314      D3017C43 
 1314      D8
 1315 04fc 03D6420A 		.ascii	"\003\326B\012\354\0019\013\366\255!\237\230j\031\314"
 1315      EC01390B 
 1315      F6AD219F 
 1315      986A19CC 
 1316 050c 868D08CA 		.ascii	"\206\215\010\312\361|\243\201'T0K\00334\260R\005\363"
 1316      F17CA381 
 1316      2754304B 
 1316      033334B0 
 1316      5205F3
 1317 051f 3470B304 		.ascii	"4p\263\0042\237g\030h\013xI\372\311\036\220W\377\241"
 1317      329F6718 
 1317      680B7849 
 1317      FAC91E90 
 1317      57FFA1
 1318 0532 764A9B65 		.ascii	"vJ\233e\313\007\244\017AyK\337%\252e\231\032\355V-Z"
 1318      CB07A40F 
 1318      41794BDF 
 1318      25AA6599 
 1318      1AED562D 
 1319 0547 E90CE3F9 		.ascii	"\351\014\343\371/9\233\225\306\260N\262\0351\271\264"
 1319      2F399B95 
ARM GAS  C:\Users\Ridwane\AppData\Local\Temp\cctgrXm9.s 			page 43


 1319      C6B04EB2 
 1319      1D31B9B4 
 1320 0557 7734D672 		.ascii	"w4\326r5\236+D\215'\031<N\3776(\300\211=PIvC\021\354"
 1320      359E2B44 
 1320      8D27193C 
 1320      4EFF3628 
 1320      C0893D50 
 1321 0570 87422806 		.ascii	"\207B(\006\007\354\203\035\360\035\354\205\235\260\013"
 1321      07EC831D 
 1321      F01DEC85 
 1321      9DB00B
 1322 057f BE07F9B5 		.ascii	"\276\007\371\265XrZ&\263\301k$\223\267\332\240\026b"
 1322      58725A26 
 1322      B3C16B24 
 1322      93B7DAA0 
 1322      1662
 1323 0591 8D1A62AE 		.ascii	"\215\032b\256\026b\216\226y\205\012\346k\340\026\015"
 1323      16628E96 
 1323      79850AE6 
 1323      6BE0160D 
 1324 05a1 AC52C14D 		.ascii	"\254R\301M\032\370\255\004\322\247\3544\036\352\350"
 1324      1AF8AD04 
 1324      D2A7EC34 
 1324      1EEAE8
 1325 05b0 CDF70FF6 		.ascii	"\315\367\017\366\214\367\000\374\327\200\005\330W\321"
 1325      8CF700FC 
 1325      D78005D8 
 1325      57D1
 1326 05be D71DA85D 		.ascii	"\327\035\250]?\007\225\332\034B\220\276\2266\312\004"
 1326      3F0795DA 
 1326      1C4290BE 
 1326      9636CA04 
 1327 05ce DC273D84 		.ascii	"\334'=\204\256\025\330 D\200\3122g\257\217\3676\375"
 1327      AE15D820 
 1327      4480CA32 
 1327      67AF8FF7 
 1327      36FD
 1328 05e0 01B7E931 		.ascii	"\001\267\3511\240\271\002'\350\366\364\354\272-\374"
 1328      A0B90227 
 1328      E8F6F4EC 
 1328      BA2DFC
 1329 05ef 86904014 		.ascii	"\206\220@\024|a\014\375\272\014\334o\211\343P\006\\"
 1329      7C610CFD 
 1329      BA0CDC6F 
 1329      89E35006 
 1329      5C
 1330 0600 399402F6 		.ascii	"9\224\002\366\002l{\320\3248Z=\355ep\004\016\243\347"
 1330      026C7BD0 
 1330      D4385A3D 
 1330      ED657004 
 1330      0EA3E7
 1331 0613 0A608418 		.ascii	"\012`\204\030\\}J\373Q?\351\216qz[\343E\261+\363\204"
 1331      5C7D4AFB 
 1331      513FE98E 
 1331      717A5BE3 
 1331      45B12BF3 
 1332 0628 665AE969 		.ascii	"fZ\351i\372\341F\374vx\234q\300\214\237-\266\211Up\024"
ARM GAS  C:\Users\Ridwane\AppData\Local\Temp\cctgrXm9.s 			page 44


 1332      FAE146FC 
 1332      76789C71 
 1332      C08C9F2D 
 1332      B6895570 
 1333 063d 2E1059A1 		.ascii	".\020Y\241\004\310\017\304t\217]\251\351\204]\201,-"
 1333      04C80FC4 
 1333      748F5DA9 
 1333      E9845D81 
 1333      2C2D
 1334 064f 76B73AD8 		.ascii	"v\267:\330\3557p\251\310\317;\267Z\314\255\036\3014"
 1334      ED3770A9 
 1334      C8CF3BB7 
 1334      5ACCAD1E 
 1334      C134
 1335 0661 7BF5BA40 		.ascii	"{\365\272@\267#x\022\234\310W\007L\201\243\2331u(:q"
 1335      B7237812 
 1335      9CC85707 
 1335      4C81A39B 
 1335      3175283A 
 1336 0676 7091A671 		.ascii	"p\221\246q\331S\003\335\\`M\020;\366\204\026H\365\344"
 1336      D95303DD 
 1336      5C604D10 
 1336      3BF68416 
 1336      48F5E4
 1337 0689 05A8A979 		.ascii	"\005\250\251y\364\220x\373lF\237g0\307\234\247/7\023"
 1337      F49078FB 
 1337      6C469F67 
 1337      30C79CA7 
 1337      2F3713
 1338 069c 379F4DD0 		.ascii	"7\237M\320\210Tg\201)\240\277\266\346\353Gx7\207\036"
 1338      88546781 
 1338      29A0BFB6 
 1338      E6EB4778 
 1338      37871E
 1339 06af 30D23771 		.ascii	"0\3227qt\207\300\321\335\222/'\273p\234\034\335\313"
 1339      7487C0D1 
 1339      DD922F27 
 1339      BB709C1C 
 1339      DDCB
 1340 06c1 22BDFDB0 		.ascii	"\"\275\375\260+\377\215\013\363\237\350u\272\000'\036"
 1340      2BFF8D0B 
 1340      F39FE875 
 1340      BA00271E 
 1341 06d1 E4DE7277 		.ascii	"\344\336rw\372#\260\327\344%`8\232\026_k\315\012ps\352"
 1341      FA23B0D7 
 1341      E4256038 
 1341      9A165F6B 
 1341      CD0A7073 
 1342 06e6 01A39F8F 		.ascii	"\001\243\237\217\350\001\364yD\3629\215\226\342s\265"
 1342      E801F479 
 1342      44F2398D 
 1342      96E273B5 
 1343 06f6 F43C99D6 		.ascii	"\364<\231\326\342s#\312Yi\034L\177\224\372Q\002\224"
 1343      E27323CA 
 1343      59691C4C 
 1343      7F94FA51 
 1343      0294
ARM GAS  C:\Users\Ridwane\AppData\Local\Temp\cctgrXm9.s 			page 45


 1344 0708 A66DEA7F 		.ascii	"\246m\352\177\243\356\335\030\315-\254\301P\372\332"
 1344      A3EEDD18 
 1344      CD2DACC1 
 1344      50FADA
 1345 0717 1ADF9177 		.ascii	"\032\337\221w\211\374\"\276\015\014\307h\216f\035{\241"
 1345      89FC22BE 
 1345      0D0CC768 
 1345      8E661D7B 
 1345      A1
 1346 0728 1B795D78 		.ascii	"\033y]x\240\264\015\235\265\243t\242t\243\364\242<\224"
 1346      A0B40D9D 
 1346      B5A374A2 
 1346      74A3F4A2 
 1346      3C94
 1347 073a 9C66B237 		.ascii	"\234f\2627\210\213\322\247X\214\337\245%m\323\311\227"
 1347      888BD2A7 
 1347      588CDFA5 
 1347      256DD3C9 
 1347      97
 1348 074b 9EF76FB7 		.ascii	"\236\367o\267\364\351\260\365\274\277\015\003\013h\201"
 1348      F4E9B0F5 
 1348      BCBF0D03 
 1348      0B6881
 1349 075a D3D00F72 		.ascii	"\323\320\017r\221Oy^\020\017\341\001N\364\343y{\001"
 1349      914F795E 
 1349      100FE101 
 1349      4EF4E379 
 1349      7B01
 1350 076c 2FE10988 		.ascii	"/\341\011\210\374s\260\361\317\340)$\363\003\3603$\361"
 1350      FC73B0F1 
 1350      CFE02924 
 1350      F303F033 
 1350      24F1
 1351 077e AF60185E 		.ascii	"\257`\030^C\012?\004\217\301\316\377\004\203\354\374"
 1351      430A3F04 
 1351      8FC1CEFF 
 1351      0483ECFC 
 1352 078e B1AB6948 		.ascii	"\261\253iH\275\232\372\220\334\373\263d\333!\351\330"
 1352      BD9AFA90 
 1352      DCFBB364 
 1352      DB21E9D8 
 1353 079e D7E1D5D4 		.ascii	"\327\341\325\324\017\362~:\001\322\027\0063]\273A1u"
 1353      0FF27E3A 
 1353      01D21706 
 1353      335DBB41 
 1353      3175
 1354 07b0 69A6C932 		.ascii	"i\246\3112\312\256\214\364C\322Mz\007n\"\252|\277\200"
 1354      CAAE8CF4 
 1354      43D24D7A 
 1354      076E22AA 
 1354      7CBF80
 1355 07c3 7A21BE56 		.ascii	"z!\276V\275\366h\246\215\032\230\251\362"
 1355      BDF668A6 
 1355      8D1A98A9 
 1355      F2
 1356 07d0 766860BB 		.ascii	"vh`\273\006\256S\301N\015\274.;e\037D/e\336\313\344"
 1356      06AE53C1 
ARM GAS  C:\Users\Ridwane\AppData\Local\Temp\cctgrXm9.s 			page 46


 1356      4E0DBC2E 
 1356      3B651F44 
 1356      2F65DECB 
 1357 07e5 BE866A97 		.ascii	"\276\206j\227\360\240\352\363\236;\246\344\262]\245"
 1357      F0A0EAF3 
 1357      9E3BA6E4 
 1357      B25DA5
 1358 07f4 7DA48135 		.ascii	"}\244\2015\222O\306\232\277Aa=\257\201\347F\312\260"
 1358      924FC69A 
 1358      BF41613D 
 1358      AF81E746 
 1358      CAB0
 1359 0806 5E35BDAA 		.ascii	"^5\275\252\241\227%S\\\276\222<\271\202m\320\212\240"
 1359      A1972553 
 1359      5CBE923C 
 1359      B9826DD0 
 1359      8AA0
 1360 0818 BC572F6A 		.ascii	"\274W/j\271lP-\257xX*\274\257\324x{=VFA\207U\364\256"
 1360      B96C502D 
 1360      AF78582A 
 1360      BCAFD478 
 1360      7B3D5646 
 1361 0831 47051534 		.ascii	"G\005\0254Ke\276\346QB\005\315P\321\033\0365\224#.\220"
 1361      4B65BEE6 
 1361      514205CD 
 1361      50D11B1E 
 1361      3594232E 
 1362 0846 236E807A 		.ascii	"#n\200zP\327|\235V\211-j%.xT\002\337\003/\331\271>\\"
 1362      50D77C9D 
 1362      56892D6A 
 1362      252E7854 
 1362      02DF032F 
 1363 085e D5F11282 		.ascii	"\325\361\022\202=\267e*\377?\357K\001\272\006\313[\002"
 1363      3DB7652A 
 1363      FF3FEF4B 
 1363      01BA06CB 
 1363      5B02
 1364 0870 B4F7421A 		.ascii	"\264\367B\032/\273J\347\021\344\303\177\317\371\231"
 1364      2FBB4AE7 
 1364      11E4C37F 
 1364      CFF999
 1365 087f AC715FCF 		.ascii	"\254q_\3176O\215\343\374c\342\255\211\346\325S\343f"
 1365      364F8DE3 
 1365      FC63E2AD 
 1365      89E6D553 
 1365      E366
 1366 0891 72D4F275 		.ascii	"r\324\362ulL\244%6qFhh\030\376c\226\307~\025\033\237"
 1366      6C4CA425 
 1366      36714668 
 1366      6818FE63 
 1366      96C77E15 
 1367 08a7 303D3C3C 		.ascii	"0=<<<,>!l\271iE\330JTN\010\213\211\217\213\213\267\204"
 1367      3C2C3E21 
 1367      6CB96945 
 1367      D84A544E 
 1367      088B898F 
 1368 08bf 451816E9 		.ascii	"E\030\026\351\027\255\016cV\2411\364O\237~>Q\037>\233"
ARM GAS  C:\Users\Ridwane\AppData\Local\Temp\cctgrXm9.s 			page 47


 1368      17AD0E63 
 1368      56A131F4 
 1368      4F9F7E3E 
 1368      511F3E9B 
 1369 08d3 0B92C7A1 		.ascii	"\013\222\307\2413g\3176-3\375\301\314\375V\377\307\245"
 1369      3367CF36 
 1369      2D33FDC1 
 1369      CCFD56FF 
 1369      C7A5
 1370 08e5 7A46654C 		.ascii	"zFeL\\\265,6~\351\337\343\255\177KXi\2121G\257J0[\227"
 1370      5CB52C36 
 1370      7EE9DFE3 
 1370      AD7F4B58 
 1370      698A3147 
 1371 08fe 2E30AD88 		.ascii	".0\255\210\211\267p3\377\017\237\262\257\371\026\323"
 1371      89B77033 
 1371      FF0F9FB2 
 1371      AFF916D3 
 1372 090e 572BCC4B 		.ascii	"W+\314K\3141\211\361V\272*\326\2228czt\342\030\206\314"
 1372      CC3189F1 
 1372      56BA2AD6 
 1372      9238637A 
 1372      74E21886 
 1373 0923 8B4D1881 		.ascii	"\213M\030\201B\330\214\321\234h\\\223\220h\216[h\262"
 1373      42D88CD1 
 1373      9C685C93 
 1373      90688E5B 
 1373      68B2
 1374 0935 2C5B61B6 		.ascii	",[a\266FYc\343\255\261\211k$\"\375\012\263\311\032e"
 1374      465963E3 
 1374      ADB1896B 
 1374      2422FD0A 
 1374      B3C91A65 
 1375 0949 B62C8BB5 		.ascii	"\266,\213\265\374u\264\242\255\014\205H\375b\203\237"
 1375      FC75B4A2 
 1375      AD0C8548 
 1375      FD62839F 
 1376 0959 61BE71BE 		.ascii	"a\276q\276a\311\374y\323|\"\364\213?1\314}k\310J\240"
 1376      61C9FC79 
 1376      D37C22F4 
 1376      8B3F31CC 
 1376      7D6BC84A 
 1377 096e E6D5892C 		.ascii	"\346\325\211,\3300\375\"c\2441L\037o5\207EZbV\254Zf"
 1377      D830FD22 
 1377      63A4314C 
 1377      1F6F3587 
 1377      455A6256 
 1378 0985 460DAB39 		.ascii	"F\015\2539:&nf\350rn\224Qo1\352\347F/^\263\322\254\321"
 1378      3A266E66 
 1378      E8726E94 
 1378      516F31EA 
 1378      E7462F5E 
 1379 099d CF82C828 		.ascii	"\317\202\310(_\226\310G\321\211\332\344L!2b\356H\010"
 1379      5F96C847 
 1379      D189DAE4 
 1379      4C213262 
 1379      EE4808
ARM GAS  C:\Users\Ridwane\AppData\Local\Temp\cctgrXm9.s 			page 48


 1380 09b0 3330A2A8 		.ascii	"30\242\250\221\341t!\322\030e\240\006y\024\216\340|"
 1380      91E17421 
 1380      D21865A0 
 1380      0679148E 
 1380      E07C
 1381 09c2 034E6163 		.ascii	"\003Nac\\\034i\360\373tI\244^\362\341\037\035\375\227"
 1381      5C1C69F0 
 1381      FB7449A4 
 1381      5EF2E11F 
 1381      1DFD97
 1382 09d5 559698E8 		.ascii	"U\226\230\350\350\320iT}\024b\226\233\254\250\034a\020"
 1382      E8D06954 
 1382      7D146296 
 1382      9BACA81C 
 1382      6110
 1383 09e7 162D5A60 		.ascii	"\026-Z`\340#\346\031\370y\330G-0\010\021\013\214\006"
 1383      E023E619 
 1383      F879D847 
 1383      2D300811 
 1383      0B8C06
 1384 09fa 61EE8208 		.ascii	"a\356\202\010\203\017B\2500\217\215\027\262F\217\215"
 1384      830F42A8 
 1384      308F8D17 
 1384      B2468F8D 
 1385 0a0a 8F71A1DE 		.ascii	"\217q\241\336h\340\215\013\243x\275\036{\275\301'\""
 1385      68E08D0B 
 1385      A378BD1E 
 1385      7BBDC127 
 1385      22
 1386 0a1b D2A03708 		.ascii	"\322\2407\010K\026\177\206\356\021\363\321G}\0369\017"
 1386      4B167F86 
 1386      EE11F3D1 
 1386      477D1E39 
 1386      0F
 1387 0a2c DB08BD81 		.ascii	"\333\010\275\201\252\211\376\013M\201\031f"
 1387      AA89FE0B 
 1387      4D811966 
 1388              		.text
 1389              		.section	.gnu.lto_.symtab.98e569eb,"e",%progbits
 1390 0000 6E766963 		.ascii	"nvicInit\000"
 1390      496E6974 
 1390      00
 1391 0009 00       		.ascii	"\000"
 1392 000a 00       		.ascii	"\000"
 1393 000b 00       		.ascii	"\000"
 1394 000c 00000000 		.ascii	"\000\000\000\000\000\000\000\000"
 1394      00000000 
 1395 0014 BE000000 		.ascii	"\276\000\000\000"
 1396 0018 6E766963 		.ascii	"nvicEnableVector\000"
 1396      456E6162 
 1396      6C655665 
 1396      63746F72 
 1396      00
 1397 0029 00       		.ascii	"\000"
 1398 002a 00       		.ascii	"\000"
 1399 002b 00       		.ascii	"\000"
 1400 002c 00000000 		.ascii	"\000\000\000\000\000\000\000\000"
ARM GAS  C:\Users\Ridwane\AppData\Local\Temp\cctgrXm9.s 			page 49


 1400      00000000 
 1401 0034 C9000000 		.ascii	"\311\000\000\000"
 1402 0038 6E766963 		.ascii	"nvicDisableVector\000"
 1402      44697361 
 1402      626C6556 
 1402      6563746F 
 1402      7200
 1403 004a 00       		.ascii	"\000"
 1404 004b 00       		.ascii	"\000"
 1405 004c 00       		.ascii	"\000"
 1406 004d 00000000 		.ascii	"\000\000\000\000\000\000\000\000"
 1406      00000000 
 1407 0055 CD000000 		.ascii	"\315\000\000\000"
 1408 0059 6E766963 		.ascii	"nvicSetSystemHandlerPriority\000"
 1408      53657453 
 1408      79737465 
 1408      6D48616E 
 1408      646C6572 
 1409 0076 00       		.ascii	"\000"
 1410 0077 00       		.ascii	"\000"
 1411 0078 00       		.ascii	"\000"
 1412 0079 00000000 		.ascii	"\000\000\000\000\000\000\000\000"
 1412      00000000 
 1413 0081 CF000000 		.ascii	"\317\000\000\000"
 1414 0085 6E766963 		.ascii	"nvicClearPending\000"
 1414      436C6561 
 1414      7250656E 
 1414      64696E67 
 1414      00
 1415 0096 00       		.ascii	"\000"
 1416 0097 00       		.ascii	"\000"
 1417 0098 00       		.ascii	"\000"
 1418 0099 00000000 		.ascii	"\000\000\000\000\000\000\000\000"
 1418      00000000 
 1419 00a1 D1000000 		.ascii	"\321\000\000\000"
 1420 00a5 6E766963 		.ascii	"nvicSetPending\000"
 1420      53657450 
 1420      656E6469 
 1420      6E6700
 1421 00b4 00       		.ascii	"\000"
 1422 00b5 00       		.ascii	"\000"
 1423 00b6 00       		.ascii	"\000"
 1424 00b7 00000000 		.ascii	"\000\000\000\000\000\000\000\000"
 1424      00000000 
 1425 00bf D3000000 		.ascii	"\323\000\000\000"
 1426              		.text
 1427              		.section	.gnu.lto_.ext_symtab.98e569eb,"e",%progbits
 1428 0000 01       		.ascii	"\001"
 1429 0001 01       		.ascii	"\001"
 1430 0002 00       		.ascii	"\000"
 1431 0003 01       		.ascii	"\001"
 1432 0004 00       		.ascii	"\000"
 1433 0005 01       		.ascii	"\001"
 1434 0006 00       		.ascii	"\000"
 1435 0007 01       		.ascii	"\001"
 1436 0008 00       		.ascii	"\000"
 1437 0009 01       		.ascii	"\001"
ARM GAS  C:\Users\Ridwane\AppData\Local\Temp\cctgrXm9.s 			page 50


 1438 000a 00       		.ascii	"\000"
 1439 000b 01       		.ascii	"\001"
 1440 000c 00       		.ascii	"\000"
 1441              		.text
 1442              		.section	.gnu.lto_.opts,"e",%progbits
 1443 0000 272D666E 		.ascii	"'-fno-openmp' '-fno-openacc' '-fno-pie' '-fcf-prote"
 1443      6F2D6F70 
 1443      656E6D70 
 1443      2720272D 
 1443      666E6F2D 
 1444 0033 6374696F 		.ascii	"ction=none' '-g' '-mcpu=cortex-m4' '-mthumb' '-mflo"
 1444      6E3D6E6F 
 1444      6E652720 
 1444      272D6727 
 1444      20272D6D 
 1445 0066 61742D61 		.ascii	"at-abi=soft' '-mlibarch=armv7e-m' '-march=armv7e-m'"
 1445      62693D73 
 1445      6F667427 
 1445      20272D6D 
 1445      6C696261 
 1446 0099 20272D4F 		.ascii	" '-O0' '-fomit-frame-pointer' '-falign-functions=16"
 1446      30272027 
 1446      2D666F6D 
 1446      69742D66 
 1446      72616D65 
 1447 00cc 2720272D 		.ascii	"' '-ffunction-sections' '-fdata-sections' '-fno-com"
 1447      6666756E 
 1447      6374696F 
 1447      6E2D7365 
 1447      6374696F 
 1448 00ff 6D6F6E27 		.ascii	"mon' '-flto' '-Xassembler' '-alms=./build/lst/nvic."
 1448      20272D66 
 1448      6C746F27 
 1448      20272D58 
 1448      61737365 
 1449 0132 6C737427 		.ascii	"lst'\000"
 1449      00
 1450              		.text
 1451              		.comm	__gnu_lto_slim,1,1
 1452              		.ident	"GCC: (Arm GNU Toolchain 11.3.Rel1) 11.3.1 20220712"
ARM GAS  C:\Users\Ridwane\AppData\Local\Temp\cctgrXm9.s 			page 51


DEFINED SYMBOLS
                            *ABS*:00000000 nvic.c
C:\Users\Ridwane\AppData\Local\Temp\cctgrXm9.s:22     .gnu.debuglto_.debug_info:00000000 nvic.c.477ada9e
                            *COM*:00000001 __gnu_lto_slim

NO UNDEFINED SYMBOLS
