ARM GAS  C:\Users\Ridwane\AppData\Local\Temp\ccbVZP5R.s 			page 1


   1              		.cpu cortex-m4
   2              		.arch armv7e-m
   3              		.fpu softvfp
   4              		.eabi_attribute 20, 1
   5              		.eabi_attribute 21, 1
   6              		.eabi_attribute 23, 3
   7              		.eabi_attribute 24, 1
   8              		.eabi_attribute 25, 1
   9              		.eabi_attribute 26, 1
  10              		.eabi_attribute 30, 2
  11              		.eabi_attribute 34, 1
  12              		.eabi_attribute 18, 4
  13              		.file	"consts.c"
  14              		.file 1 "c:\\chibistudio\\tools\\gnu tools arm embedded\\11.3 2022.08\\arm-none-eabi\\include\\mac
  15              		.file 2 "c:\\chibistudio\\tools\\gnu tools arm embedded\\11.3 2022.08\\arm-none-eabi\\include\\sys
  16              		.file 3 "consts.h"
  17              		.file 4 "consts.c"
  18              		.section	.gnu.debuglto_.debug_info,"e",%progbits
  19              	.Ldebug_info0:
  20              		.hidden	consts.c.08fe0f3d
  21              		.weak	consts.c.08fe0f3d
  22              	consts.c.08fe0f3d:
  23 0000 BC000000 		.4byte	0xbc
  24 0004 0500     		.2byte	0x5
  25 0006 01       		.byte	0x1
  26 0007 04       		.byte	0x4
  27 0008 00000000 		.4byte	.Ldebug_abbrev0
  28 000c 05       		.uleb128 0x5
  29 000d E8000000 		.4byte	.LASF11
  30 0011 1D       		.byte	0x1d
  31 0012 A3010000 		.4byte	.LASF12
  32 0016 A4000000 		.4byte	.LASF13
  33 001a 00000000 		.4byte	.Ldebug_line0
  34 001e 01       		.uleb128 0x1
  35 001f 01       		.byte	0x1
  36 0020 06       		.byte	0x6
  37 0021 0A000000 		.4byte	.LASF0
  38 0025 01       		.uleb128 0x1
  39 0026 01       		.byte	0x1
  40 0027 08       		.byte	0x8
  41 0028 16000000 		.4byte	.LASF1
  42 002c 01       		.uleb128 0x1
  43 002d 02       		.byte	0x2
  44 002e 05       		.byte	0x5
  45 002f D5000000 		.4byte	.LASF2
  46 0033 01       		.uleb128 0x1
  47 0034 02       		.byte	0x2
  48 0035 07       		.byte	0x7
  49 0036 36000000 		.4byte	.LASF3
  50 003a 03       		.uleb128 0x3
  51 003b 00000000 		.4byte	.LASF9
  52 003f 01       		.byte	0x1
  53 0040 4D       		.byte	0x4d
  54 0041 18       		.byte	0x18
  55 0042 46000000 		.4byte	0x46
  56 0046 01       		.uleb128 0x1
  57 0047 04       		.byte	0x4
ARM GAS  C:\Users\Ridwane\AppData\Local\Temp\ccbVZP5R.s 			page 2


  58 0048 05       		.byte	0x5
  59 0049 DF000000 		.4byte	.LASF4
  60 004d 01       		.uleb128 0x1
  61 004e 04       		.byte	0x4
  62 004f 07       		.byte	0x7
  63 0050 24000000 		.4byte	.LASF5
  64 0054 01       		.uleb128 0x1
  65 0055 08       		.byte	0x8
  66 0056 05       		.byte	0x5
  67 0057 96000000 		.4byte	.LASF6
  68 005b 01       		.uleb128 0x1
  69 005c 08       		.byte	0x8
  70 005d 07       		.byte	0x7
  71 005e 77000000 		.4byte	.LASF7
  72 0062 06       		.uleb128 0x6
  73 0063 04       		.byte	0x4
  74 0064 05       		.byte	0x5
  75 0065 696E7400 		.ascii	"int\000"
  76 0069 01       		.uleb128 0x1
  77 006a 04       		.byte	0x4
  78 006b 07       		.byte	0x7
  79 006c 6A000000 		.4byte	.LASF8
  80 0070 03       		.uleb128 0x3
  81 0071 8E000000 		.4byte	.LASF10
  82 0075 02       		.byte	0x2
  83 0076 2C       		.byte	0x2c
  84 0077 13       		.byte	0x13
  85 0078 3A000000 		.4byte	0x3a
  86 007c 02       		.uleb128 0x2
  87 007d 70000000 		.4byte	0x70
  88 0081 04       		.uleb128 0x4
  89 0082 7C000000 		.4byte	0x7c
  90 0086 8C000000 		.4byte	0x8c
  91 008a 07       		.uleb128 0x7
  92 008b 00       		.byte	0
  93 008c 02       		.uleb128 0x2
  94 008d 81000000 		.4byte	0x81
  95 0091 08       		.uleb128 0x8
  96 0092 49000000 		.4byte	.LASF14
  97 0096 03       		.byte	0x3
  98 0097 1F       		.byte	0x1f
  99 0098 16       		.byte	0x16
 100 0099 8C000000 		.4byte	0x8c
 101 009d 04       		.uleb128 0x4
 102 009e 7C000000 		.4byte	0x7c
 103 00a2 AE000000 		.4byte	0xae
 104 00a6 09       		.uleb128 0x9
 105 00a7 69000000 		.4byte	0x69
 106 00ab 3702     		.2byte	0x237
 107 00ad 00       		.byte	0
 108 00ae 02       		.uleb128 0x2
 109 00af 9D000000 		.4byte	0x9d
 110 00b3 0A       		.uleb128 0xa
 111 00b4 91000000 		.4byte	0x91
 112 00b8 04       		.byte	0x4
 113 00b9 0B       		.byte	0xb
 114 00ba 0F       		.byte	0xf
ARM GAS  C:\Users\Ridwane\AppData\Local\Temp\ccbVZP5R.s 			page 3


 115 00bb AE000000 		.4byte	0xae
 116 00bf 00       		.byte	0
 117              		.section	.gnu.debuglto_.debug_abbrev,"e",%progbits
 118              	.Ldebug_abbrev0:
 119 0000 01       		.uleb128 0x1
 120 0001 24       		.uleb128 0x24
 121 0002 00       		.byte	0
 122 0003 0B       		.uleb128 0xb
 123 0004 0B       		.uleb128 0xb
 124 0005 3E       		.uleb128 0x3e
 125 0006 0B       		.uleb128 0xb
 126 0007 03       		.uleb128 0x3
 127 0008 0E       		.uleb128 0xe
 128 0009 00       		.byte	0
 129 000a 00       		.byte	0
 130 000b 02       		.uleb128 0x2
 131 000c 26       		.uleb128 0x26
 132 000d 00       		.byte	0
 133 000e 49       		.uleb128 0x49
 134 000f 13       		.uleb128 0x13
 135 0010 00       		.byte	0
 136 0011 00       		.byte	0
 137 0012 03       		.uleb128 0x3
 138 0013 16       		.uleb128 0x16
 139 0014 00       		.byte	0
 140 0015 03       		.uleb128 0x3
 141 0016 0E       		.uleb128 0xe
 142 0017 3A       		.uleb128 0x3a
 143 0018 0B       		.uleb128 0xb
 144 0019 3B       		.uleb128 0x3b
 145 001a 0B       		.uleb128 0xb
 146 001b 39       		.uleb128 0x39
 147 001c 0B       		.uleb128 0xb
 148 001d 49       		.uleb128 0x49
 149 001e 13       		.uleb128 0x13
 150 001f 00       		.byte	0
 151 0020 00       		.byte	0
 152 0021 04       		.uleb128 0x4
 153 0022 01       		.uleb128 0x1
 154 0023 01       		.byte	0x1
 155 0024 49       		.uleb128 0x49
 156 0025 13       		.uleb128 0x13
 157 0026 01       		.uleb128 0x1
 158 0027 13       		.uleb128 0x13
 159 0028 00       		.byte	0
 160 0029 00       		.byte	0
 161 002a 05       		.uleb128 0x5
 162 002b 11       		.uleb128 0x11
 163 002c 01       		.byte	0x1
 164 002d 25       		.uleb128 0x25
 165 002e 0E       		.uleb128 0xe
 166 002f 13       		.uleb128 0x13
 167 0030 0B       		.uleb128 0xb
 168 0031 03       		.uleb128 0x3
 169 0032 0E       		.uleb128 0xe
 170 0033 1B       		.uleb128 0x1b
 171 0034 0E       		.uleb128 0xe
ARM GAS  C:\Users\Ridwane\AppData\Local\Temp\ccbVZP5R.s 			page 4


 172 0035 10       		.uleb128 0x10
 173 0036 17       		.uleb128 0x17
 174 0037 00       		.byte	0
 175 0038 00       		.byte	0
 176 0039 06       		.uleb128 0x6
 177 003a 24       		.uleb128 0x24
 178 003b 00       		.byte	0
 179 003c 0B       		.uleb128 0xb
 180 003d 0B       		.uleb128 0xb
 181 003e 3E       		.uleb128 0x3e
 182 003f 0B       		.uleb128 0xb
 183 0040 03       		.uleb128 0x3
 184 0041 08       		.uleb128 0x8
 185 0042 00       		.byte	0
 186 0043 00       		.byte	0
 187 0044 07       		.uleb128 0x7
 188 0045 21       		.uleb128 0x21
 189 0046 00       		.byte	0
 190 0047 00       		.byte	0
 191 0048 00       		.byte	0
 192 0049 08       		.uleb128 0x8
 193 004a 34       		.uleb128 0x34
 194 004b 00       		.byte	0
 195 004c 03       		.uleb128 0x3
 196 004d 0E       		.uleb128 0xe
 197 004e 3A       		.uleb128 0x3a
 198 004f 0B       		.uleb128 0xb
 199 0050 3B       		.uleb128 0x3b
 200 0051 0B       		.uleb128 0xb
 201 0052 39       		.uleb128 0x39
 202 0053 0B       		.uleb128 0xb
 203 0054 49       		.uleb128 0x49
 204 0055 13       		.uleb128 0x13
 205 0056 3F       		.uleb128 0x3f
 206 0057 19       		.uleb128 0x19
 207 0058 3C       		.uleb128 0x3c
 208 0059 19       		.uleb128 0x19
 209 005a 00       		.byte	0
 210 005b 00       		.byte	0
 211 005c 09       		.uleb128 0x9
 212 005d 21       		.uleb128 0x21
 213 005e 00       		.byte	0
 214 005f 49       		.uleb128 0x49
 215 0060 13       		.uleb128 0x13
 216 0061 2F       		.uleb128 0x2f
 217 0062 05       		.uleb128 0x5
 218 0063 00       		.byte	0
 219 0064 00       		.byte	0
 220 0065 0A       		.uleb128 0xa
 221 0066 34       		.uleb128 0x34
 222 0067 00       		.byte	0
 223 0068 47       		.uleb128 0x47
 224 0069 13       		.uleb128 0x13
 225 006a 3A       		.uleb128 0x3a
 226 006b 0B       		.uleb128 0xb
 227 006c 3B       		.uleb128 0x3b
 228 006d 0B       		.uleb128 0xb
ARM GAS  C:\Users\Ridwane\AppData\Local\Temp\ccbVZP5R.s 			page 5


 229 006e 39       		.uleb128 0x39
 230 006f 0B       		.uleb128 0xb
 231 0070 49       		.uleb128 0x49
 232 0071 13       		.uleb128 0x13
 233 0072 00       		.byte	0
 234 0073 00       		.byte	0
 235 0074 00       		.byte	0
 236              		.section	.gnu.debuglto_.debug_line,"e",%progbits
 237              	.Ldebug_line0:
 238 0000 49000000 		.4byte	.LELT0-.LSLT0
 239              	.LSLT0:
 240 0004 0500     		.2byte	0x5
 241 0006 04       		.byte	0x4
 242 0007 00       		.byte	0
 243 0008 41000000 		.4byte	.LELTP0-.LASLTP0
 244              	.LASLTP0:
 245 000c 01       		.byte	0x1
 246 000d 01       		.byte	0x1
 247 000e 01       		.byte	0x1
 248 000f F6       		.byte	0xf6
 249 0010 F2       		.byte	0xf2
 250 0011 0D       		.byte	0xd
 251 0012 00       		.byte	0
 252 0013 01       		.byte	0x1
 253 0014 01       		.byte	0x1
 254 0015 01       		.byte	0x1
 255 0016 01       		.byte	0x1
 256 0017 00       		.byte	0
 257 0018 00       		.byte	0
 258 0019 00       		.byte	0
 259 001a 01       		.byte	0x1
 260 001b 00       		.byte	0
 261 001c 00       		.byte	0
 262 001d 01       		.byte	0x1
 263 001e 01       		.byte	0x1
 264 001f 01       		.uleb128 0x1
 265 0020 1F       		.uleb128 0x1f
 266 0021 03       		.uleb128 0x3
 267 0022 D7000000 		.4byte	.LASF15
 268 0026 76000000 		.4byte	.LASF16
 269 002a 09000000 		.4byte	.LASF17
 270 002e 02       		.byte	0x2
 271 002f 01       		.uleb128 0x1
 272 0030 1F       		.uleb128 0x1f
 273 0031 02       		.uleb128 0x2
 274 0032 0B       		.uleb128 0xb
 275 0033 05       		.uleb128 0x5
 276 0034 6D000000 		.4byte	.LASF18
 277 0038 00       		.byte	0
 278 0039 5C000000 		.4byte	.LASF19
 279 003d 01       		.byte	0x1
 280 003e CD000000 		.4byte	.LASF20
 281 0042 02       		.byte	0x2
 282 0043 00000000 		.4byte	.LASF21
 283 0047 00       		.byte	0
 284 0048 6D000000 		.4byte	.LASF18
 285 004c 00       		.byte	0
ARM GAS  C:\Users\Ridwane\AppData\Local\Temp\ccbVZP5R.s 			page 6


 286              	.LELTP0:
 287              	.LELT0:
 288              		.section	.gnu.debuglto_.debug_str,"eMS",%progbits,1
 289              	.LASF9:
 290 0000 5F5F696E 		.ascii	"__int32_t\000"
 290      7433325F 
 290      7400
 291              	.LASF0:
 292 000a 7369676E 		.ascii	"signed char\000"
 292      65642063 
 292      68617200 
 293              	.LASF1:
 294 0016 756E7369 		.ascii	"unsigned char\000"
 294      676E6564 
 294      20636861 
 294      7200
 295              	.LASF5:
 296 0024 6C6F6E67 		.ascii	"long unsigned int\000"
 296      20756E73 
 296      69676E65 
 296      6420696E 
 296      7400
 297              	.LASF3:
 298 0036 73686F72 		.ascii	"short unsigned int\000"
 298      7420756E 
 298      7369676E 
 298      65642069 
 298      6E7400
 299              	.LASF14:
 300 0049 70716372 		.ascii	"pqcrystals_dilithium2_avx2_qdata\000"
 300      79737461 
 300      6C735F64 
 300      696C6974 
 300      6869756D 
 301              	.LASF8:
 302 006a 756E7369 		.ascii	"unsigned int\000"
 302      676E6564 
 302      20696E74 
 302      00
 303              	.LASF7:
 304 0077 6C6F6E67 		.ascii	"long long unsigned int\000"
 304      206C6F6E 
 304      6720756E 
 304      7369676E 
 304      65642069 
 305              	.LASF10:
 306 008e 696E7433 		.ascii	"int32_t\000"
 306      325F7400 
 307              	.LASF6:
 308 0096 6C6F6E67 		.ascii	"long long int\000"
 308      206C6F6E 
 308      6720696E 
 308      7400
 309              	.LASF13:
 310 00a4 433A5C43 		.ascii	"C:\\ChibiStudio\\workspace_user\\CRYSTALS-Dilithium"
 310      68696269 
 310      53747564 
ARM GAS  C:\Users\Ridwane\AppData\Local\Temp\ccbVZP5R.s 			page 7


 310      696F5C77 
 310      6F726B73 
 311 00d4 00       		.ascii	"\000"
 312              	.LASF2:
 313 00d5 73686F72 		.ascii	"short int\000"
 313      7420696E 
 313      7400
 314              	.LASF4:
 315 00df 6C6F6E67 		.ascii	"long int\000"
 315      20696E74 
 315      00
 316              	.LASF11:
 317 00e8 474E5520 		.ascii	"GNU C17 11.3.1 20220712 -mcpu=cortex-m4 -mthumb -mf"
 317      43313720 
 317      31312E33 
 317      2E312032 
 317      30323230 
 318 011b 6C6F6174 		.ascii	"loat-abi=soft -march=armv7e-m -ggdb -O2 -fomit-fram"
 318      2D616269 
 318      3D736F66 
 318      74202D6D 
 318      61726368 
 319 014e 652D706F 		.ascii	"e-pointer -falign-functions=16 -ffunction-sections "
 319      696E7465 
 319      72202D66 
 319      616C6967 
 319      6E2D6675 
 320 0181 2D666461 		.ascii	"-fdata-sections -fno-common -flto\000"
 320      74612D73 
 320      65637469 
 320      6F6E7320 
 320      2D666E6F 
 321              	.LASF12:
 322 01a3 636F6E73 		.ascii	"consts.c\000"
 322      74732E63 
 322      00
 323              		.section	.gnu.debuglto_.debug_line_str,"eMS",%progbits,1
 324              	.LASF21:
 325 0000 636F6E73 		.ascii	"consts.h\000"
 325      74732E68 
 325      00
 326              	.LASF17:
 327 0009 633A5C63 		.ascii	"c:\\chibistudio\\tools\\gnu tools arm embedded\\11."
 327      68696269 
 327      73747564 
 327      696F5C74 
 327      6F6F6C73 
 328 0038 33203230 		.ascii	"3 2022.08\\arm-none-eabi\\include\\sys\000"
 328      32322E30 
 328      385C6172 
 328      6D2D6E6F 
 328      6E652D65 
 329              	.LASF19:
 330 005c 5F646566 		.ascii	"_default_types.h\000"
 330      61756C74 
 330      5F747970 
 330      65732E68 
ARM GAS  C:\Users\Ridwane\AppData\Local\Temp\ccbVZP5R.s 			page 8


 330      00
 331              	.LASF18:
 332 006d 636F6E73 		.ascii	"consts.c\000"
 332      74732E63 
 332      00
 333              	.LASF16:
 334 0076 633A5C63 		.ascii	"c:\\chibistudio\\tools\\gnu tools arm embedded\\11."
 334      68696269 
 334      73747564 
 334      696F5C74 
 334      6F6F6C73 
 335 00a5 33203230 		.ascii	"3 2022.08\\arm-none-eabi\\include\\machine\000"
 335      32322E30 
 335      385C6172 
 335      6D2D6E6F 
 335      6E652D65 
 336              	.LASF20:
 337 00cd 5F737464 		.ascii	"_stdint.h\000"
 337      696E742E 
 337      6800
 338              	.LASF15:
 339 00d7 433A5C43 		.ascii	"C:\\ChibiStudio\\workspace_user\\CRYSTALS-Dilithium"
 339      68696269 
 339      53747564 
 339      696F5C77 
 339      6F726B73 
 340 0107 00       		.ascii	"\000"
 341              		.text
 342              		.section	.gnu.lto_.profile.8e7eef2a,"e",%progbits
 343 0000 789C6362 		.ascii	"x\234cb\000\001\000\000\022\000\003"
 343      00010000 
 343      120003
 344              		.text
 345              		.section	.gnu.lto_.icf.8e7eef2a,"e",%progbits
 346 0000 789CE360 		.ascii	"x\234\343`@\000F\206\216M\275\027\271\031\000\014#\002"
 346      40004686 
 346      8E4DBD17 
 346      B919000C 
 346      2302
 347 0012 AD       		.ascii	"\255"
 348              		.text
 349              		.section	.gnu.lto_.ipa_sra.8e7eef2a,"e",%progbits
 350 0000 789C6362 		.ascii	"x\234cb@\006\000\000*\000\003"
 350      40060000 
 350      2A0003
 351              		.text
 352              		.section	.gnu.lto_.inline.8e7eef2a,"e",%progbits
 353 0000 789C6362 		.ascii	"x\234cb@\006\000\000*\000\003"
 353      40060000 
 353      2A0003
 354              		.text
 355              		.section	.gnu.lto_.jmpfuncs.8e7eef2a,"e",%progbits
 356 0000 789C6362 		.ascii	"x\234cb@\006\000\000*\000\003"
 356      40060000 
 356      2A0003
 357              		.text
 358              		.section	.gnu.lto_.pureconst.8e7eef2a,"e",%progbits
ARM GAS  C:\Users\Ridwane\AppData\Local\Temp\ccbVZP5R.s 			page 9


 359 0000 789C6364 		.ascii	"x\234cd\000\002\000\000\012\000\002"
 359      00020000 
 359      0A0002
 360              		.text
 361              		.section	.gnu.lto_.ipa_modref.8e7eef2a,"e",%progbits
 362 0000 789C6362 		.ascii	"x\234cb@\006\000\000*\000\003"
 362      40060000 
 362      2A0003
 363              		.text
 364              		.section	.gnu.lto_.lto.8e7eef2a,"e",%progbits
 365 0000 0B000300 		.ascii	"\013\000\003\000\001\000\000\000"
 365      01000000 
 366              		.text
 367              		.section	.gnu.lto_pqcrystals_dilithium2_avx2_qdata.0.8e7eef2a,"e",%progbits
 368 0000 789C35D9 		.ascii	"x\2345\331e\254o\313Y\007\340\273\306\027ZJ\213\024"
 368      65AC6FCB 
 368      5907E0BB 
 368      C6175A4A 
 368      8B14
 369 0012 6BD11669 		.ascii	"k\321\026i)5\250\006K\200\020\002\237 !AR \004\202\005"
 369      2935A806 
 369      4B801002 
 369      9F202141 
 369      52200482 
 370 0027 0921816E 		.ascii	"\011!\201n\327\263\335\335\335\335\335\335\335\335\365"
 370      D7B3DDDD 
 370      DDDDDDDD 
 370      DDDDF5
 371 0036 6C5776E6 		.ascii	"lWv\346\367\336\233\314?\347\2713KF\337\231\265?\361"
 371      F7DE9BCC 
 371      3FE7B933 
 371      4B46DF99 
 371      B53FF1
 372 0049 990F3E70 		.ascii	"\231\017>p>\300\177\322Q\332ym\362\370\277\267\177|"
 372      3EC07FD2 
 372      51DA796D 
 372      F2F8BFB7 
 372      7F7C
 373 005b DCC913D6 		.ascii	"\334\311\023\326\031\323\227\216u.\374\222\222\006\347"
 373      19D3978E 
 373      752EFC92 
 373      9206E7
 374 006a C0CF333F 		.ascii	"\300\3173?e\231\0156w\375\233e\026\270\337\3629\313"
 374      65990D36 
 374      77FD9B65 
 374      16B8DFF2 
 374      39CB
 375 007c 4C70BEE5 		.ascii	"Lp\276\345K\226\031\340r\327\267-\323\301\231\256\360"
 375      4B9619E0 
 375      72D7B72D 
 375      D3C199AE 
 375      F0
 376 008d EF58A7C1 		.ascii	"\357X\247\301\371S\013x\225T8\274\3557-S\300\204\243"
 376      F9530B78 
 376      955438BC 
 376      ED372D53 
 376      C084A3
ARM GAS  C:\Users\Ridwane\AppData\Local\Temp\ccbVZP5R.s 			page 10


 377 00a0 456427C3 		.ascii	"Ed'\303\353Q\377c\231\004V\305v#;\021n\352\314\207\023"
 377      EB51FF63 
 377      990456C5 
 377      76233B11 
 377      6EEACC87 
 378 00b5 E0A4CB33 		.ascii	"\340\244\3133T$\036\256h^\207\343\340\254\251\371\017"
 378      54241EAE 
 378      685E87E3 
 378      E0ACA9F9 
 378      0F
 379 00c6 AC63E186 		.ascii	"\254c\341\206\350G\\\037\003\277\346\256 ?\032\336\033"
 379      E8475C1F 
 379      03BFE6AE 
 379      203F1ADE 
 379      1B
 380 00d7 6BC0F551 		.ascii	"k\300\365Qp\344q\021\312G\302=\353\353(\037\001\237"
 380      70E47111 
 380      CA47C23D 
 380      EBEB281F 
 380      019F
 381 00e9 147AA0B6 		.ascii	"\024z\240\266\341p\250\3470\256\017\203\203\027\377"
 381      E170A8E7 
 381      30AE0F83 
 381      8317FF
 382 00f8 C532946A 		.ascii	"\3052\224jw:\213\354\0208\327\263\034\267\177\007\373"
 382      773A8BEC 
 382      1038D7B3 
 382      1CB77F07 
 382      FB
 383 0109 FADCC2C1 		.ascii	"\372\334\302\301\360}\365\021\034\004\3734\356\340\372"
 383      F07DF511 
 383      1C04FB34 
 383      EEE0FA
 384 0118 40B878F4 		.ascii	"@\270x\364\022\371\001\360F~\014\362\375\251\261k\207"
 384      12F901F0 
 384      467E0CF2 
 384      FDA9B16B 
 384      87
 385 0129 F0BA7E70 		.ascii	"\360\272~pa\340\000\354\013\007<\305\342z\037x\265n"
 385      61E000EC 
 385      0B073CC5 
 385      E27A1F78 
 385      B56E
 386 013b 01D77B53 		.ascii	"\001\327{S\363\015\024 \337\013\316\274\352D\276'uv"
 386      F30D1420 
 386      DF0BCEBC 
 386      EA44BE27 
 386      7576
 387 014d C939F23D 		.ascii	"\3119\362=h,\\u\340\376\257\334\372.<\007\371/\360s"
 387      682C5C75 
 387      E0FEAFDC 
 387      FA2E3C07 
 387      F92FF073 
 388 0161 CD0EF29F 		.ascii	"\315\016\362\237\341\351\264%\334\357\011.>O\204\037"
 388      E1E9B425 
 388      DCEF092E 
 388      3E4F841F 
ARM GAS  C:\Users\Ridwane\AppData\Local\Temp\ccbVZP5R.s 			page 11


 389 0171 E109AF08 		.ascii	"\341\011\257\010\\\377\000\007o\014\343\372{84\355\036"
 389      5CFF0007 
 389      6F0CE3FA 
 389      7B3834ED 
 389      1E
 390 0182 E5EF608F 		.ascii	"\345\357`\217%z\277[8}u\005\276\241\362\023\201\350"
 390      257ABF5B 
 390      387D7505 
 390      BEA1F213 
 390      81E8
 391 0194 AE6B38C8 		.ascii	"\256k8\310\357\033\226W\340\344b;\212\277\207k\323\377"
 391      EF1B9657 
 391      E0E4623B 
 391      8ABF876B 
 391      D3FF
 392 01a6 DBF212CC 		.ascii	"\333\362\022\314\364\376}\313\013\252\314\372_[\236"
 392      F4FE7DCB 
 392      0BAACCFA 
 392      5F5B9E
 393 01b5 836BAFBF 		.ascii	"\203k\257\277`y\006z\207PS\236\302\273]\241x\364\011"
 393      6079067A 
 393      8750539E 
 393      C2BB5DA1 
 393      78F409
 394 01c8 7CD3B889 		.ascii	"|\323\270\211\252\034\323\253\014\266\242\374\021\\"
 394      AA1CD3AB 
 394      0CB6A2FC 
 394      115C
 395 01d6 E8F749CB 		.ascii	"\350\367I\313C0\261\365\367,\017\300\247\011f\271O|"
 395      4330B1F5 
 395      F72C0FC0 
 395      A70966B9 
 395      4F7C
 396 01e8 F1C6CDF7 		.ascii	"\361\306\315\367\340\323\253\317Z\356r\032f\177d\271"
 396      E0D3ABCF 
 396      5AEE721A 
 396      667F64B9 
 397 01f8 03FA5C62 		.ascii	"\003\372\\b\266o\203\017\351\315h\344-\270\265\231:"
 397      B66F830F 
 397      E9CD68E4 
 397      2DB8B599 
 397      3A
 398 0209 65139EBA 		.ascii	"e\023\236\272\371\270\345\006x\336\375)\313up\275\260"
 398      F9B8E506 
 398      78DEFD29 
 398      CB7570BD 
 398      B0
 399 021a 1BF55883 		.ascii	"\033\365X\203\037\247\217p\365*=l\213f\324\012|xHCb"
 399      1FA78F70 
 399      F52A3D6C 
 399      8B66D40A 
 399      7C784843 
 400 022f 196EF32E 		.ascii	"\031n\363.C\376\022u\321j\031\362\027\341\376\367O\360"
 400      43FE1275 
 400      D16A19F2 
 400      17E1FEF7 
 400      4FF0
ARM GAS  C:\Users\Ridwane\AppData\Local\Temp\ccbVZP5R.s 			page 12


 401 0241 02BC125E 		.ascii	"\002\274\022^\203\362\363pT\360\217Z\316\321\343\275"
 401      83F2F370 
 401      54F08F5A 
 401      CED1E3BD 
 402 0251 BE6E390B 		.ascii	"\276n9\013nd\322\3622\003\327\324m\340\352i\3706.\016"
 402      6E64D2F2 
 402      3203D7D4 
 402      6DE0EA69 
 402      F8362E0E 
 403 0265 9E82F742 		.ascii	"\236\202\367B\376\321r\022LH,\305\345\023pR\347$<\016"
 403      FED17212 
 403      4C482CC5 
 403      E5137052 
 403      E7243C0E 
 404 0279 6FB704C0 		.ascii	"o\267\004\300c\360U\313?[\216\202=\257C\270\373\010"
 404      63F055CB 
 404      3F5B8E82 
 404      3DAF43B8 
 404      FB08
 405 028b DD7D7909 		.ascii	"\335}y\011\305\207\251\333\216\253\320mC\324\026;\321"
 405      C587A9DB 
 405      8EABD06D 
 405      43D4163B 
 405      D1
 406 029c 283F0837 		.ascii	"(?\0107\370\305\"\177\000\356\015NE~?\\\226\266\217"
 406      F8C5227F 
 406      00EE0D4E 
 406      457E3F5C 
 406      96B68F
 407 02af FBF5C13B 		.ascii	"\373\365\301;i\276p/\274<\362\357\226=`\330N%n\327\015"
 407      69BE702F 
 407      BC3CF2EF 
 407      963D60D8 
 407      4E256ED7 
 408 02c4 370EA5C2 		.ascii	"7\016\245\302]\260\347\334+\272\262\023\216\017Y\307"
 408      5DB0E7DC 
 408      2BBAB213 
 408      8E0F59C7 
 409 02d4 ED3A60DF 		.ascii	"\355:`\337\005\017<\276\235f\333]\036\362\333\340\252"
 409      050F3CBE 
 409      9D66DB5D 
 409      1EF2DBE0 
 409      AA
 410 02e5 A28F5AB6 		.ascii	"\242\217Z\266R\343L\322\342\320\002g]cD7\203/\017\237"
 410      52E34CD2 
 410      E2D00267 
 410      5D634437 
 410      832F0F9F 
 411 02f9 B66CA2B6 		.ascii	"\266l\242\266\252\302\275\033\251p\376\017[6\200)\327"
 411      AAC2BD1B 
 411      A970FE0F 
 411      5B368029 
 411      D7
 412 030a 347BEAE1 		.ascii	"4{\352\341\223\347A\274j\035\034x<\006\327\322B2]\202"
 412      93E741BC 
 412      6A1D1C78 
 412      3C06D7D2 
ARM GAS  C:\Users\Ridwane\AppData\Local\Temp\ccbVZP5R.s 			page 13


 412      42325D82 
 413 031e F235706A 		.ascii	"\3625pj\336\034\362\253\341\375kZH\253h\034\254\326"
 413      DE1CF2AB 
 413      E1FD6B5A 
 413      48AB681C 
 413      ACD6
 414 0330 C2957067 		.ascii	"\302\225pg\351\004\312W\300\311\335?fYN\331\263\324"
 414      E904CA57 
 414      C0C9DD3F 
 414      66594ED9 
 414      B3D4
 415 0342 716570C7 		.ascii	"qep\307u\010\\J\035\321R\015\227PG^\226\301\305\360"
 415      75085C4A 
 415      1DD1520D 
 415      9750475E 
 415      96C1C5F0 
 416 0356 59E81A9A 		.ascii	"Y\350\032\232\246\210\206\345A0\362\013\351\376]\203"
 416      A68886E5 
 416      4130F20B 
 416      E9FE5D83 
 417 0366 789D025A 		.ascii	"x\235\002Zj\022kQ>\237\346`\377<\362\363\340\305\310"
 417      6A126B51 
 417      3E9FE660 
 417      FF3CF2F3 
 417      E0C5C8
 418 0379 76BC6E2E 		.ascii	"v\274n.\255\2339T\335\0348r\347\026\316\246ut\250\003"
 418      AD9B3954 
 418      DD1C3872 
 418      E716CEA6 
 418      7574A803 
 419 038d F7CBA2C5 		.ascii	"\367\313\242\305&\333\023\367\313\244q?H\2238\003\356"
 419      26DB13F7 
 419      CBA4713F 
 419      48933803 
 419      EE
 420 039e 5ADAC3F5 		.ascii	"Z\332\303\365\351T\276p\033N\2037\275\013)\310\303y"
 420      E954BE70 
 420      1B4E8337 
 420      BD0B29C8 
 420      C379
 421 03b0 1907B83E 		.ascii	"\031\007\270>\005\216\013\240\260\230\014\037\334\376"
 421      058E0BA0 
 421      B0980C1F 
 421      DCFE
 422 03be 9565120D 		.ascii	"\225e\022\015\244\334\377\265L\004\233w\260\326%\200"
 422      A4DCFFB5 
 422      4C049B77 
 422      B0D62580 
 423 03ce E18788A1 		.ascii	"\341\207\210\241\361\024S\256:\361\2548j\253\310.\012"
 423      F11453AE 
 423      3AF1AC38 
 423      6AABC82E 
 423      0A
 424 03df F1B4D855 		.ascii	"\361\264\330U\204R\210\207KBF)\304\323\012Q\227\215"
 424      84528887 
 424      4B424629 
 424      C4D30A51 
ARM GAS  C:\Users\Ridwane\AppData\Local\Temp\ccbVZP5R.s 			page 14


 424      978D
 425 03f1 B68E8287 		.ascii	"\266\216\202\207C\260\236ER\327\255\244\340U#h\316\276"
 425      43B09E45 
 425      52D7ADA4 
 425      E0552368 
 425      CEBE
 426 0403 045184A7 		.ascii	"\004Q\204\247\246\351\377c\3130\232\361G\305(\036J+"
 426      A6E9FF63 
 426      CB309AF1 
 426      47C5281E 
 426      4A2B
 427 0415 6FDE1645 		.ascii	"o\336\026Ex8\240&\011~Gs\252\373\303\010O\371\036\273"
 427      7838A026 
 427      097E4773 
 427      AAFBC308 
 427      4FF91EBB 
 428 0429 78BB2038 		.ascii	"x\273 8\177\365\317-\003i\355\275\232Bv\000\\\021J\033"
 428      7FF5CF2D 
 428      0369EDBD 
 428      9A427600 
 428      5C114A1B 
 429 043d 067FB860 		.ascii	"\006\177\270`\345\234\002<\255w]\273x\234/\215\353\300"
 429      E59C023C 
 429      AD775DBB 
 429      789C2F8D 
 429      EBC0
 430 044f 72D887E6 		.ascii	"r\330\207\346I\355\014\312{\323<\360\353G\276\027\015"
 430      49ED0CCA 
 430      7BD33CF0 
 430      EB47BE17 
 430      0D
 431 0460 E45B0AF8 		.ascii	"\344[\012\370\236\324QS^\310\367\200\263\3476(\3003"
 431      9ED45153 
 431      5EC8F780 
 431      B3E73628 
 431      C033
 432 0472 543F3E95 		.ascii	"T?>\225\002<\\\233O\325\177\206\353C\222\320zOpt\314"
 432      023C5C9B 
 432      4FD57F86 
 432      EB4392D0 
 432      7A4F7074 
 433 0487 29CA3FC2 		.ascii	")\312?\302k\243\177b\371\000zQW\336\203\355\305\275"
 433      6BA37F62 
 433      F9007A51 
 433      57DE83ED 
 433      C5BD
 434 0499 14DEE18C 		.ascii	"\024\336\341\214\363\357\261\274\005\357\312\306Q\374"
 434      F3EFB1BC 
 434      05EFCAC6 
 434      51FC
 435 04a7 06CE7FFF 		.ascii	"\006\316\177\377\000_\303\373\335\001x\370\025\334\231"
 435      005FC3FB 
 435      DD0178F8 
 435      15DC99
 436 04b6 4BBB83F7 		.ascii	"K\273\203\367\360R/\302\342%x\335M\233\255\013\272\274"
 436      F0522FC2 
 436      E22578DD 
ARM GAS  C:\Users\Ridwane\AppData\Local\Temp\ccbVZP5R.s 			page 15


 436      4D9BAD0B 
 436      BABC
 437 04c8 B4123E87 		.ascii	"\264\022>\207\267\375\377\313\362\014\334\015\247\252"
 437      B7FDFFCB 
 437      F20CDC0D 
 437      A7AA
 438 04d6 9DC203F1 		.ascii	"\235\302\003\361\207(~\002\367\314\376\207\3451\275"
 438      87287E02 
 438      F7CCFE87 
 438      E531BD
 439 04e5 6C510A8A 		.ascii	"lQ\012\212\037\301\011-\024\211\016\341\013\277\357"
 439      1FC1092D 
 439      14890EE1 
 439      0BBFEF
 440 04f4 B23C0017 		.ascii	"\262<\000\027\346i\247\266\017\207\371\366\343\356{"
 440      E669A7B6 
 440      0F87F9F6 
 440      E3EE7B
 441 0503 70D7DE09 		.ascii	"p\327\336\011\362w\341\272`\232\025;\360\320Z4\036\267"
 441      F277E1BA 
 441      609A153B 
 441      F0D05A34 
 441      1EB7
 442 0515 0DAF529C 		.ascii	"\015\257R\234\333\002\347\353Q\365M\252K\377_Zn\200"
 442      DB02E7EB 
 442      51F54DAA 
 442      4BFF5F5A 
 442      6E80
 443 0527 411BBF6B 		.ascii	"A\033\277k\271\016\226\204E\341\336k\324\211u\250\331"
 443      B90E9684 
 443      45E1DE6B 
 443      D48975A8 
 443      D9
 444 0538 2AD81AD9 		.ascii	"*\330\032\331\206\354\025\370\304/\012\317Z\206\037"
 444      86EC15F8 
 444      C42F0ACF 
 444      5A861F
 445 0547 1768F15B 		.ascii	"\027h\361[\242\2268\243\305k\221\236\346q\201\252,\300"
 445      A29638A3 
 445      C56B919E 
 445      E67181AA 
 445      2CC0
 446 0559 E9876889 		.ascii	"\351\207h\211y\3604\274\024\227\317\301\335-\264\241"
 446      79F034BC 
 446      1497CFC1 
 446      DD2DB4A1 
 447 0569 9885036F 		.ascii	"\230\205\003o\356(\304\303M\276\237\260\234\246^\334"
 447      EE28C4C3 
 447      4DBE9FB0 
 447      9CA65EDC 
 448 0579 A42DE714 		.ascii	"\244-\347\024\334wM'\210I\370]\377\327,'\300\362]\012"
 448      DC774D27 
 448      8849F85D 
 448      FFD72C27 
 448      C0F25D0A 
 449 058d B9E3F048 		.ascii	"\271\343\360H\025\015\3111\370\350\231\332b\224\272"
 449      150DC931 
ARM GAS  C:\Users\Ridwane\AppData\Local\Temp\ccbVZP5R.s 			page 16


 449      F8E899DA 
 449      6294BA
 450 059c 313A0EE5 		.ascii	"1:\016\345G\340I\277S\224\037\206s\257\276\337r\210"
 450      47E049BF 
 450      53941F86 
 450      73AFBEDF 
 450      7288
 451 05ae 467437D6 		.ascii	"Ft7\326\262A\3602\356\333\226\003`|\025\205\201~8\307"
 451      B241F032 
 451      EEDB9603 
 451      607C1585 
 451      817E38C7 
 452 05c2 E31055ED 		.ascii	"\343\020U\355\243AQ\263L\361\035~M\012\206{\250\352"
 452      A34151B3 
 452      4CF11D7E 
 452      4D0A867B 
 452      A8EA
 453 05d4 57D87E74 		.ascii	"W\330~t\203\303\327\264{\356\202\307\375\223q\273N\270"
 453      83C3D7B4 
 453      7BEE82C7 
 453      FD9371BB 
 453      4EB8
 454 05e6 B8C7138F 		.ascii	"\270\307\023\217\353\200\2476\012)\276\323\374\350\252"
 454      EB80A736 
 454      0A29BED3 
 454      FCE8AA
 455 05f5 407E1BDC 		.ascii	"@~\033\334<\362y\313V\032R\231\365(\336\002\027\264"
 455      3CF279CB 
 455      561A5299 
 455      F528DE02 
 455      17B4
 456 0607 D166BB99 		.ascii	"\321f\273\231\372q\225\316JM\360\313\031\005\245F\232"
 456      FA7195CE 
 456      4A4DF0CB 
 456      1905A546 
 456      9A
 457 0618 4FE7C728 		.ascii	"O\347\307(\337\000\347\215\307\340u\353\341\344\012"
 457      DF00E78D 
 457      C7E075EB 
 457      E1E40A
 458 0627 DA12D4D1 		.ascii	"\332\022\324\321\270\332\305\260\253\245\236:\302\272"
 458      B8DAC5B0 
 458      ABA59E3A 
 458      C2BA
 459 0635 5D432BCF 		.ascii	"]C+\317t\030\256\256\206'\232\003(\302\323(\034C?W\202"
 459      7418AEAE 
 459      86279A03 
 459      28C2D328 
 459      1C433F57 
 460 064a D31BE128 		.ascii	"\323\033\341(^AM\337U\210\272\226\303Y\363\330V\226"
 460      5E414DDF 
 460      5588BA96 
 460      C359F3D8 
 460      5696
 461 065c 81B37D34 		.ascii	"\201\263}4{K\341\312{\354\277K\300\301\311/X\026\203"
 461      7B4BE1CA 
 461      7BECBF4B 
ARM GAS  C:\Users\Ridwane\AppData\Local\Temp\ccbVZP5R.s 			page 17


 461      C0C1C92F 
 461      581683
 462 066f B73DC178 		.ascii	"\267=\301xv\021<WM#\276\220\326\261HZ\325\013\350n\305"
 462      76113C57 
 462      4D23BE90 
 462      D6B1485A 
 462      D50BE86E 
 463 0684 FEB87B3E 		.ascii	"\376\270{><:u\207\374<Z%O\212\221\237K-=D\033\257\034"
 463      3C3A7587 
 463      FC3C5A25 
 463      4F8A919F 
 463      4B2D3D44 
 464 069b 9A028D57 		.ascii	"\232\002\215Wp6\265E\311\037Zf\321\355\374\020^3\301"
 464      7036B545 
 464      C91F5A66 
 464      D1EDFC10 
 464      5E33C1
 465 06ae C27A3A79 		.ascii	"\302z:yd\300+y\177g\231N\023\246\231BD\032\215\222T"
 465      64C02B79 
 465      7F67994E 
 465      13A69942 
 465      441A8D92 
 466 06c3 3A62A7C2 		.ascii	":b\247\302\276\345\277c\231\002\226uQ@K\246\246(:G\361"
 466      BEE5BF63 
 466      99029675 
 466      51404BA6 
 466      A6283A47 
 467 06d8 241A74D1 		.ascii	"$\032t\321\177a\231\010F%|\267e\002\215\201\321a\\\035"
 467      7F619908 
 467      46257CB7 
 467      65028D81 
 467      D1615C1D 
 468 06ec 4F23BC8C 		.ascii	"O#\274\214F|\034\215\201\017\227\236X\012\020\341\371"
 468      467C1C8D 
 468      810F979E 
 468      580A10E1 
 468      F9
 469 06fd 68891878 		.ascii	"h\211\030x=#\015\216\246\226n\317D\371(8s\245\217\316"
 469      3D230D8E 
 469      A6966ECF 
 469      44F92838 
 469      73A58FCE 
 470 0711 EFB47854 		.ascii	"\357\264xTb\335\213\240\011\326L{\203pZ\351RgP<\214"
 470      62DD8BA0 
 470      09D64C7B 
 470      83705AE9 
 470      5267503C 
 471 0726 4649E30B 		.ascii	"FI\343\013\362Ci\314\335m!?\004\256\016:\245\350Nk~"
 471      F24369CC 
 471      DD6D213F 
 471      04AE0E3A 
 471      A5E84E6B 
 472 073b F00F5806 		.ascii	"\360\017X\006\203\236\333W\310\016\242\021>\230E\307"
 472      839EDB57 
 472      C80EA211 
 472      3E9845C7 
 473 074b 779A60AF 		.ascii	"w\232`\2574\342\003\250\351\207\257\3608\1778t\377\307"
ARM GAS  C:\Users\Ridwane\AppData\Local\Temp\ccbVZP5R.s 			page 18


 473      34E203A8 
 473      E987AFF0 
 473      387F3874 
 473      FFC7
 474 075d 2DFD68F1 		.ascii	"-\375h\361h\372\210\245/\270\030\374\257\226>`\351}"
 474      68FA88A5 
 474      2FB818FC 
 474      AF963E60 
 474      E97D
 475 076f 049AC21B 		.ascii	"\004\232\302\033\336;\332\307\315\274\340\030/\232n"
 475      DE3BDAC7 
 475      CDBCE018 
 475      2F9A6E
 476 077e 9E70D570 		.ascii	"\236p\325p3\312{PG%\034Phw\254\257\352\320\317/`C\320"
 476      33CA7B50 
 476      47251C50 
 476      6877ACAF 
 476      EAD0CF2F 
 477 0795 1C457638 		.ascii	"\034Ev8>%\221\";\334\363\360\267\226\217\340m\240?\212"
 477      3E259122 
 477      3BDCF3F0 
 477      B7968FE0 
 477      6DA03F8A 
 478 07a9 3FC0CD9D 		.ascii	"?\300\315\235\275\250\352=\034yF\033\354;x=\346?-o\301"
 478      BDA8EA3D 
 478      1C79461B 
 478      EC3B783D 
 478      E63F2D6F 
 479 07be 9B57DAEF 		.ascii	"\233W\332\357\337\300\001\3414\342\257a\337\\\012\375"
 479      DFC001E1 
 479      34E2AF61 
 479      DF5C0AFD 
 480 07ce 5770     		.ascii	"Wp"
 481 07d0 D4FD31F2 		.ascii	"\324\3751\362\337\303\235't\222\277\204\217\3731\354"
 481      DFC39D27 
 481      7492BF84 
 481      8FFB31EC 
 482 07e0 2EC0A90F 		.ascii	".\300\251\017\227\236sz\\\352W-\317\300\304:\234TN\301"
 482      979E737A 
 482      5CEA572D 
 482      CFC0C43A 
 482      9C544EC1 
 483 07f4 FC3EAC7B 		.ascii	"\374>\254{'`&\035\272\216\301\232\364#\274\312\021<"
 483      2760261D 
 483      BA8EC19A 
 483      F423BCCA 
 483      113C
 484 0806 70D54281 		.ascii	"p\325B\201\035n\211\217DU\016\340\213\207:\344\357\303"
 484      1D6E898F 
 484      44550EE0 
 484      8B873AE4 
 484      EFC3
 485 0818 7979B574 		.ascii	"yy\265tv\207\303\356\321\022\273\340^'\355\260v\250"
 485      7687C3EE 
 485      D112BBE0 
 485      5E27EDB0 
 485      76A8
ARM GAS  C:\Users\Ridwane\AppData\Local\Temp\ccbVZP5R.s 			page 19


 486 082a 25A669F6 		.ascii	"%\246i\366n\303M\005\250\331\026X\267G_\2006\251*g\264"
 486      6EC34D05 
 486      A8D91658 
 486      B7475F80 
 486      36A92A67 
 487 083f 53DF8093 		.ascii	"S\337\200\223\357\\\313u\352\305\211\021\024_\203\203"
 487      EF5CCB75 
 487      EAC58911 
 487      145F8383 
 488 084f 9BE804BA 		.ascii	"\233\350\004\272\012\3474\240\352+`\353B\013\035\336"
 488      0AE734A0 
 488      EA2B60EB 
 488      420B1DDE 
 489 085f E9F2263A 		.ascii	"\351\362&:W,\301\363\357|Q\227Ez\331q\012\375\013\360"
 489      572CC1F3 
 489      EF7C5197 
 489      457AD971 
 489      0AFD0BF0 
 490 0873 5A180EA4 		.ascii	"Z\030\016\244\363`\373T\003n7\007\277\320\210\234\005"
 490      F360FB54 
 490      036E3707 
 490      BFD0889C 
 490      05
 491 0884 332AF015 		.ascii	"3*\360\025c\206\372\3600\202\316\356p\377%Um\012\036"
 491      6386FAF0 
 491      3082CEEE 
 491      70FF2555 
 491      6D0A1E
 492 0897 9C4BA6C8 		.ascii	"\234K\246\310\016\277\333\243\035\326\004\274\234O\307"
 492      0EBFDBA3 
 492      1DD604BC 
 492      9C4FC7
 493 08a6 DD7138AE 		.ascii	"\335q8\256\370\231\016\357p[\000}\234\033\245\312\335"
 493      F8990EEF 
 493      705B007D 
 493      9C1BA5CA 
 493      DD
 494 08b7 D7217F84 		.ascii	"\327!\177\204\206\364\000\205\210a8\360f\014\371CpZ"
 494      86F40085 
 494      886138F0 
 494      660CF943 
 494      705A
 495 08c9 73023C08 		.ascii	"s\002<\010\317e\206\321\351\035\036\273\030\243\323"
 495      CF6586D1 
 495      E91D1EBB 
 495      18A3D3
 496 08d8 3B5C124C 		.ascii	";\\\022L\253z\0375^\306\317Z\366\202w\257\011\310\356"
 496      AB7A1F35 
 496      5EC6CF5A 
 496      F68277AF 
 496      09C8EE
 497 08eb 81F79B28 		.ascii	"\201\367\233(\240uS\376\3406Ew\232Q\363T\375N\252~\364"
 497      A07553FE 
 497      E0364577 
 497      9A51F354 
 497      FD4EAA7E 
 498 0900 149DDE69 		.ascii	"\024\235\336i \325\341+n;\230\340y\215\326k\203\223"
ARM GAS  C:\Users\Ridwane\AppData\Local\Temp\ccbVZP5R.s 			page 20


 498      20D5E12B 
 498      6E3B98E0 
 498      798DD66B 
 498      8393
 499 0912 323751BC 		.ascii	"27Q\274\025\256\276\304\272\335B\023\256\177\011\305"
 499      15AEBEC4 
 499      BADD4213 
 499      AE7F09C5 
 500 0922 9B69065D 		.ascii	"\233i\006]\322\336\240\011^\034\275\240\363;\215\224"
 500      D2DEA009 
 500      5E1CBDA0 
 500      F33B8D94 
 501 0932 13EACB06 		.ascii	"\023\352\313\006\032\011\3014+\352\341\363\030\254e"
 501      1A09C134 
 501      2BEAE1F3 
 501      18AC65
 502 0941 756077E2 		.ascii	"u`w\342W,kA\217E\204\327\032\352\251\000|\260\252\006"
 502      572C6B41 
 502      8F4584D7 
 502      1AEAA900 
 502      7CB0AA06 
 503 0955 0F6EABF0 		.ascii	"\017n\253\360\252U\360\302*}\305\254\204S\237f\360\254"
 503      AA55F0C2 
 503      2A7DC5AC 
 503      84539F66 
 503      F0AC
 504 0967 0A787686 		.ascii	"\012xv\206v\352\3454#\263\343\351\364N-S\023\215\353"
 504      76EAE534 
 504      23B3E3E9 
 504      F44E2D53 
 504      138DEB
 505 097a 4BA9FCD2 		.ascii	"K\251\374\322\013\\\002_W\323\247\271b\3704\221\316"
 505      0B5C025F 
 505      57D3A7B9 
 505      62F83491 
 505      CE
 506 098b 154570D9 		.ascii	"\025Ep\331\"\005\245B8\367\244\015.\200\303\353h\361"
 506      2205A542 
 506      38F7A40D 
 506      2E80C3EB 
 506      68F1
 507 099d CA87BD77 		.ascii	"\312\207\275w\006p\277<j\253\346\032\344\347\302C\261"
 507      0670BF3C 
 507      6AABE61A 
 507      E4E7C243 
 507      B1
 508 09ae 140672E0 		.ascii	"\024\006r\340\210\213t\224\317\206\373Bh\361\313\242"
 508      888B7494 
 508      CF86FB42 
 508      68F1CBA2 
 509 09be AEEBA4AF 		.ascii	"\256\353\244\257\274\2314\220\203.)\300\323\375\013"
 509      BC993490 
 509      832E29C0 
 509      D3FD0B
 510 09cd E8AB693A 		.ascii	"\350\253i:\274\335\3647\226i\224=A\033\354T\032\327"
 510      BCDDF437 
 510      9669943D 
ARM GAS  C:\Users\Ridwane\AppData\Local\Temp\ccbVZP5R.s 			page 21


 510      411BEC54 
 510      1AD7
 511 09df 1903789D 		.ascii	"\031\003x\235\024\232\007A\211\024\341\341\315y\252"
 511      149A0741 
 511      8914E1E1 
 511      CD79AA
 512 09ee 6E123C5D 		.ascii	"n\022<]4\211\333'\322<\211*G~\002\255\315^5p<\274\025"
 512      3489DB27 
 512      D23C892A 
 512      477E02AD 
 512      CD5E3570 
 513 0a05 44FBFD38 		.ascii	"D\373\3758xe\356\357-ciA\243\035A\014\350\345\373\247"
 513      7865EEEF 
 513      2D636941 
 513      A31D410C 
 513      E8E5FBA7 
 514 0a19 96D15438 		.ascii	"\226\321T8\010'\225(Z\316J\302\3204\221\360\310\364"
 514      08279528 
 514      5ACE4AC2 
 514      D03491F0 
 514      C8F4
 515 0a2b 3F5946D0 		.ascii	"?YF\3208\012\240\215W8\374\230\373J\361\235\346\324"
 515      380AA08D 
 515      5738FC98 
 515      FB4AF19D 
 515      E6D4
 516 0a3d 25FD1D24 		.ascii	"%\375\035$\024~\315\247\317\371!po5\035w\337\321\332"
 516      147ECDA7 
 516      CFF92170 
 516      6F351D77 
 516      DFD1DA
 517 0a50 9D380207 		.ascii	"\2358\002\007\303\331\2258\220\006QG\254?\340v\201\360"
 517      C3D99538 
 517      90065147 
 517      AC3FE076 
 517      81F0
 518 0a62 C43A9DBA 		.ascii	"\304:\235\272\002\340\306\253\015:\275SG\336S\310\365"
 518      02E0C6AB 
 518      0D3ABD53 
 518      47DE53C8 
 518      F5
 519 0a73 833B12E9 		.ascii	"\203;\022\351\004\352\013\373DQ\307\371\320\234\315"
 519      04EA0BFB 
 519      4451C7F9 
 519      D09CCD
 520 0a82 CAC6FDBC 		.ascii	"\312\306\375\274\251\251<\252\351\363<M\371Nl?<\251"
 520      A9A93CAA 
 520      E9F33C4D 
 520      F94E6C3F 
 520      3CA9
 521 0a94 713A6F51 		.ascii	"q:oQ\334\003\336i)\201_\361W\242\275\235\011\370\005"
 521      DC03DE69 
 521      29815FF1 
 521      57A2BD9D 
 521      09F805
 522 0aa7 4EB8FC98 		.ascii	"N\270\374\230\3453\030\270O\201\356\011\036\352\247"
 522      E53318B8 
ARM GAS  C:\Users\Ridwane\AppData\Local\Temp\ccbVZP5R.s 			page 22


 522      4F81EE09 
 522      1EEAA7
 523 0ab6 48F408A7 		.ascii	"H\364\010\247\255\344\340\362\007\330\367\371\267-\357"
 523      ADE4E0F2 
 523      07D8F7F9 
 523      B72DEF
 524 0ac5 C1932B6C 		.ascii	"\301\223+l+\357\300\254\263A\\}\013\327\277\363\306"
 524      2BEFC0AC 
 524      B3415C7D 
 524      0BD7BFF3 
 524      C6
 525 0ad6 D537F065 		.ascii	"\3257\360e\3068|\015w<\215\243\374\025\034\033\263\210"
 525      C6387C0D 
 525      773C8DA3 
 525      FC151C1B 
 525      B388
 526 0ae8 FCF7F053 		.ascii	"\374\367\360S2m(.\351\351E4\211/\340\364\231&t\3459"
 526      326D282E 
 526      E9E94534 
 526      892FE0F4 
 526      992674E5 
 527 0afd 1CDE84F5 		.ascii	"\034\336\204\365\354\014,\011\374\007\313S\260\263+"
 527      EC0C2C09 
 527      FC07CB53 
 527      B0B32B
 528 0b0c 9B0EEFB0 		.ascii	"\233\016\357\260\337Z\027\236vLO\013\301\007\253#p\361"
 528      DF5A179E 
 528      764C4F0B 
 528      C107AB23 
 528      70F1
 529 0b1e 0561F110 		.ascii	"\005a\361\020\214\014\306W\214\003\320\307\363\211\316"
 529      8C0CC657 
 529      8C03D0C7 
 529      F389CE
 530 0b2d EEE452EC 		.ascii	"\356\344R\354\277\367\300\335\016\254u\273\340\354="
 530      BFF7C0DD 
 530      0EAC75BB 
 530      E0EC3D
 531 0b3c 46F40E78 		.ascii	"F\364\016xSC\237\346\266\341\240\036:yl\301\211\315"
 531      53439FE6 
 531      B6E1A01E 
 531      3A796CC1 
 531      89CD
 532 0b4e 347B36E1 		.ascii	"4{6\341\347\313\\\224\337\2003<\376\314r\035\364N\373"
 532      E7CB5C94 
 532      DF80333C 
 532      FECC721D 
 532      F44EFB
 533 0b61 49CB3570 		.ascii	"I\3135p\365\351\313\226\253\340\340\232\266\\\001Ks"
 533      F5E9CB96 
 533      ABE0E09A 
 533      B65C014B 
 533      73
 534 0b72 E824BF4C 		.ascii	"\350$\277L\357r\377[\226K\324E\2457x\364\"\274\236A"
 534      EF72FF5B 
 534      964BD445 
 534      A53778F4 
ARM GAS  C:\Users\Ridwane\AppData\Local\Temp\ccbVZP5R.s 			page 23


 534      22BC9E41 
 535 0b86 9BED05D8 		.ascii	"\233\355\005\330#\207v\007\363T~\335\217\302;|\235J"
 535      23877607 
 535      F3547EDD 
 535      8FC23B7C 
 535      9D4A
 536 0b98 5F4D67E1 		.ascii	"_Mg\341\262g\332=\317\300\323a;(?\015\027\257S\247L"
 536      B267DA3D 
 536      CFC0D361 
 536      3B283F0D 
 536      17AF53A7 
 537 0bad 515D0669 		.ascii	"Q]\006i\3139\011\007\234\321\220\230\200\263\203[)\300"
 537      CB390907 
 537      9CD19098 
 537      80B3835B 
 537      29C0
 538 0bbf C34593B4 		.ascii	"\303E\223\2648\214Q\345\203\351\375F\341\225Z\012\370"
 538      388C51E5 
 538      83E9FD46 
 538      E1955A0A 
 538      F8
 539 0bd0 2370663F 		.ascii	"#pf?5\3450|\347M_1\207\250\247nh\2476\010\237\017\320"
 539      35E5307C 
 539      E74D5F31 
 539      87A8A76E 
 539      68A73608 
 540 0be7 57DE019A 		.ascii	"W\336\001\232\020s\364\005\250\237\352S\021\202\353"
 540      1073F405 
 540      A89FEA53 
 540      1182EB
 541 0bf6 FB6810F5 		.ascii	"\373h\020\365\320B\332\013\373\017\321f\253\007~|\374"
 541      D042DA0B 
 541      FB0FD166 
 541      AB077E7C 
 541      FC
 542 0c07 30C27F38 		.ascii	"0\302\1778\312h\303\320EC:\202>\316uR{\346 \206vPs\277"
 542      CA68C3D0 
 542      45433A82 
 542      3ECE7552 
 542      7BE62086 
 543 0c1f 50586C87 		.ascii	"PXl\207\243f\350s\376\267,\233\322\350\250\364M\313"
 543      A366E873 
 543      FEB72C9B 
 543      D2E8A8F4 
 543      4DCB
 544 0c31 D3A869DC 		.ascii	"\323\250i\334\374\033\226\011\3454\235\276n\351\271"
 544      FC1B9609 
 544      E5349DBE 
 544      6EE9B9
 545 0c40 9089C25F 		.ascii	"\220\211\302_\263\354;\362A\341\257\242\341\212\363"
 545      B3EC3BF2 
 545      41E1AFA2 
 545      E18AF3
 546 0c4f 90FB1B96 		.ascii	"\220\373\033\226c]i\270\366\327-wB\350h\375\025\313"
 546      635D69B8 
 546      F6D72D77 
 546      42E868FD 
ARM GAS  C:\Users\Ridwane\AppData\Local\Temp\ccbVZP5R.s 			page 24


 546      15CB
 547 0c61 9E163A38 		.ascii	"\236\026:8|\331r\344\240\011\374\022\352t,\255\276h"
 547      7CD972E4 
 547      A009FC12 
 547      EA742CAD 
 547      BE68
 548 0c73 B5174D4B 		.ascii	"\265\027MK\312\027\320\300\355\337\264\3725\253\371"
 548      CA17D0C0 
 548      EDDFB4FA 
 548      35ABF9
 549 0c82 E25C647E 		.ascii	"\342\\d~\036\275\333|\206\352\375*:\277\031g\245\317"
 549      1EBDDB7C 
 549      86EAFD2A 
 549      3ABF1967 
 549      A5CF
 550 0c94 59E577FE 		.ascii	"Y\345w\376\201\325g\255\342;\361\315\366W\254\272\233"
 550      81D567AD 
 550      E23BF1CD 
 550      F657ACBA 
 550      9B
 551 0ca5 BFCFEA97 		.ascii	"\277\317\352\2271\250\0121\263\177\311\312k\223\376"
 551      31A80A31 
 551      B37FC9CA 
 551      6B93FE
 552 0cb4 E4F18B96 		.ascii	"\344\361\213\226\267\024\250?c\177?m\377\337C\037\366"
 552      B714A83F 
 552      637F3F6D 
 552      FFDF431F 
 552      F6
 553 0cc5 26F86BDF 		.ascii	"&\370k\337\317\333\337\237\263\277\330\276\375\214\375"
 553      CFDBDF9F 
 553      B3BFD8BE 
 553      FD8CFD
 554 0cd4 FD69FBFB 		.ascii	"\375i\373\373)\373\373I{\335\353\253\375\243\350\307"
 554      29FBFB49 
 554      7BDDEBAB 
 554      FDA3E8C7 
 555 0ce4 1DEC6530 		.ascii	"\035\354e0-\177\302\376\342\315\361\027\006|\274\302"
 555      2D7FC2FE 
 555      E2CDF117 
 555      067CBCC2 
 556 0cf4 C7871FB1 		.ascii	"\307\207\037\261\027\242\226\370s\310\017\331_\374="
 556      17A296F8 
 556      73C80FD9 
 556      5FFC3D
 557 0d03 EE633657 		.ascii	"\356c6W\331\177\377\240\375\267\260\377\376\250\375"
 557      D97FFFA0 
 557      FDB7B0FF 
 557      FEA8FD
 558 0d12 375E12F1 		.ascii	"7^\022\361\340#\350\323vz\001|\221B#|\257\375E\024\303"
 558      E023E8D3 
 558      767A017C 
 558      9142237C 
 558      AFFD4514 
 559 0d27 41021FDF 		.ascii	"A\002\037\337\\\272\304\003\357\206e\002\317B\207\341"
 559      5CBAC403 
 559      EF866502 
ARM GAS  C:\Users\Ridwane\AppData\Local\Temp\ccbVZP5R.s 			page 25


 559      CF4287E1 
 560 0d37 59B821FB 		.ascii	"Y\270!\373\226W\200\307z\257\363\235/,\273_\\v7\335"
 560      965780C7 
 560      7AAFF39D 
 560      2F2CBB5F 
 560      5C7637DD 
 561 0d4b 6577E32D 		.ascii	"ew\343-\255\277\245\265\267\264\372\226V\336\322\227"
 561      ADBFA5B5 
 561      B7B4FA96 
 561      56DED297 
 562 0d5b A6DD2577 		.ascii	"\246\335%w\332]|K\013oi\376-\315\275\245\331\2674\363"
 562      DA5D7C4B 
 562      0B6F69FE 
 562      2DCDBDA5 
 562      D9B734F3 
 563 0d6f 96A6DC7E 		.ascii	"\226\246\334~w\322\235p\307\3351w\324\035q\207\337<"
 563      77D29D70 
 563      C7DD3177 
 563      D41D7187 
 563      DF3C
 564 0d81 F49606DF 		.ascii	"\364\226\006\337\322\300[\352s\333\334\336\267\324\363"
 564      D2C05BEA 
 564      73DBDCDE 
 564      B7D4F3
 565 0d90 96BADF52 		.ascii	"\226\272\337R\327[\352|K\035o\251\375-\265\272\265n"
 565      D75BEA7C 
 565      4B1D6FA9 
 565      FD2DB5BA 
 565      B56E
 566 0da2 CB5B6A7E 		.ascii	"\313[j~KMo\251\361-5\274\245\372\267T\367\226j\334:"
 566      4B4D6FA9 
 566      F12D35BC 
 566      A5FAB754 
 566      F7966ADC 
 567 0db7 A7DAAD72 		.ascii	"\247\332\255r+\335\012\267\334-sK\335\022\267\330-r"
 567      2BDD0AB7 
 567      DC2D734B 
 567      DD12B7D8 
 567      2D72
 568 0dc9 0BDD0237 		.ascii	"\013\335\0027\337\315ss\335\0347\333\315r3\335\0147"
 568      DFCD7373 
 568      DD1C37DB 
 568      CD7233DD 
 568      0C37
 569 0ddb DD4D7353 		.ascii	"\335MsS\335\0247\331Mr\023\335\0047\336\215sc\335\030"
 569      DD1437D9 
 569      4D7213DD 
 569      0437DE8D 
 569      7363DD18 
 570 0def 37DA8D72 		.ascii	"7\332\215r#\335\0107\334\015sC\335\020\367\235\033\354"
 570      23DD0837 
 570      DC0D7343 
 570      DD10F79D 
 570      1BEC
 571 0e01 06B9816E 		.ascii	"\006\271\201n\200\353\357\372\271\276\256\217\353\355"
 571      80EBEFFA 
 571      B9BEAE8F 
ARM GAS  C:\Users\Ridwane\AppData\Local\Temp\ccbVZP5R.s 			page 26


 571      EBED
 572 0e0f 7AB99EAE 		.ascii	"z\271\236\256\207\373j^\314\263y2\217\346\301\334\233"
 572      87FB6A5E 
 572      CCB37932 
 572      8FE6C1DC 
 572      9B
 573 0e20 3B736B6E 		.ascii	";skn\314\265\2712\357\315\245\2710\347\346\314\234\232"
 573      CCB5B932 
 573      EFCDA5B9 
 573      30E7E6CC 
 573      9C9A
 574 0e32 13736C8E 		.ascii	"\023sl\216\314\24190\373f\317\354\232\035\263m\266\314"
 574      CCA13930 
 574      FB66CFEC 
 574      9A1DB36D 
 574      B6CC
 575 0e44 A6D930EB 		.ascii	"\246\3310\353f\315\254\232\025\263l\226\314\242Y0\363"
 575      66CDAC9A 
 575      15B36C96 
 575      CCA25930 
 575      F3
 576 0e55 66CECC9A 		.ascii	"f\316\314\232\0313m\246\314\244\2310\343f\314\214\232"
 576      19336DA6 
 576      CCA49930 
 576      E366CC8C 
 576      9A
 577 0e66 11336C86 		.ascii	"\0213l\206\314\240\0310\375\246\317\364\232\036\323"
 577      CCA01930 
 577      FDA6CFF4 
 577      9A1ED3
 578 0e75 6DBA4CA7 		.ascii	"m\272L\247\3510\355\246\315\264\232\026\323l\232L\243"
 578      E930EDA6 
 578      CDB49A16 
 578      D36C9A4C 
 578      A3
 579 0e86 6930F5A6 		.ascii	"i0\365\246\316\324\232\032Sm\252L\245\2510\345\246\314"
 579      CED49A1A 
 579      536DAA4C 
 579      A5A930E5 
 579      A6CC
 580 0e98 949A1253 		.ascii	"\224\232\022Sl\212L\241)0\371&\317\344\232\034\223m"
 580      6C8A4CA1 
 580      2930F926 
 580      CFE49A1C 
 580      936D
 581 0eaa B24CA6C9 		.ascii	"\262L\246\3110\351&\315\244\232\024\223l\222L\242I0"
 581      30E926CD 
 581      A49A1493 
 581      6C924CA2 
 581      4930
 582 0ebc F126CEC4 		.ascii	"\361&\316\304\232\030\023m\242L\244\2110\341&\314\204"
 582      9A18136D 
 582      A24CA489 
 582      30E126CC 
 582      84
 583 0ecd 9A10F3CE 		.ascii	"\232\020\363\316\004\233 \023h\002\214\277\3613\276"
 583      049B2013 
ARM GAS  C:\Users\Ridwane\AppData\Local\Temp\ccbVZP5R.s 			page 27


 583      68028CBF 
 583      F133BE
 584 0edc C6C7781B 		.ascii	"\306\307x\033/\343i<\314\253~\321\317\372I?\352\007"
 584      2FE3693C 
 584      CCAB7ED1 
 584      CFFA493F 
 584      EA07
 585 0eee 7DAFEFF4 		.ascii	"}\257\357\364\255\276\321\327\372J\277\327\227\372B"
 585      ADBED1D7 
 585      FA4ABFD7 
 585      97FA42
 586 0efd 9FEB337D 		.ascii	"\237\3533}\252O\364\261>\322\207\372@\357\353=\275\253"
 586      AA4FF4B1 
 586      3ED287FA 
 586      40EFEB3D 
 586      BDAB
 587 0f0f 77F4B6DE 		.ascii	"w\364\266\336\322\233zC\257\3535\275\252W\364\262^\322"
 587      D29B7A43 
 587      AFEB35BD 
 587      AA57F4B2 
 587      5ED2
 588 0f21 8B7A41CF 		.ascii	"\213zA\317\3539=\253g\364\264\236\322\223zB\217\353"
 588      EB393DAB 
 588      67F4B49E 
 588      D2937A42 
 588      8FEB
 589 0f33 313DAA47 		.ascii	"1=\252G\364\260\036\322\203z@\367\353>\335\253{t\267"
 589      F4B01ED2 
 589      837A40F7 
 589      EB3EDDAB 
 589      7B74B7
 590 0f46 EED29DBA 		.ascii	"\356\322\235\272C\267\3536\335\252[t\263n\322\215\272"
 590      43B7EB36 
 590      DDAA5B74 
 590      B36ED28D 
 590      BA
 591 0f57 41D7EB3A 		.ascii	"A\327\353:]\253kt\265\256\322\225\272B\227\3532]\252"
 591      5DAB6B74 
 591      B5AED295 
 591      BA4297EB 
 591      325DAA
 592 0f6a 4B74B12E 		.ascii	"Kt\261.\322\205\272@\347\353<\235\253st\266\316\322"
 592      D285BA40 
 592      E7EB3C9D 
 592      AB7374B6 
 592      CED2
 593 0f7c 993A43A7 		.ascii	"\231:C\247\3534\235\252St\262N\322\211:A\307\3538\035"
 593      EB349DAA 
 593      5374B24E 
 593      D2893A41 
 593      C7EB381D 
 594 0f90 AB6374B4 		.ascii	"\253ct\264\216\322\221:B\207\3530\035\252C\364"
 594      8ED2913A 
 594      4287EB30 
 594      1DAA43F4 
 595 0fa0 3B1DAC83 		.ascii	";\035\254\203t\240\016\320\376\332O\373j\037\355\255"
 595      74A00ED0 
ARM GAS  C:\Users\Ridwane\AppData\Local\Temp\ccbVZP5R.s 			page 28


 595      FEDA4FFB 
 595      6A1FEDAD 
 596 0fb0 BDB4A7F6 		.ascii	"\275\264\247\366\320\257\352E=\253'\365\250\036\324"
 596      D0AFEA45 
 596      3DAB27F5 
 596      A81ED4
 597 0fbf BDBA53B7 		.ascii	"\275\272S\267\352F]\253+\365^]\252\013u\256\316\324"
 597      EA465DAB 
 597      2BF55E5D 
 597      AA0B75AE 
 597      CED4
 598 0fd1 A93A51C7 		.ascii	"\251:Q\307\352H\035\252\003\265\257\366\324\256\332"
 598      EA481DAA 
 598      03B5AFF6 
 598      D4AEDA
 599 0fe0 51DB6A4B 		.ascii	"Q\333jKm\252\015\265\256\326\324\252ZQ\313jI-\252\005"
 599      6DAA0DB5 
 599      AED6D4AA 
 599      5A51CB6A 
 599      492DAA05 
 600 0ff4 35AFE6D4 		.ascii	"5\257\346\324\254\232Q\323jJM\252"
 600      AC9A51D3 
 600      6A4A4DAA 
 601 1000 0935AEC6 		.ascii	"\0115\256\306\324\250\032Q\303jH\015\252\001\325\257"
 601      D4A81A51 
 601      C36A480D 
 601      AA01D5AF 
 602 1010 FA54AFEA 		.ascii	"\372T\257\352Q\335\252Ku\252\016\325\256\332T\253jQ"
 602      51DDAA4B 
 602      75AA0ED5 
 602      AEDA54AB 
 602      6A51
 603 1022 CDAA4935 		.ascii	"\315\252I5\252\006U\257\352T\255\252Q\325\252JU\252"
 603      AA0655AF 
 603      EA54ADAA 
 603      51D5AA4A 
 603      55AA
 604 1034 0A55AECA 		.ascii	"\012U\256\312T\251*Q\305\252H\025\252\002\225\257\362"
 604      54A92A51 
 604      C5AA4815 
 604      AA0295AF 
 604      F2
 605 1045 54AECA51 		.ascii	"T\256\312Q\331*Ke\252\014\225\256\322T\252JQ\311*I%"
 605      D92A4B65 
 605      AA0C95AE 
 605      D254AA4A 
 605      51C92A49 
 606 105a AA0415AF 		.ascii	"\252\004\025\257\342T\254\212Q\321*JE\252\010\025\256"
 606      E254AC8A 
 606      51D12A4A 
 606      45AA0815 
 606      AE
 607 106b C254A80A 		.ascii	"\302T\250\012Q\357T\260\012R\201*@\371+?\345\253|\224"
 607      51EF54B0 
 607      0A52812A 
 607      40F92B3F 
 607      E5AB7C94 
ARM GAS  C:\Users\Ridwane\AppData\Local\Temp\ccbVZP5R.s 			page 29


 608 107f B7F2529E 		.ascii	"\267\362R\236\312C\275\312\027\371,\237\344\243|\220"
 608      CA43BDCA 
 608      17F92C9F 
 608      E4A37C90 
 609 108f F7F24EDE 		.ascii	"\367\362N\336\312\033y-\257\344{y)/\344\271<\223\247"
 609      CA1B792D 
 609      AFE47B79 
 609      292FE4B9 
 609      3C93A7
 610 10a2 F2441ECB 		.ascii	"\362D\036\313#y(\017\344\276\334\223\273rGn\313-\271"
 610      2379280F 
 610      E4BEDC93 
 610      BB72476E 
 610      CB2DB9
 611 10b5 2937E4BA 		.ascii	")7\344\272\\\223\253rE.\313%\271(\027\344\274\234\223"
 611      5C93AB72 
 611      452ECB25 
 611      B92817E4 
 611      BC9C93
 612 10c8 B372464E 		.ascii	"\263rFN\313)9)'\344\270\034\223\243rD\016\313!9(\007"
 612      CB293929 
 612      27E4B81C 
 612      93A37244 
 612      0ECB2139 
 613 10de 64BFEC93 		.ascii	"d\277\354\223\275\262Gv\313.\331);d\273l\223\255\262"
 613      BDB24776 
 613      CB2ED929 
 613      3B64BB6C 
 613      93ADB2
 614 10f1 4536CB26 		.ascii	"E6\313&\331(\033d\275\254\223\265\262FV\313*Y)+d\271"
 614      D9281B64 
 614      BDAC93B5 
 614      B24656CB 
 614      2A59292B 
 615 1107 2C93A5B2 		.ascii	",\223\245\262D\026\313\"Y(\013d\276\314\223\2712Gf\313"
 615      4416CB22 
 615      59280B64 
 615      BECC93B9 
 615      324766CB 
 616 111b 2C992933 		.ascii	",\231)3d\272L\223\2512E&\313$\231(\023d\274\214\223"
 616      64BA4C93 
 616      A9324526 
 616      CB249928 
 616      1364BC8C 
 617 1130 B1324646 		.ascii	"\2612FF\313(\031)#d\270\014\223\2412D\276\223\3012H"
 617      CB281929 
 617      2364B80C 
 617      93A13244 
 617      BE93C132 
 618 1145 06CA00E9 		.ascii	"\006\312\000\351/\375\244\257\364\221\336\322KzJ\017"
 618      2FFDA4AF 
 618      F491DED2 
 618      4B7A4A0F 
 619 1155 F92A5EC4 		.ascii	"\371*^\304\263x\022\217\342A\334\213;q+n\304\265\270"
 619      B378128F 
 619      E241DC8B 
 619      3B712B6E 
ARM GAS  C:\Users\Ridwane\AppData\Local\Temp\ccbVZP5R.s 			page 30


 619      C4B5B8
 620 1168 12EFC5A5 		.ascii	"\022\357\305\245\270\020\347\342L\234\212\023q,\216"
 620      B810E7E2 
 620      4C9C8A13 
 620      712C8E
 621 1177 C4A13810 		.ascii	"\304\2418\020\373bO\354\212\035\261-\266\304\246\330"
 621      FB624FEC 
 621      8A1DB12D 
 621      B6C4A6D8 
 622 1187 10EB624D 		.ascii	"\020\353bM\254\212\025\261,\226\304\242X\020\363bN\314"
 622      AC8A15B1 
 622      2C96C4A2 
 622      5810F362 
 622      4ECC
 623 1199 8A19312D 		.ascii	"\212\0311-\246\304\244\230\020\343bL\214\212\0211,\206"
 623      A6C4A498 
 623      10E3624C 
 623      8C8A1131 
 623      2C86
 624 11ab C4A01810 		.ascii	"\304\240\030\020\375\242O\364\212\036\321-\272D\247"
 624      FDA24FF4 
 624      8A1ED12D 
 624      BA44A7
 625 11ba E810EDA2 		.ascii	"\350\020\355\242M\264\212\026\321,\232D\243h\020\365"
 625      4DB48A16 
 625      D12C9A44 
 625      A36810F5 
 626 11ca A24ED48A 		.ascii	"\242N\324\212\032Q-\252D\245\250\020\345\242L\224\212"
 626      1A512DAA 
 626      44A5A810 
 626      E5A24C94 
 626      8A
 627 11db 12512C8A 		.ascii	"\022Q,\212D\241(\020\371\"O\344\212\034\221-\262D\246"
 627      44A12810 
 627      F9224FE4 
 627      8A1C912D 
 627      B244A6
 628 11ee C810E922 		.ascii	"\310\020\351\"M\244\212\024\221,\222D\242H\020\361\""
 628      4DA48A14 
 628      912C9244 
 628      A24810F1 
 628      22
 629 11ff 4EC48A18 		.ascii	"N\304\212\030\021-\242D\244\210\020\341\"L\204\212\020"
 629      112DA244 
 629      A48810E1 
 629      224C848A 
 629      10
 630 1210 F14E048B 		.ascii	"\361N\004\213 \021(\002\204\277\360\023\276\302Gx\013"
 630      20112802 
 630      84BFF013 
 630      BEC24778 
 630      0B
 631 1221 2FE1293C 		.ascii	"/\341)<\304+\177\341\317\374\211?\362\007~\317\357\370"
 631      C42B7FE1 
 631      CFFC893F 
 631      F2077ECF 
 631      EFF8
ARM GAS  C:\Users\Ridwane\AppData\Local\Temp\ccbVZP5R.s 			page 31


 632 1233 2DBFE1D7 		.ascii	"-\277\341\327\374\212\277\347\227\374\202\237\3633~"
 632      FC8ABFE7 
 632      97FC829F 
 632      F3337E
 633 1242 CA4FF831 		.ascii	"\312O\3701?\342\207\374\200\357\363=\276\313w\3706\337"
 633      3FE287FC 
 633      80EFF33D 
 633      BECB77F8 
 633      36DF
 634 1254 E29B7C83 		.ascii	"\342\233|\203\257\3635\276\312W\3702_\342\213|\201\317"
 634      AFF335BE 
 634      CA57F832 
 634      5FE28B7C 
 634      81CF
 635 1266 F3393ECB 		.ascii	"\3639>\313g\3704\237\342\223|\202\217\3631>\312G\370"
 635      67F8349F 
 635      E2937C82 
 635      8FF3313E 
 635      CA47F8
 636 1279 301FE283 		.ascii	"0\037\342\203|\200\367\363>\336\313{x7\357\342\235\274"
 636      7C80F7F3 
 636      3EDECB7B 
 636      7837EFE2 
 636      9DBC
 637 128b 83B7F336 		.ascii	"\203\267\3636\336\312[x3o\342\215\274\201\327\363:^"
 637      DECA5B78 
 637      336FE28D 
 637      BC81D7F3 
 637      3A5E
 638 129d CB6B7835 		.ascii	"\313kx5\257\342\225\274\202\227\3632^\312Kx1/\342\205"
 638      AFE295BC 
 638      8297F332 
 638      5ECA4B78 
 638      312FE285 
 639 12b1 BC80E7F3 		.ascii	"\274\200\347\363<\236\313sx6\317\342\231<\203\247\363"
 639      3C9ECB73 
 639      7836CFE2 
 639      993C83A7 
 639      F3
 640 12c2 349ECA53 		.ascii	"4\236\312Sx2O\342\211<\201\307\3638\036\313cx4\217\342"
 640      78324FE2 
 640      893C81C7 
 640      F3381ECB 
 640      6378348F 
 641 12d7 913C8287 		.ascii	"\221<\202\207\3630\036\312C\370;\036\314\203x \017\340"
 641      F3301ECA 
 641      43F83B1E 
 641      CC837820 
 641      0FE0
 642 12e9 FEDC8FFB 		.ascii	"\376\334\217\373r\037\356\315\275\270'\367\340\257\354"
 642      721FEECD 
 642      BDB827F7 
 642      E0AFEC
 643 12f8 853DB327 		.ascii	"\205=\263'\366\310\036\330=\273c\267\354\206]\263+\366"
 643      F6C81ED8 
 643      3DBB63B7 
 643      EC865DB3 
ARM GAS  C:\Users\Ridwane\AppData\Local\Temp\ccbVZP5R.s 			page 32


 643      2BF6
 644 130a 9E5DB20B 		.ascii	"\236]\262\013v\316\316\330);a\307\354\210\035\262\003"
 644      76CECED8 
 644      293B61C7 
 644      EC881DB2 
 644      03
 645 131b B6CFF6D8 		.ascii	"\266\317\366\330.\333a\333l\213m\262\015\266\316\326"
 645      2EDB61DB 
 645      6C8B6DB2 
 645      0DB6CED6 
 646 132b D82A5B61 		.ascii	"\330*[a\313l\211-\262\0056\317\346\330,\233a\323l\212"
 646      CB6C892D 
 646      B20536CF 
 646      E6D82C9B 
 646      61D36C8A 
 647 133f 4DB20936 		.ascii	"M\262\0116\316\306\330(\033a\303l\210\015\262\001\326"
 647      CEC6D828 
 647      1B61C36C 
 647      880DB201 
 647      D6
 648 1350 CFFA582F 		.ascii	"\317\372X/\353a\335\254\213u\262\016\326\316\332X+k"
 648      EB61DDAC 
 648      8B75B20E 
 648      D6CEDA58 
 648      2B6B
 649 1362 61CDAC89 		.ascii	"a\315\254\2115\262\006V\317\352X-\253a\325\254\212U"
 649      35B20656 
 649      CFEA582D 
 649      AB61D5AC 
 649      8A55
 650 1374 B20A56CE 		.ascii	"\262\012V\316\312X)+a\305\254\210\025\262\002\226\317"
 650      CA58292B 
 650      61C5AC88 
 650      15B20296 
 650      CF
 651 1385 F2582ECB 		.ascii	"\362X.\313a\331,\213e\262\014\226\316\322X*Ka\311,\211"
 651      61D92C8B 
 651      65B20C96 
 651      CED2582A 
 651      4B61C92C 
 652 139a 25B20416 		.ascii	"%\262\004\026\317\342X,\213a\321,\212E\262\010\026\316"
 652      CFE2582C 
 652      8B61D12C 
 652      8A45B208 
 652      16CE
 653 13ac C258280B 		.ascii	"\302X(\013a\357X0\013b\201,\200\3713?\346\313|\2307"
 653      61EF5830 
 653      0B62812C 
 653      80F9333F 
 653      E6CB7C98 
 654 13c1 F3629ECC 		.ascii	"\363b\236\314\203\275:/\316\263\363\344<:\017\316\275"
 654      83BD3A2F 
 654      CEB3F3E4 
 654      3C3A0FCE 
 654      BD
 655 13d2 73E7DC3A 		.ascii	"s\347\334:7\316\265s\345\274w.\235\013\347\3349sN\235"
 655      37CEB573 
ARM GAS  C:\Users\Ridwane\AppData\Local\Temp\ccbVZP5R.s 			page 33


 655      E5BC772E 
 655      9D0BE7DC 
 655      39734E9D 
 656 13e6 13E7D839 		.ascii	"\023\347\3309r\016\235\003g\337\331sv\235\035g\333\331"
 656      720E9D03 
 656      67DFD973 
 656      769D1D67 
 656      DBD9
 657 13f8 72369D0D 		.ascii	"r6\235\015g\335YsV\235\025g\331Yr\026\235\005g\336\231"
 657      67DD5973 
 657      569D1567 
 657      D9597216 
 657      9D0567DE 
 658 140d 73669D19 		.ascii	"sf\235\031g\332\231r&\235\011g\334\031sF\235\021g\330"
 658      67DA9972 
 658      269D0967 
 658      DC197346 
 658      9D1167D8 
 659 1421 1972069D 		.ascii	"\031r\006\235\001\247\337\351sz\235\036\247\333\351"
 659      01A7DFE9 
 659      737A9D1E 
 659      A7DBE9
 660 1430 723A9D0E 		.ascii	"r:\235\016\247\335isZ\235\026\247\331ir\032\235\006"
 660      A7DD6973 
 660      5A9D16A7 
 660      D969721A 
 660      9D06
 661 1442 A7DEA973 		.ascii	"\247\336\251s>\370\177UI\341\357"
 661      3EF87F55 
 661      49E1EF
 662              		.text
 663              		.section	.gnu.lto_.symbol_nodes.8e7eef2a,"e",%progbits
 664 0000 789CE362 		.ascii	"x\234\343b\000\002V\006\206F'\020\003\000\005\027\000"
 664      00025606 
 664      86462710 
 664      03000517 
 664      00
 665 0011 D3       		.ascii	"\323"
 666              		.text
 667              		.section	.gnu.lto_.refs.8e7eef2a,"e",%progbits
 668 0000 789C6364 		.ascii	"x\234cd\000\002\000\000\012\000\002"
 668      00020000 
 668      0A0002
 669              		.text
 670              		.section	.gnu.lto_.decls.8e7eef2a,"e",%progbits
 671 0000 789CD363 		.ascii	"x\234\323cd`\230\314\300\300 \003\304\377\201\200\011"
 671      646098CC 
 671      C0C02003 
 671      C4FF8180 
 671      09
 672 0011 485F0662 		.ascii	"H_\006b\2400\303) \236\312\010a\237\004b\016&\006\266"
 672      A030C329 
 672      209ECA08 
 672      619F0462 
 672      0E2606B6 
 673 0025 3B0C8C0A 		.ascii	";\014\214\012,L\347_\255\277\315\316\011\024\332\301"
 673      2C4CE75F 
ARM GAS  C:\Users\Ridwane\AppData\Local\Temp\ccbVZP5R.s 			page 34


 673      ADBFCDCE 
 673      0914DAC1 
 674 0035 C8C0A1CC 		.ascii	"\310\300\241\314\300\302t\344\354\241-\334@\201]\214"
 674      C0C274E4 
 674      ECA12DDC 
 674      40815D8C 
 675 0045 3B1919D8 		.ascii	";\031\031\330\204\031\037\010\262\21126\3641rh3\230"
 675      84191F08 
 675      B2893236 
 675      F4317268 
 675      3398
 676 0057 36804193 		.ascii	"6\200A\2234\303>\220A\014\014\266<@\005\333Y\200\004"
 676      34C33E90 
 676      410C0CB6 
 676      3C4005DB 
 676      598004
 677 006a 0B5011D0 		.ascii	"\013P\021\320\264I/>\236f\341\007\252\371\320p\240\205"
 677      B4492F3E 
 677      9E66E107 
 677      AAF9D070 
 677      A085
 678 007c 53F810E3 		.ascii	"S\370\020\343A\240\302\303\214\014\206\007\030\331\330"
 678      41A0C2C3 
 678      8C0C8607 
 678      18D9D8
 679 008b 1941AE62 		.ascii	"\031A\256b\007\322 C*8\002\200\226}<\332\320\301\017"
 679      07D22043 
 679      2A380280 
 679      967D3CDA 
 679      D0C10F
 680 009e 57CF0056 		.ascii	"W\317\000V\177\214\221}?\343Q\306#\214,L\277\177\\\352"
 680      7F8C917D 
 680      3FE351C6 
 680      238C2C4C 
 680      BF7F5CEA 
 681 00b2 6417074A 		.ascii	"d\027\007J\26744,`:\316\270\227q\017\320\274\023\214"
 681      B734342C 
 681      603ACEB8 
 681      97710FD0 
 681      BC138C
 682 00c5 202381BA 		.ascii	" #\201\272\347^9\370\024\242\373\0006\335\367z\226\264"
 682      E75E39F8 
 682      14A2FB00 
 682      36DDF77A 
 682      96B4
 683 00d7 72C1759F 		.ascii	"r\301u\237D\327\375u\376\337\305\254\332s&4\374\370"
 683      44D7FD75 
 683      FEDFC5AC 
 683      DA732634 
 683      FCF8
 684 00e9 D876F611 		.ascii	"\330v\366\021\333\374\246\206\306\211\214\247\030\267"
 684      DBFCA686 
 684      C6898CA7 
 684      18B7
 685 00f7 33EE07AB 		.ascii	"3\356\007\253\334\315\310\260\235\221q+\243\355fF\006"
 685      DCCDC8B0 
 685      9D91712B 
ARM GAS  C:\Users\Ridwane\AppData\Local\Temp\ccbVZP5R.s 			page 35


 685      A3ED6646 
 685      06
 686 0108 8582C2E4 		.ascii	"\205\202\302\344\242\312\342\222\304\234\342\370\224"
 686      A2CAE292 
 686      C49CE2F8 
 686      94
 687 0115 CC9CCC92 		.ascii	"\314\234\314\222\214\314\322\\\243\370\304\262\012\243"
 687      8CCCD25C 
 687      A3F8C4B2 
 687      0AA3
 688 0123 F8C294C4 		.ascii	"\370\302\224\304\222D\366\304\234\314\364\274\324\024"
 688      9244F6C4 
 688      9CCCF4BC 
 688      D414
 689 0131 8EE4FCBC 		.ascii	"\216\344\374\274\342\222b\275d\016w\277P\005gCs\006"
 689      E29262BD 
 689      640E77BF 
 689      50056743 
 689      7306
 690 0143 2198889E 		.ascii	"!\230\210\236\201EZ\252A\232q\012\003{f^\211\261Q|\211"
 690      81455AAA 
 690      419A710A 
 690      037B665E 
 690      89B1517C 
 691 0158 A1B3558C 		.ascii	"\241\263U\214sFfRfpIiJf~Ly~QvqAbrj|iqjQ\214sPdp\210"
 691      73466652 
 691      66704969 
 691      4A667E4C 
 691      797E5176 
 692 017c A34FB0AE 		.ascii	"\243O\260\256\013\314F\006N\230a\014\000g\366\236\252"
 692      0BCC4606 
 692      4E98610C 
 692      0067F69E 
 692      AA
 693              		.text
 694              		.section	.gnu.lto_.symtab.8e7eef2a,"e",%progbits
 695 0000 70716372 		.ascii	"pqcrystals_dilithium2_avx2_qdata\000"
 695      79737461 
 695      6C735F64 
 695      696C6974 
 695      6869756D 
 696 0021 00       		.ascii	"\000"
 697 0022 00       		.ascii	"\000"
 698 0023 00       		.ascii	"\000"
 699 0024 00000000 		.ascii	"\000\000\000\000\000\000\000\000"
 699      00000000 
 700 002c CA000000 		.ascii	"\312\000\000\000"
 701              		.text
 702              		.section	.gnu.lto_.ext_symtab.8e7eef2a,"e",%progbits
 703 0000 01       		.ascii	"\001"
 704 0001 02       		.ascii	"\002"
 705 0002 00       		.ascii	"\000"
 706              		.text
 707              		.section	.gnu.lto_.opts,"e",%progbits
 708 0000 272D666E 		.ascii	"'-fno-openmp' '-fno-openacc' '-fno-pie' '-fcf-prote"
 708      6F2D6F70 
 708      656E6D70 
ARM GAS  C:\Users\Ridwane\AppData\Local\Temp\ccbVZP5R.s 			page 36


 708      2720272D 
 708      666E6F2D 
 709 0033 6374696F 		.ascii	"ction=none' '-g' '-mcpu=cortex-m4' '-mthumb' '-mflo"
 709      6E3D6E6F 
 709      6E652720 
 709      272D6727 
 709      20272D6D 
 710 0066 61742D61 		.ascii	"at-abi=soft' '-mlibarch=armv7e-m' '-march=armv7e-m'"
 710      62693D73 
 710      6F667427 
 710      20272D6D 
 710      6C696261 
 711 0099 20272D4F 		.ascii	" '-O2' '-fomit-frame-pointer' '-falign-functions=16"
 711      32272027 
 711      2D666F6D 
 711      69742D66 
 711      72616D65 
 712 00cc 2720272D 		.ascii	"' '-ffunction-sections' '-fdata-sections' '-fno-com"
 712      6666756E 
 712      6374696F 
 712      6E2D7365 
 712      6374696F 
 713 00ff 6D6F6E27 		.ascii	"mon' '-flto' '-Xassembler' '-alms=./build/lst/const"
 713      20272D66 
 713      6C746F27 
 713      20272D58 
 713      61737365 
 714 0132 732E6C73 		.ascii	"s.lst'\000"
 714      742700
 715              		.text
 716              		.comm	__gnu_lto_slim,1,1
 717              		.ident	"GCC: (Arm GNU Toolchain 11.3.Rel1) 11.3.1 20220712"
ARM GAS  C:\Users\Ridwane\AppData\Local\Temp\ccbVZP5R.s 			page 37


DEFINED SYMBOLS
                            *ABS*:00000000 consts.c
C:\Users\Ridwane\AppData\Local\Temp\ccbVZP5R.s:22     .gnu.debuglto_.debug_info:00000000 consts.c.08fe0f3d
                            *COM*:00000001 __gnu_lto_slim

NO UNDEFINED SYMBOLS
