ARM GAS  C:\Users\Ridwane\AppData\Local\Temp\ccCGGnaI.s 			page 1


   1              		.cpu cortex-m4
   2              		.arch armv7e-m
   3              		.fpu fpv4-sp-d16
   4              		.eabi_attribute 27, 1
   5              		.eabi_attribute 20, 1
   6              		.eabi_attribute 21, 1
   7              		.eabi_attribute 23, 3
   8              		.eabi_attribute 24, 1
   9              		.eabi_attribute 25, 1
  10              		.eabi_attribute 26, 1
  11              		.eabi_attribute 30, 2
  12              		.eabi_attribute 34, 1
  13              		.eabi_attribute 18, 4
  14              		.file	"crt1.c"
  15              		.file 1 "c:\\chibistudio\\tools\\gnu tools arm embedded\\11.3 2022.08\\arm-none-eabi\\include\\mac
  16              		.file 2 "c:\\chibistudio\\tools\\gnu tools arm embedded\\11.3 2022.08\\arm-none-eabi\\include\\sys
  17              		.file 3 "../../chibios2111/os/common/startup/ARMCMx/compilers/GCC/crt1.c"
  18              		.section	.gnu.debuglto_.debug_info,"e",%progbits
  19              	.Ldebug_info0:
  20              		.hidden	crt1.c.cd6fc941
  21              		.weak	crt1.c.cd6fc941
  22              	crt1.c.cd6fc941:
  23 0000 92020000 		.4byte	0x292
  24 0004 0500     		.2byte	0x5
  25 0006 01       		.byte	0x1
  26 0007 04       		.byte	0x4
  27 0008 00000000 		.4byte	.Ldebug_abbrev0
  28 000c 09       		.uleb128 0x9
  29 000d 40010000 		.4byte	.LASF52
  30 0011 1D       		.byte	0x1d
  31 0012 57000000 		.4byte	.LASF53
  32 0016 E4020000 		.4byte	.LASF54
  33 001a 00000000 		.4byte	.Ldebug_line0
  34 001e 02       		.uleb128 0x2
  35 001f 01       		.byte	0x1
  36 0020 06       		.byte	0x6
  37 0021 4F040000 		.4byte	.LASF0
  38 0025 02       		.uleb128 0x2
  39 0026 01       		.byte	0x1
  40 0027 08       		.byte	0x8
  41 0028 6D020000 		.4byte	.LASF1
  42 002c 02       		.uleb128 0x2
  43 002d 02       		.byte	0x2
  44 002e 05       		.byte	0x5
  45 002f F6030000 		.4byte	.LASF2
  46 0033 02       		.uleb128 0x2
  47 0034 02       		.byte	0x2
  48 0035 07       		.byte	0x7
  49 0036 AA000000 		.4byte	.LASF3
  50 003a 02       		.uleb128 0x2
  51 003b 04       		.byte	0x4
  52 003c 05       		.byte	0x5
  53 003d 36040000 		.4byte	.LASF4
  54 0041 04       		.uleb128 0x4
  55 0042 A7020000 		.4byte	.LASF9
  56 0046 01       		.byte	0x1
  57 0047 4F       		.byte	0x4f
ARM GAS  C:\Users\Ridwane\AppData\Local\Temp\ccCGGnaI.s 			page 2


  58 0048 19       		.byte	0x19
  59 0049 4D000000 		.4byte	0x4d
  60 004d 02       		.uleb128 0x2
  61 004e 04       		.byte	0x4
  62 004f 07       		.byte	0x7
  63 0050 12020000 		.4byte	.LASF5
  64 0054 02       		.uleb128 0x2
  65 0055 08       		.byte	0x8
  66 0056 05       		.byte	0x5
  67 0057 A3030000 		.4byte	.LASF6
  68 005b 02       		.uleb128 0x2
  69 005c 08       		.byte	0x8
  70 005d 07       		.byte	0x7
  71 005e 4F030000 		.4byte	.LASF7
  72 0062 0A       		.uleb128 0xa
  73 0063 04       		.byte	0x4
  74 0064 05       		.byte	0x5
  75 0065 696E7400 		.ascii	"int\000"
  76 0069 02       		.uleb128 0x2
  77 006a 04       		.byte	0x4
  78 006b 07       		.byte	0x7
  79 006c 42030000 		.4byte	.LASF8
  80 0070 04       		.uleb128 0x4
  81 0071 2D040000 		.4byte	.LASF10
  82 0075 02       		.byte	0x2
  83 0076 30       		.byte	0x30
  84 0077 14       		.byte	0x14
  85 0078 41000000 		.4byte	0x41
  86 007c 0B       		.uleb128 0xb
  87 007d 10       		.byte	0x10
  88 007e 03       		.byte	0x3
  89 007f 39       		.byte	0x39
  90 0080 09       		.byte	0x9
  91 0081 B2000000 		.4byte	0xb2
  92 0085 03       		.uleb128 0x3
  93 0086 0F040000 		.4byte	.LASF11
  94 008a 3A       		.byte	0x3a
  95 008b B2000000 		.4byte	0xb2
  96 008f 00       		.byte	0
  97 0090 03       		.uleb128 0x3
  98 0091 4D000000 		.4byte	.LASF12
  99 0095 3B       		.byte	0x3b
 100 0096 B2000000 		.4byte	0xb2
 101 009a 04       		.byte	0x4
 102 009b 03       		.uleb128 0x3
 103 009c 29010000 		.4byte	.LASF13
 104 00a0 3C       		.byte	0x3c
 105 00a1 B2000000 		.4byte	0xb2
 106 00a5 08       		.byte	0x8
 107 00a6 03       		.uleb128 0x3
 108 00a7 86030000 		.4byte	.LASF14
 109 00ab 3D       		.byte	0x3d
 110 00ac B2000000 		.4byte	0xb2
 111 00b0 0C       		.byte	0xc
 112 00b1 00       		.byte	0
 113 00b2 07       		.uleb128 0x7
 114 00b3 70000000 		.4byte	0x70
ARM GAS  C:\Users\Ridwane\AppData\Local\Temp\ccCGGnaI.s 			page 3


 115 00b7 04       		.uleb128 0x4
 116 00b8 B2020000 		.4byte	.LASF15
 117 00bc 03       		.byte	0x3
 118 00bd 3E       		.byte	0x3e
 119 00be 03       		.byte	0x3
 120 00bf 7C000000 		.4byte	0x7c
 121 00c3 08       		.uleb128 0x8
 122 00c4 B7000000 		.4byte	0xb7
 123 00c8 01       		.uleb128 0x1
 124 00c9 97000000 		.4byte	.LASF16
 125 00cd 45       		.byte	0x45
 126 00ce 11       		.byte	0x11
 127 00cf 70000000 		.4byte	0x70
 128 00d3 01       		.uleb128 0x1
 129 00d4 24020000 		.4byte	.LASF17
 130 00d8 45       		.byte	0x45
 131 00d9 25       		.byte	0x25
 132 00da 70000000 		.4byte	0x70
 133 00de 01       		.uleb128 0x1
 134 00df 1E040000 		.4byte	.LASF18
 135 00e3 45       		.byte	0x45
 136 00e4 34       		.byte	0x34
 137 00e5 70000000 		.4byte	0x70
 138 00e9 01       		.uleb128 0x1
 139 00ea 2D000000 		.4byte	.LASF19
 140 00ee 45       		.byte	0x45
 141 00ef 44       		.byte	0x44
 142 00f0 70000000 		.4byte	0x70
 143 00f4 01       		.uleb128 0x1
 144 00f5 C1030000 		.4byte	.LASF20
 145 00f9 48       		.byte	0x48
 146 00fa 11       		.byte	0x11
 147 00fb 70000000 		.4byte	0x70
 148 00ff 01       		.uleb128 0x1
 149 0100 C8000000 		.4byte	.LASF21
 150 0104 48       		.byte	0x48
 151 0105 25       		.byte	0x25
 152 0106 70000000 		.4byte	0x70
 153 010a 01       		.uleb128 0x1
 154 010b 40020000 		.4byte	.LASF22
 155 010f 48       		.byte	0x48
 156 0110 34       		.byte	0x34
 157 0111 70000000 		.4byte	0x70
 158 0115 01       		.uleb128 0x1
 159 0116 3F040000 		.4byte	.LASF23
 160 011a 48       		.byte	0x48
 161 011b 44       		.byte	0x44
 162 011c 70000000 		.4byte	0x70
 163 0120 01       		.uleb128 0x1
 164 0121 8A020000 		.4byte	.LASF24
 165 0125 4B       		.byte	0x4b
 166 0126 11       		.byte	0x11
 167 0127 70000000 		.4byte	0x70
 168 012b 01       		.uleb128 0x1
 169 012c 11000000 		.4byte	.LASF25
 170 0130 4B       		.byte	0x4b
 171 0131 25       		.byte	0x25
ARM GAS  C:\Users\Ridwane\AppData\Local\Temp\ccCGGnaI.s 			page 4


 172 0132 70000000 		.4byte	0x70
 173 0136 01       		.uleb128 0x1
 174 0137 D4030000 		.4byte	.LASF26
 175 013b 4B       		.byte	0x4b
 176 013c 34       		.byte	0x34
 177 013d 70000000 		.4byte	0x70
 178 0141 01       		.uleb128 0x1
 179 0142 B1030000 		.4byte	.LASF27
 180 0146 4B       		.byte	0x4b
 181 0147 44       		.byte	0x44
 182 0148 70000000 		.4byte	0x70
 183 014c 01       		.uleb128 0x1
 184 014d 16010000 		.4byte	.LASF28
 185 0151 4E       		.byte	0x4e
 186 0152 11       		.byte	0x11
 187 0153 70000000 		.4byte	0x70
 188 0157 01       		.uleb128 0x1
 189 0158 5F020000 		.4byte	.LASF29
 190 015c 4E       		.byte	0x4e
 191 015d 25       		.byte	0x25
 192 015e 70000000 		.4byte	0x70
 193 0162 01       		.uleb128 0x1
 194 0163 F7000000 		.4byte	.LASF30
 195 0167 4E       		.byte	0x4e
 196 0168 34       		.byte	0x34
 197 0169 70000000 		.4byte	0x70
 198 016d 01       		.uleb128 0x1
 199 016e 93030000 		.4byte	.LASF31
 200 0172 4E       		.byte	0x4e
 201 0173 44       		.byte	0x44
 202 0174 70000000 		.4byte	0x70
 203 0178 01       		.uleb128 0x1
 204 0179 E3030000 		.4byte	.LASF32
 205 017d 51       		.byte	0x51
 206 017e 11       		.byte	0x11
 207 017f 70000000 		.4byte	0x70
 208 0183 01       		.uleb128 0x1
 209 0184 15030000 		.4byte	.LASF33
 210 0188 51       		.byte	0x51
 211 0189 25       		.byte	0x25
 212 018a 70000000 		.4byte	0x70
 213 018e 01       		.uleb128 0x1
 214 018f 23030000 		.4byte	.LASF34
 215 0193 51       		.byte	0x51
 216 0194 34       		.byte	0x34
 217 0195 70000000 		.4byte	0x70
 218 0199 01       		.uleb128 0x1
 219 019a 32030000 		.4byte	.LASF35
 220 019e 51       		.byte	0x51
 221 019f 44       		.byte	0x44
 222 01a0 70000000 		.4byte	0x70
 223 01a4 01       		.uleb128 0x1
 224 01a5 C2020000 		.4byte	.LASF36
 225 01a9 54       		.byte	0x54
 226 01aa 11       		.byte	0x11
 227 01ab 70000000 		.4byte	0x70
 228 01af 01       		.uleb128 0x1
ARM GAS  C:\Users\Ridwane\AppData\Local\Temp\ccCGGnaI.s 			page 5


 229 01b0 32020000 		.4byte	.LASF37
 230 01b4 54       		.byte	0x54
 231 01b5 25       		.byte	0x25
 232 01b6 70000000 		.4byte	0x70
 233 01ba 01       		.uleb128 0x1
 234 01bb 5B040000 		.4byte	.LASF38
 235 01bf 54       		.byte	0x54
 236 01c0 34       		.byte	0x34
 237 01c1 70000000 		.4byte	0x70
 238 01c5 01       		.uleb128 0x1
 239 01c6 4F020000 		.4byte	.LASF39
 240 01ca 54       		.byte	0x54
 241 01cb 44       		.byte	0x44
 242 01cc 70000000 		.4byte	0x70
 243 01d0 01       		.uleb128 0x1
 244 01d1 E4000000 		.4byte	.LASF40
 245 01d5 57       		.byte	0x57
 246 01d6 11       		.byte	0x11
 247 01d7 70000000 		.4byte	0x70
 248 01db 01       		.uleb128 0x1
 249 01dc D6000000 		.4byte	.LASF41
 250 01e0 57       		.byte	0x57
 251 01e1 25       		.byte	0x25
 252 01e2 70000000 		.4byte	0x70
 253 01e6 01       		.uleb128 0x1
 254 01e7 00040000 		.4byte	.LASF42
 255 01eb 57       		.byte	0x57
 256 01ec 34       		.byte	0x34
 257 01ed 70000000 		.4byte	0x70
 258 01f1 01       		.uleb128 0x1
 259 01f2 06010000 		.4byte	.LASF43
 260 01f6 57       		.byte	0x57
 261 01f7 44       		.byte	0x44
 262 01f8 70000000 		.4byte	0x70
 263 01fc 01       		.uleb128 0x1
 264 01fd 66030000 		.4byte	.LASF44
 265 0201 5A       		.byte	0x5a
 266 0202 11       		.byte	0x11
 267 0203 70000000 		.4byte	0x70
 268 0207 01       		.uleb128 0x1
 269 0208 1F000000 		.4byte	.LASF45
 270 020c 5A       		.byte	0x5a
 271 020d 25       		.byte	0x25
 272 020e 70000000 		.4byte	0x70
 273 0212 01       		.uleb128 0x1
 274 0213 D5020000 		.4byte	.LASF46
 275 0217 5A       		.byte	0x5a
 276 0218 34       		.byte	0x34
 277 0219 70000000 		.4byte	0x70
 278 021d 01       		.uleb128 0x1
 279 021e 3D000000 		.4byte	.LASF47
 280 0222 5A       		.byte	0x5a
 281 0223 44       		.byte	0x44
 282 0224 70000000 		.4byte	0x70
 283 0228 0C       		.uleb128 0xc
 284 0229 C3000000 		.4byte	0xc3
 285 022d 38020000 		.4byte	0x238
ARM GAS  C:\Users\Ridwane\AppData\Local\Temp\ccCGGnaI.s 			page 6


 286 0231 0D       		.uleb128 0xd
 287 0232 69000000 		.4byte	0x69
 288 0236 07       		.byte	0x7
 289 0237 00       		.byte	0
 290 0238 08       		.uleb128 0x8
 291 0239 28020000 		.4byte	0x228
 292 023d 0E       		.uleb128 0xe
 293 023e 9D020000 		.4byte	.LASF48
 294 0242 03       		.byte	0x3
 295 0243 61       		.byte	0x61
 296 0244 1E       		.byte	0x1e
 297 0245 38020000 		.4byte	0x238
 298 0249 0F       		.uleb128 0xf
 299 024a 00000000 		.4byte	.LASF55
 300 024e 03       		.byte	0x3
 301 024f EC       		.byte	0xec
 302 0250 06       		.byte	0x6
 303 0251 76020000 		.4byte	0x276
 304 0255 05       		.uleb128 0x5
 305 0256 72617000 		.ascii	"rap\000"
 306 025a EE       		.byte	0xee
 307 025b 1A       		.byte	0x1a
 308 025c 76020000 		.4byte	0x276
 309 0260 10       		.uleb128 0x10
 310 0261 05       		.uleb128 0x5
 311 0262 747000   		.ascii	"tp\000"
 312 0265 F1       		.byte	0xf1
 313 0266 0F       		.byte	0xf
 314 0267 B2000000 		.4byte	0xb2
 315 026b 05       		.uleb128 0x5
 316 026c 7000     		.ascii	"p\000"
 317 026e F2       		.byte	0xf2
 318 026f 0F       		.byte	0xf
 319 0270 B2000000 		.4byte	0xb2
 320 0274 00       		.byte	0
 321 0275 00       		.byte	0
 322 0276 07       		.uleb128 0x7
 323 0277 C3000000 		.4byte	0xc3
 324 027b 11       		.uleb128 0x11
 325 027c 7B020000 		.4byte	.LASF56
 326 0280 03       		.byte	0x3
 327 0281 BB       		.byte	0xbb
 328 0282 06       		.byte	0x6
 329 0283 06       		.uleb128 0x6
 330 0284 34010000 		.4byte	.LASF49
 331 0288 AE       		.byte	0xae
 332 0289 06       		.uleb128 0x6
 333 028a 79030000 		.4byte	.LASF50
 334 028e A0       		.byte	0xa0
 335 028f 06       		.uleb128 0x6
 336 0290 BD000000 		.4byte	.LASF51
 337 0294 8D       		.byte	0x8d
 338 0295 00       		.byte	0
 339              		.section	.gnu.debuglto_.debug_abbrev,"e",%progbits
 340              	.Ldebug_abbrev0:
 341 0000 01       		.uleb128 0x1
 342 0001 34       		.uleb128 0x34
ARM GAS  C:\Users\Ridwane\AppData\Local\Temp\ccCGGnaI.s 			page 7


 343 0002 00       		.byte	0
 344 0003 03       		.uleb128 0x3
 345 0004 0E       		.uleb128 0xe
 346 0005 3A       		.uleb128 0x3a
 347 0006 21       		.uleb128 0x21
 348 0007 03       		.sleb128 3
 349 0008 3B       		.uleb128 0x3b
 350 0009 0B       		.uleb128 0xb
 351 000a 39       		.uleb128 0x39
 352 000b 0B       		.uleb128 0xb
 353 000c 49       		.uleb128 0x49
 354 000d 13       		.uleb128 0x13
 355 000e 3F       		.uleb128 0x3f
 356 000f 19       		.uleb128 0x19
 357 0010 3C       		.uleb128 0x3c
 358 0011 19       		.uleb128 0x19
 359 0012 00       		.byte	0
 360 0013 00       		.byte	0
 361 0014 02       		.uleb128 0x2
 362 0015 24       		.uleb128 0x24
 363 0016 00       		.byte	0
 364 0017 0B       		.uleb128 0xb
 365 0018 0B       		.uleb128 0xb
 366 0019 3E       		.uleb128 0x3e
 367 001a 0B       		.uleb128 0xb
 368 001b 03       		.uleb128 0x3
 369 001c 0E       		.uleb128 0xe
 370 001d 00       		.byte	0
 371 001e 00       		.byte	0
 372 001f 03       		.uleb128 0x3
 373 0020 0D       		.uleb128 0xd
 374 0021 00       		.byte	0
 375 0022 03       		.uleb128 0x3
 376 0023 0E       		.uleb128 0xe
 377 0024 3A       		.uleb128 0x3a
 378 0025 21       		.uleb128 0x21
 379 0026 03       		.sleb128 3
 380 0027 3B       		.uleb128 0x3b
 381 0028 0B       		.uleb128 0xb
 382 0029 39       		.uleb128 0x39
 383 002a 21       		.uleb128 0x21
 384 002b 1A       		.sleb128 26
 385 002c 49       		.uleb128 0x49
 386 002d 13       		.uleb128 0x13
 387 002e 38       		.uleb128 0x38
 388 002f 0B       		.uleb128 0xb
 389 0030 00       		.byte	0
 390 0031 00       		.byte	0
 391 0032 04       		.uleb128 0x4
 392 0033 16       		.uleb128 0x16
 393 0034 00       		.byte	0
 394 0035 03       		.uleb128 0x3
 395 0036 0E       		.uleb128 0xe
 396 0037 3A       		.uleb128 0x3a
 397 0038 0B       		.uleb128 0xb
 398 0039 3B       		.uleb128 0x3b
 399 003a 0B       		.uleb128 0xb
ARM GAS  C:\Users\Ridwane\AppData\Local\Temp\ccCGGnaI.s 			page 8


 400 003b 39       		.uleb128 0x39
 401 003c 0B       		.uleb128 0xb
 402 003d 49       		.uleb128 0x49
 403 003e 13       		.uleb128 0x13
 404 003f 00       		.byte	0
 405 0040 00       		.byte	0
 406 0041 05       		.uleb128 0x5
 407 0042 34       		.uleb128 0x34
 408 0043 00       		.byte	0
 409 0044 03       		.uleb128 0x3
 410 0045 08       		.uleb128 0x8
 411 0046 3A       		.uleb128 0x3a
 412 0047 21       		.uleb128 0x21
 413 0048 03       		.sleb128 3
 414 0049 3B       		.uleb128 0x3b
 415 004a 0B       		.uleb128 0xb
 416 004b 39       		.uleb128 0x39
 417 004c 0B       		.uleb128 0xb
 418 004d 49       		.uleb128 0x49
 419 004e 13       		.uleb128 0x13
 420 004f 00       		.byte	0
 421 0050 00       		.byte	0
 422 0051 06       		.uleb128 0x6
 423 0052 2E       		.uleb128 0x2e
 424 0053 00       		.byte	0
 425 0054 3F       		.uleb128 0x3f
 426 0055 19       		.uleb128 0x19
 427 0056 03       		.uleb128 0x3
 428 0057 0E       		.uleb128 0xe
 429 0058 3A       		.uleb128 0x3a
 430 0059 21       		.uleb128 0x21
 431 005a 03       		.sleb128 3
 432 005b 3B       		.uleb128 0x3b
 433 005c 0B       		.uleb128 0xb
 434 005d 39       		.uleb128 0x39
 435 005e 21       		.uleb128 0x21
 436 005f 06       		.sleb128 6
 437 0060 27       		.uleb128 0x27
 438 0061 19       		.uleb128 0x19
 439 0062 00       		.byte	0
 440 0063 00       		.byte	0
 441 0064 07       		.uleb128 0x7
 442 0065 0F       		.uleb128 0xf
 443 0066 00       		.byte	0
 444 0067 0B       		.uleb128 0xb
 445 0068 21       		.uleb128 0x21
 446 0069 04       		.sleb128 4
 447 006a 49       		.uleb128 0x49
 448 006b 13       		.uleb128 0x13
 449 006c 00       		.byte	0
 450 006d 00       		.byte	0
 451 006e 08       		.uleb128 0x8
 452 006f 26       		.uleb128 0x26
 453 0070 00       		.byte	0
 454 0071 49       		.uleb128 0x49
 455 0072 13       		.uleb128 0x13
 456 0073 00       		.byte	0
ARM GAS  C:\Users\Ridwane\AppData\Local\Temp\ccCGGnaI.s 			page 9


 457 0074 00       		.byte	0
 458 0075 09       		.uleb128 0x9
 459 0076 11       		.uleb128 0x11
 460 0077 01       		.byte	0x1
 461 0078 25       		.uleb128 0x25
 462 0079 0E       		.uleb128 0xe
 463 007a 13       		.uleb128 0x13
 464 007b 0B       		.uleb128 0xb
 465 007c 03       		.uleb128 0x3
 466 007d 0E       		.uleb128 0xe
 467 007e 1B       		.uleb128 0x1b
 468 007f 0E       		.uleb128 0xe
 469 0080 10       		.uleb128 0x10
 470 0081 17       		.uleb128 0x17
 471 0082 00       		.byte	0
 472 0083 00       		.byte	0
 473 0084 0A       		.uleb128 0xa
 474 0085 24       		.uleb128 0x24
 475 0086 00       		.byte	0
 476 0087 0B       		.uleb128 0xb
 477 0088 0B       		.uleb128 0xb
 478 0089 3E       		.uleb128 0x3e
 479 008a 0B       		.uleb128 0xb
 480 008b 03       		.uleb128 0x3
 481 008c 08       		.uleb128 0x8
 482 008d 00       		.byte	0
 483 008e 00       		.byte	0
 484 008f 0B       		.uleb128 0xb
 485 0090 13       		.uleb128 0x13
 486 0091 01       		.byte	0x1
 487 0092 0B       		.uleb128 0xb
 488 0093 0B       		.uleb128 0xb
 489 0094 3A       		.uleb128 0x3a
 490 0095 0B       		.uleb128 0xb
 491 0096 3B       		.uleb128 0x3b
 492 0097 0B       		.uleb128 0xb
 493 0098 39       		.uleb128 0x39
 494 0099 0B       		.uleb128 0xb
 495 009a 01       		.uleb128 0x1
 496 009b 13       		.uleb128 0x13
 497 009c 00       		.byte	0
 498 009d 00       		.byte	0
 499 009e 0C       		.uleb128 0xc
 500 009f 01       		.uleb128 0x1
 501 00a0 01       		.byte	0x1
 502 00a1 49       		.uleb128 0x49
 503 00a2 13       		.uleb128 0x13
 504 00a3 01       		.uleb128 0x1
 505 00a4 13       		.uleb128 0x13
 506 00a5 00       		.byte	0
 507 00a6 00       		.byte	0
 508 00a7 0D       		.uleb128 0xd
 509 00a8 21       		.uleb128 0x21
 510 00a9 00       		.byte	0
 511 00aa 49       		.uleb128 0x49
 512 00ab 13       		.uleb128 0x13
 513 00ac 2F       		.uleb128 0x2f
ARM GAS  C:\Users\Ridwane\AppData\Local\Temp\ccCGGnaI.s 			page 10


 514 00ad 0B       		.uleb128 0xb
 515 00ae 00       		.byte	0
 516 00af 00       		.byte	0
 517 00b0 0E       		.uleb128 0xe
 518 00b1 34       		.uleb128 0x34
 519 00b2 00       		.byte	0
 520 00b3 03       		.uleb128 0x3
 521 00b4 0E       		.uleb128 0xe
 522 00b5 3A       		.uleb128 0x3a
 523 00b6 0B       		.uleb128 0xb
 524 00b7 3B       		.uleb128 0x3b
 525 00b8 0B       		.uleb128 0xb
 526 00b9 39       		.uleb128 0x39
 527 00ba 0B       		.uleb128 0xb
 528 00bb 49       		.uleb128 0x49
 529 00bc 13       		.uleb128 0x13
 530 00bd 00       		.byte	0
 531 00be 00       		.byte	0
 532 00bf 0F       		.uleb128 0xf
 533 00c0 2E       		.uleb128 0x2e
 534 00c1 01       		.byte	0x1
 535 00c2 3F       		.uleb128 0x3f
 536 00c3 19       		.uleb128 0x19
 537 00c4 03       		.uleb128 0x3
 538 00c5 0E       		.uleb128 0xe
 539 00c6 3A       		.uleb128 0x3a
 540 00c7 0B       		.uleb128 0xb
 541 00c8 3B       		.uleb128 0x3b
 542 00c9 0B       		.uleb128 0xb
 543 00ca 39       		.uleb128 0x39
 544 00cb 0B       		.uleb128 0xb
 545 00cc 27       		.uleb128 0x27
 546 00cd 19       		.uleb128 0x19
 547 00ce 01       		.uleb128 0x1
 548 00cf 13       		.uleb128 0x13
 549 00d0 00       		.byte	0
 550 00d1 00       		.byte	0
 551 00d2 10       		.uleb128 0x10
 552 00d3 0B       		.uleb128 0xb
 553 00d4 01       		.byte	0x1
 554 00d5 00       		.byte	0
 555 00d6 00       		.byte	0
 556 00d7 11       		.uleb128 0x11
 557 00d8 2E       		.uleb128 0x2e
 558 00d9 00       		.byte	0
 559 00da 3F       		.uleb128 0x3f
 560 00db 19       		.uleb128 0x19
 561 00dc 03       		.uleb128 0x3
 562 00dd 0E       		.uleb128 0xe
 563 00de 3A       		.uleb128 0x3a
 564 00df 0B       		.uleb128 0xb
 565 00e0 3B       		.uleb128 0x3b
 566 00e1 0B       		.uleb128 0xb
 567 00e2 39       		.uleb128 0x39
 568 00e3 0B       		.uleb128 0xb
 569 00e4 27       		.uleb128 0x27
 570 00e5 19       		.uleb128 0x19
ARM GAS  C:\Users\Ridwane\AppData\Local\Temp\ccCGGnaI.s 			page 11


 571 00e6 8701     		.uleb128 0x87
 572 00e8 19       		.uleb128 0x19
 573 00e9 00       		.byte	0
 574 00ea 00       		.byte	0
 575 00eb 00       		.byte	0
 576              		.section	.gnu.debuglto_.debug_line,"e",%progbits
 577              	.Ldebug_line0:
 578 0000 48000000 		.4byte	.LELT0-.LSLT0
 579              	.LSLT0:
 580 0004 0500     		.2byte	0x5
 581 0006 04       		.byte	0x4
 582 0007 00       		.byte	0
 583 0008 40000000 		.4byte	.LELTP0-.LASLTP0
 584              	.LASLTP0:
 585 000c 01       		.byte	0x1
 586 000d 01       		.byte	0x1
 587 000e 01       		.byte	0x1
 588 000f F6       		.byte	0xf6
 589 0010 F2       		.byte	0xf2
 590 0011 0D       		.byte	0xd
 591 0012 00       		.byte	0
 592 0013 01       		.byte	0x1
 593 0014 01       		.byte	0x1
 594 0015 01       		.byte	0x1
 595 0016 01       		.byte	0x1
 596 0017 00       		.byte	0
 597 0018 00       		.byte	0
 598 0019 00       		.byte	0
 599 001a 01       		.byte	0x1
 600 001b 00       		.byte	0
 601 001c 00       		.byte	0
 602 001d 01       		.byte	0x1
 603 001e 01       		.byte	0x1
 604 001f 01       		.uleb128 0x1
 605 0020 1F       		.uleb128 0x1f
 606 0021 04       		.uleb128 0x4
 607 0022 45010000 		.4byte	.LASF57
 608 0026 6B000000 		.4byte	.LASF58
 609 002a E4000000 		.4byte	.LASF59
 610 002e 07000000 		.4byte	.LASF60
 611 0032 02       		.byte	0x2
 612 0033 01       		.uleb128 0x1
 613 0034 1F       		.uleb128 0x1f
 614 0035 02       		.uleb128 0x2
 615 0036 0B       		.uleb128 0xb
 616 0037 04       		.uleb128 0x4
 617 0038 A4000000 		.4byte	.LASF61
 618 003c 00       		.byte	0
 619 003d 5A000000 		.4byte	.LASF62
 620 0041 02       		.byte	0x2
 621 0042 3B010000 		.4byte	.LASF63
 622 0046 03       		.byte	0x3
 623 0047 00000000 		.4byte	.LASF64
 624 004b 01       		.byte	0x1
 625              	.LELTP0:
 626              	.LELT0:
 627              		.section	.gnu.debuglto_.debug_str,"eMS",%progbits,1
ARM GAS  C:\Users\Ridwane\AppData\Local\Temp\ccCGGnaI.s 			page 12


 628              	.LASF55:
 629 0000 5F5F696E 		.ascii	"__init_ram_areas\000"
 629      69745F72 
 629      616D5F61 
 629      72656173 
 629      00
 630              	.LASF25:
 631 0011 5F5F7261 		.ascii	"__ram2_init__\000"
 631      6D325F69 
 631      6E69745F 
 631      5F00
 632              	.LASF45:
 633 001f 5F5F7261 		.ascii	"__ram7_init__\000"
 633      6D375F69 
 633      6E69745F 
 633      5F00
 634              	.LASF19:
 635 002d 5F5F7261 		.ascii	"__ram0_noinit__\000"
 635      6D305F6E 
 635      6F696E69 
 635      745F5F00 
 636              	.LASF47:
 637 003d 5F5F7261 		.ascii	"__ram7_noinit__\000"
 637      6D375F6E 
 637      6F696E69 
 637      745F5F00 
 638              	.LASF12:
 639 004d 696E6974 		.ascii	"init_area\000"
 639      5F617265 
 639      6100
 640              	.LASF53:
 641 0057 2E2E2F2E 		.ascii	"../../chibios2111/os/common/startup/ARMCMx/compiler"
 641      2E2F6368 
 641      6962696F 
 641      73323131 
 641      312F6F73 
 642 008a 732F4743 		.ascii	"s/GCC/crt1.c\000"
 642      432F6372 
 642      74312E63 
 642      00
 643              	.LASF16:
 644 0097 5F5F7261 		.ascii	"__ram0_init_text__\000"
 644      6D305F69 
 644      6E69745F 
 644      74657874 
 644      5F5F00
 645              	.LASF3:
 646 00aa 73686F72 		.ascii	"short unsigned int\000"
 646      7420756E 
 646      7369676E 
 646      65642069 
 646      6E7400
 647              	.LASF51:
 648 00bd 5F5F6370 		.ascii	"__cpu_init\000"
 648      755F696E 
 648      697400
 649              	.LASF21:
ARM GAS  C:\Users\Ridwane\AppData\Local\Temp\ccCGGnaI.s 			page 13


 650 00c8 5F5F7261 		.ascii	"__ram1_init__\000"
 650      6D315F69 
 650      6E69745F 
 650      5F00
 651              	.LASF41:
 652 00d6 5F5F7261 		.ascii	"__ram6_init__\000"
 652      6D365F69 
 652      6E69745F 
 652      5F00
 653              	.LASF40:
 654 00e4 5F5F7261 		.ascii	"__ram6_init_text__\000"
 654      6D365F69 
 654      6E69745F 
 654      74657874 
 654      5F5F00
 655              	.LASF30:
 656 00f7 5F5F7261 		.ascii	"__ram3_clear__\000"
 656      6D335F63 
 656      6C656172 
 656      5F5F00
 657              	.LASF43:
 658 0106 5F5F7261 		.ascii	"__ram6_noinit__\000"
 658      6D365F6E 
 658      6F696E69 
 658      745F5F00 
 659              	.LASF28:
 660 0116 5F5F7261 		.ascii	"__ram3_init_text__\000"
 660      6D335F69 
 660      6E69745F 
 660      74657874 
 660      5F5F00
 661              	.LASF13:
 662 0129 636C6561 		.ascii	"clear_area\000"
 662      725F6172 
 662      656100
 663              	.LASF49:
 664 0134 5F5F6C61 		.ascii	"__late_init\000"
 664      74655F69 
 664      6E697400 
 665              	.LASF52:
 666 0140 474E5520 		.ascii	"GNU C17 11.3.1 20220712 -mcpu=cortex-m4 -mthumb -mf"
 666      43313720 
 666      31312E33 
 666      2E312032 
 666      30323230 
 667 0173 6C6F6174 		.ascii	"loat-abi=softfp -mfpu=fpv4-sp-d16 -march=armv7e-m+f"
 667      2D616269 
 667      3D736F66 
 667      74667020 
 667      2D6D6670 
 668 01a6 70202D67 		.ascii	"p -ggdb -O2 -fomit-frame-pointer -falign-functions="
 668      67646220 
 668      2D4F3220 
 668      2D666F6D 
 668      69742D66 
 669 01d9 3136202D 		.ascii	"16 -ffunction-sections -fdata-sections -fno-common "
 669      6666756E 
ARM GAS  C:\Users\Ridwane\AppData\Local\Temp\ccCGGnaI.s 			page 14


 669      6374696F 
 669      6E2D7365 
 669      6374696F 
 670 020c 2D666C74 		.ascii	"-flto\000"
 670      6F00
 671              	.LASF5:
 672 0212 6C6F6E67 		.ascii	"long unsigned int\000"
 672      20756E73 
 672      69676E65 
 672      6420696E 
 672      7400
 673              	.LASF17:
 674 0224 5F5F7261 		.ascii	"__ram0_init__\000"
 674      6D305F69 
 674      6E69745F 
 674      5F00
 675              	.LASF37:
 676 0232 5F5F7261 		.ascii	"__ram5_init__\000"
 676      6D355F69 
 676      6E69745F 
 676      5F00
 677              	.LASF22:
 678 0240 5F5F7261 		.ascii	"__ram1_clear__\000"
 678      6D315F63 
 678      6C656172 
 678      5F5F00
 679              	.LASF39:
 680 024f 5F5F7261 		.ascii	"__ram5_noinit__\000"
 680      6D355F6E 
 680      6F696E69 
 680      745F5F00 
 681              	.LASF29:
 682 025f 5F5F7261 		.ascii	"__ram3_init__\000"
 682      6D335F69 
 682      6E69745F 
 682      5F00
 683              	.LASF1:
 684 026d 756E7369 		.ascii	"unsigned char\000"
 684      676E6564 
 684      20636861 
 684      7200
 685              	.LASF56:
 686 027b 5F5F6465 		.ascii	"__default_exit\000"
 686      6661756C 
 686      745F6578 
 686      697400
 687              	.LASF24:
 688 028a 5F5F7261 		.ascii	"__ram2_init_text__\000"
 688      6D325F69 
 688      6E69745F 
 688      74657874 
 688      5F5F00
 689              	.LASF48:
 690 029d 72616D5F 		.ascii	"ram_areas\000"
 690      61726561 
 690      7300
 691              	.LASF9:
ARM GAS  C:\Users\Ridwane\AppData\Local\Temp\ccCGGnaI.s 			page 15


 692 02a7 5F5F7569 		.ascii	"__uint32_t\000"
 692      6E743332 
 692      5F7400
 693              	.LASF15:
 694 02b2 72616D5F 		.ascii	"ram_init_area_t\000"
 694      696E6974 
 694      5F617265 
 694      615F7400 
 695              	.LASF36:
 696 02c2 5F5F7261 		.ascii	"__ram5_init_text__\000"
 696      6D355F69 
 696      6E69745F 
 696      74657874 
 696      5F5F00
 697              	.LASF46:
 698 02d5 5F5F7261 		.ascii	"__ram7_clear__\000"
 698      6D375F63 
 698      6C656172 
 698      5F5F00
 699              	.LASF54:
 700 02e4 433A5C43 		.ascii	"C:\\ChibiStudio\\workspace_user\\CRYSTALS-Dilithium"
 700      68696269 
 700      53747564 
 700      696F5C77 
 700      6F726B73 
 701 0314 00       		.ascii	"\000"
 702              	.LASF33:
 703 0315 5F5F7261 		.ascii	"__ram4_init__\000"
 703      6D345F69 
 703      6E69745F 
 703      5F00
 704              	.LASF34:
 705 0323 5F5F7261 		.ascii	"__ram4_clear__\000"
 705      6D345F63 
 705      6C656172 
 705      5F5F00
 706              	.LASF35:
 707 0332 5F5F7261 		.ascii	"__ram4_noinit__\000"
 707      6D345F6E 
 707      6F696E69 
 707      745F5F00 
 708              	.LASF8:
 709 0342 756E7369 		.ascii	"unsigned int\000"
 709      676E6564 
 709      20696E74 
 709      00
 710              	.LASF7:
 711 034f 6C6F6E67 		.ascii	"long long unsigned int\000"
 711      206C6F6E 
 711      6720756E 
 711      7369676E 
 711      65642069 
 712              	.LASF44:
 713 0366 5F5F7261 		.ascii	"__ram7_init_text__\000"
 713      6D375F69 
 713      6E69745F 
 713      74657874 
ARM GAS  C:\Users\Ridwane\AppData\Local\Temp\ccCGGnaI.s 			page 16


 713      5F5F00
 714              	.LASF50:
 715 0379 5F5F6561 		.ascii	"__early_init\000"
 715      726C795F 
 715      696E6974 
 715      00
 716              	.LASF14:
 717 0386 6E6F5F69 		.ascii	"no_init_area\000"
 717      6E69745F 
 717      61726561 
 717      00
 718              	.LASF31:
 719 0393 5F5F7261 		.ascii	"__ram3_noinit__\000"
 719      6D335F6E 
 719      6F696E69 
 719      745F5F00 
 720              	.LASF6:
 721 03a3 6C6F6E67 		.ascii	"long long int\000"
 721      206C6F6E 
 721      6720696E 
 721      7400
 722              	.LASF27:
 723 03b1 5F5F7261 		.ascii	"__ram2_noinit__\000"
 723      6D325F6E 
 723      6F696E69 
 723      745F5F00 
 724              	.LASF20:
 725 03c1 5F5F7261 		.ascii	"__ram1_init_text__\000"
 725      6D315F69 
 725      6E69745F 
 725      74657874 
 725      5F5F00
 726              	.LASF26:
 727 03d4 5F5F7261 		.ascii	"__ram2_clear__\000"
 727      6D325F63 
 727      6C656172 
 727      5F5F00
 728              	.LASF32:
 729 03e3 5F5F7261 		.ascii	"__ram4_init_text__\000"
 729      6D345F69 
 729      6E69745F 
 729      74657874 
 729      5F5F00
 730              	.LASF2:
 731 03f6 73686F72 		.ascii	"short int\000"
 731      7420696E 
 731      7400
 732              	.LASF42:
 733 0400 5F5F7261 		.ascii	"__ram6_clear__\000"
 733      6D365F63 
 733      6C656172 
 733      5F5F00
 734              	.LASF11:
 735 040f 696E6974 		.ascii	"init_text_area\000"
 735      5F746578 
 735      745F6172 
 735      656100
ARM GAS  C:\Users\Ridwane\AppData\Local\Temp\ccCGGnaI.s 			page 17


 736              	.LASF18:
 737 041e 5F5F7261 		.ascii	"__ram0_clear__\000"
 737      6D305F63 
 737      6C656172 
 737      5F5F00
 738              	.LASF10:
 739 042d 75696E74 		.ascii	"uint32_t\000"
 739      33325F74 
 739      00
 740              	.LASF4:
 741 0436 6C6F6E67 		.ascii	"long int\000"
 741      20696E74 
 741      00
 742              	.LASF23:
 743 043f 5F5F7261 		.ascii	"__ram1_noinit__\000"
 743      6D315F6E 
 743      6F696E69 
 743      745F5F00 
 744              	.LASF0:
 745 044f 7369676E 		.ascii	"signed char\000"
 745      65642063 
 745      68617200 
 746              	.LASF38:
 747 045b 5F5F7261 		.ascii	"__ram5_clear__\000"
 747      6D355F63 
 747      6C656172 
 747      5F5F00
 748              		.section	.gnu.debuglto_.debug_line_str,"eMS",%progbits,1
 749              	.LASF64:
 750 0000 63727431 		.ascii	"crt1.c\000"
 750      2E6300
 751              	.LASF60:
 752 0007 633A5C63 		.ascii	"c:\\chibistudio\\tools\\gnu tools arm embedded\\11."
 752      68696269 
 752      73747564 
 752      696F5C74 
 752      6F6F6C73 
 753 0036 33203230 		.ascii	"3 2022.08\\arm-none-eabi\\include\\sys\000"
 753      32322E30 
 753      385C6172 
 753      6D2D6E6F 
 753      6E652D65 
 754              	.LASF62:
 755 005a 5F646566 		.ascii	"_default_types.h\000"
 755      61756C74 
 755      5F747970 
 755      65732E68 
 755      00
 756              	.LASF58:
 757 006b 2E2E2F2E 		.ascii	"../../chibios2111/os/common/startup/ARMCMx/compiler"
 757      2E2F6368 
 757      6962696F 
 757      73323131 
 757      312F6F73 
 758 009e 732F4743 		.ascii	"s/GCC\000"
 758      4300
 759              	.LASF61:
ARM GAS  C:\Users\Ridwane\AppData\Local\Temp\ccCGGnaI.s 			page 18


 760 00a4 2E2E2F2E 		.ascii	"../../chibios2111/os/common/startup/ARMCMx/compiler"
 760      2E2F6368 
 760      6962696F 
 760      73323131 
 760      312F6F73 
 761 00d7 732F4743 		.ascii	"s/GCC/crt1.c\000"
 761      432F6372 
 761      74312E63 
 761      00
 762              	.LASF59:
 763 00e4 633A5C63 		.ascii	"c:\\chibistudio\\tools\\gnu tools arm embedded\\11."
 763      68696269 
 763      73747564 
 763      696F5C74 
 763      6F6F6C73 
 764 0113 33203230 		.ascii	"3 2022.08\\arm-none-eabi\\include\\machine\000"
 764      32322E30 
 764      385C6172 
 764      6D2D6E6F 
 764      6E652D65 
 765              	.LASF63:
 766 013b 5F737464 		.ascii	"_stdint.h\000"
 766      696E742E 
 766      6800
 767              	.LASF57:
 768 0145 433A5C43 		.ascii	"C:\\ChibiStudio\\workspace_user\\CRYSTALS-Dilithium"
 768      68696269 
 768      53747564 
 768      696F5C77 
 768      6F726B73 
 769 0175 00       		.ascii	"\000"
 770              		.text
 771              		.section	.gnu.lto_.profile.9a33f011,"e",%progbits
 772 0000 789C6362 		.ascii	"x\234cb\000\001\000\000\022\000\003"
 772      00010000 
 772      120003
 773              		.text
 774              		.section	.gnu.lto_.icf.9a33f011,"e",%progbits
 775 0000 789C7367 		.ascii	"x\234sg@\0006\206\007\367v\317bb`\204PL\020\212y\322"
 775      40003686 
 775      07F776CF 
 775      62626084 
 775      504C108A 
 776 0016 82A79FD9 		.ascii	"\202\247\237\331\031Xv4M\373\304\316\007\024f\004c\030"
 776      19587634 
 776      4DFBC4CE 
 776      07146604 
 776      6318
 777 0028 80B18134 		.ascii	"\200\261\2014\353\375;;\177\2631\000\000\\i\023%"
 777      EBFD3B3B 
 777      7FB33100 
 777      005C6913 
 777      25
 778              		.text
 779              		.section	.gnu.lto_.ipa_sra.9a33f011,"e",%progbits
 780 0000 789C1364 		.ascii	"x\234\023d@\000V\006\006FF\006F&\006Ff\006F\026\006"
 780      40005606 
ARM GAS  C:\Users\Ridwane\AppData\Local\Temp\ccCGGnaI.s 			page 19


 780      06464606 
 780      46260646 
 780      66064616 
 781 0015 46060002 		.ascii	"F\006\000\002\315\000&"
 781      CD0026
 782              		.text
 783              		.section	.gnu.lto_.inline.9a33f011,"e",%progbits
 784 0000 789CDBC8 		.ascii	"x\234\333\310\200\000\254\014\014\314\015@\300\224\302"
 784      8000AC0C 
 784      0CCC0D40 
 784      C094C2
 785 000f C8C0C4C0 		.ascii	"\310\300\304\300\320\010d\32610\260A\204\230@B\014\014"
 785      D00864D6 
 785      3130B041 
 785      84984042 
 785      0C0C
 786 0021 8C849530 		.ascii	"\214\204\2250\021V\302\014\244\300\022\310JX \014\250"
 786      1156C20C 
 786      A4C012C8 
 786      4A58200C 
 786      A8
 787 0032 12160691 		.ascii	"\022\026\006\221wG\327md\316\001*Q\002\26260\347\240"
 787      7747D76D 
 787      64CE012A 
 787      5102B236 
 787      30E7A0
 788 0045 9BC20000 		.ascii	"\233\302\000\000\340\263(\006"
 788      E0B32806 
 789              		.text
 790              		.section	.gnu.lto_.jmpfuncs.9a33f011,"e",%progbits
 791 0000 789C1364 		.ascii	"x\234\023d@\000V fd``b``f``\001r\000\002\245\000!"
 791      40005620 
 791      66646060 
 791      62606066 
 791      60600172 
 792              		.text
 793              		.section	.gnu.lto_.pureconst.9a33f011,"e",%progbits
 794 0000 789C1360 		.ascii	"x\234\023````e\230\301\3028\203\205i\006\013\363\026"
 794      60606065 
 794      98C1C238 
 794      83856906 
 794      0BF316
 795 0013 1696592C 		.ascii	"\026\226Y,\000\032\274\003J"
 795      001ABC03 
 795      4A
 796              		.text
 797              		.section	.gnu.lto_.ipa_modref.9a33f011,"e",%progbits
 798 0000 789C8B66 		.ascii	"x\234\213f@\000V\006\006\005\001\001(\301\300\210\314"
 798      40005606 
 798      06050101 
 798      28C1C088 
 798      CC
 799 0011 6142E630 		.ascii	"aB\3460#sX\3004\023\0233\003#\023\013#\003\023+\220"
 799      237358C0 
 799      34131333 
 799      0323130B 
 799      2303132B 
ARM GAS  C:\Users\Ridwane\AppData\Local\Temp\ccCGGnaI.s 			page 20


 800 0026 6685E865 		.ascii	"f\205\350e\204q\030\030\000\273\021\003\033"
 800      84711818 
 800      00BB1103 
 800      1B
 801              		.text
 802              		.section	.gnu.lto_.lto.9a33f011,"e",%progbits
 803 0000 0B000300 		.ascii	"\013\000\003\000\001\000\000\000"
 803      01000000 
 804              		.text
 805              		.section	.gnu.lto_ram_areas.133.9a33f011,"e",%progbits
 806 0000 789C4DCE 		.ascii	"x\234M\316KO\023Q\030\006\340y\213\205%l\334\361\023"
 806      4B4F1351 
 806      1806E079 
 806      8B85256C 
 806      DCF113
 807 0013 B4934156 		.ascii	"\264\223AVl\264\031\0141\332\020(\304\020k\240\216\015"
 807      6CB4190C 
 807      31DA1028 
 807      C4106BA0 
 807      8E0D
 808 0025 9DC0F174 		.ascii	"\235\300\361tn\251\204\220SY\031\022~\004;\366\304\264"
 808      6EA98490 
 808      53591912 
 808      7E043BF6 
 808      C4B4
 809 0037 8058A9E0 		.ascii	"\200X\251\340\015Pn\342\235\213\027`\003+\214,\\x`\030"
 809      0D506EE2 
 809      9D8B1760 
 809      032B8C2C 
 809      5C786018 
 810 004b E63B398B 		.ascii	"\346;9\213\367|\371\316\223\367QDQ\\\305?Q\214`\270"
 810      F77CF9CE 
 810      93F75144 
 810      515CC53F 
 810      518C60B8 
 811 005f 50F85719 		.ascii	"P\370W\031\375;V+\206\202\367\376%1x\236\353\305@\220"
 811      FD3B562B 
 811      8682F7FE 
 811      2531789E 
 811      EBC54090 
 812 0073 C723222F 		.ascii	"\307#\"/\363\325\341\307\205:\317\231\2025\011^\002"
 812      F3D5E1C7 
 812      853ACF99 
 812      8235095E 
 812      02
 813 0084 2B228AEA 		.ascii	"+\"\212\352\213\2509\333:\376#\255>b\231\304\352%V&"
 813      8BA839DB 
 813      3AFE23AD 
 813      3E6299C4 
 813      EA255626 
 814 0098 B49EC32A 		.ascii	"\264\236\303*\203?\003\233\361\255\352\263\255\322\221"
 814      833F039B 
 814      F1ADEAB3 
 814      ADD291
 815 00a7 B40C62A5 		.ascii	"\264\014b\245\211\325M\254\273\241\365\022\326<\370"
 815      89D54DAC 
 815      BBA1F512 
ARM GAS  C:\Users\Ridwane\AppData\Local\Temp\ccCGGnaI.s 			page 21


 815      D63CF8
 816 00b6 1CD80BDF 		.ascii	"\034\330\013\337\212\006\275\016\245u\207X]\304\272"
 816      8A06BD0E 
 816      A5758758 
 816      5DC4BA
 817 00c5 4DACCED0 		.ascii	"M\254\316\320Z\204\265\000\376\026\354\215o]\010z\035"
 817      5A84B500 
 817      FE16EC8D 
 817      6F5D087A 
 817      1D
 818 00d6 482B49AC 		.ascii	"H+I\2546b\265\022+\021Z\253\260V\300\227\301\336\373"
 818      3662B512 
 818      2B115AAB 
 818      B056C097 
 818      C1DEFB
 819 00e9 5655D06B 		.ascii	"VU\320kOZ7\211u\203X-\304\272\036Z\237`}\004\337\000"
 819      4F5A3789 
 819      7583582D 
 819      C4BA1E5A 
 819      9F607D04 
 820 00ff FBE05B91 		.ascii	"\373\340[\221\240\327\256\264tb\305\211U\026\004\233"
 820      A0D7AEB4 
 820      7462C589 
 820      5516049B 
 821 010f 11A1B609 		.ascii	"\021\241\266\011\353;\3707\260\257\010\234\337\322\231"
 821      EB3BF837 
 821      B0AF089C 
 821      DFD299
 822 011e 16049A14 		.ascii	"\026\004\232\024D*R\351\011\221~\302\372\001\276\003"
 822      442A52E9 
 822      09917EC2 
 822      FA01BE03 
 823 012e B67D3AE9 		.ascii	"\266}:\351\231\020W~\241q\013_\360\031\353X\303;,\341"
 823      9910577E 
 823      A1710B5F 
 823      F019EB58 
 823      C33B2CE1 
 824 0142 355EA182 		.ascii	"5^\241\202Y<\3054\024MoJ\351Y\363\236\231t\275\373&"
 824      593CC534 
 824      144D6F4A 
 824      E959F39E 
 824      9974BDFB 
 825 0157 4FE5B9DD 		.ascii	"O\345\271\335\347\344\322F\246\333s2vJo\357Jv\304o%"
 825      E7E4D246 
 825      A6DB7332 
 825      764A6FEF 
 825      4A76C46F 
 826 016c 2F379BFD 		.ascii	"/7\233\375\246\2335=\246\\\213\305Ty\215\223O\334i\320"
 826      A69B353D 
 826      A65C8BC5 
 826      54798D93 
 826      4FDC69D0 
 827 0180 344DE58E 		.ascii	"4M\345\216jp\306\370\003\325q\323\266\353\345\324x{"
 827      6A70C6F8 
 827      03D571D3 
 827      B6EBE5D4 
 827      787B
ARM GAS  C:\Users\Ridwane\AppData\Local\Temp\ccCGGnaI.s 			page 22


 828 0192 424F3C3C 		.ascii	"BO<<\231\346\314\376\214\355\250-\272\256\032\266\253"
 828      99E6CCFE 
 828      8CEDA82D 
 828      BAAE1AB6 
 828      AB
 829 01a3 C50CE53F 		.ascii	"\305\014\345?\222\340\000\377"
 829      92E000FF 
 830              		.text
 831              		.section	.gnu.lto___cpu_init.134.9a33f011,"e",%progbits
 832 0000 789CCB67 		.ascii	"x\234\313g``(\001be fdf`\2344\261\213\211\241\241\241"
 832      60602801 
 832      62652066 
 832      6466609C 
 832      34B18B89 
 833 0017 C1819D89 		.ascii	"\301\201\235\211\261qb\027'\343vF0\217\221\241\236\211"
 833      B1716217 
 833      27E37646 
 833      308F91A1 
 833      9E89
 834 0029 B19E7121 		.ascii	"\261\236q!\263>\220\373\243u\366\334\243\214\015+\016"
 834      B33E90FB 
 834      A375F6DC 
 834      A38C0D2B 
 834      0E
 835 003a 30BE6260 		.ascii	"0\276b`\250g\200\002n\010\233\021\210\327_b=\320\360"
 835      A8678002 
 835      6E089B11 
 835      88D75F62 
 835      3DD0F0
 836 004d E77F7F43 		.ascii	"\347\177\177C\303\337G\214\253U\231\030\030\3461\203"
 836      C3DF478C 
 836      AB559918 
 836      18E63183 
 837 005d 4C6D6061 		.ascii	"Lm`al8\300\3000\237\231\011\302i\004r\27635(1\374gj"
 837      6C38C0C0 
 837      309F9909 
 837      C2690472 
 837      BE333528 
 838 0075 52001B32 		.ascii	"R\000\0332\217\231\021\241\216\201\301\320\331*\306"
 838      8F9911A1 
 838      8E81C1D0 
 838      D92AC6
 839 0084 39233329 		.ascii	"9#3)3\270\2444%3?\246<\277(\273\270 195\276\2648\265"
 839      33B8A434 
 839      25333FA6 
 839      3CBF28BB 
 839      B8203139 
 840 009d 28C63928 		.ascii	"(\3069(28\304\321'X\327%3'\263$#\2634\227\301AOO\037"
 840      3238C4D1 
 840      2758D725 
 840      3327B324 
 840      23B33497 
 841 00b6 8892419A 		.ascii	"\210\222A\232\362\213\215\014\015\015\365\363\213\365"
 841      F28B8D0C 
 841      0D0DF5F3 
 841      8BF5
 842 00c4 93F37373 		.ascii	"\223\363ss\363\363\364\213K\022\213JJ\013\364\035\203"
ARM GAS  C:\Users\Ridwane\AppData\Local\Temp\ccCGGnaI.s 			page 23


 842      F3F3F48B 
 842      4B128B4A 
 842      4A0BF41D 
 842      83
 843 00d5 7C9D7D2B 		.ascii	"|\235}+@\242\005\2319\251E\305\372\356\316\316\372\311"
 843      40A20599 
 843      39A945C5 
 843      FAEECECE 
 843      FAC9
 844 00e7 4525867A 		.ascii	"E%\206z\311\014\000\244/R\361"
 844      C90C00A4 
 844      2F52F1
 845              		.text
 846              		.section	.gnu.lto___early_init.135.9a33f011,"e",%progbits
 847 0000 789CCB63 		.ascii	"x\234\313c``(\001be fdf`\2344\261\213\211\241\241\241"
 847      60602801 
 847      62652066 
 847      6466609C 
 847      34B18B89 
 848 0017 C1819D89 		.ascii	"\301\201\235\211\261qb\027'\343vF0\217\221\241\236\211"
 848      B1716217 
 848      27E37646 
 848      308F91A1 
 848      9E89
 849 0029 B19E7121 		.ascii	"\261\236q!\263>\220\373\243u\366\211\243\214\015+\016"
 849      B33E90FB 
 849      A375F689 
 849      A38C0D2B 
 849      0E
 850 003a 30BE6260 		.ascii	"0\276b`\250g\200\002n\010\233\021\210\327_b=\320\360"
 850      A8678002 
 850      6E089B11 
 850      88D75F62 
 850      3DD0F0
 851 004d E77F7F43 		.ascii	"\347\177\177C\303\331\305\214VL\014\014\363\230A\206"
 851      C3D9C58C 
 851      564C0C0C 
 851      F3984186 
 852 005d 36B03036 		.ascii	"6\26006\034``\230\317\314\004\3414\0029\337\231\032"
 852      1C606098 
 852      CFCC04E1 
 852      340239DF 
 852      991A
 853 006f 9418FE33 		.ascii	"\224\030\37635)\200\315\230\307\314\210P\307\300`\350"
 853      352980CD 
 853      98C7CC88 
 853      50C7C060 
 853      E8
 854 0080 6C15E39C 		.ascii	"l\025\343\234\221\231\224\031\\R\232\222\231\037S\236"
 854      91999419 
 854      5C529A92 
 854      991F539E 
 855 0090 5F945D5C 		.ascii	"_\224]\\\220\230\234\032_Z\234Z\024\343\034\024\031"
 855      90989C1A 
 855      5F5A9C5A 
 855      14E31C14 
 855      19
ARM GAS  C:\Users\Ridwane\AppData\Local\Temp\ccCGGnaI.s 			page 24


 856 00a1 1CE2E813 		.ascii	"\034\342\350\023\254\353\222\231\223Y\222\221Y\232\313"
 856      ACEB9299 
 856      93599291 
 856      599ACB
 857 00b0 E0A0A7A7 		.ascii	"\340\240\247\247\017D\311 M\371\305F\206\206\206\372"
 857      0F44C920 
 857      4DF9C546 
 857      868686FA 
 858 00c0 F9C5FAC9 		.ascii	"\371\305\372\311\371\271\271\371y\372\305%\211E%\245"
 858      F9B9B9F9 
 858      79FAC525 
 858      894525A5 
 859 00d0 05FA8E41 		.ascii	"\005\372\216A\276\316\276\025 \321\202\314\234\324\242"
 859      BECEBE15 
 859      20D182CC 
 859      9CD4A2
 860 00df 627D7767 		.ascii	"b}wgg\375\344\242\022C\275d\006\000\370\333R\026"
 860      67FDE4A2 
 860      1243BD64 
 860      0600F8DB 
 860      5216
 861              		.text
 862              		.section	.gnu.lto___late_init.136.9a33f011,"e",%progbits
 863 0000 789CCB63 		.ascii	"x\234\313c``(\001be fdf`\2344\261\213\211\241\241\241"
 863      60602801 
 863      62652066 
 863      6466609C 
 863      34B18B89 
 864 0017 C1819D89 		.ascii	"\301\201\235\211\261qb\027'\343vF0\217\221\241\236\211"
 864      B1716217 
 864      27E37646 
 864      308F91A1 
 864      9E89
 865 0029 B19E7121 		.ascii	"\261\236q!\263>\220\373\243u\366\275\243\214\015+\016"
 865      B33E90FB 
 865      A375F6BD 
 865      A38C0D2B 
 865      0E
 866 003a 30BE6260 		.ascii	"0\276b`\250g\200\002n\010\233\021\210\327_b=\320\360"
 866      A8678002 
 866      6E089B11 
 866      88D75F62 
 866      3DD0F0
 867 004d E77F7F43 		.ascii	"\347\177\177C\303\321\305\214\226L\014\014\363\230A"
 867      C3D1C58C 
 867      964C0C0C 
 867      F39841
 868 005c 8636B030 		.ascii	"\2066\26006\034``\230\317\314\004\3414\0029\337\231"
 868      361C6060 
 868      98CFCC04 
 868      E1340239 
 868      DF99
 869 006e 1A9418FE 		.ascii	"\032\224\030\37635)\200\315\230\307\314\210P\307\300"
 869      33352980 
 869      CD98C7CC 
 869      8850C7C0 
 870 007e 60E86C15 		.ascii	"`\350l\025\343\234\221\231\224\031\\R\232\222\231\037"
ARM GAS  C:\Users\Ridwane\AppData\Local\Temp\ccCGGnaI.s 			page 25


 870      E39C9199 
 870      94195C52 
 870      9A92991F 
 871 008e 539E5F94 		.ascii	"S\236_\224]\\\220\230\234\032_Z\234Z\024\343\034\024"
 871      5D5C9098 
 871      9C1A5F5A 
 871      9C5A14E3 
 871      1C14
 872 00a0 191CE2E8 		.ascii	"\031\034\342\350\023\254\353\222\231\223Y\222\221Y\232"
 872      13ACEB92 
 872      99935992 
 872      91599A
 873 00af CBE0A0A7 		.ascii	"\313\340\240\247\247\017D\311 M\371\305F\206\206\206"
 873      A70F44C9 
 873      204DF9C5 
 873      46868686 
 874 00bf FAF9C5FA 		.ascii	"\372\371\305\372\311\371\271\271\371y\372\305%\211E"
 874      C9F9B9B9 
 874      F979FAC5 
 874      258945
 875 00ce 25A505FA 		.ascii	"%\245\005\372\216A\276\316\276\025 \321\202\314\234"
 875      8E41BECE 
 875      BE1520D1 
 875      82CC9C
 876 00dd D4A2627D 		.ascii	"\324\242b}wgg\375\344\242\022C\275d\006\000\005ZR#"
 876      776767FD 
 876      E4A21243 
 876      BD640600 
 876      055A5223 
 877              		.text
 878              		.section	.gnu.lto___default_exit.137.9a33f011,"e",%progbits
 879 0000 789CEB65 		.ascii	"x\234\353e``(\001b\007 fde`\2344\261\213\211\241\241"
 879      60602801 
 879      62072066 
 879      6465609C 
 879      34B18B89 
 880 0016 A1C1819D 		.ascii	"\241\301\201\235\211q\362D.0\213\231q\012\224\305\302"
 880      8971F244 
 880      2E308B99 
 880      710A94C5 
 880      C2
 881 0027 38D910CC 		.ascii	"8\331\020\314`d\250gbfa\004\022\014\010\260\220Y\037"
 881      6064A867 
 881      62666104 
 881      120C08B0 
 881      90591F
 882 003a 28F9A375 		.ascii	"(\371\243u\366\357\243\214\015+\0160\276b`\250\207\311"
 882      F6EFA38C 
 882      0D2B0E30 
 882      BE6260A8 
 882      87C9
 883 004c 7143D88C 		.ascii	"qC\330\214@\274\376\022\353\201\206?\377\373\033\032"
 883      40BCFE12 
 883      EB81863F 
 883      FFFB1B1A 
 884 005c EE3E66EC 		.ascii	"\356>f\354P\007\012\315cf8\362\276\203\225\261\341\000"
 884      50070ACD 
ARM GAS  C:\Users\Ridwane\AppData\Local\Temp\ccCGGnaI.s 			page 26


 884      636638F2 
 884      BE8395B1 
 884      E100
 885 006e 88CD0466 		.ascii	"\210\315\004f7\002\331\363\231\231\201\0066\260\200"
 885      3702D9F3 
 885      99998106 
 885      36B080
 886 007d 388CDF99 		.ascii	"8\214\337\231\032\036\375=\315\311\270\235\221\001\304"
 886      1A1EFD3D 
 886      CDC9B89D 
 886      9101C4
 887 008c FCC7CD00 		.ascii	"\374\307\315\000\021\341a\000ib\201(d\0042\031\031\330"
 887      11E16100 
 887      69628128 
 887      64043219 
 887      19D8
 888 009e 41361A3A 		.ascii	"A6\032:[\3058gd&e\006\227\224\246d\346\307\224\347\027"
 888      5BC53867 
 888      64266506 
 888      9794A664 
 888      E6C794E7 
 889 00b3 65171724 		.ascii	"e\027\027$&\247\306\227\026\247\026\3058\007E\006\207"
 889      26A7C697 
 889      16A716C5 
 889      38074506 
 889      87
 890 00c4 38FA04EB 		.ascii	"8\372\004\353\272d\346d\226dd\226\34628\350\351\351"
 890      BA64E664 
 890      96646496 
 890      E63238E8 
 890      E9E9
 891 00d6 03513248 		.ascii	"\003Q2HS~\261\221\241\241\241~~\261~r~nn~\236~qIbQI"
 891      537EB191 
 891      A1A1A17E 
 891      7EB17E72 
 891      7E6E6E7E 
 892 00f1 6981BE63 		.ascii	"i\201\276c\220\257\263o\005H\264 3'\265\250X\337\335"
 892      90AFB36F 
 892      0548B420 
 892      3327B5A8 
 892      58DFDD
 893 0104 D9593FB9 		.ascii	"\331Y?\271\250\304P/\231\001\000\242dd\272"
 893      A8C4502F 
 893      990100A2 
 893      6464BA
 894              		.text
 895              		.section	.gnu.lto___init_ram_areas.138.9a33f011,"e",%progbits
 896 0000 789C6D54 		.ascii	"x\234mTmh[e\024>\347=\357\315\275\315\327B\273\341/"
 896      6D685B65 
 896      143EE73D 
 896      EFCDBDCD 
 896      D742BBE1 
 897 0015 A18AE00F 		.ascii	"\241\212\340\017\261!CF\025\304\216\010\376q\177Z\377"
 897      B1214346 
 897      15C48E08 
 897      FE717F5A 
 897      FF
ARM GAS  C:\Users\Ridwane\AppData\Local\Temp\ccCGGnaI.s 			page 27


 898 0026 0805AD69 		.ascii	"\010\005\255iua\253\311\362a\235]\351m\326.\220I\333"
 898      7561ABC9 
 898      F2619D5D 
 898      E96DD62E 
 898      9049DB
 899 0039 7414F645 		.ascii	"t\024\366E;\031H\020\231ND\347f\272\260\351\252\240"
 899      3B194810 
 899      994E44E7 
 899      66BAB0E9 
 899      AAA0
 900 004b 043BEA14 		.ascii	"\004;\352\024k\351\012R\267\202\253\"~\354\303z\336"
 900      6BE90A52 
 900      B782AB22 
 900      7EECC37A 
 900      DE
 901 005c F726690A 		.ascii	"\367&i\012\273\344\276\367\334\367<\347y\317s\316\271"
 901      BBE4BEF7 
 901      DCF73CE7 
 901      79CF73CE 
 901      B9
 902 006d 39200146 		.ascii	"9 \001F\001`\225o\364\001N\344s\002l\333n3\005\036\311"
 902      0160956F 
 902      F4014EE4 
 902      73026CDB 
 902      6E33051E 
 903 0082 BBB54538 		.ascii	"\273\265E8\231\317\335\232\371Db\011\365\206\304\311"
 903      99CFDD9A 
 903      F9446209 
 903      F586C4C9 
 904 0092 B3559821 		.ascii	"\263U\230!\206\363\207\005{\346\326n\267\312\023\343"
 904      86F38705 
 904      7BE6D66E 
 904      B7CA13E3 
 905 00a2 CB78666C 		.ascii	"\313xfl\304\224\036<\232A\007a\342\321\211w\235@Kd\353"
 905      C4941E3C 
 905      9A410761 
 905      E2D18977 
 905      9D404B64 
 906 00b7 C0C7AAE0 		.ascii	"\300\307\252\340\006qr\374\243\207\360\202\002\265\312"
 906      067172FC 
 906      A387F082 
 906      02B5CA
 907 00c6 E3BCCD86 		.ascii	"\343\274\315\206%\275x\344l\300\341p\343P>\267\362\325"
 907      25BD78E4 
 907      6CC0E170 
 907      E3503EB7 
 907      F2D5
 908 00d8 C30EA6CD 		.ascii	"\303\016\246\315D\030\024$\015\217i5x\3358(\011\260"
 908      44181424 
 908      0D8F6935 
 908      78DD3828 
 908      09B0
 909 00ea 24D1DC58 		.ascii	"$\321\334X\300\271\014\330\270\254:\373\035\0122\317"
 909      C0B90CD8 
 909      B8AC3AFB 
 909      1D0A32CF 
 910 00fa 3F232716 		.ascii	"?#'\026f\321.\224\360&\300`\325g\240\253\011%\257\333"
ARM GAS  C:\Users\Ridwane\AppData\Local\Temp\ccCGGnaI.s 			page 28


 910      66D12E94 
 910      F026C060 
 910      D567A0AB 
 910      0925AFDB 
 911 010e B0D9402B 		.ascii	"\260\331@+\315\033\217\225l{mqv\324?>d\015\234\307\301"
 911      CD1B8F95 
 911      6C7B6D71 
 911      76D43F3E 
 911      640D9CC7 
 912 0123 CFF01C2A 		.ascii	"\317\360\034*\350\376y\351\201\013\250b\221\2419\254"
 912      E8FE79E9 
 912      810BA862 
 912      91A139AC 
 913 0133 626FAE64 		.ascii	"bo\256d\025\266\277X\207]eN\353\355*\344\303\033\331"
 913      15B6BF58 
 913      875D654E 
 913      EBED2AE4 
 913      C31BD9
 914 0146 AC1D186E 		.ascii	"\254\035\030n\356\277X\007\271\316t%\234A\370\034a\377"
 914      EEBF5807 
 914      B9CE7425 
 914      9C41F81C 
 914      61FF
 915 0158 92E44DC2 		.ascii	"\222\344M\302\363\210\027\021\213\370\301\234Q\262\357"
 915      F3881711 
 915      8BF8C19C 
 915      51B2EF
 916 0167 AE8FD9F6 		.ascii	"\256\217\331\366\312\323\305\223\247\335[\021\004\011"
 916      CAD3C593 
 916      A7DD5B11 
 916      0409
 917 0175 1082F896 		.ascii	"\020\202\370\226\3008\003\030\351\002\306\232j\361\252"
 917      C0380318 
 917      E902C69A 
 917      6AF1AA
 918 0184 579FB2FC 		.ascii	"W\237\262\374\312\033PV\243Z\232\224\003`\212@U\037"
 918      CA1B5056 
 918      A35A9A94 
 918      03608A40 
 918      551F
 919 0196 ED12C034 		.ascii	"\355\022\3004\011m\017\261\375\267\260\227\213e\344"
 919      096D0FB1 
 919      FDB7B097 
 919      8B65E4
 920 01a5 67E6545A 		.ascii	"g\346TZ\321\242\253Oe\235\343\247*\306\373(\223\227"
 920      D1A2AB4F 
 920      659DE3A7 
 920      2AC6FB28 
 920      9397
 921 01b7 F112420E 		.ascii	"\361\022B\016\017\331v\341\221\276/t\362\323Dk\267\013"
 921      0FD976E1 
 921      91BE2F74 
 921      F2D3446B 
 921      B70B
 922 01c9 AD158A4C 		.ascii	"\255\025\212L\233:\223\244f\373\256\334\300\215\323"
 922      9B3A93A4 
 922      66FBAEDC 
ARM GAS  C:\Users\Ridwane\AppData\Local\Temp\ccCGGnaI.s 			page 29


 922      C08DD3
 923 01d8 E6D5B29B 		.ascii	"\346\325\262\233\333\017wDf\346\306\026\3622\367\000"
 923      DB0F7744 
 923      66E6C616 
 923      F232F700 
 924 01e8 6A4E6EC7 		.ascii	"jNn\307\257\017\354{\343\012\302\216an~l\026{A\023\235"
 924      AF0FEC7B 
 924      E30AC28E 
 924      616E7E6C 
 924      167B4113 
 925 01fd 7A86B325 		.ascii	"z\206\263%\257\216\236/\213j\250\257\022T\250\017\372"
 925      AF8E9E2F 
 925      8B6AA8AF 
 925      1254A80F 
 925      FA
 926 020e 1AF7D482 		.ascii	"\032\367\324\202\212H>\035\364\023\007A\226\244N\367"
 926      8A483E1D 
 926      F4130741 
 926      96A44EF7 
 927 021e DCAD830D 		.ascii	"\334\255\203\015\254B\274\367(gD~\357h\376\272\245\022"
 927      AC42BCF7 
 927      2867447E 
 927      EF68FEBA 
 927      A512
 928 0230 9A26991F 		.ascii	"\232&\231\037\2716K\265\012\374\\&u\324\361\303\277"
 928      B9364BB5 
 928      0AFC5C26 
 928      75D4F1C3 
 928      BF
 929 0241 20A912F4 		.ascii	" \251\022\364#\350\363\254h\352\033\326\313\256?r\363"
 929      23E8F3AC 
 929      68EA1BD6 
 929      CBAE3F72 
 929      F3
 930 0252 95BC299A 		.ascii	"\225\274)\232\340=r\024.na\347\301\217\017}\211\324"
 930      E03D7214 
 930      2E6E61E7 
 930      C18F0F7D 
 930      89D4
 931 0264 482EFC54 		.ascii	"H.\374T\027\262Y\245\323\250\375\277kb\006|\213\324"
 931      17B259A5 
 931      D3A8FDBF 
 931      6B62067C 
 931      8BD4
 932 0276 44460DC0 		.ascii	"DF\015\300\"\233t\031\015\246\264e]\0359\324\305\246"
 932      229B7419 
 932      0DA6B465 
 932      5D1D39D4 
 932      C5A6
 933 0288 5010C391 		.ascii	"P\020\303\22146\206\2652n#Q\251\205UW\2122\276\306l"
 933      343686B5 
 933      326E2351 
 933      A9855557 
 933      8A32BEC6 
 934 029d 7F89E1C5 		.ascii	"\177\211\341\305\313o\221`\002PE0\310KS\367\016P\223"
 934      CB6F9160 
 934      02504530 
ARM GAS  C:\Users\Ridwane\AppData\Local\Temp\ccCGGnaI.s 			page 30


 934      C84B53F7 
 934      0E5093
 935 02b0 1C5DEFCE 		.ascii	"\034]\357\316\222\213|t\206_\033\345\177\367^\346\201"
 935      928B7C74 
 935      865F1BE5 
 935      7FF75EE6 
 935      81
 936 02c1 F0E80EAA 		.ascii	"\360\350\016\252j\230\233\253q\307\251\306\237\005_"
 936      6A989BAB 
 936      71C7A9C6 
 936      9F055F
 937 02d0 55719C15 		.ascii	"Uq\234\025\273\242\350\270\357nh\016\220Y\2579\240%"
 937      BBA2E8B8 
 937      EF6E680E 
 937      9059AF39 
 937      A025
 938 02e2 59F79164 		.ascii	"Y\367\221d\352\310\1777+\241\373(\271\212=\033J\210"
 938      EAC87F37 
 938      2BA1FB28 
 938      B98A3D1B 
 938      4A88
 939 02f4 4C478949 		.ascii	"LG\211I.\217\004\012\230\277\255/U:\330P7\177\366r~"
 939      2E8F040A 
 939      98BFAD2F 
 939      553AD850 
 939      377FF672 
 940 0309 4ED492F2 		.ascii	"N\324\222\362\223\344o:\340d\305c\351\327\210\311\011"
 940      93E46F3A 
 940      E064C563 
 940      E9D788C9 
 940      09
 941 031a 3E9BE792 		.ascii	">\233\347\222\251\027\302\344\347&/\000Z\233\007\375"
 941      A917C2E4 
 941      E7262F00 
 941      5A9B07FD 
 942 032a 9A1A7403 		.ascii	"\232\032t\003[9\223\302\203\373~\300\357\325\254;\203"
 942      5B3993C2 
 942      83FB7EC0 
 942      EFD5AC3B 
 942      83
 943 033b BF75E047 		.ascii	"\277u\340Gt\3761\246\310{i\365tH\027\316]\373\216\326"
 943      74FE31A6 
 943      C87B69F5 
 943      744817CE 
 943      5DFB8ED6 
 944 034f 4566E958 		.ascii	"Ef\351X{\005\200\265O\015 \024~\2523\274;\372J\264#"
 944      7B0580B5 
 944      4F0D2014 
 944      7EAA33BC 
 944      3BFA4AB4 
 945 0364 95EE8EC6 		.ascii	"\225\356\216\306:\373b\211=\311xW\244\347\245t\262'"
 945      3AFB6289 
 945      3DC97857 
 945      A4E7A574 
 945      B227
 946 0376 D1196E7F 		.ascii	"\321\031n\177\261\343\205\235\317w<\376lto4\265;\232"
 946      B1E3859D 
ARM GAS  C:\Users\Ridwane\AppData\Local\Temp\ccCGGnaI.s 			page 31


 946      CF773CFE 
 946      6C746F34 
 946      B53B9A
 947 0389 EE85B696 		.ascii	"\356\205\266\226\226 \377\"*(\226\334\036\012\205\202"
 947      9620FF22 
 947      2A2896DC 
 947      1E0A8582 
 948 0399 B1643012 		.ascii	"\261d0\022\353\355\215\275\036L\246\272\022\251t<\270"
 948      EBED8DBD 
 948      1E4CA6BA 
 948      12A9743C 
 948      B8
 949 03aa B37D5778 		.ascii	"\263}Wx\327\233j7\036\335\333\223H\006\237\013\207\203"
 949      D79B6A37 
 949      1EDDDB93 
 949      48069F0B 
 949      8783
 950 03bc 91442AD4 		.ascii	"\221D*\324\022\001Jt\305\003\216\335\022\351\336\361"
 950      12014A74 
 950      C5038EDD 
 950      12E9DEF1 
 951 03cc 6AE4C927 		.ascii	"j\344\311'B\200q\221\212\377\017@\010\316\262"
 951      42807191 
 951      8AFF0F40 
 951      08CEB2
 952              		.text
 953              		.section	.gnu.lto_.symbol_nodes.9a33f011,"e",%progbits
 954 0000 789C6DCA 		.ascii	"x\234m\312\3136Bq\030\206\361\357\301\226s\221st\246"
 954      CB364271 
 954      1886F1EF 
 954      C1967391 
 954      7374A6
 955 0013 E22AB8B1 		.ascii	"\342*\270\261\3776\330\344X\242\"\204\234\015\\\200"
 955      FF36D8E4 
 955      58A22284 
 955      9C0D5C80 
 956 0023 B1B15B71 		.ascii	"\261\261[q\013\265\337IkY}\223\337Z\357\363\005\230"
 956      0BB5DF49 
 956      6B597D93 
 956      DF5AEFF3 
 956      0598
 957 0035 D9D03E6E 		.ascii	"\331\320>n\324\357\335\010\325_3g\366\355\357)\034\340"
 957      D4EFDD08 
 957      D55F3367 
 957      F6EDEF29 
 957      1CE0
 958 0047 22034319 		.ascii	"\"\003C\031760\034\342\306\177\376\312^\177\337\011"
 958      3736301C 
 958      E2C67FFE 
 958      CA5E7FDF 
 958      09
 959 0058 E723DCC4 		.ascii	"\347#\334\304W%\210\374{\367\002&\375]\263a\357\230"
 959      572588FC 
 959      7BF70226 
 959      FD5DB361 
 959      EF98
 960 006a A974389C 		.ascii	"\251t8\2340-O\231\221gDe\205\230\2542+\317\231\2235"
ARM GAS  C:\Users\Ridwane\AppData\Local\Temp\ccCGGnaI.s 			page 32


 960      302D4F99 
 960      91674465 
 960      8598AC32 
 960      2BCF9993 
 961 007f E2F28279 		.ascii	"\342\362\202yy\311\202\254\263(\033,\311&\313\362\212"
 961      79C982AC 
 961      B3281B2C 
 961      C926CBF2 
 961      8A
 962 0090 1579CDAA 		.ascii	"\025y\315\252l\221\2207\254\311[\326\345\035I\331&%"
 962      6C919037 
 962      ACC95BD6 
 962      E51D49D9 
 962      2625
 963 00a2 EF49CB07 		.ascii	"\357I\313\0072\362\221\254\354\220\223O\344\3453\033"
 963      32F291AC 
 963      EC90934F 
 963      E4E5331B 
 964 00b2 F2854DF9 		.ascii	"\362\205M\371JA\276Q\224\357\224\344\007[\362\223\355"
 964      4A41BE51 
 964      94EF94E4 
 964      075BF293 
 964      ED
 965 00c3 50EB023A 		.ascii	"P\353\002:I>\222"
 965      493E92
 966              		.text
 967              		.section	.gnu.lto_.refs.9a33f011,"e",%progbits
 968 0000 789C05C1 		.ascii	"x\234\005\301i\032B`\030\000\300\367\231|h\221\222h"
 968      691A4260 
 968      1800C0F7 
 968      997C6891 
 968      9268
 969 0012 A7C52F67 		.ascii	"\247\305/gq\377\3534\263D\204LZ\2054\307\230\344\012"
 969      71FFEB34 
 969      B344844C 
 969      5A8534C7 
 969      98E40A
 970 0025 A5B58DAD 		.ascii	"\245\265\215\255\235\312^\355\340\250q\322:\353\364"
 970      9DCA5EED 
 970      E0A871D2 
 970      3AEBF4
 971 0034 2EAE6EEE 		.ascii	".\256n\356\036\236^\006\243\267\217\257\237)\376\200"
 971      1E9E5E06 
 971      A3B78FAF 
 971      9F29FE80 
 972 0044 6803A5   		.ascii	"h\003\245"
 973              		.text
 974              		.section	.gnu.lto_.decls.9a33f011,"e",%progbits
 975 0000 789CA596 		.ascii	"x\234\245\226mL[\327\031\307\317\271\2768\207\227\202"
 975      6D4C5BD7 
 975      19C7CFB9 
 975      BE388797 
 975      82
 976 0011 69B38D55 		.ascii	"i\263\215UY\205\252jCI\0033\257\3324i\251\250\324\017"
 976      5985AA6A 
 976      43490333 
 976      AFDA3469 
ARM GAS  C:\Users\Ridwane\AppData\Local\Temp\ccCGGnaI.s 			page 33


 976      A9A8D40F 
 977 0025 B49BD66C 		.ascii	"\264\233\326l\037&E\262\\\342(V\0003c\326l\237\216m"
 977      1F2645B2 
 977      5CE22856 
 977      003363D6 
 977      6C9F8E6D 
 978 0039 02865066 		.ascii	"\002\206Pf\323,\362(A\236\303Hh\031\001\262,\300\002"
 978      D32CF228 
 978      419EC348 
 978      681901B2 
 978      2CC002
 979 004c 98601293 		.ascii	"\230`\022\223\006\212C\226\320\360\0227$+IC\006.!\214"
 979      068A4396 
 979      D0F01237 
 979      242B4943 
 979      062E218C 
 980 0060 10D873AE 		.ascii	"\020\330s\256oN\271\260o\263\370\333\367\336\347\367"
 980      6F4EB9B0 
 980      6FB3F8DB 
 980      F7DEE7F7 
 981 0070 3FE77F9E 		.ascii	"?\347\177\236s\357\025q1\0109U\010\215b\204\326\341"
 981      73EF1571 
 981      31083955 
 981      088D6284 
 981      D6E1
 982 0082 B30D2134 		.ascii	"\263\015!4\006z\035\324\007\032\001\365\202\206A\237"
 982      067A1DD4 
 982      071A01F5 
 982      8286419F 
 983 0092 817A40E3 		.ascii	"\201z@\343\240\011\3204h\006t\017\364\0104\017\012\203"
 983      A009D034 
 983      6806740F 
 983      F408340F 
 983      0A83
 984 00a4 16414BA0 		.ascii	"\026AK\240e\320\012h\025\264\006B0\207\000\022Aj\020"
 984      65D00A68 
 984      15B40642 
 984      30870012 
 984      416A10
 985 00b7 01C580E2 		.ascii	"\001\305\200\342@\361 \015\350E\320v\320\267AI\240\227"
 985      40F1200D 
 985      E845D076 
 985      D0B74149 
 985      A097
 986 00c9 413B40AF 		.ascii	"A;@\257\200\222A\257\202^\003}\037\224\002\332\011z"
 986      809241AF 
 986      825E037D 
 986      1F9402DA 
 986      097A
 987 00db 1D940A9A 		.ascii	"\035\224\012\232\002\375@\316\233*_\337)s,\377\025\320"
 987      02FD40CE 
 987      9B2A5FDF 
 987      29732CFF 
 987      15D0
 988 00ed 65D01028 		.ascii	"e\320\020(\200\"c\274&\217\231,\317\261C\2363I\316\260"
 988      802263BC 
 988      268F992C 
ARM GAS  C:\Users\Ridwane\AppData\Local\Temp\ccCGGnaI.s 			page 34


 988      CFB1439E 
 988      3349CEB0 
 989 0101 5DCEA491 		.ascii	"]\316\244\2213\306\311\231\211\274\006Q^\023[\333\232"
 989      33C6C999 
 989      89BC0651 
 989      5E135BDB 
 989      9A
 990 0112 BCD61579 		.ascii	"\274\326\025y\355Kr/\302ro\346@\355XB\245\036\236\227"
 990      ED4B722F 
 990      C2726FE6 
 990      40ED5842 
 990      A51E9E97 
 991 0126 8F592F7B 		.ascii	"\217Y/{\344c\326\323\313\3621\353\355\247l^\271\307"
 991      E463D6D3 
 991      CBF231EB 
 991      EDA76C5E 
 991      B9C7
 992 0138 CFF782AD 		.ascii	"\317\367\202\2551\015Gz>\267ao\236\257\257g\303\032"
 992      310D477A 
 992      3EB7616F 
 992      9EAFAF67 
 992      C31A
 993 014a D52F6151 		.ascii	"\325/aQ\375-\234\254N\301l{\023\340\027\021\001eQ\351"
 993      FD2D9CAC 
 993      4EC16C7B 
 993      13E01711 
 993      016551E9 
 994 015e 73F13DF4 		.ascii	"s\361=\364\0176\023Byqd\037\022\205\326\257\356\204"
 994      0F361342 
 994      7971641F 
 994      1285D6AF 
 994      EE84
 995 0170 62127C94 		.ascii	"b\022|\224\316S_Y4\352\304\220\261\007\247\\\300\335"
 995      CE535F59 
 995      34EAC490 
 995      B107A75C 
 995      C0DD
 996 0182 B80B8B42 		.ascii	"\270\013\213B\323\302HsL\242T\366\\\024{\261TG}\254"
 996      D3C24873 
 996      4CA254F6 
 996      5C147BB1 
 996      54477DAC 
 997 0196 0FC25CAF 		.ascii	"\017\302\\\257mR\340\265>\271\346\303R\006B\014\210"
 997      6D52E0B5 
 997      3EB9E6C3 
 997      5206420C 
 997      88
 998 01a7 1423F27B 		.ascii	"\024#\362{v\242\201@\024\223J\214\304\230\247\347\377"
 998      76A28140 
 998      14934A8C 
 998      C498A7E7 
 998      FF
 999 01b8 3C97B013 		.ascii	"<\227\260\023>I\340\\\236\252\272:\363Jw'\245\225I}"
 999      3E49E05C 
 999      9EAABA3A 
 999      F34A7727 
 999      A595497D 
ARM GAS  C:\Users\Ridwane\AppData\Local\Temp\ccCGGnaI.s 			page 35


 1000 01cc 78005F95 		.ascii	"x\000_\225\007\321\"H\202\000h{\006\265\350\270>|\231"
 1000      07D12248 
 1000      8200687B 
 1000      06B5E8B8 
 1000      3E7C99
 1001 01df D7FA312F 		.ascii	"\327\3721/\256\312\305\213\212b\206T[\221k\376\215\203"
 1001      AECAC58B 
 1001      8A628654 
 1001      5B916BFE 
 1001      8D83
 1002 01f1 6620E841 		.ascii	"f \350A\031\245>\021]\302\203p\355*\276\200?\305\001"
 1002      19A53E11 
 1002      5DC28370 
 1002      ED2ABE80 
 1002      3FC501
 1003 0204 7C050FB1 		.ascii	"|\005\017\261\266\220J\001\0266{\251f^\235\304H\037"
 1003      B6904A01 
 1003      16367BA9 
 1003      665E9DC4 
 1003      481F
 1004 0216 2787F126 		.ascii	"'\207\361&T\024\272\003U\355\230\257\177D\236\3453\251"
 1004      5414BA03 
 1004      55ED98AF 
 1004      7F449EE5 
 1004      33A9
 1005 0228 37837D2B 		.ascii	"7\203}+\267_\220j\276-}\373|\344T\227\260\200a|\007"
 1005      B75F906A 
 1005      BE2D7DFB 
 1005      7CE45497 
 1005      B080617C 
 1006 023d F559FDC4 		.ascii	"\365Y\375\304\351\235\245m\224\026\323K\263\356\272"
 1006      E99DA56D 
 1006      9416D34B 
 1006      B3EEBA
 1007 024c F25947A2 		.ascii	"\362YG\242\313\006\2656\007}\331\015\227\353\352BN\301"
 1007      CB06B536 
 1007      077DD90D 
 1007      97EBEA42 
 1007      4EC1
 1008 025e A362A929 		.ascii	"\243b\251)\265\307\321\277\301\217\355 \265\227\263"
 1008      B5C7D1BF 
 1008      C18FED20 
 1008      B597B3
 1009 026d F3EA248F 		.ascii	"\363\352$\217=\262\261\243\230\372\312i\233O\355\035"
 1009      3DB2B1A3 
 1009      98FACA69 
 1009      9B4FED1D 
 1010 027d A0E56EFA 		.ascii	"\240\345n\372v]\335l\200MAkC\365\025\011\036\373\244"
 1010      765DDD6C 
 1010      804D416B 
 1010      43F51509 
 1010      1EFBA4
 1011 0290 C33340BF 		.ascii	"\3033@\277\353\201Q\334\260,\027\266\202\305\352\243"
 1011      EB8151DC 
 1011      B02C17B6 
 1011      82C5EAA3 
 1012 02a0 2E1F767A 		.ascii	".\037vz\352?\250)\363\007\362\254\2662\007\265\371\035"
ARM GAS  C:\Users\Ridwane\AppData\Local\Temp\ccCGGnaI.s 			page 36


 1012      EA3FA829 
 1012      F307F2AC 
 1012      B63207B5 
 1012      F91D
 1013 02b2 1A277C51 		.ascii	"\032'|Q/\355Lt\001\357l\364Q\015\365\370\035V\257\337"
 1013      2FED4C74 
 1013      01EF6CF4 
 1013      510DF5F8 
 1013      1D56AFDF 
 1014 02c6 815DDE32 		.ascii	"\201]\3362\207\313\353\247\270\026\230d\027\244\262"
 1014      87CBEBA7 
 1014      B8169864 
 1014      17A4B2
 1015 02d5 7AF7B842 		.ascii	"z\367\270BG`\"?Mdn\227\367M\253\307\317\232\347\300"
 1015      4760223F 
 1015      4D646E97 
 1015      F74DABC7 
 1015      CF9AE7C0 
 1016 02e9 560F7538 		.ascii	"V\017u8m\2642\321\351u8\234\340O\004\177\247\313\346"
 1016      6DB432D1 
 1016      E975389C 
 1016      E04F047F 
 1016      A7CBE6
 1017 02fc A370E073 		.ascii	"\243p\340s\270^\205Y\250Z\272\035\301 \300\327\036Q"
 1017      B85E8559 
 1017      A85ABA1D 
 1017      C120C0D7 
 1017      1E51
 1018 030e A043577E 		.ascii	"\240CW~\022f\321\027\377r+\032\307;\367 \254\325\220"
 1018      1266D117 
 1018      FF722B1A 
 1018      C73BF720 
 1018      ACD590
 1019 0321 7302223E 		.ascii	"s\002\">\2669m\365\253A\022\215\320\365\310}&\300\255"
 1019      B6396DF5 
 1019      AB41128D 
 1019      D0F5C87D 
 1019      26C0AD
 1020 0334 A51185E6 		.ascii	"\245\021\205\346\345\311\001\325\0160=\244t\373\003"
 1020      E5C901D5 
 1020      0E303DA4 
 1020      74FB03
 1021 0343 7413DF80 		.ascii	"t\023\337\200\3628F\013\322Ny:\037\016\253S\334N:\177"
 1021      F238460B 
 1021      D24E793A 
 1021      1F0EAB53 
 1021      DC4E3A7F 
 1022 0357 62F037A7 		.ascii	"b\3607\247\2350\3158\036\203\355D\350\237\030\215at"
 1022      9D30CD38 
 1022      1E83ED44 
 1022      E89F188D 
 1022      6174
 1023 0369 0D0771DE 		.ascii	"\015\007q\336\037\242\310\340\346\011D!\334\031x\026"
 1023      1FA2C8E0 
 1023      E6094421 
 1023      DC197816 
 1024 0379 C3AC6D81 		.ascii	"\303\254m\201#\025Tc\203\276\211\343\370\226d\236\300"
ARM GAS  C:\Users\Ridwane\AppData\Local\Temp\ccCGGnaI.s 			page 37


 1024      23155463 
 1024      83BE89E3 
 1024      F896649E 
 1024      C0
 1025 038a E8966CAE 		.ascii	"\350\226l\256\214\"\327\266\232\307&\034\377\221\346"
 1025      8C22D7B6 
 1025      9AC7261C 
 1025      FF91E6
 1026 0399 6D9BDE60 		.ascii	"m\233\336`\236\222\314\323\230\275\276$\263=\212L\303"
 1026      9E92CCD3 
 1026      98BDBE24 
 1026      B33D8A4C 
 1026      C3
 1027 03aa F2E6D800 		.ascii	"\362\346\330\000\367g\257O$\300\000_H\003\314T\006/"
 1027      F767AF4F 
 1027      24C0005F 
 1027      4803CC54 
 1027      062F
 1028 03bc 444786BB 		.ascii	"DG\206\273\003Oc\373\300\355\341\250\224N\030\357\351"
 1028      034F63FB 
 1028      C0EDE1A8 
 1028      944E18EF 
 1028      E9
 1029 03cd 86F142D2 		.ascii	"\206\361B\322x3\030\205\344\361\236\212d\211\2155\365"
 1029      78331885 
 1029      E4F19E8A 
 1029      64898D35 
 1029      F5
 1030 03de A4BC12B2 		.ascii	"\244\274\022\262\273i\333d\005\303\251\204\337\223p"
 1030      BB69DB64 
 1030      05C3A984 
 1030      DF9370
 1031 03ed 78C1C8F4 		.ascii	"x\301\310\364\220H*T\254\225\024\263\307\224\300\321"
 1031      90482A54 
 1031      AC9514B3 
 1031      C794C0D1 
 1032 03fd 3651A8BB 		.ascii	"6Q\250\273M]\261\011T~/\274\024\271\177\277\302H\373"
 1032      4D5DB109 
 1032      547E2FBC 
 1032      14B97FBF 
 1032      C248FB
 1033 0410 0072389F 		.ascii	"\000r8\237\005\356\013I\312G\351\177< \003\301\307\207"
 1033      05EE0B49 
 1033      CA47E97F 
 1033      3C2003C1 
 1033      C787
 1034 0422 BE13A13C 		.ascii	"\276\023\241<\302C|\037\317\302\3659\314\206a\235}`"
 1034      C2437C1F 
 1034      CFC2F539 
 1034      CC86619D 
 1034      7D60
 1035 0434 CDE4D511 		.ascii	"\315\344\325\021eu\3271\330\253\241\201\237;\361#\374"
 1035      6575D731 
 1035      D8ABA181 
 1035      9F3BF123 
 1035      FC
 1036 0445 250C1B29 		.ascii	"%\014\033)~\211\3619\234\327#\022\227\012\374\035\325"
ARM GAS  C:\Users\Ridwane\AppData\Local\Temp\ccCGGnaI.s 			page 38


 1036      7E89F139 
 1036      9CD72312 
 1036      970AFC1D 
 1036      D5
 1037 0456 036755BB 		.ascii	"\003gU\273\306!\341\007'\253j(v\342^<\017l$\352<Fy\001"
 1037      C621E107 
 1037      27AB6A28 
 1037      76E25E3C 
 1037      0F6C24EA 
 1038 046e 4C1A1979 		.ascii	"L\032\031y\344\350\221\3258F\216\016wRx\311\365\342"
 1038      E4E891D5 
 1038      38468E0E 
 1038      775278C9 
 1038      F5E2
 1039 0480 30E7C2C0 		.ascii	"0\347\302\300\215a\322\301\270O\276h\271\261M\342\036"
 1039      8D61D2C1 
 1039      B84FBE68 
 1039      B9B14DE2 
 1039      1E
 1040 0491 CADC22E7 		.ascii	"\312\334\"\347\026\201\233\306\244\237q\017jN\317D\270"
 1040      16819BC6 
 1040      A49F710F 
 1040      6A4ECF44 
 1040      B8
 1041 04a2 6A7B854F 		.ascii	"j{\205O\003\217\367\022\347\226\200\273\217I\220q\353"
 1041      038FF712 
 1041      E79680BB 
 1041      8F499071 
 1041      EB
 1042 04b3 4B1F56C4 		.ascii	"K\037V\304J\011\335<\3412'\227\201\\\304\344.#\233\302"
 1042      4A09DD3C 
 1042      E1322797 
 1042      815CC4E4 
 1042      2E239BC2 
 1043 04c7 EDA36A45 		.ascii	"\355\243jE\302\025\316\255\000\267\216I\230qg\303A\242"
 1043      C215CEAD 
 1043      00B78E49 
 1043      987167C3 
 1043      41A2
 1044 04d9 08B8CAB1 		.ascii	"\010\270\312\261U\300\252\004b\025\001\363\267T_R\006"
 1044      55C0AA04 
 1044      621501F3 
 1044      B7545F52 
 1044      06
 1045 04ea 5CE3DC1A 		.ascii	"\\\343\334\032p\177\024\210\213q\367N\214O\305K\001"
 1045      707F1488 
 1045      8B71F74E 
 1045      8C4FC54B 
 1045      01
 1046 04fb 3FE201A9 		.ascii	"?\342\001\251\360\234\204\0072\317#\220FF\2369>1J\024"
 1046      F09C8407 
 1046      32CF2390 
 1046      46469E39 
 1046      3E314A14 
 1047 050f 016D9CB3 		.ascii	"\001m\234\263\001\367\211@:\0307\321g\237P&,\343\\\031"
 1047      01F78940 
 1047      3A1837D1 
ARM GAS  C:\Users\Ridwane\AppData\Local\Temp\ccCGGnaI.s 			page 39


 1047      679F5026 
 1047      2CE35C19 
 1048 0523 707F1748 		.ascii	"p\177\027H?\343\272N\236\352\212V$,\347\\9p\375\002"
 1048      3FE3BA4E 
 1048      9EEA8A56 
 1048      242CE75C 
 1048      3970FD02 
 1049 0537 0932AE3D 		.ascii	"\0112\256=\324q7AJ\330\300\023:8\351\000\362\252@\356"
 1049      D4713741 
 1049      4AD8C013 
 1049      3A38E900 
 1049      F2AA40EE 
 1050 054b 32723DF4 		.ascii	"2r=\364\364\272\250HX\305\271*\340n\012$\314\270\343"
 1050      F4BAA848 
 1050      58C5B92A 
 1050      E06E0A24 
 1050      CCB8E3
 1051 055e 4797BEA7 		.ascii	"G\227\276\247\010X\315\261j\300\356@\013\243\000\373"
 1051      0858CDB1 
 1051      6AC0EE40 
 1051      0BA300FB 
 1052 056e B0E2DC8D 		.ascii	"\260\342\334\215xE\300\032\316\325\0007\007-d\\\360"
 1052      7845C01A 
 1052      CED50037 
 1052      072D645C 
 1052      F0
 1053 057f F3FE7F4B 		.ascii	"\363\376\177K\323\3167\363\200NN:\201\\\206\0262\322"
 1053      D3CE37F3 
 1053      804E4E3A 
 1053      815C8616 
 1053      32D2
 1054 0591 D6DC571B 		.ascii	"\326\334W\033\253\010X\313\271Z\340\354*\322\301\270"
 1054      AB0858CB 
 1054      B95AE0EC 
 1054      2AD2C1B8 
 1055 05a1 AF83BD0B 		.ascii	"\257\203\275\013\202\"\3411\316\035\003\256FE\372\031"
 1055      8222E131 
 1055      CE1D03AE 
 1055      4645FA19 
 1056 05b1 D760EB3A 		.ascii	"\327`\353:F\024\011\217s\3568p\177R\221 \343N\2358\333"
 1056      4614098F 
 1056      73EE3870 
 1056      7F529120 
 1056      E34E9D38 
 1057 05c6 1D25256C 		.ascii	"\035%%l\341\011\335\234t\003\331\250\"w\031\331\265"
 1057      E109DD9C 
 1057      7403D9A8 
 1057      227719D9 
 1057      B5
 1058 05d7 66BFA652 		.ascii	"f\277\246R$\254\343\\\035pgT$\314\270\245\276\340/\024"
 1058      24ACE35C 
 1058      1D706754 
 1058      24CCB8A5 
 1058      BEE02F14 
 1059 05eb 01EB3956 		.ascii	"\001\3539V\017X\267\212X\325\200\205VN~\035\243\010"
 1059      0F58B78A 
 1059      58D58085 
ARM GAS  C:\Users\Ridwane\AppData\Local\Temp\ccCGGnaI.s 			page 40


 1059      564E7E1D 
 1059      A308
 1060 05fd D8C0B906 		.ascii	"\330\300\271\006\340\006U\304\305\270\340\343\246\363"
 1060      E00655C4 
 1060      C5B8E0E3 
 1060      A6F3
 1061 060b 91BBF00C 		.ascii	"\221\273\360\014\017\350\341\244\007\310Q\025id\244"
 1061      0FE8E1A4 
 1061      07C85115 
 1061      6964A4
 1062 061a BBC1F744 		.ascii	"\273\301\367DP\004\364r\316\013\334\004\264\220qOB'"
 1062      5004F472 
 1062      CE0BDC04 
 1062      B490714F 
 1062      4227
 1063 062c 67947761 		.ascii	"g\224wa#\347\032\201\373\027\264\220q\223\236\336\313"
 1063      23E71A81 
 1063      FB17B490 
 1063      71939EDE 
 1063      CB
 1064 063d 6A45C226 		.ascii	"jE\302&\3165\001\267\000-d\334#\307_\217F6\271\233'"
 1064      CE3501B7 
 1064      002D64DC 
 1064      23C75F8F 
 1064      4636B99B 
 1065 0652 3CCDC9D3 		.ascii	"<\315\311\323@\256B\013\031i\277\321\334\252\334\344"
 1065      40AE420B 
 1065      1969BFD1 
 1065      DCAADCE4 
 1066 0662 8F39F731 		.ascii	"\2179\3671p\025\"\0113.pm \024\245H\330\302\271\026"
 1066      70152209 
 1066      332E706D 
 1066      2014A548 
 1066      D8C2B916 
 1067 0676 E06A4562 		.ascii	"\340jEb\335\006\334\370G\255\353\261\212\204\255\234"
 1067      DD06DCF8 
 1067      47ADEBB1 
 1067      8A84AD9C 
 1068 0686 6B05EE84 		.ascii	"k\005\356\204(\0127\037/O\253\370\377!\217\344j\233"
 1068      280A371F 
 1068      2F4FABF8 
 1068      FF218FE4 
 1068      6A9B
 1069 0698 00EFE09F 		.ascii	"\000\357\340\237\246\246\246\301_\376A\343{FSI\272V"
 1069      A6A6A6C1 
 1069      5FFE41E3 
 1069      7B465349 
 1069      BA56
 1070 06aa AB4D3395 		.ascii	"\253M3\225\244\345\233\012\013MEi%\026\275\331RZ\234"
 1070      A4E59B0A 
 1070      0B4D4569 
 1070      2516BDD9 
 1070      525A9C
 1071 06bd F6C6BBEF 		.ascii	"\366\306\273\357\344\276s\230]-6\026\030\314%io\345"
 1071      E4BE7398 
 1071      5D2D3616 
 1071      18CC2569 
ARM GAS  C:\Users\Ridwane\AppData\Local\Temp\ccCGGnaI.s 			page 41


 1071      6FE5
 1072 06cf E6A6E59B 		.ascii	"\346\246\345\233-\332\324|\362\326\317~\225\234\253"
 1072      2DDAD47C 
 1072      F2D6CF7E 
 1072      959CAB
 1073 06de CD419AC8 		.ascii	"\315A\232\310yj\376\376\354\003\371?\312\324\"Rj,\262"
 1073      796AFEFE 
 1073      EC03F93F 
 1073      CAD42252 
 1073      6A2CB2
 1074 06f1 64A4EB2C 		.ascii	"d\244\353,1\371\005\006\275Y\2477\033\364\321\306\""
 1074      31F90506 
 1074      BD59A737 
 1074      1BF4D1C6 
 1074      22
 1075 0702 A3453A8A 		.ascii	"\243E:\212\227\216,\206\303\221\323\270\"\223\216\327"
 1075      978E2C86 
 1075      C391D3B8 
 1075      22938ED7 
 1076 0712 B4B93FDE 		.ascii	"\264\271?\336\227\313\002\355\265\224\3567\232\366\275"
 1076      97CB02ED 
 1076      B594EE37 
 1076      9AF6BD
 1077 0721 6F321F2A 		.ascii	"o2\037*)\326\347\033t\245%\006\363\276\334w\177\275"
 1077      29D6E71B 
 1077      74A52506 
 1077      F3BEDC77 
 1077      7FBD
 1078 0733 F7976FBC 		.ascii	"\367\227o\274\275w\367\233\306\002\243\345\240\261\264"
 1078      BD77F79B 
 1078      C602A3E5 
 1078      A0B1B4
 1079 0742 10EDF93F 		.ascii	"\020\355\371?W\201\022\314\372\302o\002\350,*m6\212"
 1079      578112CC 
 1079      FAC26F02 
 1079      E82C2A6D 
 1079      368A
 1080 0754 D39B0B7F 		.ascii	"\323\233\013\177\233c\330]\270\353@1\212\3117\231!\355"
 1080      9B63D85D 
 1080      B8EB4031 
 1080      8AC93799 
 1080      21ED
 1081 0766 EEC24C14 		.ascii	"\356\302L\024\243\323\345\027\227J\264\370\276A\177"
 1081      A3D3E517 
 1081      974AB4F8 
 1081      BE417F
 1082 0775 284EA783 		.ascii	"(N\247\203\365\025\374N\272\022\253\323\025\350-\006"
 1082      F515FC4E 
 1082      BA12ABD3 
 1082      15E82D06 
 1083 0785 E9385EA7 		.ascii	"\3518^\247\333o8\240/-\260\350\014\207\215\026Rd2\033"
 1083      DB6F38A0 
 1083      2F2DB0E8 
 1083      0C878D16 
 1083      5264321B 
 1084 0799 2CA5E622 		.ascii	",\245\346\"\215.2\025\233\223MW\022\315\217^\324\261"
 1084      8D2E3215 
ARM GAS  C:\Users\Ridwane\AppData\Local\Temp\ccCGGnaI.s 			page 42


 1084      9B934D57 
 1084      12CD8F5E 
 1084      D4B1
 1085 07ab AB3FD47D 		.ascii	"\253?\324}\323\035\335\013\033/\351\342\345\263HOu\011"
 1085      D31DDD0B 
 1085      1B2FE9E2 
 1085      E5B3484F 
 1085      7509
 1086 07bd F2699129 		.ascii	"\362i\221)R\216\370\265[\375Z\205_\253\364k7\371\323"
 1086      528EF8B5 
 1086      5BFD5A85 
 1086      5FABF46B 
 1086      37F9D3
 1087 07d0 B7FAD315 		.ascii	"\267\372\323\025\376t\245?}\223?c\253?C\341\317P\372"
 1087      FE74A53F 
 1087      7D933F63 
 1087      AB3F43E1 
 1087      CF50FA
 1088 07e3 3336F933 		.ascii	"36\3713\267\3723\025\376L\245?s\223?k\253?K\341\317"
 1088      B7FA3315 
 1088      FE4CA53F 
 1088      73933F6B 
 1088      AB3F4BE1 
 1089 07f8 52FAB336 		.ascii	"R\372\2636\371\263\267\372\263\025\376l\245?{\223?g"
 1089      F9B3B7FA 
 1089      B315FE6C 
 1089      A53F7B93 
 1089      3F67
 1090 080a AB3F47E1 		.ascii	"\253?G\341\317Q\372s\270\377\277*]F\235"
 1090      CF51FA73 
 1090      B8FFBF2A 
 1090      5D469D
 1091              		.text
 1092              		.section	.gnu.lto_.symtab.9a33f011,"e",%progbits
 1093 0000 5F5F6370 		.ascii	"__cpu_init\000"
 1093      755F696E 
 1093      697400
 1094 000b 00       		.ascii	"\000"
 1095 000c 01       		.ascii	"\001"
 1096 000d 00       		.ascii	"\000"
 1097 000e 00000000 		.ascii	"\000\000\000\000\000\000\000\000"
 1097      00000000 
 1098 0016 D8000000 		.ascii	"\330\000\000\000"
 1099 001a 5F5F6561 		.ascii	"__early_init\000"
 1099      726C795F 
 1099      696E6974 
 1099      00
 1100 0027 00       		.ascii	"\000"
 1101 0028 01       		.ascii	"\001"
 1102 0029 00       		.ascii	"\000"
 1103 002a 00000000 		.ascii	"\000\000\000\000\000\000\000\000"
 1103      00000000 
 1104 0032 DB000000 		.ascii	"\333\000\000\000"
 1105 0036 5F5F6C61 		.ascii	"__late_init\000"
 1105      74655F69 
 1105      6E697400 
 1106 0042 00       		.ascii	"\000"
ARM GAS  C:\Users\Ridwane\AppData\Local\Temp\ccCGGnaI.s 			page 43


 1107 0043 01       		.ascii	"\001"
 1108 0044 00       		.ascii	"\000"
 1109 0045 00000000 		.ascii	"\000\000\000\000\000\000\000\000"
 1109      00000000 
 1110 004d DE000000 		.ascii	"\336\000\000\000"
 1111 0051 5F5F6465 		.ascii	"__default_exit\000"
 1111      6661756C 
 1111      745F6578 
 1111      697400
 1112 0060 00       		.ascii	"\000"
 1113 0061 01       		.ascii	"\001"
 1114 0062 00       		.ascii	"\000"
 1115 0063 00000000 		.ascii	"\000\000\000\000\000\000\000\000"
 1115      00000000 
 1116 006b E3000000 		.ascii	"\343\000\000\000"
 1117 006f 5F5F696E 		.ascii	"__init_ram_areas\000"
 1117      69745F72 
 1117      616D5F61 
 1117      72656173 
 1117      00
 1118 0080 00       		.ascii	"\000"
 1119 0081 00       		.ascii	"\000"
 1120 0082 00       		.ascii	"\000"
 1121 0083 00000000 		.ascii	"\000\000\000\000\000\000\000\000"
 1121      00000000 
 1122 008b E5000000 		.ascii	"\345\000\000\000"
 1123 008f 5F5F7261 		.ascii	"__ram0_init_text__\000"
 1123      6D305F69 
 1123      6E69745F 
 1123      74657874 
 1123      5F5F00
 1124 00a2 00       		.ascii	"\000"
 1125 00a3 02       		.ascii	"\002"
 1126 00a4 00       		.ascii	"\000"
 1127 00a5 00000000 		.ascii	"\000\000\000\000\000\000\000\000"
 1127      00000000 
 1128 00ad F0000000 		.ascii	"\360\000\000\000"
 1129 00b1 5F5F7261 		.ascii	"__ram0_init__\000"
 1129      6D305F69 
 1129      6E69745F 
 1129      5F00
 1130 00bf 00       		.ascii	"\000"
 1131 00c0 02       		.ascii	"\002"
 1132 00c1 00       		.ascii	"\000"
 1133 00c2 00000000 		.ascii	"\000\000\000\000\000\000\000\000"
 1133      00000000 
 1134 00ca F2000000 		.ascii	"\362\000\000\000"
 1135 00ce 5F5F7261 		.ascii	"__ram0_clear__\000"
 1135      6D305F63 
 1135      6C656172 
 1135      5F5F00
 1136 00dd 00       		.ascii	"\000"
 1137 00de 02       		.ascii	"\002"
 1138 00df 00       		.ascii	"\000"
 1139 00e0 00000000 		.ascii	"\000\000\000\000\000\000\000\000"
 1139      00000000 
 1140 00e8 F4000000 		.ascii	"\364\000\000\000"
ARM GAS  C:\Users\Ridwane\AppData\Local\Temp\ccCGGnaI.s 			page 44


 1141 00ec 5F5F7261 		.ascii	"__ram0_noinit__\000"
 1141      6D305F6E 
 1141      6F696E69 
 1141      745F5F00 
 1142 00fc 00       		.ascii	"\000"
 1143 00fd 02       		.ascii	"\002"
 1144 00fe 00       		.ascii	"\000"
 1145 00ff 00000000 		.ascii	"\000\000\000\000\000\000\000\000"
 1145      00000000 
 1146 0107 F6000000 		.ascii	"\366\000\000\000"
 1147 010b 5F5F7261 		.ascii	"__ram1_init_text__\000"
 1147      6D315F69 
 1147      6E69745F 
 1147      74657874 
 1147      5F5F00
 1148 011e 00       		.ascii	"\000"
 1149 011f 02       		.ascii	"\002"
 1150 0120 00       		.ascii	"\000"
 1151 0121 00000000 		.ascii	"\000\000\000\000\000\000\000\000"
 1151      00000000 
 1152 0129 F8000000 		.ascii	"\370\000\000\000"
 1153 012d 5F5F7261 		.ascii	"__ram1_init__\000"
 1153      6D315F69 
 1153      6E69745F 
 1153      5F00
 1154 013b 00       		.ascii	"\000"
 1155 013c 02       		.ascii	"\002"
 1156 013d 00       		.ascii	"\000"
 1157 013e 00000000 		.ascii	"\000\000\000\000\000\000\000\000"
 1157      00000000 
 1158 0146 FA000000 		.ascii	"\372\000\000\000"
 1159 014a 5F5F7261 		.ascii	"__ram1_clear__\000"
 1159      6D315F63 
 1159      6C656172 
 1159      5F5F00
 1160 0159 00       		.ascii	"\000"
 1161 015a 02       		.ascii	"\002"
 1162 015b 00       		.ascii	"\000"
 1163 015c 00000000 		.ascii	"\000\000\000\000\000\000\000\000"
 1163      00000000 
 1164 0164 FC000000 		.ascii	"\374\000\000\000"
 1165 0168 5F5F7261 		.ascii	"__ram1_noinit__\000"
 1165      6D315F6E 
 1165      6F696E69 
 1165      745F5F00 
 1166 0178 00       		.ascii	"\000"
 1167 0179 02       		.ascii	"\002"
 1168 017a 00       		.ascii	"\000"
 1169 017b 00000000 		.ascii	"\000\000\000\000\000\000\000\000"
 1169      00000000 
 1170 0183 FE000000 		.ascii	"\376\000\000\000"
 1171 0187 5F5F7261 		.ascii	"__ram2_init_text__\000"
 1171      6D325F69 
 1171      6E69745F 
 1171      74657874 
 1171      5F5F00
 1172 019a 00       		.ascii	"\000"
ARM GAS  C:\Users\Ridwane\AppData\Local\Temp\ccCGGnaI.s 			page 45


 1173 019b 02       		.ascii	"\002"
 1174 019c 00       		.ascii	"\000"
 1175 019d 00000000 		.ascii	"\000\000\000\000\000\000\000\000"
 1175      00000000 
 1176 01a5 00010000 		.ascii	"\000\001\000\000"
 1177 01a9 5F5F7261 		.ascii	"__ram2_init__\000"
 1177      6D325F69 
 1177      6E69745F 
 1177      5F00
 1178 01b7 00       		.ascii	"\000"
 1179 01b8 02       		.ascii	"\002"
 1180 01b9 00       		.ascii	"\000"
 1181 01ba 00000000 		.ascii	"\000\000\000\000\000\000\000\000"
 1181      00000000 
 1182 01c2 02010000 		.ascii	"\002\001\000\000"
 1183 01c6 5F5F7261 		.ascii	"__ram2_clear__\000"
 1183      6D325F63 
 1183      6C656172 
 1183      5F5F00
 1184 01d5 00       		.ascii	"\000"
 1185 01d6 02       		.ascii	"\002"
 1186 01d7 00       		.ascii	"\000"
 1187 01d8 00000000 		.ascii	"\000\000\000\000\000\000\000\000"
 1187      00000000 
 1188 01e0 04010000 		.ascii	"\004\001\000\000"
 1189 01e4 5F5F7261 		.ascii	"__ram2_noinit__\000"
 1189      6D325F6E 
 1189      6F696E69 
 1189      745F5F00 
 1190 01f4 00       		.ascii	"\000"
 1191 01f5 02       		.ascii	"\002"
 1192 01f6 00       		.ascii	"\000"
 1193 01f7 00000000 		.ascii	"\000\000\000\000\000\000\000\000"
 1193      00000000 
 1194 01ff 06010000 		.ascii	"\006\001\000\000"
 1195 0203 5F5F7261 		.ascii	"__ram3_init_text__\000"
 1195      6D335F69 
 1195      6E69745F 
 1195      74657874 
 1195      5F5F00
 1196 0216 00       		.ascii	"\000"
 1197 0217 02       		.ascii	"\002"
 1198 0218 00       		.ascii	"\000"
 1199 0219 00000000 		.ascii	"\000\000\000\000\000\000\000\000"
 1199      00000000 
 1200 0221 08010000 		.ascii	"\010\001\000\000"
 1201 0225 5F5F7261 		.ascii	"__ram3_init__\000"
 1201      6D335F69 
 1201      6E69745F 
 1201      5F00
 1202 0233 00       		.ascii	"\000"
 1203 0234 02       		.ascii	"\002"
 1204 0235 00       		.ascii	"\000"
 1205 0236 00000000 		.ascii	"\000\000\000\000\000\000\000\000"
 1205      00000000 
 1206 023e 0A010000 		.ascii	"\012\001\000\000"
 1207 0242 5F5F7261 		.ascii	"__ram3_clear__\000"
ARM GAS  C:\Users\Ridwane\AppData\Local\Temp\ccCGGnaI.s 			page 46


 1207      6D335F63 
 1207      6C656172 
 1207      5F5F00
 1208 0251 00       		.ascii	"\000"
 1209 0252 02       		.ascii	"\002"
 1210 0253 00       		.ascii	"\000"
 1211 0254 00000000 		.ascii	"\000\000\000\000\000\000\000\000"
 1211      00000000 
 1212 025c 0C010000 		.ascii	"\014\001\000\000"
 1213 0260 5F5F7261 		.ascii	"__ram3_noinit__\000"
 1213      6D335F6E 
 1213      6F696E69 
 1213      745F5F00 
 1214 0270 00       		.ascii	"\000"
 1215 0271 02       		.ascii	"\002"
 1216 0272 00       		.ascii	"\000"
 1217 0273 00000000 		.ascii	"\000\000\000\000\000\000\000\000"
 1217      00000000 
 1218 027b 0E010000 		.ascii	"\016\001\000\000"
 1219 027f 5F5F7261 		.ascii	"__ram4_init_text__\000"
 1219      6D345F69 
 1219      6E69745F 
 1219      74657874 
 1219      5F5F00
 1220 0292 00       		.ascii	"\000"
 1221 0293 02       		.ascii	"\002"
 1222 0294 00       		.ascii	"\000"
 1223 0295 00000000 		.ascii	"\000\000\000\000\000\000\000\000"
 1223      00000000 
 1224 029d 10010000 		.ascii	"\020\001\000\000"
 1225 02a1 5F5F7261 		.ascii	"__ram4_init__\000"
 1225      6D345F69 
 1225      6E69745F 
 1225      5F00
 1226 02af 00       		.ascii	"\000"
 1227 02b0 02       		.ascii	"\002"
 1228 02b1 00       		.ascii	"\000"
 1229 02b2 00000000 		.ascii	"\000\000\000\000\000\000\000\000"
 1229      00000000 
 1230 02ba 12010000 		.ascii	"\022\001\000\000"
 1231 02be 5F5F7261 		.ascii	"__ram4_clear__\000"
 1231      6D345F63 
 1231      6C656172 
 1231      5F5F00
 1232 02cd 00       		.ascii	"\000"
 1233 02ce 02       		.ascii	"\002"
 1234 02cf 00       		.ascii	"\000"
 1235 02d0 00000000 		.ascii	"\000\000\000\000\000\000\000\000"
 1235      00000000 
 1236 02d8 14010000 		.ascii	"\024\001\000\000"
 1237 02dc 5F5F7261 		.ascii	"__ram4_noinit__\000"
 1237      6D345F6E 
 1237      6F696E69 
 1237      745F5F00 
 1238 02ec 00       		.ascii	"\000"
 1239 02ed 02       		.ascii	"\002"
 1240 02ee 00       		.ascii	"\000"
ARM GAS  C:\Users\Ridwane\AppData\Local\Temp\ccCGGnaI.s 			page 47


 1241 02ef 00000000 		.ascii	"\000\000\000\000\000\000\000\000"
 1241      00000000 
 1242 02f7 16010000 		.ascii	"\026\001\000\000"
 1243 02fb 5F5F7261 		.ascii	"__ram5_init_text__\000"
 1243      6D355F69 
 1243      6E69745F 
 1243      74657874 
 1243      5F5F00
 1244 030e 00       		.ascii	"\000"
 1245 030f 02       		.ascii	"\002"
 1246 0310 00       		.ascii	"\000"
 1247 0311 00000000 		.ascii	"\000\000\000\000\000\000\000\000"
 1247      00000000 
 1248 0319 18010000 		.ascii	"\030\001\000\000"
 1249 031d 5F5F7261 		.ascii	"__ram5_init__\000"
 1249      6D355F69 
 1249      6E69745F 
 1249      5F00
 1250 032b 00       		.ascii	"\000"
 1251 032c 02       		.ascii	"\002"
 1252 032d 00       		.ascii	"\000"
 1253 032e 00000000 		.ascii	"\000\000\000\000\000\000\000\000"
 1253      00000000 
 1254 0336 1A010000 		.ascii	"\032\001\000\000"
 1255 033a 5F5F7261 		.ascii	"__ram5_clear__\000"
 1255      6D355F63 
 1255      6C656172 
 1255      5F5F00
 1256 0349 00       		.ascii	"\000"
 1257 034a 02       		.ascii	"\002"
 1258 034b 00       		.ascii	"\000"
 1259 034c 00000000 		.ascii	"\000\000\000\000\000\000\000\000"
 1259      00000000 
 1260 0354 1C010000 		.ascii	"\034\001\000\000"
 1261 0358 5F5F7261 		.ascii	"__ram5_noinit__\000"
 1261      6D355F6E 
 1261      6F696E69 
 1261      745F5F00 
 1262 0368 00       		.ascii	"\000"
 1263 0369 02       		.ascii	"\002"
 1264 036a 00       		.ascii	"\000"
 1265 036b 00000000 		.ascii	"\000\000\000\000\000\000\000\000"
 1265      00000000 
 1266 0373 1E010000 		.ascii	"\036\001\000\000"
 1267 0377 5F5F7261 		.ascii	"__ram6_init_text__\000"
 1267      6D365F69 
 1267      6E69745F 
 1267      74657874 
 1267      5F5F00
 1268 038a 00       		.ascii	"\000"
 1269 038b 02       		.ascii	"\002"
 1270 038c 00       		.ascii	"\000"
 1271 038d 00000000 		.ascii	"\000\000\000\000\000\000\000\000"
 1271      00000000 
 1272 0395 20010000 		.ascii	" \001\000\000"
 1273 0399 5F5F7261 		.ascii	"__ram6_init__\000"
 1273      6D365F69 
ARM GAS  C:\Users\Ridwane\AppData\Local\Temp\ccCGGnaI.s 			page 48


 1273      6E69745F 
 1273      5F00
 1274 03a7 00       		.ascii	"\000"
 1275 03a8 02       		.ascii	"\002"
 1276 03a9 00       		.ascii	"\000"
 1277 03aa 00000000 		.ascii	"\000\000\000\000\000\000\000\000"
 1277      00000000 
 1278 03b2 22010000 		.ascii	"\"\001\000\000"
 1279 03b6 5F5F7261 		.ascii	"__ram6_clear__\000"
 1279      6D365F63 
 1279      6C656172 
 1279      5F5F00
 1280 03c5 00       		.ascii	"\000"
 1281 03c6 02       		.ascii	"\002"
 1282 03c7 00       		.ascii	"\000"
 1283 03c8 00000000 		.ascii	"\000\000\000\000\000\000\000\000"
 1283      00000000 
 1284 03d0 24010000 		.ascii	"$\001\000\000"
 1285 03d4 5F5F7261 		.ascii	"__ram6_noinit__\000"
 1285      6D365F6E 
 1285      6F696E69 
 1285      745F5F00 
 1286 03e4 00       		.ascii	"\000"
 1287 03e5 02       		.ascii	"\002"
 1288 03e6 00       		.ascii	"\000"
 1289 03e7 00000000 		.ascii	"\000\000\000\000\000\000\000\000"
 1289      00000000 
 1290 03ef 26010000 		.ascii	"&\001\000\000"
 1291 03f3 5F5F7261 		.ascii	"__ram7_init_text__\000"
 1291      6D375F69 
 1291      6E69745F 
 1291      74657874 
 1291      5F5F00
 1292 0406 00       		.ascii	"\000"
 1293 0407 02       		.ascii	"\002"
 1294 0408 00       		.ascii	"\000"
 1295 0409 00000000 		.ascii	"\000\000\000\000\000\000\000\000"
 1295      00000000 
 1296 0411 28010000 		.ascii	"(\001\000\000"
 1297 0415 5F5F7261 		.ascii	"__ram7_init__\000"
 1297      6D375F69 
 1297      6E69745F 
 1297      5F00
 1298 0423 00       		.ascii	"\000"
 1299 0424 02       		.ascii	"\002"
 1300 0425 00       		.ascii	"\000"
 1301 0426 00000000 		.ascii	"\000\000\000\000\000\000\000\000"
 1301      00000000 
 1302 042e 2A010000 		.ascii	"*\001\000\000"
 1303 0432 5F5F7261 		.ascii	"__ram7_clear__\000"
 1303      6D375F63 
 1303      6C656172 
 1303      5F5F00
 1304 0441 00       		.ascii	"\000"
 1305 0442 02       		.ascii	"\002"
 1306 0443 00       		.ascii	"\000"
 1307 0444 00000000 		.ascii	"\000\000\000\000\000\000\000\000"
ARM GAS  C:\Users\Ridwane\AppData\Local\Temp\ccCGGnaI.s 			page 49


 1307      00000000 
 1308 044c 2C010000 		.ascii	",\001\000\000"
 1309 0450 5F5F7261 		.ascii	"__ram7_noinit__\000"
 1309      6D375F6E 
 1309      6F696E69 
 1309      745F5F00 
 1310 0460 00       		.ascii	"\000"
 1311 0461 02       		.ascii	"\002"
 1312 0462 00       		.ascii	"\000"
 1313 0463 00000000 		.ascii	"\000\000\000\000\000\000\000\000"
 1313      00000000 
 1314 046b 2E010000 		.ascii	".\001\000\000"
 1315              		.text
 1316              		.section	.gnu.lto_.ext_symtab.9a33f011,"e",%progbits
 1317 0000 01       		.ascii	"\001"
 1318 0001 01       		.ascii	"\001"
 1319 0002 00       		.ascii	"\000"
 1320 0003 01       		.ascii	"\001"
 1321 0004 00       		.ascii	"\000"
 1322 0005 01       		.ascii	"\001"
 1323 0006 00       		.ascii	"\000"
 1324 0007 01       		.ascii	"\001"
 1325 0008 00       		.ascii	"\000"
 1326 0009 01       		.ascii	"\001"
 1327 000a 00       		.ascii	"\000"
 1328 000b 02       		.ascii	"\002"
 1329 000c 01       		.ascii	"\001"
 1330 000d 02       		.ascii	"\002"
 1331 000e 01       		.ascii	"\001"
 1332 000f 02       		.ascii	"\002"
 1333 0010 01       		.ascii	"\001"
 1334 0011 02       		.ascii	"\002"
 1335 0012 01       		.ascii	"\001"
 1336 0013 02       		.ascii	"\002"
 1337 0014 01       		.ascii	"\001"
 1338 0015 02       		.ascii	"\002"
 1339 0016 01       		.ascii	"\001"
 1340 0017 02       		.ascii	"\002"
 1341 0018 01       		.ascii	"\001"
 1342 0019 02       		.ascii	"\002"
 1343 001a 01       		.ascii	"\001"
 1344 001b 02       		.ascii	"\002"
 1345 001c 01       		.ascii	"\001"
 1346 001d 02       		.ascii	"\002"
 1347 001e 01       		.ascii	"\001"
 1348 001f 02       		.ascii	"\002"
 1349 0020 01       		.ascii	"\001"
 1350 0021 02       		.ascii	"\002"
 1351 0022 01       		.ascii	"\001"
 1352 0023 02       		.ascii	"\002"
 1353 0024 01       		.ascii	"\001"
 1354 0025 02       		.ascii	"\002"
 1355 0026 01       		.ascii	"\001"
 1356 0027 02       		.ascii	"\002"
 1357 0028 01       		.ascii	"\001"
 1358 0029 02       		.ascii	"\002"
 1359 002a 01       		.ascii	"\001"
ARM GAS  C:\Users\Ridwane\AppData\Local\Temp\ccCGGnaI.s 			page 50


 1360 002b 02       		.ascii	"\002"
 1361 002c 01       		.ascii	"\001"
 1362 002d 02       		.ascii	"\002"
 1363 002e 01       		.ascii	"\001"
 1364 002f 02       		.ascii	"\002"
 1365 0030 01       		.ascii	"\001"
 1366 0031 02       		.ascii	"\002"
 1367 0032 01       		.ascii	"\001"
 1368 0033 02       		.ascii	"\002"
 1369 0034 01       		.ascii	"\001"
 1370 0035 02       		.ascii	"\002"
 1371 0036 01       		.ascii	"\001"
 1372 0037 02       		.ascii	"\002"
 1373 0038 01       		.ascii	"\001"
 1374 0039 02       		.ascii	"\002"
 1375 003a 01       		.ascii	"\001"
 1376 003b 02       		.ascii	"\002"
 1377 003c 01       		.ascii	"\001"
 1378 003d 02       		.ascii	"\002"
 1379 003e 01       		.ascii	"\001"
 1380 003f 02       		.ascii	"\002"
 1381 0040 01       		.ascii	"\001"
 1382 0041 02       		.ascii	"\002"
 1383 0042 01       		.ascii	"\001"
 1384 0043 02       		.ascii	"\002"
 1385 0044 01       		.ascii	"\001"
 1386 0045 02       		.ascii	"\002"
 1387 0046 01       		.ascii	"\001"
 1388 0047 02       		.ascii	"\002"
 1389 0048 01       		.ascii	"\001"
 1390 0049 02       		.ascii	"\002"
 1391 004a 01       		.ascii	"\001"
 1392              		.text
 1393              		.section	.gnu.lto_.opts,"e",%progbits
 1394 0000 272D666E 		.ascii	"'-fno-openmp' '-fno-openacc' '-fno-pie' '-fcf-prote"
 1394      6F2D6F70 
 1394      656E6D70 
 1394      2720272D 
 1394      666E6F2D 
 1395 0033 6374696F 		.ascii	"ction=none' '-g' '-mcpu=cortex-m4' '-mthumb' '-mflo"
 1395      6E3D6E6F 
 1395      6E652720 
 1395      272D6727 
 1395      20272D6D 
 1396 0066 61742D61 		.ascii	"at-abi=softfp' '-mfpu=fpv4-sp-d16' '-mlibarch=armv7"
 1396      62693D73 
 1396      6F667466 
 1396      70272027 
 1396      2D6D6670 
 1397 0099 652D6D2B 		.ascii	"e-m+fp' '-march=armv7e-m+fp' '-O2' '-fomit-frame-po"
 1397      66702720 
 1397      272D6D61 
 1397      7263683D 
 1397      61726D76 
 1398 00cc 696E7465 		.ascii	"inter' '-falign-functions=16' '-ffunction-sections'"
 1398      72272027 
 1398      2D66616C 
ARM GAS  C:\Users\Ridwane\AppData\Local\Temp\ccCGGnaI.s 			page 51


 1398      69676E2D 
 1398      66756E63 
 1399 00ff 20272D66 		.ascii	" '-fdata-sections' '-fno-common' '-flto' '-Xassembl"
 1399      64617461 
 1399      2D736563 
 1399      74696F6E 
 1399      73272027 
 1400 0132 65722720 		.ascii	"er' '-alms=./build/lst/crt1.lst'\000"
 1400      272D616C 
 1400      6D733D2E 
 1400      2F627569 
 1400      6C642F6C 
 1401              		.text
 1402              		.comm	__gnu_lto_slim,1,1
 1403              		.ident	"GCC: (Arm GNU Toolchain 11.3.Rel1) 11.3.1 20220712"
ARM GAS  C:\Users\Ridwane\AppData\Local\Temp\ccCGGnaI.s 			page 52


DEFINED SYMBOLS
                            *ABS*:00000000 crt1.c
C:\Users\Ridwane\AppData\Local\Temp\ccCGGnaI.s:22     .gnu.debuglto_.debug_info:00000000 crt1.c.cd6fc941
                            *COM*:00000001 __gnu_lto_slim

NO UNDEFINED SYMBOLS
