ARM GAS  C:\Users\Ridwane\AppData\Local\Temp\ccgRsqvS.s 			page 1


   1              		.cpu cortex-m4
   2              		.arch armv7e-m
   3              		.fpu fpv4-sp-d16
   4              		.eabi_attribute 27, 1
   5              		.eabi_attribute 20, 1
   6              		.eabi_attribute 21, 1
   7              		.eabi_attribute 23, 3
   8              		.eabi_attribute 24, 1
   9              		.eabi_attribute 25, 1
  10              		.eabi_attribute 26, 1
  11              		.eabi_attribute 30, 2
  12              		.eabi_attribute 34, 1
  13              		.eabi_attribute 18, 4
  14              		.file	"hal.c"
  15              		.file 1 "../../chibios2111/os/hal/include/hal_st.h"
  16              		.file 2 "../../chibios2111/os/hal/boards/ST_STM32F4_DISCOVERY/board.h"
  17              		.file 3 "../../chibios2111/os/hal/include/hal_serial.h"
  18              		.file 4 "../../chibios2111/os/hal/ports/STM32/LLD/GPIOv2/hal_pal_lld.h"
  19              		.file 5 "../../chibios2111/os/hal/ports/STM32/STM32F4xx/hal_lld_type1.h"
  20              		.file 6 "../../chibios2111/os/hal/src/hal.c"
  21              		.file 7 "../../chibios2111/os/hal/osal/rt-nil/osal.h"
  22              		.section	.gnu.debuglto_.debug_info,"e",%progbits
  23              	.Ldebug_info0:
  24              		.hidden	hal.c.98cb26bd
  25              		.weak	hal.c.98cb26bd
  26              	hal.c.98cb26bd:
  27 0000 AF000000 		.4byte	0xaf
  28 0004 0500     		.2byte	0x5
  29 0006 01       		.byte	0x1
  30 0007 04       		.byte	0x4
  31 0008 00000000 		.4byte	.Ldebug_abbrev0
  32 000c 03       		.uleb128 0x3
  33 000d C5000000 		.4byte	.LASF17
  34 0011 1D       		.byte	0x1d
  35 0012 8F000000 		.4byte	.LASF18
  36 0016 2E000000 		.4byte	.LASF19
  37 001a 00000000 		.4byte	.Ldebug_line0
  38 001e 04       		.uleb128 0x4
  39 001f 04       		.byte	0x4
  40 0020 05       		.byte	0x5
  41 0021 696E7400 		.ascii	"int\000"
  42 0025 01       		.uleb128 0x1
  43 0026 04       		.byte	0x4
  44 0027 07       		.byte	0x7
  45 0028 21000000 		.4byte	.LASF0
  46 002c 01       		.uleb128 0x1
  47 002d 08       		.byte	0x8
  48 002e 05       		.byte	0x5
  49 002f 00000000 		.4byte	.LASF1
  50 0033 01       		.uleb128 0x1
  51 0034 08       		.byte	0x8
  52 0035 04       		.byte	0x4
  53 0036 EB010000 		.4byte	.LASF2
  54 003a 01       		.uleb128 0x1
  55 003b 01       		.byte	0x1
  56 003c 06       		.byte	0x6
  57 003d D6010000 		.4byte	.LASF3
ARM GAS  C:\Users\Ridwane\AppData\Local\Temp\ccgRsqvS.s 			page 2


  58 0041 01       		.uleb128 0x1
  59 0042 01       		.byte	0x1
  60 0043 08       		.byte	0x8
  61 0044 B2000000 		.4byte	.LASF4
  62 0048 01       		.uleb128 0x1
  63 0049 02       		.byte	0x2
  64 004a 05       		.byte	0x5
  65 004b 9F010000 		.4byte	.LASF5
  66 004f 01       		.uleb128 0x1
  67 0050 02       		.byte	0x2
  68 0051 07       		.byte	0x7
  69 0052 0E000000 		.4byte	.LASF6
  70 0056 01       		.uleb128 0x1
  71 0057 04       		.byte	0x4
  72 0058 05       		.byte	0x5
  73 0059 B6010000 		.4byte	.LASF7
  74 005d 01       		.uleb128 0x1
  75 005e 04       		.byte	0x4
  76 005f 07       		.byte	0x7
  77 0060 66000000 		.4byte	.LASF8
  78 0064 01       		.uleb128 0x1
  79 0065 08       		.byte	0x8
  80 0066 07       		.byte	0x7
  81 0067 78000000 		.4byte	.LASF9
  82 006b 01       		.uleb128 0x1
  83 006c 01       		.byte	0x1
  84 006d 08       		.byte	0x8
  85 006e C0000000 		.4byte	.LASF10
  86 0072 01       		.uleb128 0x1
  87 0073 01       		.byte	0x1
  88 0074 02       		.byte	0x2
  89 0075 B0010000 		.4byte	.LASF11
  90 0079 05       		.uleb128 0x5
  91 007a 5F000000 		.4byte	.LASF12
  92 007e 01       		.byte	0x1
  93 007f 46       		.byte	0x46
  94 0080 08       		.byte	0x8
  95 0081 02       		.uleb128 0x2
  96 0082 CC010000 		.4byte	.LASF13
  97 0086 02       		.byte	0x2
  98 0087 4805     		.2byte	0x548
  99 0089 02       		.uleb128 0x2
 100 008a A9010000 		.4byte	.LASF14
 101 008e 03       		.byte	0x3
 102 008f 2201     		.2byte	0x122
 103 0091 02       		.uleb128 0x2
 104 0092 F7010000 		.4byte	.LASF15
 105 0096 04       		.byte	0x4
 106 0097 F201     		.2byte	0x1f2
 107 0099 02       		.uleb128 0x2
 108 009a BF010000 		.4byte	.LASF16
 109 009e 05       		.byte	0x5
 110 009f F007     		.2byte	0x7f0
 111 00a1 06       		.uleb128 0x6
 112 00a2 97010000 		.4byte	.LASF20
 113 00a6 06       		.byte	0x6
 114 00a7 38       		.byte	0x38
ARM GAS  C:\Users\Ridwane\AppData\Local\Temp\ccgRsqvS.s 			page 3


 115 00a8 06       		.byte	0x6
 116 00a9 07       		.uleb128 0x7
 117 00aa E2010000 		.4byte	.LASF21
 118 00ae 07       		.byte	0x7
 119 00af 1302     		.2byte	0x213
 120 00b1 14       		.byte	0x14
 121 00b2 00       		.byte	0
 122              		.section	.gnu.debuglto_.debug_abbrev,"e",%progbits
 123              	.Ldebug_abbrev0:
 124 0000 01       		.uleb128 0x1
 125 0001 24       		.uleb128 0x24
 126 0002 00       		.byte	0
 127 0003 0B       		.uleb128 0xb
 128 0004 0B       		.uleb128 0xb
 129 0005 3E       		.uleb128 0x3e
 130 0006 0B       		.uleb128 0xb
 131 0007 03       		.uleb128 0x3
 132 0008 0E       		.uleb128 0xe
 133 0009 00       		.byte	0
 134 000a 00       		.byte	0
 135 000b 02       		.uleb128 0x2
 136 000c 2E       		.uleb128 0x2e
 137 000d 00       		.byte	0
 138 000e 3F       		.uleb128 0x3f
 139 000f 19       		.uleb128 0x19
 140 0010 03       		.uleb128 0x3
 141 0011 0E       		.uleb128 0xe
 142 0012 3A       		.uleb128 0x3a
 143 0013 0B       		.uleb128 0xb
 144 0014 3B       		.uleb128 0x3b
 145 0015 05       		.uleb128 0x5
 146 0016 39       		.uleb128 0x39
 147 0017 21       		.uleb128 0x21
 148 0018 08       		.sleb128 8
 149 0019 27       		.uleb128 0x27
 150 001a 19       		.uleb128 0x19
 151 001b 3C       		.uleb128 0x3c
 152 001c 19       		.uleb128 0x19
 153 001d 00       		.byte	0
 154 001e 00       		.byte	0
 155 001f 03       		.uleb128 0x3
 156 0020 11       		.uleb128 0x11
 157 0021 01       		.byte	0x1
 158 0022 25       		.uleb128 0x25
 159 0023 0E       		.uleb128 0xe
 160 0024 13       		.uleb128 0x13
 161 0025 0B       		.uleb128 0xb
 162 0026 03       		.uleb128 0x3
 163 0027 0E       		.uleb128 0xe
 164 0028 1B       		.uleb128 0x1b
 165 0029 0E       		.uleb128 0xe
 166 002a 10       		.uleb128 0x10
 167 002b 17       		.uleb128 0x17
 168 002c 00       		.byte	0
 169 002d 00       		.byte	0
 170 002e 04       		.uleb128 0x4
 171 002f 24       		.uleb128 0x24
ARM GAS  C:\Users\Ridwane\AppData\Local\Temp\ccgRsqvS.s 			page 4


 172 0030 00       		.byte	0
 173 0031 0B       		.uleb128 0xb
 174 0032 0B       		.uleb128 0xb
 175 0033 3E       		.uleb128 0x3e
 176 0034 0B       		.uleb128 0xb
 177 0035 03       		.uleb128 0x3
 178 0036 08       		.uleb128 0x8
 179 0037 00       		.byte	0
 180 0038 00       		.byte	0
 181 0039 05       		.uleb128 0x5
 182 003a 2E       		.uleb128 0x2e
 183 003b 00       		.byte	0
 184 003c 3F       		.uleb128 0x3f
 185 003d 19       		.uleb128 0x19
 186 003e 03       		.uleb128 0x3
 187 003f 0E       		.uleb128 0xe
 188 0040 3A       		.uleb128 0x3a
 189 0041 0B       		.uleb128 0xb
 190 0042 3B       		.uleb128 0x3b
 191 0043 0B       		.uleb128 0xb
 192 0044 39       		.uleb128 0x39
 193 0045 0B       		.uleb128 0xb
 194 0046 27       		.uleb128 0x27
 195 0047 19       		.uleb128 0x19
 196 0048 3C       		.uleb128 0x3c
 197 0049 19       		.uleb128 0x19
 198 004a 00       		.byte	0
 199 004b 00       		.byte	0
 200 004c 06       		.uleb128 0x6
 201 004d 2E       		.uleb128 0x2e
 202 004e 00       		.byte	0
 203 004f 3F       		.uleb128 0x3f
 204 0050 19       		.uleb128 0x19
 205 0051 03       		.uleb128 0x3
 206 0052 0E       		.uleb128 0xe
 207 0053 3A       		.uleb128 0x3a
 208 0054 0B       		.uleb128 0xb
 209 0055 3B       		.uleb128 0x3b
 210 0056 0B       		.uleb128 0xb
 211 0057 39       		.uleb128 0x39
 212 0058 0B       		.uleb128 0xb
 213 0059 27       		.uleb128 0x27
 214 005a 19       		.uleb128 0x19
 215 005b 00       		.byte	0
 216 005c 00       		.byte	0
 217 005d 07       		.uleb128 0x7
 218 005e 2E       		.uleb128 0x2e
 219 005f 00       		.byte	0
 220 0060 03       		.uleb128 0x3
 221 0061 0E       		.uleb128 0xe
 222 0062 3A       		.uleb128 0x3a
 223 0063 0B       		.uleb128 0xb
 224 0064 3B       		.uleb128 0x3b
 225 0065 05       		.uleb128 0x5
 226 0066 39       		.uleb128 0x39
 227 0067 0B       		.uleb128 0xb
 228 0068 27       		.uleb128 0x27
ARM GAS  C:\Users\Ridwane\AppData\Local\Temp\ccgRsqvS.s 			page 5


 229 0069 19       		.uleb128 0x19
 230 006a 00       		.byte	0
 231 006b 00       		.byte	0
 232 006c 00       		.byte	0
 233              		.section	.gnu.debuglto_.debug_line,"e",%progbits
 234              	.Ldebug_line0:
 235 0000 68000000 		.4byte	.LELT0-.LSLT0
 236              	.LSLT0:
 237 0004 0500     		.2byte	0x5
 238 0006 04       		.byte	0x4
 239 0007 00       		.byte	0
 240 0008 60000000 		.4byte	.LELTP0-.LASLTP0
 241              	.LASLTP0:
 242 000c 01       		.byte	0x1
 243 000d 01       		.byte	0x1
 244 000e 01       		.byte	0x1
 245 000f F6       		.byte	0xf6
 246 0010 F2       		.byte	0xf2
 247 0011 0D       		.byte	0xd
 248 0012 00       		.byte	0
 249 0013 01       		.byte	0x1
 250 0014 01       		.byte	0x1
 251 0015 01       		.byte	0x1
 252 0016 01       		.byte	0x1
 253 0017 00       		.byte	0
 254 0018 00       		.byte	0
 255 0019 00       		.byte	0
 256 001a 01       		.byte	0x1
 257 001b 00       		.byte	0
 258 001c 00       		.byte	0
 259 001d 01       		.byte	0x1
 260 001e 01       		.byte	0x1
 261 001f 01       		.uleb128 0x1
 262 0020 1F       		.uleb128 0x1f
 263 0021 07       		.uleb128 0x7
 264 0022 EC000000 		.4byte	.LASF22
 265 0026 2B010000 		.4byte	.LASF23
 266 002a 66000000 		.4byte	.LASF24
 267 002e 6F010000 		.4byte	.LASF25
 268 0032 07000000 		.4byte	.LASF26
 269 0036 37000000 		.4byte	.LASF27
 270 003a BA000000 		.4byte	.LASF28
 271 003e 02       		.byte	0x2
 272 003f 01       		.uleb128 0x1
 273 0040 1F       		.uleb128 0x1f
 274 0041 02       		.uleb128 0x2
 275 0042 0B       		.uleb128 0xb
 276 0043 08       		.uleb128 0x8
 277 0044 87000000 		.4byte	.LASF29
 278 0048 00       		.byte	0
 279 0049 66010000 		.4byte	.LASF30
 280 004d 02       		.byte	0x2
 281 004e E4000000 		.4byte	.LASF31
 282 0052 01       		.byte	0x1
 283 0053 D7000000 		.4byte	.LASF32
 284 0057 02       		.byte	0x2
 285 0058 1D010000 		.4byte	.LASF33
ARM GAS  C:\Users\Ridwane\AppData\Local\Temp\ccgRsqvS.s 			page 6


 286 005c 04       		.byte	0x4
 287 005d AA000000 		.4byte	.LASF34
 288 0061 05       		.byte	0x5
 289 0062 60010000 		.4byte	.LASF35
 290 0066 06       		.byte	0x6
 291 0067 00000000 		.4byte	.LASF36
 292 006b 03       		.byte	0x3
 293              	.LELTP0:
 294              	.LELT0:
 295              		.section	.gnu.debuglto_.debug_str,"eMS",%progbits,1
 296              	.LASF1:
 297 0000 6C6F6E67 		.ascii	"long long int\000"
 297      206C6F6E 
 297      6720696E 
 297      7400
 298              	.LASF6:
 299 000e 73686F72 		.ascii	"short unsigned int\000"
 299      7420756E 
 299      7369676E 
 299      65642069 
 299      6E7400
 300              	.LASF0:
 301 0021 756E7369 		.ascii	"unsigned int\000"
 301      676E6564 
 301      20696E74 
 301      00
 302              	.LASF19:
 303 002e 433A5C43 		.ascii	"C:\\ChibiStudio\\workspace_user\\CRYSTALS-Dilithium"
 303      68696269 
 303      53747564 
 303      696F5C77 
 303      6F726B73 
 304 005e 00       		.ascii	"\000"
 305              	.LASF12:
 306 005f 7374496E 		.ascii	"stInit\000"
 306      697400
 307              	.LASF8:
 308 0066 6C6F6E67 		.ascii	"long unsigned int\000"
 308      20756E73 
 308      69676E65 
 308      6420696E 
 308      7400
 309              	.LASF9:
 310 0078 6C6F6E67 		.ascii	"long long unsigned int\000"
 310      206C6F6E 
 310      6720756E 
 310      7369676E 
 310      65642069 
 311              	.LASF18:
 312 008f 2E2E2F2E 		.ascii	"../../chibios2111/os/hal/src/hal.c\000"
 312      2E2F6368 
 312      6962696F 
 312      73323131 
 312      312F6F73 
 313              	.LASF4:
 314 00b2 756E7369 		.ascii	"unsigned char\000"
 314      676E6564 
ARM GAS  C:\Users\Ridwane\AppData\Local\Temp\ccgRsqvS.s 			page 7


 314      20636861 
 314      7200
 315              	.LASF10:
 316 00c0 63686172 		.ascii	"char\000"
 316      00
 317              	.LASF17:
 318 00c5 474E5520 		.ascii	"GNU C17 11.3.1 20220712 -mcpu=cortex-m4 -mthumb -mf"
 318      43313720 
 318      31312E33 
 318      2E312032 
 318      30323230 
 319 00f8 6C6F6174 		.ascii	"loat-abi=softfp -mfpu=fpv4-sp-d16 -march=armv7e-m+f"
 319      2D616269 
 319      3D736F66 
 319      74667020 
 319      2D6D6670 
 320 012b 70202D67 		.ascii	"p -ggdb -O2 -fomit-frame-pointer -falign-functions="
 320      67646220 
 320      2D4F3220 
 320      2D666F6D 
 320      69742D66 
 321 015e 3136202D 		.ascii	"16 -ffunction-sections -fdata-sections -fno-common "
 321      6666756E 
 321      6374696F 
 321      6E2D7365 
 321      6374696F 
 322 0191 2D666C74 		.ascii	"-flto\000"
 322      6F00
 323              	.LASF20:
 324 0197 68616C49 		.ascii	"halInit\000"
 324      6E697400 
 325              	.LASF5:
 326 019f 73686F72 		.ascii	"short int\000"
 326      7420696E 
 326      7400
 327              	.LASF14:
 328 01a9 7364496E 		.ascii	"sdInit\000"
 328      697400
 329              	.LASF11:
 330 01b0 5F426F6F 		.ascii	"_Bool\000"
 330      6C00
 331              	.LASF7:
 332 01b6 6C6F6E67 		.ascii	"long int\000"
 332      20696E74 
 332      00
 333              	.LASF16:
 334 01bf 68616C5F 		.ascii	"hal_lld_init\000"
 334      6C6C645F 
 334      696E6974 
 334      00
 335              	.LASF13:
 336 01cc 626F6172 		.ascii	"boardInit\000"
 336      64496E69 
 336      7400
 337              	.LASF3:
 338 01d6 7369676E 		.ascii	"signed char\000"
 338      65642063 
ARM GAS  C:\Users\Ridwane\AppData\Local\Temp\ccgRsqvS.s 			page 8


 338      68617200 
 339              	.LASF21:
 340 01e2 6F73616C 		.ascii	"osalInit\000"
 340      496E6974 
 340      00
 341              	.LASF2:
 342 01eb 6C6F6E67 		.ascii	"long double\000"
 342      20646F75 
 342      626C6500 
 343              	.LASF15:
 344 01f7 5F70616C 		.ascii	"_pal_lld_init\000"
 344      5F6C6C64 
 344      5F696E69 
 344      7400
 345              		.section	.gnu.debuglto_.debug_line_str,"eMS",%progbits,1
 346              	.LASF36:
 347 0000 6F73616C 		.ascii	"osal.h\000"
 347      2E6800
 348              	.LASF26:
 349 0007 2E2E2F2E 		.ascii	"../../chibios2111/os/hal/ports/STM32/LLD/GPIOv2\000"
 349      2E2F6368 
 349      6962696F 
 349      73323131 
 349      312F6F73 
 350              	.LASF27:
 351 0037 2E2E2F2E 		.ascii	"../../chibios2111/os/hal/ports/STM32/STM32F4xx\000"
 351      2E2F6368 
 351      6962696F 
 351      73323131 
 351      312F6F73 
 352              	.LASF24:
 353 0066 2E2E2F2E 		.ascii	"../../chibios2111/os/hal/include\000"
 353      2E2F6368 
 353      6962696F 
 353      73323131 
 353      312F6F73 
 354              	.LASF29:
 355 0087 2E2E2F2E 		.ascii	"../../chibios2111/os/hal/src/hal.c\000"
 355      2E2F6368 
 355      6962696F 
 355      73323131 
 355      312F6F73 
 356              	.LASF34:
 357 00aa 68616C5F 		.ascii	"hal_lld_type1.h\000"
 357      6C6C645F 
 357      74797065 
 357      312E6800 
 358              	.LASF28:
 359 00ba 2E2E2F2E 		.ascii	"../../chibios2111/os/hal/src\000"
 359      2E2F6368 
 359      6962696F 
 359      73323131 
 359      312F6F73 
 360              	.LASF32:
 361 00d7 68616C5F 		.ascii	"hal_serial.h\000"
 361      73657269 
 361      616C2E68 
ARM GAS  C:\Users\Ridwane\AppData\Local\Temp\ccgRsqvS.s 			page 9


 361      00
 362              	.LASF31:
 363 00e4 626F6172 		.ascii	"board.h\000"
 363      642E6800 
 364              	.LASF22:
 365 00ec 433A5C43 		.ascii	"C:\\ChibiStudio\\workspace_user\\CRYSTALS-Dilithium"
 365      68696269 
 365      53747564 
 365      696F5C77 
 365      6F726B73 
 366 011c 00       		.ascii	"\000"
 367              	.LASF33:
 368 011d 68616C5F 		.ascii	"hal_pal_lld.h\000"
 368      70616C5F 
 368      6C6C642E 
 368      6800
 369              	.LASF23:
 370 012b 2E2E2F2E 		.ascii	"../../chibios2111/os/hal/boards/ST_STM32F4_DISCOVER"
 370      2E2F6368 
 370      6962696F 
 370      73323131 
 370      312F6F73 
 371 015e 5900     		.ascii	"Y\000"
 372              	.LASF35:
 373 0160 68616C2E 		.ascii	"hal.c\000"
 373      6300
 374              	.LASF30:
 375 0166 68616C5F 		.ascii	"hal_st.h\000"
 375      73742E68 
 375      00
 376              	.LASF25:
 377 016f 2E2E2F2E 		.ascii	"../../chibios2111/os/hal/osal/rt-nil\000"
 377      2E2F6368 
 377      6962696F 
 377      73323131 
 377      312F6F73 
 378              		.text
 379              		.section	.gnu.lto_.profile.9a33c374,"e",%progbits
 380 0000 789C6362 		.ascii	"x\234cb\000\001\000\000\022\000\003"
 380      00010000 
 380      120003
 381              		.text
 382              		.section	.gnu.lto_.icf.9a33c374,"e",%progbits
 383 0000 789CE364 		.ascii	"x\234\343d@\000F\206\257-W\217q00\000\000\021\377\003"
 383      40004686 
 383      AF2D578F 
 383      71303000 
 383      0011FF03 
 384 0014 27       		.ascii	"'"
 385              		.text
 386              		.section	.gnu.lto_.ipa_sra.9a33c374,"e",%progbits
 387 0000 789CE367 		.ascii	"x\234\343g@\000F\020B@\000\001\351\000\027"
 387      40004610 
 387      42400001 
 387      E90017
 388              		.text
 389              		.section	.gnu.lto_.inline.9a33c374,"e",%progbits
ARM GAS  C:\Users\Ridwane\AppData\Local\Temp\ccgRsqvS.s 			page 10


 390 0000 789C7366 		.ascii	"x\234sf@\000F\006\006\216\206\206\206\005\314\031\214"
 390      40004606 
 390      068E8686 
 390      8605CC19 
 390      8C
 391 0011 0C4C0C0C 		.ascii	"\014L\014\014\215@v\035\003\003\033\220j`Ja\002\011"
 391      8D40761D 
 391      03031B90 
 391      6A604A61 
 391      0209
 392 0023 01D570E1 		.ascii	"\001\325p\341#\031\000\231\233\010\001"
 392      23190099 
 392      9B0801
 393              		.text
 394              		.section	.gnu.lto_.jmpfuncs.9a33c374,"e",%progbits
 395 0000 789CE362 		.ascii	"x\234\343b@\000F8\013\000\000\374\000\014"
 395      40004638 
 395      0B0000FC 
 395      000C
 396              		.text
 397              		.section	.gnu.lto_.pureconst.9a33c374,"e",%progbits
 398 0000 789C6361 		.ascii	"x\234ca```d\230\301\002\000\001`\000\242"
 398      60606064 
 398      98C10200 
 398      016000A2 
 399              		.text
 400              		.section	.gnu.lto_.ipa_modref.9a33c374,"e",%progbits
 401 0000 789CE367 		.ascii	"x\234\343g@\000F\006\006\005\001\001(\301\300\000\000"
 401      40004606 
 401      06050101 
 401      28C1C000 
 401      00
 402 0011 061F0091 		.ascii	"\006\037\000\221"
 403              		.text
 404              		.section	.gnu.lto_.lto.9a33c374,"e",%progbits
 405 0000 0B000300 		.ascii	"\013\000\003\000\001\000\000\000"
 405      01000000 
 406              		.text
 407              		.section	.gnu.lto_halInit.387.9a33c374,"e",%progbits
 408 0000 789CBBC7 		.ascii	"x\234\273\307\300\300\020\016\304\312@\314\310\314\300"
 408      C0C0100E 
 408      C4CA40CC 
 408      C8CCC0
 409 000f 38696217 		.ascii	"8ib\027\023CCC\203\003;\023c\343\304.N\306\355\214`"
 409      13434343 
 409      83033B13 
 409      63E3C42E 
 409      4EC6ED8C 
 410 0024 1E23433D 		.ascii	"\036#C=\023c=\343Bf} \367G\353\354\037<\255\022\257"
 410      13633DE3 
 410      42667D20 
 410      F747EBEC 
 410      1F3CAD12 
 411 0039 1818EA19 		.ascii	"\030\030\352\031\240\200\033\302f\004\342\365\227X\017"
 411      A0801BC2 
 411      6604E2F5 
 411      97580F
ARM GAS  C:\Users\Ridwane\AppData\Local\Temp\ccgRsqvS.s 			page 11


 412 0048 34FCF9DF 		.ascii	"4\374\371\337\337\320\360\364\021\343>Uv\006\206y\314"
 412      DFD0F0F4 
 412      11E33E55 
 412      76068679 
 412      CC
 413 0059 20231B58 		.ascii	" #\033X\030\033\01600\314gf\202p\232\201\234\357L\015"
 413      181B0E30 
 413      30CC6766 
 413      82709A81 
 413      9CEF4C0D 
 414 006d 8FBEF382 		.ascii	"\217\276\363\202\251?\214\014\177\231\232\025\030\272"
 414      A93F8C0C 
 414      7F999A15 
 414      18BA
 415 007b 18996AAB 		.ascii	"\030\231j\253\031\030\230\230\301\242S\330\020\242\345"
 415      19189898 
 415      C1A253D8 
 415      10A2E5
 416 008a 70D14DEC 		.ascii	"p\321M\354\010\321R\270\350-.\204h1\\\364\007\222h!"
 416      08D152B8 
 416      E82D2E84 
 416      68315CF4 
 416      07926821 
 417 009e 58F43F53 		.ascii	"X\364?S\323\203\277^`g\317cf\2048\246\351\000\210k\350"
 417      D383BF5E 
 417      6067CF63 
 417      668438A6 
 417      E900886B 
 418 00b3 6C15E39C 		.ascii	"l\025\343\234\221\231\224\031\\R\232\222\231\037S\236"
 418      91999419 
 418      5C529A92 
 418      991F539E 
 419 00c3 5F945D5C 		.ascii	"_\224]\\\220\230\234\032_Z\234Z\024\343\034\024\031"
 419      90989C1A 
 419      5F5A9C5A 
 419      14E31C14 
 419      19
 420 00d4 1CE2E813 		.ascii	"\034\342\350\023\254\353\222\231\223Y\222\221Y\232\313"
 420      ACEB9299 
 420      93599291 
 420      599ACB
 421 00e3 A0ACA7A7 		.ascii	"\240\254\247\247\017D\311 M\371\305F\206\206\206\372"
 421      0F44C920 
 421      4DF9C546 
 421      868686FA 
 422 00f3 F9C5FA19 		.ascii	"\371\305\372\031\2119\372\305E\311 Z/\231\001\000\203"
 422      8939FAC5 
 422      45C9205A 
 422      2F990100 
 422      83
 423 0104 FE6A93   		.ascii	"\376j\223"
 424              		.text
 425              		.section	.gnu.lto_.symbol_nodes.9a33c374,"e",%progbits
 426 0000 789C75CE 		.ascii	"x\234u\316\273\021\2000\014\003P9J\262\006\313\261\207"
 426      BB118030 
 426      0C035039 
 426      4AB206CB 
ARM GAS  C:\Users\Ridwane\AppData\Local\Temp\ccgRsqvS.s 			page 12


 426      B187
 427 0012 C3F12D19 		.ascii	"\303\361-\031\202)\030\202\015\350\330\003B\222\326"
 427      82291882 
 427      0DE8D803 
 427      4292D6
 428 0021 AA747A2E 		.ascii	"\252tz.|#\307\215T\244\034/\373\005(p\246A2\310F\225"
 428      7C23C78D 
 428      54A41C2F 
 428      FB052870 
 428      A64132C8 
 429 0037 B7A52B88 		.ascii	"\267\245+\210\377\260\330Ju\226-TZ6S\275e\0235\030F"
 429      FFB0D84A 
 429      75962D54 
 429      5A3653BD 
 429      65133518 
 430 004c 84FA624F 		.ascii	"\204\372bO\370\332\016!X\353\223\253kk$\244\255\021"
 430      F8DA0E21 
 430      58EB93AB 
 430      6B6B24A4 
 430      AD11
 431 005e 1FD22051 		.ascii	"\037\322 QK"
 431      4B
 432              		.text
 433              		.section	.gnu.lto_.refs.9a33c374,"e",%progbits
 434 0000 789C6364 		.ascii	"x\234cd\000\002\000\000\012\000\002"
 434      00020000 
 434      0A0002
 435              		.text
 436              		.section	.gnu.lto_.decls.9a33c374,"e",%progbits
 437 0000 789C8D90 		.ascii	"x\234\215\220[h\023A\024\206g61]\265j\353\005TDDA\212"
 437      5B681341 
 437      14866736 
 437      315DB56A 
 437      EB055444 
 438 0017 D284D4BB 		.ascii	"\322\204\324\273x\251\244*\205x!\251\202X\010m\022\311"
 438      78A9A42A 
 438      857821A9 
 438      8258086D 
 438      12C9
 439 0029 626A4236 		.ascii	"bjB6\325\372 \236MB\273\342-\251\212k\250\262\356\213"
 439      D5FA209E 
 439      4D42BBE2 
 439      2DA98A6B 
 439      A8B2EE8B 
 440 003d 17108AD7 		.ascii	"\027\020\212\327\326KX\322%\324*\"(\242\020\260\340"
 440      D64B58D2 
 440      25D42A22 
 440      28A210B0 
 440      E0
 441 004e 4BA83EA8 		.ascii	"K\250>\250O}\361rf\273\202/E\207\375g\317\314\371\316"
 441      4F7DF172 
 441      66BB822F 
 441      4587FD67 
 441      CFCCF9CE 
 442 0062 3F6746E1 		.ascii	"?gF\341\010\241(/!\344\027\016\014\311\033\224\003U"
 442      08A1282F 
 442      21E4170E 
ARM GAS  C:\Users\Ridwane\AppData\Local\Temp\ccgRsqvS.s 			page 13


 442      0CC91B94 
 442      0355
 443 0074 40E9A822 		.ascii	"@\351\250\"\312@\225P\303\250\023\224\020\336\312\277"
 443      CA409550 
 443      C3A81394 
 443      10DECABF 
 444 0084 B0F69E59 		.ascii	"\260\366\236Yy\303\342Y\235\235\373\360\352\306 \367"
 444      79C3E259 
 444      9D9DFBF0 
 444      EAC620F7 
 445 0094 8D02800C 		.ascii	"\215\002\200\014\272d\360Y\255\002\375\000q(U\224|w"
 445      BA64F059 
 445      AD02FD00 
 445      71285594 
 445      7C77
 446 00a6 45AECDA5 		.ascii	"E\256\315\2450\327/\303B\005\267\363\371\321,\247\332"
 446      30D72FC3 
 446      4205B7F3 
 446      F9D12CA7 
 446      DA
 447 00b7 20837B90 		.ascii	" \203{\220\256\206\373\370KE \335\315\326g\346\253i"
 447      AE86FBF8 
 447      4B4520DD 
 447      CDD667E6 
 447      AB69
 448 00c9 30C76B0A 		.ascii	"0\307k\012z7\364\353\016m\010\272\025\360\346\363\225"
 448      7A37F4EB 
 448      0E6D08BA 
 448      15F0E6F3 
 448      95
 449 00da 617604F4 		.ascii	"av\004\364\216\366\365\314R\323eY\035\202\005*\272("
 449      8EF6F5CC 
 449      52D36559 
 449      1D82052A 
 449      BA28
 450 00ec 90D17354 		.ascii	"\220\321sT\302\022I\207\234N\263j\337\331s\031#K\245"
 450      C2124987 
 450      9C4EB36A 
 450      DFD97319 
 450      234BA5
 451 00ff 5406242D 		.ascii	"T\006$-#\327\340\0049(\313\265\331\024\310\275*`\207"
 451      23D7E004 
 451      3928CBB5 
 451      D914C8BD 
 451      2A6087
 452 0112 06E450D8 		.ascii	"\006\344P\330\231!\3474\035f#\222e\356\265\220B\023"
 452      9921E734 
 452      1D662392 
 452      65EEB590 
 452      4213
 453 0124 1583AFAC 		.ascii	"\025\203\257\254iM\347%\215!\0004\253\261N\015\014 "
 453      694DE725 
 453      8D210034 
 453      ABB14E0D 
 453      0C20
 454 0136 234BBA21 		.ascii	"#K\272!\327\3442\031L\031\354\202eYRu\014T\266\002\260"
 454      D7E43219 
ARM GAS  C:\Users\Ridwane\AppData\Local\Temp\ccgRsqvS.s 			page 14


 454      4C19EC82 
 454      65595275 
 454      0C54B602 
 455 014b 113690E7 		.ascii	"\0216\220\347pj\264s\360|d\323w\326\376\373ytf\266\221"
 455      706AB473 
 455      F07C64D3 
 455      77D6FEFB 
 455      797466B6 
 456 0160 50770DBF 		.ascii	"Pw\015\277\230\360\313\311\232\211\333j\207\310cj\326"
 456      98F0CBC9 
 456      9A89DB6A 
 456      87C8636A 
 456      D6
 457 0171 F8AA1D73 		.ascii	"\370\252\035s(\347\230Gk\354\334\255\361\362\220m\021"
 457      28E79847 
 457      6BECDCAD 
 457      F1F2906D 
 457      11
 458 0182 A6BF00CC 		.ascii	"\246\277\000\314\035#\317\350Sd\012\224|3\237\375\341"
 458      1D23CFE8 
 458      53640A94 
 458      7C339FFD 
 458      E1
 459 0193 DBA1575C 		.ascii	"\333\241W\\\235\242\300\370\245\236w\251\305\2454\334"
 459      9DA2C0F8 
 459      A59E77A9 
 459      C5A534DC 
 460 01a3 44B4B140 		.ascii	"D\264\261@\007\351\023\323k\220\222\001\372\210\372"
 460      07E913D3 
 460      6B909201 
 460      FA88FA
 461 01b2 AE537E80 		.ascii	"\256S~\200bA\352\252\366\222\326)\000\343?O\237K;\372"
 461      6241EAAA 
 461      F692D629 
 461      00E33F4F 
 461      9F4B3BFA 
 462 01c6 A0C815A8 		.ascii	"\240\310\025\250n\301:\233}\307\3711F\336\031\373to"
 462      6EC13A9B 
 462      7DC7F931 
 462      46DE19FB 
 462      746F
 463 01d8 3A2307DE 		.ascii	":#\007\336\237W\016N\200E\013,\232\240D\371\273\034"
 463      9F570E4E 
 463      80450B2C 
 463      9AA044F9 
 463      BB1C
 464 01ea 92977B7A 		.ascii	"\222\227{zG\253L\362\373\205\221SUj]\201\032\026h\230"
 464      47AB4CF2 
 464      FB859153 
 464      556A5D81 
 464      1A166898 
 465 01fe E029CA57 		.ascii	"\340)\312W\030\370\345\326\351\3336\023,_\036;o\202"
 465      18F8E5D6 
 465      E9DB3613 
 465      2C5F1E3B 
 465      6F82
 466 0210 250B2C99 		.ascii	"%\013,\231`\216\362\017l\010~\314\177\3761\305\004/"
ARM GAS  C:\Users\Ridwane\AppData\Local\Temp\ccgRsqvS.s 			page 15


 466      608EF20F 
 466      6C087ECC 
 466      7FFE31C5 
 466      042F
 467 0222 5EAB9C9C 		.ascii	"^\253\234\2348{\330\"\207M\362\012\305'\262\343\023"
 467      387BD822 
 467      874DF20A 
 467      C527B2E3 
 467      13
 468 0233 2DB1738F 		.ascii	"-\261s\217\357\275\373TU\253\003|\005\265h/\320\027"
 468      EFBDFB54 
 468      55AB037C 
 468      05B5682F 
 468      D017
 469 0245 74049997 		.ascii	"t\004\231\227\214\263\271\327\222\352\266D\307\321u"
 469      8CB3B9D7 
 469      92EAB644 
 469      C7D175
 470 0254 E1FA8E95 		.ascii	"\341\372\216\225\207\342dZ0\226H\206\273\352;V\223\252"
 470      87E2645A 
 470      30964886 
 470      BBEA3B56 
 470      93AA
 471 0266 485BB4F9 		.ascii	"H[\264\371\210\220\\\352t\272\360\013F\204v!&6\270\335"
 471      88905CEA 
 471      74BAF00B 
 471      46847621 
 471      2636B8DD 
 472 027a 6E574C74 		.ascii	"nWLta\322%&\202\354\357\014\362;w\357[\342q\257#\263"
 472      61D22526 
 472      82ECEF0C 
 472      F23B77EF 
 472      5BE271AF 
 473 0290 CCA573C3 		.ascii	"\314\245s\303\372`{\303\332\366\020q{6\266zX\241?\331"
 473      FA607BC3 
 473      DAF61071 
 473      7B36B67A 
 473      58A13FD9 
 474 02a4 191262AD 		.ascii	"\031\022b\255\307b\211\303b\274-\030\016t\212\341D\253"
 474      C76289C3 
 474      62BC2D18 
 474      0E748AE1 
 474      44AB
 475 02b6 C777C0DF 		.ascii	"\307w\300\337\262\315\353\257o\022\242B2\"tv\220e\377"
 475      B2CDEBAF 
 475      6F12A242 
 475      32227476 
 475      9065FF
 476 02c9 3E8D38C4 		.ascii	">\2158\304$kl\305\244\250p$\030\355\014\205Y\034\020"
 476      246B6CC5 
 476      A4A87024 
 476      18ED0C85 
 476      591C10
 477 02dc 93CE0899 		.ascii	"\223\316\010\231\332\036kK\204X\321\346I\213LDt\371"
 477      DA1E6B4B 
 477      8458D1E6 
 477      498B4C44 
ARM GAS  C:\Users\Ridwane\AppData\Local\Temp\ccgRsqvS.s 			page 16


 477      74F9
 478 02ee 5B02FE96 		.ascii	"[\002\376\226]\253\032v\254\01645\373={\366o\367\035"
 478      5DAB1A76 
 478      AC0E3435 
 478      FB3D7BF6 
 478      6FF71D
 479 0301 98C8A18F 		.ascii	"\230\310\241\217C4M\234\377wr8!`\277\0212#\020\307e"
 479      43344D9C 
 479      FF777238 
 479      2160BF11 
 479      322310C7 
 480 0316 341A0A08 		.ascii	"4\032\012\010X\274e\322\3428\276=k\000Owy\275M\256\235"
 480      58BC65D2 
 480      E238BE3D 
 480      6B004F77 
 480      79BD4DAE 
 481 032b 7B9BF71C 		.ascii	"{\233\367\034m0\275,\0034\253\216\374\345\265\365\277"
 481      6D30BD2C 
 481      0334AB8E 
 481      FCE5B5F5 
 481      BF
 482 033c BCACFB74 		.ascii	"\274\254\373tu\271\376\324&\217\307\303n4\373\015EG"
 482      75B9FED4 
 482      268FC7C3 
 482      6E34FB0D 
 482      4547
 483 034e C2C4     		.ascii	"\302\304"
 484              		.text
 485              		.section	.gnu.lto_.symtab.9a33c374,"e",%progbits
 486 0000 68616C49 		.ascii	"halInit\000"
 486      6E697400 
 487 0008 00       		.ascii	"\000"
 488 0009 00       		.ascii	"\000"
 489 000a 00       		.ascii	"\000"
 490 000b 00000000 		.ascii	"\000\000\000\000\000\000\000\000"
 490      00000000 
 491 0013 BE000000 		.ascii	"\276\000\000\000"
 492 0017 7374496E 		.ascii	"stInit\000"
 492      697400
 493 001e 00       		.ascii	"\000"
 494 001f 02       		.ascii	"\002"
 495 0020 00       		.ascii	"\000"
 496 0021 00000000 		.ascii	"\000\000\000\000\000\000\000\000"
 496      00000000 
 497 0029 C0000000 		.ascii	"\300\000\000\000"
 498 002d 626F6172 		.ascii	"boardInit\000"
 498      64496E69 
 498      7400
 499 0037 00       		.ascii	"\000"
 500 0038 02       		.ascii	"\002"
 501 0039 00       		.ascii	"\000"
 502 003a 00000000 		.ascii	"\000\000\000\000\000\000\000\000"
 502      00000000 
 503 0042 C2000000 		.ascii	"\302\000\000\000"
 504 0046 7364496E 		.ascii	"sdInit\000"
 504      697400
 505 004d 00       		.ascii	"\000"
ARM GAS  C:\Users\Ridwane\AppData\Local\Temp\ccgRsqvS.s 			page 17


 506 004e 02       		.ascii	"\002"
 507 004f 00       		.ascii	"\000"
 508 0050 00000000 		.ascii	"\000\000\000\000\000\000\000\000"
 508      00000000 
 509 0058 C4000000 		.ascii	"\304\000\000\000"
 510 005c 5F70616C 		.ascii	"_pal_lld_init\000"
 510      5F6C6C64 
 510      5F696E69 
 510      7400
 511 006a 00       		.ascii	"\000"
 512 006b 02       		.ascii	"\002"
 513 006c 00       		.ascii	"\000"
 514 006d 00000000 		.ascii	"\000\000\000\000\000\000\000\000"
 514      00000000 
 515 0075 C6000000 		.ascii	"\306\000\000\000"
 516 0079 68616C5F 		.ascii	"hal_lld_init\000"
 516      6C6C645F 
 516      696E6974 
 516      00
 517 0086 00       		.ascii	"\000"
 518 0087 02       		.ascii	"\002"
 519 0088 00       		.ascii	"\000"
 520 0089 00000000 		.ascii	"\000\000\000\000\000\000\000\000"
 520      00000000 
 521 0091 C8000000 		.ascii	"\310\000\000\000"
 522              		.text
 523              		.section	.gnu.lto_.ext_symtab.9a33c374,"e",%progbits
 524 0000 01       		.ascii	"\001"
 525 0001 01       		.ascii	"\001"
 526 0002 00       		.ascii	"\000"
 527 0003 01       		.ascii	"\001"
 528 0004 00       		.ascii	"\000"
 529 0005 01       		.ascii	"\001"
 530 0006 00       		.ascii	"\000"
 531 0007 01       		.ascii	"\001"
 532 0008 00       		.ascii	"\000"
 533 0009 01       		.ascii	"\001"
 534 000a 00       		.ascii	"\000"
 535 000b 01       		.ascii	"\001"
 536 000c 00       		.ascii	"\000"
 537              		.text
 538              		.section	.gnu.lto_.opts,"e",%progbits
 539 0000 272D666E 		.ascii	"'-fno-openmp' '-fno-openacc' '-fno-pie' '-fcf-prote"
 539      6F2D6F70 
 539      656E6D70 
 539      2720272D 
 539      666E6F2D 
 540 0033 6374696F 		.ascii	"ction=none' '-g' '-mcpu=cortex-m4' '-mthumb' '-mflo"
 540      6E3D6E6F 
 540      6E652720 
 540      272D6727 
 540      20272D6D 
 541 0066 61742D61 		.ascii	"at-abi=softfp' '-mfpu=fpv4-sp-d16' '-mlibarch=armv7"
 541      62693D73 
 541      6F667466 
 541      70272027 
 541      2D6D6670 
ARM GAS  C:\Users\Ridwane\AppData\Local\Temp\ccgRsqvS.s 			page 18


 542 0099 652D6D2B 		.ascii	"e-m+fp' '-march=armv7e-m+fp' '-O2' '-fomit-frame-po"
 542      66702720 
 542      272D6D61 
 542      7263683D 
 542      61726D76 
 543 00cc 696E7465 		.ascii	"inter' '-falign-functions=16' '-ffunction-sections'"
 543      72272027 
 543      2D66616C 
 543      69676E2D 
 543      66756E63 
 544 00ff 20272D66 		.ascii	" '-fdata-sections' '-fno-common' '-flto' '-Xassembl"
 544      64617461 
 544      2D736563 
 544      74696F6E 
 544      73272027 
 545 0132 65722720 		.ascii	"er' '-alms=./build/lst/hal.lst'\000"
 545      272D616C 
 545      6D733D2E 
 545      2F627569 
 545      6C642F6C 
 546              		.text
 547              		.comm	__gnu_lto_slim,1,1
 548              		.ident	"GCC: (Arm GNU Toolchain 11.3.Rel1) 11.3.1 20220712"
ARM GAS  C:\Users\Ridwane\AppData\Local\Temp\ccgRsqvS.s 			page 19


DEFINED SYMBOLS
                            *ABS*:00000000 hal.c
C:\Users\Ridwane\AppData\Local\Temp\ccgRsqvS.s:26     .gnu.debuglto_.debug_info:00000000 hal.c.98cb26bd
                            *COM*:00000001 __gnu_lto_slim

NO UNDEFINED SYMBOLS
