ARM GAS  C:\Users\Ridwane\AppData\Local\Temp\ccbeyQQx.s 			page 1


   1              		.cpu cortex-m4
   2              		.arch armv7e-m
   3              		.fpu fpv4-sp-d16
   4              		.eabi_attribute 27, 1
   5              		.eabi_attribute 20, 1
   6              		.eabi_attribute 21, 1
   7              		.eabi_attribute 23, 3
   8              		.eabi_attribute 24, 1
   9              		.eabi_attribute 25, 1
  10              		.eabi_attribute 26, 1
  11              		.eabi_attribute 30, 2
  12              		.eabi_attribute 34, 1
  13              		.eabi_attribute 18, 4
  14              		.file	"hal_pal.c"
  15              		.file 1 "c:\\chibistudio\\tools\\gnu tools arm embedded\\11.3 2022.08\\arm-none-eabi\\include\\mac
  16              		.file 2 "c:\\chibistudio\\tools\\gnu tools arm embedded\\11.3 2022.08\\arm-none-eabi\\include\\sys
  17              		.file 3 "c:\\chibistudio\\tools\\gnu tools arm embedded\\11.3 2022.08\\arm-none-eabi\\include\\std
  18              		.file 4 "../../chibios2111/os/hal/ports/STM32/LLD/GPIOv2/stm32_gpio.h"
  19              		.file 5 "../../chibios2111/os/hal/ports/STM32/LLD/GPIOv2/hal_pal_lld.h"
  20              		.file 6 "../../chibios2111/os/hal/include/hal_pal.h"
  21              		.file 7 "../../chibios2111/os/hal/src/hal_pal.c"
  22              		.section	.gnu.debuglto_.debug_info,"e",%progbits
  23              	.Ldebug_info0:
  24              		.hidden	hal_pal.c.ea406bd9
  25              		.weak	hal_pal.c.ea406bd9
  26              	hal_pal.c.ea406bd9:
  27 0000 E4020000 		.4byte	0x2e4
  28 0004 0500     		.2byte	0x5
  29 0006 01       		.byte	0x1
  30 0007 04       		.byte	0x4
  31 0008 00000000 		.4byte	.Ldebug_abbrev0
  32 000c 11       		.uleb128 0x11
  33 000d B7000000 		.4byte	.LASF41
  34 0011 1D       		.byte	0x1d
  35 0012 3D000000 		.4byte	.LASF42
  36 0016 22020000 		.4byte	.LASF43
  37 001a 00000000 		.4byte	.Ldebug_line0
  38 001e 12       		.uleb128 0x12
  39 001f 04       		.byte	0x4
  40 0020 05       		.byte	0x5
  41 0021 696E7400 		.ascii	"int\000"
  42 0025 01       		.uleb128 0x1
  43 0026 04       		.byte	0x4
  44 0027 07       		.byte	0x7
  45 0028 E4010000 		.4byte	.LASF0
  46 002c 01       		.uleb128 0x1
  47 002d 08       		.byte	0x8
  48 002e 05       		.byte	0x5
  49 002f 14020000 		.4byte	.LASF1
  50 0033 01       		.uleb128 0x1
  51 0034 08       		.byte	0x8
  52 0035 04       		.byte	0x4
  53 0036 8A020000 		.4byte	.LASF2
  54 003a 01       		.uleb128 0x1
  55 003b 01       		.byte	0x1
  56 003c 06       		.byte	0x6
  57 003d 96020000 		.4byte	.LASF3
ARM GAS  C:\Users\Ridwane\AppData\Local\Temp\ccbeyQQx.s 			page 2


  58 0041 01       		.uleb128 0x1
  59 0042 01       		.byte	0x1
  60 0043 08       		.byte	0x8
  61 0044 A9000000 		.4byte	.LASF4
  62 0048 01       		.uleb128 0x1
  63 0049 02       		.byte	0x2
  64 004a 05       		.byte	0x5
  65 004b 64000000 		.4byte	.LASF5
  66 004f 03       		.uleb128 0x3
  67 0050 B8010000 		.4byte	.LASF8
  68 0054 01       		.byte	0x1
  69 0055 39       		.byte	0x39
  70 0056 19       		.byte	0x19
  71 0057 5B000000 		.4byte	0x5b
  72 005b 01       		.uleb128 0x1
  73 005c 02       		.byte	0x2
  74 005d 07       		.byte	0x7
  75 005e A0010000 		.4byte	.LASF6
  76 0062 01       		.uleb128 0x1
  77 0063 04       		.byte	0x4
  78 0064 05       		.byte	0x5
  79 0065 81020000 		.4byte	.LASF7
  80 0069 03       		.uleb128 0x3
  81 006a C3010000 		.4byte	.LASF9
  82 006e 01       		.byte	0x1
  83 006f 4F       		.byte	0x4f
  84 0070 19       		.byte	0x19
  85 0071 75000000 		.4byte	0x75
  86 0075 01       		.uleb128 0x1
  87 0076 04       		.byte	0x4
  88 0077 07       		.byte	0x7
  89 0078 8E010000 		.4byte	.LASF10
  90 007c 01       		.uleb128 0x1
  91 007d 08       		.byte	0x8
  92 007e 07       		.byte	0x7
  93 007f A8020000 		.4byte	.LASF11
  94 0083 03       		.uleb128 0x3
  95 0084 6F020000 		.4byte	.LASF12
  96 0088 02       		.byte	0x2
  97 0089 24       		.byte	0x24
  98 008a 14       		.byte	0x14
  99 008b 4F000000 		.4byte	0x4f
 100 008f 03       		.uleb128 0x3
 101 0090 78020000 		.4byte	.LASF13
 102 0094 02       		.byte	0x2
 103 0095 30       		.byte	0x30
 104 0096 14       		.byte	0x14
 105 0097 69000000 		.4byte	0x69
 106 009b 0C       		.uleb128 0xc
 107 009c 8F000000 		.4byte	0x8f
 108 00a0 03       		.uleb128 0x3
 109 00a1 1F000000 		.4byte	.LASF14
 110 00a5 03       		.byte	0x3
 111 00a6 34       		.byte	0x34
 112 00a7 1F       		.byte	0x1f
 113 00a8 25000000 		.4byte	0x25
 114 00ac 01       		.uleb128 0x1
ARM GAS  C:\Users\Ridwane\AppData\Local\Temp\ccbeyQQx.s 			page 3


 115 00ad 01       		.byte	0x1
 116 00ae 08       		.byte	0x8
 117 00af F1010000 		.4byte	.LASF15
 118 00b3 04       		.uleb128 0x4
 119 00b4 AC000000 		.4byte	0xac
 120 00b8 01       		.uleb128 0x1
 121 00b9 01       		.byte	0x1
 122 00ba 02       		.byte	0x2
 123 00bb A2020000 		.4byte	.LASF16
 124 00bf 05       		.uleb128 0x5
 125 00c0 04       		.byte	0x4
 126 00c1 04       		.byte	0x4
 127 00c2 5B       		.byte	0x5b
 128 00c3 05       		.byte	0x5
 129 00c4 E1000000 		.4byte	0xe1
 130 00c8 06       		.uleb128 0x6
 131 00c9 73657400 		.ascii	"set\000"
 132 00cd 5C       		.byte	0x5c
 133 00ce 83000000 		.4byte	0x83
 134 00d2 00       		.byte	0
 135 00d3 02       		.uleb128 0x2
 136 00d4 08000000 		.4byte	.LASF17
 137 00d8 04       		.byte	0x4
 138 00d9 5D       		.byte	0x5d
 139 00da 19       		.byte	0x19
 140 00db 83000000 		.4byte	0x83
 141 00df 02       		.byte	0x2
 142 00e0 00       		.byte	0
 143 00e1 13       		.uleb128 0x13
 144 00e2 04       		.byte	0x4
 145 00e3 04       		.byte	0x4
 146 00e4 59       		.byte	0x59
 147 00e5 0C       		.byte	0xc
 148 00e6 FD000000 		.4byte	0xfd
 149 00ea 0D       		.uleb128 0xd
 150 00eb 5700     		.ascii	"W\000"
 151 00ed 5A       		.byte	0x5a
 152 00ee 19       		.byte	0x19
 153 00ef 8F000000 		.4byte	0x8f
 154 00f3 0D       		.uleb128 0xd
 155 00f4 4800     		.ascii	"H\000"
 156 00f6 5E       		.byte	0x5e
 157 00f7 07       		.byte	0x7
 158 00f8 BF000000 		.4byte	0xbf
 159 00fc 00       		.byte	0
 160 00fd 0C       		.uleb128 0xc
 161 00fe E1000000 		.4byte	0xe1
 162 0102 05       		.uleb128 0x5
 163 0103 28       		.byte	0x28
 164 0104 04       		.byte	0x4
 165 0105 51       		.byte	0x51
 166 0106 09       		.byte	0x9
 167 0107 8A010000 		.4byte	0x18a
 168 010b 02       		.uleb128 0x2
 169 010c 0E000000 		.4byte	.LASF18
 170 0110 04       		.byte	0x4
 171 0111 53       		.byte	0x53
ARM GAS  C:\Users\Ridwane\AppData\Local\Temp\ccbeyQQx.s 			page 4


 172 0112 19       		.byte	0x19
 173 0113 9B000000 		.4byte	0x9b
 174 0117 00       		.byte	0
 175 0118 02       		.uleb128 0x2
 176 0119 99000000 		.4byte	.LASF19
 177 011d 04       		.byte	0x4
 178 011e 54       		.byte	0x54
 179 011f 19       		.byte	0x19
 180 0120 9B000000 		.4byte	0x9b
 181 0124 04       		.byte	0x4
 182 0125 02       		.uleb128 0x2
 183 0126 00000000 		.4byte	.LASF20
 184 012a 04       		.byte	0x4
 185 012b 55       		.byte	0x55
 186 012c 19       		.byte	0x19
 187 012d 9B000000 		.4byte	0x9b
 188 0131 08       		.byte	0x8
 189 0132 02       		.uleb128 0x2
 190 0133 0E020000 		.4byte	.LASF21
 191 0137 04       		.byte	0x4
 192 0138 56       		.byte	0x56
 193 0139 19       		.byte	0x19
 194 013a 9B000000 		.4byte	0x9b
 195 013e 0C       		.byte	0xc
 196 013f 06       		.uleb128 0x6
 197 0140 49445200 		.ascii	"IDR\000"
 198 0144 57       		.byte	0x57
 199 0145 9B000000 		.4byte	0x9b
 200 0149 10       		.byte	0x10
 201 014a 06       		.uleb128 0x6
 202 014b 4F445200 		.ascii	"ODR\000"
 203 014f 58       		.byte	0x58
 204 0150 9B000000 		.4byte	0x9b
 205 0154 14       		.byte	0x14
 206 0155 02       		.uleb128 0x2
 207 0156 2C000000 		.4byte	.LASF22
 208 015a 04       		.byte	0x4
 209 015b 5F       		.byte	0x5f
 210 015c 05       		.byte	0x5
 211 015d FD000000 		.4byte	0xfd
 212 0161 18       		.byte	0x18
 213 0162 02       		.uleb128 0x2
 214 0163 FB010000 		.4byte	.LASF23
 215 0167 04       		.byte	0x4
 216 0168 60       		.byte	0x60
 217 0169 19       		.byte	0x19
 218 016a 9B000000 		.4byte	0x9b
 219 016e 1C       		.byte	0x1c
 220 016f 02       		.uleb128 0x2
 221 0170 B3010000 		.4byte	.LASF24
 222 0174 04       		.byte	0x4
 223 0175 61       		.byte	0x61
 224 0176 19       		.byte	0x19
 225 0177 9B000000 		.4byte	0x9b
 226 017b 20       		.byte	0x20
 227 017c 02       		.uleb128 0x2
 228 017d 89010000 		.4byte	.LASF25
ARM GAS  C:\Users\Ridwane\AppData\Local\Temp\ccbeyQQx.s 			page 5


 229 0181 04       		.byte	0x4
 230 0182 62       		.byte	0x62
 231 0183 19       		.byte	0x19
 232 0184 9B000000 		.4byte	0x9b
 233 0188 24       		.byte	0x24
 234 0189 00       		.byte	0
 235 018a 03       		.uleb128 0x3
 236 018b 01020000 		.4byte	.LASF26
 237 018f 04       		.byte	0x4
 238 0190 63       		.byte	0x63
 239 0191 03       		.byte	0x3
 240 0192 02010000 		.4byte	0x102
 241 0196 03       		.uleb128 0x3
 242 0197 83000000 		.4byte	.LASF27
 243 019b 05       		.byte	0x5
 244 019c C2       		.byte	0xc2
 245 019d 12       		.byte	0x12
 246 019e 8F000000 		.4byte	0x8f
 247 01a2 03       		.uleb128 0x3
 248 01a3 A0000000 		.4byte	.LASF28
 249 01a7 05       		.byte	0x5
 250 01a8 C7       		.byte	0xc7
 251 01a9 12       		.byte	0x12
 252 01aa 8F000000 		.4byte	0x8f
 253 01ae 03       		.uleb128 0x3
 254 01af 64020000 		.4byte	.LASF29
 255 01b3 05       		.byte	0x5
 256 01b4 D9       		.byte	0xd9
 257 01b5 18       		.byte	0x18
 258 01b6 BA010000 		.4byte	0x1ba
 259 01ba 0E       		.uleb128 0xe
 260 01bb 8A010000 		.4byte	0x18a
 261 01bf 05       		.uleb128 0x5
 262 01c0 0C       		.byte	0xc
 263 01c1 06       		.byte	0x6
 264 01c2 B7       		.byte	0xb7
 265 01c3 09       		.byte	0x9
 266 01c4 F0010000 		.4byte	0x1f0
 267 01c8 02       		.uleb128 0x2
 268 01c9 7C000000 		.4byte	.LASF30
 269 01cd 06       		.byte	0x6
 270 01ce BB       		.byte	0xbb
 271 01cf 19       		.byte	0x19
 272 01d0 AE010000 		.4byte	0x1ae
 273 01d4 00       		.byte	0
 274 01d5 02       		.uleb128 0x2
 275 01d6 53020000 		.4byte	.LASF31
 276 01da 06       		.byte	0x6
 277 01db C1       		.byte	0xc1
 278 01dc 19       		.byte	0x19
 279 01dd 96010000 		.4byte	0x196
 280 01e1 04       		.byte	0x4
 281 01e2 02       		.uleb128 0x2
 282 01e3 5D020000 		.4byte	.LASF32
 283 01e7 06       		.byte	0x6
 284 01e8 C5       		.byte	0xc5
 285 01e9 19       		.byte	0x19
ARM GAS  C:\Users\Ridwane\AppData\Local\Temp\ccbeyQQx.s 			page 6


 286 01ea A0000000 		.4byte	0xa0
 287 01ee 08       		.byte	0x8
 288 01ef 00       		.byte	0
 289 01f0 03       		.uleb128 0x3
 290 01f1 BF020000 		.4byte	.LASF33
 291 01f5 06       		.byte	0x6
 292 01f6 C6       		.byte	0xc6
 293 01f7 03       		.byte	0x3
 294 01f8 BF010000 		.4byte	0x1bf
 295 01fc 04       		.uleb128 0x4
 296 01fd F0010000 		.4byte	0x1f0
 297 0201 14       		.uleb128 0x14
 298 0202 CE010000 		.4byte	.LASF39
 299 0206 05       		.byte	0x5
 300 0207 F301     		.2byte	0x1f3
 301 0209 08       		.byte	0x8
 302 020a 1E020000 		.4byte	0x21e
 303 020e 07       		.uleb128 0x7
 304 020f AE010000 		.4byte	0x1ae
 305 0213 07       		.uleb128 0x7
 306 0214 96010000 		.4byte	0x196
 307 0218 07       		.uleb128 0x7
 308 0219 A2010000 		.4byte	0x1a2
 309 021d 00       		.byte	0
 310 021e 0F       		.uleb128 0xf
 311 021f 6E000000 		.4byte	.LASF35
 312 0223 71       		.byte	0x71
 313 0224 48020000 		.4byte	0x248
 314 0228 08       		.uleb128 0x8
 315 0229 62757300 		.ascii	"bus\000"
 316 022d 71       		.byte	0x71
 317 022e 21       		.byte	0x21
 318 022f 48020000 		.4byte	0x248
 319 0233 10       		.uleb128 0x10
 320 0234 F6010000 		.4byte	.LASF34
 321 0238 71       		.byte	0x71
 322 0239 2F       		.byte	0x2f
 323 023a A2010000 		.4byte	0x1a2
 324 023e 09       		.uleb128 0x9
 325 023f 90000000 		.4byte	.LASF38
 326 0243 5D020000 		.4byte	0x25d
 327 0247 00       		.byte	0
 328 0248 0E       		.uleb128 0xe
 329 0249 FC010000 		.4byte	0x1fc
 330 024d 0A       		.uleb128 0xa
 331 024e B3000000 		.4byte	0xb3
 332 0252 5D020000 		.4byte	0x25d
 333 0256 0B       		.uleb128 0xb
 334 0257 25000000 		.4byte	0x25
 335 025b 0D       		.byte	0xd
 336 025c 00       		.byte	0
 337 025d 04       		.uleb128 0x4
 338 025e 4D020000 		.4byte	0x24d
 339 0262 0F       		.uleb128 0xf
 340 0263 31000000 		.4byte	.LASF36
 341 0267 5A       		.byte	0x5a
 342 0268 98020000 		.4byte	0x298
ARM GAS  C:\Users\Ridwane\AppData\Local\Temp\ccbeyQQx.s 			page 7


 343 026c 08       		.uleb128 0x8
 344 026d 62757300 		.ascii	"bus\000"
 345 0271 5A       		.byte	0x5a
 346 0272 1F       		.byte	0x1f
 347 0273 48020000 		.4byte	0x248
 348 0277 10       		.uleb128 0x10
 349 0278 58020000 		.4byte	.LASF37
 350 027c 5A       		.byte	0x5a
 351 027d 31       		.byte	0x31
 352 027e 96010000 		.4byte	0x196
 353 0282 09       		.uleb128 0x9
 354 0283 90000000 		.4byte	.LASF38
 355 0287 A8020000 		.4byte	0x2a8
 356 028b 15       		.uleb128 0x15
 357 028c 16       		.uleb128 0x16
 358 028d 7700     		.ascii	"w\000"
 359 028f 07       		.byte	0x7
 360 0290 5E       		.byte	0x5e
 361 0291 03       		.byte	0x3
 362 0292 8F000000 		.4byte	0x8f
 363 0296 00       		.byte	0
 364 0297 00       		.byte	0
 365 0298 0A       		.uleb128 0xa
 366 0299 B3000000 		.4byte	0xb3
 367 029d A8020000 		.4byte	0x2a8
 368 02a1 0B       		.uleb128 0xb
 369 02a2 25000000 		.4byte	0x25
 370 02a6 0B       		.byte	0xb
 371 02a7 00       		.byte	0
 372 02a8 04       		.uleb128 0x4
 373 02a9 98020000 		.4byte	0x298
 374 02ad 17       		.uleb128 0x17
 375 02ae 14000000 		.4byte	.LASF40
 376 02b2 07       		.byte	0x7
 377 02b3 41       		.byte	0x41
 378 02b4 0E       		.byte	0xe
 379 02b5 96010000 		.4byte	0x196
 380 02b9 D2020000 		.4byte	0x2d2
 381 02bd 08       		.uleb128 0x8
 382 02be 62757300 		.ascii	"bus\000"
 383 02c2 41       		.byte	0x41
 384 02c3 26       		.byte	0x26
 385 02c4 48020000 		.4byte	0x248
 386 02c8 09       		.uleb128 0x9
 387 02c9 90000000 		.4byte	.LASF38
 388 02cd E2020000 		.4byte	0x2e2
 389 02d1 00       		.byte	0
 390 02d2 0A       		.uleb128 0xa
 391 02d3 B3000000 		.4byte	0xb3
 392 02d7 E2020000 		.4byte	0x2e2
 393 02db 0B       		.uleb128 0xb
 394 02dc 25000000 		.4byte	0x25
 395 02e0 0A       		.byte	0xa
 396 02e1 00       		.byte	0
 397 02e2 04       		.uleb128 0x4
 398 02e3 D2020000 		.4byte	0x2d2
 399 02e7 00       		.byte	0
ARM GAS  C:\Users\Ridwane\AppData\Local\Temp\ccbeyQQx.s 			page 8


 400              		.section	.gnu.debuglto_.debug_abbrev,"e",%progbits
 401              	.Ldebug_abbrev0:
 402 0000 01       		.uleb128 0x1
 403 0001 24       		.uleb128 0x24
 404 0002 00       		.byte	0
 405 0003 0B       		.uleb128 0xb
 406 0004 0B       		.uleb128 0xb
 407 0005 3E       		.uleb128 0x3e
 408 0006 0B       		.uleb128 0xb
 409 0007 03       		.uleb128 0x3
 410 0008 0E       		.uleb128 0xe
 411 0009 00       		.byte	0
 412 000a 00       		.byte	0
 413 000b 02       		.uleb128 0x2
 414 000c 0D       		.uleb128 0xd
 415 000d 00       		.byte	0
 416 000e 03       		.uleb128 0x3
 417 000f 0E       		.uleb128 0xe
 418 0010 3A       		.uleb128 0x3a
 419 0011 0B       		.uleb128 0xb
 420 0012 3B       		.uleb128 0x3b
 421 0013 0B       		.uleb128 0xb
 422 0014 39       		.uleb128 0x39
 423 0015 0B       		.uleb128 0xb
 424 0016 49       		.uleb128 0x49
 425 0017 13       		.uleb128 0x13
 426 0018 38       		.uleb128 0x38
 427 0019 0B       		.uleb128 0xb
 428 001a 00       		.byte	0
 429 001b 00       		.byte	0
 430 001c 03       		.uleb128 0x3
 431 001d 16       		.uleb128 0x16
 432 001e 00       		.byte	0
 433 001f 03       		.uleb128 0x3
 434 0020 0E       		.uleb128 0xe
 435 0021 3A       		.uleb128 0x3a
 436 0022 0B       		.uleb128 0xb
 437 0023 3B       		.uleb128 0x3b
 438 0024 0B       		.uleb128 0xb
 439 0025 39       		.uleb128 0x39
 440 0026 0B       		.uleb128 0xb
 441 0027 49       		.uleb128 0x49
 442 0028 13       		.uleb128 0x13
 443 0029 00       		.byte	0
 444 002a 00       		.byte	0
 445 002b 04       		.uleb128 0x4
 446 002c 26       		.uleb128 0x26
 447 002d 00       		.byte	0
 448 002e 49       		.uleb128 0x49
 449 002f 13       		.uleb128 0x13
 450 0030 00       		.byte	0
 451 0031 00       		.byte	0
 452 0032 05       		.uleb128 0x5
 453 0033 13       		.uleb128 0x13
 454 0034 01       		.byte	0x1
 455 0035 0B       		.uleb128 0xb
 456 0036 0B       		.uleb128 0xb
ARM GAS  C:\Users\Ridwane\AppData\Local\Temp\ccbeyQQx.s 			page 9


 457 0037 3A       		.uleb128 0x3a
 458 0038 0B       		.uleb128 0xb
 459 0039 3B       		.uleb128 0x3b
 460 003a 0B       		.uleb128 0xb
 461 003b 39       		.uleb128 0x39
 462 003c 0B       		.uleb128 0xb
 463 003d 01       		.uleb128 0x1
 464 003e 13       		.uleb128 0x13
 465 003f 00       		.byte	0
 466 0040 00       		.byte	0
 467 0041 06       		.uleb128 0x6
 468 0042 0D       		.uleb128 0xd
 469 0043 00       		.byte	0
 470 0044 03       		.uleb128 0x3
 471 0045 08       		.uleb128 0x8
 472 0046 3A       		.uleb128 0x3a
 473 0047 21       		.uleb128 0x21
 474 0048 04       		.sleb128 4
 475 0049 3B       		.uleb128 0x3b
 476 004a 0B       		.uleb128 0xb
 477 004b 39       		.uleb128 0x39
 478 004c 21       		.uleb128 0x21
 479 004d 19       		.sleb128 25
 480 004e 49       		.uleb128 0x49
 481 004f 13       		.uleb128 0x13
 482 0050 38       		.uleb128 0x38
 483 0051 0B       		.uleb128 0xb
 484 0052 00       		.byte	0
 485 0053 00       		.byte	0
 486 0054 07       		.uleb128 0x7
 487 0055 05       		.uleb128 0x5
 488 0056 00       		.byte	0
 489 0057 49       		.uleb128 0x49
 490 0058 13       		.uleb128 0x13
 491 0059 00       		.byte	0
 492 005a 00       		.byte	0
 493 005b 08       		.uleb128 0x8
 494 005c 05       		.uleb128 0x5
 495 005d 00       		.byte	0
 496 005e 03       		.uleb128 0x3
 497 005f 08       		.uleb128 0x8
 498 0060 3A       		.uleb128 0x3a
 499 0061 21       		.uleb128 0x21
 500 0062 07       		.sleb128 7
 501 0063 3B       		.uleb128 0x3b
 502 0064 0B       		.uleb128 0xb
 503 0065 39       		.uleb128 0x39
 504 0066 0B       		.uleb128 0xb
 505 0067 49       		.uleb128 0x49
 506 0068 13       		.uleb128 0x13
 507 0069 00       		.byte	0
 508 006a 00       		.byte	0
 509 006b 09       		.uleb128 0x9
 510 006c 34       		.uleb128 0x34
 511 006d 00       		.byte	0
 512 006e 03       		.uleb128 0x3
 513 006f 0E       		.uleb128 0xe
ARM GAS  C:\Users\Ridwane\AppData\Local\Temp\ccbeyQQx.s 			page 10


 514 0070 49       		.uleb128 0x49
 515 0071 13       		.uleb128 0x13
 516 0072 34       		.uleb128 0x34
 517 0073 19       		.uleb128 0x19
 518 0074 00       		.byte	0
 519 0075 00       		.byte	0
 520 0076 0A       		.uleb128 0xa
 521 0077 01       		.uleb128 0x1
 522 0078 01       		.byte	0x1
 523 0079 49       		.uleb128 0x49
 524 007a 13       		.uleb128 0x13
 525 007b 01       		.uleb128 0x1
 526 007c 13       		.uleb128 0x13
 527 007d 00       		.byte	0
 528 007e 00       		.byte	0
 529 007f 0B       		.uleb128 0xb
 530 0080 21       		.uleb128 0x21
 531 0081 00       		.byte	0
 532 0082 49       		.uleb128 0x49
 533 0083 13       		.uleb128 0x13
 534 0084 2F       		.uleb128 0x2f
 535 0085 0B       		.uleb128 0xb
 536 0086 00       		.byte	0
 537 0087 00       		.byte	0
 538 0088 0C       		.uleb128 0xc
 539 0089 35       		.uleb128 0x35
 540 008a 00       		.byte	0
 541 008b 49       		.uleb128 0x49
 542 008c 13       		.uleb128 0x13
 543 008d 00       		.byte	0
 544 008e 00       		.byte	0
 545 008f 0D       		.uleb128 0xd
 546 0090 0D       		.uleb128 0xd
 547 0091 00       		.byte	0
 548 0092 03       		.uleb128 0x3
 549 0093 08       		.uleb128 0x8
 550 0094 3A       		.uleb128 0x3a
 551 0095 21       		.uleb128 0x21
 552 0096 04       		.sleb128 4
 553 0097 3B       		.uleb128 0x3b
 554 0098 0B       		.uleb128 0xb
 555 0099 39       		.uleb128 0x39
 556 009a 0B       		.uleb128 0xb
 557 009b 49       		.uleb128 0x49
 558 009c 13       		.uleb128 0x13
 559 009d 00       		.byte	0
 560 009e 00       		.byte	0
 561 009f 0E       		.uleb128 0xe
 562 00a0 0F       		.uleb128 0xf
 563 00a1 00       		.byte	0
 564 00a2 0B       		.uleb128 0xb
 565 00a3 21       		.uleb128 0x21
 566 00a4 04       		.sleb128 4
 567 00a5 49       		.uleb128 0x49
 568 00a6 13       		.uleb128 0x13
 569 00a7 00       		.byte	0
 570 00a8 00       		.byte	0
ARM GAS  C:\Users\Ridwane\AppData\Local\Temp\ccbeyQQx.s 			page 11


 571 00a9 0F       		.uleb128 0xf
 572 00aa 2E       		.uleb128 0x2e
 573 00ab 01       		.byte	0x1
 574 00ac 3F       		.uleb128 0x3f
 575 00ad 19       		.uleb128 0x19
 576 00ae 03       		.uleb128 0x3
 577 00af 0E       		.uleb128 0xe
 578 00b0 3A       		.uleb128 0x3a
 579 00b1 21       		.uleb128 0x21
 580 00b2 07       		.sleb128 7
 581 00b3 3B       		.uleb128 0x3b
 582 00b4 0B       		.uleb128 0xb
 583 00b5 39       		.uleb128 0x39
 584 00b6 21       		.uleb128 0x21
 585 00b7 06       		.sleb128 6
 586 00b8 27       		.uleb128 0x27
 587 00b9 19       		.uleb128 0x19
 588 00ba 01       		.uleb128 0x1
 589 00bb 13       		.uleb128 0x13
 590 00bc 00       		.byte	0
 591 00bd 00       		.byte	0
 592 00be 10       		.uleb128 0x10
 593 00bf 05       		.uleb128 0x5
 594 00c0 00       		.byte	0
 595 00c1 03       		.uleb128 0x3
 596 00c2 0E       		.uleb128 0xe
 597 00c3 3A       		.uleb128 0x3a
 598 00c4 21       		.uleb128 0x21
 599 00c5 07       		.sleb128 7
 600 00c6 3B       		.uleb128 0x3b
 601 00c7 0B       		.uleb128 0xb
 602 00c8 39       		.uleb128 0x39
 603 00c9 0B       		.uleb128 0xb
 604 00ca 49       		.uleb128 0x49
 605 00cb 13       		.uleb128 0x13
 606 00cc 00       		.byte	0
 607 00cd 00       		.byte	0
 608 00ce 11       		.uleb128 0x11
 609 00cf 11       		.uleb128 0x11
 610 00d0 01       		.byte	0x1
 611 00d1 25       		.uleb128 0x25
 612 00d2 0E       		.uleb128 0xe
 613 00d3 13       		.uleb128 0x13
 614 00d4 0B       		.uleb128 0xb
 615 00d5 03       		.uleb128 0x3
 616 00d6 0E       		.uleb128 0xe
 617 00d7 1B       		.uleb128 0x1b
 618 00d8 0E       		.uleb128 0xe
 619 00d9 10       		.uleb128 0x10
 620 00da 17       		.uleb128 0x17
 621 00db 00       		.byte	0
 622 00dc 00       		.byte	0
 623 00dd 12       		.uleb128 0x12
 624 00de 24       		.uleb128 0x24
 625 00df 00       		.byte	0
 626 00e0 0B       		.uleb128 0xb
 627 00e1 0B       		.uleb128 0xb
ARM GAS  C:\Users\Ridwane\AppData\Local\Temp\ccbeyQQx.s 			page 12


 628 00e2 3E       		.uleb128 0x3e
 629 00e3 0B       		.uleb128 0xb
 630 00e4 03       		.uleb128 0x3
 631 00e5 08       		.uleb128 0x8
 632 00e6 00       		.byte	0
 633 00e7 00       		.byte	0
 634 00e8 13       		.uleb128 0x13
 635 00e9 17       		.uleb128 0x17
 636 00ea 01       		.byte	0x1
 637 00eb 0B       		.uleb128 0xb
 638 00ec 0B       		.uleb128 0xb
 639 00ed 3A       		.uleb128 0x3a
 640 00ee 0B       		.uleb128 0xb
 641 00ef 3B       		.uleb128 0x3b
 642 00f0 0B       		.uleb128 0xb
 643 00f1 39       		.uleb128 0x39
 644 00f2 0B       		.uleb128 0xb
 645 00f3 01       		.uleb128 0x1
 646 00f4 13       		.uleb128 0x13
 647 00f5 00       		.byte	0
 648 00f6 00       		.byte	0
 649 00f7 14       		.uleb128 0x14
 650 00f8 2E       		.uleb128 0x2e
 651 00f9 01       		.byte	0x1
 652 00fa 3F       		.uleb128 0x3f
 653 00fb 19       		.uleb128 0x19
 654 00fc 03       		.uleb128 0x3
 655 00fd 0E       		.uleb128 0xe
 656 00fe 3A       		.uleb128 0x3a
 657 00ff 0B       		.uleb128 0xb
 658 0100 3B       		.uleb128 0x3b
 659 0101 05       		.uleb128 0x5
 660 0102 39       		.uleb128 0x39
 661 0103 0B       		.uleb128 0xb
 662 0104 27       		.uleb128 0x27
 663 0105 19       		.uleb128 0x19
 664 0106 3C       		.uleb128 0x3c
 665 0107 19       		.uleb128 0x19
 666 0108 01       		.uleb128 0x1
 667 0109 13       		.uleb128 0x13
 668 010a 00       		.byte	0
 669 010b 00       		.byte	0
 670 010c 15       		.uleb128 0x15
 671 010d 0B       		.uleb128 0xb
 672 010e 01       		.byte	0x1
 673 010f 00       		.byte	0
 674 0110 00       		.byte	0
 675 0111 16       		.uleb128 0x16
 676 0112 34       		.uleb128 0x34
 677 0113 00       		.byte	0
 678 0114 03       		.uleb128 0x3
 679 0115 08       		.uleb128 0x8
 680 0116 3A       		.uleb128 0x3a
 681 0117 0B       		.uleb128 0xb
 682 0118 3B       		.uleb128 0x3b
 683 0119 0B       		.uleb128 0xb
 684 011a 39       		.uleb128 0x39
ARM GAS  C:\Users\Ridwane\AppData\Local\Temp\ccbeyQQx.s 			page 13


 685 011b 0B       		.uleb128 0xb
 686 011c 49       		.uleb128 0x49
 687 011d 13       		.uleb128 0x13
 688 011e 00       		.byte	0
 689 011f 00       		.byte	0
 690 0120 17       		.uleb128 0x17
 691 0121 2E       		.uleb128 0x2e
 692 0122 01       		.byte	0x1
 693 0123 3F       		.uleb128 0x3f
 694 0124 19       		.uleb128 0x19
 695 0125 03       		.uleb128 0x3
 696 0126 0E       		.uleb128 0xe
 697 0127 3A       		.uleb128 0x3a
 698 0128 0B       		.uleb128 0xb
 699 0129 3B       		.uleb128 0x3b
 700 012a 0B       		.uleb128 0xb
 701 012b 39       		.uleb128 0x39
 702 012c 0B       		.uleb128 0xb
 703 012d 27       		.uleb128 0x27
 704 012e 19       		.uleb128 0x19
 705 012f 49       		.uleb128 0x49
 706 0130 13       		.uleb128 0x13
 707 0131 01       		.uleb128 0x1
 708 0132 13       		.uleb128 0x13
 709 0133 00       		.byte	0
 710 0134 00       		.byte	0
 711 0135 00       		.byte	0
 712              		.section	.gnu.debuglto_.debug_line,"e",%progbits
 713              	.Ldebug_line0:
 714 0000 68000000 		.4byte	.LELT0-.LSLT0
 715              	.LSLT0:
 716 0004 0500     		.2byte	0x5
 717 0006 04       		.byte	0x4
 718 0007 00       		.byte	0
 719 0008 60000000 		.4byte	.LELTP0-.LASLTP0
 720              	.LASLTP0:
 721 000c 01       		.byte	0x1
 722 000d 01       		.byte	0x1
 723 000e 01       		.byte	0x1
 724 000f F6       		.byte	0xf6
 725 0010 F2       		.byte	0xf2
 726 0011 0D       		.byte	0xd
 727 0012 00       		.byte	0
 728 0013 01       		.byte	0x1
 729 0014 01       		.byte	0x1
 730 0015 01       		.byte	0x1
 731 0016 01       		.byte	0x1
 732 0017 00       		.byte	0
 733 0018 00       		.byte	0
 734 0019 00       		.byte	0
 735 001a 01       		.byte	0x1
 736 001b 00       		.byte	0
 737 001c 00       		.byte	0
 738 001d 01       		.byte	0x1
 739 001e 01       		.byte	0x1
 740 001f 01       		.uleb128 0x1
 741 0020 1F       		.uleb128 0x1f
ARM GAS  C:\Users\Ridwane\AppData\Local\Temp\ccbeyQQx.s 			page 14


 742 0021 07       		.uleb128 0x7
 743 0022 38010000 		.4byte	.LASF44
 744 0026 A3000000 		.4byte	.LASF45
 745 002a 73000000 		.4byte	.LASF46
 746 002e F5010000 		.4byte	.LASF47
 747 0032 9E010000 		.4byte	.LASF48
 748 0036 17000000 		.4byte	.LASF49
 749 003a CE000000 		.4byte	.LASF50
 750 003e 02       		.byte	0x2
 751 003f 01       		.uleb128 0x1
 752 0040 1F       		.uleb128 0x1f
 753 0041 02       		.uleb128 0x2
 754 0042 0B       		.uleb128 0xb
 755 0043 08       		.uleb128 0x8
 756 0044 77010000 		.4byte	.LASF51
 757 0048 00       		.byte	0
 758 0049 27010000 		.4byte	.LASF52
 759 004d 04       		.byte	0x4
 760 004e 00000000 		.4byte	.LASF53
 761 0052 05       		.byte	0x5
 762 0053 6A000000 		.4byte	.LASF54
 763 0057 06       		.byte	0x6
 764 0058 0A000000 		.4byte	.LASF55
 765 005c 02       		.byte	0x2
 766 005d 69010000 		.4byte	.LASF56
 767 0061 02       		.byte	0x2
 768 0062 1D010000 		.4byte	.LASF57
 769 0066 01       		.byte	0x1
 770 0067 C4000000 		.4byte	.LASF58
 771 006b 03       		.byte	0x3
 772              	.LELTP0:
 773              	.LELT0:
 774              		.section	.gnu.debuglto_.debug_str,"eMS",%progbits,1
 775              	.LASF20:
 776 0000 4F535045 		.ascii	"OSPEEDR\000"
 776      45445200 
 777              	.LASF17:
 778 0008 636C6561 		.ascii	"clear\000"
 778      7200
 779              	.LASF18:
 780 000e 4D4F4445 		.ascii	"MODER\000"
 780      5200
 781              	.LASF40:
 782 0014 70616C52 		.ascii	"palReadBus\000"
 782      65616442 
 782      757300
 783              	.LASF14:
 784 001f 75696E74 		.ascii	"uint_fast8_t\000"
 784      5F666173 
 784      74385F74 
 784      00
 785              	.LASF22:
 786 002c 42535252 		.ascii	"BSRR\000"
 786      00
 787              	.LASF36:
 788 0031 70616C57 		.ascii	"palWriteBus\000"
 788      72697465 
ARM GAS  C:\Users\Ridwane\AppData\Local\Temp\ccbeyQQx.s 			page 15


 788      42757300 
 789              	.LASF42:
 790 003d 2E2E2F2E 		.ascii	"../../chibios2111/os/hal/src/hal_pal.c\000"
 790      2E2F6368 
 790      6962696F 
 790      73323131 
 790      312F6F73 
 791              	.LASF5:
 792 0064 73686F72 		.ascii	"short int\000"
 792      7420696E 
 792      7400
 793              	.LASF35:
 794 006e 70616C53 		.ascii	"palSetBusMode\000"
 794      65744275 
 794      734D6F64 
 794      6500
 795              	.LASF30:
 796 007c 706F7274 		.ascii	"portid\000"
 796      696400
 797              	.LASF27:
 798 0083 696F706F 		.ascii	"ioportmask_t\000"
 798      72746D61 
 798      736B5F74 
 798      00
 799              	.LASF38:
 800 0090 5F5F6675 		.ascii	"__func__\000"
 800      6E635F5F 
 800      00
 801              	.LASF19:
 802 0099 4F545950 		.ascii	"OTYPER\000"
 802      455200
 803              	.LASF28:
 804 00a0 696F6D6F 		.ascii	"iomode_t\000"
 804      64655F74 
 804      00
 805              	.LASF4:
 806 00a9 756E7369 		.ascii	"unsigned char\000"
 806      676E6564 
 806      20636861 
 806      7200
 807              	.LASF41:
 808 00b7 474E5520 		.ascii	"GNU C17 11.3.1 20220712 -mcpu=cortex-m4 -mthumb -mf"
 808      43313720 
 808      31312E33 
 808      2E312032 
 808      30323230 
 809 00ea 6C6F6174 		.ascii	"loat-abi=softfp -mfpu=fpv4-sp-d16 -march=armv7e-m+f"
 809      2D616269 
 809      3D736F66 
 809      74667020 
 809      2D6D6670 
 810 011d 70202D67 		.ascii	"p -ggdb -O2 -fomit-frame-pointer -falign-functions="
 810      67646220 
 810      2D4F3220 
 810      2D666F6D 
 810      69742D66 
 811 0150 3136202D 		.ascii	"16 -ffunction-sections -fdata-sections -fno-common "
ARM GAS  C:\Users\Ridwane\AppData\Local\Temp\ccbeyQQx.s 			page 16


 811      6666756E 
 811      6374696F 
 811      6E2D7365 
 811      6374696F 
 812 0183 2D666C74 		.ascii	"-flto\000"
 812      6F00
 813              	.LASF25:
 814 0189 41465248 		.ascii	"AFRH\000"
 814      00
 815              	.LASF10:
 816 018e 6C6F6E67 		.ascii	"long unsigned int\000"
 816      20756E73 
 816      69676E65 
 816      6420696E 
 816      7400
 817              	.LASF6:
 818 01a0 73686F72 		.ascii	"short unsigned int\000"
 818      7420756E 
 818      7369676E 
 818      65642069 
 818      6E7400
 819              	.LASF24:
 820 01b3 4146524C 		.ascii	"AFRL\000"
 820      00
 821              	.LASF8:
 822 01b8 5F5F7569 		.ascii	"__uint16_t\000"
 822      6E743136 
 822      5F7400
 823              	.LASF9:
 824 01c3 5F5F7569 		.ascii	"__uint32_t\000"
 824      6E743332 
 824      5F7400
 825              	.LASF39:
 826 01ce 5F70616C 		.ascii	"_pal_lld_setgroupmode\000"
 826      5F6C6C64 
 826      5F736574 
 826      67726F75 
 826      706D6F64 
 827              	.LASF0:
 828 01e4 756E7369 		.ascii	"unsigned int\000"
 828      676E6564 
 828      20696E74 
 828      00
 829              	.LASF15:
 830 01f1 63686172 		.ascii	"char\000"
 830      00
 831              	.LASF34:
 832 01f6 6D6F6465 		.ascii	"mode\000"
 832      00
 833              	.LASF23:
 834 01fb 4C4F434B 		.ascii	"LOCKR\000"
 834      5200
 835              	.LASF26:
 836 0201 73746D33 		.ascii	"stm32_gpio_t\000"
 836      325F6770 
 836      696F5F74 
 836      00
ARM GAS  C:\Users\Ridwane\AppData\Local\Temp\ccbeyQQx.s 			page 17


 837              	.LASF21:
 838 020e 50555044 		.ascii	"PUPDR\000"
 838      5200
 839              	.LASF1:
 840 0214 6C6F6E67 		.ascii	"long long int\000"
 840      206C6F6E 
 840      6720696E 
 840      7400
 841              	.LASF43:
 842 0222 433A5C43 		.ascii	"C:\\ChibiStudio\\workspace_user\\CRYSTALS-Dilithium"
 842      68696269 
 842      53747564 
 842      696F5C77 
 842      6F726B73 
 843 0252 00       		.ascii	"\000"
 844              	.LASF31:
 845 0253 6D61736B 		.ascii	"mask\000"
 845      00
 846              	.LASF37:
 847 0258 62697473 		.ascii	"bits\000"
 847      00
 848              	.LASF32:
 849 025d 6F666673 		.ascii	"offset\000"
 849      657400
 850              	.LASF29:
 851 0264 696F706F 		.ascii	"ioportid_t\000"
 851      72746964 
 851      5F7400
 852              	.LASF12:
 853 026f 75696E74 		.ascii	"uint16_t\000"
 853      31365F74 
 853      00
 854              	.LASF13:
 855 0278 75696E74 		.ascii	"uint32_t\000"
 855      33325F74 
 855      00
 856              	.LASF7:
 857 0281 6C6F6E67 		.ascii	"long int\000"
 857      20696E74 
 857      00
 858              	.LASF2:
 859 028a 6C6F6E67 		.ascii	"long double\000"
 859      20646F75 
 859      626C6500 
 860              	.LASF3:
 861 0296 7369676E 		.ascii	"signed char\000"
 861      65642063 
 861      68617200 
 862              	.LASF16:
 863 02a2 5F426F6F 		.ascii	"_Bool\000"
 863      6C00
 864              	.LASF11:
 865 02a8 6C6F6E67 		.ascii	"long long unsigned int\000"
 865      206C6F6E 
 865      6720756E 
 865      7369676E 
 865      65642069 
ARM GAS  C:\Users\Ridwane\AppData\Local\Temp\ccbeyQQx.s 			page 18


 866              	.LASF33:
 867 02bf 494F4275 		.ascii	"IOBus\000"
 867      7300
 868              		.section	.gnu.debuglto_.debug_line_str,"eMS",%progbits,1
 869              	.LASF53:
 870 0000 5F737464 		.ascii	"_stdint.h\000"
 870      696E742E 
 870      6800
 871              	.LASF55:
 872 000a 73746D33 		.ascii	"stm32_gpio.h\000"
 872      325F6770 
 872      696F2E68 
 872      00
 873              	.LASF49:
 874 0017 633A5C63 		.ascii	"c:\\chibistudio\\tools\\gnu tools arm embedded\\11."
 874      68696269 
 874      73747564 
 874      696F5C74 
 874      6F6F6C73 
 875 0046 33203230 		.ascii	"3 2022.08\\arm-none-eabi\\include\\sys\000"
 875      32322E30 
 875      385C6172 
 875      6D2D6E6F 
 875      6E652D65 
 876              	.LASF54:
 877 006a 73746469 		.ascii	"stdint.h\000"
 877      6E742E68 
 877      00
 878              	.LASF46:
 879 0073 2E2E2F2E 		.ascii	"../../chibios2111/os/hal/ports/STM32/LLD/GPIOv2\000"
 879      2E2F6368 
 879      6962696F 
 879      73323131 
 879      312F6F73 
 880              	.LASF45:
 881 00a3 2E2E2F2E 		.ascii	"../../chibios2111/os/hal/include\000"
 881      2E2F6368 
 881      6962696F 
 881      73323131 
 881      312F6F73 
 882              	.LASF58:
 883 00c4 68616C5F 		.ascii	"hal_pal.c\000"
 883      70616C2E 
 883      6300
 884              	.LASF50:
 885 00ce 633A5C63 		.ascii	"c:\\chibistudio\\tools\\gnu tools arm embedded\\11."
 885      68696269 
 885      73747564 
 885      696F5C74 
 885      6F6F6C73 
 886 00fd 33203230 		.ascii	"3 2022.08\\arm-none-eabi\\include\000"
 886      32322E30 
 886      385C6172 
 886      6D2D6E6F 
 886      6E652D65 
 887              	.LASF57:
 888 011d 68616C5F 		.ascii	"hal_pal.h\000"
ARM GAS  C:\Users\Ridwane\AppData\Local\Temp\ccbeyQQx.s 			page 19


 888      70616C2E 
 888      6800
 889              	.LASF52:
 890 0127 5F646566 		.ascii	"_default_types.h\000"
 890      61756C74 
 890      5F747970 
 890      65732E68 
 890      00
 891              	.LASF44:
 892 0138 433A5C43 		.ascii	"C:\\ChibiStudio\\workspace_user\\CRYSTALS-Dilithium"
 892      68696269 
 892      53747564 
 892      696F5C77 
 892      6F726B73 
 893 0168 00       		.ascii	"\000"
 894              	.LASF56:
 895 0169 68616C5F 		.ascii	"hal_pal_lld.h\000"
 895      70616C5F 
 895      6C6C642E 
 895      6800
 896              	.LASF51:
 897 0177 2E2E2F2E 		.ascii	"../../chibios2111/os/hal/src/hal_pal.c\000"
 897      2E2F6368 
 897      6962696F 
 897      73323131 
 897      312F6F73 
 898              	.LASF48:
 899 019e 633A5C63 		.ascii	"c:\\chibistudio\\tools\\gnu tools arm embedded\\11."
 899      68696269 
 899      73747564 
 899      696F5C74 
 899      6F6F6C73 
 900 01cd 33203230 		.ascii	"3 2022.08\\arm-none-eabi\\include\\machine\000"
 900      32322E30 
 900      385C6172 
 900      6D2D6E6F 
 900      6E652D65 
 901              	.LASF47:
 902 01f5 2E2E2F2E 		.ascii	"../../chibios2111/os/hal/src\000"
 902      2E2F6368 
 902      6962696F 
 902      73323131 
 902      312F6F73 
 903              		.text
 904              		.section	.gnu.lto_.profile.9a33c6a5,"e",%progbits
 905 0000 789C6362 		.ascii	"x\234cb\000\001\000\000\022\000\003"
 905      00010000 
 905      120003
 906              		.text
 907              		.section	.gnu.lto_.icf.9a33c6a5,"e",%progbits
 908 0000 789C7366 		.ascii	"x\234sf@\000f\206\303\2553Oqr010121113\261\200iF\306"
 908      40006686 
 908      C3AD334F 
 908      71723031 
 908      30313231 
 909 001c 6D7F3E6C 		.ascii	"m\177>ld\342\0001\301B iV\240\364\207\266\253\313\230"
 909      64E20031 
ARM GAS  C:\Users\Ridwane\AppData\Local\Temp\ccbeyQQx.s 			page 20


 909      C1422069 
 909      56A0F487 
 909      B6ABCB98 
 910 0030 D8A0AAC1 		.ascii	"\330\240\252\301R\014\000\212\005\011\260"
 910      520C008A 
 910      0509B0
 911              		.text
 912              		.section	.gnu.lto_.ipa_sra.9a33c6a5,"e",%progbits
 913 0000 789C758B 		.ascii	"x\234u\2131\022\000 \014\302\012T\355c\375\377\254\270"
 913      31120020 
 913      0CC20A54 
 913      ED63FDFF 
 913      ACB8
 914 0012 3895251C 		.ascii	"8\225%\0349v\374( NF$\270\310\274(f%\356\"\260u\376"
 914      3976FC28 
 914      204E4624 
 914      B8C8BC28 
 914      6625EE22 
 915 0029 82AD1FD6 		.ascii	"\202\255\037\326\020\214W\315\003nE\001b"
 915      108C57CD 
 915      036E4501 
 915      62
 916              		.text
 917              		.section	.gnu.lto_.inline.9a33c6a5,"e",%progbits
 918 0000 789CAD91 		.ascii	"x\234\255\221\301\015\3020\014E\277\355\250\244*\240"
 918      C10DC230 
 918      0C45BFED 
 918      A8A42AA0 
 919 0010 1E3970C8 		.ascii	"\0369p\310(L\300\020\264*[ \330\200\021\030\201\033"
 919      284CC010 
 919      B42A5B20 
 919      D8801118 
 919      811B
 920 0022 EBD54E95 		.ascii	"\353\325N\225\232\034\270aE\212\375c\313\317\316\207"
 920      9A1CB861 
 920      458AFD63 
 920      CBCFCE87 
 921 0032 B09A00ED 		.ascii	"\260\232\000\355]\215'\022\0207&\350\035!'\2737\220"
 921      5D8D2712 
 921      103726E8 
 921      1D2127BB 
 921      3790
 922 0044 84D85886 		.ascii	"\204\330X\206\214@vxd0(\273\027FX}\004W\243\253\321"
 922      8C407678 
 922      643028BB 
 922      1746587D 
 922      0457A3AB 
 923 0059 D5DED5DE 		.ascii	"\325\336\325\336\272\023\366\032\275d\242@\304m\226"
 923      BA13F61A 
 923      BD64A240 
 923      C46D96
 924 0068 969E5F0C 		.ascii	"\226\236_\014\231\251\343\\7T\014E\373\3257,\251\330"
 924      99A9E35C 
 924      37540C45 
 924      FBD5372C 
 924      A9D8
 925 007a 560492A7 		.ascii	"V\004\222\247\031\224\240\314u\364\367\344\365\311p"
ARM GAS  C:\Users\Ridwane\AppData\Local\Temp\ccbeyQQx.s 			page 21


 925      1994A0CC 
 925      75F4F7E4 
 925      F5C970
 926 0089 189D466F 		.ascii	"\030\235Fo\276V\353\251\020\025\373\2419\267?\257\247"
 926      BE56EBA9 
 926      1015FBA1 
 926      39B73FAF 
 926      A7
 927 009a 0C77308C 		.ascii	"\014w0\214\260\263\277z\236\261\034\314<\205Q\222"
 927      B0B3BF7A 
 927      9EB11CCC 
 927      3C855192 
 928              		.text
 929              		.section	.gnu.lto_.jmpfuncs.9a33c6a5,"e",%progbits
 930 0000 789C0B66 		.ascii	"x\234\013f@\000f\006FF\306z&FF b\006\322\365L\234LP"
 930      40006606 
 930      4646C67A 
 930      26464620 
 930      6206D2F5 
 931 0018 26231317 		.ascii	"&#\023\027\033\003\003\343\001\026F\006 \376\017\004"
 931      1B0303E3 
 931      01164606 
 931      20FE0F04 
 932 0028 FC0CE87C 		.ascii	"\374\014\350|\226zF\014%\000g\352\023\324"
 932      967A460C 
 932      250067EA 
 932      13D4
 933              		.text
 934              		.section	.gnu.lto_.pureconst.9a33c6a5,"e",%progbits
 935 0000 789CE362 		.ascii	"x\234\343b```f\230\305\3028\213\205i&\013\000\011\370"
 935      60606066 
 935      98C5C238 
 935      8B856926 
 935      0B0009F8 
 936 0014 01EA     		.ascii	"\001\352"
 937              		.text
 938              		.section	.gnu.lto_.ipa_modref.9a33c6a5,"e",%progbits
 939 0000 789C5BC7 		.ascii	"x\234[\307\200\000\314\014\214b\012\002\002\014LL\334"
 939      8000CC0C 
 939      8C620A02 
 939      020C4C4C 
 939      DC
 940 0011 0CCC4C6C 		.ascii	"\014\314Ll\014\214@\310\240\240\300\304\001f\035\000"
 940      0C8C40C8 
 940      A0A0C0C4 
 940      01661D00 
 941 0021 31D9C14C 		.ascii	"1\331\301L\005 \213\207\201\221\211\027\310\004\252"
 941      05208B87 
 941      81918917 
 941      C804AA
 942 0030 67003205 		.ascii	"g\0002\005\300,F\260N\204\"$\235p\343 \352@\332\371"
 942      C02C46B0 
 942      4E842224 
 942      9D70E320 
 942      EA40DAF9 
 943 0044 807C2626 		.ascii	"\200|&&qy\204N\204\235\330\314\000\333\325\323\261\242"
 943      7179844E 
ARM GAS  C:\Users\Ridwane\AppData\Local\Temp\ccbeyQQx.s 			page 22


 943      849DD8CC 
 943      00DBD5D3 
 943      B1A2
 944 0056 E1C0A20E 		.ascii	"\341\300\242\016\016\006\000-\006\014{"
 944      0E06002D 
 944      060C7B
 945              		.text
 946              		.section	.gnu.lto_.lto.9a33c6a5,"e",%progbits
 947 0000 0B000300 		.ascii	"\013\000\003\000\001\000\000\000"
 947      01000000 
 948              		.text
 949              		.section	.gnu.lto_palReadBus.387.9a33c6a5,"e",%progbits
 950 0000 789C6590 		.ascii	"x\234e\220MH\033A\024\307\377ofw\263A<I\357\242\320"
 950      4D481B41 
 950      14C7FF6F 
 950      6677B341 
 950      3C49EFA2 
 951 0015 9EDC75A5 		.ascii	"\236\334u\245\010\355\251%\036=\231^\012\201\270Y\203"
 951      08EDA925 
 951      1E3D995E 
 951      0A81B859 
 951      83
 952 0026 598CACCD 		.ascii	"Y\214\254\315&-T$\223\370\2059(\351\245\241\025\213"
 952      262D5424 
 952      93F88539 
 952      28E9A5A1 
 952      158B
 953 0038 B70A8217 		.ascii	"\267\012\202\027AQ\014\253b\217\245\364\336\213\320"
 953      41510CAB 
 953      628FA5F4 
 953      DE8BD0
 954 0047 738F1594 		.ascii	"s\217\025\224\332\267Q\364 \314\373\232\367\2337\377"
 954      DAB751F4 
 954      20CCFB9A 
 954      F79B37FF 
 955 0057 99320121 		.ascii	"\2312\001!\200\307l$A\037\232\015\001\245\324\213\204"
 955      80C76C24 
 955      411F9A0D 
 955      01A5D48B 
 955      84
 956 0068 A05AB3F1 		.ascii	"\240Z\263\361\247\265\253\321!u6\010UAU\332\224:\031"
 956      A7B5ABD1 
 956      21753608 
 956      554155DA 
 956      943A19
 957 007b 3DA4B17F 		.ascii	"=\244\261\177D\275v\244\324\305\342\347\225\323\304"
 957      44BD76A4 
 957      D4C5E2E7 
 957      95D3C4
 958 008a FAD748AB 		.ascii	"\372\327H\253bn\237\366x$\240\223\231\301\000w\177|"
 958      626E9FF6 
 958      7824A093 
 958      99C10077 
 958      7F7C
 959 009c DF572A89 		.ascii	"\337W*\211\331\003\272\355\0111~\244\003]\300\\|)\333"
 959      D903BAED 
 959      09317EA4 
ARM GAS  C:\Users\Ridwane\AppData\Local\Temp\ccbeyQQx.s 			page 23


 959      035DC05C 
 959      7C29DB
 960 00af CE4F3D52 		.ascii	"\316O=RW\327kJ\375\372M\253\375IAt\300b\0044\010\251"
 960      57D76B4A 
 960      FDFA4DAB 
 960      FD494174 
 960      C0620434 
 961 00c5 43680684 		.ascii	"Ch\006\204\236\340h\262\001\0332V\2504R\021\360E\212"
 961      9EE068B2 
 961      011B3256 
 961      A8345211 
 961      F0458A
 962 00d8 9BA2C6C5 		.ascii	"\233\242\306\305_\241\316?~\2438\366\335\271\363O\006"
 962      5FA1CE3F 
 962      7EA338F6 
 962      DDB9F34F 
 962      06
 963 00e9 2E45BDBD 		.ascii	".E\275\275\325-c\321\263\304\332\266\343'\231\341\373"
 963      D52D63D1 
 963      B3C4DAB6 
 963      E32799E1 
 963      FB
 964 00fa 23C2F002 		.ascii	"#\302\360\002go\332\024\260\220Kq\322NJ\235\251\351"
 964      676FDA14 
 964      B0904B71 
 964      D24E4A9D 
 964      A9E9
 965 010c 7B6AEA6D 		.ascii	"{j\352m\304\324&g\3761Mv\250:S\306\303)\371S\362:\375"
 965      C4D42667 
 965      FE314D76 
 965      A83A53C6 
 965      C329F953 
 966 0123 F97F4B24 		.ascii	"\371\177K$\023R\227\306-l>\204\3353\312\336\300\255"
 966      135297C6 
 966      2D6C3E84 
 966      DD33CADE 
 966      C0AD
 967 0135 65929271 		.ascii	"e\222\222q\023\327\242\336+e\374}\033\222\356\337\010"
 967      13D7A2DE 
 967      2B65FC7D 
 967      1B92EEDF 
 967      08
 968 0146 38A9E799 		.ascii	"8\251\347\231T\301\317\371\351re\302\0172\357\202\322"
 968      54C1CFF9 
 968      E97265C2 
 968      0F32EF82 
 968      D2
 969 0157 5438E37A 		.ascii	"T8\343z\371l%\314\2272\251\261\327\351W/G\323\003#~"
 969      F96C25CC 
 969      9732A9B1 
 969      D7E9572F 
 969      47D30323 
 970 016c D12F17FC 		.ascii	"\321/\027\374\3124\236X\226\315\313\213\017\005\341"
 970      CA349E58 
 970      96CDCB8B 
 970      0F05E1
 971 017b 90E33876 		.ascii	"\220\3438v\020\332\005\267h\207%/\216\331\031\267hy"
ARM GAS  C:\Users\Ridwane\AppData\Local\Temp\ccbeyQQx.s 			page 24


 971      10DA05B7 
 971      6887252F 
 971      8ED919B7 
 971      6879
 972 018d 90B94AD8 		.ascii	"\220\271J\330sWZy\367\351\340pn\342\031\376\003\205"
 972      73575A79 
 972      F7E9E070 
 972      6EE219FE 
 972      0385
 973 019f E19664   		.ascii	"\341\226d"
 974              		.text
 975              		.section	.gnu.lto_palWriteBus.388.9a33c6a5,"e",%progbits
 976 0000 789C6552 		.ascii	"x\234eRMh\023A\024~\337\314n\262\2334U(\236\274\024"
 976      4D681341 
 976      147EDFCC 
 976      6EB29B34 
 976      55289EBC 
 977 0015 3D789026 		.ascii	"=x\220&F$\240'%\322\223'\343\245\030\311_\203Y\232\222"
 977      4624A027 
 977      25D29327 
 977      E3A518C9 
 977      5F83599A 
 978 002a 984D2C55 		.ascii	"\230M,UJ\246\361\017\252 \025\017E!RO\036\004\2575\324"
 978      4AA6F10F 
 978      AA20150F 
 978      4521524F 
 978      1E04AF35 
 979 003f 24B42845 		.ascii	"$\264(E=\210\027\017^\244\236\024\241\336\2424\020\337"
 979      3D88170F 
 979      5EA49E14 
 979      A1DEA234 
 979      10DF
 980 0051 EEDAF6D0 		.ascii	"\356\332\366\320e\277\231\367\315\373\336\317<&.\210"
 980      65BF99F7 
 980      CDFBDECF 
 980      3C262E88 
 981 0061 6E10D151 		.ascii	"n\020\321Q\006$\341\321\342\202 \245\324Y\277\300\374"
 981      0624E1D1 
 981      E28220A5 
 981      D459BFC0 
 981      FC
 982 0072 E2828937 		.ascii	"\342\202\2117p\031\250.P\307\262\2140\375s\347ik\035"
 982      7019A82E 
 982      50C7B28C 
 982      30FD73E7 
 982      696B1D
 983 0085 EA45173F 		.ascii	"\352E\027?\211\352\344~:|#\320x=\204Q\035F\222\306\272"
 983      89EAE47E 
 983      3A7C23D0 
 983      783D8451 
 983      1D4692C6 
 984 009a 4A7DEAAC 		.ascii	"J}\352\254(e\322\\\013\365\327X\001\221@\372\027\213"
 984      2865D25C 
 984      0BF5D758 
 984      019140FA 
 984      178B
 985 00ac 8CAAE7FE 		.ascii	"\214\252\347\376\341\272o\256\356\272E\272\247\021\005"
ARM GAS  C:\Users\Ridwane\AppData\Local\Temp\ccbeyQQx.s 			page 25


 985      E1BA6FAE 
 985      EEBA45BA 
 985      A71105
 986 00bb DDAC60DD 		.ascii	"\335\254`\335,\347=\316\312\337\355\357\345\015\245"
 986      2CE73DCE 
 986      CADFEDEF 
 986      E50DA5
 987 00ca CD767694 		.ascii	"\315vv\224D\351\007z\220\272\2406(}_\347#\240\203W\237"
 987      44E9077A 
 987      90BAA036 
 987      287D5FE7 
 987      23A08357 
 988 00df F5AEEA0F 		.ascii	"\365\256\352\017\036*\365\345\360V\177\3138 \200Uh@"
 988      1E2AF5E5 
 988      F0567FCB 
 988      38208055 
 988      6840
 989 00f1 0B3AB1DF 		.ascii	"\013:\261\337GB\3633\014\206IB\0170\202l\0171B\214a"
 989      4742F333 
 989      0C864942 
 989      0F30826C 
 989      0F31428C 
 990 0106 123EA2A6 		.ascii	"\022>\242\246tF\2404\250.\3213)<2\317\244'\324\346\337"
 990      7446A034 
 990      A82ED133 
 990      293C32CF 
 990      A427D4E6 
 991 011b 7770F623 		.ascii	"wp\366#\273\313f\177\034\334\310\266h<\271\007\351\223"
 991      BBCB667F 
 991      1CDCC8B6 
 991      683CB907 
 991      E993
 992 012d C231DBA6 		.ascii	"\3021\333\246\364\3634\346\3007x\351\314\320\270v}\015"
 992      F4F334E6 
 992      C03778E9 
 992      CCD0B876 
 992      7D0D
 993 013f 14BBCD56 		.ascii	"\024\273\315Vi\035\323|\203mqk\211\003\014\016\361\377"
 993      691DD37C 
 993      836D716B 
 993      89030C0E 
 993      F1FF
 994 0151 0F31F78B 		.ascii	"\0171\367\213\247\336\302\362\304\315\273\220\001i\372"
 994      A7DEC2F2 
 994      C4CDBB90 
 994      0169FA
 995 0160 BE120E3A 		.ascii	"\276\022\016:\274\317<\310\341\201\235LCR\270\231\\"
 995      BCCF3CC8 
 995      E1819D4C 
 995      4352B899 
 995      5C
 996 0171 4F88A9E9 		.ascii	"O\210\251\351\220\307\354\321Y\030\342^\033\243<\004"
 996      90C7ECD1 
 996      5918E25E 
 996      1BA33C04 
 997 0181 A97BAD7B 		.ascii	"\251{\255{%\207\367\227\274\272\201\274[rm\211\033\362"
 997      2587F797 
ARM GAS  C:\Users\Ridwane\AppData\Local\Temp\ccbeyQQx.s 			page 26


 997      BCBA81BC 
 997      5B726D89 
 997      1BF2
 998 0193 E5F6EE90 		.ascii	"\345\366\356\220\311\276wHl\231\355\324\007\\!r\315"
 998      C9BE7748 
 998      6C99EDD4 
 998      075C2172 
 998      CD
 999 01a4 CB1F3141 		.ascii	"\313\0371A\344\345}\336\323\371\321\320@4\276\015\306"
 999      E4E57DDE 
 999      D3F9D1D0 
 999      4034BE0D 
 999      C6
 1000 01b5 DDA7D194 		.ascii	"\335\247\321\224\330\033'Q4~&\031/XY+Q\255MZ\245\344"
 1000      D81B2751 
 1000      347E2619 
 1000      2F58592B 
 1000      51AD4D5A 
 1001 01cb 4CA93265 		.ascii	"L\2512e\2273\271|\252f\347+\311\370\305\211\304\245"
 1001      9733B97C 
 1001      AA66E72B 
 1001      C9F8C589 
 1001      C4A5
 1002 01dd 73171263 		.ascii	"s\027\022c\347\255\242U-X\265i:\026\016G\370\3179A%"
 1002      E7ADA255 
 1002      2D58B569 
 1002      3A160E47 
 1002      F8CF3941 
 1003 01f2 FB64341A 		.ascii	"\373d4\032\215\224\354H!S\214\330\225\234\263\247\312"
 1003      8D94EC48 
 1003      21538CD8 
 1003      959CB3A7 
 1003      CA
 1004 0203 99623847 		.ascii	"\231b8G2[\263Gvi8\2379u\"\226\235<MZ\326\252\332\230"
 1004      325BB347 
 1004      7669389F 
 1004      39752296 
 1004      9D3C4D5A 
 1005 021b F907DB0C 		.ascii	"\371\007\333\014\316:"
 1005      CE3A
 1006              		.text
 1007              		.section	.gnu.lto_palSetBusMode.389.9a33c6a5,"e",%progbits
 1008 0000 789C6590 		.ascii	"x\234e\220Oh\023A\024\306\277of7\273\301C\017\305{1"
 1008      4F681341 
 1008      14C6BF6F 
 1008      6637BBC1 
 1008      430FC57B 
 1009 0015 879E9A35 		.ascii	"\207\236\2325\245\024\354\311\222\202\227\236L/B\240"
 1009      A514ECC9 
 1009      9282979E 
 1009      4C2F42A0 
 1010 0025 4D368B59 		.ascii	"M6\213Y\232\260m6\301\322\0222\375\227C.R\257B\305["
 1010      9AB06D36 
 1010      C1D21232 
 1010      FD97432E 
 1010      52AF42C5 
 1011 003a 0F82072F 		.ascii	"\017\202\007/\265T]T\020o\342\245P(-=\010\012zU\260"
ARM GAS  C:\Users\Ridwane\AppData\Local\Temp\ccbeyQQx.s 			page 27


 1011      B5545D54 
 1011      106FE2A5 
 1011      50282D3D 
 1011      080A7A55 
 1012 004f D2CE6E20 		.ascii	"\322\316n \036:\314\2747\337\373\275\231yo\226\011\254"
 1012      1E3ACCBC 
 1012      37DFFBBD 
 1012      99796F96 
 1012      09AC
 1013 0061 00C8E845 		.ascii	"\000\310\350E\011>\331\351\011(\245\356Z\202\353;\275"
 1013      093ED9E9 
 1013      0928A5EE 
 1013      5A82EB3B 
 1013      BD
 1014 0072 34DF3051 		.ascii	"4\3370QDG\260\303\347\322\321\362\317\366\323\357\037"
 1014      4447B0C3 
 1014      E7D2D1F2 
 1014      CFF6D3EF 
 1014      1F
 1015 0083 A8F622FE 		.ascii	"\250\366\"\376\000:H\206\311\3240\015mor\304\244]\304"
 1015      003A4886 
 1015      C9D4300D 
 1015      6D6F72C4 
 1015      A45DC4
 1016 0096 58A4D497 		.ascii	"X\244\324\227\317\373J\245\321>`\3475\367\365S\202\013"
 1016      CFFB4AA5 
 1016      D13E60E7 
 1016      35F7F553 
 1016      820B
 1017 00a8 7B3AC96E 		.ascii	"{:\311n\366\361i\202\327\016\007X,\2742\200\033\375"
 1017      F6F16982 
 1017      D70E0758 
 1017      2CBC3280 
 1017      1BFD
 1018 00ba 5B75002F 		.ascii	"[u\000/\277\232\221\272\270|\254\324\317o\374\225I\013"
 1018      BF9A91BA 
 1018      B87CACD4 
 1018      CF6FFC95 
 1018      490B
 1019 00cc F280923C 		.ascii	"\362\200\222<\244\011!S\020\206\005a\332\332\003\273"
 1019      A4092153 
 1019      10860561 
 1019      DADA03BB 
 1020 00dc 32AE5C19 		.ascii	"2\256\\\031T\021\360L\212\276X\327\342\267P\347G\237"
 1020      5411F04C 
 1020      8ABE58D7 
 1020      E2B750E7 
 1020      479F
 1021 00ee 18FB5B03 		.ascii	"\030\373[\003s~l\341\257\330x\233\226\246.\273M\335"
 1021      737E6CE1 
 1021      AFD8789B 
 1021      96A62EBB 
 1021      4DDD
 1022 0100 C28BB859 		.ascii	"\302\213\270Y;\\}GLn\351\335r\304@\027\321\317J]\347"
 1022      3B5C7D47 
 1022      4C6EE9DD 
 1022      72C44017 
ARM GAS  C:\Users\Ridwane\AppData\Local\Temp\ccbeyQQx.s 			page 28


 1022      D1CF4A5D 
 1023 0115 F5F75C1C 		.ascii	"\365\367\\\034p\353:\367?\362a\3027/\272\224\266LI\013"
 1023      70EB3AF7 
 1023      3FF261C2 
 1023      372FBA94 
 1023      B64C490B 
 1024 0129 FF447704 		.ascii	"\377Dw\004=\012\317\005\244\251\203R\014\341Rl\234\235"
 1024      3D0ACF05 
 1024      A4A98352 
 1024      0CE1526C 
 1024      9C9D
 1025 013b DC4B3E72 		.ascii	"\334K>rW\362\177\027@.?U\314W\375\262_h\266*~P|\024"
 1025      57F27F17 
 1025      402E3F55 
 1025      CC57FDB2 
 1025      5F68B62A 
 1026 0153 3416C3A5 		.ascii	"4\026\303\245\222\353\315\267B\257Q\314\337\177P\230"
 1026      92EBCDB7 
 1026      42AF51CC 
 1026      DF7F5098 
 1027 0163 9B9E2D8C 		.ascii	"\233\236-\214\315\3705\277Y\365[u\214f\263\216\236n"
 1027      CDF835BF 
 1027      59F55B75 
 1027      8C66B38E 
 1027      9E6E
 1028 0175 7C2808C7 		.ascii	"|(\010\307s\271\234\023\204N\265Ts\302\206\033\373\371"
 1028      73B99C13 
 1028      844EB554 
 1028      73C2861B 
 1028      FBF9
 1029 0187 A5522DEB 		.ascii	"\245R-\353B\226[\341\360@f\275\322\304\355\311r\345"
 1029      42965BE1 
 1029      F04066BD 
 1029      D2C4EDC9 
 1029      72E5
 1030 0199 0E8C7A50 		.ascii	"\016\214zP\361\256\000\022\250\227\362"
 1030      F1AE0012 
 1030      A897F2
 1031              		.text
 1032              		.section	.gnu.lto_.symbol_nodes.9a33c6a5,"e",%progbits
 1033 0000 789C2B61 		.ascii	"x\234+a\000\002\246f\346z\376\006 `a\234p\216\201\241"
 1033      0002A666 
 1033      E67AFE06 
 1033      2060619C 
 1033      708E81A1 
 1034 0014 9E816157 		.ascii	"\236\201aWC##H\242\205\271^\000\253D+s\275 6\011\306"
 1034      43232348 
 1034      A285B95E 
 1034      00AB442B 
 1034      73BD2036 
 1035 002a 0EE67AA1 		.ascii	"\016\346z\241\377P \017\226d`\000\252\003\311131C\264"
 1035      FF50200F 
 1035      96646000 
 1035      AA03C931 
 1035      333143B4 
 1036 003e 2C616300 		.ascii	",ac\000\000\352\320#b"
 1036      00EAD023 
ARM GAS  C:\Users\Ridwane\AppData\Local\Temp\ccbeyQQx.s 			page 29


 1036      62
 1037              		.text
 1038              		.section	.gnu.lto_.refs.9a33c6a5,"e",%progbits
 1039 0000 789C6364 		.ascii	"x\234cd\000\002\000\000\012\000\002"
 1039      00020000 
 1039      0A0002
 1040              		.text
 1041              		.section	.gnu.lto_.decls.9a33c6a5,"e",%progbits
 1042 0000 789C9556 		.ascii	"x\234\225VmPT\327\031>\347\354\335\345\002\313\327\230"
 1042      6D5054D7 
 1042      193EE7EC 
 1042      DDE502CB 
 1042      D798
 1043 0012 A4D8C90F 		.ascii	"\244\330\311\017\323\037\201!#\333\205\3244\235\266"
 1043      D31F8121 
 1043      23DB85D4 
 1043      349DB6
 1044 0021 63022671 		.ascii	"c\002&q\304\302,f2\3118\263\263\2015\354\004\262\204"
 1044      C4C22C66 
 1044      32C938B3 
 1044      B38135EC 
 1044      04B284
 1045 0034 5D92FEE8 		.ascii	"]\222\376\350\217\263\037\300\322I\310.~!P]\027\033"
 1045      8FB31FC0 
 1045      D249C82E 
 1045      7E21505D 
 1045      171B
 1046 0046 8C165D4D 		.ascii	"\214\026]M\322 \026\271\206-\002\021\253\205D\0111\002"
 1046      D22016B9 
 1046      862D0211 
 1046      AB854409 
 1046      3102
 1047 0058 82028205 		.ascii	"\202\002\202\005c\002\251Z\372\236{\357^`\243\231v\207"
 1047      6302A95A 
 1047      FA9E7BEF 
 1047      5E60A399 
 1047      7687
 1048 006a 77EFB9F7 		.ascii	"w\357\271\367y\237\347y\317{\316\271\313\333\321\010"
 1048      799FE779 
 1048      CF7BCEB9 
 1048      CBDBD108 
 1049 007a 6D220865 		.ascii	"m\"\010ec\204\026\341\303!\204\372!VA\334\204P\303s"
 1049      638416E1 
 1049      C32184FA 
 1049      215641DC 
 1049      8450C373 
 1050 008e 0D441404 		.ascii	"\015D\024\004\017\021\015\021\003\021\013\241\205\230"
 1050      0F110D11 
 1050      03110BA1 
 1050      8598
 1051 009c 839C78B8 		.ascii	"\203\234x\270r\020\3230\356\200\030\200\370\011\334"
 1051      7210D330 
 1051      EE801880 
 1051      F809DC
 1052 00ab 3F0AF118 		.ascii	"?\012\361\030D\012\204\016<\222\220\224\3170\246;\003"
 1052      440A840E 
 1052      3C929094 
ARM GAS  C:\Users\Ridwane\AppData\Local\Temp\ccbeyQQx.s 			page 30


 1052      CF30A63B 
 1052      03
 1053 00bc E3148857 		.ascii	"\343\024\210W\220\304g\272\213H\362\012k\215#\311\007"
 1053      90C467BA 
 1053      8B48F20A 
 1053      6B8D23C9 
 1053      07
 1054 00cd C99E04E2 		.ascii	"\311\236\004\342i\320z\010I\372j\271\206\3202\255\031"
 1054      69D07A08 
 1054      49FA6AB9 
 1054      86D032AD 
 1054      19
 1055 00de 592F9C1F 		.ascii	"Y/\234\037\346G\352\263:\257\311>l\316Y\240\233\210"
 1055      E647EAB3 
 1055      3AAFC93E 
 1055      6CCE59A0 
 1055      9B88
 1056 00f0 A49A996E 		.ascii	"\244\232\231n\374\217\324\030\251\235*\317\363q\326"
 1056      FC8FD418 
 1056      A99D2ACF 
 1056      F371D6
 1057 00ff AF5598D3 		.ascii	"\257U\230\323<\214\327\360\004\375\202\212\237\300#"
 1057      3C8CD7F0 
 1057      04FD828A 
 1057      9FC023
 1058 010e E8044B44 		.ascii	"\350\004KD(C\013\350\032\3769\244I\305\254\337\011p"
 1058      28430BE8 
 1058      1AFE39A4 
 1058      49C5ACDF 
 1058      0970
 1059 0120 45FC26C4 		.ascii	"E\374&\304\021o\375\340\207\252\204aJg\251\340\216F"
 1059      116FFDE0 
 1059      87AA8461 
 1059      4A67A9E0 
 1059      8E46
 1060 0132 ADF8138C 		.ascii	"\255\370\023\214:pj\033>\205\3331\220\222\371-\210\177"
 1060      3A706A1B 
 1060      3E85DB31 
 1060      9092F92D 
 1060      887F
 1061 0144 05F146C8 		.ascii	"\005\361F\310=rct8&A\270\177.oB\340\236\010\024\302"
 1061      3D726374 
 1061      382641B8 
 1061      7F2E6F42 
 1061      E09E0814 
 1062 0159 17204D0A 		.ascii	"\027 M\012\370\250\340\033\361\026`\316\354\374\276"
 1062      F8A8E01B 
 1062      F11660CE 
 1062      ECFCBE
 1063 0168 41C598D3 		.ascii	"A\305\230\323Tp\252\321\031\334\215\321Y\234\322\206"
 1063      5470AAD1 
 1063      19DC8DD1 
 1063      599CD286 
 1064 0178 3FC3BD98 		.ascii	"?\303\275\230/C\234f\260{\372hLZZ2\344,\\\256\232v\352"
 1064      2F439C66 
 1064      B07BFA68 
 1064      4C5A5A32 
ARM GAS  C:\Users\Ridwane\AppData\Local\Temp\ccbeyQQx.s 			page 31


 1064      E42C5CAE 
 1065 018f 7CD72BE9 		.ascii	"|\327+\351y\252\352\303\347\360\005,\022\220\036\241"
 1065      79AAEAC3 
 1065      E7F0052C 
 1065      12901EA1 
 1066 019f 4C0409C1 		.ascii	"L\004\011\301\366\253\2254\321\251\355\303=\313\261"
 1066      F6AB9534 
 1066      D1A9EDC3 
 1066      3DCBB1
 1067 01ae 3318C1A4 		.ascii	"3\030\301\244\335\224\012D\252\015]\300m\370\037\370"
 1067      DD940A44 
 1067      AA0D5DC0 
 1067      6DF81FF8 
 1068 01be 3CEB01A7 		.ascii	"<\353\001\247y\257\363\310\355\330\264\325i\2203{\352"
 1068      79AFF3C8 
 1068      EDD8B4D5 
 1068      6990337B 
 1068      EA
 1069 01cf AAFAA000 		.ascii	"\252\372\240\000\334.\334\217\245TQ\233A@\347dz?\320"
 1069      DC2EDC8F 
 1069      A554519B 
 1069      4140E764 
 1069      7A3FD0
 1070 01e2 07F03F19 		.ascii	"\007\360?\031\235M\272\255\251&\336\353P\375\035\207"
 1070      9D4DBAAD 
 1070      A926DEEB 
 1070      50FD1D87 
 1071 01f2 56B23852 		.ascii	"V\2628R\337\326w0z\265\377\201lhJ\"\177\015z1\205\331"
 1071      DFD67730 
 1071      7AB5FF81 
 1071      6C684A22 
 1071      7F0D7A31 
 1072 0208 98E76FC2 		.ascii	"\230\347o\302\3706\304]\010\027a\317R\241y\002\341\253"
 1072      F836C45D 
 1072      081761CF 
 1072      52A17902 
 1072      E1AB
 1073 021a 09E21E99 		.ascii	"\011\342\036\231v\275\323\027\227\006\315H\223>#0\345"
 1073      76BDD317 
 1073      9706CD48 
 1073      933E2330 
 1073      E5
 1074 022b 5E57154D 		.ascii	"^W\025Mtk\005<\214\307d\363\223\020\255\0301\364H\030"
 1074      746B053C 
 1074      8CC764F3 
 1074      9310AD18 
 1074      31F44818 
 1075 023f FD524107 		.ascii	"\375RA\007\227\320\2260:\264\002\315\014\267\213CW\360"
 1075      97D09630 
 1075      3AB402CD 
 1075      0CB78B43 
 1075      57F0
 1076 0251 D7F0600C 		.ascii	"\327\360`\014*\236\304\023\370*\036\305\327\3608\276"
 1076      2A9EC413 
 1076      F82A1EC5 
 1076      D7F038BE 
 1077 0261 8EA7F00D 		.ascii	"\216\247\360\015<\302f\300dZ\3032\027\025\231/\226L"
ARM GAS  C:\Users\Ridwane\AppData\Local\Temp\ccbeyQQx.s 			page 32


 1077      3CC266C0 
 1077      645AC332 
 1077      1715992F 
 1077      964C
 1078 0273 8E86D14B 		.ascii	"\216\206\321K+\320L\264\037\332\322\321\364f\267\200"
 1078      2BD04CB4 
 1078      1FDAD2D1 
 1078      F466B780 
 1079 0283 3FC79D0A 		.ascii	"?\307\235\012vZ\304\2008\373\027\251\255\002\376J\001"
 1079      765AC480 
 1079      38FB17A9 
 1079      AD02FE4A 
 1079      01
 1080 0294 F58AEAE1 		.ascii	"\365\212\352\341\260\352\345\345\240H\014v\207\261O"
 1080      B0EAE5E5 
 1080      A0480C76 
 1080      87B14F
 1081 02a3 57A8CACC 		.ascii	"W\250\312\314\2360\372\267\025\015\313D|\015\364\230"
 1081      9E30FAB7 
 1081      150DCB44 
 1081      7C0DF498 
 1082 02b3 4C8C750D 		.ascii	"L\214u\015D'\257l\3004\376\221\016pd\312\177\371zL\222"
 1082      4427AF6C 
 1082      C034FE91 
 1082      0E7064CA 
 1082      7FF97A4C 
 1083 02c8 B8FDFD9F 		.ascii	"\270\375\375\237r3\262\350M\240\000x\341t\337\237b\025"
 1083      7233B2E8 
 1083      4DA00078 
 1083      E174DF9F 
 1083      6215
 1084 02da F0A60CFE 		.ascii	"\360\246\014\376\213\275\277\032\010\342\375\314\263"
 1084      8BBDBF1A 
 1084      08E2FDCC 
 1084      B3
 1085 02e7 B5EE5237 		.ascii	"\265\356R7\027q~\346\224\363\323\302R\206*\216\325\340"
 1085      17717EE6 
 1085      94F3D3C2 
 1085      52862A8E 
 1085      D5E0
 1086 02f9 64E9F80A 		.ascii	"d\351\370\012\322\331\275\315\014\230\377\347\227\272"
 1086      D2D9BDCD 
 1086      0C98FFE7 
 1086      97BA
 1087 0307 6B125660 		.ascii	"k\022V`\323X\001'\25744D)\376\337\312\376\3371\377\217"
 1087      D3580127 
 1087      AF343444 
 1087      29FEDFCA 
 1087      FEDF31FF 
 1088 031c 98F0C099 		.ascii	"\230\360\300\231=\3658\022\237\307\337I/\016-\354\276"
 1088      3DF53812 
 1088      9FC7DF49 
 1088      2F0E2DEC 
 1088      BE
 1089 032d 61C477C0 		.ascii	"a\304w\300V\034B\362\033\002\006\210\357b\\\317\311"
 1089      561C42F2 
 1089      1B020688 
ARM GAS  C:\Users\Ridwane\AppData\Local\Temp\ccbeyQQx.s 			page 33


 1089      EF625CCF 
 1089      C9
 1090 033e B3935111 		.ascii	"\263\223Q\021u\377\007\017\2416|\017\337\305\034?~\343"
 1090      75FF070F 
 1090      A1367C0F 
 1090      DFC51C3F 
 1090      7EE3
 1091 0350 78289E6D 		.ascii	"x(\236mWHi\375b\327\235\212(\012\253\275\200\277\301"
 1091      574869FD 
 1091      62D79D8A 
 1091      280AABBD 
 1091      80BFC1
 1092 0363 4EB26CCD 		.ascii	"N\262l\315\330\311}\267J\\\225E|G\301\"\266\342\277"
 1092      D8C97DB7 
 1092      4A5C9545 
 1092      7C47C122 
 1092      B6E2BF
 1093 0376 F1F7F0C0 		.ascii	"\361\367\360\300I\3320%.\342 \322\341\013VK\304[xv\271"
 1093      49DA3025 
 1093      2EE220D2 
 1093      E10B564B 
 1093      C45B7876 
 1094 038b 28AC35BF 		.ascii	"(\2545\277\310J\334\355\372\366\224\330\033\267\240"
 1094      C84ADCED 
 1094      FAF694D8 
 1094      1BB7A0
 1095 039a 88B8C90A 		.ascii	"\210\270\311\012\025h\356\310\365q^\351A\205,SI\030"
 1095      1568EEC8 
 1095      F5715EE9 
 1095      41852C53 
 1095      4918
 1096 03ac B66BDE97 		.ascii	"\266k\336\227\256@\251\022R%\"'{>9\244\216\\\366y,\257"
 1096      AE40A912 
 1096      52252227 
 1096      7B3E39A4 
 1096      8E5CF679 
 1097 03c2 FB95A95D 		.ascii	"\373\225\251]'\226\372>$\237\375j\221y\347k\317H\234"
 1097      2796FA3E 
 1097      249FFD6A 
 1097      9179E76B 
 1097      CF489C
 1098 03d5 8285DF19 		.ascii	"\202\205\337\031\177\024\261{\355g&\211\210\011?\334"
 1098      7F14B17B 
 1098      ED672689 
 1098      88093FDC 
 1099 03e5 4CE3EDDB 		.ascii	"L\343\355\333w\360b\303\205\037n\024\216T\364\357<\037"
 1099      77F062C3 
 1099      851F6E14 
 1099      8E54F4EF 
 1099      3C1F
 1100 03f7 1D012FAD 		.ascii	"\035\001/\255\007_\241\002\211}\207Z\233#\327\254\206"
 1100      075FA102 
 1100      897D875A 
 1100      9B23D7AC 
 1100      86
 1101 0408 281283E7 		.ascii	"(\022\203\347\232O\2209\014\015\363P\301\021\342\275"
 1101      9A4F9039 
ARM GAS  C:\Users\Ridwane\AppData\Local\Temp\ccbeyQQx.s 			page 34


 1101      0C0DF350 
 1101      C111E2BD 
 1102 0418 81091AA4 		.ascii	"\201\011\032\244\264\224vM\324\325WNx\222|N\300\202"
 1102      B494764D 
 1102      D4D5574E 
 1102      78927C4E 
 1102      C082
 1103 042a 1EFAD33A 		.ascii	"\036\372\323:x\\_?\354%~\025[!J]Z\372\021\\\234E\324"
 1103      785C5F3F 
 1103      EC257E15 
 1103      5B214A5D 
 1103      5AFA115C 
 1104 0441 55C9EEDF 		.ascii	"U\311\356\337I\366\273\244My\036S\241\222\006\005M\240"
 1104      49F6BBA4 
 1104      4D791E53 
 1104      A1920605 
 1104      4DA0
 1105 0453 9356D6D1 		.ascii	"\223V\326\321\234\372\372\211nfAk\207\033\253\022\374"
 1105      9CFAFA89 
 1105      6E66416B 
 1105      871BAB12 
 1105      FC
 1106 0464 AEAF3CFE 		.ascii	"\256\257<\376N\272\332\017*u\260N>\354\000\212C\240"
 1106      4EBADA0F 
 1106      2A75B04E 
 1106      3EEC008A 
 1106      43A0
 1107 0476 3E017BFD 		.ascii	">\001{\375\215\357\326\270C\263\026\207\323\355\241"
 1107      8DEFD6B8 
 1107      43B31687 
 1107      D3EDA1
 1108 0485 CE9027D1 		.ascii	"\316\220'\321\013_4@[\223|\220\357= \320D\352\017y\034"
 1108      0B5F3440 
 1108      5B937C90 
 1108      EF3D20D0 
 1108      44EA0F79 
 1109 049a 819007FB 		.ascii	"\201\220\007\373\002n\217/\020\242\270\026r\326\370"
 1109      026E8F2F 
 1109      10A2B816 
 1109      72D6F8
 1110 04a9 A02A4760 		.ascii	"\240*G`\275o\270\002\214B4\211\261}\201l\207?\304v\203"
 1110      BD6FB802 
 1110      8C423489 
 1110      B17D816C 
 1110      873FC476 
 1111 04be 073BFCD4 		.ascii	"\007;\374\324\343u\322\352$o\300\343\361\002?\011\370"
 1111      E375D2EA 
 1111      246FC0E3 
 1111      F1023F09 
 1111      F8
 1112 04cf AD3EA740 		.ascii	"\255>\247@a x|?\003\027\252\021O\032\020\010|\255\347"
 1112      6120787C 
 1112      3F0317AA 
 1112      114F1A10 
 1112      087CADE7 
 1113 04e3 08EDE9FD 		.ascii	"\010\355\351\375\365-V\372\301\217;\342p\274w=\302\372"
 1113      F52D56FA 
ARM GAS  C:\Users\Ridwane\AppData\Local\Temp\ccbeyQQx.s 			page 35


 1113      C18F3BE2 
 1113      70BC773D 
 1113      C2FA
 1114 04f5 44FE90EA 		.ascii	"D\376\220\352\376't;\221\017\341\330\310\"\325\212\230"
 1114      FE27743B 
 1114      910FE1D8 
 1114      C822D58A 
 1114      98
 1115 0506 20636EA2 		.ascii	" cn\242\200;:.\355KPv\303\016y\367\355\024w\303\335"
 1115      803B3A2E 
 1115      ED4B5076 
 1115      C30E79F7 
 1115      ED1477C3 
 1116 051b FE9E6309 		.ascii	"\376\236c\011\360?\021\334\316\301\355\261\305\317\016"
 1116      F03F11DC 
 1116      CEC1EDB1 
 1116      C5CF0E
 1117 052a C43E4AD9 		.ascii	"\304>J\331\317%}\350\226\374\013\267\233\240]b\362\201"
 1117      CF257DE8 
 1117      96FC0BB7 
 1117      9BA05D62 
 1117      F281
 1118 053c E3DB8324 		.ascii	"\343\333\203$\265\256\216.|\331P\335\031\325\010?\251"
 1118      B5AE8E2E 
 1118      7CD950DD 
 1118      19D5083F 
 1118      A9
 1119 054d 90CAED26 		.ascii	"\220\312\355&\265\222\025\252%\310G\274$\243E\315_f"
 1119      B59215AA 
 1119      25C847BC 
 1119      24A345CD 
 1119      5F66
 1120 055f 25F7CED4 		.ascii	"%\367\316\324\376\201\211\337\302L\374\203\243\336\321"
 1120      FE8189DF 
 1120      C24CFC83 
 1120      A3DED1
 1121 056e 38C9AB9E 		.ascii	"8\311\253\236p\244\301\335\325\215\303^S\322O3j$\250"
 1121      70A4C1DD 
 1121      D58DC35E 
 1121      53D24F33 
 1121      6A24A8
 1122 0581 41F43A37 		.ascii	"A\364:7x\366\257Z\3465\333\326\371\346A\310Z\337H\366"
 1122      78F6AF5A 
 1122      E635DBD6 
 1122      F9E641C8 
 1122      5ADF48F6 
 1123 0595 C8367B64 		.ascii	"\3106{d\233Q\216\237d6-\276\336\005\216\011\277'Nb\357"
 1123      9B518E9F 
 1123      64362DBE 
 1123      DE058E09 
 1123      BF274E62 
 1124 05aa 9CAF49F6 		.ascii	"\234\257I\366\331\007>\303\323\203\0275\221>\373\011"
 1124      D9073EC3 
 1124      D3831735 
 1124      913EFB09 
 1125 05ba F28B3E8B 		.ascii	"\362\213>\213\207OT\252\231Op\222\275\267\305\011\355"
 1125      874F54AA 
ARM GAS  C:\Users\Ridwane\AppData\Local\Temp\ccbeyQQx.s 			page 36


 1125      994F7092 
 1125      BDB7C509 
 1125      ED
 1126 05cb 277B65A7 		.ascii	"'{e\247\275\262\323^\216\237\277\217\323\350\305\366"
 1126      BDB2D35E 
 1126      8E9FBF8F 
 1126      D3E8C5F6 
 1127 05db 81586982 		.ascii	"\201Xi\202\007\300\251f\350\233\367c\330\355\002\376"
 1127      07C0A966 
 1127      E89BF763 
 1127      D8ED02FE 
 1128 05eb 33DC0E8E 		.ascii	"3\334\016\216\214ur\221\306\315\004\275/\032\327\322"
 1128      8C757291 
 1128      C6CD04BD 
 1128      2F1AD7D2 
 1129 05fb F9ABF1A9 		.ascii	"\371\253\361\251u\360_G\333h\360\336c\247]\376\324f"
 1129      75F05F47 
 1129      DB68F0DE 
 1129      63A75DFE 
 1129      D466
 1130 060d D224FB36 		.ascii	"\322$\3736\261\367F\206\203\343\310\361\201\303-Ze\361"
 1130      B1F74686 
 1130      83E3C8F1 
 1130      81C32D5A 
 1130      65F1
 1131 061f 9AE5C5FB 		.ascii	"\232\345\305\373\200\341\217\247\247\353\340\257\240"
 1131      80E18FA7 
 1131      A7EBE0AF 
 1131      A0
 1132 062c C8F2AAC5 		.ascii	"\310\362\252\305j\313\320\353\365:\253MWd*\326\331\312"
 1132      6ACBD0EB 
 1132      F53AAB4D 
 1132      57642AD6 
 1132      D9CA
 1133 063e 0AD8D558 		.ascii	"\012\330\325Xj*N/\340\237\377\335\213k\262\364O\241"
 1133      6A2A4E2F 
 1133      E09FFFDD 
 1133      8B6BB2F4 
 1133      4FA1
 1134 0650 55CAA374 		.ascii	"U\312\243t\263\351\311\237\257{\265\360i\304=\363\234"
 1134      B3E9C99F 
 1134      AF7BB5F0 
 1134      69C43DF3 
 1134      9C
 1135 0661 21872FB7 		.ascii	"!\207/\267\274a\317\3140\332\3259\271Y\233\014\334\263"
 1135      BC61CFCC 
 1135      30DAD539 
 1135      B9599B0C 
 1135      DCB3
 1136 0673 F906037E 		.ascii	"\371\006\003~\011\277\240.(6\233\312DT\277\316hW\331"
 1136      09BFA02E 
 1136      28369BCA 
 1136      4454BFCE 
 1136      6857D9
 1137 0686 CC767DD6 		.ascii	"\314v}\326\257\266f1\303|{y\241\305\272\365mk\331\353"
 1137      AFB66631 
 1137      C37C7B79 
ARM GAS  C:\Users\Ridwane\AppData\Local\Temp\ccbeyQQx.s 			page 37


 1137      A1C5BAF5 
 1137      6D6BD9EB 
 1138 069a B6525381 		.ascii	"\266RS\201\331Xn3\227m\3152\274\234\277\345\231\234"
 1138      D9586E33 
 1138      976DCD32 
 1138      BC9CBFE5 
 1138      999C
 1139 06ac FCB5D996 		.ascii	"\374\265\331\226b\213\275\310R^\202~\363\300*K\255e"
 1139      628BBDC8 
 1139      525E827E 
 1139      F3C02A4B 
 1139      AD65
 1140 06be 769B2E7F 		.ascii	"v\233.\177\313\346\314\014]NN\266\356\371\274\215\271"
 1140      CBE6CC0C 
 1140      5D4E4EB6 
 1140      EEF9BC8D 
 1140      B9
 1141 06cf 6F65E86C 		.ascii	"oe\350l\366\022\250\345\265R\2135\275\010\251r\263\015"
 1141      F612A8E5 
 1141      B5528B35 
 1141      BD08A972 
 1141      B30D
 1142 06e1 AA8DD906 		.ascii	"\252\215\331\006u\336\213y\331\206\250\334\374\274\015"
 1142      75DE8B79 
 1142      D986A8DC 
 1142      FCBC0D
 1143 06f0 1BB20D9A 		.ascii	"\033\262\015\232\334-/\347m0\2507\347fo0\260)\274\240"
 1143      DC2D2FE7 
 1143      6D30A837 
 1143      E7666F30 
 1143      B029BCA0 
 1144 0704 5D6219ED 		.ascii	"]b\031\355\\\211\311\366\272\326be\006lh\264k\330\320"
 1144      5C89C9F6 
 1144      BAD66265 
 1144      066C68B4 
 1144      6BD8D0
 1145 0717 5218233D 		.ascii	"R\030#=\263\024\302\023\353\266m0\037-\233\234q\233"
 1145      B314C213 
 1145      EBB66D30 
 1145      1F2D9B9C 
 1145      719B
 1146 0729 C966FFA5 		.ascii	"\311f\377\245\321\376\304\003K\265\274QP\\^hV\232Z\204"
 1146      D1FEC403 
 1146      4BB5BC51 
 1146      505C5E68 
 1146      569A5A84 
 1147 073d D41B739F 		.ascii	"\324\033s\237-\267\361\026k\211\265\320\014\275\321"
 1147      2DB7F116 
 1147      6B89B5D0 
 1147      0CBDD1
 1148 074c AF435A53 		.ascii	"\257CZSY\311[O\231\327\226<\261\255\024\305\024\200"
 1148      59C95B4F 
 1148      99D7963C 
 1148      B1AD14C5 
 1148      1480
 1149 075e 91F9F76B 		.ascii	"\221\371\367kK\236D1\3000\230M\205\220\237\362\277-"
 1149      4B9E4431 
ARM GAS  C:\Users\Ridwane\AppData\Local\Temp\ccbeyQQx.s 			page 38


 1149      C030984D 
 1149      85909FF2 
 1149      BF2D
 1150 0770 198A85CB 		.ascii	"\031\212\205\313Ke\026\273\0318q0\3167\333a\264\031"
 1150      4B6516BB 
 1150      19387130 
 1150      CE37DB61 
 1150      B419
 1151 0782 AC1E6619 		.ascii	"\254\036f\031\306\342\342B#T\377Z\231\265\274\224\025"
 1151      C6E2E242 
 1151      2354FF5A 
 1151      99B5BC94 
 1151      15
 1152 0793 F0DBFFB7 		.ascii	"\360\333\377\267\311\262\025\023\202\311\374\027?<Q"
 1152      C9B21513 
 1152      82C9FC17 
 1152      3F3C51
 1153 07a2 8C       		.ascii	"\214"
 1154              		.text
 1155              		.section	.gnu.lto_.symtab.9a33c6a5,"e",%progbits
 1156 0000 70616C52 		.ascii	"palReadBus\000"
 1156      65616442 
 1156      757300
 1157 000b 00       		.ascii	"\000"
 1158 000c 00       		.ascii	"\000"
 1159 000d 00       		.ascii	"\000"
 1160 000e 00000000 		.ascii	"\000\000\000\000\000\000\000\000"
 1160      00000000 
 1161 0016 17010000 		.ascii	"\027\001\000\000"
 1162 001a 70616C57 		.ascii	"palWriteBus\000"
 1162      72697465 
 1162      42757300 
 1163 0026 00       		.ascii	"\000"
 1164 0027 00       		.ascii	"\000"
 1165 0028 00       		.ascii	"\000"
 1166 0029 00000000 		.ascii	"\000\000\000\000\000\000\000\000"
 1166      00000000 
 1167 0031 1C010000 		.ascii	"\034\001\000\000"
 1168 0035 70616C53 		.ascii	"palSetBusMode\000"
 1168      65744275 
 1168      734D6F64 
 1168      6500
 1169 0043 00       		.ascii	"\000"
 1170 0044 00       		.ascii	"\000"
 1171 0045 00       		.ascii	"\000"
 1172 0046 00000000 		.ascii	"\000\000\000\000\000\000\000\000"
 1172      00000000 
 1173 004e 21010000 		.ascii	"!\001\000\000"
 1174 0052 5F70616C 		.ascii	"_pal_lld_setgroupmode\000"
 1174      5F6C6C64 
 1174      5F736574 
 1174      67726F75 
 1174      706D6F64 
 1175 0068 00       		.ascii	"\000"
 1176 0069 02       		.ascii	"\002"
 1177 006a 00       		.ascii	"\000"
 1178 006b 00000000 		.ascii	"\000\000\000\000\000\000\000\000"
ARM GAS  C:\Users\Ridwane\AppData\Local\Temp\ccbeyQQx.s 			page 39


 1178      00000000 
 1179 0073 27010000 		.ascii	"'\001\000\000"
 1180              		.text
 1181              		.section	.gnu.lto_.ext_symtab.9a33c6a5,"e",%progbits
 1182 0000 01       		.ascii	"\001"
 1183 0001 01       		.ascii	"\001"
 1184 0002 00       		.ascii	"\000"
 1185 0003 01       		.ascii	"\001"
 1186 0004 00       		.ascii	"\000"
 1187 0005 01       		.ascii	"\001"
 1188 0006 00       		.ascii	"\000"
 1189 0007 01       		.ascii	"\001"
 1190 0008 00       		.ascii	"\000"
 1191              		.text
 1192              		.section	.gnu.lto_.opts,"e",%progbits
 1193 0000 272D666E 		.ascii	"'-fno-openmp' '-fno-openacc' '-fno-pie' '-fcf-prote"
 1193      6F2D6F70 
 1193      656E6D70 
 1193      2720272D 
 1193      666E6F2D 
 1194 0033 6374696F 		.ascii	"ction=none' '-g' '-mcpu=cortex-m4' '-mthumb' '-mflo"
 1194      6E3D6E6F 
 1194      6E652720 
 1194      272D6727 
 1194      20272D6D 
 1195 0066 61742D61 		.ascii	"at-abi=softfp' '-mfpu=fpv4-sp-d16' '-mlibarch=armv7"
 1195      62693D73 
 1195      6F667466 
 1195      70272027 
 1195      2D6D6670 
 1196 0099 652D6D2B 		.ascii	"e-m+fp' '-march=armv7e-m+fp' '-O2' '-fomit-frame-po"
 1196      66702720 
 1196      272D6D61 
 1196      7263683D 
 1196      61726D76 
 1197 00cc 696E7465 		.ascii	"inter' '-falign-functions=16' '-ffunction-sections'"
 1197      72272027 
 1197      2D66616C 
 1197      69676E2D 
 1197      66756E63 
 1198 00ff 20272D66 		.ascii	" '-fdata-sections' '-fno-common' '-flto' '-Xassembl"
 1198      64617461 
 1198      2D736563 
 1198      74696F6E 
 1198      73272027 
 1199 0132 65722720 		.ascii	"er' '-alms=./build/lst/hal_pal.lst'\000"
 1199      272D616C 
 1199      6D733D2E 
 1199      2F627569 
 1199      6C642F6C 
 1200              		.text
 1201              		.comm	__gnu_lto_slim,1,1
 1202              		.ident	"GCC: (Arm GNU Toolchain 11.3.Rel1) 11.3.1 20220712"
ARM GAS  C:\Users\Ridwane\AppData\Local\Temp\ccbeyQQx.s 			page 40


DEFINED SYMBOLS
                            *ABS*:00000000 hal_pal.c
C:\Users\Ridwane\AppData\Local\Temp\ccbeyQQx.s:26     .gnu.debuglto_.debug_info:00000000 hal_pal.c.ea406bd9
                            *COM*:00000001 __gnu_lto_slim

NO UNDEFINED SYMBOLS
