ARM GAS  C:\Users\Ridwane\AppData\Local\Temp\ccinGG1u.s 			page 1


   1              		.cpu cortex-m4
   2              		.arch armv7e-m
   3              		.fpu fpv4-sp-d16
   4              		.eabi_attribute 27, 1
   5              		.eabi_attribute 20, 1
   6              		.eabi_attribute 21, 1
   7              		.eabi_attribute 23, 3
   8              		.eabi_attribute 24, 1
   9              		.eabi_attribute 25, 1
  10              		.eabi_attribute 26, 1
  11              		.eabi_attribute 30, 2
  12              		.eabi_attribute 34, 1
  13              		.eabi_attribute 18, 4
  14              		.file	"hal_pal_lld.c"
  15              		.file 1 "c:\\chibistudio\\tools\\gnu tools arm embedded\\11.3 2022.08\\arm-none-eabi\\include\\mac
  16              		.file 2 "c:\\chibistudio\\tools\\gnu tools arm embedded\\11.3 2022.08\\arm-none-eabi\\include\\sys
  17              		.file 3 "../../chibios2111/os/hal/ports/STM32/LLD/GPIOv2/stm32_gpio.h"
  18              		.file 4 "../../chibios2111/os/hal/ports/STM32/LLD/GPIOv2/hal_pal_lld.h"
  19              		.file 5 "../../chibios2111/os/hal/ports/STM32/LLD/GPIOv2/hal_pal_lld.c"
  20              		.section	.gnu.debuglto_.debug_info,"e",%progbits
  21              	.Ldebug_info0:
  22              		.hidden	hal_pal_lld.c.36f076d4
  23              		.weak	hal_pal_lld.c.36f076d4
  24              	hal_pal_lld.c.36f076d4:
  25 0000 44020000 		.4byte	0x244
  26 0004 0500     		.2byte	0x5
  27 0006 01       		.byte	0x1
  28 0007 04       		.byte	0x4
  29 0008 00000000 		.4byte	.Ldebug_abbrev0
  30 000c 0B       		.uleb128 0xb
  31 000d 71000000 		.4byte	.LASF38
  32 0011 1D       		.byte	0x1d
  33 0012 72010000 		.4byte	.LASF39
  34 0016 34020000 		.4byte	.LASF40
  35 001a 00000000 		.4byte	.Ldebug_line0
  36 001e 0C       		.uleb128 0xc
  37 001f 04       		.byte	0x4
  38 0020 05       		.byte	0x5
  39 0021 696E7400 		.ascii	"int\000"
  40 0025 01       		.uleb128 0x1
  41 0026 04       		.byte	0x4
  42 0027 07       		.byte	0x7
  43 0028 EB010000 		.4byte	.LASF0
  44 002c 01       		.uleb128 0x1
  45 002d 08       		.byte	0x8
  46 002e 05       		.byte	0x5
  47 002f 00000000 		.4byte	.LASF1
  48 0033 01       		.uleb128 0x1
  49 0034 08       		.byte	0x8
  50 0035 04       		.byte	0x4
  51 0036 1A020000 		.4byte	.LASF2
  52 003a 01       		.uleb128 0x1
  53 003b 01       		.byte	0x1
  54 003c 06       		.byte	0x6
  55 003d 9B020000 		.4byte	.LASF3
  56 0041 01       		.uleb128 0x1
  57 0042 01       		.byte	0x1
ARM GAS  C:\Users\Ridwane\AppData\Local\Temp\ccinGG1u.s 			page 2


  58 0043 08       		.byte	0x8
  59 0044 63000000 		.4byte	.LASF4
  60 0048 01       		.uleb128 0x1
  61 0049 02       		.byte	0x2
  62 004a 05       		.byte	0x5
  63 004b 3C000000 		.4byte	.LASF5
  64 004f 03       		.uleb128 0x3
  65 0050 B0010000 		.4byte	.LASF8
  66 0054 01       		.byte	0x1
  67 0055 39       		.byte	0x39
  68 0056 19       		.byte	0x19
  69 0057 5B000000 		.4byte	0x5b
  70 005b 01       		.uleb128 0x1
  71 005c 02       		.byte	0x2
  72 005d 07       		.byte	0x7
  73 005e 5A010000 		.4byte	.LASF6
  74 0062 01       		.uleb128 0x1
  75 0063 04       		.byte	0x4
  76 0064 05       		.byte	0x5
  77 0065 8C020000 		.4byte	.LASF7
  78 0069 03       		.uleb128 0x3
  79 006a C4010000 		.4byte	.LASF9
  80 006e 01       		.byte	0x1
  81 006f 4F       		.byte	0x4f
  82 0070 19       		.byte	0x19
  83 0071 75000000 		.4byte	0x75
  84 0075 01       		.uleb128 0x1
  85 0076 04       		.byte	0x4
  86 0077 07       		.byte	0x7
  87 0078 48010000 		.4byte	.LASF10
  88 007c 01       		.uleb128 0x1
  89 007d 08       		.byte	0x8
  90 007e 07       		.byte	0x7
  91 007f AD020000 		.4byte	.LASF11
  92 0083 03       		.uleb128 0x3
  93 0084 7A020000 		.4byte	.LASF12
  94 0088 02       		.byte	0x2
  95 0089 24       		.byte	0x24
  96 008a 14       		.byte	0x14
  97 008b 4F000000 		.4byte	0x4f
  98 008f 03       		.uleb128 0x3
  99 0090 83020000 		.4byte	.LASF13
 100 0094 02       		.byte	0x2
 101 0095 30       		.byte	0x30
 102 0096 14       		.byte	0x14
 103 0097 69000000 		.4byte	0x69
 104 009b 08       		.uleb128 0x8
 105 009c 8F000000 		.4byte	0x8f
 106 00a0 01       		.uleb128 0x1
 107 00a1 01       		.byte	0x1
 108 00a2 08       		.byte	0x8
 109 00a3 FD010000 		.4byte	.LASF14
 110 00a7 01       		.uleb128 0x1
 111 00a8 01       		.byte	0x1
 112 00a9 02       		.byte	0x2
 113 00aa A7020000 		.4byte	.LASF15
 114 00ae 09       		.uleb128 0x9
ARM GAS  C:\Users\Ridwane\AppData\Local\Temp\ccinGG1u.s 			page 3


 115 00af 04       		.byte	0x4
 116 00b0 5B       		.byte	0x5b
 117 00b1 05       		.byte	0x5
 118 00b2 CE000000 		.4byte	0xce
 119 00b6 06       		.uleb128 0x6
 120 00b7 73657400 		.ascii	"set\000"
 121 00bb 5C       		.byte	0x5c
 122 00bc 83000000 		.4byte	0x83
 123 00c0 00       		.byte	0
 124 00c1 02       		.uleb128 0x2
 125 00c2 16000000 		.4byte	.LASF16
 126 00c6 5D       		.byte	0x5d
 127 00c7 19       		.byte	0x19
 128 00c8 83000000 		.4byte	0x83
 129 00cc 02       		.byte	0x2
 130 00cd 00       		.byte	0
 131 00ce 0D       		.uleb128 0xd
 132 00cf 04       		.byte	0x4
 133 00d0 03       		.byte	0x3
 134 00d1 59       		.byte	0x59
 135 00d2 0C       		.byte	0xc
 136 00d3 EA000000 		.4byte	0xea
 137 00d7 0A       		.uleb128 0xa
 138 00d8 5700     		.ascii	"W\000"
 139 00da 5A       		.byte	0x5a
 140 00db 19       		.byte	0x19
 141 00dc 8F000000 		.4byte	0x8f
 142 00e0 0A       		.uleb128 0xa
 143 00e1 4800     		.ascii	"H\000"
 144 00e3 5E       		.byte	0x5e
 145 00e4 07       		.byte	0x7
 146 00e5 AE000000 		.4byte	0xae
 147 00e9 00       		.byte	0
 148 00ea 08       		.uleb128 0x8
 149 00eb CE000000 		.4byte	0xce
 150 00ef 09       		.uleb128 0x9
 151 00f0 28       		.byte	0x28
 152 00f1 51       		.byte	0x51
 153 00f2 09       		.byte	0x9
 154 00f3 6E010000 		.4byte	0x16e
 155 00f7 02       		.uleb128 0x2
 156 00f8 1C000000 		.4byte	.LASF17
 157 00fc 53       		.byte	0x53
 158 00fd 19       		.byte	0x19
 159 00fe 9B000000 		.4byte	0x9b
 160 0102 00       		.byte	0
 161 0103 02       		.uleb128 0x2
 162 0104 35000000 		.4byte	.LASF18
 163 0108 54       		.byte	0x54
 164 0109 19       		.byte	0x19
 165 010a 9B000000 		.4byte	0x9b
 166 010e 04       		.byte	0x4
 167 010f 02       		.uleb128 0x2
 168 0110 0E000000 		.4byte	.LASF19
 169 0114 55       		.byte	0x55
 170 0115 19       		.byte	0x19
 171 0116 9B000000 		.4byte	0x9b
ARM GAS  C:\Users\Ridwane\AppData\Local\Temp\ccinGG1u.s 			page 4


 172 011a 08       		.byte	0x8
 173 011b 02       		.uleb128 0x2
 174 011c 26020000 		.4byte	.LASF20
 175 0120 56       		.byte	0x56
 176 0121 19       		.byte	0x19
 177 0122 9B000000 		.4byte	0x9b
 178 0126 0C       		.byte	0xc
 179 0127 06       		.uleb128 0x6
 180 0128 49445200 		.ascii	"IDR\000"
 181 012c 57       		.byte	0x57
 182 012d 9B000000 		.4byte	0x9b
 183 0131 10       		.byte	0x10
 184 0132 06       		.uleb128 0x6
 185 0133 4F445200 		.ascii	"ODR\000"
 186 0137 58       		.byte	0x58
 187 0138 9B000000 		.4byte	0x9b
 188 013c 14       		.byte	0x14
 189 013d 02       		.uleb128 0x2
 190 013e 30000000 		.4byte	.LASF21
 191 0142 5F       		.byte	0x5f
 192 0143 05       		.byte	0x5
 193 0144 EA000000 		.4byte	0xea
 194 0148 18       		.byte	0x18
 195 0149 02       		.uleb128 0x2
 196 014a 07020000 		.4byte	.LASF22
 197 014e 60       		.byte	0x60
 198 014f 19       		.byte	0x19
 199 0150 9B000000 		.4byte	0x9b
 200 0154 1C       		.byte	0x1c
 201 0155 02       		.uleb128 0x2
 202 0156 6D010000 		.4byte	.LASF23
 203 015a 61       		.byte	0x61
 204 015b 19       		.byte	0x19
 205 015c 9B000000 		.4byte	0x9b
 206 0160 20       		.byte	0x20
 207 0161 02       		.uleb128 0x2
 208 0162 43010000 		.4byte	.LASF24
 209 0166 62       		.byte	0x62
 210 0167 19       		.byte	0x19
 211 0168 9B000000 		.4byte	0x9b
 212 016c 24       		.byte	0x24
 213 016d 00       		.byte	0
 214 016e 03       		.uleb128 0x3
 215 016f 0D020000 		.4byte	.LASF25
 216 0173 03       		.byte	0x3
 217 0174 63       		.byte	0x63
 218 0175 03       		.byte	0x3
 219 0176 EF000000 		.4byte	0xef
 220 017a 03       		.uleb128 0x3
 221 017b 4D000000 		.4byte	.LASF26
 222 017f 04       		.byte	0x4
 223 0180 C2       		.byte	0xc2
 224 0181 12       		.byte	0x12
 225 0182 8F000000 		.4byte	0x8f
 226 0186 03       		.uleb128 0x3
 227 0187 5A000000 		.4byte	.LASF27
 228 018b 04       		.byte	0x4
ARM GAS  C:\Users\Ridwane\AppData\Local\Temp\ccinGG1u.s 			page 5


 229 018c C7       		.byte	0xc7
 230 018d 12       		.byte	0x12
 231 018e 8F000000 		.4byte	0x8f
 232 0192 03       		.uleb128 0x3
 233 0193 6F020000 		.4byte	.LASF28
 234 0197 04       		.byte	0x4
 235 0198 D9       		.byte	0xd9
 236 0199 18       		.byte	0x18
 237 019a 9E010000 		.4byte	0x19e
 238 019e 0E       		.uleb128 0xe
 239 019f 04       		.byte	0x4
 240 01a0 6E010000 		.4byte	0x16e
 241 01a4 0F       		.uleb128 0xf
 242 01a5 D5010000 		.4byte	.LASF41
 243 01a9 05       		.byte	0x5
 244 01aa 59       		.byte	0x59
 245 01ab 06       		.byte	0x6
 246 01ac 3F020000 		.4byte	0x23f
 247 01b0 07       		.uleb128 0x7
 248 01b1 6A020000 		.4byte	.LASF29
 249 01b5 59       		.byte	0x59
 250 01b6 27       		.byte	0x27
 251 01b7 92010000 		.4byte	0x192
 252 01bb 07       		.uleb128 0x7
 253 01bc 65020000 		.4byte	.LASF30
 254 01c0 5A       		.byte	0x5a
 255 01c1 29       		.byte	0x29
 256 01c2 7A010000 		.4byte	0x17a
 257 01c6 07       		.uleb128 0x7
 258 01c7 02020000 		.4byte	.LASF31
 259 01cb 5B       		.byte	0x5b
 260 01cc 25       		.byte	0x25
 261 01cd 86010000 		.4byte	0x186
 262 01d1 04       		.uleb128 0x4
 263 01d2 95020000 		.4byte	.LASF32
 264 01d6 5D       		.byte	0x5d
 265 01d7 0C       		.byte	0xc
 266 01d8 8F000000 		.4byte	0x8f
 267 01dc 04       		.uleb128 0x4
 268 01dd 46000000 		.4byte	.LASF33
 269 01e1 5E       		.byte	0x5e
 270 01e2 0C       		.byte	0xc
 271 01e3 8F000000 		.4byte	0x8f
 272 01e7 04       		.uleb128 0x4
 273 01e8 2C020000 		.4byte	.LASF34
 274 01ec 5F       		.byte	0x5f
 275 01ed 0C       		.byte	0xc
 276 01ee 8F000000 		.4byte	0x8f
 277 01f2 04       		.uleb128 0x4
 278 01f3 CF010000 		.4byte	.LASF35
 279 01f7 60       		.byte	0x60
 280 01f8 0C       		.byte	0xc
 281 01f9 8F000000 		.4byte	0x8f
 282 01fd 04       		.uleb128 0x4
 283 01fe F8010000 		.4byte	.LASF36
 284 0202 61       		.byte	0x61
 285 0203 0C       		.byte	0xc
ARM GAS  C:\Users\Ridwane\AppData\Local\Temp\ccinGG1u.s 			page 6


 286 0204 8F000000 		.4byte	0x8f
 287 0208 05       		.uleb128 0x5
 288 0209 62697400 		.ascii	"bit\000"
 289 020d 62       		.byte	0x62
 290 020e 0C       		.byte	0xc
 291 020f 8F000000 		.4byte	0x8f
 292 0213 10       		.uleb128 0x10
 293 0214 04       		.uleb128 0x4
 294 0215 BB010000 		.4byte	.LASF37
 295 0219 65       		.byte	0x65
 296 021a 10       		.byte	0x10
 297 021b 8F000000 		.4byte	0x8f
 298 021f 05       		.uleb128 0x5
 299 0220 6D3100   		.ascii	"m1\000"
 300 0223 65       		.byte	0x65
 301 0224 1A       		.byte	0x1a
 302 0225 8F000000 		.4byte	0x8f
 303 0229 05       		.uleb128 0x5
 304 022a 6D3200   		.ascii	"m2\000"
 305 022d 65       		.byte	0x65
 306 022e 1E       		.byte	0x1e
 307 022f 8F000000 		.4byte	0x8f
 308 0233 05       		.uleb128 0x5
 309 0234 6D3400   		.ascii	"m4\000"
 310 0237 65       		.byte	0x65
 311 0238 22       		.byte	0x22
 312 0239 8F000000 		.4byte	0x8f
 313 023d 00       		.byte	0
 314 023e 00       		.byte	0
 315 023f 11       		.uleb128 0x11
 316 0240 22000000 		.4byte	.LASF42
 317 0244 05       		.byte	0x5
 318 0245 41       		.byte	0x41
 319 0246 06       		.byte	0x6
 320 0247 00       		.byte	0
 321              		.section	.gnu.debuglto_.debug_abbrev,"e",%progbits
 322              	.Ldebug_abbrev0:
 323 0000 01       		.uleb128 0x1
 324 0001 24       		.uleb128 0x24
 325 0002 00       		.byte	0
 326 0003 0B       		.uleb128 0xb
 327 0004 0B       		.uleb128 0xb
 328 0005 3E       		.uleb128 0x3e
 329 0006 0B       		.uleb128 0xb
 330 0007 03       		.uleb128 0x3
 331 0008 0E       		.uleb128 0xe
 332 0009 00       		.byte	0
 333 000a 00       		.byte	0
 334 000b 02       		.uleb128 0x2
 335 000c 0D       		.uleb128 0xd
 336 000d 00       		.byte	0
 337 000e 03       		.uleb128 0x3
 338 000f 0E       		.uleb128 0xe
 339 0010 3A       		.uleb128 0x3a
 340 0011 21       		.uleb128 0x21
 341 0012 03       		.sleb128 3
 342 0013 3B       		.uleb128 0x3b
ARM GAS  C:\Users\Ridwane\AppData\Local\Temp\ccinGG1u.s 			page 7


 343 0014 0B       		.uleb128 0xb
 344 0015 39       		.uleb128 0x39
 345 0016 0B       		.uleb128 0xb
 346 0017 49       		.uleb128 0x49
 347 0018 13       		.uleb128 0x13
 348 0019 38       		.uleb128 0x38
 349 001a 0B       		.uleb128 0xb
 350 001b 00       		.byte	0
 351 001c 00       		.byte	0
 352 001d 03       		.uleb128 0x3
 353 001e 16       		.uleb128 0x16
 354 001f 00       		.byte	0
 355 0020 03       		.uleb128 0x3
 356 0021 0E       		.uleb128 0xe
 357 0022 3A       		.uleb128 0x3a
 358 0023 0B       		.uleb128 0xb
 359 0024 3B       		.uleb128 0x3b
 360 0025 0B       		.uleb128 0xb
 361 0026 39       		.uleb128 0x39
 362 0027 0B       		.uleb128 0xb
 363 0028 49       		.uleb128 0x49
 364 0029 13       		.uleb128 0x13
 365 002a 00       		.byte	0
 366 002b 00       		.byte	0
 367 002c 04       		.uleb128 0x4
 368 002d 34       		.uleb128 0x34
 369 002e 00       		.byte	0
 370 002f 03       		.uleb128 0x3
 371 0030 0E       		.uleb128 0xe
 372 0031 3A       		.uleb128 0x3a
 373 0032 21       		.uleb128 0x21
 374 0033 05       		.sleb128 5
 375 0034 3B       		.uleb128 0x3b
 376 0035 0B       		.uleb128 0xb
 377 0036 39       		.uleb128 0x39
 378 0037 0B       		.uleb128 0xb
 379 0038 49       		.uleb128 0x49
 380 0039 13       		.uleb128 0x13
 381 003a 00       		.byte	0
 382 003b 00       		.byte	0
 383 003c 05       		.uleb128 0x5
 384 003d 34       		.uleb128 0x34
 385 003e 00       		.byte	0
 386 003f 03       		.uleb128 0x3
 387 0040 08       		.uleb128 0x8
 388 0041 3A       		.uleb128 0x3a
 389 0042 21       		.uleb128 0x21
 390 0043 05       		.sleb128 5
 391 0044 3B       		.uleb128 0x3b
 392 0045 0B       		.uleb128 0xb
 393 0046 39       		.uleb128 0x39
 394 0047 0B       		.uleb128 0xb
 395 0048 49       		.uleb128 0x49
 396 0049 13       		.uleb128 0x13
 397 004a 00       		.byte	0
 398 004b 00       		.byte	0
 399 004c 06       		.uleb128 0x6
ARM GAS  C:\Users\Ridwane\AppData\Local\Temp\ccinGG1u.s 			page 8


 400 004d 0D       		.uleb128 0xd
 401 004e 00       		.byte	0
 402 004f 03       		.uleb128 0x3
 403 0050 08       		.uleb128 0x8
 404 0051 3A       		.uleb128 0x3a
 405 0052 21       		.uleb128 0x21
 406 0053 03       		.sleb128 3
 407 0054 3B       		.uleb128 0x3b
 408 0055 0B       		.uleb128 0xb
 409 0056 39       		.uleb128 0x39
 410 0057 21       		.uleb128 0x21
 411 0058 19       		.sleb128 25
 412 0059 49       		.uleb128 0x49
 413 005a 13       		.uleb128 0x13
 414 005b 38       		.uleb128 0x38
 415 005c 0B       		.uleb128 0xb
 416 005d 00       		.byte	0
 417 005e 00       		.byte	0
 418 005f 07       		.uleb128 0x7
 419 0060 05       		.uleb128 0x5
 420 0061 00       		.byte	0
 421 0062 03       		.uleb128 0x3
 422 0063 0E       		.uleb128 0xe
 423 0064 3A       		.uleb128 0x3a
 424 0065 21       		.uleb128 0x21
 425 0066 05       		.sleb128 5
 426 0067 3B       		.uleb128 0x3b
 427 0068 0B       		.uleb128 0xb
 428 0069 39       		.uleb128 0x39
 429 006a 0B       		.uleb128 0xb
 430 006b 49       		.uleb128 0x49
 431 006c 13       		.uleb128 0x13
 432 006d 00       		.byte	0
 433 006e 00       		.byte	0
 434 006f 08       		.uleb128 0x8
 435 0070 35       		.uleb128 0x35
 436 0071 00       		.byte	0
 437 0072 49       		.uleb128 0x49
 438 0073 13       		.uleb128 0x13
 439 0074 00       		.byte	0
 440 0075 00       		.byte	0
 441 0076 09       		.uleb128 0x9
 442 0077 13       		.uleb128 0x13
 443 0078 01       		.byte	0x1
 444 0079 0B       		.uleb128 0xb
 445 007a 0B       		.uleb128 0xb
 446 007b 3A       		.uleb128 0x3a
 447 007c 21       		.uleb128 0x21
 448 007d 03       		.sleb128 3
 449 007e 3B       		.uleb128 0x3b
 450 007f 0B       		.uleb128 0xb
 451 0080 39       		.uleb128 0x39
 452 0081 0B       		.uleb128 0xb
 453 0082 01       		.uleb128 0x1
 454 0083 13       		.uleb128 0x13
 455 0084 00       		.byte	0
 456 0085 00       		.byte	0
ARM GAS  C:\Users\Ridwane\AppData\Local\Temp\ccinGG1u.s 			page 9


 457 0086 0A       		.uleb128 0xa
 458 0087 0D       		.uleb128 0xd
 459 0088 00       		.byte	0
 460 0089 03       		.uleb128 0x3
 461 008a 08       		.uleb128 0x8
 462 008b 3A       		.uleb128 0x3a
 463 008c 21       		.uleb128 0x21
 464 008d 03       		.sleb128 3
 465 008e 3B       		.uleb128 0x3b
 466 008f 0B       		.uleb128 0xb
 467 0090 39       		.uleb128 0x39
 468 0091 0B       		.uleb128 0xb
 469 0092 49       		.uleb128 0x49
 470 0093 13       		.uleb128 0x13
 471 0094 00       		.byte	0
 472 0095 00       		.byte	0
 473 0096 0B       		.uleb128 0xb
 474 0097 11       		.uleb128 0x11
 475 0098 01       		.byte	0x1
 476 0099 25       		.uleb128 0x25
 477 009a 0E       		.uleb128 0xe
 478 009b 13       		.uleb128 0x13
 479 009c 0B       		.uleb128 0xb
 480 009d 03       		.uleb128 0x3
 481 009e 0E       		.uleb128 0xe
 482 009f 1B       		.uleb128 0x1b
 483 00a0 0E       		.uleb128 0xe
 484 00a1 10       		.uleb128 0x10
 485 00a2 17       		.uleb128 0x17
 486 00a3 00       		.byte	0
 487 00a4 00       		.byte	0
 488 00a5 0C       		.uleb128 0xc
 489 00a6 24       		.uleb128 0x24
 490 00a7 00       		.byte	0
 491 00a8 0B       		.uleb128 0xb
 492 00a9 0B       		.uleb128 0xb
 493 00aa 3E       		.uleb128 0x3e
 494 00ab 0B       		.uleb128 0xb
 495 00ac 03       		.uleb128 0x3
 496 00ad 08       		.uleb128 0x8
 497 00ae 00       		.byte	0
 498 00af 00       		.byte	0
 499 00b0 0D       		.uleb128 0xd
 500 00b1 17       		.uleb128 0x17
 501 00b2 01       		.byte	0x1
 502 00b3 0B       		.uleb128 0xb
 503 00b4 0B       		.uleb128 0xb
 504 00b5 3A       		.uleb128 0x3a
 505 00b6 0B       		.uleb128 0xb
 506 00b7 3B       		.uleb128 0x3b
 507 00b8 0B       		.uleb128 0xb
 508 00b9 39       		.uleb128 0x39
 509 00ba 0B       		.uleb128 0xb
 510 00bb 01       		.uleb128 0x1
 511 00bc 13       		.uleb128 0x13
 512 00bd 00       		.byte	0
 513 00be 00       		.byte	0
ARM GAS  C:\Users\Ridwane\AppData\Local\Temp\ccinGG1u.s 			page 10


 514 00bf 0E       		.uleb128 0xe
 515 00c0 0F       		.uleb128 0xf
 516 00c1 00       		.byte	0
 517 00c2 0B       		.uleb128 0xb
 518 00c3 0B       		.uleb128 0xb
 519 00c4 49       		.uleb128 0x49
 520 00c5 13       		.uleb128 0x13
 521 00c6 00       		.byte	0
 522 00c7 00       		.byte	0
 523 00c8 0F       		.uleb128 0xf
 524 00c9 2E       		.uleb128 0x2e
 525 00ca 01       		.byte	0x1
 526 00cb 3F       		.uleb128 0x3f
 527 00cc 19       		.uleb128 0x19
 528 00cd 03       		.uleb128 0x3
 529 00ce 0E       		.uleb128 0xe
 530 00cf 3A       		.uleb128 0x3a
 531 00d0 0B       		.uleb128 0xb
 532 00d1 3B       		.uleb128 0x3b
 533 00d2 0B       		.uleb128 0xb
 534 00d3 39       		.uleb128 0x39
 535 00d4 0B       		.uleb128 0xb
 536 00d5 27       		.uleb128 0x27
 537 00d6 19       		.uleb128 0x19
 538 00d7 01       		.uleb128 0x1
 539 00d8 13       		.uleb128 0x13
 540 00d9 00       		.byte	0
 541 00da 00       		.byte	0
 542 00db 10       		.uleb128 0x10
 543 00dc 0B       		.uleb128 0xb
 544 00dd 01       		.byte	0x1
 545 00de 00       		.byte	0
 546 00df 00       		.byte	0
 547 00e0 11       		.uleb128 0x11
 548 00e1 2E       		.uleb128 0x2e
 549 00e2 00       		.byte	0
 550 00e3 3F       		.uleb128 0x3f
 551 00e4 19       		.uleb128 0x19
 552 00e5 03       		.uleb128 0x3
 553 00e6 0E       		.uleb128 0xe
 554 00e7 3A       		.uleb128 0x3a
 555 00e8 0B       		.uleb128 0xb
 556 00e9 3B       		.uleb128 0x3b
 557 00ea 0B       		.uleb128 0xb
 558 00eb 39       		.uleb128 0x39
 559 00ec 0B       		.uleb128 0xb
 560 00ed 27       		.uleb128 0x27
 561 00ee 19       		.uleb128 0x19
 562 00ef 00       		.byte	0
 563 00f0 00       		.byte	0
 564 00f1 00       		.byte	0
 565              		.section	.gnu.debuglto_.debug_line,"e",%progbits
 566              	.Ldebug_line0:
 567 0000 52000000 		.4byte	.LELT0-.LSLT0
 568              	.LSLT0:
 569 0004 0500     		.2byte	0x5
 570 0006 04       		.byte	0x4
ARM GAS  C:\Users\Ridwane\AppData\Local\Temp\ccinGG1u.s 			page 11


 571 0007 00       		.byte	0
 572 0008 4A000000 		.4byte	.LELTP0-.LASLTP0
 573              	.LASLTP0:
 574 000c 01       		.byte	0x1
 575 000d 01       		.byte	0x1
 576 000e 01       		.byte	0x1
 577 000f F6       		.byte	0xf6
 578 0010 F2       		.byte	0xf2
 579 0011 0D       		.byte	0xd
 580 0012 00       		.byte	0
 581 0013 01       		.byte	0x1
 582 0014 01       		.byte	0x1
 583 0015 01       		.byte	0x1
 584 0016 01       		.byte	0x1
 585 0017 00       		.byte	0
 586 0018 00       		.byte	0
 587 0019 00       		.byte	0
 588 001a 01       		.byte	0x1
 589 001b 00       		.byte	0
 590 001c 00       		.byte	0
 591 001d 01       		.byte	0x1
 592 001e 01       		.byte	0x1
 593 001f 01       		.uleb128 0x1
 594 0020 1F       		.uleb128 0x1f
 595 0021 04       		.uleb128 0x4
 596 0022 5C010000 		.4byte	.LASF43
 597 0026 BD000000 		.4byte	.LASF44
 598 002a ED000000 		.4byte	.LASF45
 599 002e 0D000000 		.4byte	.LASF46
 600 0032 02       		.byte	0x2
 601 0033 01       		.uleb128 0x1
 602 0034 1F       		.uleb128 0x1f
 603 0035 02       		.uleb128 0x2
 604 0036 0B       		.uleb128 0xb
 605 0037 06       		.uleb128 0x6
 606 0038 71000000 		.4byte	.LASF47
 607 003c 00       		.byte	0
 608 003d 60000000 		.4byte	.LASF48
 609 0041 02       		.byte	0x2
 610 0042 52010000 		.4byte	.LASF49
 611 0046 03       		.byte	0x3
 612 0047 00000000 		.4byte	.LASF50
 613 004b 01       		.byte	0x1
 614 004c 44010000 		.4byte	.LASF51
 615 0050 01       		.byte	0x1
 616 0051 AF000000 		.4byte	.LASF52
 617 0055 01       		.byte	0x1
 618              	.LELTP0:
 619              	.LELT0:
 620              		.section	.gnu.debuglto_.debug_str,"eMS",%progbits,1
 621              	.LASF1:
 622 0000 6C6F6E67 		.ascii	"long long int\000"
 622      206C6F6E 
 622      6720696E 
 622      7400
 623              	.LASF19:
 624 000e 4F535045 		.ascii	"OSPEEDR\000"
ARM GAS  C:\Users\Ridwane\AppData\Local\Temp\ccinGG1u.s 			page 12


 624      45445200 
 625              	.LASF16:
 626 0016 636C6561 		.ascii	"clear\000"
 626      7200
 627              	.LASF17:
 628 001c 4D4F4445 		.ascii	"MODER\000"
 628      5200
 629              	.LASF42:
 630 0022 5F70616C 		.ascii	"_pal_lld_init\000"
 630      5F6C6C64 
 630      5F696E69 
 630      7400
 631              	.LASF21:
 632 0030 42535252 		.ascii	"BSRR\000"
 632      00
 633              	.LASF18:
 634 0035 4F545950 		.ascii	"OTYPER\000"
 634      455200
 635              	.LASF5:
 636 003c 73686F72 		.ascii	"short int\000"
 636      7420696E 
 636      7400
 637              	.LASF33:
 638 0046 6F747970 		.ascii	"otyper\000"
 638      657200
 639              	.LASF26:
 640 004d 696F706F 		.ascii	"ioportmask_t\000"
 640      72746D61 
 640      736B5F74 
 640      00
 641              	.LASF27:
 642 005a 696F6D6F 		.ascii	"iomode_t\000"
 642      64655F74 
 642      00
 643              	.LASF4:
 644 0063 756E7369 		.ascii	"unsigned char\000"
 644      676E6564 
 644      20636861 
 644      7200
 645              	.LASF38:
 646 0071 474E5520 		.ascii	"GNU C17 11.3.1 20220712 -mcpu=cortex-m4 -mthumb -mf"
 646      43313720 
 646      31312E33 
 646      2E312032 
 646      30323230 
 647 00a4 6C6F6174 		.ascii	"loat-abi=softfp -mfpu=fpv4-sp-d16 -march=armv7e-m+f"
 647      2D616269 
 647      3D736F66 
 647      74667020 
 647      2D6D6670 
 648 00d7 70202D67 		.ascii	"p -ggdb -O2 -fomit-frame-pointer -falign-functions="
 648      67646220 
 648      2D4F3220 
 648      2D666F6D 
 648      69742D66 
 649 010a 3136202D 		.ascii	"16 -ffunction-sections -fdata-sections -fno-common "
 649      6666756E 
ARM GAS  C:\Users\Ridwane\AppData\Local\Temp\ccinGG1u.s 			page 13


 649      6374696F 
 649      6E2D7365 
 649      6374696F 
 650 013d 2D666C74 		.ascii	"-flto\000"
 650      6F00
 651              	.LASF24:
 652 0143 41465248 		.ascii	"AFRH\000"
 652      00
 653              	.LASF10:
 654 0148 6C6F6E67 		.ascii	"long unsigned int\000"
 654      20756E73 
 654      69676E65 
 654      6420696E 
 654      7400
 655              	.LASF6:
 656 015a 73686F72 		.ascii	"short unsigned int\000"
 656      7420756E 
 656      7369676E 
 656      65642069 
 656      6E7400
 657              	.LASF23:
 658 016d 4146524C 		.ascii	"AFRL\000"
 658      00
 659              	.LASF39:
 660 0172 2E2E2F2E 		.ascii	"../../chibios2111/os/hal/ports/STM32/LLD/GPIOv2/hal"
 660      2E2F6368 
 660      6962696F 
 660      73323131 
 660      312F6F73 
 661 01a5 5F70616C 		.ascii	"_pal_lld.c\000"
 661      5F6C6C64 
 661      2E6300
 662              	.LASF8:
 663 01b0 5F5F7569 		.ascii	"__uint16_t\000"
 663      6E743136 
 663      5F7400
 664              	.LASF37:
 665 01bb 616C7472 		.ascii	"altrmask\000"
 665      6D61736B 
 665      00
 666              	.LASF9:
 667 01c4 5F5F7569 		.ascii	"__uint32_t\000"
 667      6E743332 
 667      5F7400
 668              	.LASF35:
 669 01cf 70757064 		.ascii	"pupdr\000"
 669      7200
 670              	.LASF41:
 671 01d5 5F70616C 		.ascii	"_pal_lld_setgroupmode\000"
 671      5F6C6C64 
 671      5F736574 
 671      67726F75 
 671      706D6F64 
 672              	.LASF0:
 673 01eb 756E7369 		.ascii	"unsigned int\000"
 673      676E6564 
 673      20696E74 
ARM GAS  C:\Users\Ridwane\AppData\Local\Temp\ccinGG1u.s 			page 14


 673      00
 674              	.LASF36:
 675 01f8 616C7472 		.ascii	"altr\000"
 675      00
 676              	.LASF14:
 677 01fd 63686172 		.ascii	"char\000"
 677      00
 678              	.LASF31:
 679 0202 6D6F6465 		.ascii	"mode\000"
 679      00
 680              	.LASF22:
 681 0207 4C4F434B 		.ascii	"LOCKR\000"
 681      5200
 682              	.LASF25:
 683 020d 73746D33 		.ascii	"stm32_gpio_t\000"
 683      325F6770 
 683      696F5F74 
 683      00
 684              	.LASF2:
 685 021a 6C6F6E67 		.ascii	"long double\000"
 685      20646F75 
 685      626C6500 
 686              	.LASF20:
 687 0226 50555044 		.ascii	"PUPDR\000"
 687      5200
 688              	.LASF34:
 689 022c 6F737065 		.ascii	"ospeedr\000"
 689      65647200 
 690              	.LASF40:
 691 0234 433A5C43 		.ascii	"C:\\ChibiStudio\\workspace_user\\CRYSTALS-Dilithium"
 691      68696269 
 691      53747564 
 691      696F5C77 
 691      6F726B73 
 692 0264 00       		.ascii	"\000"
 693              	.LASF30:
 694 0265 6D61736B 		.ascii	"mask\000"
 694      00
 695              	.LASF29:
 696 026a 706F7274 		.ascii	"port\000"
 696      00
 697              	.LASF28:
 698 026f 696F706F 		.ascii	"ioportid_t\000"
 698      72746964 
 698      5F7400
 699              	.LASF12:
 700 027a 75696E74 		.ascii	"uint16_t\000"
 700      31365F74 
 700      00
 701              	.LASF13:
 702 0283 75696E74 		.ascii	"uint32_t\000"
 702      33325F74 
 702      00
 703              	.LASF7:
 704 028c 6C6F6E67 		.ascii	"long int\000"
 704      20696E74 
 704      00
ARM GAS  C:\Users\Ridwane\AppData\Local\Temp\ccinGG1u.s 			page 15


 705              	.LASF32:
 706 0295 6D6F6465 		.ascii	"moder\000"
 706      7200
 707              	.LASF3:
 708 029b 7369676E 		.ascii	"signed char\000"
 708      65642063 
 708      68617200 
 709              	.LASF15:
 710 02a7 5F426F6F 		.ascii	"_Bool\000"
 710      6C00
 711              	.LASF11:
 712 02ad 6C6F6E67 		.ascii	"long long unsigned int\000"
 712      206C6F6E 
 712      6720756E 
 712      7369676E 
 712      65642069 
 713              		.section	.gnu.debuglto_.debug_line_str,"eMS",%progbits,1
 714              	.LASF50:
 715 0000 73746D33 		.ascii	"stm32_gpio.h\000"
 715      325F6770 
 715      696F2E68 
 715      00
 716              	.LASF46:
 717 000d 633A5C63 		.ascii	"c:\\chibistudio\\tools\\gnu tools arm embedded\\11."
 717      68696269 
 717      73747564 
 717      696F5C74 
 717      6F6F6C73 
 718 003c 33203230 		.ascii	"3 2022.08\\arm-none-eabi\\include\\sys\000"
 718      32322E30 
 718      385C6172 
 718      6D2D6E6F 
 718      6E652D65 
 719              	.LASF48:
 720 0060 5F646566 		.ascii	"_default_types.h\000"
 720      61756C74 
 720      5F747970 
 720      65732E68 
 720      00
 721              	.LASF47:
 722 0071 2E2E2F2E 		.ascii	"../../chibios2111/os/hal/ports/STM32/LLD/GPIOv2/hal"
 722      2E2F6368 
 722      6962696F 
 722      73323131 
 722      312F6F73 
 723 00a4 5F70616C 		.ascii	"_pal_lld.c\000"
 723      5F6C6C64 
 723      2E6300
 724              	.LASF52:
 725 00af 68616C5F 		.ascii	"hal_pal_lld.c\000"
 725      70616C5F 
 725      6C6C642E 
 725      6300
 726              	.LASF44:
 727 00bd 2E2E2F2E 		.ascii	"../../chibios2111/os/hal/ports/STM32/LLD/GPIOv2\000"
 727      2E2F6368 
 727      6962696F 
ARM GAS  C:\Users\Ridwane\AppData\Local\Temp\ccinGG1u.s 			page 16


 727      73323131 
 727      312F6F73 
 728              	.LASF45:
 729 00ed 633A5C63 		.ascii	"c:\\chibistudio\\tools\\gnu tools arm embedded\\11."
 729      68696269 
 729      73747564 
 729      696F5C74 
 729      6F6F6C73 
 730 011c 33203230 		.ascii	"3 2022.08\\arm-none-eabi\\include\\machine\000"
 730      32322E30 
 730      385C6172 
 730      6D2D6E6F 
 730      6E652D65 
 731              	.LASF51:
 732 0144 68616C5F 		.ascii	"hal_pal_lld.h\000"
 732      70616C5F 
 732      6C6C642E 
 732      6800
 733              	.LASF49:
 734 0152 5F737464 		.ascii	"_stdint.h\000"
 734      696E742E 
 734      6800
 735              	.LASF43:
 736 015c 433A5C43 		.ascii	"C:\\ChibiStudio\\workspace_user\\CRYSTALS-Dilithium"
 736      68696269 
 736      53747564 
 736      696F5C77 
 736      6F726B73 
 737 018c 00       		.ascii	"\000"
 738              		.text
 739              		.section	.gnu.lto_.profile.9a33f35e,"e",%progbits
 740 0000 789C6362 		.ascii	"x\234cb\000\001\000\000\022\000\003"
 740      00010000 
 740      120003
 741              		.text
 742              		.section	.gnu.lto_.icf.9a33f35e,"e",%progbits
 743 0000 789C8B60 		.ascii	"x\234\213`@\000&\206\007\367v\317bb`<\266g[\007\237"
 743      40002686 
 743      07F776CF 
 743      6262603C 
 743      B6675B07 
 744 0015 0A130313 		.ascii	"\012\023\003\023#50\003\000\032\000\006\275"
 744      23353003 
 744      001A0006 
 744      BD
 745              		.text
 746              		.section	.gnu.lto_.ipa_sra.9a33f35e,"e",%progbits
 747 0000 789C1361 		.ascii	"x\234\023a@\000&\006\006FFf$\001\006F\006\000\003\030"
 747      40002606 
 747      06464666 
 747      24010646 
 747      06000318 
 748 0014 001D     		.ascii	"\000\035"
 749              		.text
 750              		.section	.gnu.lto_.inline.9a33f35e,"e",%progbits
 751 0000 789C458E 		.ascii	"x\234E\2161\012\0021\020E\377\374\0111\205\205\225\305"
 751      310A0231 
ARM GAS  C:\Users\Ridwane\AppData\Local\Temp\ccinGG1u.s 			page 17


 751      1045FFFC 
 751      09318585 
 751      95C5
 752 0012 9EC03378 		.ascii	"\236\3003x\236u\027\264\322\003\210\202\335\036\300"
 752      9E7517B4 
 752      D2038882 
 752      DD1EC0
 753 0021 5204ED44 		.ascii	"R\004\355D\254\024\002\226\333X\0109\202V\226\026\036"
 753      AC140296 
 753      DB580839 
 753      82569616 
 753      1E
 754 0032 C0C4147E 		.ascii	"\300\304\024~\246x<\230\231\177\300?\004t\021\303R\022"
 754      A6783C98 
 754      997FC03F 
 754      047411C3 
 754      5212
 755 0044 2F23CE01 		.ascii	"/#\316\001\233\025\223\002\004w<_\355\212\023QNI;\020"
 755      9B159302 
 755      04773C5F 
 755      ED8A1351 
 755      4E493B10 
 756 0058 424A2A22 		.ascii	"BJ*\")g\244\234%\013\271\010\205i\2533\334\370\360\340"
 756      2967A49C 
 756      250BB908 
 756      8569AB33 
 756      DCF8F0E0 
 757 006c 18E8BEDB 		.ascii	"\030\350\276\333\343G\253t\254\277_\373-k\364\362\007"
 757      E347AB74 
 757      ACBF5FFB 
 757      2D6BF4F2 
 757      07
 758 007d 1D39224E 		.ascii	"\0359\"N\021\371\244\265\203Cq\013\315U+\003\003\273"
 758      11F9A4B5 
 758      8343710B 
 758      CD552B03 
 758      03BB
 759 008f F3A1D1D2 		.ascii	"\363\241\321\322\020\346W\003_\366\331&\220"
 759      10E65703 
 759      5FF6D926 
 759      90
 760              		.text
 761              		.section	.gnu.lto_.jmpfuncs.9a33f35e,"e",%progbits
 762 0000 789C1361 		.ascii	"x\234\023a@\000& fdfddd\257gb\254gb\251gbb\000\000\016"
 762      40002620 
 762      66646664 
 762      6464AF67 
 762      62AC6762 
 763 001b 2801AF   		.ascii	"(\001\257"
 764              		.text
 765              		.section	.gnu.lto_.pureconst.9a33f35e,"e",%progbits
 766 0000 789C6367 		.ascii	"x\234cg```bh`a\234\305\002\000\0041\001-"
 766      60606062 
 766      6860619C 
 766      C5020004 
 766      31012D
 767              		.text
ARM GAS  C:\Users\Ridwane\AppData\Local\Temp\ccinGG1u.s 			page 18


 768              		.section	.gnu.lto_.ipa_modref.9a33f35e,"e",%progbits
 769 0000 789C2B62 		.ascii	"x\234+b@\000FFf\001\006\006\005\001\001\006F&V fc`c"
 769      40004646 
 769      66010606 
 769      05010106 
 769      46265620 
 770 0018 60645050 		.ascii	"`dPPP\000\222\007\030\300\324\003\010\325\300\004\246"
 770      50009207 
 770      18C0D403 
 770      08D5C004 
 770      A6
 771 0029 16402890 		.ascii	"\026@(\220\022r410\000\000*\026\012\012"
 771      12723431 
 771      3000002A 
 771      160A0A
 772              		.text
 773              		.section	.gnu.lto_.lto.9a33f35e,"e",%progbits
 774 0000 0B000300 		.ascii	"\013\000\003\000\001\000\000\000"
 774      01000000 
 775              		.text
 776              		.section	.gnu.lto__pal_lld_init.387.9a33f35e,"e",%progbits
 777 0000 789CCB67 		.ascii	"x\234\313g``(\002be fdf`\2344\261\213\211\241\241\241"
 777      60602802 
 777      62652066 
 777      6466609C 
 777      34B18B89 
 778 0017 C1819D89 		.ascii	"\301\201\235\211\261qb\027'\343vF0\217\221\241\236\211"
 778      B1716217 
 778      27E37646 
 778      308F91A1 
 778      9E89
 779 0029 B19E7121 		.ascii	"\261\236q!\263>\220\373\243uv\347a\306\206\025\007\030"
 779      B33E90FB 
 779      A37576E7 
 779      61C68615 
 779      0718
 780 003b 5F3130D4 		.ascii	"_10\3243@\0017\204\315\010\304\353/\261\036h\370\363"
 780      33400137 
 780      84CD08C4 
 780      EB2FB11E 
 780      68F8F3
 781 004e BFBFA1E1 		.ascii	"\277\277\241\341\352c\306Y\312L\014\014\363\230A\246"
 781      EA63C659 
 781      CA4C0C0C 
 781      F39841A6 
 782 005e 36B03036 		.ascii	"6\26006\034``\230\317\314\004\3414\0029\337\231\032"
 782      1C606098 
 782      CFCC04E1 
 782      340239DF 
 782      991A
 783 0070 9418FE33 		.ascii	"\224\030\37635)\200\015\231\307\314\210P\307\300`\350"
 783      3529800D 
 783      99C7CC88 
 783      50C7C060 
 783      E8
 784 0081 6C15E39C 		.ascii	"l\025\343\234\221\231\224\031\\R\232\222\231\037S\236"
 784      91999419 
ARM GAS  C:\Users\Ridwane\AppData\Local\Temp\ccinGG1u.s 			page 19


 784      5C529A92 
 784      991F539E 
 785 0091 5F945D5C 		.ascii	"_\224]\\\220\230\234\032_Z\234Z\024\343\034\024\031"
 785      90989C1A 
 785      5F5A9C5A 
 785      14E31C14 
 785      19
 786 00a2 1CE2E813 		.ascii	"\034\342\350\023\254\353\222\231\223Y\222\221Y\232\313"
 786      ACEB9299 
 786      93599291 
 786      599ACB
 787 00b1 60A7A7A7 		.ascii	"`\247\247\247\017D\311 M\371\305F\206\206\206\372\371"
 787      0F44C920 
 787      4DF9C546 
 787      868686FA 
 787      F9
 788 00c2 C5FA1989 		.ascii	"\305\372\031\2119\372\005\371E%\305\372\301!\276\306"
 788      39FA05F9 
 788      4525C5FA 
 788      C121BEC6 
 789 00d2 46FA3E3E 		.ascii	"F\372>>.\372\356\001\236\376eF \251\370\002 \316\311"
 789      2EFAEE01 
 789      9EFE6546 
 789      20A9F802 
 789      20CEC9
 790 00e5 49D14B66 		.ascii	"I\321Kf\000\000\232\361P\351"
 790      00009AF1 
 790      50E9
 791              		.text
 792              		.section	.gnu.lto__pal_lld_setgroupmode.388.9a33f35e,"e",%progbits
 793 0000 789C7D57 		.ascii	"x\234}W}L\225\327\031?\317y\336\373\305\205\213\326"
 793      7D4C95D7 
 793      193FCF79 
 793      DEFBC585 
 793      8BD6
 794 0012 CFAA45B0 		.ascii	"\317\252E\260j\375\000.\2276\200\266\2418\233,K@\240"
 794      6AFD002E 
 794      973680B6 
 794      A1389B2C 
 794      4B40A0
 795 0025 F69F2526 		.ascii	"\366\237%&\235\012\233L\010w\200\203\246\351\274~\300"
 795      9D0A9B4C 
 795      08778083 
 795      A6E9BC7E 
 795      C0
 796 0036 5D5C52B9 		.ascii	"]\\R\271b?\374(\2543Y0Y:\265Y\352'\243 \\K\347\020\321"
 796      623FFC28 
 796      AC335930 
 796      593AB559 
 796      EA27A320 
 797 004f B945AD99 		.ascii	"\271E\255\231\213\261v\303\0303\264S\321\375\316y\357"
 797      8BB176C3 
 797      1833B453 
 797      D1FDCE79 
 797      EF
 798 0060 7DEF4B42 		.ascii	"}\357KB0\376\270\347\341\371=\317\3579\3179\234\007"
 798      30FEB8E7 
ARM GAS  C:\Users\Ridwane\AppData\Local\Temp\ccinGG1u.s 			page 20


 798      E1F93DCF 
 798      EF39CF39 
 798      9C07
 799 0072 D2938518 		.ascii	"\322\223\205\030\024B<\004(U\320\236\310.)B\241P\221"
 799      14423C04 
 799      2855D09E 
 799      C82E2942 
 799      A15091
 800 0085 4B525B24 		.ascii	"KR[$I\257X\356\214\374F\322\327\004+\3358\330z3\203"
 800      49AF58EE 
 800      8CFC46D2 
 800      D7042BDD 
 800      38D87A33 
 801 009a 2E996B43 		.ascii	".\231kC6G\274\3779\364\317\031\306\276\326\233\264\367"
 801      3647BCFF 
 801      39F4CF19 
 801      C6BED69B 
 801      B4F7
 802 00ac 5AFB32C3 		.ascii	"Z\3732\303![\"^\355\014G|\372\323I\037\357\371\035\351"
 802      215B225E 
 802      ED0C477C 
 802      FAD3491F 
 802      EFF91DE9 
 803 00c0 4C2EB5CC 		.ascii	"L.\265\3140\363\273\351 \326f\246\"\227G\356o=f&=\200"
 803      30F3BBE9 
 803      20D666A6 
 803      229747EE 
 803      6F3D6626 
 804 00d6 547A91A4 		.ascii	"Tz\221\244\030\246\333\253\311f`\262\374\244\365X\006"
 804      18A6DBAB 
 804      C96660B2 
 804      FCA4F558 
 804      06
 805 00e7 CAF96C77 		.ascii	"\312\371lw\263\313h\007\373\342\275G\005F\012m\213\354"
 805      B3CB6807 
 805      FBE2BD47 
 805      05460A6D 
 805      8BEC
 806 00f9 BAD1E9D3 		.ascii	"\272\321\351\323\034\037\265\035\335u\373`\2166Hl\225"
 806      1C1FB51D 
 806      DD75FB60 
 806      8E36486C 
 806      95
 807 010a 6C389C2E 		.ascii	"l8\234.\267'\311\233\234\342#\230\"\361\357S\366\203"
 807      B727C99B 
 807      9CE22398 
 807      22F1EF53 
 807      F683
 808 011c F67DF381 		.ascii	"\366}\363\201\023\275\024\352\354\246\357\204\330jz"
 808      13BD14EA 
 808      ECA6EF84 
 808      D86A7A
 809 012b 1CE49C46 		.ascii	"\034\344\234F\006\276\316\240t\007\271\353EVw(ta\360"
 809      06BECEA0 
 809      7407B9EB 
 809      45567728 
 809      7461F0
ARM GAS  C:\Users\Ridwane\AppData\Local\Temp\ccinGG1u.s 			page 21


 810 013e 7828E411 		.ascii	"x(\344\021\357\235\244\255'\3508\011!\251\351\010\303"
 810      EF9DA4AD 
 810      27E83809 
 810      21A9E908 
 810      C3
 811 014f DD4ADA7F 		.ascii	"\335J\332\177\357\344\241\017}\255\364\356i\313/\233"
 811      EFE4A10F 
 811      7DADF4EE 
 811      69CB2F9B 
 812 015f 4E29FF07 		.ascii	"N)\377\0071\377\251Cm\360\277\323e\371\271\251\237\225"
 812      31FFA943 
 812      6DF0BFD3 
 812      65F9B9A9 
 812      9F95
 813 0171 987B3FE1 		.ascii	"\230{?\341\353r\305\031\330\021\366\265ns7v\307IB4\375"
 813      EB72C519 
 813      D811F6B5 
 813      6E733776 
 813      C7494234 
 814 0186 1A95B8DB 		.ascii	"\032\225\270\333\343\224#_\355\010\207\246\354Lo\354"
 814      E394235F 
 814      ED0887A6 
 814      EC4C6FEC 
 815 0196 B151C694 		.ascii	"\261Q\306\224\316!\213r.F9k\243\334W\224\303\026\345"
 815      CE218B72 
 815      2E46396B 
 815      A3DC5794 
 815      C316E5
 816 01a9 CF314ABF 		.ascii	"\3171J\277\215r[Q\216Z\224\256\030\345\234\215rMQ\216"
 816      8D725B51 
 816      8E5A94AE 
 816      18E59C8D 
 816      724D518E 
 817 01bd 5B943331 		.ascii	"[\22431\312\200\2152\304^\3615}EQ\352\243^\372\222T"
 817      CA808D32 
 817      C45EF135 
 817      7D4551EA 
 817      A35EFA92 
 818 01d2 5309515D 		.ascii	"S\011Q]\326&\317\367\356\321\233<o\213\372\\m\362\313"
 818      D626CFF7 
 818      EED19B3C 
 818      6F8BFA5C 
 818      6DF2CB
 819 01e5 38E54297 		.ascii	"8\345B\227\352uz\343\240\215qX1\316Z\214\223&c\310\306"
 819      EA757AE3 
 819      A08D7158 
 819      31CE5A8C 
 819      932663C8 
 820 01fa E8508CA8 		.ascii	"\350P\214\250\305\3504\031\3036\306^\303+.\321E\272"
 820      C5E83419 
 820      C336C65E 
 820      C32B2ED1 
 820      45BA
 821 020c 407F25F1 		.ascii	"@\177%\361\027\022Mm\006\034I4@t\216\250\237\350,Q\017"
 821      17124D6D 
 821      061C4934 
 821      40748EA8 
ARM GAS  C:\Users\Ridwane\AppData\Local\Temp\ccinGG1u.s 			page 22


 821      9FE82C51 
 822 0221 5137D130 		.ascii	"Q7\3210\321\020\321 \321y\372\343EGw\350\311\263\335"
 822      D110D120 
 822      D179FAE3 
 822      454777E8 
 822      C9B3DD
 823 0234 A1D08DB9 		.ascii	"\241\320\215\271W\257\375\336\363&\011\351\220\000\003"
 823      57AFFDDE 
 823      F32609E9 
 823      900003
 824 0243 06E0009C 		.ascii	"\006\340\000\234\200\013p\013\351\364\3403\011\237^"
 824      800B700B 
 824      E9F4E033 
 824      099F5E
 825 0252 2019EB14 		.ascii	" \031\353\024\300\007\244\002S\200\251\300s\3004`:0"
 825      C007A402 
 825      5380A9C0 
 825      73C03460 
 825      3A30
 826 0264 039809CC 		.ascii	"\003\230\011\314\002f\003\317\003s\200\271\300<\340"
 826      026603CF 
 826      037380B9 
 826      C03CE0
 827 0273 05200D98 		.ascii	"\005 \015\230\017\244\003\031\300\002\340E`!\260\010"
 827      0FA40319 
 827      C002E045 
 827      6021B008 
 828 0283 580CBC04 		.ascii	"X\014\274\004,\001\226\002\313\200\345@&\220%\3504e"
 828      2C019602 
 828      CB80E540 
 828      269025E8 
 828      3465
 829 0295 0BECD22F 		.ascii	"\013\354\322/\260\317\034\201\235\006\004\366\232+\260"
 829      B0CF1C81 
 829      9D0604F6 
 829      9A2BB0
 830 02a4 D53CA22E 		.ascii	"\325<\242.\312W\336\002\345]\241\274+\225\367U\201^"
 830      CA57DE02 
 830      E55DA1BC 
 830      2B95F755 
 830      815E
 831 02b6 BC46882D 		.ascii	"\274F\210-\024\350\307\353\002\035)\022\350\311*\201"
 831      14E8C7EB 
 831      021D2912 
 831      E8C92A81 
 832 02c6 AEFC80E8 		.ascii	"\256\374\200\350$\025\253\314%*l\215\012+Uae*U\271\312"
 832      2415ABCC 
 832      252A6C8D 
 832      0A2B5561 
 832      652A55B9 
 833 02db 2C443B8B 		.ascii	",D;\213{\217:\013(\324-D\007K\275\336\206\365C\031\272"
 833      7B8F3A0B 
 833      28D42D44 
 833      074BBDDE 
 833      86F54319 
 834 02f0 F9B89FC4 		.ascii	"\371\270\237\304c\271\343\343\360-\342|\316s.!\306\367"
 834      63B9E3E3 
ARM GAS  C:\Users\Ridwane\AppData\Local\Temp\ccinGG1u.s 			page 23


 834      F02DE27C 
 834      CE732E21 
 834      C6F7
 835 0302 B7A7239A 		.ascii	"\267\247#\232\3635c\314d<m\271\345d\002\343\232 i\205"
 835      F33563CC 
 835      643C6DB9 
 835      E56402E3 
 835      9A206985 
 836 0316 14302184 		.ascii	"\0240!\204\314\220s\260u\310\263x\310\210\223%\347Q"
 836      CC9073B0 
 836      75C8B378 
 836      C8889325 
 836      E751
 837 0328 96C55FC1 		.ascii	"\226\305_\301\222.\307\350\37505=\022M(\260\251\340"
 837      922EC7E8 
 837      FD30353D 
 837      124D28B0 
 837      A9E0
 838 033a B0225632 		.ascii	"\260\"V2[\021ga\352\210\266xD\237\213\0153\302eE\274"
 838      5B116761 
 838      EA88B678 
 838      449F8B0D 
 838      33C26545 
 839 034f CA066A4A 		.ascii	"\312\006jJ5Cz`\353\220\017\242:\311oW\240%\316F}\021"
 839      35437A60 
 839      EB900FA2 
 839      3AC96F57 
 839      A025CE46 
 840 0365 3B98F1F4 		.ascii	";\230\361\364\204\214X3\266\027\251vq.\226RI\005\364"
 840      848C5833 
 840      B617A976 
 840      712E9652 
 840      4905F4
 841 0378 0255E6E8 		.ascii	"\002U\346\350\005v\347\327\013t&[/N\023g\351\334\037"
 841      0576E7D7 
 841      0B74265B 
 841      2F4E1367 
 841      E9DC1F
 842 038b 453D7810 		.ascii	"E=x\020\365r_4\326\2341b\007g\321\025\022\017\344\316"
 842      F5725F34 
 842      D69C3162 
 842      0767D115 
 842      120FE4CE 
 843 039f EF7A37B0 		.ascii	"\357z7\260\003E\351w-\314Y\374\2324\004\027\373\332"
 843      0345E977 
 843      2DCC59FC 
 843      9A340417 
 843      FBDA
 844 03b1 87BE7523 		.ascii	"\207\276u#2\314\331\234/\277\371\"\310e\276\247C\325"
 844      32CCD99C 
 844      2FBFF922 
 844      C865BEA7 
 844      43D5
 845 03c3 61F67381 		.ascii	"a\366s\201\274\013\263\304\327_\036\346\034^!\037\344"
 845      BC0BB3C4 
 845      D75F1EE6 
 845      1C5E211F 
ARM GAS  C:\Users\Ridwane\AppData\Local\Temp\ccinGG1u.s 			page 24


 845      E4
 846 03d4 F31ADF37 		.ascii	"\363\032\3377C\015a\016\360J\371\376\211 \227\372\356"
 846      430D610E 
 846      F04AF9FE 
 846      892097FA 
 846      EE
 847 03e5 2A6A2E5D 		.ascii	"*j.]%\371\031\354r\337\373\303?\301\236\214m\330\223"
 847      25F919EC 
 847      72DFFBC3 
 847      3FC19E8C 
 847      6DD893
 848 03f8 B40EF840 		.ascii	"\264\016\370@\324\213W^/\333c=\3523\330\311\271(G\333"
 848      D48B575E 
 848      2FDB633D 
 848      EA33D8C9 
 848      B92847DB 
 849 040c C75A460C 		.ascii	"\307ZF\014v\261\023\266\241\354'-}\222\013\321E\227"
 849      76B113B6 
 849      A1EC272D 
 849      7D920BD1 
 849      4597
 850 041e D9C161E2 		.ascii	"\331\301a\342B\035~4\312\246\177\224\330M\231h\324c"
 850      421D7E34 
 850      CAA67F94 
 850      D84D9968 
 850      D463
 851 0430 B9FD69F8 		.ascii	"\271\375i\3702\361\353\3546\271CXk\356\347&\367X\313"
 851      32F1EBEC 
 851      36B94358 
 851      6BEEE726 
 851      F758CB
 852 0443 A8648FD6 		.ascii	"\250d\217\326\222Vl\022e\261\307\212-\342$3v\020k\035"
 852      92566C12 
 852      65B1C78A 
 852      2DE22433 
 852      76106B1D 
 853 0457 FBA7B80E 		.ascii	"\373\247\270\016Z\350UG\233\312.\213\276\012\357\232"
 853      5AE85547 
 853      9BCA2E8B 
 853      BE0AEF9A 
 854 0467 A69FC75A 		.ascii	"\246\237\307Z\323\277\320\364\236\256\303i\234\214a"
 854      D3BFD0F4 
 854      9EAEC369 
 854      9C8C61
 855 0476 F19E7A79 		.ascii	"\361\236zy\376\240\346\226\373\027\217~u\223D\336\247"
 855      FEA0E696 
 855      FB178F7E 
 855      759344DE 
 855      A7
 856 0487 58D6FE8B 		.ascii	"X\326\376\213j\320zd\331\037\03638\005e\352V`\353>N"
 856      6AD07A64 
 856      D91F1E33 
 856      380565EA 
 856      5660EB3E 
 857 049c E61465ED 		.ascii	"\346\024e\355\015\337rp*l\277\312w\177\327\210\214%"
 857      0DDF7270 
 857      2A6CBFCA 
ARM GAS  C:\Users\Ridwane\AppData\Local\Temp\ccinGG1u.s 			page 25


 857      777FD788 
 857      8C25
 858 04ae FA36C59E 		.ascii	"\3726\305\236\351\226\312\304\251Z\373DB{\312D\252\267"
 858      E996CAC4 
 858      A95AFB44 
 858      427BCA44 
 858      AAB7
 859 04c0 69735CB5 		.ascii	"is\\\265\317\301S\261A\255:j\360s<\205\247\232\252#"
 859      CFC153B1 
 859      41AD3A6A 
 859      F0733C85 
 859      A79AAA23 
 860 04d4 0E9E063B 		.ascii	"\016\236\006;gR\325;*\023O\323\252\247\022\252\323'"
 860      6752D53B 
 860      2A134FD3 
 860      AAA712AA 
 860      D327
 861 04e6 52FD3755 		.ascii	"R\3757UiU\365\343`\360\014\350N7\225\256;x&\354\300"
 861      6955F5E3 
 861      60F00CE8 
 861      4E3795AE 
 861      3B7826EC 
 862 04fb A44A232A 		.ascii	"\244J#*\232gj\2453P\302\365\275\323\373s\316\247\033"
 862      9A676AA5 
 862      3350C2F5 
 862      BDD3FB73 
 862      CEA71B
 863 050e E6F5ED60 		.ascii	"\346\365\355`\307\221\335\315W\204u\303\206\243\311"
 863      C791DDCD 
 863      578475C3 
 863      86A3C9
 864 051d 8A74BDB7 		.ascii	"\212t\275\267\016\007\335\210Ke\262\234\177\217\366"
 864      0E07DD88 
 864      4B65B29C 
 864      7F8FF6
 865 052c 2CB74897 		.ascii	",\267H\227\243)\272\346;i<k\242\232\357\321\317\342"
 865      A329BAE6 
 865      3B693C6B 
 865      A29AEFD1 
 865      CFE2
 866 053e 9D427766 		.ascii	"\235Bwf\343l\343\365?\317\263x\266U\377\034\330\205"
 866      E36CE3F5 
 866      3FCFB378 
 866      B655FF1C 
 866      D885
 867 0550 66FDA356 		.ascii	"f\375\243V\375\251\366L\367U&\236\243kp\215\253\341"
 867      FDA9F64C 
 867      F755269E 
 867      A36B708D 
 867      ABE1
 868 0562 1F891AE6 		.ascii	"\037\211\032\346NT\303\177\251\322V\303<[\015/\360\\"
 868      4E54C37F 
 868      A9D256C3 
 868      3C5B0D2F 
 868      F05C
 869 0574 9E67D590 		.ascii	"\236g\325\220\006{\362\032\036\250L\234\246kp\217\357"
 869      067BF21A 
ARM GAS  C:\Users\Ridwane\AppData\Local\Temp\ccinGG1u.s 			page 26


 869      1EA84C9C 
 869      A66B708F 
 869      EF
 870 0585 D655744B 		.ascii	"\326UtK\037\336|\236?Q\021\337\323\306\370\341\241\210"
 870      1FDE7C9E 
 870      3F5111DF 
 870      D3C6F8E1 
 870      A188
 871 0597 741CDE7C 		.ascii	"t\034\336|\353\232d\300\3166\205\307,a\237=\372\221"
 871      EB9A64C0 
 871      CE3685C7 
 871      2C619F3D 
 871      FA91
 872 05a9 8AE60C2D 		.ascii	"\212\346\014-\354\271\200\227\236,\341\321\204\360\202"
 872      ECB98097 
 872      9E2CE1D1 
 872      84F082
 873 05b8 89849F8C 		.ascii	"\211\204\237\214\023~\021\302\013,\341\205\260'\027"
 873      137E11C2 
 873      0B2CE185 
 873      B02717
 874 05c7 7EAA8517 		.ascii	"~\252\205\027j\245\207\266\013Aw\343\267&\251\363\370"
 874      6AA587B6 
 874      0B4177E3 
 874      B726A9F3 
 874      F8
 875 05d8 994B893E 		.ascii	"\231K\211>\374/q\030\213&*'$\355\027b\261\3550^\342"
 875      FC2F7118 
 875      8B262A27 
 875      24ED1762 
 875      B1ED305E 
 876 05ed 45BCD83A 		.ascii	"E\274\330:\214%\260'?\214\355*\023/\321Ex\307\0271\226"
 876      8C25B027 
 876      3F8CED2A 
 876      132FD145 
 876      78C71731 
 877 0602 2862E944 		.ascii	"(b\351DE\354\224\366\033\261\314V\304r^\312\313\254"
 877      45EC94F6 
 877      1BB1CC56 
 877      C4725ECA 
 877      CBAC
 878 0614 2232614F 		.ascii	"\"2aO^D\213\312\304\231\272\210d\373\324\3010\033HR"
 878      5E448BCA 
 878      C499BA88 
 878      64FBD4C1 
 878      301B4852 
 879 0628 D343CF33 		.ascii	"\323C\3173\274p\305\230\032\231\346\033\207\001Sl\016"
 879      BC70C598 
 879      1A99E61B 
 879      8701536C 
 879      0E
 880 0639 AF0169FE 		.ascii	"\257\001i\376\034n\340b\347\273fG\221(e\334(\377h\200"
 880      1C6EE062 
 880      E7BB6647 
 880      912865DC 
 880      28FF6880 
 881 064d C53384C5 		.ascii	"\3053\204\305\234\276H\363\225([\336}\003\261\027\030"
ARM GAS  C:\Users\Ridwane\AppData\Local\Temp\ccinGG1u.s 			page 27


 881      9CBE48F3 
 881      95285BDE 
 881      7D03B117 
 881      18
 882 065e 13B284FD 		.ascii	"\023\262\204\375q\011L\265\022sN\304\375#\304k8\207"
 882      71094CB5 
 882      12734EC4 
 882      FD23C46B 
 882      3887
 883 0670 FE9698D2 		.ascii	"\376\226\230\322k4\341\2238\341:q)\007,\002&e\251&t"
 883      6B34E193 
 883      38E13A71 
 883      29072C02 
 883      2665A926 
 884 0685 D808659C 		.ascii	"\330\010e\234m\0210/\313\314\001b\022\332[\372\210\313"
 884      6D11302F 
 884      CBCC0162 
 884      12DA5BFA 
 884      88CB
 885 0697 F55B1163 		.ascii	"\365[\021c`\352\226\307\006)\376 \302\357+d\375\276"
 885      60EA96C7 
 885      0629FE20 
 885      C2EF2B64 
 885      FDBE
 886 06a9 224460F5 		.ascii	"\"D`\365\312u\2537Um\250Z\333\260\245\242\252v]cm\335"
 886      CA75AB37 
 886      556DA85A 
 886      DBB0A5A2 
 886      AA765D63 
 887 06bf E6FAE0FA 		.ascii	"\346\372\340\372\215\225oo\251\257\254[\267\372\315"
 887      8D956F6F 
 887      A9AFAC5B 
 887      B7FACD
 888 06ce 1FAF7D6B 		.ascii	"\037\257}kU\361\332\2547\252\252\253\0326Um\251\021"
 888      55F1DAAC 
 888      37AAAAAB 
 888      1A36556D 
 888      A911
 889 06e0 85D9D97E 		.ascii	"\205\331\331~\374\337\250\202j\353s\003\201\200\277"
 889      FCDFA882 
 889      6AEB7303 
 889      8180BF
 890 06ef B6DEBF69 		.ascii	"\266\336\277i}\265?X[\327P\357_\373V\311\313\271\376"
 890      7DB53F58 
 890      5BD750EF 
 890      5FFB56C9 
 890      CBB9FE
 891 0702 E2E237FC 		.ascii	"\342\3427\374?,\373Q\351/s\225\353\355 P]]\221\275Q"
 891      3F2CFB51 
 891      E92F7395 
 891      EBED2050 
 891      5D5D91BD 
 892 0717 188A356B 		.ascii	"\030\2125k\334\367\262_\316\373iN~^\305+\302\250Y_\277"
 892      DCF7B25F 
 892      CEFB694E 
 892      7E5EC52B 
 892      C2A8595F 
ARM GAS  C:\Users\Ridwane\AppData\Local\Temp\ccinGG1u.s 			page 28


 893 072c D9A8A9AD 		.ascii	"\331\250\251\255\250\344\015U\015\306\372\352\206:G"
 893      A8E40D55 
 893      0DC6FAEA 
 893      863A47
 894 073b 704BB0A2 		.ascii	"pK\260\242\316U[\037\254\254\254\250s\3266\274\023\254"
 894      CE555B1F 
 894      ACACACA8 
 894      73D636BC 
 894      13AC
 895 074d AC73284A 		.ascii	"\254s(J\235\254yE\326\344\312\232\200[\021U\350\377"
 895      9DAC7945 
 895      D6E4CA9A 
 895      805B1155 
 895      E8FF
 896 075f 01D7E557 		.ascii	"\001\327\345W\273"
 896      BB
 897              		.text
 898              		.section	.gnu.lto_.symbol_nodes.9a33f35e,"e",%progbits
 899 0000 789C3366 		.ascii	"x\2343f\000\002\246f\346z\366\006 `a\234p\216\201\241"
 899      0002A666 
 899      E67AF606 
 899      2060619C 
 899      708E81A1 
 900 0014 9E816157 		.ascii	"\236\201aWC##H\242\205\271\236\343\303\257\025\026h"
 900      43232348 
 900      A285B99E 
 900      E3C3AF15 
 900      1668
 901 0026 E20C0084 		.ascii	"\342\014\000\204P\016T"
 901      500E54
 902              		.text
 903              		.section	.gnu.lto_.refs.9a33f35e,"e",%progbits
 904 0000 789C6364 		.ascii	"x\234cd\000\002\000\000\012\000\002"
 904      00020000 
 904      0A0002
 905              		.text
 906              		.section	.gnu.lto_.decls.9a33f35e,"e",%progbits
 907 0000 789CA555 		.ascii	"x\234\245UmlSU\030>\357\355mw7\012\333\242\3500\376"
 907      6D6C5355 
 907      183EEFED 
 907      6D77370A 
 907      DBA2E830 
 908 0015 58FCC332 		.ascii	"X\374\3032\303j7\034\211Q\003\256\023\026\207[:\210"
 908      C36A371C 
 908      895103AE 
 908      1316875B 
 908      3A88
 909 0027 41499AB1 		.ascii	"AI\232\261\015\326\260\322\272vh\2141\247\037\214K\002"
 909      0DD6B0D2 
 909      BA76688C 
 909      31A71F8C 
 909      4B02
 910 0039 A325514B 		.ascii	"\243%QKY\264\024\"\037\3621\243\221\216\011\\h\201n"
 910      59B41422 
 910      1FF231A3 
 910      918E095C 
 910      68816E
ARM GAS  C:\Users\Ridwane\AppData\Local\Temp\ccinGG1u.s 			page 29


 911 004c 3A4418B2 		.ascii	":D\030\262\011\310>@\012lZ\030J\027T|O\277\240\213\232"
 911      09C83E40 
 911      0A6C5A18 
 911      4A17547C 
 911      4FBFA08B 
 912 0061 186FFADC 		.ascii	"\030o\372\334\217\363<\317{\336\367=\367\236\232\024"
 912      8FF33CCF 
 912      7BDEF73D 
 912      F79E9A14 
 913 0071 849C0342 		.ascii	"\204\234\003B(!\344>\0362\274\236Ed\"\374\210\010\342"
 913      2821E43E 
 913      1E32BC9E 
 913      456422FC 
 913      8808E2
 914 0084 36E238E2 		.ascii	"6\3428\342\016b\014!!&\0202\364\215# \361\234\301\021"
 914      0E620C21 
 914      21261032 
 914      F48D2320 
 914      F19CC111 
 915 0098 929D188F 		.ascii	"\222\235\030\217$\364I\357L\304\033\017\371\303\210"
 915      24F449EF 
 915      4CC41B0F 
 915      F9C388
 916 00a7 11C430E2 		.ascii	"\021\3040\342&b\010q\035\241x\004x\305t\310\347\271"
 916      26620871 
 916      1DA17804 
 916      78C574C8 
 916      E7B9
 917 00b9 0FEEBA8A 		.ascii	"\017\356\272\212r%J#\324{\214/\360\303\001\214\332\211"
 917      72254A23 
 917      D47B8C2F 
 917      F0C3018C 
 917      DA89
 918 00cb 1038F22C 		.ascii	"\0208\362,\215\035\266e\344 \233\233\220\012%\372\362"
 918      8D1DB665 
 918      E4209B9B 
 918      900A25FA 
 918      F2
 919 00dc 855AA228 		.ascii	"\205Z\242(\000VE6^\211\260\234\360\234\3233\360\271"
 919      00564536 
 919      5E89B09C 
 919      F09CD333 
 919      F0B9
 920 00ee 2C7B9085 		.ascii	",{\220\205\221\034\231$\026F\202\202.8\002\207\001M"
 920      911C9924 
 920      16468282 
 920      2E380287 
 920      014D
 921 0100 79829108 		.ascii	"y\202\221\010-Dx\007\265\373n\016\017feK\177\257\025"
 921      2D447807 
 921      B5FB6E0E 
 921      0F66654B 
 921      7FAF15
 922 0113 DE259857 		.ascii	"\336%\230W\016Z8\341=\242\230\211\363\310\360L\004\007"
 922      0E5A38E1 
 922      3DA29889 
 922      F3C8F04C 
ARM GAS  C:\Users\Ridwane\AppData\Local\Temp\ccinGG1u.s 			page 30


 922      0407
 923 0125 A075ECFD 		.ascii	"\240u\354\375\211-2f\035\245\222MNB\320\015\244\027"
 923      892D3266 
 923      1DA5924D 
 923      4E42D00D 
 923      A417
 924 0137 6676C137 		.ascii	"fv\3017\3605\010\033P\242\030\010\215\356\317*,\314"
 924      F035081B 
 924      50A21808 
 924      8DEECF2A 
 924      2CCC
 925 0149 4351F46C 		.ascii	"CQ\364l\317q\273\312u\255\225\236\246\262S\360-\234"
 925      CF71BBCA 
 925      75AD959E 
 925      A6B253F0 
 925      2D9C
 926 015b 819883A8 		.ascii	"\201\230\203\250\011)!(\35084\322Jsl\312S\320\3630\027"
 926      09292128 
 926      E83834D2 
 926      4A736CCA 
 926      53D0F330 
 927 0170 0282653B 		.ascii	"\002\202e;(\225\270xv\344\014t\301i\370\216u\201Wl\014"
 927      2895B878 
 927      76E40C74 
 927      C169F88E 
 927      7581576C 
 928 0185 ECBB33A5 		.ascii	"\354\2733\245pF!j\"\207G\344;%\364\236\204>\210Kc\261"
 928      7046216A 
 928      228747E4 
 928      3B25F49E 
 928      843E884B 
 929 019b 1985763E 		.ascii	"\031\205v>a\357C\37398\313\354\254\354\203\333\332\246"
 929      61EF43FB 
 929      3938CBEC 
 929      ACEC83DB 
 929      DAA6
 930 01ad 39ADB213 		.ascii	"9\255\262\023p<\335\305s\236\203\275;3gx\377\321\215"
 930      703CDDC5 
 930      739E83BD 
 930      3B336778 
 930      FFD18D
 931 01c0 6DC911AC 		.ascii	"m\311\021\254\034\021\326p\354^\020\326\341\375F\304"
 931      1C11D670 
 931      EC5E10D6 
 931      E1FD46C4 
 932 01d0 87888F62 		.ascii	"\207\210\217bc\005\330>\211\023\266s\204\177l\324\276"
 932      6305D83E 
 932      8913B673 
 932      847F6CD4 
 932      BE
 933 01e1 BE776A21 		.ascii	"\276wj!6\2430~\014a\311=\366\2654\307\241<\012Cp51\371"
 933      36A3307E 
 933      0C61C93D 
 933      F6B534C7 
 933      A13C0A43 
 934 01f9 57083F10 		.ascii	"W\010?\020\306\356K\262\027R\354\017\017\330\275I\366"
 934      C6EE4BB2 
ARM GAS  C:\Users\Ridwane\AppData\Local\Temp\ccinGG1u.s 			page 31


 934      1752EC0F 
 934      0FD8BD49 
 934      F6
 935 020a 621A5B92 		.ascii	"b\032[\222l\027O\006\3412\016\\\305\214o\300u\270\002"
 935      6C174F06 
 935      E1320E5C 
 935      C58C6FC0 
 935      75B802
 936 021d 23700D7E 		.ascii	"#p\015~\2020\334\204Q\030f\025\2600\376d\230\376T\230"
 936      8230DC84 
 936      51186615 
 936      B030FE64 
 936      98FE5498 
 937 0231 F30F26D9 		.ascii	"\363\017&\331\237d\007\322\330\022\262\025\333rd\333"
 937      9F6407D2 
 937      D812B215 
 937      DB7264DB 
 938 0241 9B2109BE 		.ascii	"\233!\011\276\207`\212;\026\343\320\030\331\023o\353"
 938      87608A3B 
 938      16E3D018 
 938      D9136FEB 
 939 0251 51B89422 		.ascii	"Q\270\224\"\325\251\250\237&\243\376\3700\0313v\204"
 939      D5A9A89F 
 939      26A3FEF8 
 939      30193376 
 939      84
 940 0262 925C202D 		.ascii	"\222\\ -j\302\331\235d\017\2455\254\204\010\273\260"
 940      6AC2D99D 
 940      640FA535 
 940      AC8408BB 
 940      B0
 941 0273 C75CF8CA 		.ascii	"\307\\\370\312\211\276\314\274\364\006\214\301\277t"
 941      89BECCBC 
 941      F4068CC1 
 941      BF74
 942 0281 80E76E78 		.ascii	"\200\347nx/]\313J}s?'\202\376\202\026\"|\311bvu\037"
 942      2F5DCB4A 
 942      7D733F27 
 942      82FE8216 
 942      227CC962 
 943 0298 D82D9F2C 		.ascii	"\330-\237,\210@\\q\224)>\336\355\337\2211\351\033\272"
 943      88405C71 
 943      94293EDE 
 943      EDDF9131 
 943      E91BBA
 944 02ab 9DFA867A 		.ascii	"\235\372\206z\230\304\357\356\017\361\223$w\222\022"
 944      98C4EFEE 
 944      0FF19324 
 944      779212
 945 02ba 9E1B38B5 		.ascii	"\236\0338\265\243\223\273\005\230\270H%kPp\372\302\264"
 945      A393BB05 
 945      98B84825 
 945      6B5070FA 
 945      C2B4
 946 02cc 8352133D 		.ascii	"\203R\023=\021v{Z\303b\256\313\206\\\207H\237p\343\260"
 946      11767B5A 
 946      C362AECB 
ARM GAS  C:\Users\Ridwane\AppData\Local\Temp\ccinGG1u.s 			page 32


 946      865C8748 
 946      9F70E3B0 
 947 02e0 C733E8E4 		.ascii	"\3073\350\344\2742V$\245v%\375\202\355\013\215\324\336"
 947      BC325624 
 947      A57625FD 
 947      82ED0B8D 
 947      D4DE
 948 02f2 CA9ED7E7 		.ascii	"\312\236\327\347y\355\361\255\3424P\251\225vH\012_\200"
 948      79EDF1AD 
 948      E23450A9 
 948      9576480A 
 948      5F80
 949 0304 B6BA69A5 		.ascii	"\266\272i\245\307\023\016\261)\350\246\301\366\265\331"
 949      C7130EB1 
 949      29E8A6C1 
 949      F6B5D9
 950 0313 5EFB45D1 		.ascii	"^\373E\321\033\2403\274\030\305M\035\222\013\254h\261"
 950      1BA033BC 
 950      18C54D1D 
 950      920BAC68 
 950      B1
 951 0324 4AD42581 		.ascii	"J\324%\201\323\333\276\241\315\021\214\276n\2659Dj\013"
 951      D3DBBEA1 
 951      CD118CBE 
 951      6EB53944 
 951      6A0B
 952 0336 8A394E3C 		.ascii	"\2129N<Q\037\365\347\272P\357\334.\321\034\352\015\212"
 952      511FF5E7 
 952      BA50EFDC 
 952      2ED11CEA 
 952      0D8A
 953 0348 565F5004 		.ascii	"V_P\004\227\317!\272|A\012\233P\223\357\302\254\254"
 953      97CF21BA 
 953      7C410A9B 
 953      5093EFC2 
 953      ACAC
 954 035a BEB9AEC1 		.ascii	"\276\271\256\30158Q\220\3462\267\313\247\261z\203lU"
 954      35385190 
 954      E632B7CB 
 954      A7B17A83 
 954      6C55
 955 036c 44B07AA9 		.ascii	"D\260z\251\350\264\321u\271N\237(:\321\237\213~\277"
 955      E8B4D175 
 955      B94E9F28 
 955      3AD19F8B 
 955      7EBF
 956 037e CB2651BC 		.ascii	"\313&Q\274\221D\327S8\013U\304684px\232\313s\264\273"
 956      9144D753 
 956      380B55C4 
 956      36383470 
 956      789ACB73 
 957 0394 E7F9DB2C 		.ascii	"\347\371\333,\365\321\275\375S`\232s.\001u\2160\316"
 957      F5D1BDFD 
 957      53609A73 
 957      2E01758E 
 957      30CE
 958 03a6 1ABB2B7A 		.ascii	"\032\273+z1 {\222Q\224>z#\276\011\221\011 \267b\213"
ARM GAS  C:\Users\Ridwane\AppData\Local\Temp\ccinGG1u.s 			page 33


 958      31207B92 
 958      51943E7A 
 958      23BE0991 
 958      0920B762 
 959 03bb BBA753BC 		.ascii	"\273\247S\274*\024\264\273it\223g]\000\332q\243B)?\001"
 959      2A14B4BB 
 959      69749367 
 959      5D00DA71 
 959      A342293F 
 960 03d0 51B67A78 		.ascii	"Q\266zxD\201\334\205\337\240\342\010/H24\354u\365Dy"
 960      4481DC85 
 960      DFA0E208 
 960      2F483234 
 960      EC75F544 
 961 03e5 F63F300E 		.ascii	"\366?0\016\267\360q\370\374\241\276)\354\361W\370\035"
 961      B7F071F8 
 961      FCA1BE29 
 961      ECF157F8 
 961      1D
 962 03f6 97E9C29A 		.ascii	"\227\351\302\232\317\332 /\336])\276\013\377\031\017"
 962      CFDA202F 
 962      DE5D29BE 
 962      0BFF190F 
 963 0406 C473E7FA 		.ascii	"\304s\347\372Cm\331i\334\030\244\310\353\227\267l\311"
 963      436DD969 
 963      DC18A4C8 
 963      EB97B76C 
 963      C9
 964 0417 48BD43F7 		.ascii	"H\275C\367\023/\031\226\207\\\337\311\315\036\230\314"
 964      132F1996 
 964      875CDFC9 
 964      CD1E98CC 
 965 0427 45204EB6 		.ascii	"E N\266]\030\377$\213%`\345\376`\357\311\320\225\000"
 965      5D18FF24 
 965      8B2560E5 
 965      FE60EFC9 
 965      D09500
 966 043a 3FB95A3B 		.ascii	"?\271Z;Gl1\361po\357\346\251\005n7\355\350d\237I\254"
 966      476C31F1 
 966      706FEFE6 
 966      A9056E37 
 966      EDE8649F 
 967 0450 543B772F 		.ascii	"T;w/Q\352\275D\251\333e\344\205\242\"\025\376\352\032"
 967      51EABD44 
 967      A9DB65E4 
 967      85A22215 
 967      FEEA1A
 968 0463 F5CBF446 		.ascii	"\365\313\364Fs\261Z\255V\031\315\252\306\332&\225\311"
 968      73B15AAD 
 968      5619CDAA 
 968      C6DA2695 
 968      C9
 969 0474 D86C31AB 		.ascii	"\330l1\253j\026-,)VUVjT\363\253+\252V\0273JgB45\325"
 969      6A162D2C 
 969      29565556 
 969      6A54F3AB 
 969      2BAA5617 
ARM GAS  C:\Users\Ridwane\AppData\Local\Temp\ccinGG1u.s 			page 34


 970 048f 17D509F3 		.ascii	"\027\325\011\363_]\234_\246\236C\036O\033.*)]\376\314"
 970      5F5D9C5F 
 970      A69E431E 
 970      4F1B2E2A 
 970      295DFECC 
 971 04a3 9CD2FAD9 		.ascii	"\234\322\372\331\204\237\367\262\266Rh\321\257\262\224"
 971      849FF7B2 
 971      B65268D1 
 971      AFB294
 972 04b2 14EB2CF2 		.ascii	"\024\353,\362\312\252\262W\264\374K5Z-\274\006\013\344"
 972      CAAAB257 
 972      B4FC4B35 
 972      5A2DBC06 
 972      0BE4
 973 04c4 754D0DB5 		.ascii	"uM\015\265\3151V]\252\263\310\314\015\026u\331sK\313"
 973      CD31565D 
 973      AAB3C8CC 
 973      0D1675D9 
 973      734BCB
 974 04d7 582E3596 		.ascii	"X.5\226\226z\275q\351[\306\346\225fSm]\203\256\305\334"
 974      967ABD71 
 974      E95BC6E6 
 974      9566536D 
 974      5D83AEC5 
 975 04ec D0BCB44C 		.ascii	"\320\274\264L\273\244f\321\274\312\232Y\032}\223\336"
 975      BBA466D1 
 975      BCCA9A59 
 975      1A7D93DE 
 976 04fc D2A86F31 		.ascii	"\322\250o1\374\367\002\314\026\003\346\262\302\2447"
 976      FCF702CC 
 976      1603E6B2 
 976      C2A437
 977 050b 16351259 		.ascii	"\0265\022Y\225F+\253\320h\345\325\213\2535\332\214\252"
 977      95462BAB 
 977      D068E5D5 
 977      8BAB35DA 
 977      8CAA
 978 051d 9AEAF272 		.ascii	"\232\352\362r\215VQ\265hIu\271V\276\260JS\256e%,P>p"
 978      8D5651B5 
 978      684975B9 
 978      56BEB04A 
 978      53AE6525 
 979 0535 E92C597A 		.ascii	"\351,Yz#\213\255\257\327Y\004\275\321`\254o\320Y\224"
 979      238BADAF 
 979      D75904BD 
 979      D160AC6F 
 979      D05994
 980 0548 F13143AD 		.ascii	"\3611C\255y%V\242.%\312\332f\303\3529\015\263\014O/"
 980      792556A2 
 980      2E25CADA 
 980      66C3EA39 
 980      0DB30C4F 
 981 055d 3791AC3A 		.ascii	"7\221\254:\344\032\336\236e\230M\246&\333\244\323\257"
 981      E41ADE9E 
 981      65984DA6 
 981      26DBA4D3 
 981      AF
ARM GAS  C:\Users\Ridwane\AppData\Local\Temp\ccinGG1u.s 			page 35


 982 056e D25B5EFC 		.ascii	"\322[^\374_\355'\323S\301\260w+\232\215-&\226\315_h"
 982      5FED27D3 
 982      53C1B077 
 982      2B9A8D2D 
 982      2696CD5F 
 983 0583 CC18A9   		.ascii	"\314\030\251"
 984              		.text
 985              		.section	.gnu.lto_.symtab.9a33f35e,"e",%progbits
 986 0000 5F70616C 		.ascii	"_pal_lld_init\000"
 986      5F6C6C64 
 986      5F696E69 
 986      7400
 987 000e 00       		.ascii	"\000"
 988 000f 00       		.ascii	"\000"
 989 0010 00       		.ascii	"\000"
 990 0011 00000000 		.ascii	"\000\000\000\000\000\000\000\000"
 990      00000000 
 991 0019 F9000000 		.ascii	"\371\000\000\000"
 992 001d 5F70616C 		.ascii	"_pal_lld_setgroupmode\000"
 992      5F6C6C64 
 992      5F736574 
 992      67726F75 
 992      706D6F64 
 993 0033 00       		.ascii	"\000"
 994 0034 00       		.ascii	"\000"
 995 0035 00       		.ascii	"\000"
 996 0036 00000000 		.ascii	"\000\000\000\000\000\000\000\000"
 996      00000000 
 997 003e 03010000 		.ascii	"\003\001\000\000"
 998              		.text
 999              		.section	.gnu.lto_.ext_symtab.9a33f35e,"e",%progbits
 1000 0000 01       		.ascii	"\001"
 1001 0001 01       		.ascii	"\001"
 1002 0002 00       		.ascii	"\000"
 1003 0003 01       		.ascii	"\001"
 1004 0004 00       		.ascii	"\000"
 1005              		.text
 1006              		.section	.gnu.lto_.opts,"e",%progbits
 1007 0000 272D666E 		.ascii	"'-fno-openmp' '-fno-openacc' '-fno-pie' '-fcf-prote"
 1007      6F2D6F70 
 1007      656E6D70 
 1007      2720272D 
 1007      666E6F2D 
 1008 0033 6374696F 		.ascii	"ction=none' '-g' '-mcpu=cortex-m4' '-mthumb' '-mflo"
 1008      6E3D6E6F 
 1008      6E652720 
 1008      272D6727 
 1008      20272D6D 
 1009 0066 61742D61 		.ascii	"at-abi=softfp' '-mfpu=fpv4-sp-d16' '-mlibarch=armv7"
 1009      62693D73 
 1009      6F667466 
 1009      70272027 
 1009      2D6D6670 
 1010 0099 652D6D2B 		.ascii	"e-m+fp' '-march=armv7e-m+fp' '-O2' '-fomit-frame-po"
 1010      66702720 
 1010      272D6D61 
 1010      7263683D 
ARM GAS  C:\Users\Ridwane\AppData\Local\Temp\ccinGG1u.s 			page 36


 1010      61726D76 
 1011 00cc 696E7465 		.ascii	"inter' '-falign-functions=16' '-ffunction-sections'"
 1011      72272027 
 1011      2D66616C 
 1011      69676E2D 
 1011      66756E63 
 1012 00ff 20272D66 		.ascii	" '-fdata-sections' '-fno-common' '-flto' '-Xassembl"
 1012      64617461 
 1012      2D736563 
 1012      74696F6E 
 1012      73272027 
 1013 0132 65722720 		.ascii	"er' '-alms=./build/lst/hal_pal_lld.lst'\000"
 1013      272D616C 
 1013      6D733D2E 
 1013      2F627569 
 1013      6C642F6C 
 1014              		.text
 1015              		.comm	__gnu_lto_slim,1,1
 1016              		.ident	"GCC: (Arm GNU Toolchain 11.3.Rel1) 11.3.1 20220712"
ARM GAS  C:\Users\Ridwane\AppData\Local\Temp\ccinGG1u.s 			page 37


DEFINED SYMBOLS
                            *ABS*:00000000 hal_pal_lld.c
C:\Users\Ridwane\AppData\Local\Temp\ccinGG1u.s:24     .gnu.debuglto_.debug_info:00000000 hal_pal_lld.c.36f076d4
                            *COM*:00000001 __gnu_lto_slim

NO UNDEFINED SYMBOLS
