ARM GAS  C:\Users\Ridwane\AppData\Local\Temp\ccLlJ9C3.s 			page 1


   1              		.cpu cortex-m4
   2              		.arch armv7e-m
   3              		.fpu softvfp
   4              		.eabi_attribute 20, 1
   5              		.eabi_attribute 21, 1
   6              		.eabi_attribute 23, 3
   7              		.eabi_attribute 24, 1
   8              		.eabi_attribute 25, 1
   9              		.eabi_attribute 26, 1
  10              		.eabi_attribute 30, 2
  11              		.eabi_attribute 34, 1
  12              		.eabi_attribute 18, 4
  13              		.file	"hal_st.c"
  14              		.file 1 "c:\\chibistudio\\tools\\gnu tools arm embedded\\11.3 2022.08\\arm-none-eabi\\include\\mac
  15              		.file 2 "c:\\chibistudio\\tools\\gnu tools arm embedded\\11.3 2022.08\\arm-none-eabi\\include\\sys
  16              		.file 3 "../../chibios2111/os/rt/include/chtime.h"
  17              		.file 4 "../../chibios2111/os/hal/ports/STM32/LLD/TIMv1/stm32_tim.h"
  18              		.file 5 "../../chibios2111/os/hal/ports/STM32/LLD/SYSTICKv1/hal_st_lld.h"
  19              		.file 6 "../../chibios2111/os/hal/src/hal_st.c"
  20              		.section	.gnu.debuglto_.debug_info,"e",%progbits
  21              	.Ldebug_info0:
  22              		.hidden	hal_st.c.22b8dabc
  23              		.weak	hal_st.c.22b8dabc
  24              	hal_st.c.22b8dabc:
  25 0000 DE020000 		.4byte	0x2de
  26 0004 0500     		.2byte	0x5
  27 0006 01       		.byte	0x1
  28 0007 04       		.byte	0x4
  29 0008 00000000 		.4byte	.Ldebug_abbrev0
  30 000c 11       		.uleb128 0x11
  31 000d E8010000 		.4byte	.LASF39
  32 0011 1D       		.byte	0x1d
  33 0012 2C000000 		.4byte	.LASF40
  34 0016 78010000 		.4byte	.LASF41
  35 001a 00000000 		.4byte	.Ldebug_line0
  36 001e 12       		.uleb128 0x12
  37 001f 04       		.byte	0x4
  38 0020 05       		.byte	0x5
  39 0021 696E7400 		.ascii	"int\000"
  40 0025 01       		.uleb128 0x1
  41 0026 04       		.byte	0x4
  42 0027 07       		.byte	0x7
  43 0028 39010000 		.4byte	.LASF0
  44 002c 01       		.uleb128 0x1
  45 002d 08       		.byte	0x8
  46 002e 05       		.byte	0x5
  47 002f 6A010000 		.4byte	.LASF1
  48 0033 01       		.uleb128 0x1
  49 0034 08       		.byte	0x8
  50 0035 04       		.byte	0x4
  51 0036 A3020000 		.4byte	.LASF2
  52 003a 01       		.uleb128 0x1
  53 003b 01       		.byte	0x1
  54 003c 06       		.byte	0x6
  55 003d AF020000 		.4byte	.LASF3
  56 0041 01       		.uleb128 0x1
  57 0042 01       		.byte	0x1
ARM GAS  C:\Users\Ridwane\AppData\Local\Temp\ccLlJ9C3.s 			page 2


  58 0043 08       		.byte	0x8
  59 0044 D9000000 		.4byte	.LASF4
  60 0048 01       		.uleb128 0x1
  61 0049 02       		.byte	0x2
  62 004a 05       		.byte	0x5
  63 004b 71000000 		.4byte	.LASF5
  64 004f 01       		.uleb128 0x1
  65 0050 02       		.byte	0x2
  66 0051 07       		.byte	0x7
  67 0052 52000000 		.4byte	.LASF6
  68 0056 01       		.uleb128 0x1
  69 0057 04       		.byte	0x4
  70 0058 05       		.byte	0x5
  71 0059 DF010000 		.4byte	.LASF7
  72 005d 06       		.uleb128 0x6
  73 005e 0A010000 		.4byte	.LASF10
  74 0062 01       		.byte	0x1
  75 0063 4F       		.byte	0x4f
  76 0064 19       		.byte	0x19
  77 0065 69000000 		.4byte	0x69
  78 0069 01       		.uleb128 0x1
  79 006a 04       		.byte	0x4
  80 006b 07       		.byte	0x7
  81 006c E7000000 		.4byte	.LASF8
  82 0070 01       		.uleb128 0x1
  83 0071 08       		.byte	0x8
  84 0072 07       		.byte	0x7
  85 0073 C1020000 		.4byte	.LASF9
  86 0077 06       		.uleb128 0x6
  87 0078 D6010000 		.4byte	.LASF11
  88 007c 02       		.byte	0x2
  89 007d 30       		.byte	0x30
  90 007e 14       		.byte	0x14
  91 007f 5D000000 		.4byte	0x5d
  92 0083 07       		.uleb128 0x7
  93 0084 77000000 		.4byte	0x77
  94 0088 01       		.uleb128 0x1
  95 0089 01       		.byte	0x1
  96 008a 08       		.byte	0x8
  97 008b 46010000 		.4byte	.LASF12
  98 008f 08       		.uleb128 0x8
  99 0090 88000000 		.4byte	0x88
 100 0094 06       		.uleb128 0x6
 101 0095 22000000 		.4byte	.LASF13
 102 0099 03       		.byte	0x3
 103 009a 6D       		.byte	0x6d
 104 009b 12       		.byte	0x12
 105 009c 77000000 		.4byte	0x77
 106 00a0 04       		.uleb128 0x4
 107 00a1 83000000 		.4byte	0x83
 108 00a5 B0000000 		.4byte	0xb0
 109 00a9 05       		.uleb128 0x5
 110 00aa 25000000 		.4byte	0x25
 111 00ae 01       		.byte	0x1
 112 00af 00       		.byte	0
 113 00b0 07       		.uleb128 0x7
 114 00b1 A0000000 		.4byte	0xa0
ARM GAS  C:\Users\Ridwane\AppData\Local\Temp\ccLlJ9C3.s 			page 3


 115 00b5 04       		.uleb128 0x4
 116 00b6 83000000 		.4byte	0x83
 117 00ba C5000000 		.4byte	0xc5
 118 00be 05       		.uleb128 0x5
 119 00bf 25000000 		.4byte	0x25
 120 00c3 03       		.byte	0x3
 121 00c4 00       		.byte	0
 122 00c5 07       		.uleb128 0x7
 123 00c6 B5000000 		.4byte	0xb5
 124 00ca 01       		.uleb128 0x1
 125 00cb 01       		.byte	0x1
 126 00cc 02       		.byte	0x2
 127 00cd BB020000 		.4byte	.LASF14
 128 00d1 13       		.uleb128 0x13
 129 00d2 60       		.byte	0x60
 130 00d3 04       		.byte	0x4
 131 00d4 F601     		.2byte	0x1f6
 132 00d6 09       		.byte	0x9
 133 00d7 CA010000 		.4byte	0x1ca
 134 00db 02       		.uleb128 0x2
 135 00dc 43523100 		.ascii	"CR1\000"
 136 00e0 F701     		.2byte	0x1f7
 137 00e2 83000000 		.4byte	0x83
 138 00e6 00       		.byte	0
 139 00e7 02       		.uleb128 0x2
 140 00e8 43523200 		.ascii	"CR2\000"
 141 00ec F801     		.2byte	0x1f8
 142 00ee 83000000 		.4byte	0x83
 143 00f2 04       		.byte	0x4
 144 00f3 03       		.uleb128 0x3
 145 00f4 BF010000 		.4byte	.LASF15
 146 00f8 F901     		.2byte	0x1f9
 147 00fa 83000000 		.4byte	0x83
 148 00fe 08       		.byte	0x8
 149 00ff 03       		.uleb128 0x3
 150 0100 B0000000 		.4byte	.LASF16
 151 0104 FA01     		.2byte	0x1fa
 152 0106 83000000 		.4byte	0x83
 153 010a 0C       		.byte	0xc
 154 010b 02       		.uleb128 0x2
 155 010c 535200   		.ascii	"SR\000"
 156 010f FB01     		.2byte	0x1fb
 157 0111 83000000 		.4byte	0x83
 158 0115 10       		.byte	0x10
 159 0116 02       		.uleb128 0x2
 160 0117 45475200 		.ascii	"EGR\000"
 161 011b FC01     		.2byte	0x1fc
 162 011d 83000000 		.4byte	0x83
 163 0121 14       		.byte	0x14
 164 0122 03       		.uleb128 0x3
 165 0123 C4010000 		.4byte	.LASF17
 166 0127 FD01     		.2byte	0x1fd
 167 0129 83000000 		.4byte	0x83
 168 012d 18       		.byte	0x18
 169 012e 03       		.uleb128 0x3
 170 012f CA010000 		.4byte	.LASF18
 171 0133 FE01     		.2byte	0x1fe
ARM GAS  C:\Users\Ridwane\AppData\Local\Temp\ccLlJ9C3.s 			page 4


 172 0135 83000000 		.4byte	0x83
 173 0139 1C       		.byte	0x1c
 174 013a 03       		.uleb128 0x3
 175 013b BA010000 		.4byte	.LASF19
 176 013f FF01     		.2byte	0x1ff
 177 0141 83000000 		.4byte	0x83
 178 0145 20       		.byte	0x20
 179 0146 02       		.uleb128 0x2
 180 0147 434E5400 		.ascii	"CNT\000"
 181 014b 0002     		.2byte	0x200
 182 014d 83000000 		.4byte	0x83
 183 0151 24       		.byte	0x24
 184 0152 02       		.uleb128 0x2
 185 0153 50534300 		.ascii	"PSC\000"
 186 0157 0102     		.2byte	0x201
 187 0159 83000000 		.4byte	0x83
 188 015d 28       		.byte	0x28
 189 015e 02       		.uleb128 0x2
 190 015f 41525200 		.ascii	"ARR\000"
 191 0163 0202     		.2byte	0x202
 192 0165 83000000 		.4byte	0x83
 193 0169 2C       		.byte	0x2c
 194 016a 02       		.uleb128 0x2
 195 016b 52435200 		.ascii	"RCR\000"
 196 016f 0302     		.2byte	0x203
 197 0171 83000000 		.4byte	0x83
 198 0175 30       		.byte	0x30
 199 0176 02       		.uleb128 0x2
 200 0177 43435200 		.ascii	"CCR\000"
 201 017b 0402     		.2byte	0x204
 202 017d C5000000 		.4byte	0xc5
 203 0181 34       		.byte	0x34
 204 0182 03       		.uleb128 0x3
 205 0183 00000000 		.4byte	.LASF20
 206 0187 0502     		.2byte	0x205
 207 0189 83000000 		.4byte	0x83
 208 018d 44       		.byte	0x44
 209 018e 02       		.uleb128 0x2
 210 018f 44435200 		.ascii	"DCR\000"
 211 0193 1302     		.2byte	0x213
 212 0195 83000000 		.4byte	0x83
 213 0199 48       		.byte	0x48
 214 019a 03       		.uleb128 0x3
 215 019b 15010000 		.4byte	.LASF21
 216 019f 1402     		.2byte	0x214
 217 01a1 83000000 		.4byte	0x83
 218 01a5 4C       		.byte	0x4c
 219 01a6 02       		.uleb128 0x2
 220 01a7 4F5200   		.ascii	"OR\000"
 221 01aa 1502     		.2byte	0x215
 222 01ac 83000000 		.4byte	0x83
 223 01b0 50       		.byte	0x50
 224 01b1 03       		.uleb128 0x3
 225 01b2 D0010000 		.4byte	.LASF22
 226 01b6 1602     		.2byte	0x216
 227 01b8 83000000 		.4byte	0x83
 228 01bc 54       		.byte	0x54
ARM GAS  C:\Users\Ridwane\AppData\Local\Temp\ccLlJ9C3.s 			page 5


 229 01bd 03       		.uleb128 0x3
 230 01be D8020000 		.4byte	.LASF23
 231 01c2 1702     		.2byte	0x217
 232 01c4 B0000000 		.4byte	0xb0
 233 01c8 58       		.byte	0x58
 234 01c9 00       		.byte	0
 235 01ca 14       		.uleb128 0x14
 236 01cb A4000000 		.4byte	.LASF24
 237 01cf 04       		.byte	0x4
 238 01d0 1902     		.2byte	0x219
 239 01d2 03       		.byte	0x3
 240 01d3 D1000000 		.4byte	0xd1
 241 01d7 15       		.uleb128 0x15
 242 01d8 65000000 		.4byte	.LASF25
 243 01dc 05       		.byte	0x5
 244 01dd A502     		.2byte	0x2a5
 245 01df 08       		.byte	0x8
 246 01e0 0B       		.uleb128 0xb
 247 01e1 05000000 		.4byte	.LASF26
 248 01e5 B3       		.byte	0xb3
 249 01e6 06       		.byte	0x6
 250 01e7 CA000000 		.4byte	0xca
 251 01eb 16       		.uleb128 0x16
 252 01ec DD020000 		.4byte	.LASF42
 253 01f0 06       		.byte	0x6
 254 01f1 A3       		.byte	0xa3
 255 01f2 0B       		.byte	0xb
 256 01f3 94000000 		.4byte	0x94
 257 01f7 05020000 		.4byte	0x205
 258 01fb 09       		.uleb128 0x9
 259 01fc B5000000 		.4byte	.LASF27
 260 0200 15020000 		.4byte	0x215
 261 0204 00       		.byte	0
 262 0205 04       		.uleb128 0x4
 263 0206 8F000000 		.4byte	0x8f
 264 020a 15020000 		.4byte	0x215
 265 020e 05       		.uleb128 0x5
 266 020f 25000000 		.4byte	0x25
 267 0213 0A       		.byte	0xa
 268 0214 00       		.byte	0
 269 0215 08       		.uleb128 0x8
 270 0216 05020000 		.4byte	0x205
 271 021a 0C       		.uleb128 0xc
 272 021b 58010000 		.4byte	.LASF28
 273 021f 93       		.byte	0x93
 274 0220 39020000 		.4byte	0x239
 275 0224 0D       		.uleb128 0xd
 276 0225 D1000000 		.4byte	.LASF30
 277 0229 93       		.byte	0x93
 278 022a 1B       		.byte	0x1b
 279 022b 94000000 		.4byte	0x94
 280 022f 09       		.uleb128 0x9
 281 0230 B5000000 		.4byte	.LASF27
 282 0234 15020000 		.4byte	0x215
 283 0238 00       		.byte	0
 284 0239 0E       		.uleb128 0xe
 285 023a 1A010000 		.4byte	.LASF32
ARM GAS  C:\Users\Ridwane\AppData\Local\Temp\ccLlJ9C3.s 			page 6


 286 023e 85       		.byte	0x85
 287 023f 0C       		.uleb128 0xc
 288 0240 4B010000 		.4byte	.LASF29
 289 0244 77       		.byte	0x77
 290 0245 5E020000 		.4byte	0x25e
 291 0249 0D       		.uleb128 0xd
 292 024a D1000000 		.4byte	.LASF30
 293 024e 77       		.byte	0x77
 294 024f 1D       		.byte	0x1d
 295 0250 94000000 		.4byte	0x94
 296 0254 09       		.uleb128 0x9
 297 0255 B5000000 		.4byte	.LASF27
 298 0259 6E020000 		.4byte	0x26e
 299 025d 00       		.byte	0
 300 025e 04       		.uleb128 0x4
 301 025f 8F000000 		.4byte	0x8f
 302 0263 6E020000 		.4byte	0x26e
 303 0267 05       		.uleb128 0x5
 304 0268 25000000 		.4byte	0x25
 305 026c 0C       		.byte	0xc
 306 026d 00       		.byte	0
 307 026e 08       		.uleb128 0x8
 308 026f 5E020000 		.4byte	0x25e
 309 0273 0B       		.uleb128 0xb
 310 0274 15000000 		.4byte	.LASF31
 311 0278 67       		.byte	0x67
 312 0279 0B       		.byte	0xb
 313 027a 94000000 		.4byte	0x94
 314 027e 0E       		.uleb128 0xe
 315 027f 63010000 		.4byte	.LASF33
 316 0283 45       		.byte	0x45
 317 0284 0A       		.uleb128 0xa
 318 0285 8D000000 		.4byte	.LASF34
 319 0289 0003     		.2byte	0x300
 320 028b 14       		.byte	0x14
 321 028c CA000000 		.4byte	0xca
 322 0290 0A       		.uleb128 0xa
 323 0291 A9010000 		.4byte	.LASF35
 324 0295 F202     		.2byte	0x2f2
 325 0297 19       		.byte	0x19
 326 0298 94000000 		.4byte	0x94
 327 029c 0F       		.uleb128 0xf
 328 029d F9000000 		.4byte	.LASF36
 329 02a1 E602     		.2byte	0x2e6
 330 02a3 B4020000 		.4byte	0x2b4
 331 02a7 10       		.uleb128 0x10
 332 02a8 D1000000 		.4byte	.LASF30
 333 02ac E602     		.2byte	0x2e6
 334 02ae 2F       		.byte	0x2f
 335 02af 94000000 		.4byte	0x94
 336 02b3 00       		.byte	0
 337 02b4 17       		.uleb128 0x17
 338 02b5 7B000000 		.4byte	.LASF43
 339 02b9 05       		.byte	0x5
 340 02ba D602     		.2byte	0x2d6
 341 02bc 14       		.byte	0x14
 342 02bd 0F       		.uleb128 0xf
ARM GAS  C:\Users\Ridwane\AppData\Local\Temp\ccLlJ9C3.s 			page 7


 343 02be BE000000 		.4byte	.LASF37
 344 02c2 C602     		.2byte	0x2c6
 345 02c4 D5020000 		.4byte	0x2d5
 346 02c8 10       		.uleb128 0x10
 347 02c9 D1000000 		.4byte	.LASF30
 348 02cd C602     		.2byte	0x2c6
 349 02cf 31       		.byte	0x31
 350 02d0 94000000 		.4byte	0x94
 351 02d4 00       		.byte	0
 352 02d5 0A       		.uleb128 0xa
 353 02d6 26010000 		.4byte	.LASF38
 354 02da B802     		.2byte	0x2b8
 355 02dc 19       		.byte	0x19
 356 02dd 94000000 		.4byte	0x94
 357 02e1 00       		.byte	0
 358              		.section	.gnu.debuglto_.debug_abbrev,"e",%progbits
 359              	.Ldebug_abbrev0:
 360 0000 01       		.uleb128 0x1
 361 0001 24       		.uleb128 0x24
 362 0002 00       		.byte	0
 363 0003 0B       		.uleb128 0xb
 364 0004 0B       		.uleb128 0xb
 365 0005 3E       		.uleb128 0x3e
 366 0006 0B       		.uleb128 0xb
 367 0007 03       		.uleb128 0x3
 368 0008 0E       		.uleb128 0xe
 369 0009 00       		.byte	0
 370 000a 00       		.byte	0
 371 000b 02       		.uleb128 0x2
 372 000c 0D       		.uleb128 0xd
 373 000d 00       		.byte	0
 374 000e 03       		.uleb128 0x3
 375 000f 08       		.uleb128 0x8
 376 0010 3A       		.uleb128 0x3a
 377 0011 21       		.uleb128 0x21
 378 0012 04       		.sleb128 4
 379 0013 3B       		.uleb128 0x3b
 380 0014 05       		.uleb128 0x5
 381 0015 39       		.uleb128 0x39
 382 0016 21       		.uleb128 0x21
 383 0017 19       		.sleb128 25
 384 0018 49       		.uleb128 0x49
 385 0019 13       		.uleb128 0x13
 386 001a 38       		.uleb128 0x38
 387 001b 0B       		.uleb128 0xb
 388 001c 00       		.byte	0
 389 001d 00       		.byte	0
 390 001e 03       		.uleb128 0x3
 391 001f 0D       		.uleb128 0xd
 392 0020 00       		.byte	0
 393 0021 03       		.uleb128 0x3
 394 0022 0E       		.uleb128 0xe
 395 0023 3A       		.uleb128 0x3a
 396 0024 21       		.uleb128 0x21
 397 0025 04       		.sleb128 4
 398 0026 3B       		.uleb128 0x3b
 399 0027 05       		.uleb128 0x5
ARM GAS  C:\Users\Ridwane\AppData\Local\Temp\ccLlJ9C3.s 			page 8


 400 0028 39       		.uleb128 0x39
 401 0029 21       		.uleb128 0x21
 402 002a 19       		.sleb128 25
 403 002b 49       		.uleb128 0x49
 404 002c 13       		.uleb128 0x13
 405 002d 38       		.uleb128 0x38
 406 002e 0B       		.uleb128 0xb
 407 002f 00       		.byte	0
 408 0030 00       		.byte	0
 409 0031 04       		.uleb128 0x4
 410 0032 01       		.uleb128 0x1
 411 0033 01       		.byte	0x1
 412 0034 49       		.uleb128 0x49
 413 0035 13       		.uleb128 0x13
 414 0036 01       		.uleb128 0x1
 415 0037 13       		.uleb128 0x13
 416 0038 00       		.byte	0
 417 0039 00       		.byte	0
 418 003a 05       		.uleb128 0x5
 419 003b 21       		.uleb128 0x21
 420 003c 00       		.byte	0
 421 003d 49       		.uleb128 0x49
 422 003e 13       		.uleb128 0x13
 423 003f 2F       		.uleb128 0x2f
 424 0040 0B       		.uleb128 0xb
 425 0041 00       		.byte	0
 426 0042 00       		.byte	0
 427 0043 06       		.uleb128 0x6
 428 0044 16       		.uleb128 0x16
 429 0045 00       		.byte	0
 430 0046 03       		.uleb128 0x3
 431 0047 0E       		.uleb128 0xe
 432 0048 3A       		.uleb128 0x3a
 433 0049 0B       		.uleb128 0xb
 434 004a 3B       		.uleb128 0x3b
 435 004b 0B       		.uleb128 0xb
 436 004c 39       		.uleb128 0x39
 437 004d 0B       		.uleb128 0xb
 438 004e 49       		.uleb128 0x49
 439 004f 13       		.uleb128 0x13
 440 0050 00       		.byte	0
 441 0051 00       		.byte	0
 442 0052 07       		.uleb128 0x7
 443 0053 35       		.uleb128 0x35
 444 0054 00       		.byte	0
 445 0055 49       		.uleb128 0x49
 446 0056 13       		.uleb128 0x13
 447 0057 00       		.byte	0
 448 0058 00       		.byte	0
 449 0059 08       		.uleb128 0x8
 450 005a 26       		.uleb128 0x26
 451 005b 00       		.byte	0
 452 005c 49       		.uleb128 0x49
 453 005d 13       		.uleb128 0x13
 454 005e 00       		.byte	0
 455 005f 00       		.byte	0
 456 0060 09       		.uleb128 0x9
ARM GAS  C:\Users\Ridwane\AppData\Local\Temp\ccLlJ9C3.s 			page 9


 457 0061 34       		.uleb128 0x34
 458 0062 00       		.byte	0
 459 0063 03       		.uleb128 0x3
 460 0064 0E       		.uleb128 0xe
 461 0065 49       		.uleb128 0x49
 462 0066 13       		.uleb128 0x13
 463 0067 34       		.uleb128 0x34
 464 0068 19       		.uleb128 0x19
 465 0069 00       		.byte	0
 466 006a 00       		.byte	0
 467 006b 0A       		.uleb128 0xa
 468 006c 2E       		.uleb128 0x2e
 469 006d 00       		.byte	0
 470 006e 03       		.uleb128 0x3
 471 006f 0E       		.uleb128 0xe
 472 0070 3A       		.uleb128 0x3a
 473 0071 21       		.uleb128 0x21
 474 0072 05       		.sleb128 5
 475 0073 3B       		.uleb128 0x3b
 476 0074 05       		.uleb128 0x5
 477 0075 39       		.uleb128 0x39
 478 0076 0B       		.uleb128 0xb
 479 0077 27       		.uleb128 0x27
 480 0078 19       		.uleb128 0x19
 481 0079 49       		.uleb128 0x49
 482 007a 13       		.uleb128 0x13
 483 007b 00       		.byte	0
 484 007c 00       		.byte	0
 485 007d 0B       		.uleb128 0xb
 486 007e 2E       		.uleb128 0x2e
 487 007f 00       		.byte	0
 488 0080 3F       		.uleb128 0x3f
 489 0081 19       		.uleb128 0x19
 490 0082 03       		.uleb128 0x3
 491 0083 0E       		.uleb128 0xe
 492 0084 3A       		.uleb128 0x3a
 493 0085 21       		.uleb128 0x21
 494 0086 06       		.sleb128 6
 495 0087 3B       		.uleb128 0x3b
 496 0088 0B       		.uleb128 0xb
 497 0089 39       		.uleb128 0x39
 498 008a 0B       		.uleb128 0xb
 499 008b 27       		.uleb128 0x27
 500 008c 19       		.uleb128 0x19
 501 008d 49       		.uleb128 0x49
 502 008e 13       		.uleb128 0x13
 503 008f 00       		.byte	0
 504 0090 00       		.byte	0
 505 0091 0C       		.uleb128 0xc
 506 0092 2E       		.uleb128 0x2e
 507 0093 01       		.byte	0x1
 508 0094 3F       		.uleb128 0x3f
 509 0095 19       		.uleb128 0x19
 510 0096 03       		.uleb128 0x3
 511 0097 0E       		.uleb128 0xe
 512 0098 3A       		.uleb128 0x3a
 513 0099 21       		.uleb128 0x21
ARM GAS  C:\Users\Ridwane\AppData\Local\Temp\ccLlJ9C3.s 			page 10


 514 009a 06       		.sleb128 6
 515 009b 3B       		.uleb128 0x3b
 516 009c 0B       		.uleb128 0xb
 517 009d 39       		.uleb128 0x39
 518 009e 21       		.uleb128 0x21
 519 009f 06       		.sleb128 6
 520 00a0 27       		.uleb128 0x27
 521 00a1 19       		.uleb128 0x19
 522 00a2 01       		.uleb128 0x1
 523 00a3 13       		.uleb128 0x13
 524 00a4 00       		.byte	0
 525 00a5 00       		.byte	0
 526 00a6 0D       		.uleb128 0xd
 527 00a7 05       		.uleb128 0x5
 528 00a8 00       		.byte	0
 529 00a9 03       		.uleb128 0x3
 530 00aa 0E       		.uleb128 0xe
 531 00ab 3A       		.uleb128 0x3a
 532 00ac 21       		.uleb128 0x21
 533 00ad 06       		.sleb128 6
 534 00ae 3B       		.uleb128 0x3b
 535 00af 0B       		.uleb128 0xb
 536 00b0 39       		.uleb128 0x39
 537 00b1 0B       		.uleb128 0xb
 538 00b2 49       		.uleb128 0x49
 539 00b3 13       		.uleb128 0x13
 540 00b4 00       		.byte	0
 541 00b5 00       		.byte	0
 542 00b6 0E       		.uleb128 0xe
 543 00b7 2E       		.uleb128 0x2e
 544 00b8 00       		.byte	0
 545 00b9 3F       		.uleb128 0x3f
 546 00ba 19       		.uleb128 0x19
 547 00bb 03       		.uleb128 0x3
 548 00bc 0E       		.uleb128 0xe
 549 00bd 3A       		.uleb128 0x3a
 550 00be 21       		.uleb128 0x21
 551 00bf 06       		.sleb128 6
 552 00c0 3B       		.uleb128 0x3b
 553 00c1 0B       		.uleb128 0xb
 554 00c2 39       		.uleb128 0x39
 555 00c3 21       		.uleb128 0x21
 556 00c4 06       		.sleb128 6
 557 00c5 27       		.uleb128 0x27
 558 00c6 19       		.uleb128 0x19
 559 00c7 00       		.byte	0
 560 00c8 00       		.byte	0
 561 00c9 0F       		.uleb128 0xf
 562 00ca 2E       		.uleb128 0x2e
 563 00cb 01       		.byte	0x1
 564 00cc 03       		.uleb128 0x3
 565 00cd 0E       		.uleb128 0xe
 566 00ce 3A       		.uleb128 0x3a
 567 00cf 21       		.uleb128 0x21
 568 00d0 05       		.sleb128 5
 569 00d1 3B       		.uleb128 0x3b
 570 00d2 05       		.uleb128 0x5
ARM GAS  C:\Users\Ridwane\AppData\Local\Temp\ccLlJ9C3.s 			page 11


 571 00d3 39       		.uleb128 0x39
 572 00d4 21       		.uleb128 0x21
 573 00d5 14       		.sleb128 20
 574 00d6 27       		.uleb128 0x27
 575 00d7 19       		.uleb128 0x19
 576 00d8 01       		.uleb128 0x1
 577 00d9 13       		.uleb128 0x13
 578 00da 00       		.byte	0
 579 00db 00       		.byte	0
 580 00dc 10       		.uleb128 0x10
 581 00dd 05       		.uleb128 0x5
 582 00de 00       		.byte	0
 583 00df 03       		.uleb128 0x3
 584 00e0 0E       		.uleb128 0xe
 585 00e1 3A       		.uleb128 0x3a
 586 00e2 21       		.uleb128 0x21
 587 00e3 05       		.sleb128 5
 588 00e4 3B       		.uleb128 0x3b
 589 00e5 05       		.uleb128 0x5
 590 00e6 39       		.uleb128 0x39
 591 00e7 0B       		.uleb128 0xb
 592 00e8 49       		.uleb128 0x49
 593 00e9 13       		.uleb128 0x13
 594 00ea 00       		.byte	0
 595 00eb 00       		.byte	0
 596 00ec 11       		.uleb128 0x11
 597 00ed 11       		.uleb128 0x11
 598 00ee 01       		.byte	0x1
 599 00ef 25       		.uleb128 0x25
 600 00f0 0E       		.uleb128 0xe
 601 00f1 13       		.uleb128 0x13
 602 00f2 0B       		.uleb128 0xb
 603 00f3 03       		.uleb128 0x3
 604 00f4 0E       		.uleb128 0xe
 605 00f5 1B       		.uleb128 0x1b
 606 00f6 0E       		.uleb128 0xe
 607 00f7 10       		.uleb128 0x10
 608 00f8 17       		.uleb128 0x17
 609 00f9 00       		.byte	0
 610 00fa 00       		.byte	0
 611 00fb 12       		.uleb128 0x12
 612 00fc 24       		.uleb128 0x24
 613 00fd 00       		.byte	0
 614 00fe 0B       		.uleb128 0xb
 615 00ff 0B       		.uleb128 0xb
 616 0100 3E       		.uleb128 0x3e
 617 0101 0B       		.uleb128 0xb
 618 0102 03       		.uleb128 0x3
 619 0103 08       		.uleb128 0x8
 620 0104 00       		.byte	0
 621 0105 00       		.byte	0
 622 0106 13       		.uleb128 0x13
 623 0107 13       		.uleb128 0x13
 624 0108 01       		.byte	0x1
 625 0109 0B       		.uleb128 0xb
 626 010a 0B       		.uleb128 0xb
 627 010b 3A       		.uleb128 0x3a
ARM GAS  C:\Users\Ridwane\AppData\Local\Temp\ccLlJ9C3.s 			page 12


 628 010c 0B       		.uleb128 0xb
 629 010d 3B       		.uleb128 0x3b
 630 010e 05       		.uleb128 0x5
 631 010f 39       		.uleb128 0x39
 632 0110 0B       		.uleb128 0xb
 633 0111 01       		.uleb128 0x1
 634 0112 13       		.uleb128 0x13
 635 0113 00       		.byte	0
 636 0114 00       		.byte	0
 637 0115 14       		.uleb128 0x14
 638 0116 16       		.uleb128 0x16
 639 0117 00       		.byte	0
 640 0118 03       		.uleb128 0x3
 641 0119 0E       		.uleb128 0xe
 642 011a 3A       		.uleb128 0x3a
 643 011b 0B       		.uleb128 0xb
 644 011c 3B       		.uleb128 0x3b
 645 011d 05       		.uleb128 0x5
 646 011e 39       		.uleb128 0x39
 647 011f 0B       		.uleb128 0xb
 648 0120 49       		.uleb128 0x49
 649 0121 13       		.uleb128 0x13
 650 0122 00       		.byte	0
 651 0123 00       		.byte	0
 652 0124 15       		.uleb128 0x15
 653 0125 2E       		.uleb128 0x2e
 654 0126 00       		.byte	0
 655 0127 3F       		.uleb128 0x3f
 656 0128 19       		.uleb128 0x19
 657 0129 03       		.uleb128 0x3
 658 012a 0E       		.uleb128 0xe
 659 012b 3A       		.uleb128 0x3a
 660 012c 0B       		.uleb128 0xb
 661 012d 3B       		.uleb128 0x3b
 662 012e 05       		.uleb128 0x5
 663 012f 39       		.uleb128 0x39
 664 0130 0B       		.uleb128 0xb
 665 0131 27       		.uleb128 0x27
 666 0132 19       		.uleb128 0x19
 667 0133 3C       		.uleb128 0x3c
 668 0134 19       		.uleb128 0x19
 669 0135 00       		.byte	0
 670 0136 00       		.byte	0
 671 0137 16       		.uleb128 0x16
 672 0138 2E       		.uleb128 0x2e
 673 0139 01       		.byte	0x1
 674 013a 3F       		.uleb128 0x3f
 675 013b 19       		.uleb128 0x19
 676 013c 03       		.uleb128 0x3
 677 013d 0E       		.uleb128 0xe
 678 013e 3A       		.uleb128 0x3a
 679 013f 0B       		.uleb128 0xb
 680 0140 3B       		.uleb128 0x3b
 681 0141 0B       		.uleb128 0xb
 682 0142 39       		.uleb128 0x39
 683 0143 0B       		.uleb128 0xb
 684 0144 27       		.uleb128 0x27
ARM GAS  C:\Users\Ridwane\AppData\Local\Temp\ccLlJ9C3.s 			page 13


 685 0145 19       		.uleb128 0x19
 686 0146 49       		.uleb128 0x49
 687 0147 13       		.uleb128 0x13
 688 0148 01       		.uleb128 0x1
 689 0149 13       		.uleb128 0x13
 690 014a 00       		.byte	0
 691 014b 00       		.byte	0
 692 014c 17       		.uleb128 0x17
 693 014d 2E       		.uleb128 0x2e
 694 014e 00       		.byte	0
 695 014f 03       		.uleb128 0x3
 696 0150 0E       		.uleb128 0xe
 697 0151 3A       		.uleb128 0x3a
 698 0152 0B       		.uleb128 0xb
 699 0153 3B       		.uleb128 0x3b
 700 0154 05       		.uleb128 0x5
 701 0155 39       		.uleb128 0x39
 702 0156 0B       		.uleb128 0xb
 703 0157 27       		.uleb128 0x27
 704 0158 19       		.uleb128 0x19
 705 0159 00       		.byte	0
 706 015a 00       		.byte	0
 707 015b 00       		.byte	0
 708              		.section	.gnu.debuglto_.debug_line,"e",%progbits
 709              	.Ldebug_line0:
 710 0000 63000000 		.4byte	.LELT0-.LSLT0
 711              	.LSLT0:
 712 0004 0500     		.2byte	0x5
 713 0006 04       		.byte	0x4
 714 0007 00       		.byte	0
 715 0008 5B000000 		.4byte	.LELTP0-.LASLTP0
 716              	.LASLTP0:
 717 000c 01       		.byte	0x1
 718 000d 01       		.byte	0x1
 719 000e 01       		.byte	0x1
 720 000f F6       		.byte	0xf6
 721 0010 F2       		.byte	0xf2
 722 0011 0D       		.byte	0xd
 723 0012 00       		.byte	0
 724 0013 01       		.byte	0x1
 725 0014 01       		.byte	0x1
 726 0015 01       		.byte	0x1
 727 0016 01       		.byte	0x1
 728 0017 00       		.byte	0
 729 0018 00       		.byte	0
 730 0019 00       		.byte	0
 731 001a 01       		.byte	0x1
 732 001b 00       		.byte	0
 733 001c 00       		.byte	0
 734 001d 01       		.byte	0x1
 735 001e 01       		.byte	0x1
 736 001f 01       		.uleb128 0x1
 737 0020 1F       		.uleb128 0x1f
 738 0021 07       		.uleb128 0x7
 739 0022 73000000 		.4byte	.LASF44
 740 0026 F6000000 		.4byte	.LASF45
 741 002a 29010000 		.4byte	.LASF46
ARM GAS  C:\Users\Ridwane\AppData\Local\Temp\ccLlJ9C3.s 			page 14


 742 002e C9010000 		.4byte	.LASF47
 743 0032 A4000000 		.4byte	.LASF48
 744 0036 61010000 		.4byte	.LASF49
 745 003a 0A000000 		.4byte	.LASF50
 746 003e 02       		.byte	0x2
 747 003f 01       		.uleb128 0x1
 748 0040 1F       		.uleb128 0x1f
 749 0041 02       		.uleb128 0x2
 750 0042 0B       		.uleb128 0xb
 751 0043 07       		.uleb128 0x7
 752 0044 D0000000 		.4byte	.LASF51
 753 0048 00       		.byte	0
 754 0049 B8010000 		.4byte	.LASF52
 755 004d 05       		.byte	0x5
 756 004e 00000000 		.4byte	.LASF53
 757 0052 06       		.byte	0x6
 758 0053 6A000000 		.4byte	.LASF54
 759 0057 04       		.byte	0x4
 760 0058 C4000000 		.4byte	.LASF55
 761 005c 02       		.byte	0x2
 762 005d 5D000000 		.4byte	.LASF56
 763 0061 01       		.byte	0x1
 764 0062 58010000 		.4byte	.LASF57
 765 0066 03       		.byte	0x3
 766              	.LELTP0:
 767              	.LELT0:
 768              		.section	.gnu.debuglto_.debug_str,"eMS",%progbits,1
 769              	.LASF20:
 770 0000 42445452 		.ascii	"BDTR\000"
 770      00
 771              	.LASF26:
 772 0005 73744973 		.ascii	"stIsAlarmActive\000"
 772      416C6172 
 772      6D416374 
 772      69766500 
 773              	.LASF31:
 774 0015 73744765 		.ascii	"stGetCounter\000"
 774      74436F75 
 774      6E746572 
 774      00
 775              	.LASF13:
 776 0022 73797374 		.ascii	"systime_t\000"
 776      696D655F 
 776      7400
 777              	.LASF40:
 778 002c 2E2E2F2E 		.ascii	"../../chibios2111/os/hal/src/hal_st.c\000"
 778      2E2F6368 
 778      6962696F 
 778      73323131 
 778      312F6F73 
 779              	.LASF6:
 780 0052 73686F72 		.ascii	"short unsigned int\000"
 780      7420756E 
 780      7369676E 
 780      65642069 
 780      6E7400
 781              	.LASF25:
ARM GAS  C:\Users\Ridwane\AppData\Local\Temp\ccLlJ9C3.s 			page 15


 782 0065 73745F6C 		.ascii	"st_lld_init\000"
 782      6C645F69 
 782      6E697400 
 783              	.LASF5:
 784 0071 73686F72 		.ascii	"short int\000"
 784      7420696E 
 784      7400
 785              	.LASF43:
 786 007b 73745F6C 		.ascii	"st_lld_stop_alarm\000"
 786      6C645F73 
 786      746F705F 
 786      616C6172 
 786      6D00
 787              	.LASF34:
 788 008d 73745F6C 		.ascii	"st_lld_is_alarm_active\000"
 788      6C645F69 
 788      735F616C 
 788      61726D5F 
 788      61637469 
 789              	.LASF24:
 790 00a4 73746D33 		.ascii	"stm32_tim_t\000"
 790      325F7469 
 790      6D5F7400 
 791              	.LASF16:
 792 00b0 44494552 		.ascii	"DIER\000"
 792      00
 793              	.LASF27:
 794 00b5 5F5F6675 		.ascii	"__func__\000"
 794      6E635F5F 
 794      00
 795              	.LASF37:
 796 00be 73745F6C 		.ascii	"st_lld_start_alarm\000"
 796      6C645F73 
 796      74617274 
 796      5F616C61 
 796      726D00
 797              	.LASF30:
 798 00d1 61627374 		.ascii	"abstime\000"
 798      696D6500 
 799              	.LASF4:
 800 00d9 756E7369 		.ascii	"unsigned char\000"
 800      676E6564 
 800      20636861 
 800      7200
 801              	.LASF8:
 802 00e7 6C6F6E67 		.ascii	"long unsigned int\000"
 802      20756E73 
 802      69676E65 
 802      6420696E 
 802      7400
 803              	.LASF36:
 804 00f9 73745F6C 		.ascii	"st_lld_set_alarm\000"
 804      6C645F73 
 804      65745F61 
 804      6C61726D 
 804      00
 805              	.LASF10:
ARM GAS  C:\Users\Ridwane\AppData\Local\Temp\ccLlJ9C3.s 			page 16


 806 010a 5F5F7569 		.ascii	"__uint32_t\000"
 806      6E743332 
 806      5F7400
 807              	.LASF21:
 808 0115 444D4152 		.ascii	"DMAR\000"
 808      00
 809              	.LASF32:
 810 011a 73745374 		.ascii	"stStopAlarm\000"
 810      6F70416C 
 810      61726D00 
 811              	.LASF38:
 812 0126 73745F6C 		.ascii	"st_lld_get_counter\000"
 812      6C645F67 
 812      65745F63 
 812      6F756E74 
 812      657200
 813              	.LASF0:
 814 0139 756E7369 		.ascii	"unsigned int\000"
 814      676E6564 
 814      20696E74 
 814      00
 815              	.LASF12:
 816 0146 63686172 		.ascii	"char\000"
 816      00
 817              	.LASF29:
 818 014b 73745374 		.ascii	"stStartAlarm\000"
 818      61727441 
 818      6C61726D 
 818      00
 819              	.LASF28:
 820 0158 73745365 		.ascii	"stSetAlarm\000"
 820      74416C61 
 820      726D00
 821              	.LASF33:
 822 0163 7374496E 		.ascii	"stInit\000"
 822      697400
 823              	.LASF1:
 824 016a 6C6F6E67 		.ascii	"long long int\000"
 824      206C6F6E 
 824      6720696E 
 824      7400
 825              	.LASF41:
 826 0178 433A5C43 		.ascii	"C:\\ChibiStudio\\workspace_user\\CRYSTALS-Dilithium"
 826      68696269 
 826      53747564 
 826      696F5C77 
 826      6F726B73 
 827 01a8 00       		.ascii	"\000"
 828              	.LASF35:
 829 01a9 73745F6C 		.ascii	"st_lld_get_alarm\000"
 829      6C645F67 
 829      65745F61 
 829      6C61726D 
 829      00
 830              	.LASF19:
 831 01ba 43434552 		.ascii	"CCER\000"
 831      00
ARM GAS  C:\Users\Ridwane\AppData\Local\Temp\ccLlJ9C3.s 			page 17


 832              	.LASF15:
 833 01bf 534D4352 		.ascii	"SMCR\000"
 833      00
 834              	.LASF17:
 835 01c4 43434D52 		.ascii	"CCMR1\000"
 835      3100
 836              	.LASF18:
 837 01ca 43434D52 		.ascii	"CCMR2\000"
 837      3200
 838              	.LASF22:
 839 01d0 43434D52 		.ascii	"CCMR3\000"
 839      3300
 840              	.LASF11:
 841 01d6 75696E74 		.ascii	"uint32_t\000"
 841      33325F74 
 841      00
 842              	.LASF7:
 843 01df 6C6F6E67 		.ascii	"long int\000"
 843      20696E74 
 843      00
 844              	.LASF39:
 845 01e8 474E5520 		.ascii	"GNU C17 11.3.1 20220712 -mcpu=cortex-m4 -mthumb -mf"
 845      43313720 
 845      31312E33 
 845      2E312032 
 845      30323230 
 846 021b 6C6F6174 		.ascii	"loat-abi=soft -march=armv7e-m -ggdb -O2 -fomit-fram"
 846      2D616269 
 846      3D736F66 
 846      74202D6D 
 846      61726368 
 847 024e 652D706F 		.ascii	"e-pointer -falign-functions=16 -ffunction-sections "
 847      696E7465 
 847      72202D66 
 847      616C6967 
 847      6E2D6675 
 848 0281 2D666461 		.ascii	"-fdata-sections -fno-common -flto\000"
 848      74612D73 
 848      65637469 
 848      6F6E7320 
 848      2D666E6F 
 849              	.LASF2:
 850 02a3 6C6F6E67 		.ascii	"long double\000"
 850      20646F75 
 850      626C6500 
 851              	.LASF3:
 852 02af 7369676E 		.ascii	"signed char\000"
 852      65642063 
 852      68617200 
 853              	.LASF14:
 854 02bb 5F426F6F 		.ascii	"_Bool\000"
 854      6C00
 855              	.LASF9:
 856 02c1 6C6F6E67 		.ascii	"long long unsigned int\000"
 856      206C6F6E 
 856      6720756E 
 856      7369676E 
ARM GAS  C:\Users\Ridwane\AppData\Local\Temp\ccLlJ9C3.s 			page 18


 856      65642069 
 857              	.LASF23:
 858 02d8 43435852 		.ascii	"CCXR\000"
 858      00
 859              	.LASF42:
 860 02dd 73744765 		.ascii	"stGetAlarm\000"
 860      74416C61 
 860      726D00
 861              		.section	.gnu.debuglto_.debug_line_str,"eMS",%progbits,1
 862              	.LASF53:
 863 0000 5F737464 		.ascii	"_stdint.h\000"
 863      696E742E 
 863      6800
 864              	.LASF50:
 865 000a 633A5C63 		.ascii	"c:\\chibistudio\\tools\\gnu tools arm embedded\\11."
 865      68696269 
 865      73747564 
 865      696F5C74 
 865      6F6F6C73 
 866 0039 33203230 		.ascii	"3 2022.08\\arm-none-eabi\\include\\sys\000"
 866      32322E30 
 866      385C6172 
 866      6D2D6E6F 
 866      6E652D65 
 867              	.LASF56:
 868 005d 68616C5F 		.ascii	"hal_st_lld.h\000"
 868      73745F6C 
 868      6C642E68 
 868      00
 869              	.LASF54:
 870 006a 63687469 		.ascii	"chtime.h\000"
 870      6D652E68 
 870      00
 871              	.LASF44:
 872 0073 433A5C43 		.ascii	"C:\\ChibiStudio\\workspace_user\\CRYSTALS-Dilithium"
 872      68696269 
 872      53747564 
 872      696F5C77 
 872      6F726B73 
 873 00a3 00       		.ascii	"\000"
 874              	.LASF48:
 875 00a4 2E2E2F2E 		.ascii	"../../chibios2111/os/rt/include\000"
 875      2E2F6368 
 875      6962696F 
 875      73323131 
 875      312F6F73 
 876              	.LASF55:
 877 00c4 73746D33 		.ascii	"stm32_tim.h\000"
 877      325F7469 
 877      6D2E6800 
 878              	.LASF51:
 879 00d0 2E2E2F2E 		.ascii	"../../chibios2111/os/hal/src/hal_st.c\000"
 879      2E2F6368 
 879      6962696F 
 879      73323131 
 879      312F6F73 
 880              	.LASF45:
ARM GAS  C:\Users\Ridwane\AppData\Local\Temp\ccLlJ9C3.s 			page 19


 881 00f6 2E2E2F2E 		.ascii	"../../chibios2111/os/hal/ports/STM32/LLD/SYSTICKv1\000"
 881      2E2F6368 
 881      6962696F 
 881      73323131 
 881      312F6F73 
 882              	.LASF46:
 883 0129 2E2E2F2E 		.ascii	"../../chibios2111/os/hal/ports/STM32/LLD/TIMv1\000"
 883      2E2F6368 
 883      6962696F 
 883      73323131 
 883      312F6F73 
 884              	.LASF57:
 885 0158 68616C5F 		.ascii	"hal_st.c\000"
 885      73742E63 
 885      00
 886              	.LASF49:
 887 0161 633A5C63 		.ascii	"c:\\chibistudio\\tools\\gnu tools arm embedded\\11."
 887      68696269 
 887      73747564 
 887      696F5C74 
 887      6F6F6C73 
 888 0190 33203230 		.ascii	"3 2022.08\\arm-none-eabi\\include\\machine\000"
 888      32322E30 
 888      385C6172 
 888      6D2D6E6F 
 888      6E652D65 
 889              	.LASF52:
 890 01b8 5F646566 		.ascii	"_default_types.h\000"
 890      61756C74 
 890      5F747970 
 890      65732E68 
 890      00
 891              	.LASF47:
 892 01c9 2E2E2F2E 		.ascii	"../../chibios2111/os/hal/src\000"
 892      2E2F6368 
 892      6962696F 
 892      73323131 
 892      312F6F73 
 893              		.text
 894              		.section	.gnu.lto_.profile.8e7efd65,"e",%progbits
 895 0000 789C6362 		.ascii	"x\234cb\000\001\000\000\022\000\003"
 895      00010000 
 895      120003
 896              		.text
 897              		.section	.gnu.lto_.icf.8e7efd65,"e",%progbits
 898 0000 789C0B64 		.ascii	"x\234\013d@\000v\206++\376,ba`\374<\253\3538\017\023"
 898      40007686 
 898      2B2BFE2C 
 898      626160FC 
 898      3CABEB38 
 899 0016 13031323 		.ascii	"\023\003\023#\323\375\007=}ll`&\0243\337\177\266\211"
 899      D3FD073D 
 899      7D6C6C60 
 899      261433DF 
 899      7FB689
 900 0029 1D2CC9B2 		.ascii	"\035,\311\262\351\372\"\0050\213\365\335\253W\357x\301"
 900      E9FA2205 
ARM GAS  C:\Users\Ridwane\AppData\Local\Temp\ccLlJ9C3.s 			page 20


 900      308BF5DD 
 900      AB57EF78 
 900      C1
 901 003a 4CB6C3EB 		.ascii	"L\266\303\353\016\365r\203\231\014\000\252\015\024\336"
 901      0EF57283 
 901      990C00AA 
 901      0D14DE
 902              		.text
 903              		.section	.gnu.lto_.ipa_sra.8e7efd65,"e",%progbits
 904 0000 789C5364 		.ascii	"x\234Sd@\000v\006\006F\006FF\006f&F\020\227\221\231"
 904      40007606 
 904      06460646 
 904      46066626 
 904      46109791 
 905 0015 819105C2 		.ascii	"\201\221\005\302be`fc`f\000\000\010\271\000N"
 905      62656066 
 905      63606600 
 905      0008B900 
 905      4E
 906              		.text
 907              		.section	.gnu.lto_.inline.8e7efd65,"e",%progbits
 908 0000 789CFBCB 		.ascii	"x\234\373\313\200\000\354\014\014,\015@\300\234\306"
 908      8000EC0C 
 908      0C2C0D40 
 908      C09CC6
 909 000f C8C0C4C0 		.ascii	"\310\300\304\300\320\010d\32610\260\201\204\230R\230"
 909      D00864D6 
 909      3130B081 
 909      84985298 
 910 001f 40420C0C 		.ascii	"@B\014\014\214\\`\022\2520\005\250\220\011,\237\214"
 910      8C5C6012 
 910      AA3005A8 
 910      90092C9F 
 910      8C
 911 0030 AE9009CC 		.ascii	"\256\220\011\314?\300\224\012T\302\006Q\214\256\204"
 911      3FC0940A 
 911      54C20651 
 911      8CAE84
 912 003f 99B0292C 		.ascii	"\231\260),\204\225\260\022V\302F\330-\014\000\262\026"
 912      8495B012 
 912      56C246D8 
 912      2D0C00B2 
 912      16
 913 0050 34B2     		.ascii	"4\262"
 914              		.text
 915              		.section	.gnu.lto_.jmpfuncs.8e7efd65,"e",%progbits
 916 0000 789C5360 		.ascii	"x\234S`@\000v\020\301\310\300\300\304\310\310X\317\304"
 916      40007610 
 916      C1C8C0C0 
 916      C4C8C858 
 916      CFC4
 917 0012 C4CCC0C0 		.ascii	"\304\314\300\300\002a\26120\260\001\245\000\0271\001"
 917      0261B132 
 917      30B001A5 
 917      00173101 
 918 0022 49       		.ascii	"I"
 919              		.text
ARM GAS  C:\Users\Ridwane\AppData\Local\Temp\ccLlJ9C3.s 			page 21


 920              		.section	.gnu.lto_.pureconst.8e7efd65,"e",%progbits
 921 0000 789C05C1 		.ascii	"x\234\005\301\001\021\000 \014\304\260\037\024\346\000"
 921      01110020 
 921      0CC4B01F 
 921      14E600
 922 000f EDBBAA25 		.ascii	"\355\273\252%yI:C\311\222-\310\221+\0372\332\004\203"
 922      79493A43 
 922      C9922DC8 
 922      912B1F32 
 922      DA0483
 923              		.text
 924              		.section	.gnu.lto_.ipa_modref.8e7efd65,"e",%progbits
 925 0000 789CEB65 		.ascii	"x\234\353e@\000v\006\006\005\001\001(\301\300\010\246"
 925      40007606 
 925      06050101 
 925      28C1C008 
 925      A6
 926 0011 19999881 		.ascii	"\031\231\230\201\230\205\021*\310\204P\001\227a`\306"
 926      9885112A 
 926      C8845001 
 926      976160C6 
 927 0021 26C8824D 		.ascii	"&\310\202M\220\025\233\231l\330\004\031\000~\377\004"
 927      90159B99 
 927      6CD80419 
 927      007EFF04 
 928 0031 7E       		.ascii	"~"
 929              		.text
 930              		.section	.gnu.lto_.lto.8e7efd65,"e",%progbits
 931 0000 0B000300 		.ascii	"\013\000\003\000\001\000\000\000"
 931      01000000 
 932              		.text
 933              		.section	.gnu.lto_stInit.384.8e7efd65,"e",%progbits
 934 0000 789C6B66 		.ascii	"x\234kf``\210\002be fdf`\2344\261\213\211\241\241\241"
 934      60608802 
 934      62652066 
 934      6466609C 
 934      34B18B89 
 935 0017 C1819D89 		.ascii	"\301\201\235\211\261qb\027'\343vF0\217\221\241\236\211"
 935      B1716217 
 935      27E37646 
 935      308F91A1 
 935      9E89
 936 0029 B19E7121 		.ascii	"\261\236q!\263>\220\373\243uv\357a\306\206\025\007\030"
 936      B33E90FB 
 936      A37576EF 
 936      61C68615 
 936      0718
 937 003b 5F3130D4 		.ascii	"_10\3243@\0017\204\315\010\304\353/\261\036h\370\363"
 937      33400137 
 937      84CD08C4 
 937      EB2FB11E 
 937      68F8F3
 938 004e BFBFA1E1 		.ascii	"\277\277\241\341\356#\306y\312\314\014\014\363\230A"
 938      EE23C679 
 938      CACC0C0C 
 938      F39841
 939 005d A636B030 		.ascii	"\2466\26006\034``\230\317\314\004\3414\0029\337\231"
ARM GAS  C:\Users\Ridwane\AppData\Local\Temp\ccLlJ9C3.s 			page 22


 939      361C6060 
 939      98CFCC04 
 939      E1340239 
 939      DF99
 940 006f 1A1EED3E 		.ascii	"\032\036\355>\306\310\360\227\251Y\201\241\213\221\251"
 940      C6C8F097 
 940      A95981A1 
 940      8B91A9
 941 007e B69A8181 		.ascii	"\266\232\201\201\211\231\341?S\323\203\275n`\203\347"
 941      8999E13F 
 941      53D383BD 
 941      6E6083E7 
 942 008e 313322F4 		.ascii	"13\"\36420\030:[\3058gd&e\006\227\224\246d\346\307\224"
 942      3230183A 
 942      5BC53867 
 942      64266506 
 942      9794A664 
 943 00a5 E7176517 		.ascii	"\347\027e\027\027$&\247\306\227\026\247\026\3058\007"
 943      172426A7 
 943      C69716A7 
 943      16C53807 
 944 00b5 45068738 		.ascii	"E\006\2078\372\004\353\272d\346d\226dd\226\3462\250"
 944      FA04EBBA 
 944      64E66496 
 944      646496E6 
 944      32A8
 945 00c7 E9E9E903 		.ascii	"\351\351\351\003Q2HS~\261\221\241\241\241~~\261~Fb\216"
 945      51324853 
 945      7EB191A1 
 945      A1A17E7E 
 945      B17E4662 
 946 00dc 7E715132 		.ascii	"~qQ2\210\216/.\321Kf\000\000\327bP\224"
 946      888E2F2E 
 946      D14B6600 
 946      00D76250 
 946      94
 947              		.text
 948              		.section	.gnu.lto_stGetCounter.385.8e7efd65,"e",%progbits
 949 0000 789C754F 		.ascii	"x\234uOMH\002Q\020\236y\353\246\020\235\242[\207\016"
 949      4D480251 
 949      109E79EB 
 949      A6109DA2 
 949      5B870E
 950 0013 E12D972D 		.ascii	"\341-\227-\350\320\311\260Kd\227\326K \210\251\340\322"
 950      E8D0C9B0 
 950      4B6497D6 
 950      4B2088A9 
 950      E0D2
 951 0025 C69AEBE6 		.ascii	"\306\232\353\346!\304\227\321E\210\260.\201\375`\247"
 951      21C497D1 
 951      4588B02E 
 951      81FD60A7 
 952 0035 822082A0 		.ascii	"\202 \202\240\037\303\226N\335\204\316\235\352\022T"
 952      1FC3964E 
 952      DD84CE9D 
 952      EA1254
 953 0044 10442614 		.ascii	"\020D&\024\330<\355\332\343\315\274\371f\346\233o^\003"
ARM GAS  C:\Users\Ridwane\AppData\Local\Temp\ccLlJ9C3.s 			page 23


 953      D83CEDDA 
 953      E3CDBCF9 
 953      66E69B6F 
 953      5E03
 954 0056 00CA645E 		.ascii	"\000\312d^2\224\0007KE\006\234s\277\233\341J\251X\337"
 954      32940037 
 954      4B45069C 
 954      73BF9BE1 
 954      4AA958DF 
 955 006a 3D73E125 		.ascii	"=s\341%\266\023\010y\206y\254H2v\365\242\213|\037\016"
 955      B6130879 
 955      8679AC48 
 955      3276F5A2 
 955      8B7C1F0E 
 956 007e 280EE7CD 		.ascii	"(\016\347\315\265r\375\251k\347\320q\345!w\201\347\010"
 956      B572FDA9 
 956      6BE7D071 
 956      E5217781 
 956      E708
 957 0090 EDD30D90 		.ascii	"\355\323\015\220\243\2412R\260\\E\240\200\3464_+\022"
 957      A3A13252 
 957      B05C45A0 
 957      80E6345F 
 957      2B12
 958 00a2 5CE1B228 		.ascii	"\\\341\262(_#\245E\367\311\275\354\360\237\326\006\347"
 958      5F23A545 
 958      F7C9BDEC 
 958      F09FD606 
 958      E7
 959 00b3 ADFEDA43 		.ascii	"\255\376\332C\303#1`\022\300\236$V\341.\344\016\300"
 959      C3233160 
 959      12C09E24 
 959      56E12EE4 
 959      0EC0
 960 00c5 BEC43A60 		.ascii	"\276\304:`\225\300\027\343\007n\341?\336\326\337_\356"
 960      95C017E3 
 960      076EE13F 
 960      DED6DF5F 
 960      EE
 961 00d6 7AC52042 		.ascii	"z\305 B\217\237/\333\210\327\010\337\354\266v\324#1"
 961      8F9F2FDB 
 961      88D708DF 
 961      ECB676D4 
 961      2331
 962 00e8 5A322B94 		.ascii	"Z2+\224\311\267\3112\036#\3307XC\030\255p\376<h9\270"
 962      C9B7C932 
 962      1E23D837 
 962      584318AD 
 962      70FE3C68 
 963 00fe 487B408B 		.ascii	"H{@\213\025\336O\267\252\317\036\372-\251\203\020\357"
 963      15DE4FB7 
 963      AACF1EFA 
 963      2DA98310 
 963      EF
 964 010f 50B0E008 		.ascii	"P\260\340\010\250\006\306\302\201\244>\247k\031;\256"
 964      A806C6C2 
 964      81A43EA7 
ARM GAS  C:\Users\Ridwane\AppData\Local\Temp\ccLlJ9C3.s 			page 24


 964      6B193BAE 
 965 011f 9BE1AC99 		.ascii	"\233\341\254\231\236\267R\321X\"b[\211t803\253\205\306"
 965      9EB752D1 
 965      5822625B 
 965      89743830 
 965      33AB85C6 
 966 0133 83DAD084 		.ascii	"\203\332\320\204n\350\231\244n/\200\327\347S\350\306"
 966      6EE899A4 
 966      6E2F80D7 
 966      E753E8C6 
 967 0143 04C9B486 		.ascii	"\004\311\264\206UUULKIF\015\305J\307\304\033\2612\276"
 967      5555554C 
 967      4B49460D 
 967      C54AC7C4 
 967      1BB132BE 
 968 0157 18F8FF6D 		.ascii	"\030\370\377mK\231\351\214\245h\241\351\221a%\030\234"
 968      4B99E98C 
 968      A568A1E9 
 968      91612518 
 968      9C
 969 0168 50349298 		.ascii	"P4\222\230\014L-\251\177\344\210a\304}I\370\005\321"
 969      0C4C2DA9 
 969      7FE48861 
 969      C47D49F8 
 969      05D1
 970 017a 328C25   		.ascii	"2\214%"
 971              		.text
 972              		.section	.gnu.lto_stStartAlarm.386.8e7efd65,"e",%progbits
 973 0000 789C7D51 		.ascii	"x\234}QMh\023A\024~\337n6i\351A\250X<\024)*^\264Y6\202"
 973      4D681341 
 973      147EDF6E 
 973      3669E941 
 973      A8583C14 
 974 001b 144F9514 		.ascii	"\024O\225\024T\214\027\323\213\030\010\311&\220\245"
 974      548C17D3 
 974      8B1808C9 
 974      2690A5
 975 002a 09DB6637 		.ascii	"\011\333f7\026\011\2221E\204\"\226z\022\014\221\336"
 975      16099231 
 975      45842296 
 975      7A120C91 
 975      DE
 976 003b 2208520A 		.ascii	"\"\010R\012\366G\233,\255\332\352A\304\223\007\017!"
 976      F6479B2C 
 976      ADDAEA41 
 976      C493070F 
 976      21
 977 004c 27F11085 		.ascii	"'\361\020\205\212\266T\2113\273Z\274\350\260\363\336"
 977      8AB65489 
 977      33BB5ABC 
 977      E8B0F3DE 
 978 005c 7EEFBDEF 		.ascii	"~\357\275\357{of\232 zBDG\370\206L\270;;-\021cl8 \341"
 978      7B6F669A 
 978      207A4244 
 978      47F8864C 
 978      B83B3B2D 
 979 0076 C6EC7437 		.ascii	"\306\354t7\236\302E\240\222\204\022\346d\225\303\355"
ARM GAS  C:\Users\Ridwane\AppData\Local\Temp\ccLlJ9C3.s 			page 25


 979      9EC245A0 
 979      928412E6 
 979      6495C3ED 
 980 0086 9BF73FAF 		.ascii	"\233\367?\257\203\325\034|\"*\221\273\024\370\367\303"
 980      83D51C7C 
 980      222A91BB 
 980      14F8F7C3 
 981 0096 C7ED010C 		.ascii	"\307\355\001\014(\350\272B\203\016coW\227\030\353\246"
 981      28E8BA42 
 981      830E636F 
 981      579718EB 
 981      A6
 982 00a7 EB2B282D 		.ascii	"\353+(-c\211\267\222\240\277\362\021\365\2704(\340?"
 982      6389B792 
 982      A0BFF211 
 982      F5B83428 
 982      E03F
 983 00b9 C55570B2 		.ascii	"\305Up\262\250\336\376p\353\316\342\321\227S\354\034"
 983      A8DEFE70 
 983      EBCEE2D1 
 983      9753EC1C 
 984 00c9 27145D42 		.ascii	"'\024]B\035\234\261\251(8.\362\357w\252\267\003l\223"
 984      1D9CB1A9 
 984      28382EF2 
 984      EF77AAB7 
 984      036C93
 985 00dc F9F604EB 		.ascii	"\371\366\004\353p[\367\210\241~j\015\3203\024\205\272"
 985      705BF788 
 985      A17E6A0D 
 985      D0331485 
 985      BA
 986 00ed 03AE2A72 		.ascii	"\003\256*r\217\337)\016\373\321\231a\254s\350M\245\323"
 986      8FDF290E 
 986      FBD19961 
 986      AC73E84D 
 986      A5D3
 987 00ff E5978015 		.ascii	"\345\227\200\025\236\250\312\342\224\314\007\346\020"
 987      9EA8CAE2 
 987      94CC07E6 
 987      10
 988 010c 3D90250F 		.ascii	"=\220%\017Lq\360]b\255\255\015\010\177x\317\264\276"
 988      4C71F05D 
 988      62ADAD0D 
 988      087F78CF 
 988      B4BE
 989 011e 05B82B0F 		.ascii	"\005\270+\017\240\016Y\022\201\255\345\231J\273\331"
 989      A00E5912 
 989      81ADE599 
 989      4ABBD9
 990 012d 8B865BD8 		.ascii	"\213\206[\330\232o\337\003\034\320\256\264Vy\330\317"
 990      9A6FDF03 
 990      1CD0AEB4 
 990      5679D8CF 
 991 013d 6FE19A38 		.ascii	"o\341\2328\024\267\256\256\202G\240\311u\254\211\340"
 991      14B7AEAE 
 991      8247A0C9 
 991      75AC89E0 
ARM GAS  C:\Users\Ridwane\AppData\Local\Temp\ccLlJ9C3.s 			page 26


 992 014d A939C63E 		.ascii	"\2519\306>\356+<\207\305\247\034\342\240\3267\361\002"
 992      EE2B3C87 
 992      C5A71CE2 
 992      A0D637F1 
 992      02
 993 015e 27C4CC9E 		.ascii	"'\304\314\236tk\241}P\010}\255\365\377E\364h\023\033"
 993      746BA17D 
 993      50087DAD 
 993      F5FF45F4 
 993      68131B
 994 0171 3079A13F 		.ascii	"0y\241?\007o\320\305\377\224\276\306\230W*T\313_\346"
 994      076FD0C5 
 994      FF94BEC6 
 994      98572A54 
 994      CB5FE6
 995 0184 171A11FE 		.ascii	"\027\032\021\376\232\020W\326\221\312\315\235\263\356"
 995      9A1057D6 
 995      91CACD9D 
 995      B3EE
 996 0192 BB55656F 		.ascii	"\273UeoF\224\035\001\265\360\351X8c$\215\250]H\031f"
 996      46941D01 
 996      B5F0E958 
 996      3863248D 
 996      A85D4819 
 997 01a7 6CD2CC8F 		.ascii	"l\322\314\217Y\343\011=\035/X\351|,|\351rt\364L$:8b"
 997      59E3093D 
 997      1D2F58E9 
 997      7C2C7CE9 
 997      7274F44C 
 998 01bf 640D3B63 		.ascii	"d\015;c\024rt,\030T\371\247\013\222i\2054MSMK\315$\262"
 998      1472742C 
 998      1854F9A7 
 998      0B926985 
 998      344D534D 
 999 01d7 AA95D785 		.ascii	"\252\225\327\205\217[vP\247@\"i\331F.\335\373'\022\014"
 999      8F5B7650 
 999      A7402269 
 999      D9462EDD 
 999      FB27120C 
 1000 01eb 859243A9 		.ascii	"\205\222C\251DR\247\341\177*\214\233y\333R\243\243\027"
 1000      4452A7E1 
 1000      7F2A8C9B 
 1000      79DB52A3 
 1000      A317
 1001 01fd 4F86D448 		.ascii	"O\206\324HdD\215\362\356\347\303\027\256j\277u\343\331"
 1001      64448DF2 
 1001      EEE7C317 
 1001      AE6ABF75 
 1001      E3D9
 1002 020f 6C2A98A1 		.ascii	"l*\230\241_\311\360\347\203"
 1002      5FC9F0E7 
 1002      83
 1003              		.text
 1004              		.section	.gnu.lto_stStopAlarm.387.8e7efd65,"e",%progbits
 1005 0000 789C7BC6 		.ascii	"x\234{\306\300\3000\033\210\225\201\230\221\231\201"
 1005      C0C0301B 
 1005      88958198 
ARM GAS  C:\Users\Ridwane\AppData\Local\Temp\ccLlJ9C3.s 			page 27


 1005      919981
 1006 000f 71D2C42E 		.ascii	"q\322\304.&\206\206\206\006\007v&\306\306\211]\234\214"
 1006      26868686 
 1006      06077626 
 1006      C6C6895D 
 1006      9C8C
 1007 0021 DB19C13C 		.ascii	"\333\031\301<F\206z&\306z\306\205\314\372@\356\217\326"
 1007      46867A26 
 1007      C67AC685 
 1007      CCFA40EE 
 1007      8FD6
 1008 0033 D9BD4719 		.ascii	"\331\275G\031\033V\034`|\305\300P\317\000\005\334`6"
 1008      1B561C60 
 1008      7CC5C050 
 1008      CF0005DC 
 1008      6036
 1009 0045 232B2390 		.ascii	"#+#\220Q\273\223\221\001\310\000\251=n\304\260\203\261"
 1009      51BB9391 
 1009      01C800A9 
 1009      3D6EC4B0 
 1009      83B1
 1010 0057 1624BB8B 		.ascii	"\026$\273\213\021(\312\010T\271\376\022\353\201\206"
 1010      1128CA08 
 1010      54B9FE12 
 1010      EB8186
 1011 0066 3FFFFB1B 		.ascii	"?\377\373\033\032\336k\354\230\263\214\223\231\201a"
 1011      1ADE6BEC 
 1011      98B38C93 
 1011      998161
 1012 0075 1E33C8D6 		.ascii	"\0363\310\326\006\026\306\206\003\014\014\363\231\231"
 1012      0616C686 
 1012      030C0CF3 
 1012      9999
 1013 0083 209C6620 		.ascii	" \234f \347;S\303\243\371\247\030A\364\347\267\275w"
 1013      E73B53C3 
 1013      A3F9A718 
 1013      41F4E7B7 
 1013      BD77
 1014 0095 DE3D1002 		.ascii	"\336=\020\002\031\003\022\375\374n\006#\343.F\206\337"
 1014      190312FD 
 1014      FC6E0623 
 1014      E32E4686 
 1014      DF
 1015 00a6 4C87BEAC 		.ascii	"L\207\276\254\020ged\253\006Y\012$\301\232Y\031\327"
 1015      10676564 
 1015      AB06590A 
 1015      24C19A59 
 1015      19D7
 1016 00b8 303254EE 		.ascii	"02T\356e\334\303\310`\266\260\241\341\005\177\371>\306"
 1016      65DCC3C8 
 1016      60B6B0A1 
 1016      E1057FF9 
 1016      3EC6
 1017 00ca 52A01BD8 		.ascii	"R\240\033\330\212\201N\370\317\324\364ac\363e\027\240"
 1017      8A814EF8 
 1017      CFD4F461 
 1017      63F36517 
ARM GAS  C:\Users\Ridwane\AppData\Local\Temp\ccLlJ9C3.s 			page 28


 1017      A0
 1018 00db F7C06E9F 		.ascii	"\367\300n\237\307\014\321\304\330t\000\3045t\266\212"
 1018      C70CD1C4 
 1018      D87400C4 
 1018      3574B68A 
 1019 00eb 71CEC84C 		.ascii	"q\316\310L\312\014.)M\311\314\217)\317/\312..HLN\215"
 1019      CA0C2E29 
 1019      4DC9CC8F 
 1019      29CF2FCA 
 1019      2E2E484C 
 1020 0101 2F2D4E2D 		.ascii	"/-N-\212q\016\212\014\016q\364\011\326u\311\314\311"
 1020      8A710E8A 
 1020      0C0E71F4 
 1020      09D675C9 
 1020      CCC9
 1021 0113 2CC9C82C 		.ascii	",\311\310,\315eP\323\323\323\007\242d\220\246\374b#"
 1021      CD6550D3 
 1021      D3D307A2 
 1021      6490A6FC 
 1021      6223
 1022 0125 434343FD 		.ascii	"CCC\375\374b\375\214\304\034\375\342\242d\020\035_\\"
 1022      FC62FD8C 
 1022      C41CFDE2 
 1022      A264101D 
 1022      5F5C
 1023 0137 A297CCE0 		.ascii	"\242\227\314\340\200SYA~QI\261~p\210\257\261\221\276"
 1023      80535941 
 1023      7E5149B1 
 1023      7E7088AF 
 1023      B191BE
 1024 014a 8F8F8B7E 		.ascii	"\217\217\213~0\320\012Og\3572C\250\346\370\234\234\024"
 1024      30D00A4F 
 1024      67EF3243 
 1024      A8E6F89C 
 1024      9C14
 1025 015c BD0C0600 		.ascii	"\275\014\006\000V\333\2104"
 1025      56DB8834 
 1026              		.text
 1027              		.section	.gnu.lto_stSetAlarm.388.8e7efd65,"e",%progbits
 1028 0000 789C7550 		.ascii	"x\234uPKh\023Q\024\275\347\315\2141v!Tt\345\242(\270"
 1028      4B681351 
 1028      14BDE7CD 
 1028      8C317621 
 1028      5474E5A2 
 1029 0016 503BC38C 		.ascii	"P;\303\214 \245\270\250\244\013?q\343t#\006B2\011d0"
 1029      20A5B8A8 
 1029      A40B3F71 
 1029      E3742306 
 1029      42320964 
 1030 002b 656A6662 		.ascii	"ejfb\221 y\246\210\020\204RW\202\241R\020\254\037\224"
 1030      912079A6 
 1030      88108452 
 1030      5782A152 
 1030      10AC1F94 
 1031 003f 6EB41F4D 		.ascii	"n\264\037M\207j@DD\004Q\261h\311J\334\324\322\205\005"
 1031      876A4044 
 1031      440451B1 
ARM GAS  C:\Users\Ridwane\AppData\Local\Temp\ccLlJ9C3.s 			page 29


 1031      68C94ADC 
 1031      D4D28505 
 1032 0053 85FADE54 		.ascii	"\205\372\336T\273sxs\357;\367\276s\356\247\016\242\307"
 1032      BB737873 
 1032      EF3BF7BE 
 1032      73EEA70E 
 1032      A2C7
 1033 0065 44B457FC 		.ascii	"D\264W\374P\010\327\307\352\2148\347}1\206\313c\365"
 1033      5008D7C7 
 1033      EA8C38E7 
 1033      7D3186CB 
 1033      63F5
 1034 0077 38E61021 		.ascii	"8\346\020!P\225\241\212\011\305\020p\355\312\315\373"
 1034      5095A18A 
 1034      09C51070 
 1034      EDCACDFB 
 1035 0087 2DF0C910 		.ascii	"-\360\311\020\337\211\252\024}\032\266\354\200*\354"
 1035      DF89AA14 
 1035      7D1AB6EC 
 1035      802AEC
 1036 0096 4E7469D8 		.ascii	"Nti\330z\226\272C\316\337\316Ms\036\247K\263\250\316"
 1036      7A96BA43 
 1036      CEDFCE4D 
 1036      731EA74B 
 1036      B3A8CE
 1037 00a9 605A9462 		.ascii	"`Z\224bpn\253D\035\021\015\032\304\245\362\014\202,"
 1037      706EAB44 
 1037      1D110D1A 
 1037      C4A5F20C 
 1037      822C
 1038 00bb 5FAF2D5E 		.ascii	"_\257-^}\363\344Hk\204\037\023\204JDhB0\356h\032\016"
 1038      7DF3E448 
 1038      6B841F13 
 1038      844A4468 
 1038      4230EE68 
 1039 00d1 C8FCC74F 		.ascii	"\310\374\307O\367\256\305\370K\256n\0126\021\225\356"
 1039      F7AEC5F8 
 1039      4BAE6E0A 
 1039      361195EE 
 1040 00e1 904D7DB0 		.ascii	"\220M}\260\346AOQ\221\352!\204\252\314=z\247\205\374"
 1040      E6414F51 
 1040      91EA2184 
 1040      AACC3D7A 
 1040      A785FC
 1041 00f4 F7FA28E7 		.ascii	"\367\372(\347_\367\277n<\214\253\014\230\025\211qEN"
 1041      5FF7BF6E 
 1041      3C8CAB0C 
 1041      98158971 
 1041      454E
 1042 0106 C955F090 		.ascii	"\311U\360\220\350\226\3026\300\210\000?\031o\177~\005"
 1042      E896C236 
 1042      C088003F 
 1042      196F7F7E 
 1042      05
 1043 0117 E9F76C9A 		.ascii	"\351\367l\232\366\227m\302\325\272\320\204\302d`uf\264"
 1043      F6976DC2 
 1043      D5BAD084 
ARM GAS  C:\Users\Ridwane\AppData\Local\Temp\ccLlJ9C3.s 			page 30


 1043      C2646075 
 1043      66B4
 1044 0129 B1BCD489 		.ascii	"\261\274\324\211\371\350a{j\371\006\020\202~\261\205"
 1044      F9E8617B 
 1044      6AF90610 
 1044      827EB185 
 1045 0139 C6DDDD62 		.ascii	"\306\335\335b\013\027\345P\302F\272\032\036\200\206"
 1045      0B17E550 
 1045      C246BA1A 
 1045      1E8086
 1046 0148 9F634106 		.ascii	"\237cA\006\017Op\376m{\371\005|\321e\217\000\223\273"
 1046      0F4F70FE 
 1046      6D7BF905 
 1046      7CD1658F 
 1046      0093BB
 1047 015b CEB77050 		.ascii	"\316\267pP\366\034I\327~L\255\276O\212\275C\016\267"
 1047      F61C49D7 
 1047      7E4CADBE 
 1047      4F8ABD43 
 1047      0EB7
 1048 016d CE6A4B2B 		.ascii	"\316jK+'\242\015\217+\033j\250\205\022\232\211\336T"
 1048      27A20D8F 
 1048      2B1B6AA8 
 1048      85129A89 
 1048      DE54
 1049 017f A2E0665D 		.ascii	"\242\340f];(\347\\/5\354\225\316\371C\031'\237.\373"
 1049      3B28E75C 
 1049      2F35EC95 
 1049      CEF94319 
 1049      279F2EFB 
 1050 0193 F9522A71 		.ascii	"\371R*q\372\214=p4iw\367\273E7(\270\345A\332\247\353"
 1050      FA8C3D70 
 1050      346977F7 
 1050      BB453728 
 1050      B8E541DA 
 1051 01a9 86388E24 		.ascii	"\2068\216$y\276e\232\246\341\371F!S4\374\222#}\332\017"
 1051      79BE659A 
 1051      A6E1F946 
 1051      215334FC 
 1051      92237DDA 
 1052 01be 74876299 		.ascii	"t\207b\231\254\037\270\203\371\316\177\021\335\262\262"
 1052      AC1FB883 
 1052      F9CE7F11 
 1052      DDB2B2
 1053 01cd 3DB94CD6 		.ascii	"=\271L\326\241\276\377*\014y\245\3007\354\201S\207,"
 1053      A1BEFF2A 
 1053      0C79A5C0 
 1053      37EC8153 
 1053      872C
 1054 01df 2399EC37 		.ascii	"#\231\3547lQ\375x\342\344\005\363\257n\272X\314\351"
 1054      6C51FD78 
 1054      E2E405F3 
 1054      AF6EBA58 
 1054      CCE9
 1055 01f1 05FA037F 		.ascii	"\005\372\003\177\030\306\257"
 1055      18C6AF
 1056              		.text
ARM GAS  C:\Users\Ridwane\AppData\Local\Temp\ccLlJ9C3.s 			page 31


 1057              		.section	.gnu.lto_stGetAlarm.389.8e7efd65,"e",%progbits
 1058 0000 789C7550 		.ascii	"x\234uP;H\003A\020\235\331\273\370A\254\202\205\235"
 1058      3B480341 
 1058      109DD9BB 
 1058      F841AC82 
 1058      859D
 1059 0012 8868A339 		.ascii	"\210h\2439NA\304JI\03216\236\215\020\0101\006r\030\271"
 1059      4E41C44A 
 1059      491A3136 
 1059      9E8D1008 
 1059      31067218 
 1060 0027 98BB6821 		.ascii	"\230\273h!!k\304& \022+!\022\211\225\202 \202\370\015"
 1060      216BC426 
 1060      20122B21 
 1060      12899582 
 1060      2082F80D 
 1061 003b 7A5A09E9 		.ascii	"zZ\011\351\304\306J\020\3044\022!\205\001\2058\033\305"
 1061      C4C64A10 
 1061      C4341221 
 1061      85018538 
 1061      1BC5
 1062 004d CE657766 		.ascii	"\316ewf\336\333\231\267\217mG\200,\000t\323A\011p3\223"
 1062      DEDB99B7 
 1062      8F6D4780 
 1062      2C0074D3 
 1062      41097033 
 1063 0062 66C0391F 		.ascii	"f\3009\037id\270\222I\327\016\216e<\307:\201\220d\230"
 1063      6964B892 
 1063      49D70E8E 
 1063      653CC73A 
 1063      81906498 
 1064 0076 C4BCE4C0 		.ascii	"\304\274\344\300\006'\312\024\333\260C\2619\257\256"
 1064      0627CA14 
 1064      DBB043B1 
 1064      39AFAE
 1065 0085 658B2F0D 		.ascii	"e\213/\015\333{\266\234\204\304\031\236\222\244X-\000"
 1065      DB7BB69C 
 1065      84C4199E 
 1065      92A4582D 
 1065      00
 1066 0096 09127520 		.ascii	"\011\022u \025\313\227\010T\220N\365uW\202\013\\\026"
 1066      15CB9708 
 1066      54904EF5 
 1066      7557820B 
 1066      5C16
 1067 00a8 D705245A 		.ascii	"\327\005$Zt\037\336;l\376U\333\340\374\251\267\260}"
 1067      741FDE3B 
 1067      6CFE55DB 
 1067      E0FCA9B7 
 1067      B07D
 1068 00ba D22C3160 		.ascii	"\322,1`\022@N\022V\270\214\334\006\330\221\330\017X"
 1068      12404E12 
 1068      56B88CDC 
 1068      06D891D8 
 1068      0F58
 1069 00cc 25F0C1F8 		.ascii	"%\360\301\370s\266\210\"w\376\205\347\\\213H\225\267"
 1069      73B68822 
ARM GAS  C:\Users\Ridwane\AppData\Local\Temp\ccLlJ9C3.s 			page 32


 1069      77FE85E7 
 1069      5C8B4895 
 1069      B7
 1070 00dd F587F29D 		.ascii	"\365\207\362\235Sh\013\362\261\274\205X@\370d\267\367"
 1070      53680BF2 
 1070      B1BC8558 
 1070      40F864B7 
 1070      F7
 1071 00ee FBAD1223 		.ascii	"\373\255\022#\337K\302\014\305\272\236\003\017\020\342"
 1071      DF4BC20C 
 1071      C5BA9E03 
 1071      0F10E2
 1072 00fd D77825C8 		.ascii	"\327x%\310\301<\347\245.\323\306\00527D`\257\307\270"
 1072      C13CE7A5 
 1072      2ED3C605 
 1072      32374460 
 1072      AFC7B8
 1073 0110 C15E6115 		.ascii	"\301^a\025j,\365~Ty,5\321\207\220A\020\376~$0e\013\250"
 1073      6A2CF57E 
 1073      54792C35 
 1073      D1879041 
 1073      10FE7E24 
 1074 0128 BA877DEE 		.ascii	"\272\207}\356\260>\243kV|V7|KFl\316\214\006\202!\177"
 1074      B03EA36B 
 1074      567C5637 
 1074      7C4B466C 
 1074      CE8C0682 
 1075 013e DC0CC57C 		.ascii	"\334\014\305|\356\311imj\324\253\365y\364\210n\205\365"
 1075      EEC9696D 
 1075      6AD4ABF5 
 1075      79F4886E 
 1075      85F5
 1076 0150 F83C74BB 		.ascii	"\370<t\273\\\012\355\240\0302\314~UU\025\303T\302\201"
 1076      5C0AEDA0 
 1076      1832CC7E 
 1076      555515C3 
 1076      54C281
 1077 0163 8862C682 		.ascii	"\210b\306\202\"\373M\313\025\204\221\177\333\242F\314"
 1077      22FB4DCB 
 1077      1584917F 
 1077      DBA246CC 
 1078 0173 32156D6A 		.ascii	"2\025mjb\240_\361z=\212FO\214\271\307\027\325\337a\177"
 1078      62A05FF1 
 1078      7A3D8A46 
 1078      4F8CB9C7 
 1078      17D5DF61 
 1079 0188 2432EB0A 		.ascii	"$2\353\012\3037r\322\227\365"
 1079      C33772D2 
 1079      97F5
 1080              		.text
 1081              		.section	.gnu.lto_stIsAlarmActive.390.8e7efd65,"e",%progbits
 1082 0000 789C7550 		.ascii	"x\234uP;K\003A\020\236\331\315EE\260\360\017\330\211"
 1082      3B4B0341 
 1082      109ED9CD 
 1082      4545B0F0 
 1082      0FD889
 1083 0013 8D775C44 		.ascii	"\215w\\D\013+%i\304\330x6B \304$\220\303\310i.\321\""
ARM GAS  C:\Users\Ridwane\AppData\Local\Temp\ccLlJ9C3.s 			page 33


 1083      0B2B2569 
 1083      C4D87836 
 1083      4220C424 
 1083      90C3C869 
 1084 002a 48D60409 		.ascii	"H\326\004\011\010\342\003\204`@\321JA\324BP\343\203"
 1084      08E20384 
 1084      6040D14A 
 1084      41D44250 
 1084      E383
 1085 003c 43F00FF8 		.ascii	"C\360\017\370\350\024\305VDQPAAg/\266.;\263\363\315"
 1085      E814C556 
 1085      44515041 
 1085      41672FB6 
 1085      2E3BB3F3 
 1086 0051 CC37F3B1 		.ascii	"\3147\363\261\015\010P\006\200f2\344\200\213\0133\014"
 1086      0D085006 
 1086      806632E4 
 1086      808B0B33 
 1086      0C
 1087 0062 84105D35 		.ascii	"\204\020]5\014\247\026f\236\267\367<\270\217n\002!\307"
 1087      0CA71666 
 1087      9EB7F73C 
 1087      B88F6E02 
 1087      21C7
 1088 0074 30876B5C 		.ascii	"0\207k\\s\204\370\234.?\236\343\362\206\2039\230l\367"
 1088      7384F89C 
 1088      2E3F9EE3 
 1088      F2868339 
 1088      986CF7
 1089 0087 817BEA01 		.ascii	"\201{\352\001&i\214\202\024d\017\021( \346\347\373:"
 1089      26698C82 
 1089      14640F11 
 1089      2820E6E7 
 1089      FB3A
 1090 0099 8703CCCA 		.ascii	"\207\003\314\312r\005)M+a\347Bq\304\367\317\234\020"
 1090      7205294D 
 1090      2B61E742 
 1090      71C4F7CF 
 1090      9C10
 1091 00ab 77EAF1CD 		.ascii	"w\352\361\315Q\235\302\200qN\346\001F\345\025.E\010"
 1091      519DC280 
 1091      714EE601 
 1091      46E5152E 
 1091      4508
 1092 00bd 0F0A0760 		.ascii	"\017\012\007`\225\263*(\020\370`b\275F\372\267\247\331"
 1092      95B32A28 
 1092      10F86062 
 1092      BD46FAB7 
 1092      A7D9
 1093 00cf F9D7FB46 		.ascii	"\371\327\373F9\220\320\303\322k\011\261\202\360\305"
 1093      3990D0C3 
 1093      D26B09B1 
 1093      82F0C5
 1094 00de CE4E379B 		.ascii	"\316N7\2338S\320;!\025\220w\311\012n!dN\360\030\241"
 1094      3853D03B 
 1094      21159077 
 1094      C90A6E21 
ARM GAS  C:\Users\Ridwane\AppData\Local\Temp\ccLlJ9C3.s 			page 34


 1094      644EF018 
 1095 00f3 634D885A 		.ascii	"cM\210Z\373\024\307\300\355/\224\212O\036\3169\363\266"
 1095      FB14C7C0 
 1095      ED2F948A 
 1095      4F1ECE39 
 1095      F3B6
 1096 0105 2093F8AA 		.ascii	" \223\370\252x\215\2342\204\001~X\376e\367\362V\376"
 1096      788D9C32 
 1096      84017E58 
 1096      FE65F7F2 
 1096      56FE
 1097 0117 026973A5 		.ascii	"\002is\245U\007b\336\221P\367w\206\374\011s\3104\322"
 1097      550762DE 
 1097      9150F777 
 1097      86FC0973 
 1097      C834D2
 1098 012a 99986985 		.ascii	"\231\230i\205&\254\324\260=\032\211\306\303\031;\236"
 1098      26ACD4B0 
 1098      3D1A89C6 
 1098      C3193B9E 
 1099 013a 0AF9FB07 		.ascii	"\012\371\373\007\215\201\356\240\321\0320\223f:afF\240"
 1099      8D81EEA0 
 1099      D11A3093 
 1099      663A6166 
 1099      46A0
 1100 014c 595535BA 		.ascii	"YU5\272QI\262l\237\256\353\232ek\211HR\263SQ\371\206"
 1100      5149B26C 
 1100      9FAEEB9A 
 1100      656B8948 
 1100      52B35351 
 1101 0162 EDB41A85 		.ascii	"\355\264\032\205\256\177\333F\255T\332\326\214\201\276"
 1101      AE7FDB46 
 1101      AD54DAD6 
 1101      8C81BE
 1102 0171 369F160C 		.ascii	"6\237\026\014\0064\203V\364\370{\307\365?r8\231\214"
 1102      06348356 
 1102      F4F87BC7 
 1102      F53F7238 
 1102      998C
 1103 0183 A909F805 		.ascii	"\251\011\370\005\3610\217O"
 1103      F1308F4F 
 1104              		.text
 1105              		.section	.gnu.lto_.symbol_nodes.8e7efd65,"e",%progbits
 1106 0000 789C6DCE 		.ascii	"x\234m\316\271\021\2000\024\003Q\031qC\0174C_\2629S"
 1106      B9118030 
 1106      14035119 
 1106      71430F34 
 1106      435FB239 
 1107 0015 EAA10852 		.ascii	"\352\241\010R\312\001\3038\374\233>\005\272\021\313"
 1107      CA01C338 
 1107      FC9B3E05 
 1107      BA11CB
 1108 0024 3C55F858 		.ascii	"<U\370X\356\216\013\020p\372\340>\010Ti\302DU&\314T"
 1108      EE8E0B10 
 1108      70FAE03E 
 1108      085469C2 
 1108      445526CC 
ARM GAS  C:\Users\Ridwane\AppData\Local\Temp\ccLlJ9C3.s 			page 35


 1109 0039 6DC24235 		.ascii	"m\302B5&\254Tk\302Fu\026\270\235\352\237\324\360#\020"
 1109      26AC546B 
 1109      C2467516 
 1109      B89DEA9F 
 1109      D4F02310 
 1110 004d 779F11E9 		.ascii	"w\237\021\351\326\210\027\206\321=\363"
 1110      D6881786 
 1110      D13DF3
 1111              		.text
 1112              		.section	.gnu.lto_.refs.8e7efd65,"e",%progbits
 1113 0000 789C6364 		.ascii	"x\234cd\000\002\000\000\012\000\002"
 1113      00020000 
 1113      0A0002
 1114              		.text
 1115              		.section	.gnu.lto_.decls.8e7efd65,"e",%progbits
 1116 0000 789C9556 		.ascii	"x\234\225V\177PT\327\025\276\367\356c\275+\030@Mb2\355"
 1116      7F5054D7 
 1116      15BEF7EE 
 1116      63BD2B18 
 1116      404D6232 
 1117 0015 94D826DD 		.ascii	"\224\330&\335:\025\334\245\251\235\346\037\310\342X"
 1117      3A15DCA5 
 1117      A99DE61F 
 1117      C8E258
 1118 0024 5B493BBB 		.ascii	"[I;\273\264\323L\235\331A\334\011;\005\227\262\017\233"
 1118      B4D34C9D 
 1118      D941DC09 
 1118      3B0597B2 
 1118      0F9B
 1119 0036 FED1990B 		.ascii	"\376\321\231\013\273\342\022\301\274e\224lV\014\353"
 1119      BBE212C1 
 1119      BC65946C 
 1119      560CEB
 1120 0045 6AC56862 		.ascii	"j\305hbqL\212\370\363\011\233\210\321\030\232\324_\211"
 1120      714C8AF8 
 1120      F3099B88 
 1120      D1189AD4 
 1120      5F89
 1121 0057 4921C496 		.ascii	"I!\304\226\212\02106\242\250\364\334}\367=X&\231Iw8"
 1121      8A113036 
 1121      A2A8F4DC 
 1121      7DF73D58 
 1121      26994977 
 1122 006c BBE7DDEF 		.ascii	"\273\347\335\357;\337\371\316}\277x\326\202P-A\250\004"
 1122      3BDFF9CE 
 1122      7DBF78D6 
 1122      82502D41 
 1122      A804
 1123 007e 2334091F 		.ascii	"#4\011\037\212\020\372\000b\016\304A\010\004\353\204"
 1123      8A10FA00 
 1123      620EC441 
 1123      0804EB84 
 1124 008e 6390F640 		.ascii	"c\220\366@X \317\200\310\202\230\0131\037\342!\210o"
 1124      5820CF80 
 1124      C882980B 
 1124      311FE221 
 1124      886F
ARM GAS  C:\Users\Ridwane\AppData\Local\Temp\ccLlJ9C3.s 			page 36


 1125 00a0 437C0762 		.ascii	"C|\007b\036hI\202\227#\326(\304#\260\316\265\211\250"
 1125      1E684982 
 1125      9723D628 
 1125      C423B0CE 
 1125      B589A8
 1126 00b3 5F08F17D 		.ascii	"_\010\361}\241\257k_\203x\014x\351H\323\347\334\357"
 1126      A1AF6B5F 
 1126      83780C78 
 1126      E948D3E7 
 1126      DCEF
 1127 00c5 E129CEFB 		.ascii	"\341)\316\373\020\367\004\367K\210>\2101\210\307\241"
 1127      10F704F7 
 1127      4B883E88 
 1127      3188C7A1 
 1128 00d5 6616D2FC 		.ascii	"f\026\322\374<\201S5\307\004\357\007\242\377|\241k\375"
 1128      3C815335 
 1128      C704EF07 
 1128      A2FF7CA1 
 1128      6BFD
 1129 00e7 1ADDC5C0 		.ascii	"\032\335\305\300\263\010\237|\256E3|N\347>%4\037\025"
 1129      B3089F7C 
 1129      AE45337C 
 1129      4EE73E25 
 1129      341F15
 1130 00fa F3FFF02B 		.ascii	"\363\377\360+f\342\375\315\363\260d~\020\347H\244\345"
 1130      66E2FDCD 
 1130      F3B0647E 
 1130      10E748A4 
 1130      E5
 1131 010b 5638375B 		.ascii	"V87[el\224\305\272%\353A\334\011\314.\234d\\\344_\024"
 1131      656C94C5 
 1131      BA25EB41 
 1131      DC09CC2E 
 1131      9C645CE4 
 1132 0121 682A4FFA 		.ascii	"h*O\372\020%\310l\305\374\224d\302/\242\024=\311\222"
 1132      1025C86C 
 1132      C5FC9464 
 1132      C22FA214 
 1132      3DC992
 1133 0134 9FEE87D1 		.ascii	"\237\356\207\321\011n\036\241\245\031\364\347H\"J\364"
 1133      096E1EA1 
 1133      A519F4E7 
 1133      48224AF4 
 1134 0144 D2015366 		.ascii	"\322\001Sf?WU\203\026\224T\355\301\326n\254\342\343"
 1134      3F575583 
 1134      169454ED 
 1134      C1D66EAC 
 1134      E2E3
 1135 0156 98BAB85C 		.ascii	"\230\272\270\\/\242\277A\364w<U\021u\363\337%\020Y\320"
 1135      2FA2BF41 
 1135      F4773C55 
 1135      1175F3DF 
 1135      251059D0 
 1136 016a 8E61BA86 		.ascii	"\216a\272\206\037\233$r\354\330\310u\234\311\204\320"
 1136      1F9B2472 
 1136      ECD8C875 
 1136      9CC984D0 
ARM GAS  C:\Users\Ridwane\AppData\Local\Temp\ccLlJ9C3.s 			page 37


 1137 017a 3CCD5E1F 		.ascii	"<\315^\037F\266\367\260D\366\015\177\332?;S\375\352"
 1137      46B6F7B0 
 1137      44F60D7F 
 1137      DA3F3B53 
 1137      FDEA
 1138 018c 2E1209DF 		.ascii	".\022\011\337\274\363\022~\030j\203\214\305\310\337"
 1138      BCF3127E 
 1138      186A838C 
 1138      C5C8DF
 1139 019b F1BBF80C 		.ascii	"\361\273\370\014\024\277\217y=x<\3215\330\226n\300\211"
 1139      14BF8F79 
 1139      3D783CD1 
 1139      35D8966E 
 1139      C089
 1140 01ad 54989673 		.ascii	"T\230\226s\003VZ\201h\025\317r\250\214\350\363<[@\377"
 1140      03565A81 
 1140      6815CF72 
 1140      A88CE8F3 
 1140      3C5B40FF 
 1141 01c1 8C6800A6 		.ascii	"\214h\000\246o\200h\202P \266@D!^\301\234\322\217\370"
 1141      6F806882 
 1141      5020B640 
 1141      44215EC1 
 1141      9CD28FF8 
 1142 01d5 10661AC7 		.ascii	"\020f\032\307\320\346\312\365\201\350\234\231\023\374"
 1142      D0E6CAF5 
 1142      81E89C99 
 1142      13FC
 1143 01e3 1B26B04B 		.ascii	"\033&\260K\344\370\347\315\203\323\035\036\301\207\001"
 1143      E4F8E7CD 
 1143      83D31D1E 
 1143      C18701
 1144 01f2 1CC21C87 		.ascii	"\034\302\034\207\322X\242\353\223\214i\016S\341E;OE"
 1144      D258A2EB 
 1144      938C690E 
 1144      53E1453B 
 1144      4F45
 1145 0204 77A72F9A 		.ascii	"w\247/\232\371Y\0001\300\330x\333\351\313;\026Fn\214"
 1145      F9590031 
 1145      C0D878DB 
 1145      E9CB3B16 
 1145      466E8C
 1146 0217 32D6BC24 		.ascii	"2\326\274$\201/\340\011\254\265>\007\221\217\200\321"
 1146      812FE009 
 1146      ACB53E07 
 1146      918F80D1 
 1147 0227 31FEE206 		.ascii	"1\376\342\006\226\025\314H\340O\015\320\006w\030N\202"
 1147      9615CC48 
 1147      E04F0DD0 
 1147      0677184E 
 1147      82
 1148 0238 F774F063 		.ascii	"\367t\360c\003\374\310\250\014\355\257\352Uq\002_2\260"
 1148      03FCC8A8 
 1148      0CEDAFEA 
 1148      5571025F 
 1148      32B0
 1149 024a 8B3859B9 		.ascii	"\2138Y\271\035\300\277\356\227\000\374\017\376\027\200"
ARM GAS  C:\Users\Ridwane\AppData\Local\Temp\ccLlJ9C3.s 			page 38


 1149      1DC0BFEE 
 1149      9700FC0F 
 1149      FE1780
 1150 0259 9AE34346 		.ascii	"\232\343CF\341\244\256\372aJ\245\006\276&TO\032\330"
 1150      E1A4AEFA 
 1150      614AA506 
 1150      BE26544F 
 1150      1AD8
 1151 026b DBD8F0F3 		.ascii	"\333\330\360\363\202\000\317\247\014\"\300;\272l\277"
 1151      8200CFA7 
 1151      0C22C03B 
 1151      BA6CBF
 1152 027a 811E9E42 		.ascii	"\201\036\236B\233D\351;\006xj\012\274\255\227\016\244"
 1152      9B44E93B 
 1152      06786A0A 
 1152      BCAD970E 
 1152      A4
 1153 028b 946A8EEE 		.ascii	"\224j\216\356\352\340'\006xf\252t\237\320=f\200G\247"
 1153      EAE02706 
 1153      7866AA74 
 1153      9FD03D66 
 1153      8047A7
 1154 029e C009BDF4 		.ascii	"\300\011\275\364\237)\245\232\356\210\016\016N\337y"
 1154      9F29A59A 
 1154      EE880E0E 
 1154      4EDF79
 1155 02ad 0DDB2854 		.ascii	"\015\333(T\377a@\247\215\272\275\002\353M\331\241|\244"
 1155      FF6140A7 
 1155      8DBABD02 
 1155      EB4DD9A1 
 1155      7CA4
 1156 02bf 5D22AA84 		.ascii	"]\"\252\204\256\340\317`a\002w\343q<\214o\342\033\370"
 1156      AEE0CF60 
 1156      610277E3 
 1156      713C8C6F 
 1156      E21BF8
 1157 02d2 16FE2FBE 		.ascii	"\026\376/\276\206\357\342\021\3749\276\212\307\360m"
 1157      86EFE211 
 1157      FC39BE8A 
 1157      C7F06D
 1158 02e1 7C1F7F81 		.ascii	"|\037\177\201\357\340Q|\017\177\211\257\363\273\226"
 1158      EFE0517C 
 1158      0F7F89AF 
 1158      F3BB96
 1159 02f0 2BDFD71D 		.ascii	"+\337\327\035]N9\335b\230\327E\337\267R&\315O\236\356"
 1159      5D4E39DD 
 1159      6298D745 
 1159      DFB75226 
 1159      CD4F9EEE 
 1160 0304 C6E4E9FE 		.ascii	"\306\344\351\376\000\237\005L\273\205Nk\205t\013\201"
 1160      009F054C 
 1160      BB854E6B 
 1160      85740B81 
 1161 0314 6B787FAC 		.ascii	"kx\177\254\351\210eA\252\301I\374\177:\224\310\313-"
 1161      E9886541 
 1161      AAC149FC 
 1161      7F3A94C8 
ARM GAS  C:\Users\Ridwane\AppData\Local\Temp\ccLlJ9C3.s 			page 39


 1161      CB2D
 1162 0326 B776598C 		.ascii	"\267vY\214\307\024#\232\013\376\226\240\333y\233\315"
 1162      C714239A 
 1162      0BFE96A0 
 1162      DB799BCD 
 1163 0336 2726062D 		.ascii	"'&\006-3\036\005u\304x\024\\:\333\336E\3060\330\010"
 1163      331E0575 
 1163      C478145C 
 1163      3ADBDE45 
 1163      C630D808 
 1164 034a 31B53641 		.ascii	"1\2656A\225\370\020\353`\254\212\275=\024\211\326\017"
 1164      95F810EB 
 1164      60AC8ABD 
 1164      3D1489D6 
 1164      0F
 1165 035b 85B2C375 		.ascii	"\205\262\303u\214_\327\354\321\010,G\243\375\012\211"
 1165      8C5FD7EC 
 1165      D1082C47 
 1165      A3FD0A89 
 1166 036b 99B865C6 		.ascii	"\231\270e\306\002\031\354\015\370\251+g\201z~\334\270"
 1166      0219EC0D 
 1166      F8A92B67 
 1166      817A7EDC 
 1166      B8
 1167 037c 2016D09E 		.ascii	" \026\320\236z}\230\251\365\254C5\307{X}\204\255\214"
 1167      7A7D98A9 
 1167      F5AC4335 
 1167      C77B587D 
 1167      84AD8C
 1168 038f 46877A79 		.ascii	"F\207zy\013\326\334\337\272!3\026\270\034\212\365\260"
 1168      0BD6DCDF 
 1168      BA213316 
 1168      B81C8AF5 
 1168      B0
 1169 03a0 4762A012 		.ascii	"Gb\240\022aA5\214k\241\244Vea\025+\261\326\246M\301"
 1169      6141358C 
 1169      6BA1A456 
 1169      6561152B 
 1169      B1D6A64D 
 1170 03b5 C4C5E2DA 		.ascii	"\304\305\342\332\272`\210\325%BY\012|\2618;\230\035"
 1170      BA6088D5 
 1170      2542590A 
 1170      7CB1383B 
 1170      981D
 1171 03c7 06BEB253 		.ascii	"\006\276\262SeY,\226\010\325\306\023!\034\216\007C\341"
 1171      65592C96 
 1171      08D5C613 
 1171      211C8E07 
 1171      43E1
 1172 03d9 7882E166 		.ascii	"x\202\341f\340\344\204\301Um\274 \334\277\036\032%X"
 1172      E0E484C1 
 1172      556DBC20 
 1172      DCBF1E1A 
 1172      2558
 1173 03eb 36AF0EC7 		.ascii	"6\257\016\307\213jc\011\276\307!\\\033c!\245\2165d+"
 1173      8B6A6309 
 1173      BEC7215C 
ARM GAS  C:\Users\Ridwane\AppData\Local\Temp\ccLlJ9C3.s 			page 40


 1173      1B6321A5 
 1173      8E35642B 
 1174 03ff F1504881 		.ascii	"\361PH\201\372l\250?\030\256S\031$j(\274\020\2720s\362"
 1174      FA6CA83F 
 1174      18AE5319 
 1174      246A28BC 
 1174      10BA3073 
 1175 0414 590D0504 		.ascii	"Y\015\005\004\276\012$rH9\371\221\371\006\367~w\327"
 1175      BE0A2472 
 1175      4839F991 
 1175      F906F77E 
 1175      77D7
 1176 0426 6D0B7E50 		.ascii	"m\013~P)@xI\026M\020\3764#\3600\313\222\310\253\343"
 1176      29407849 
 1176      164D10FE 
 1176      3423F030 
 1176      CB92C8AB 
 1177 043b 977B4CDF 		.ascii	"\227{L\337\002\3125\306\346_E!\262\0016\277\201$\337"
 1177      02CA35C6 
 1177      E65F4521 
 1177      B20136BF 
 1177      8124DF
 1178 044e 261269BF 		.ascii	"&\022i\277>\276q\2165\022a\343\177ki\352\301\255L\345"
 1178      3EBE718E 
 1178      351261E3 
 1178      7F6B69EA 
 1178      C1AD4CE5 
 1179 0462 1B2A3590 		.ascii	"\033*5\220z\322\235|3\324\023\264\236\004\311\322\373"
 1179      7AD29D7C 
 1179      33D413B4 
 1179      9E04C9D2 
 1179      FB
 1180 0473 12BDC14F 		.ascii	"\022\275\301O\330\307W\217|WW\013\020M\255QW\353\032"
 1180      D8C7578F 
 1180      7C57570B 
 1180      104DAD51 
 1180      57EB1A
 1181 0486 89DEC9E4 		.ascii	"\211\336\311\344j\243\357\015\326?\320\307\367\0247"
 1181      6AA3EF0D 
 1181      D63FD0C7 
 1181      F71437
 1182 0495 928D426A 		.ascii	"\222\215Bj\243\220\372B\242\223\\j\350\360@W&\177A\006"
 1182      A390FA42 
 1182      A2935C6A 
 1182      E8F04057 
 1182      267F4106 
 1183 04a9 C8181C5E 		.ascii	"\310\030\034^83\3318g\246Q\205\240\027\371\277\001\244"
 1183      3833D938 
 1183      67A65185 
 1183      A017F9BF 
 1183      01A4
 1184 04bb B775CFF9 		.ascii	"\267u\317\371YI\351\221\236?\354\006V\201B6\011\341"
 1184      5949E991 
 1184      9E3FEC06 
 1184      56814236 
 1184      09E1
 1185 04cd 4D42F8B8 		.ascii	"MB\370\270D\033M\300\0154\036\035\265pnG\323z\270=\304"
ARM GAS  C:\Users\Ridwane\AppData\Local\Temp\ccLlJ9C3.s 			page 41


 1185      441B4DC0 
 1185      0D341E1D 
 1185      B5706E47 
 1185      D37AB83D 
 1186 04e2 44CD82DD 		.ascii	"D\315\202\335,\330]\022\215p\366\311\246\303\021\232"
 1186      2CD85D12 
 1186      8D70F6C9 
 1186      A6C3119A 
 1187 04f2 64EF35D8 		.ascii	"d\3575\330\012\331,\330\233\005;*\321\035\234}\340l"
 1187      0AD92CD8 
 1187      9B053B2A 
 1187      D11D9C7D 
 1187      E06C
 1188 0504 FB5E92F4 		.ascii	"\373^\222\364q\372\312\324\210-\202\335\"\330\303&\272"
 1188      71FACAD4 
 1188      882D82DD 
 1188      22D8C326 
 1188      BA
 1189 0515 CF84E831 		.ascii	"\317\204\3501\2500\277s|\317.\374\030\306\017@\200\270"
 1189      A830BF73 
 1189      7CCF2EFC 
 1189      18C60F40 
 1189      80B8
 1190 0527 B495C0E5 		.ascii	"\264\225\300\345>\304\202\031\350I;z\231l%\250\225D"
 1190      3EC48219 
 1190      E8493B7A 
 1190      996C25A8 
 1190      9544
 1191 0539 09FC4AE4 		.ascii	"\011\374J\344|\333\231>I\337\202\255bw\267\351\273\273"
 1191      7CDB993E 
 1191      49DF82AD 
 1191      6277B7E9 
 1191      BBBB
 1192 054b 65A2A15B 		.ascii	"e\242\241[k=\374\226\266\005\333HD4\216\210\306\375"
 1192      6B3DFC96 
 1192      B605DB48 
 1192      44348E88 
 1192      C6FD
 1193 055d 269AE036 		.ascii	"&\232\3406o\236kWM\326\010\274O\372^y\367\315\234\023"
 1193      6F9E6B57 
 1193      4DD608BC 
 1193      4FFA5E79 
 1193      F7CD9C13 
 1194 0571 8198B581 		.ascii	"\201\230\265\201\264\011r\033\341o\374\013\360\232>"
 1194      B409721B 
 1194      E16FFC0B 
 1194      F09A3E
 1195 0580 74E0FCE0 		.ascii	"t\340\374\340,\343\366l\020\267\347v~{\206%dU\240\327"
 1195      2CE3F66C 
 1195      10B7E776 
 1195      7E7B8625 
 1195      6455A0D7 
 1196 0594 F89B9F0D 		.ascii	"\370\233\237\015`\366\002\\\244s\033I\\S\330\001\211"
 1196      60F6025C 
 1196      A4731B49 
 1196      5C53D801 
 1196      89
ARM GAS  C:\Users\Ridwane\AppData\Local\Temp\ccLlJ9C3.s 			page 42


 1197 05a5 D6EF5C1A 		.ascii	"\326\357\\\032\335)\210\233:;t\242Bvj\304\277@\242\021"
 1197      DD29889B 
 1197      3A3B74A2 
 1197      42766AC4 
 1197      BF40A211 
 1198 05b9 8FA6D14E 		.ascii	"\217\246\321N\215\330\261\257\263\012\334+?k \2734V"
 1198      8DD8B1AF 
 1198      B30ADC2B 
 1198      3F6B20BB 
 1198      3456
 1199 05cb 3B241AEB 		.ascii	";$\032\353\2154zJ\260\316\012\226Bvk\254W!\321X\255"
 1199      8D347A4A 
 1199      B0CE0A96 
 1199      42766BAC 
 1199      5721D158 
 1200 05e0 69F443D1 		.ascii	"i\364C\321\364j\3474w{4\342^H4\242\222F\207\0051\324"
 1200      F46AE734 
 1200      777B34E2 
 1200      5E4834A2 
 1200      92468705 
 1201 05f6 65B8DB46 		.ascii	"e\270\333F^\323\210\257C\242\021\203i(\315\341(v\346"
 1201      5ED388AF 
 1201      43A21183 
 1201      6928CDE1 
 1201      2876E6
 1202 0609 3F9E9B9B 		.ascii	"?\236\233\233\007\177e\345\336\325^\237\337n\263\331"
 1202      077F65E5 
 1202      DED55E9F 
 1202      DF6EB3D9 
 1203 0619 F27CFEBC 		.ascii	"\362|\376\274\362\322\212<\177u\031\377u\373\345\334"
 1203      F2D28A3C 
 1203      7F7519FF 
 1203      75FBE5DC 
 1204 0629 32BAFC99 		.ascii	"2\272\374\231_\3478lK\321\\}%\327n_\375\2235\245\253"
 1204      5FE7386C 
 1204      4BD15C7D 
 1204      25D76E5F 
 1204      FD9335A5 
 1205 063e CB10ADF1 		.ascii	"\313\020\255\361\256\225\363\355n\231\374\322)\025\025"
 1205      AE95F3ED 
 1205      6E99FCD2 
 1205      291515
 1206 064d 173A4D45 		.ascii	"\027:ME\016\247\364tQ\211\323\344p8MN\210B\247\323\364"
 1206      0EA7F474 
 1206      5189D3E4 
 1206      70384D4E 
 1206      8842A7D3 
 1207 0662 2B97C3E4 		.ascii	"+\227\303\344x\246Dr8\2269\223\255\355\311o\233i\331"
 1207      78A64472 
 1207      38963993 
 1207      ADEDC96F 
 1207      9B69D9
 1208 0675 72277141 		.ascii	"r'qA\345\212eN\311U\014l\207\323\016a\003\346o\2356"
 1208      E58A654E 
 1208      C9550C6C 
 1208      87D30E61 
 1208      03E66F9D 
ARM GAS  C:\Users\Ridwane\AppData\Local\Temp\ccLlJ9C3.s 			page 43


 1209 068a C74F5739 		.ascii	"\307OW9\2707\227\\\263\306\353[\365G_\365\357\375U\245"
 1209      B837975C 
 1209      B3C6EB5B 
 1209      F5475FF5 
 1209      EFFD55A5 
 1210 069e 651E778D 		.ascii	"e\036w\215\337S\275\312\341|\326UR\270\322\265\270\310"
 1210      DF53BDCA 
 1210      E17CD655 
 1210      52B8D2B5 
 1210      B8C8
 1211 06b0 5BE195CB 		.ascii	"[\341\225\313\2755\225\350\251\257\035\250\312W-\373"
 1211      BD3595E8 
 1211      A9AF1DA8 
 1211      CA572DFB 
 1212 06c0 F35C25C5 		.ascii	"\363\\%\305\371\366\274\225+\213\362JV\024\257\263\345"
 1212      F9F6BC95 
 1212      2B8BF24A 
 1212      5614AFB3 
 1212      E5
 1213 06d1 F9E54A6E 		.ascii	"\371\345Jn\336[\231[\216\322\215\003\267l\361\377\311"
 1213      DE5B995B 
 1213      8ED28D03 
 1213      B76CF1FF 
 1213      C9
 1214 06e2 0F89C72D 		.ascii	"\017\211\307-\233l?F\226\322\352\312uK=\213+\321\354"
 1214      9B6C3F46 
 1214      96D2EACA 
 1214      754B3D8B 
 1214      2BD1EC
 1215 06f5 3290F13C 		.ascii	"2\220\361<\277\270\362G\310\354\227W\254\365\312O|\243"
 1215      BFB8F247 
 1215      C8EC9757 
 1215      ACF5CA4F 
 1215      7CA3
 1216 0707 2D44197E 		.ascii	"-D\031~y\271Gv\370j\326\312\236j8p\311\245\325ra\005"
 1216      79B94776 
 1216      F86AD6CA 
 1216      9E6A3870 
 1216      C9A5D572 
 1217 071d 08A7F303 		.ascii	"\010\247\363\003_U2\237\015\271G\326\323\345\"\315\204"
 1217      5F55329F 
 1217      0DB947D6 
 1217      D3E522CD 
 1217      84
 1218 072e 4EFE6456 		.ascii	"N\376dVX&{\327y\322\334O\373|\025P\347\256\250X\343"
 1218      58267BD7 
 1218      79D2DC4F 
 1218      FB7C1550 
 1218      E7AEA858 
 1219 0743 F6828982 		.ascii	"\366\202\211\202o<\266\013\266l\205\343\0270\272f\215"
 1219      6F3CB60B 
 1219      B66C85E3 
 1219      1730BA66 
 1219      8D
 1220 0754 4BC0EC73 		.ascii	"K\300\354s\205\330s\036\331]\246\231\324\227\374\334"
 1220      85D8731E 
 1220      D95DA699 
ARM GAS  C:\Users\Ridwane\AppData\Local\Temp\ccLlJ9C3.s 			page 44


 1220      D497FCDC 
 1221 0764 A9BB94B7 		.ascii	"\251\273\224\267\3176\226|U\332J\226\276\342\221S\027"
 1221      CF36967C 
 1221      55DA4A96 
 1221      BEE29153 
 1221      17
 1222 0775 9ED3171E 		.ascii	"\236\323\027\036\322m\372\265cwir\206\377\001C\233["
 1222      D26DFAB5 
 1222      63776972 
 1222      86FF0143 
 1222      9B5B
 1223 0787 60       		.ascii	"`"
 1224              		.text
 1225              		.section	.gnu.lto_.symtab.8e7efd65,"e",%progbits
 1226 0000 7374496E 		.ascii	"stInit\000"
 1226      697400
 1227 0007 00       		.ascii	"\000"
 1228 0008 00       		.ascii	"\000"
 1229 0009 00       		.ascii	"\000"
 1230 000a 00000000 		.ascii	"\000\000\000\000\000\000\000\000"
 1230      00000000 
 1231 0012 09010000 		.ascii	"\011\001\000\000"
 1232 0016 73744765 		.ascii	"stGetCounter\000"
 1232      74436F75 
 1232      6E746572 
 1232      00
 1233 0023 00       		.ascii	"\000"
 1234 0024 00       		.ascii	"\000"
 1235 0025 00       		.ascii	"\000"
 1236 0026 00000000 		.ascii	"\000\000\000\000\000\000\000\000"
 1236      00000000 
 1237 002e 0C010000 		.ascii	"\014\001\000\000"
 1238 0032 73745374 		.ascii	"stStartAlarm\000"
 1238      61727441 
 1238      6C61726D 
 1238      00
 1239 003f 00       		.ascii	"\000"
 1240 0040 00       		.ascii	"\000"
 1241 0041 00       		.ascii	"\000"
 1242 0042 00000000 		.ascii	"\000\000\000\000\000\000\000\000"
 1242      00000000 
 1243 004a 10010000 		.ascii	"\020\001\000\000"
 1244 004e 73745374 		.ascii	"stStopAlarm\000"
 1244      6F70416C 
 1244      61726D00 
 1245 005a 00       		.ascii	"\000"
 1246 005b 00       		.ascii	"\000"
 1247 005c 00       		.ascii	"\000"
 1248 005d 00000000 		.ascii	"\000\000\000\000\000\000\000\000"
 1248      00000000 
 1249 0065 12010000 		.ascii	"\022\001\000\000"
 1250 0069 73745365 		.ascii	"stSetAlarm\000"
 1250      74416C61 
 1250      726D00
 1251 0074 00       		.ascii	"\000"
 1252 0075 00       		.ascii	"\000"
 1253 0076 00       		.ascii	"\000"
ARM GAS  C:\Users\Ridwane\AppData\Local\Temp\ccLlJ9C3.s 			page 45


 1254 0077 00000000 		.ascii	"\000\000\000\000\000\000\000\000"
 1254      00000000 
 1255 007f 14010000 		.ascii	"\024\001\000\000"
 1256 0083 73744765 		.ascii	"stGetAlarm\000"
 1256      74416C61 
 1256      726D00
 1257 008e 00       		.ascii	"\000"
 1258 008f 00       		.ascii	"\000"
 1259 0090 00       		.ascii	"\000"
 1260 0091 00000000 		.ascii	"\000\000\000\000\000\000\000\000"
 1260      00000000 
 1261 0099 16010000 		.ascii	"\026\001\000\000"
 1262 009d 73744973 		.ascii	"stIsAlarmActive\000"
 1262      416C6172 
 1262      6D416374 
 1262      69766500 
 1263 00ad 00       		.ascii	"\000"
 1264 00ae 00       		.ascii	"\000"
 1265 00af 00       		.ascii	"\000"
 1266 00b0 00000000 		.ascii	"\000\000\000\000\000\000\000\000"
 1266      00000000 
 1267 00b8 1D010000 		.ascii	"\035\001\000\000"
 1268 00bc 73745F6C 		.ascii	"st_lld_init\000"
 1268      6C645F69 
 1268      6E697400 
 1269 00c8 00       		.ascii	"\000"
 1270 00c9 02       		.ascii	"\002"
 1271 00ca 00       		.ascii	"\000"
 1272 00cb 00000000 		.ascii	"\000\000\000\000\000\000\000\000"
 1272      00000000 
 1273 00d3 1F010000 		.ascii	"\037\001\000\000"
 1274              		.text
 1275              		.section	.gnu.lto_.ext_symtab.8e7efd65,"e",%progbits
 1276 0000 01       		.ascii	"\001"
 1277 0001 01       		.ascii	"\001"
 1278 0002 00       		.ascii	"\000"
 1279 0003 01       		.ascii	"\001"
 1280 0004 00       		.ascii	"\000"
 1281 0005 01       		.ascii	"\001"
 1282 0006 00       		.ascii	"\000"
 1283 0007 01       		.ascii	"\001"
 1284 0008 00       		.ascii	"\000"
 1285 0009 01       		.ascii	"\001"
 1286 000a 00       		.ascii	"\000"
 1287 000b 01       		.ascii	"\001"
 1288 000c 00       		.ascii	"\000"
 1289 000d 01       		.ascii	"\001"
 1290 000e 00       		.ascii	"\000"
 1291 000f 01       		.ascii	"\001"
 1292 0010 00       		.ascii	"\000"
 1293              		.text
 1294              		.section	.gnu.lto_.opts,"e",%progbits
 1295 0000 272D666E 		.ascii	"'-fno-openmp' '-fno-openacc' '-fno-pie' '-fcf-prote"
 1295      6F2D6F70 
 1295      656E6D70 
 1295      2720272D 
 1295      666E6F2D 
ARM GAS  C:\Users\Ridwane\AppData\Local\Temp\ccLlJ9C3.s 			page 46


 1296 0033 6374696F 		.ascii	"ction=none' '-g' '-mcpu=cortex-m4' '-mthumb' '-mflo"
 1296      6E3D6E6F 
 1296      6E652720 
 1296      272D6727 
 1296      20272D6D 
 1297 0066 61742D61 		.ascii	"at-abi=soft' '-mlibarch=armv7e-m' '-march=armv7e-m'"
 1297      62693D73 
 1297      6F667427 
 1297      20272D6D 
 1297      6C696261 
 1298 0099 20272D4F 		.ascii	" '-O2' '-fomit-frame-pointer' '-falign-functions=16"
 1298      32272027 
 1298      2D666F6D 
 1298      69742D66 
 1298      72616D65 
 1299 00cc 2720272D 		.ascii	"' '-ffunction-sections' '-fdata-sections' '-fno-com"
 1299      6666756E 
 1299      6374696F 
 1299      6E2D7365 
 1299      6374696F 
 1300 00ff 6D6F6E27 		.ascii	"mon' '-flto' '-Xassembler' '-alms=./build/lst/hal_s"
 1300      20272D66 
 1300      6C746F27 
 1300      20272D58 
 1300      61737365 
 1301 0132 742E6C73 		.ascii	"t.lst'\000"
 1301      742700
 1302              		.text
 1303              		.comm	__gnu_lto_slim,1,1
 1304              		.ident	"GCC: (Arm GNU Toolchain 11.3.Rel1) 11.3.1 20220712"
ARM GAS  C:\Users\Ridwane\AppData\Local\Temp\ccLlJ9C3.s 			page 47


DEFINED SYMBOLS
                            *ABS*:00000000 hal_st.c
C:\Users\Ridwane\AppData\Local\Temp\ccLlJ9C3.s:24     .gnu.debuglto_.debug_info:00000000 hal_st.c.22b8dabc
                            *COM*:00000001 __gnu_lto_slim

NO UNDEFINED SYMBOLS
