ARM GAS  C:\Users\Ridwane\AppData\Local\Temp\cc3kaDad.s 			page 1


   1              		.cpu cortex-m4
   2              		.arch armv7e-m
   3              		.fpu fpv4-sp-d16
   4              		.eabi_attribute 27, 1
   5              		.eabi_attribute 20, 1
   6              		.eabi_attribute 21, 1
   7              		.eabi_attribute 23, 3
   8              		.eabi_attribute 24, 1
   9              		.eabi_attribute 25, 1
  10              		.eabi_attribute 26, 1
  11              		.eabi_attribute 30, 2
  12              		.eabi_attribute 34, 1
  13              		.eabi_attribute 18, 4
  14              		.file	"osal.c"
  15              		.section	.gnu.debuglto_.debug_info,"e",%progbits
  16              	.Ldebug_info0:
  17              		.hidden	osal.c.1a0c3868
  18              		.weak	osal.c.1a0c3868
  19              	osal.c.1a0c3868:
  20 0000 76000000 		.4byte	0x76
  21 0004 0500     		.2byte	0x5
  22 0006 01       		.byte	0x1
  23 0007 04       		.byte	0x4
  24 0008 00000000 		.4byte	.Ldebug_abbrev0
  25 000c 02       		.uleb128 0x2
  26 000d 88000000 		.4byte	.LASF12
  27 0011 1D       		.byte	0x1d
  28 0012 88010000 		.4byte	.LASF13
  29 0016 1B000000 		.4byte	.LASF14
  30 001a 00000000 		.4byte	.Ldebug_line0
  31 001e 03       		.uleb128 0x3
  32 001f 04       		.byte	0x4
  33 0020 05       		.byte	0x5
  34 0021 696E7400 		.ascii	"int\000"
  35 0025 01       		.uleb128 0x1
  36 0026 04       		.byte	0x4
  37 0027 07       		.byte	0x7
  38 0028 0E000000 		.4byte	.LASF0
  39 002c 01       		.uleb128 0x1
  40 002d 08       		.byte	0x8
  41 002e 05       		.byte	0x5
  42 002f 00000000 		.4byte	.LASF1
  43 0033 01       		.uleb128 0x1
  44 0034 08       		.byte	0x8
  45 0035 04       		.byte	0x4
  46 0036 B4010000 		.4byte	.LASF2
  47 003a 01       		.uleb128 0x1
  48 003b 01       		.byte	0x1
  49 003c 06       		.byte	0x6
  50 003d 7C010000 		.4byte	.LASF3
  51 0041 01       		.uleb128 0x1
  52 0042 01       		.byte	0x1
  53 0043 08       		.byte	0x8
  54 0044 75000000 		.4byte	.LASF4
  55 0048 01       		.uleb128 0x1
  56 0049 02       		.byte	0x2
  57 004a 05       		.byte	0x5
ARM GAS  C:\Users\Ridwane\AppData\Local\Temp\cc3kaDad.s 			page 2


  58 004b C0010000 		.4byte	.LASF5
  59 004f 01       		.uleb128 0x1
  60 0050 02       		.byte	0x2
  61 0051 07       		.byte	0x7
  62 0052 69010000 		.4byte	.LASF6
  63 0056 01       		.uleb128 0x1
  64 0057 04       		.byte	0x4
  65 0058 05       		.byte	0x5
  66 0059 60010000 		.4byte	.LASF7
  67 005d 01       		.uleb128 0x1
  68 005e 04       		.byte	0x4
  69 005f 07       		.byte	0x7
  70 0060 4C000000 		.4byte	.LASF8
  71 0064 01       		.uleb128 0x1
  72 0065 08       		.byte	0x8
  73 0066 07       		.byte	0x7
  74 0067 5E000000 		.4byte	.LASF9
  75 006b 01       		.uleb128 0x1
  76 006c 01       		.byte	0x1
  77 006d 08       		.byte	0x8
  78 006e 83000000 		.4byte	.LASF10
  79 0072 01       		.uleb128 0x1
  80 0073 01       		.byte	0x1
  81 0074 02       		.byte	0x2
  82 0075 5A010000 		.4byte	.LASF11
  83 0079 00       		.byte	0
  84              		.section	.gnu.debuglto_.debug_abbrev,"e",%progbits
  85              	.Ldebug_abbrev0:
  86 0000 01       		.uleb128 0x1
  87 0001 24       		.uleb128 0x24
  88 0002 00       		.byte	0
  89 0003 0B       		.uleb128 0xb
  90 0004 0B       		.uleb128 0xb
  91 0005 3E       		.uleb128 0x3e
  92 0006 0B       		.uleb128 0xb
  93 0007 03       		.uleb128 0x3
  94 0008 0E       		.uleb128 0xe
  95 0009 00       		.byte	0
  96 000a 00       		.byte	0
  97 000b 02       		.uleb128 0x2
  98 000c 11       		.uleb128 0x11
  99 000d 01       		.byte	0x1
 100 000e 25       		.uleb128 0x25
 101 000f 0E       		.uleb128 0xe
 102 0010 13       		.uleb128 0x13
 103 0011 0B       		.uleb128 0xb
 104 0012 03       		.uleb128 0x3
 105 0013 0E       		.uleb128 0xe
 106 0014 1B       		.uleb128 0x1b
 107 0015 0E       		.uleb128 0xe
 108 0016 10       		.uleb128 0x10
 109 0017 17       		.uleb128 0x17
 110 0018 00       		.byte	0
 111 0019 00       		.byte	0
 112 001a 03       		.uleb128 0x3
 113 001b 24       		.uleb128 0x24
 114 001c 00       		.byte	0
ARM GAS  C:\Users\Ridwane\AppData\Local\Temp\cc3kaDad.s 			page 3


 115 001d 0B       		.uleb128 0xb
 116 001e 0B       		.uleb128 0xb
 117 001f 3E       		.uleb128 0x3e
 118 0020 0B       		.uleb128 0xb
 119 0021 03       		.uleb128 0x3
 120 0022 08       		.uleb128 0x8
 121 0023 00       		.byte	0
 122 0024 00       		.byte	0
 123 0025 00       		.byte	0
 124              		.section	.gnu.debuglto_.debug_line,"e",%progbits
 125              	.Ldebug_line0:
 126 0000 2D000000 		.4byte	.LELT0-.LSLT0
 127              	.LSLT0:
 128 0004 0500     		.2byte	0x5
 129 0006 04       		.byte	0x4
 130 0007 00       		.byte	0
 131 0008 25000000 		.4byte	.LELTP0-.LASLTP0
 132              	.LASLTP0:
 133 000c 01       		.byte	0x1
 134 000d 01       		.byte	0x1
 135 000e 01       		.byte	0x1
 136 000f F6       		.byte	0xf6
 137 0010 F2       		.byte	0xf2
 138 0011 0D       		.byte	0xd
 139 0012 00       		.byte	0
 140 0013 01       		.byte	0x1
 141 0014 01       		.byte	0x1
 142 0015 01       		.byte	0x1
 143 0016 01       		.byte	0x1
 144 0017 00       		.byte	0
 145 0018 00       		.byte	0
 146 0019 00       		.byte	0
 147 001a 01       		.byte	0x1
 148 001b 00       		.byte	0
 149 001c 00       		.byte	0
 150 001d 01       		.byte	0x1
 151 001e 01       		.byte	0x1
 152 001f 01       		.uleb128 0x1
 153 0020 1F       		.uleb128 0x1f
 154 0021 01       		.uleb128 0x1
 155 0022 2C000000 		.4byte	.LASF15
 156 0026 02       		.byte	0x2
 157 0027 01       		.uleb128 0x1
 158 0028 1F       		.uleb128 0x1f
 159 0029 02       		.uleb128 0x2
 160 002a 0B       		.uleb128 0xb
 161 002b 01       		.uleb128 0x1
 162 002c 00000000 		.4byte	.LASF16
 163 0030 00       		.byte	0
 164              	.LELTP0:
 165              	.LELT0:
 166              		.section	.gnu.debuglto_.debug_str,"eMS",%progbits,1
 167              	.LASF1:
 168 0000 6C6F6E67 		.ascii	"long long int\000"
 168      206C6F6E 
 168      6720696E 
 168      7400
ARM GAS  C:\Users\Ridwane\AppData\Local\Temp\cc3kaDad.s 			page 4


 169              	.LASF0:
 170 000e 756E7369 		.ascii	"unsigned int\000"
 170      676E6564 
 170      20696E74 
 170      00
 171              	.LASF14:
 172 001b 433A5C43 		.ascii	"C:\\ChibiStudio\\workspace_user\\CRYSTALS-Dilithium"
 172      68696269 
 172      53747564 
 172      696F5C77 
 172      6F726B73 
 173 004b 00       		.ascii	"\000"
 174              	.LASF8:
 175 004c 6C6F6E67 		.ascii	"long unsigned int\000"
 175      20756E73 
 175      69676E65 
 175      6420696E 
 175      7400
 176              	.LASF9:
 177 005e 6C6F6E67 		.ascii	"long long unsigned int\000"
 177      206C6F6E 
 177      6720756E 
 177      7369676E 
 177      65642069 
 178              	.LASF4:
 179 0075 756E7369 		.ascii	"unsigned char\000"
 179      676E6564 
 179      20636861 
 179      7200
 180              	.LASF10:
 181 0083 63686172 		.ascii	"char\000"
 181      00
 182              	.LASF12:
 183 0088 474E5520 		.ascii	"GNU C17 11.3.1 20220712 -mcpu=cortex-m4 -mthumb -mf"
 183      43313720 
 183      31312E33 
 183      2E312032 
 183      30323230 
 184 00bb 6C6F6174 		.ascii	"loat-abi=softfp -mfpu=fpv4-sp-d16 -march=armv7e-m+f"
 184      2D616269 
 184      3D736F66 
 184      74667020 
 184      2D6D6670 
 185 00ee 70202D67 		.ascii	"p -ggdb -O2 -fomit-frame-pointer -falign-functions="
 185      67646220 
 185      2D4F3220 
 185      2D666F6D 
 185      69742D66 
 186 0121 3136202D 		.ascii	"16 -ffunction-sections -fdata-sections -fno-common "
 186      6666756E 
 186      6374696F 
 186      6E2D7365 
 186      6374696F 
 187 0154 2D666C74 		.ascii	"-flto\000"
 187      6F00
 188              	.LASF11:
 189 015a 5F426F6F 		.ascii	"_Bool\000"
ARM GAS  C:\Users\Ridwane\AppData\Local\Temp\cc3kaDad.s 			page 5


 189      6C00
 190              	.LASF7:
 191 0160 6C6F6E67 		.ascii	"long int\000"
 191      20696E74 
 191      00
 192              	.LASF6:
 193 0169 73686F72 		.ascii	"short unsigned int\000"
 193      7420756E 
 193      7369676E 
 193      65642069 
 193      6E7400
 194              	.LASF3:
 195 017c 7369676E 		.ascii	"signed char\000"
 195      65642063 
 195      68617200 
 196              	.LASF13:
 197 0188 2E2E2F2E 		.ascii	"../../chibios2111/os/hal/osal/rt-nil/osal.c\000"
 197      2E2F6368 
 197      6962696F 
 197      73323131 
 197      312F6F73 
 198              	.LASF2:
 199 01b4 6C6F6E67 		.ascii	"long double\000"
 199      20646F75 
 199      626C6500 
 200              	.LASF5:
 201 01c0 73686F72 		.ascii	"short int\000"
 201      7420696E 
 201      7400
 202              		.section	.gnu.debuglto_.debug_line_str,"eMS",%progbits,1
 203              	.LASF16:
 204 0000 2E2E2F2E 		.ascii	"../../chibios2111/os/hal/osal/rt-nil/osal.c\000"
 204      2E2F6368 
 204      6962696F 
 204      73323131 
 204      312F6F73 
 205              	.LASF15:
 206 002c 433A5C43 		.ascii	"C:\\ChibiStudio\\workspace_user\\CRYSTALS-Dilithium"
 206      68696269 
 206      53747564 
 206      696F5C77 
 206      6F726B73 
 207 005c 00       		.ascii	"\000"
 208              		.text
 209              		.section	.gnu.lto_.profile.9a33da04,"e",%progbits
 210 0000 789C6362 		.ascii	"x\234cb\000\001\000\000\022\000\003"
 210      00010000 
 210      120003
 211              		.text
 212              		.section	.gnu.lto_.icf.9a33da04,"e",%progbits
 213 0000 789C6362 		.ascii	"x\234cb@\006\000\000*\000\003"
 213      40060000 
 213      2A0003
 214              		.text
 215              		.section	.gnu.lto_.ipa_sra.9a33da04,"e",%progbits
 216 0000 789C6362 		.ascii	"x\234cb@\006\000\000*\000\003"
 216      40060000 
ARM GAS  C:\Users\Ridwane\AppData\Local\Temp\cc3kaDad.s 			page 6


 216      2A0003
 217              		.text
 218              		.section	.gnu.lto_.inline.9a33da04,"e",%progbits
 219 0000 789C6362 		.ascii	"x\234cb@\006\000\000*\000\003"
 219      40060000 
 219      2A0003
 220              		.text
 221              		.section	.gnu.lto_.jmpfuncs.9a33da04,"e",%progbits
 222 0000 789C6362 		.ascii	"x\234cb@\006\000\000*\000\003"
 222      40060000 
 222      2A0003
 223              		.text
 224              		.section	.gnu.lto_.pureconst.9a33da04,"e",%progbits
 225 0000 789C6364 		.ascii	"x\234cd\000\002\000\000\012\000\002"
 225      00020000 
 225      0A0002
 226              		.text
 227              		.section	.gnu.lto_.ipa_modref.9a33da04,"e",%progbits
 228 0000 789C6362 		.ascii	"x\234cb@\006\000\000*\000\003"
 228      40060000 
 228      2A0003
 229              		.text
 230              		.section	.gnu.lto_.lto.9a33da04,"e",%progbits
 231 0000 0B000300 		.ascii	"\013\000\003\000\001\000\000\000"
 231      01000000 
 232              		.text
 233              		.section	.gnu.lto_.symbol_nodes.9a33da04,"e",%progbits
 234 0000 789C6362 		.ascii	"x\234cb\000\001\000\000\022\000\003"
 234      00010000 
 234      120003
 235              		.text
 236              		.section	.gnu.lto_.refs.9a33da04,"e",%progbits
 237 0000 789C6364 		.ascii	"x\234cd\000\002\000\000\012\000\002"
 237      00020000 
 237      0A0002
 238              		.text
 239              		.section	.gnu.lto_.decls.9a33da04,"e",%progbits
 240 0000 789C6360 		.ascii	"x\234c````\004b\036 \376\017\004 \366e\006(\000\000"
 240      60606004 
 240      621E20FE 
 240      0F0420F6 
 240      65062800 
 241 0015 466C04DE 		.ascii	"Fl\004\336"
 242              		.text
 243              		.section	.gnu.lto_.symtab.9a33da04,"e",%progbits
 244              		.text
 245              		.section	.gnu.lto_.ext_symtab.9a33da04,"e",%progbits
 246 0000 01       		.ascii	"\001"
 247              		.text
 248              		.section	.gnu.lto_.opts,"e",%progbits
 249 0000 272D666E 		.ascii	"'-fno-openmp' '-fno-openacc' '-fno-pie' '-fcf-prote"
 249      6F2D6F70 
 249      656E6D70 
 249      2720272D 
 249      666E6F2D 
 250 0033 6374696F 		.ascii	"ction=none' '-g' '-mcpu=cortex-m4' '-mthumb' '-mflo"
 250      6E3D6E6F 
ARM GAS  C:\Users\Ridwane\AppData\Local\Temp\cc3kaDad.s 			page 7


 250      6E652720 
 250      272D6727 
 250      20272D6D 
 251 0066 61742D61 		.ascii	"at-abi=softfp' '-mfpu=fpv4-sp-d16' '-mlibarch=armv7"
 251      62693D73 
 251      6F667466 
 251      70272027 
 251      2D6D6670 
 252 0099 652D6D2B 		.ascii	"e-m+fp' '-march=armv7e-m+fp' '-O2' '-fomit-frame-po"
 252      66702720 
 252      272D6D61 
 252      7263683D 
 252      61726D76 
 253 00cc 696E7465 		.ascii	"inter' '-falign-functions=16' '-ffunction-sections'"
 253      72272027 
 253      2D66616C 
 253      69676E2D 
 253      66756E63 
 254 00ff 20272D66 		.ascii	" '-fdata-sections' '-fno-common' '-flto' '-Xassembl"
 254      64617461 
 254      2D736563 
 254      74696F6E 
 254      73272027 
 255 0132 65722720 		.ascii	"er' '-alms=./build/lst/osal.lst'\000"
 255      272D616C 
 255      6D733D2E 
 255      2F627569 
 255      6C642F6C 
 256              		.text
 257              		.comm	__gnu_lto_slim,1,1
 258              		.ident	"GCC: (Arm GNU Toolchain 11.3.Rel1) 11.3.1 20220712"
ARM GAS  C:\Users\Ridwane\AppData\Local\Temp\cc3kaDad.s 			page 8


DEFINED SYMBOLS
                            *ABS*:00000000 osal.c
C:\Users\Ridwane\AppData\Local\Temp\cc3kaDad.s:19     .gnu.debuglto_.debug_info:00000000 osal.c.1a0c3868
                            *COM*:00000001 __gnu_lto_slim

NO UNDEFINED SYMBOLS
