ARM GAS  C:\Users\Ridwane\AppData\Local\Temp\ccuvk58V.s 			page 1


   1              		.cpu cortex-m4
   2              		.arch armv7e-m
   3              		.fpu fpv4-sp-d16
   4              		.eabi_attribute 27, 1
   5              		.eabi_attribute 20, 1
   6              		.eabi_attribute 21, 1
   7              		.eabi_attribute 23, 3
   8              		.eabi_attribute 24, 1
   9              		.eabi_attribute 25, 1
  10              		.eabi_attribute 26, 1
  11              		.eabi_attribute 30, 2
  12              		.eabi_attribute 34, 1
  13              		.eabi_attribute 18, 4
  14              		.file	"rounding.c"
  15              		.file 1 "c:\\chibistudio\\tools\\gnu tools arm embedded\\11.3 2022.08\\arm-none-eabi\\include\\mac
  16              		.file 2 "c:\\chibistudio\\tools\\gnu tools arm embedded\\11.3 2022.08\\arm-none-eabi\\include\\sys
  17              		.file 3 "rounding.c"
  18              		.section	.gnu.debuglto_.debug_info,"e",%progbits
  19              	.Ldebug_info0:
  20              		.hidden	rounding.c.1115fbf2
  21              		.weak	rounding.c.1115fbf2
  22              	rounding.c.1115fbf2:
  23 0000 33010000 		.4byte	0x133
  24 0004 0500     		.2byte	0x5
  25 0006 01       		.byte	0x1
  26 0007 04       		.byte	0x4
  27 0008 00000000 		.4byte	.Ldebug_abbrev0
  28 000c 06       		.uleb128 0x6
  29 000d 56000000 		.4byte	.LASF15
  30 0011 1D       		.byte	0x1d
  31 0012 4D010000 		.4byte	.LASF16
  32 0016 B0010000 		.4byte	.LASF17
  33 001a 00000000 		.4byte	.Ldebug_line0
  34 001e 01       		.uleb128 0x1
  35 001f 01       		.byte	0x1
  36 0020 06       		.byte	0x6
  37 0021 1A020000 		.4byte	.LASF0
  38 0025 01       		.uleb128 0x1
  39 0026 01       		.byte	0x1
  40 0027 08       		.byte	0x8
  41 0028 48000000 		.4byte	.LASF1
  42 002c 01       		.uleb128 0x1
  43 002d 02       		.byte	0x2
  44 002e 05       		.byte	0x5
  45 002f E1010000 		.4byte	.LASF2
  46 0033 01       		.uleb128 0x1
  47 0034 02       		.byte	0x2
  48 0035 07       		.byte	0x7
  49 0036 3A010000 		.4byte	.LASF3
  50 003a 05       		.uleb128 0x5
  51 003b 00000000 		.4byte	.LASF9
  52 003f 01       		.byte	0x1
  53 0040 4D       		.byte	0x4d
  54 0041 18       		.byte	0x18
  55 0042 46000000 		.4byte	0x46
  56 0046 01       		.uleb128 0x1
  57 0047 04       		.byte	0x4
ARM GAS  C:\Users\Ridwane\AppData\Local\Temp\ccuvk58V.s 			page 2


  58 0048 05       		.byte	0x5
  59 0049 0C020000 		.4byte	.LASF4
  60 004d 01       		.uleb128 0x1
  61 004e 04       		.byte	0x4
  62 004f 07       		.byte	0x7
  63 0050 28010000 		.4byte	.LASF5
  64 0054 01       		.uleb128 0x1
  65 0055 08       		.byte	0x8
  66 0056 05       		.byte	0x5
  67 0057 A2010000 		.4byte	.LASF6
  68 005b 01       		.uleb128 0x1
  69 005c 08       		.byte	0x8
  70 005d 07       		.byte	0x7
  71 005e 65010000 		.4byte	.LASF7
  72 0062 07       		.uleb128 0x7
  73 0063 04       		.byte	0x4
  74 0064 05       		.byte	0x5
  75 0065 696E7400 		.ascii	"int\000"
  76 0069 01       		.uleb128 0x1
  77 006a 04       		.byte	0x4
  78 006b 07       		.byte	0x7
  79 006c 58010000 		.4byte	.LASF8
  80 0070 05       		.uleb128 0x5
  81 0071 9A010000 		.4byte	.LASF10
  82 0075 02       		.byte	0x2
  83 0076 2C       		.byte	0x2c
  84 0077 13       		.byte	0x13
  85 0078 3A000000 		.4byte	0x3a
  86 007c 04       		.uleb128 0x4
  87 007d 7C010000 		.4byte	.LASF12
  88 0081 54       		.byte	0x54
  89 0082 09       		.byte	0x9
  90 0083 70000000 		.4byte	0x70
  91 0087 B5000000 		.4byte	0xb5
  92 008b 02       		.uleb128 0x2
  93 008c 6100     		.ascii	"a\000"
  94 008e 54       		.byte	0x54
  95 008f 1A       		.byte	0x1a
  96 0090 70000000 		.4byte	0x70
  97 0094 08       		.uleb128 0x8
  98 0095 15020000 		.4byte	.LASF11
  99 0099 03       		.byte	0x3
 100 009a 54       		.byte	0x54
 101 009b 2A       		.byte	0x2a
 102 009c 69000000 		.4byte	0x69
 103 00a0 03       		.uleb128 0x3
 104 00a1 613000   		.ascii	"a0\000"
 105 00a4 55       		.byte	0x55
 106 00a5 0B       		.byte	0xb
 107 00a6 70000000 		.4byte	0x70
 108 00aa 03       		.uleb128 0x3
 109 00ab 613100   		.ascii	"a1\000"
 110 00ae 55       		.byte	0x55
 111 00af 0F       		.byte	0xf
 112 00b0 70000000 		.4byte	0x70
 113 00b4 00       		.byte	0
 114 00b5 04       		.uleb128 0x4
ARM GAS  C:\Users\Ridwane\AppData\Local\Temp\ccuvk58V.s 			page 3


 115 00b6 29000000 		.4byte	.LASF13
 116 00ba 43       		.byte	0x43
 117 00bb 0E       		.byte	0xe
 118 00bc 69000000 		.4byte	0x69
 119 00c0 D9000000 		.4byte	0xd9
 120 00c4 02       		.uleb128 0x2
 121 00c5 613000   		.ascii	"a0\000"
 122 00c8 43       		.byte	0x43
 123 00c9 20       		.byte	0x20
 124 00ca 70000000 		.4byte	0x70
 125 00ce 02       		.uleb128 0x2
 126 00cf 613100   		.ascii	"a1\000"
 127 00d2 43       		.byte	0x43
 128 00d3 2C       		.byte	0x2c
 129 00d4 70000000 		.4byte	0x70
 130 00d8 00       		.byte	0
 131 00d9 04       		.uleb128 0x4
 132 00da 0A000000 		.4byte	.LASF14
 133 00de 27       		.byte	0x27
 134 00df 09       		.byte	0x9
 135 00e0 70000000 		.4byte	0x70
 136 00e4 06010000 		.4byte	0x106
 137 00e8 02       		.uleb128 0x2
 138 00e9 613000   		.ascii	"a0\000"
 139 00ec 27       		.byte	0x27
 140 00ed 1C       		.byte	0x1c
 141 00ee 06010000 		.4byte	0x106
 142 00f2 02       		.uleb128 0x2
 143 00f3 6100     		.ascii	"a\000"
 144 00f5 27       		.byte	0x27
 145 00f6 28       		.byte	0x28
 146 00f7 70000000 		.4byte	0x70
 147 00fb 03       		.uleb128 0x3
 148 00fc 613100   		.ascii	"a1\000"
 149 00ff 28       		.byte	0x28
 150 0100 0B       		.byte	0xb
 151 0101 70000000 		.4byte	0x70
 152 0105 00       		.byte	0
 153 0106 09       		.uleb128 0x9
 154 0107 04       		.byte	0x4
 155 0108 70000000 		.4byte	0x70
 156 010c 0A       		.uleb128 0xa
 157 010d EB010000 		.4byte	.LASF18
 158 0111 03       		.byte	0x3
 159 0112 11       		.byte	0x11
 160 0113 09       		.byte	0x9
 161 0114 70000000 		.4byte	0x70
 162 0118 02       		.uleb128 0x2
 163 0119 613000   		.ascii	"a0\000"
 164 011c 11       		.byte	0x11
 165 011d 1E       		.byte	0x1e
 166 011e 06010000 		.4byte	0x106
 167 0122 02       		.uleb128 0x2
 168 0123 6100     		.ascii	"a\000"
 169 0125 11       		.byte	0x11
 170 0126 2A       		.byte	0x2a
 171 0127 70000000 		.4byte	0x70
ARM GAS  C:\Users\Ridwane\AppData\Local\Temp\ccuvk58V.s 			page 4


 172 012b 03       		.uleb128 0x3
 173 012c 613100   		.ascii	"a1\000"
 174 012f 12       		.byte	0x12
 175 0130 0B       		.byte	0xb
 176 0131 70000000 		.4byte	0x70
 177 0135 00       		.byte	0
 178 0136 00       		.byte	0
 179              		.section	.gnu.debuglto_.debug_abbrev,"e",%progbits
 180              	.Ldebug_abbrev0:
 181 0000 01       		.uleb128 0x1
 182 0001 24       		.uleb128 0x24
 183 0002 00       		.byte	0
 184 0003 0B       		.uleb128 0xb
 185 0004 0B       		.uleb128 0xb
 186 0005 3E       		.uleb128 0x3e
 187 0006 0B       		.uleb128 0xb
 188 0007 03       		.uleb128 0x3
 189 0008 0E       		.uleb128 0xe
 190 0009 00       		.byte	0
 191 000a 00       		.byte	0
 192 000b 02       		.uleb128 0x2
 193 000c 05       		.uleb128 0x5
 194 000d 00       		.byte	0
 195 000e 03       		.uleb128 0x3
 196 000f 08       		.uleb128 0x8
 197 0010 3A       		.uleb128 0x3a
 198 0011 21       		.uleb128 0x21
 199 0012 03       		.sleb128 3
 200 0013 3B       		.uleb128 0x3b
 201 0014 0B       		.uleb128 0xb
 202 0015 39       		.uleb128 0x39
 203 0016 0B       		.uleb128 0xb
 204 0017 49       		.uleb128 0x49
 205 0018 13       		.uleb128 0x13
 206 0019 00       		.byte	0
 207 001a 00       		.byte	0
 208 001b 03       		.uleb128 0x3
 209 001c 34       		.uleb128 0x34
 210 001d 00       		.byte	0
 211 001e 03       		.uleb128 0x3
 212 001f 08       		.uleb128 0x8
 213 0020 3A       		.uleb128 0x3a
 214 0021 21       		.uleb128 0x21
 215 0022 03       		.sleb128 3
 216 0023 3B       		.uleb128 0x3b
 217 0024 0B       		.uleb128 0xb
 218 0025 39       		.uleb128 0x39
 219 0026 0B       		.uleb128 0xb
 220 0027 49       		.uleb128 0x49
 221 0028 13       		.uleb128 0x13
 222 0029 00       		.byte	0
 223 002a 00       		.byte	0
 224 002b 04       		.uleb128 0x4
 225 002c 2E       		.uleb128 0x2e
 226 002d 01       		.byte	0x1
 227 002e 3F       		.uleb128 0x3f
 228 002f 19       		.uleb128 0x19
ARM GAS  C:\Users\Ridwane\AppData\Local\Temp\ccuvk58V.s 			page 5


 229 0030 03       		.uleb128 0x3
 230 0031 0E       		.uleb128 0xe
 231 0032 3A       		.uleb128 0x3a
 232 0033 21       		.uleb128 0x21
 233 0034 03       		.sleb128 3
 234 0035 3B       		.uleb128 0x3b
 235 0036 0B       		.uleb128 0xb
 236 0037 39       		.uleb128 0x39
 237 0038 0B       		.uleb128 0xb
 238 0039 27       		.uleb128 0x27
 239 003a 19       		.uleb128 0x19
 240 003b 49       		.uleb128 0x49
 241 003c 13       		.uleb128 0x13
 242 003d 01       		.uleb128 0x1
 243 003e 13       		.uleb128 0x13
 244 003f 00       		.byte	0
 245 0040 00       		.byte	0
 246 0041 05       		.uleb128 0x5
 247 0042 16       		.uleb128 0x16
 248 0043 00       		.byte	0
 249 0044 03       		.uleb128 0x3
 250 0045 0E       		.uleb128 0xe
 251 0046 3A       		.uleb128 0x3a
 252 0047 0B       		.uleb128 0xb
 253 0048 3B       		.uleb128 0x3b
 254 0049 0B       		.uleb128 0xb
 255 004a 39       		.uleb128 0x39
 256 004b 0B       		.uleb128 0xb
 257 004c 49       		.uleb128 0x49
 258 004d 13       		.uleb128 0x13
 259 004e 00       		.byte	0
 260 004f 00       		.byte	0
 261 0050 06       		.uleb128 0x6
 262 0051 11       		.uleb128 0x11
 263 0052 01       		.byte	0x1
 264 0053 25       		.uleb128 0x25
 265 0054 0E       		.uleb128 0xe
 266 0055 13       		.uleb128 0x13
 267 0056 0B       		.uleb128 0xb
 268 0057 03       		.uleb128 0x3
 269 0058 0E       		.uleb128 0xe
 270 0059 1B       		.uleb128 0x1b
 271 005a 0E       		.uleb128 0xe
 272 005b 10       		.uleb128 0x10
 273 005c 17       		.uleb128 0x17
 274 005d 00       		.byte	0
 275 005e 00       		.byte	0
 276 005f 07       		.uleb128 0x7
 277 0060 24       		.uleb128 0x24
 278 0061 00       		.byte	0
 279 0062 0B       		.uleb128 0xb
 280 0063 0B       		.uleb128 0xb
 281 0064 3E       		.uleb128 0x3e
 282 0065 0B       		.uleb128 0xb
 283 0066 03       		.uleb128 0x3
 284 0067 08       		.uleb128 0x8
 285 0068 00       		.byte	0
ARM GAS  C:\Users\Ridwane\AppData\Local\Temp\ccuvk58V.s 			page 6


 286 0069 00       		.byte	0
 287 006a 08       		.uleb128 0x8
 288 006b 05       		.uleb128 0x5
 289 006c 00       		.byte	0
 290 006d 03       		.uleb128 0x3
 291 006e 0E       		.uleb128 0xe
 292 006f 3A       		.uleb128 0x3a
 293 0070 0B       		.uleb128 0xb
 294 0071 3B       		.uleb128 0x3b
 295 0072 0B       		.uleb128 0xb
 296 0073 39       		.uleb128 0x39
 297 0074 0B       		.uleb128 0xb
 298 0075 49       		.uleb128 0x49
 299 0076 13       		.uleb128 0x13
 300 0077 00       		.byte	0
 301 0078 00       		.byte	0
 302 0079 09       		.uleb128 0x9
 303 007a 0F       		.uleb128 0xf
 304 007b 00       		.byte	0
 305 007c 0B       		.uleb128 0xb
 306 007d 0B       		.uleb128 0xb
 307 007e 49       		.uleb128 0x49
 308 007f 13       		.uleb128 0x13
 309 0080 00       		.byte	0
 310 0081 00       		.byte	0
 311 0082 0A       		.uleb128 0xa
 312 0083 2E       		.uleb128 0x2e
 313 0084 01       		.byte	0x1
 314 0085 3F       		.uleb128 0x3f
 315 0086 19       		.uleb128 0x19
 316 0087 03       		.uleb128 0x3
 317 0088 0E       		.uleb128 0xe
 318 0089 3A       		.uleb128 0x3a
 319 008a 0B       		.uleb128 0xb
 320 008b 3B       		.uleb128 0x3b
 321 008c 0B       		.uleb128 0xb
 322 008d 39       		.uleb128 0x39
 323 008e 0B       		.uleb128 0xb
 324 008f 27       		.uleb128 0x27
 325 0090 19       		.uleb128 0x19
 326 0091 49       		.uleb128 0x49
 327 0092 13       		.uleb128 0x13
 328 0093 00       		.byte	0
 329 0094 00       		.byte	0
 330 0095 00       		.byte	0
 331              		.section	.gnu.debuglto_.debug_line,"e",%progbits
 332              	.Ldebug_line0:
 333 0000 44000000 		.4byte	.LELT0-.LSLT0
 334              	.LSLT0:
 335 0004 0500     		.2byte	0x5
 336 0006 04       		.byte	0x4
 337 0007 00       		.byte	0
 338 0008 3C000000 		.4byte	.LELTP0-.LASLTP0
 339              	.LASLTP0:
 340 000c 01       		.byte	0x1
 341 000d 01       		.byte	0x1
 342 000e 01       		.byte	0x1
ARM GAS  C:\Users\Ridwane\AppData\Local\Temp\ccuvk58V.s 			page 7


 343 000f F6       		.byte	0xf6
 344 0010 F2       		.byte	0xf2
 345 0011 0D       		.byte	0xd
 346 0012 00       		.byte	0
 347 0013 01       		.byte	0x1
 348 0014 01       		.byte	0x1
 349 0015 01       		.byte	0x1
 350 0016 01       		.byte	0x1
 351 0017 00       		.byte	0
 352 0018 00       		.byte	0
 353 0019 00       		.byte	0
 354 001a 01       		.byte	0x1
 355 001b 00       		.byte	0
 356 001c 00       		.byte	0
 357 001d 01       		.byte	0x1
 358 001e 01       		.byte	0x1
 359 001f 01       		.uleb128 0x1
 360 0020 1F       		.uleb128 0x1f
 361 0021 03       		.uleb128 0x3
 362 0022 D0000000 		.4byte	.LASF19
 363 0026 6F000000 		.4byte	.LASF20
 364 002a 00000000 		.4byte	.LASF21
 365 002e 02       		.byte	0x2
 366 002f 01       		.uleb128 0x1
 367 0030 1F       		.uleb128 0x1f
 368 0031 02       		.uleb128 0x2
 369 0032 0B       		.uleb128 0xb
 370 0033 04       		.uleb128 0x4
 371 0034 64000000 		.4byte	.LASF22
 372 0038 00       		.byte	0
 373 0039 53000000 		.4byte	.LASF23
 374 003d 01       		.byte	0x1
 375 003e C6000000 		.4byte	.LASF24
 376 0042 02       		.byte	0x2
 377 0043 64000000 		.4byte	.LASF22
 378 0047 00       		.byte	0
 379              	.LELTP0:
 380              	.LELT0:
 381              		.section	.gnu.debuglto_.debug_str,"eMS",%progbits,1
 382              	.LASF9:
 383 0000 5F5F696E 		.ascii	"__int32_t\000"
 383      7433325F 
 383      7400
 384              	.LASF14:
 385 000a 70716372 		.ascii	"pqcrystals_dilithium_decompose\000"
 385      79737461 
 385      6C735F64 
 385      696C6974 
 385      6869756D 
 386              	.LASF13:
 387 0029 70716372 		.ascii	"pqcrystals_dilithium_make_hint\000"
 387      79737461 
 387      6C735F64 
 387      696C6974 
 387      6869756D 
 388              	.LASF1:
 389 0048 756E7369 		.ascii	"unsigned char\000"
ARM GAS  C:\Users\Ridwane\AppData\Local\Temp\ccuvk58V.s 			page 8


 389      676E6564 
 389      20636861 
 389      7200
 390              	.LASF15:
 391 0056 474E5520 		.ascii	"GNU C17 11.3.1 20220712 -mcpu=cortex-m4 -mthumb -mf"
 391      43313720 
 391      31312E33 
 391      2E312032 
 391      30323230 
 392 0089 6C6F6174 		.ascii	"loat-abi=softfp -mfpu=fpv4-sp-d16 -march=armv7e-m+f"
 392      2D616269 
 392      3D736F66 
 392      74667020 
 392      2D6D6670 
 393 00bc 70202D67 		.ascii	"p -ggdb -O2 -fomit-frame-pointer -falign-functions="
 393      67646220 
 393      2D4F3220 
 393      2D666F6D 
 393      69742D66 
 394 00ef 3136202D 		.ascii	"16 -ffunction-sections -fdata-sections -fno-common "
 394      6666756E 
 394      6374696F 
 394      6E2D7365 
 394      6374696F 
 395 0122 2D666C74 		.ascii	"-flto\000"
 395      6F00
 396              	.LASF5:
 397 0128 6C6F6E67 		.ascii	"long unsigned int\000"
 397      20756E73 
 397      69676E65 
 397      6420696E 
 397      7400
 398              	.LASF3:
 399 013a 73686F72 		.ascii	"short unsigned int\000"
 399      7420756E 
 399      7369676E 
 399      65642069 
 399      6E7400
 400              	.LASF16:
 401 014d 726F756E 		.ascii	"rounding.c\000"
 401      64696E67 
 401      2E6300
 402              	.LASF8:
 403 0158 756E7369 		.ascii	"unsigned int\000"
 403      676E6564 
 403      20696E74 
 403      00
 404              	.LASF7:
 405 0165 6C6F6E67 		.ascii	"long long unsigned int\000"
 405      206C6F6E 
 405      6720756E 
 405      7369676E 
 405      65642069 
 406              	.LASF12:
 407 017c 70716372 		.ascii	"pqcrystals_dilithium_use_hint\000"
 407      79737461 
 407      6C735F64 
ARM GAS  C:\Users\Ridwane\AppData\Local\Temp\ccuvk58V.s 			page 9


 407      696C6974 
 407      6869756D 
 408              	.LASF10:
 409 019a 696E7433 		.ascii	"int32_t\000"
 409      325F7400 
 410              	.LASF6:
 411 01a2 6C6F6E67 		.ascii	"long long int\000"
 411      206C6F6E 
 411      6720696E 
 411      7400
 412              	.LASF17:
 413 01b0 433A5C43 		.ascii	"C:\\ChibiStudio\\workspace_user\\CRYSTALS-Dilithium"
 413      68696269 
 413      53747564 
 413      696F5C77 
 413      6F726B73 
 414 01e0 00       		.ascii	"\000"
 415              	.LASF2:
 416 01e1 73686F72 		.ascii	"short int\000"
 416      7420696E 
 416      7400
 417              	.LASF18:
 418 01eb 70716372 		.ascii	"pqcrystals_dilithium_power2round\000"
 418      79737461 
 418      6C735F64 
 418      696C6974 
 418      6869756D 
 419              	.LASF4:
 420 020c 6C6F6E67 		.ascii	"long int\000"
 420      20696E74 
 420      00
 421              	.LASF11:
 422 0215 68696E74 		.ascii	"hint\000"
 422      00
 423              	.LASF0:
 424 021a 7369676E 		.ascii	"signed char\000"
 424      65642063 
 424      68617200 
 425              		.section	.gnu.debuglto_.debug_line_str,"eMS",%progbits,1
 426              	.LASF21:
 427 0000 633A5C63 		.ascii	"c:\\chibistudio\\tools\\gnu tools arm embedded\\11."
 427      68696269 
 427      73747564 
 427      696F5C74 
 427      6F6F6C73 
 428 002f 33203230 		.ascii	"3 2022.08\\arm-none-eabi\\include\\sys\000"
 428      32322E30 
 428      385C6172 
 428      6D2D6E6F 
 428      6E652D65 
 429              	.LASF23:
 430 0053 5F646566 		.ascii	"_default_types.h\000"
 430      61756C74 
 430      5F747970 
 430      65732E68 
 430      00
 431              	.LASF22:
ARM GAS  C:\Users\Ridwane\AppData\Local\Temp\ccuvk58V.s 			page 10


 432 0064 726F756E 		.ascii	"rounding.c\000"
 432      64696E67 
 432      2E6300
 433              	.LASF20:
 434 006f 633A5C63 		.ascii	"c:\\chibistudio\\tools\\gnu tools arm embedded\\11."
 434      68696269 
 434      73747564 
 434      696F5C74 
 434      6F6F6C73 
 435 009e 33203230 		.ascii	"3 2022.08\\arm-none-eabi\\include\\machine\000"
 435      32322E30 
 435      385C6172 
 435      6D2D6E6F 
 435      6E652D65 
 436              	.LASF24:
 437 00c6 5F737464 		.ascii	"_stdint.h\000"
 437      696E742E 
 437      6800
 438              	.LASF19:
 439 00d0 433A5C43 		.ascii	"C:\\ChibiStudio\\workspace_user\\CRYSTALS-Dilithium"
 439      68696269 
 439      53747564 
 439      696F5C77 
 439      6F726B73 
 440 0100 00       		.ascii	"\000"
 441              		.text
 442              		.section	.gnu.lto_.profile.9a33cee0,"e",%progbits
 443 0000 789C6362 		.ascii	"x\234cb\000\001\000\000\022\000\003"
 443      00010000 
 443      120003
 444              		.text
 445              		.section	.gnu.lto_.icf.9a33cee0,"e",%progbits
 446 0000 789CD363 		.ascii	"x\234\323c@\000\026\206\327\373\0264\361011010\376o"
 446      40001686 
 446      D7FB1634 
 446      F1303131 
 446      303130FE 
 447 0015 D8B38711 		.ascii	"\330\263\207\021\314d:\371\340\367>.\006\346m{\347}"
 447      CC643AF9 
 447      E0F73E2E 
 447      06E66D7B 
 447      E77D
 448 0027 64666162 		.ascii	"dfab\204@\006\000Sf\014\225"
 448      84400600 
 448      53660C95 
 449              		.text
 450              		.section	.gnu.lto_.ipa_sra.9a33cee0,"e",%progbits
 451 0000 789CB360 		.ascii	"x\234\263`@\000\026\006&\030\223\231\021\301dB0\231"
 451      40001606 
 451      26189399 
 451      11C16442 
 451      3099
 452 0012 414C4688 		.ascii	"ALF\210(\003\214\311\000\000\023c\000["
 452      28038CC9 
 452      00001363 
 452      005B
 453              		.text
ARM GAS  C:\Users\Ridwane\AppData\Local\Temp\ccuvk58V.s 			page 11


 454              		.section	.gnu.lto_.inline.9a33cee0,"e",%progbits
 455 0000 789C7D50 		.ascii	"x\234}P1O\2021\020}\367z\224FCbp\367\267\260\271\261"
 455      314F8231 
 455      107DF77A 
 455      94464362 
 455      70F7B7B0 
 456 0016 3BAA1F38 		.ascii	";\252\0378A\242#&RF\027\303h\034\214\356..\272\272\022"
 456      41A22326 
 456      524617C3 
 456      681C8CEE 
 456      2E2EBABA 
 457 002b 12821B91 		.ascii	"\022\202\033\221\0057\023\343\310\316\2655,&\336\320"
 457      053713E3 
 457      C8CEB535 
 457      2C26DED0 
 458 003b DE5DDFDD 		.ascii	"\336]\337\335{\257G\202m(\020b\214o\256#\026\244\265"
 458      7BAF4782 
 458      6D281062 
 458      8C6FAE23 
 458      16A4B5
 459 004e 9C5823F2 		.ascii	"\234X#\362\004\250\247\027V\0043(\262\223\360\200`\337"
 459      04A8A717 
 459      56043328 
 459      B293F080 
 459      60DF
 460 0060 AA079EFD 		.ascii	"\252\007\236\375?s`\351\312u\313\014\261s?\272{6\036"
 460      3F7360E9 
 460      CA75CB0C 
 460      B1733FBA 
 460      7B361E
 461 0073 8F3EE97F 		.ascii	"\217>\351\177 q\276\013\016\351\016\351\220\353\257"
 461      2071BE0B 
 461      0EE90EE9 
 461      90EBAF
 462 0082 1A7AA4BC 		.ascii	"\032z\244\274\310\266-\257\202sC_J\274\035\030\361E"
 462      C8B62DAF 
 462      8273435F 
 462      4ABC1D18 
 462      F145
 463 0094 CEB386CC 		.ascii	"\316\263\206\314\373K_\003FFv\005\370t\027z\237$\271"
 463      FB4B5F03 
 463      46467605 
 463      F874177A 
 463      9F24B9
 464 00a7 0A2DE8E3 		.ascii	"\012-\350\343\347\372\235\247\001\255\000\235\334L\246"
 464      E7FA9DA7 
 464      01AD009D 
 464      DC4CA6
 465 00b6 EE782F20 		.ascii	"\356x/ \212\035I\2736\237\276\257\247\346\206\266_\375"
 465      8A1D49BB 
 465      369FBEAF 
 465      A7E686B6 
 465      5FFD
 466 00c8 1252366B 		.ascii	"\022R6k\371\237\277\2335\233\255\020\320\\|\314\026"
 466      F99FBF9B 
 466      359BAD10 
 466      D05C7CCC 
ARM GAS  C:\Users\Ridwane\AppData\Local\Temp\ccuvk58V.s 			page 12


 466      16
 467 00d9 AED2E251 		.ascii	"\256\322\342Q\033\331\250\214\333\300\006\343\333E\021"
 467      1BD9A88C 
 467      DBC006E3 
 467      DB4511
 468              		.text
 469              		.section	.gnu.lto_.jmpfuncs.9a33cee0,"e",%progbits
 470 0000 789C45C9 		.ascii	"x\234E\311\301\011\3000\014\003@I\021\375v\300\016\343"
 470      C109C030 
 470      0C034049 
 470      11FD76C0 
 470      0EE3
 471 0012 D53A58C0 		.ascii	"\325:X\300\261\311\303\302\2023\37201D\256\020B\342"
 471      B1C9C3C2 
 471      8233FA30 
 471      3144AE10 
 471      42E2
 472 0024 5097AA5B 		.ascii	"P\227\252[M6m\200\277\211\352\316\314\227z\202\254f"
 472      4D366D80 
 472      BF89EACE 
 472      CC977A82 
 472      AC66
 473 0036 7F0ECC5E 		.ascii	"\177\016\314^>k\224\021Y"
 473      3E6B9411 
 473      59
 474              		.text
 475              		.section	.gnu.lto_.pureconst.9a33cee0,"e",%progbits
 476 0000 789CE365 		.ascii	"x\234\343e```a\230\305\3028\213\205\251\201\205y\006"
 476      60606061 
 476      98C5C238 
 476      8B85A981 
 476      857906
 477 0013 0B0010B6 		.ascii	"\013\000\020\266\002t"
 477      0274
 478              		.text
 479              		.section	.gnu.lto_.ipa_modref.9a33cee0,"e",%progbits
 480 0000 789CF365 		.ascii	"x\234\363e@\000f\006&Q\006\005\001\001\0060\301\310"
 480      40006606 
 480      26510605 
 480      01010630 
 480      C1C8
 481 0012 C404C140 		.ascii	"\304\004\301@\310\240\240\000d\343\221df\022\227\207"
 481      C8A0A000 
 481      64E39164 
 481      66129787 
 482 0022 4B32B474 		.ascii	"K2\264t\0100\000\000\177\222\003\357"
 482      08300000 
 482      7F9203EF 
 483              		.text
 484              		.section	.gnu.lto_.lto.9a33cee0,"e",%progbits
 485 0000 0B000300 		.ascii	"\013\000\003\000\001\000\000\000"
 485      01000000 
 486              		.text
 487              		.section	.gnu.lto_pqcrystals_dilithium_power2round.0.9a33cee0,"e",%progbits
 488 0000 789C4550 		.ascii	"x\234EP=H\034Q\020\236o\336\356\235\242V&\265\202X\311"
 488      3D481C51 
 488      109E6FDE 
ARM GAS  C:\Users\Ridwane\AppData\Local\Temp\ccuvk58V.s 			page 13


 488      EE9DA256 
 488      26B58258 
 489 0015 6956B011 		.ascii	"iV\260\021\204\013\233\322\312\2630\262 \347_\\\214"
 489      840B9BD2 
 489      CAB330B2 
 489      20E75F5C 
 489      8C
 490 0026 DE717A58 		.ascii	"\336qzX\210\354\363\304\023\256\011\246\022\014\347"
 490      88ECF3C4 
 490      13AE09A6 
 490      120CE7
 491 0035 4FE51F68 		.ascii	"O\345\037h\245\"r^a\221&D\0026F\021\004\301Rl\024\024"
 491      A522725E 
 491      61912644 
 491      02364611 
 491      04C1526C 
 492 004b 2FB36B50 		.ascii	"/\263kPx3\217\231\357\347\315\233\011\0209DT/\001E\370"
 492      78338F99 
 492      EFE7CD9B 
 492      09103944 
 492      542F0145 
 493 0060 3E9F63D2 		.ascii	">\237c\322ZG\303\214\351\371\334\375j\035\216\020\324"
 493      5A47C38C 
 493      E9F9DCFD 
 493      6A1D8E10 
 493      D4
 494 0071 208FE161 		.ascii	" \217\341aE\231\010U\303\220\374\036\265M\002=\314."
 494      45990855 
 494      C390FC1E 
 494      B54D023D 
 494      CC2E
 495 0083 AE37FF58 		.ascii	"\2567\377X+\032\036M\355cO\014\211L\224E)R\324\372\244"
 495      2B1A1E4D 
 495      ED634F0C 
 495      894C9445 
 495      2952D4FA 
 496 0098 B0AF7539 		.ascii	"\260\257u9M\036\340?\306l/\260\300]\024\021\355\311"
 496      4D1EE03F 
 496      C66C2FB0 
 496      C05D1411 
 496      EDC9
 497 00aa 59007B87 		.ascii	"Y\000{\207\2570\331\253\034\350\273%5\010\345vc7\371"
 497      AF30D9AB 
 497      1CE8BB25 
 497      3508E576 
 497      6337F9
 498 00bd 531B5E01 		.ascii	"S\033^\001\257\356\366&W\320\021h\312\037Z\016\012\330"
 498      AFEEF626 
 498      57D01168 
 498      CA1F5A0E 
 498      0AD8
 499 00cf FE6316F5 		.ascii	"\376c\026\365S\351\233\326\277\257p}i\224\203X\261\204"
 499      53E99BD6 
 499      BFAF707D 
 499      69948358 
 499      B184
 500 00e1 92308043 		.ascii	"\2220\200C\230$\2640p \212\274\362\377\250\015\350\""
ARM GAS  C:\Users\Ridwane\AppData\Local\Temp\ccuvk58V.s 			page 14


 500      9824B430 
 500      70208ABC 
 500      F2FFA80D 
 500      E822
 501 00f3 D192E297 		.ascii	"\321\222\342\227bZ\212{\326W\247\225\301\325E\217<\223"
 501      625A8A7B 
 501      D657A795 
 501      C1D5458F 
 501      3C93
 502 0105 CF9E2A05 		.ascii	"\317\236*\005e\204\302(\325\370\215\347l\2132\025B\347"
 502      6584C228 
 502      D5F88DE7 
 502      6C8B3215 
 502      42E7
 503 0117 842AA165 		.ascii	"\204*\241ej\305U\231\201\340o\245OX\230\373%/\013#\014"
 503      6AC55599 
 503      81E06FA5 
 503      4F5898FB 
 503      252F0B23 
 504 012c 1DF51B3B 		.ascii	"\035\365\033;\331\013(\245\014\031\347\2213w\2716Y\335"
 504      D90B28A5 
 504      0C19E791 
 504      3377B936 
 504      59DD
 505 013e 2468CB5F 		.ascii	"$h\313_\353\015\274\3441H\246\364\015\034*qfY\374\375"
 505      EB0DBCE4 
 505      3148A6F4 
 505      0D1C2A71 
 505      6659FCFD 
 506 0152 4FE615DE 		.ascii	"O\346\025\336f$\262\354V\307\036r{\335\330x\272\337"
 506      6624B2EC 
 506      56C71E72 
 506      7BDDD878 
 506      BADF
 507 0164 4D381389 		.ascii	"M8\023\211\324\360X2\3367\320\223\036\033H9v\307\347"
 507      D4F05832 
 507      DE37D093 
 507      1E1B4839 
 507      76C7E7
 508 0177 58E7C7F6 		.ascii	"X\347\307\366X\344\223\373\325\035\037r\323#T\221J\244"
 508      58E493FB 
 508      D51D1F72 
 508      D3235491 
 508      4AA4
 509 0189 47FBDDD1 		.ascii	"G\373\335\321/\215}\304\361\017\357\336\312F\313\262"
 509      2F8D7DC4 
 509      F10FEFDE 
 509      CA46CBB2 
 510 0199 5A067B07 		.ascii	"Z\006{\007\233\011q\216[\377\000\000\341\225\035"
 510      9B09718E 
 510      5BFF0000 
 510      E1951D
 511              		.text
 512              		.section	.gnu.lto_pqcrystals_dilithium_decompose.1.9a33cee0,"e",%progbits
 513 0000 789C4552 		.ascii	"x\234ERKh\023Q\024\275\367\335\311\277\371\240\025\334"
 513      4B681351 
 513      14BDF7DD 
ARM GAS  C:\Users\Ridwane\AppData\Local\Temp\ccuvk58V.s 			page 15


 513      C9BFF9A0 
 513      15DC
 514 0012 59105725 		.ascii	"Y\020W%\325\024\262\021\012\225\270te\\h\011H\372\263"
 514      D514B211 
 514      0A95B874 
 514      655C6809 
 514      48FAB3
 515 0025 83DA9434 		.ascii	"\203\332\2244\301E)y\211\230B\\H]\211J\325\215\270\020"
 515      C1452979 
 515      8998425C 
 515      485D894A 
 515      D58DB810 
 516 0039 AC52B494 		.ascii	"\254R\264\224\320d%\202\013\253 F4 B\300\215X\012\242"
 516      D0642582 
 516      0BAB2046 
 516      342042C0 
 516      8D580AA2 
 517 004d 50319E37 		.ascii	"P1\2367\211)\314\271\303\375\234s?3Z\021\245\210\350"
 517      8929CCB9 
 517      C3FD9C73 
 517      3F335A11 
 517      A588E8
 518 0060 08C0427C 		.ascii	"\010\300B|s\271\242Hk=\352Q\\\\\256\374xx\230k\354\370"
 518      73B9A248 
 518      6B3DEA51 
 518      5C5CAEFC 
 518      7878986B 
 519 0076 4C05C505 		.ascii	"L\005\305\005~ .v\357g\013\366\000\017\034E\352\367"
 519      7E202E76 
 519      EF670BF6 
 519      000F1C45 
 519      EAF7
 520 0088 B53B6F86 		.ascii	"\265;o\206\357>\252[\005Z\\\347\027\014%r\261w\224\242"
 520      EF3EAA5B 
 520      055A5CE7 
 520      170C2572 
 520      B17794A2 
 521 009c 75ADB7AA 		.ascii	"u\255\267\252\353Z\373ha\203\2739\245\022\337\030\351"
 521      EB5AFB68 
 521      6183BB39 
 521      A512DF18 
 521      E9
 522 00ad B3140577 		.ascii	"\263\024\005w\253\341\244\013\325^\232\022;\354\360"
 522      ABE1A40B 
 522      D55E9A12 
 522      3BECF0
 523 00bc C7600651 		.ascii	"\307`\006Q\262\335x>\367J[\205M\356\251'v9@5\246E34"
 523      B2DD783E 
 523      F74A5B85 
 523      4DEEA927 
 523      76394035 
 524 00d4 1EDEE427 		.ascii	"\036\336\344'\357\\u\375\247}C\353\366\032\267\232\256"
 524      EF5C75FD 
 524      A77D43EB 
 524      F61AB79A 
 524      AE
 525 00e5 7E26250A 		.ascii	"~&%\012\020\300\002\\\200\033\360\000^\300\007\370\201"
ARM GAS  C:\Users\Ridwane\AppData\Local\Temp\ccuvk58V.s 			page 16


 525      10C0025C 
 525      801BF000 
 525      5EC007F8 
 525      81
 526 00f6 00D00704 		.ascii	"\000\320\007\004\231\253\034\"H\205\215\211\030\263"
 526      99AB1C22 
 526      48858D89 
 526      18B3
 527 0104 8F7903FA 		.ascii	"\217y\003\372+b.\242-\326u\242{\242:N\021\316/\245\277"
 527      2B622EA2 
 527      2DD675A2 
 527      7BA23A4E 
 527      11CE2FA5 
 528 0119 3E0D3AAF 		.ascii	">\015:\2575\246]uu\245\334ba\011\272=\334&\023\370["
 528      35A65D75 
 528      75A5DC62 
 528      6109BA3D 
 528      DC2613F8 
 529 012e 1E9190B0 		.ascii	"\036\221\220\260\3733\261\007u\245\001\310J\310a\324"
 529      FB33B107 
 529      75A501C8 
 529      4AC861D4 
 530 013e 82A6E099 		.ascii	"\202\246\340\231a(\011\201q\275A\035\215&\306\026\205"
 530      61280981 
 530      71BD411D 
 530      8D26C616 
 530      85
 531 014f 8869F45F 		.ascii	"\210i\364_%,bT\016\366T\302\216\312[Ge\265\374\223\305"
 531      252C6254 
 531      0EF654C2 
 531      8ECA5B47 
 531      65B5FC93 
 532 0164 02631061 		.ascii	"\002c\020a\207\320\302\312\210\200q\010\201\322\355"
 532      87D0C2CA 
 532      88807108 
 532      81D2ED
 533 0173 A5B8B871 		.ascii	"\245\270\270q\004\344n-\261D\340\204{J\021G\351Cw\236"
 533      04E46E2D 
 533      B144E084 
 533      7B4A1147 
 533      E943779E 
 534 0187 F7389244 		.ascii	"\3678\222DL\367\325\\o'/b\235E?v\033~\307\015M\321\227"
 534      4CF7D55C 
 534      6F272F62 
 534      9D453F76 
 534      1B7EC70D 
 535 019e 36B2DD9E 		.ascii	"6\262\335\236\"~\361\361K\356\264iZ\022\020?j\212\365"
 535      227EF1F1 
 535      4BEEB469 
 535      5A12103F 
 535      6A8AF5
 536 01b1 B6744823 		.ascii	"\266tH#\322\007\251\200\231h\247\202\337\300\275\300"
 536      D207A980 
 536      9968A782 
 536      DFC0BDC0 
 537 01c1 F4D8ACE9 		.ascii	"\364\330\254\351-\214\275f\302\2270->\005\251\255J\367"
 537      2D8CBD66 
ARM GAS  C:\Users\Ridwane\AppData\Local\Temp\ccuvk58V.s 			page 17


 537      C297302D 
 537      3E05A9AD 
 537      4AF7
 538 01d3 E3188CCC 		.ascii	"\343\030\214\314\371y\357\374D\261\304\361Tb\306\036"
 538      F979EFFC 
 538      44B1C4F1 
 538      5462C61E 
 539 01e3 B793B9FC 		.ascii	"\267\223\271\374\244\235I]\311d/\316\317\245'\246\316"
 539      A49D495D 
 539      C9642FCE 
 539      CFA527A6 
 539      CE
 540 01f4 E7E7A7B2 		.ascii	"\347\347\247\262\251\304\351s\3113'N%\243'\355Kvn\306"
 540      A9C4E973 
 540      C933274E 
 540      25A327ED 
 540      4B766EC6 
 541 0208 CE5FA640 		.ascii	"\316_\246@6\223\237\235\264g/\014M\220J\037\353\337"
 541      36939F9D 
 541      B4672F0C 
 541      4D904A1F 
 541      EBDF
 542 021a 738762B1 		.ascii	"s\207b\261X|z|z\2308\255\322\261\177\337\331\3317"
 542      587C7A7C 
 542      7A9838AD 
 542      D2B17FDF 
 542      D9D937
 543              		.text
 544              		.section	.gnu.lto_pqcrystals_dilithium_make_hint.2.9a33cee0,"e",%progbits
 545 0000 789C5550 		.ascii	"x\234UPMH\024a\030~\177\276oVY\360\222v\016\274\011"
 545      4D481461 
 545      187E7FBE 
 545      6F5659F0 
 545      92760EBC 
 546 0015 9A2308D1 		.ascii	"\232#\010\321ic=vr;T,\210\377;\244n\254.A \373\371\017"
 546      69633D76 
 546      723B542C 
 546      88FF3BA4 
 546      6EAC2E41 
 547 002d EE214622 		.ascii	"\356!F\"V\224\265\360\022]\244.\211\030,L\211t\010\023"
 547      5694B5F0 
 547      125DA42E 
 547      89182C4C 
 547      89740813 
 548 0041 3C29811D 		.ascii	"<)\201\035B\245\010\204RP\\\337\231]\374\031x\231\357"
 548      42A50884 
 548      52505CDF 
 548      995DFC19 
 548      7899EF
 549 0054 F9F99E79 		.ascii	"\371\371\236y\336\311\"\300c\000\350\223\301\020\340"
 549      DEC922C0 
 549      6300E893 
 549      C110E0
 550 0063 8C3B4D60 		.ascii	"\214;M`\214\211\204\210&\334,\341'\374\275\270[\243"
 550      8C898488 
 550      26DC2CE1 
 550      27FCBDB8 
ARM GAS  C:\Users\Ridwane\AppData\Local\Temp\ccuvk58V.s 			page 18


 550      5BA3
 551 0075 C6DCAA97 		.ascii	"\306\334\252\227;\371:\3054\356\206\003f\262\314(\361"
 551      3BF93AC5 
 551      34EE8603 
 551      66B2CC28 
 551      F1
 552 0086 5D6734BE 		.ascii	"]g4\276r\247\377\346\356\0041\026\216\\D\"d\210\225"
 552      72A7FFE6 
 552      EE043116 
 552      8E5C4422 
 552      648895
 553 0099 B630836F 		.ascii	"\2660\203oX\243u\003\305k\325\340\255\333\005c\216'"
 553      58A37503 
 553      C56BD5E0 
 553      ADDB0563 
 553      8E27
 554 00ab E6B25E68 		.ascii	"\346\262^h\376mAm\003d\226\361\2434\003\320X\021\201"
 554      FE6D416D 
 554      036496F1 
 554      A33403D0 
 554      581181
 555 00be 7AB9BDB1 		.ascii	"z\271\275\261\276lL%\014\257`Y#\214~F\221\037\226\344"
 555      BE6C4C25 
 555      0CAF6059 
 555      238C7E46 
 555      911F96E4 
 556 00d2 9D92BC7A 		.ascii	"\235\222\274zE\376&\257\260d\371\253\311,m\352\2029"
 556      45FE26AF 
 556      B064F9AB 
 556      C92C6DEA 
 556      8239
 557 00e4 2DBE30E6 		.ascii	"-\2760\346\313/\314\325J\033\"\222a\220R\210+\022\206"
 557      CB2FCCD5 
 557      4A1B2292 
 557      61905288 
 557      2B1286
 558 00f7 AB62CC33 		.ascii	"\253b\3143\024\345a4\005\200\005\246\022\030\021pD\346"
 558      14E56134 
 558      058005A6 
 558      12181170 
 558      44E6
 559 0109 E7EC5AA5 		.ascii	"\347\354Z\245\374\0238\241\321\263\251-bd%\347\261\374"
 559      FC1338A1 
 559      D1B3A92D 
 559      626425E7 
 559      B1FC
 560 011b 24B200EB 		.ascii	"$\262\000\353\017\240\331\323\360\237\306\177x7\231"
 560      0FA0D9D3 
 560      F09FC67F 
 560      783799
 561 012a 02BC11F6 		.ascii	"\002\274\021\366\027\221$~\275\373\357;\371I(\206}\357"
 561      1791247E 
 561      BDFBEF3B 
 561      F9492886 
 561      7DEF
 562 013c 9D7CD71A 		.ascii	"\235|\327\032F\223{^6\250\315\305\303C\360\015$\206"
 562      46937B5E 
ARM GAS  C:\Users\Ridwane\AppData\Local\Temp\ccuvk58V.s 			page 19


 562      36A8CDC5 
 562      C343F00D 
 562      2486
 563 014e 03EF03B3 		.ascii	"\003\357\003\263\026\003\224e]\\\232\331\302\213&sk"
 563      16039465 
 563      5D5C9AD9 
 563      C28B2673 
 563      6B
 564 015f 14D096AC 		.ascii	"\024\320\226\254oT@\027i4\002\314BO1[\333\200\250\277"
 564      6F544017 
 564      693402CC 
 564      424F315B 
 564      DB80A8BF 
 565 0173 D64A5DFF 		.ascii	"\326J]\377\010\352\354}\002=\351)\033b\351\216\277!"
 565      08EAEC7D 
 565      023DE929 
 565      1B62E98E 
 565      BF21
 566 0185 801DBD1B 		.ascii	"\200\035\275\033\217&\234\016'6\224\356r\222\361g\311"
 566      8F269C0E 
 566      273694EE 
 566      7292F167 
 566      C9
 567 0196 D493C1A7 		.ascii	"\324\223\301\247\355\235\335m\351\301\356T<\332\372"
 567      ED9DDD6D 
 567      E9C1EE54 
 567      3CDAFA
 568 01a5 28F6E0DE 		.ascii	"(\366\340\336\375X}\213\323\347\014%\234t?\204S\311"
 568      FD587D8B 
 568      D3E70C25 
 568      9C743F84 
 568      53C9
 569 01b7 F4409733 		.ascii	"\364@\2273\320\333\320\011\324\336X}\011\033l\333n\356"
 569      D0DBD009 
 569      D4DE587D 
 569      091B6CDB 
 569      6EEE
 570 01c9 E9E86912 		.ascii	"\351\350i\022\336>\007\310\276\271\016"
 570      DE3E07C8 
 570      BEB90E
 571              		.text
 572              		.section	.gnu.lto_pqcrystals_dilithium_use_hint.3.9a33cee0,"e",%progbits
 573 0000 789C4D92 		.ascii	"x\234M\222MHTQ\024\307\317\271\367\316\373\230)[\224"
 573      4D485451 
 573      14C7CFB9 
 573      F7CEFB98 
 573      295B94
 574 0013 2D5C4D41 		.ascii	"-\\MA\233Dk\202\026\265\311\264e\253\014\"\030\220\361"
 574      9B446B82 
 574      16B5C9B4 
 574      65AB0C22 
 574      1890F1
 575 0026 2B1F9586 		.ascii	"+\037\225\206:\270\222\367f\306q\300\026\315\230\204"
 575      3AB892F7 
 575      66C671C0 
 575      16CD9884 
 576 0036 1F319943 		.ascii	"\0371\231C\024QIn4\021\033\025G\250\026}\354\032\021"
ARM GAS  C:\Users\Ridwane\AppData\Local\Temp\ccuvk58V.s 			page 20


 576      1451496E 
 576      34111B15 
 576      47A8167D 
 576      EC1A11
 577 0049 34A88C16 		.ascii	"4\250\214\026c\321\007Y\330\271Wy:p\206{\356\377\177"
 577      63D10759 
 577      D8B95779 
 577      3A70867B 
 577      EEFF7F
 578 005c 7EE7DE73 		.ascii	"~\347\336s_\206\001\204\000\340>\005\372\000{S=\014"
 578      5F860184 
 578      00E03E05 
 578      FA007B53 
 578      3D0C
 579 006e 1CC7A9D0 		.ascii	"\034\307\251\320\031\033L\216\035\300\031\374\232Y."
 579      191B4C8E 
 579      1DC019FC 
 579      9A592E
 580 007d 16B15451 		.ascii	"\026\261TQ\337b\372\260\340\254+\345\243\235C\"\241"
 580      DF62FAB0 
 580      E0AC2BE5 
 580      A39D4322 
 580      A1
 581 008e 764A8460 		.ascii	"vJ\204`\361\224Oi\335\251\"\345\365\340\255\224W14\034"
 581      F1944F69 
 581      DDA922E5 
 581      F5E0AD94 
 581      5731341C 
 582 00a2 EC1D597B 		.ascii	"\354\035Y{\021\333\2432\235\365'\307\220\226~1\220\\"
 582      11DBA332 
 582      9DF527C7 
 582      90967E31 
 582      905C
 583 00b4 D95C1838 		.ascii	"\331\\\0308\320;\202J6\245\371\351+\256\022/F\334\223"
 583      D03B824A 
 583      36A5F9E9 
 583      2BAE122F 
 583      46DC93
 584 00c7 20D88C0B 		.ascii	" \330\214\013\217\246\033\246\027m\274\313=\250\355"
 584      8FA61BA6 
 584      176DBCCB 
 584      3DA8ED
 585 00d6 456AA315 		.ascii	"Ej\243\025\243\377\010Y~\307\207\036e\264\333\017\262"
 585      A3FF0859 
 585      7EC7871E 
 585      65B4DB0F 
 585      B2
 586 00e7 C286CE09 		.ascii	"\302\206\316\011\034G\272\014x\320\250\2002R_ON8\216"
 586      1C47BA0C 
 586      78D0A880 
 586      32525F4F 
 586      4E388E
 587 00fa 09F6246E 		.ascii	"\011\366$ni\014*\257#\311\027\240,K\362{%\347a\312\325"
 587      690C2AAF 
 587      23C917A0 
 587      2C4BF27B 
 587      25E761CA 
ARM GAS  C:\Users\Ridwane\AppData\Local\Temp\ccuvk58V.s 			page 21


 588 010f 59651F2A 		.ascii	"Ye\037*@\220\376J\011Qx\374!Q\224\214\030\3664\272\374"
 588      4090FE4A 
 588      095178FC 
 588      2151948C 
 588      18F634BA 
 589 0124 CA879251 		.ascii	"\312\207\222Q#\035I\242\014I\212\337\316\3560\014\323"
 589      231D49A2 
 589      0C498ADF 
 589      CEEE300C 
 589      D3
 590 0135 4067F039 		.ascii	"@g\3609B\247\034.q1\2138\215\243o=Y\347\357\306\015"
 590      42A71C2E 
 590      71318B38 
 590      8DA36F3D 
 590      59E7EFC6 
 591 014a C7F954F2 		.ascii	"\307\371T\362y\361\273\261\033\201qF\247\342\024\202"
 591      79F1BBB1 
 591      1B817146 
 591      A7E21482 
 592 015a 42439C44 		.ascii	"BC\234D\003\310j\"N\241\227\266|\024\000i\016\033\364"
 592      03C86A22 
 592      4EA197B6 
 592      7C140069 
 592      0E1BF4
 593 016d E3E86401 		.ascii	"\343\350d\001\356p\266\231D(\371\305\234\225|\316\244"
 593      EE70B699 
 593      4428F9C5 
 593      9C957CCE 
 593      A4
 594 017e D752CB25 		.ascii	"\327R\313%\015\376\261\370p\200\033=\310:\302\000=r"
 594      0DFEB1F8 
 594      70801B3D 
 594      C83AC200 
 594      3D72
 595 0190 C446DB0C 		.ascii	"\304F\333\014\316\"\327\230N\246\250\237\370\334P\366"
 595      CE22D798 
 595      4EA6A89F 
 595      F8DC50F6 
 596 01a0 B51CC24F 		.ascii	"\265\034\302O\326\265:\267\237\233Z\036\324\351e\003"
 596      D6B53AB7 
 596      9F9B5A1E 
 596      D4E96503 
 597 01b0 3EBCFCE3 		.ascii	">\274\374\343\015s\033\334\\@Xg\321\376\325]\034\351"
 597      0D731BDC 
 597      5C405867 
 597      D1FED55D 
 597      1CE9
 598 01c2 2AB26489 		.ascii	"*\262d\211JP\263\335\012\361'?\272\200nE\237.M_\346"
 598      4A50B3DD 
 598      0AF1273F 
 598      BA806E45 
 598      9F2E4D5F 
 599 01d7 BE512772 		.ascii	"\276Q'r\225n\271<\037#/c\312\205\353,\226\356F\356#"
 599      956EB93C 
 599      1F232F63 
 599      CA85EB2C 
 599      96EE46EE 
ARM GAS  C:\Users\Ridwane\AppData\Local\Temp\ccuvk58V.s 			page 22


 600 01ec 5D4754AA 		.ascii	"]GT\252\3462\004$8\347>\017\303y\024\214$\375^<\327"
 600      E6320424 
 600      38E73E0F 
 600      C379148C 
 600      24FD5E3C 
 601 0201 B38D1F58 		.ascii	"\263\215\037X`\333|\362l\341\215w\321\314<\354\304{"
 601      60DB7CF2 
 601      6CE18D77 
 601      D1CC3CEC 
 601      C47B
 602 0213 15DE56AA 		.ascii	"\025\336V\252\3512$^p\257\3010\207\272\304\313\217\326"
 602      E932245E 
 602      70AFC130 
 602      87BAC4CB 
 602      8FD6
 603 0225 110ABFCE 		.ascii	"\021\012\277\316f\013\362\222\247\016\332\260\301\242"
 603      660BF292 
 603      A70EDAB0 
 603      C1A2
 604 0233 15C0E503 		.ascii	"\025\300\345\003$8\343\006K\217\027\014\2324\347\332"
 604      2438E306 
 604      4B8F170C 
 604      9A34E7DA 
 605 0243 936705E4 		.ascii	"\223g\005\344\302\314\235\240\247\301\315b\3714\000"
 605      C2CC9DA0 
 605      A7C1CD62 
 605      F93400
 606 0252 81AA93C1 		.ascii	"\201\252\223\301\252&\253\326\252n\017\327[-\301\216"
 606      AA26ABD6 
 606      AA6E0FD7 
 606      5B2DC18E 
 607 0262 96D6CB6D 		.ascii	"\226\326\313m\327Bu\0155\341\266\206\326`\325\271\213"
 607      D742750D 
 607      35E1B686 
 607      D660D5B9 
 607      8B
 608 0273 D5E74F9F 		.ascii	"\325\347O\237\255.;c]\261\332\233\254\360U\360\265\266"
 608      AD2E3B63 
 608      5DB1DA9B 
 608      ACF055F0 
 608      B5B6
 609 0285 849BEBAD 		.ascii	"\204\233\353\255\346K\345u\200\241}\333Yy \0208\336"
 609      E64BE575 
 609      80A17DDB 
 609      59792010 
 609      38DE
 610 0297 58DB780C 		.ascii	"X\333x\014D\223\325\334\316B\001\026:\372\037\210|\035"
 610      4493D5DC 
 610      CE420116 
 610      3AFA1F88 
 610      7C1D
 611 02a9 7F       		.ascii	"\177"
 612              		.text
 613              		.section	.gnu.lto_.symbol_nodes.9a33cee0,"e",%progbits
 614 0000 789CCB61 		.ascii	"x\234\313a\000\002&\206z\326\006 `a\234p\216\201\241"
 614      00022686 
 614      7AD60620 
ARM GAS  C:\Users\Ridwane\AppData\Local\Temp\ccuvk58V.s 			page 23


 614      60619C70 
 614      8E81A1
 615 0013 9E816157 		.ascii	"\236\201aWC##H\234\261\236\015\2538S=\373\177 `F\027"
 615      43232348 
 615      9CB19E0D 
 615      AB38533D 
 615      FB7F2060 
 616 0029 67AEE7C0 		.ascii	"g\256\347\300&\316\314\314\010\021Nb\000\000\277!!h"
 616      26CECCCC 
 616      08114E62 
 616      0000BF21 
 616      2168
 617              		.text
 618              		.section	.gnu.lto_.refs.9a33cee0,"e",%progbits
 619 0000 789C6364 		.ascii	"x\234cd\000\002\000\000\012\000\002"
 619      00020000 
 619      0A0002
 620              		.text
 621              		.section	.gnu.lto_.decls.9a33cee0,"e",%progbits
 622 0000 789C6D52 		.ascii	"x\234mR_hSg\024\377\316\355mr\333\2054E-*n\364Q\220"
 622      5F685367 
 622      14FFCEED 
 622      6D72DB85 
 622      34452D2A 
 623 0018 CA5275C2 		.ascii	"\312Ru\302\360A\351\300\027Q\260\372\340(\204\232\246"
 623      F041E9C0 
 623      1751B0FA 
 623      E028849A 
 623      A6
 624 0029 6BB06962 		.ascii	"k\260ib\222\252\203=\234\244\327\364b\353v\257\333 "
 624      92AA833D 
 624      9CA4D7F4 
 624      62EB76AF 
 624      DB20
 625 003b 6615AFD7 		.ascii	"f\025\257\327\007'\270R6\307\332\255\266\267M\3244\264"
 625      0727B852 
 625      36C7DAAD 
 625      B6B74DD4 
 625      34B4
 626 004d 8D9DED50 		.ascii	"\215\235\355P\034\243c\010\005\373\320:\031S\030z\276"
 626      1CA36308 
 626      05FBD03A 
 626      1953187A 
 626      BE
 627 005e 9BEB5AB4 		.ascii	"\233\353Z\264\037\374\356w\277s~\347\374~\337\237\243"
 627      1FFCEE77 
 627      BF737EE7 
 627      FC7EDF9F 
 627      A3
 628 006f 658C5500 		.ascii	"e\214U\000c:c\354%\215r\232\357\023*\010#\204Q\302-"
 628      633A63EC 
 628      258D729A 
 628      EF132A08 
 628      238451C2 
 629 0084 423BE163 		.ascii	"B;\341cB\236P \024\011\263\004\215jE\233\223\267k\034"
 629      429E5020 
 629      1409B304 
ARM GAS  C:\Users\Ridwane\AppData\Local\Temp\ccuvk58V.s 			page 24


 629      8D6A459B 
 629      93B76B1C 
 630 0098 84AF57C5 		.ascii	"\204\257W\305\013\253\342\227\355x\361\215\276\327)"
 630      0BABE297 
 630      ED78F18D 
 630      BED729
 631 00a7 2ED9B159 		.ascii	".\331\261Y;\306\371s\253\352\357\362\330:\020\035\033"
 631      3BC6F973 
 631      ABEAEFF2 
 631      D83A101D 
 631      1B
 632 00b8 A0D6E104 		.ascii	"\240\326\341\004n\327I3\3228#\011l\027Z\303p\262_\250"
 632      6ED74933 
 632      D2382309 
 632      6C175AC3 
 632      70B25FA8 
 633 00cc 198D1A97 		.ascii	"\031\215\032\227\264\215\211\302\362mT\252\252(\263"
 633      B48D89C2 
 633      F26D54AA 
 633      AA28B3
 634 00db 84A65CC1 		.ascii	"\204\246\\\301\006\341'`\267\3009\014?\303\020\210\302"
 634      06E12760 
 634      B7C0390C 
 634      3FC31088 
 634      C2
 635 00ec D0FCE097 		.ascii	"\320\374\340\227e\325&O\353\343\342\010Xy6\312}\012"
 635      65D5264F 
 635      EBE3E208 
 635      587936CA 
 635      7D0A
 636 00fe 679FF43E 		.ascii	"g\237\364>Y\3119K)\323J=\234\2766$,sq\005\315DNR\215"
 636      59C9394B 
 636      29D34A3D 
 636      9CBE3624 
 636      2C737105 
 637 0117 051C408C 		.ascii	"\005\034@\214\340\235\205t&\265\240TkI\312\015(\270"
 637      E09D8574 
 637      26B5A054 
 637      6B49CA0D 
 637      28B8
 638 0129 394DE14C 		.ascii	"9M\341Lf^\025\3642\224\271\303.\027\336\244)\331\206"
 638      665E15F4 
 638      3294B9C3 
 638      2E17DEA4 
 638      29D986
 639 013c 5D29BEEE 		.ascii	"])\276\356\335\250w\225\274\337\0034S8`:\214,\246\322"
 639      DDA87795 
 639      BCDF0334 
 639      5338603A 
 639      8C2CA6D2 
 640 0150 78209359 		.ascii	"x \223Y\310[\373\2730\337\327]\245w\375\256\350Y\334"
 640      C85BFBBB 
 640      30DFD75D 
 640      A577FDAE 
 640      E859DC
 641 0163 A4539734 		.ascii	"\244S\2274\312\246\006\011*I\230\250\231\240\352}\347"
 641      CAA60609 
ARM GAS  C:\Users\Ridwane\AppData\Local\Temp\ccuvk58V.s 			page 25


 641      2A4998A8 
 641      99A0EA7D 
 641      E7
 642 0174 3F97730F 		.ascii	"?\227s\017jT\335DU\317!h\364Q\223fOu\302@\274\222\224"
 642      6A54DD44 
 642      55CF2168 
 642      F4519366 
 642      4F75C240 
 643 018b 11D0C829 		.ascii	"\021\320\310)*\301\243\031\246\242\031\262R\3139\334"
 643      2AC1A319 
 643      A6A219B2 
 643      52CB39DC 
 644 019b A627A1A3 		.ascii	"\246'\241\243\242\022\307\223\350\247\245.+\3240\307"
 644      A212C793 
 644      E8A7A52E 
 644      2BD430C7 
 645 01ab 39E841FA 		.ascii	"9\350A\372\240n*\036L\222\022\346\025\320\306\351\207"
 645      A06E2A1E 
 645      4C9212E6 
 645      15D0C6E9 
 645      87
 646 01bc FA54539F 		.ascii	"\372TS\237\036\015e\276W\"\013j\022\337\267\016\236"
 646      1E0D65BE 
 646      57220B6A 
 646      12DFB70E 
 646      9E
 647 01cd 5A08F4D9 		.ascii	"Z\010\364\331+\0128Q\330\363\224\357`\370\257\215\340"
 647      2B0A3851 
 647      D8F394EF 
 647      60F8AF8D 
 647      E0
 648 01de 56F732F0 		.ascii	"V\3672\360z\244Ct|c\213\177\177\345\260\036\031,\323"
 648      7AA44374 
 648      7C638B7F 
 648      7FE5B01E 
 648      192CD3
 649 01f1 F2F9A589 		.ascii	"\362\371\245\211<\360\345(\344\200\356X\240;\366\210"
 649      3CF0E528 
 649      E480EE58 
 649      A03BF688 
 650 0201 421FFE73 		.ascii	"B\037\376s\316\275\205\312\027\021\327\217\300]\270"
 650      CEBD85CA 
 650      1711D78F 
 650      C05DB8
 651 0210 43679F07 		.ascii	"Cg\237\007v\333\272\202/\306^L\303\326t\032\377\235"
 651      76DBBA82 
 651      2FC65E4C 
 651      C3D6741A 
 651      FF9D
 652 0222 E97E6C54 		.ascii	"\351~lT^\034D<K\\\211\030Y\030\266\336@\026\3308\214"
 652      5E1C443C 
 652      4B5C8918 
 652      5918B6DE 
 652      4016D838 
 653 0237 414DAF20 		.ascii	"AM\257 \365\003\225L\374y\245\277\234\227\014\024\211"
 653      F503954C 
 653      FC79A5BF 
ARM GAS  C:\Users\Ridwane\AppData\Local\Temp\ccuvk58V.s 			page 26


 653      9C970C14 
 653      89
 654 0248 5D4E6C31 		.ascii	"]Nl1\017\005\233\\\260\311\017A\232\202\267=~?\372\337"
 654      0F059B5C 
 654      B0C90F41 
 654      9A82B73D 
 654      7E3FFADF 
 655 025c 94BBB49C 		.ascii	"\224\273\264\234\242w\223\372\343\346\234\353\265\267"
 655      A27793FA 
 655      E3E69CEB 
 655      B5B7
 656 026a 47ACE4AD 		.ascii	"G\254\344\255\010l\332\362\366\370Y\317\015\367\326"
 656      086CDAF2 
 656      F6F859CF 
 656      0DF7D6
 657 0279 BE342EF5 		.ascii	"\2764.\365d\273\335\367\370\035B\021&m\245I[\351G\220"
 657      64BBDDF7 
 657      F81D4211 
 657      266DA549 
 657      5BE94790 
 658 028d 16B9D2D3 		.ascii	"\026\271\322\323o/?\253\340\255\0371\256\364]\372\233"
 658      6F2F3FAB 
 658      E0AD1F31 
 658      AEF45DFA 
 658      9B
 659 029e C9F292D2 		.ascii	"\311\362\222\322\257\244d\014\347\256\277u\012\263\300"
 659      AFA4640C 
 659      E7AEBF75 
 659      0AB3C0
 660 02ad EE5B4A83 		.ascii	"\356[J\203?\\}\356\342[Z\272q5e+\315\302\214\2554c+"
 660      3F5C7DEE 
 660      E25B5ABA 
 660      7135652B 
 660      CDC28CAD 
 661 02c4 7D260A2F 		.ascii	"}&\012/\346\344k\316\377\037s\336~\350\277qZe4\334\331"
 661      E6E46BCE 
 661      FF1F73DE 
 661      7EE8BF71 
 661      5A6534DC 
 662 02d9 D112ECF8 		.ascii	"\321\022\354\370d\273_\332\177\360hm\203w7[\277\022"
 662      64BB5FDA 
 662      7FF0686D 
 662      8377375B 
 662      BF12
 663 02eb DBEEF57A 		.ascii	"\333\356\365zw\265\036o\255g\316`G|G\275/^\346\375\200"
 663      77B51E6F 
 663      AD67CE60 
 663      477C47BD 
 663      2F5EE6FD 
 664 0300 B99AA3A1 		.ascii	"\271\232\243\241S\273\003u\241m\255\021V\351\017G\343"
 664      53BB0375 
 664      A16DAD11 
 664      56E90F47 
 664      E3
 665 0311 813375A1 		.ascii	"\2013u\241\235\2546r\322\037\3754\026on\217\371Z\202"
 665      9DAC3672 
 665      D21FFD34 
ARM GAS  C:\Users\Ridwane\AppData\Local\Temp\ccuvk58V.s 			page 27


 665      166F6E8F 
 665      F95A82
 666 0324 EDC1785B 		.ascii	"\355\301x[\2603\344\213\204O\007\242\365VOo\303\207"
 666      B033E48B 
 666      844F07A2 
 666      F5564F6F 
 666      C387
 667 0336 4D0D6DC1 		.ascii	"M\015m\301\343\301\306xgK0\334t:\034=\021\2134\373\003"
 667      E3C1C678 
 667      674B30DC 
 667      743A1C3D 
 667      118B34FB 
 668 034b BECE5820 		.ascii	"\276\316X \332\324p\370X\343\221}\007\032\353>z]\314"
 668      DAD470F8 
 668      58E3917D 
 668      071AEB3E 
 668      7A5DCC
 669 035e DE59F1C2 		.ascii	"\336Y\361\302\336[\263}K\300\037\016E\302\261\300\332"
 669      DE5BB37D 
 669      4BC01F0E 
 669      45C2B1C0 
 669      DA
 670 036f E950F389 		.ascii	"\351P\363\211\200\257\215\314\277\273f\232t\255\354"
 670      80AF8DCC 
 670      BFBB669A 
 670      74ADEC
 671 037e 2B273ECE 		.ascii	"+'>\316S"
 671      53
 672              		.text
 673              		.section	.gnu.lto_.symtab.9a33cee0,"e",%progbits
 674 0000 70716372 		.ascii	"pqcrystals_dilithium_power2round\000"
 674      79737461 
 674      6C735F64 
 674      696C6974 
 674      6869756D 
 675 0021 00       		.ascii	"\000"
 676 0022 00       		.ascii	"\000"
 677 0023 00       		.ascii	"\000"
 678 0024 00000000 		.ascii	"\000\000\000\000\000\000\000\000"
 678      00000000 
 679 002c C8000000 		.ascii	"\310\000\000\000"
 680 0030 70716372 		.ascii	"pqcrystals_dilithium_decompose\000"
 680      79737461 
 680      6C735F64 
 680      696C6974 
 680      6869756D 
 681 004f 00       		.ascii	"\000"
 682 0050 00       		.ascii	"\000"
 683 0051 00       		.ascii	"\000"
 684 0052 00000000 		.ascii	"\000\000\000\000\000\000\000\000"
 684      00000000 
 685 005a CA000000 		.ascii	"\312\000\000\000"
 686 005e 70716372 		.ascii	"pqcrystals_dilithium_make_hint\000"
 686      79737461 
 686      6C735F64 
 686      696C6974 
 686      6869756D 
ARM GAS  C:\Users\Ridwane\AppData\Local\Temp\ccuvk58V.s 			page 28


 687 007d 00       		.ascii	"\000"
 688 007e 00       		.ascii	"\000"
 689 007f 00       		.ascii	"\000"
 690 0080 00000000 		.ascii	"\000\000\000\000\000\000\000\000"
 690      00000000 
 691 0088 CF000000 		.ascii	"\317\000\000\000"
 692 008c 70716372 		.ascii	"pqcrystals_dilithium_use_hint\000"
 692      79737461 
 692      6C735F64 
 692      696C6974 
 692      6869756D 
 693 00aa 00       		.ascii	"\000"
 694 00ab 00       		.ascii	"\000"
 695 00ac 00       		.ascii	"\000"
 696 00ad 00000000 		.ascii	"\000\000\000\000\000\000\000\000"
 696      00000000 
 697 00b5 D4000000 		.ascii	"\324\000\000\000"
 698              		.text
 699              		.section	.gnu.lto_.ext_symtab.9a33cee0,"e",%progbits
 700 0000 01       		.ascii	"\001"
 701 0001 01       		.ascii	"\001"
 702 0002 00       		.ascii	"\000"
 703 0003 01       		.ascii	"\001"
 704 0004 00       		.ascii	"\000"
 705 0005 01       		.ascii	"\001"
 706 0006 00       		.ascii	"\000"
 707 0007 01       		.ascii	"\001"
 708 0008 00       		.ascii	"\000"
 709              		.text
 710              		.section	.gnu.lto_.opts,"e",%progbits
 711 0000 272D666E 		.ascii	"'-fno-openmp' '-fno-openacc' '-fno-pie' '-fcf-prote"
 711      6F2D6F70 
 711      656E6D70 
 711      2720272D 
 711      666E6F2D 
 712 0033 6374696F 		.ascii	"ction=none' '-g' '-mcpu=cortex-m4' '-mthumb' '-mflo"
 712      6E3D6E6F 
 712      6E652720 
 712      272D6727 
 712      20272D6D 
 713 0066 61742D61 		.ascii	"at-abi=softfp' '-mfpu=fpv4-sp-d16' '-mlibarch=armv7"
 713      62693D73 
 713      6F667466 
 713      70272027 
 713      2D6D6670 
 714 0099 652D6D2B 		.ascii	"e-m+fp' '-march=armv7e-m+fp' '-O2' '-fomit-frame-po"
 714      66702720 
 714      272D6D61 
 714      7263683D 
 714      61726D76 
 715 00cc 696E7465 		.ascii	"inter' '-falign-functions=16' '-ffunction-sections'"
 715      72272027 
 715      2D66616C 
 715      69676E2D 
 715      66756E63 
 716 00ff 20272D66 		.ascii	" '-fdata-sections' '-fno-common' '-flto' '-Xassembl"
 716      64617461 
ARM GAS  C:\Users\Ridwane\AppData\Local\Temp\ccuvk58V.s 			page 29


 716      2D736563 
 716      74696F6E 
 716      73272027 
 717 0132 65722720 		.ascii	"er' '-alms=./build/lst/rounding.lst'\000"
 717      272D616C 
 717      6D733D2E 
 717      2F627569 
 717      6C642F6C 
 718              		.text
 719              		.comm	__gnu_lto_slim,1,1
 720              		.ident	"GCC: (Arm GNU Toolchain 11.3.Rel1) 11.3.1 20220712"
ARM GAS  C:\Users\Ridwane\AppData\Local\Temp\ccuvk58V.s 			page 30


DEFINED SYMBOLS
                            *ABS*:00000000 rounding.c
C:\Users\Ridwane\AppData\Local\Temp\ccuvk58V.s:22     .gnu.debuglto_.debug_info:00000000 rounding.c.1115fbf2
                            *COM*:00000001 __gnu_lto_slim

NO UNDEFINED SYMBOLS
