ARM GAS  C:\Users\Ridwane\AppData\Local\Temp\ccLDziha.s 			page 1


   1              		.cpu cortex-m4
   2              		.arch armv7e-m
   3              		.fpu fpv4-sp-d16
   4              		.eabi_attribute 27, 1
   5              		.eabi_attribute 20, 1
   6              		.eabi_attribute 21, 1
   7              		.eabi_attribute 23, 3
   8              		.eabi_attribute 24, 1
   9              		.eabi_attribute 25, 1
  10              		.eabi_attribute 26, 1
  11              		.eabi_attribute 30, 2
  12              		.eabi_attribute 34, 1
  13              		.eabi_attribute 18, 4
  14              		.file	"symmetric-shake.c"
  15              		.file 1 "c:\\chibistudio\\tools\\gnu tools arm embedded\\11.3 2022.08\\arm-none-eabi\\include\\mac
  16              		.file 2 "c:\\chibistudio\\tools\\gnu tools arm embedded\\11.3 2022.08\\arm-none-eabi\\include\\sys
  17              		.file 3 "c:\\chibistudio\\tools\\gnu tools arm embedded\\11.3 2022.08\\lib\\gcc\\arm-none-eabi\\11
  18              		.file 4 "fips202.h"
  19              		.file 5 "symmetric-shake.c"
  20              		.section	.gnu.debuglto_.debug_info,"e",%progbits
  21              	.Ldebug_info0:
  22              		.hidden	symmetric_shake.c.3627a2a6
  23              		.weak	symmetric_shake.c.3627a2a6
  24              	symmetric_shake.c.3627a2a6:
  25 0000 FB010000 		.4byte	0x1fb
  26 0004 0500     		.2byte	0x5
  27 0006 01       		.byte	0x1
  28 0007 04       		.byte	0x4
  29 0008 00000000 		.4byte	.Ldebug_abbrev0
  30 000c 0A       		.uleb128 0xa
  31 000d AC000000 		.4byte	.LASF28
  32 0011 1D       		.byte	0x1d
  33 0012 00000000 		.4byte	.LASF29
  34 0016 47020000 		.4byte	.LASF30
  35 001a 00000000 		.4byte	.Ldebug_line0
  36 001e 01       		.uleb128 0x1
  37 001f 01       		.byte	0x1
  38 0020 06       		.byte	0x6
  39 0021 D5020000 		.4byte	.LASF0
  40 0025 03       		.uleb128 0x3
  41 0026 12000000 		.4byte	.LASF3
  42 002a 01       		.byte	0x1
  43 002b 2B       		.byte	0x2b
  44 002c 18       		.byte	0x18
  45 002d 31000000 		.4byte	0x31
  46 0031 01       		.uleb128 0x1
  47 0032 01       		.byte	0x1
  48 0033 08       		.byte	0x8
  49 0034 9E000000 		.4byte	.LASF1
  50 0038 01       		.uleb128 0x1
  51 0039 02       		.byte	0x2
  52 003a 05       		.byte	0x5
  53 003b 87020000 		.4byte	.LASF2
  54 003f 03       		.uleb128 0x3
  55 0040 A9010000 		.4byte	.LASF4
  56 0044 01       		.byte	0x1
  57 0045 39       		.byte	0x39
ARM GAS  C:\Users\Ridwane\AppData\Local\Temp\ccLDziha.s 			page 2


  58 0046 19       		.byte	0x19
  59 0047 4B000000 		.4byte	0x4b
  60 004b 01       		.uleb128 0x1
  61 004c 02       		.byte	0x2
  62 004d 07       		.byte	0x7
  63 004e 96010000 		.4byte	.LASF5
  64 0052 01       		.uleb128 0x1
  65 0053 04       		.byte	0x4
  66 0054 05       		.byte	0x5
  67 0055 AA020000 		.4byte	.LASF6
  68 0059 01       		.uleb128 0x1
  69 005a 04       		.byte	0x4
  70 005b 07       		.byte	0x7
  71 005c 7E010000 		.4byte	.LASF7
  72 0060 01       		.uleb128 0x1
  73 0061 08       		.byte	0x8
  74 0062 05       		.byte	0x5
  75 0063 39020000 		.4byte	.LASF8
  76 0067 03       		.uleb128 0x3
  77 0068 91020000 		.4byte	.LASF9
  78 006c 01       		.byte	0x1
  79 006d 69       		.byte	0x69
  80 006e 19       		.byte	0x19
  81 006f 73000000 		.4byte	0x73
  82 0073 01       		.uleb128 0x1
  83 0074 08       		.byte	0x8
  84 0075 07       		.byte	0x7
  85 0076 F5010000 		.4byte	.LASF10
  86 007a 0B       		.uleb128 0xb
  87 007b 04       		.byte	0x4
  88 007c 05       		.byte	0x5
  89 007d 696E7400 		.ascii	"int\000"
  90 0081 01       		.uleb128 0x1
  91 0082 04       		.byte	0x4
  92 0083 07       		.byte	0x7
  93 0084 E8010000 		.4byte	.LASF11
  94 0088 03       		.uleb128 0x3
  95 0089 0C020000 		.4byte	.LASF12
  96 008d 02       		.byte	0x2
  97 008e 18       		.byte	0x18
  98 008f 13       		.byte	0x13
  99 0090 25000000 		.4byte	0x25
 100 0094 0C       		.uleb128 0xc
 101 0095 88000000 		.4byte	0x88
 102 0099 03       		.uleb128 0x3
 103 009a 9C020000 		.4byte	.LASF13
 104 009e 02       		.byte	0x2
 105 009f 24       		.byte	0x24
 106 00a0 14       		.byte	0x14
 107 00a1 3F000000 		.4byte	0x3f
 108 00a5 03       		.uleb128 0x3
 109 00a6 49000000 		.4byte	.LASF14
 110 00aa 02       		.byte	0x2
 111 00ab 3C       		.byte	0x3c
 112 00ac 14       		.byte	0x14
 113 00ad 67000000 		.4byte	0x67
 114 00b1 03       		.uleb128 0x3
ARM GAS  C:\Users\Ridwane\AppData\Local\Temp\ccLDziha.s 			page 3


 115 00b2 1C000000 		.4byte	.LASF15
 116 00b6 03       		.byte	0x3
 117 00b7 D1       		.byte	0xd1
 118 00b8 17       		.byte	0x17
 119 00b9 81000000 		.4byte	0x81
 120 00bd 01       		.uleb128 0x1
 121 00be 08       		.byte	0x8
 122 00bf 04       		.byte	0x4
 123 00c0 C9020000 		.4byte	.LASF16
 124 00c4 07       		.uleb128 0x7
 125 00c5 12       		.byte	0x12
 126 00c6 D5000000 		.4byte	0xd5
 127 00ca 08       		.uleb128 0x8
 128 00cb 63747800 		.ascii	"ctx\000"
 129 00cf 13       		.byte	0x13
 130 00d0 D5000000 		.4byte	0xd5
 131 00d4 00       		.byte	0
 132 00d5 06       		.uleb128 0x6
 133 00d6 A5000000 		.4byte	0xa5
 134 00da 03       		.uleb128 0x3
 135 00db 78020000 		.4byte	.LASF17
 136 00df 04       		.byte	0x4
 137 00e0 14       		.byte	0x14
 138 00e1 03       		.byte	0x3
 139 00e2 C4000000 		.4byte	0xc4
 140 00e6 07       		.uleb128 0x7
 141 00e7 1C       		.byte	0x1c
 142 00e8 F7000000 		.4byte	0xf7
 143 00ec 08       		.uleb128 0x8
 144 00ed 63747800 		.ascii	"ctx\000"
 145 00f1 1D       		.byte	0x1d
 146 00f2 D5000000 		.4byte	0xd5
 147 00f6 00       		.byte	0
 148 00f7 03       		.uleb128 0x3
 149 00f8 14020000 		.4byte	.LASF18
 150 00fc 04       		.byte	0x4
 151 00fd 1E       		.byte	0x1e
 152 00fe 03       		.byte	0x3
 153 00ff E6000000 		.4byte	0xe6
 154 0103 04       		.uleb128 0x4
 155 0104 B3020000 		.4byte	.LASF19
 156 0108 6B       		.byte	0x6b
 157 0109 13010000 		.4byte	0x113
 158 010d 02       		.uleb128 0x2
 159 010e 13010000 		.4byte	0x113
 160 0112 00       		.byte	0
 161 0113 06       		.uleb128 0x6
 162 0114 F7000000 		.4byte	0xf7
 163 0118 04       		.uleb128 0x4
 164 0119 35000000 		.4byte	.LASF20
 165 011d 69       		.byte	0x69
 166 011e 32010000 		.4byte	0x132
 167 0122 02       		.uleb128 0x2
 168 0123 13010000 		.4byte	0x113
 169 0127 02       		.uleb128 0x2
 170 0128 32010000 		.4byte	0x132
 171 012c 02       		.uleb128 0x2
ARM GAS  C:\Users\Ridwane\AppData\Local\Temp\ccLDziha.s 			page 4


 172 012d B1000000 		.4byte	0xb1
 173 0131 00       		.byte	0
 174 0132 06       		.uleb128 0x6
 175 0133 94000000 		.4byte	0x94
 176 0137 04       		.uleb128 0x4
 177 0138 23000000 		.4byte	.LASF21
 178 013c 68       		.byte	0x68
 179 013d 47010000 		.4byte	0x147
 180 0141 02       		.uleb128 0x2
 181 0142 13010000 		.4byte	0x113
 182 0146 00       		.byte	0
 183 0147 04       		.uleb128 0x4
 184 0148 23020000 		.4byte	.LASF22
 185 014c 4C       		.byte	0x4c
 186 014d 57010000 		.4byte	0x157
 187 0151 02       		.uleb128 0x2
 188 0152 57010000 		.4byte	0x157
 189 0156 00       		.byte	0
 190 0157 06       		.uleb128 0x6
 191 0158 DA000000 		.4byte	0xda
 192 015c 04       		.uleb128 0x4
 193 015d E1020000 		.4byte	.LASF23
 194 0161 4A       		.byte	0x4a
 195 0162 76010000 		.4byte	0x176
 196 0166 02       		.uleb128 0x2
 197 0167 57010000 		.4byte	0x157
 198 016b 02       		.uleb128 0x2
 199 016c 32010000 		.4byte	0x132
 200 0170 02       		.uleb128 0x2
 201 0171 B1000000 		.4byte	0xb1
 202 0175 00       		.byte	0
 203 0176 04       		.uleb128 0x4
 204 0177 8C000000 		.4byte	.LASF24
 205 017b 45       		.byte	0x45
 206 017c 86010000 		.4byte	0x186
 207 0180 02       		.uleb128 0x2
 208 0181 57010000 		.4byte	0x157
 209 0185 00       		.byte	0
 210 0186 0D       		.uleb128 0xd
 211 0187 B4010000 		.4byte	.LASF31
 212 018b 05       		.byte	0x5
 213 018c 12       		.byte	0x12
 214 018d 06       		.byte	0x6
 215 018e BC010000 		.4byte	0x1bc
 216 0192 05       		.uleb128 0x5
 217 0193 86000000 		.4byte	.LASF25
 218 0197 12       		.byte	0x12
 219 0198 35       		.byte	0x35
 220 0199 13010000 		.4byte	0x113
 221 019d 05       		.uleb128 0x5
 222 019e A5020000 		.4byte	.LASF26
 223 01a2 12       		.byte	0x12
 224 01a3 4A       		.byte	0x4a
 225 01a4 32010000 		.4byte	0x132
 226 01a8 05       		.uleb128 0x5
 227 01a9 90010000 		.4byte	.LASF27
 228 01ad 12       		.byte	0x12
ARM GAS  C:\Users\Ridwane\AppData\Local\Temp\ccLDziha.s 			page 5


 229 01ae 63       		.byte	0x63
 230 01af 99000000 		.4byte	0x99
 231 01b3 09       		.uleb128 0x9
 232 01b4 7400     		.ascii	"t\000"
 233 01b6 14       		.byte	0x14
 234 01b7 BC010000 		.4byte	0x1bc
 235 01bb 00       		.byte	0
 236 01bc 0E       		.uleb128 0xe
 237 01bd 88000000 		.4byte	0x88
 238 01c1 CC010000 		.4byte	0x1cc
 239 01c5 0F       		.uleb128 0xf
 240 01c6 81000000 		.4byte	0x81
 241 01ca 01       		.byte	0x1
 242 01cb 00       		.byte	0
 243 01cc 10       		.uleb128 0x10
 244 01cd 52000000 		.4byte	.LASF32
 245 01d1 05       		.byte	0x5
 246 01d2 06       		.byte	0x6
 247 01d3 06       		.byte	0x6
 248 01d4 05       		.uleb128 0x5
 249 01d5 86000000 		.4byte	.LASF25
 250 01d9 06       		.byte	0x6
 251 01da 35       		.byte	0x35
 252 01db 57010000 		.4byte	0x157
 253 01df 05       		.uleb128 0x5
 254 01e0 A5020000 		.4byte	.LASF26
 255 01e4 06       		.byte	0x6
 256 01e5 4A       		.byte	0x4a
 257 01e6 32010000 		.4byte	0x132
 258 01ea 05       		.uleb128 0x5
 259 01eb 90010000 		.4byte	.LASF27
 260 01ef 06       		.byte	0x6
 261 01f0 64       		.byte	0x64
 262 01f1 99000000 		.4byte	0x99
 263 01f5 09       		.uleb128 0x9
 264 01f6 7400     		.ascii	"t\000"
 265 01f8 08       		.byte	0x8
 266 01f9 BC010000 		.4byte	0x1bc
 267 01fd 00       		.byte	0
 268 01fe 00       		.byte	0
 269              		.section	.gnu.debuglto_.debug_abbrev,"e",%progbits
 270              	.Ldebug_abbrev0:
 271 0000 01       		.uleb128 0x1
 272 0001 24       		.uleb128 0x24
 273 0002 00       		.byte	0
 274 0003 0B       		.uleb128 0xb
 275 0004 0B       		.uleb128 0xb
 276 0005 3E       		.uleb128 0x3e
 277 0006 0B       		.uleb128 0xb
 278 0007 03       		.uleb128 0x3
 279 0008 0E       		.uleb128 0xe
 280 0009 00       		.byte	0
 281 000a 00       		.byte	0
 282 000b 02       		.uleb128 0x2
 283 000c 05       		.uleb128 0x5
 284 000d 00       		.byte	0
 285 000e 49       		.uleb128 0x49
ARM GAS  C:\Users\Ridwane\AppData\Local\Temp\ccLDziha.s 			page 6


 286 000f 13       		.uleb128 0x13
 287 0010 00       		.byte	0
 288 0011 00       		.byte	0
 289 0012 03       		.uleb128 0x3
 290 0013 16       		.uleb128 0x16
 291 0014 00       		.byte	0
 292 0015 03       		.uleb128 0x3
 293 0016 0E       		.uleb128 0xe
 294 0017 3A       		.uleb128 0x3a
 295 0018 0B       		.uleb128 0xb
 296 0019 3B       		.uleb128 0x3b
 297 001a 0B       		.uleb128 0xb
 298 001b 39       		.uleb128 0x39
 299 001c 0B       		.uleb128 0xb
 300 001d 49       		.uleb128 0x49
 301 001e 13       		.uleb128 0x13
 302 001f 00       		.byte	0
 303 0020 00       		.byte	0
 304 0021 04       		.uleb128 0x4
 305 0022 2E       		.uleb128 0x2e
 306 0023 01       		.byte	0x1
 307 0024 3F       		.uleb128 0x3f
 308 0025 19       		.uleb128 0x19
 309 0026 03       		.uleb128 0x3
 310 0027 0E       		.uleb128 0xe
 311 0028 3A       		.uleb128 0x3a
 312 0029 21       		.uleb128 0x21
 313 002a 04       		.sleb128 4
 314 002b 3B       		.uleb128 0x3b
 315 002c 0B       		.uleb128 0xb
 316 002d 39       		.uleb128 0x39
 317 002e 21       		.uleb128 0x21
 318 002f 06       		.sleb128 6
 319 0030 27       		.uleb128 0x27
 320 0031 19       		.uleb128 0x19
 321 0032 3C       		.uleb128 0x3c
 322 0033 19       		.uleb128 0x19
 323 0034 01       		.uleb128 0x1
 324 0035 13       		.uleb128 0x13
 325 0036 00       		.byte	0
 326 0037 00       		.byte	0
 327 0038 05       		.uleb128 0x5
 328 0039 05       		.uleb128 0x5
 329 003a 00       		.byte	0
 330 003b 03       		.uleb128 0x3
 331 003c 0E       		.uleb128 0xe
 332 003d 3A       		.uleb128 0x3a
 333 003e 21       		.uleb128 0x21
 334 003f 05       		.sleb128 5
 335 0040 3B       		.uleb128 0x3b
 336 0041 0B       		.uleb128 0xb
 337 0042 39       		.uleb128 0x39
 338 0043 0B       		.uleb128 0xb
 339 0044 49       		.uleb128 0x49
 340 0045 13       		.uleb128 0x13
 341 0046 00       		.byte	0
 342 0047 00       		.byte	0
ARM GAS  C:\Users\Ridwane\AppData\Local\Temp\ccLDziha.s 			page 7


 343 0048 06       		.uleb128 0x6
 344 0049 0F       		.uleb128 0xf
 345 004a 00       		.byte	0
 346 004b 0B       		.uleb128 0xb
 347 004c 21       		.uleb128 0x21
 348 004d 04       		.sleb128 4
 349 004e 49       		.uleb128 0x49
 350 004f 13       		.uleb128 0x13
 351 0050 00       		.byte	0
 352 0051 00       		.byte	0
 353 0052 07       		.uleb128 0x7
 354 0053 13       		.uleb128 0x13
 355 0054 01       		.byte	0x1
 356 0055 0B       		.uleb128 0xb
 357 0056 21       		.uleb128 0x21
 358 0057 04       		.sleb128 4
 359 0058 3A       		.uleb128 0x3a
 360 0059 21       		.uleb128 0x21
 361 005a 04       		.sleb128 4
 362 005b 3B       		.uleb128 0x3b
 363 005c 0B       		.uleb128 0xb
 364 005d 39       		.uleb128 0x39
 365 005e 21       		.uleb128 0x21
 366 005f 09       		.sleb128 9
 367 0060 01       		.uleb128 0x1
 368 0061 13       		.uleb128 0x13
 369 0062 00       		.byte	0
 370 0063 00       		.byte	0
 371 0064 08       		.uleb128 0x8
 372 0065 0D       		.uleb128 0xd
 373 0066 00       		.byte	0
 374 0067 03       		.uleb128 0x3
 375 0068 08       		.uleb128 0x8
 376 0069 3A       		.uleb128 0x3a
 377 006a 21       		.uleb128 0x21
 378 006b 04       		.sleb128 4
 379 006c 3B       		.uleb128 0x3b
 380 006d 0B       		.uleb128 0xb
 381 006e 39       		.uleb128 0x39
 382 006f 21       		.uleb128 0x21
 383 0070 0F       		.sleb128 15
 384 0071 49       		.uleb128 0x49
 385 0072 13       		.uleb128 0x13
 386 0073 38       		.uleb128 0x38
 387 0074 21       		.uleb128 0x21
 388 0075 00       		.sleb128 0
 389 0076 00       		.byte	0
 390 0077 00       		.byte	0
 391 0078 09       		.uleb128 0x9
 392 0079 34       		.uleb128 0x34
 393 007a 00       		.byte	0
 394 007b 03       		.uleb128 0x3
 395 007c 08       		.uleb128 0x8
 396 007d 3A       		.uleb128 0x3a
 397 007e 21       		.uleb128 0x21
 398 007f 05       		.sleb128 5
 399 0080 3B       		.uleb128 0x3b
ARM GAS  C:\Users\Ridwane\AppData\Local\Temp\ccLDziha.s 			page 8


 400 0081 0B       		.uleb128 0xb
 401 0082 39       		.uleb128 0x39
 402 0083 21       		.uleb128 0x21
 403 0084 0B       		.sleb128 11
 404 0085 49       		.uleb128 0x49
 405 0086 13       		.uleb128 0x13
 406 0087 00       		.byte	0
 407 0088 00       		.byte	0
 408 0089 0A       		.uleb128 0xa
 409 008a 11       		.uleb128 0x11
 410 008b 01       		.byte	0x1
 411 008c 25       		.uleb128 0x25
 412 008d 0E       		.uleb128 0xe
 413 008e 13       		.uleb128 0x13
 414 008f 0B       		.uleb128 0xb
 415 0090 03       		.uleb128 0x3
 416 0091 0E       		.uleb128 0xe
 417 0092 1B       		.uleb128 0x1b
 418 0093 0E       		.uleb128 0xe
 419 0094 10       		.uleb128 0x10
 420 0095 17       		.uleb128 0x17
 421 0096 00       		.byte	0
 422 0097 00       		.byte	0
 423 0098 0B       		.uleb128 0xb
 424 0099 24       		.uleb128 0x24
 425 009a 00       		.byte	0
 426 009b 0B       		.uleb128 0xb
 427 009c 0B       		.uleb128 0xb
 428 009d 3E       		.uleb128 0x3e
 429 009e 0B       		.uleb128 0xb
 430 009f 03       		.uleb128 0x3
 431 00a0 08       		.uleb128 0x8
 432 00a1 00       		.byte	0
 433 00a2 00       		.byte	0
 434 00a3 0C       		.uleb128 0xc
 435 00a4 26       		.uleb128 0x26
 436 00a5 00       		.byte	0
 437 00a6 49       		.uleb128 0x49
 438 00a7 13       		.uleb128 0x13
 439 00a8 00       		.byte	0
 440 00a9 00       		.byte	0
 441 00aa 0D       		.uleb128 0xd
 442 00ab 2E       		.uleb128 0x2e
 443 00ac 01       		.byte	0x1
 444 00ad 3F       		.uleb128 0x3f
 445 00ae 19       		.uleb128 0x19
 446 00af 03       		.uleb128 0x3
 447 00b0 0E       		.uleb128 0xe
 448 00b1 3A       		.uleb128 0x3a
 449 00b2 0B       		.uleb128 0xb
 450 00b3 3B       		.uleb128 0x3b
 451 00b4 0B       		.uleb128 0xb
 452 00b5 39       		.uleb128 0x39
 453 00b6 0B       		.uleb128 0xb
 454 00b7 27       		.uleb128 0x27
 455 00b8 19       		.uleb128 0x19
 456 00b9 01       		.uleb128 0x1
ARM GAS  C:\Users\Ridwane\AppData\Local\Temp\ccLDziha.s 			page 9


 457 00ba 13       		.uleb128 0x13
 458 00bb 00       		.byte	0
 459 00bc 00       		.byte	0
 460 00bd 0E       		.uleb128 0xe
 461 00be 01       		.uleb128 0x1
 462 00bf 01       		.byte	0x1
 463 00c0 49       		.uleb128 0x49
 464 00c1 13       		.uleb128 0x13
 465 00c2 01       		.uleb128 0x1
 466 00c3 13       		.uleb128 0x13
 467 00c4 00       		.byte	0
 468 00c5 00       		.byte	0
 469 00c6 0F       		.uleb128 0xf
 470 00c7 21       		.uleb128 0x21
 471 00c8 00       		.byte	0
 472 00c9 49       		.uleb128 0x49
 473 00ca 13       		.uleb128 0x13
 474 00cb 2F       		.uleb128 0x2f
 475 00cc 0B       		.uleb128 0xb
 476 00cd 00       		.byte	0
 477 00ce 00       		.byte	0
 478 00cf 10       		.uleb128 0x10
 479 00d0 2E       		.uleb128 0x2e
 480 00d1 01       		.byte	0x1
 481 00d2 3F       		.uleb128 0x3f
 482 00d3 19       		.uleb128 0x19
 483 00d4 03       		.uleb128 0x3
 484 00d5 0E       		.uleb128 0xe
 485 00d6 3A       		.uleb128 0x3a
 486 00d7 0B       		.uleb128 0xb
 487 00d8 3B       		.uleb128 0x3b
 488 00d9 0B       		.uleb128 0xb
 489 00da 39       		.uleb128 0x39
 490 00db 0B       		.uleb128 0xb
 491 00dc 27       		.uleb128 0x27
 492 00dd 19       		.uleb128 0x19
 493 00de 00       		.byte	0
 494 00df 00       		.byte	0
 495 00e0 00       		.byte	0
 496              		.section	.gnu.debuglto_.debug_line,"e",%progbits
 497              	.Ldebug_line0:
 498 0000 52000000 		.4byte	.LELT0-.LSLT0
 499              	.LSLT0:
 500 0004 0500     		.2byte	0x5
 501 0006 04       		.byte	0x4
 502 0007 00       		.byte	0
 503 0008 4A000000 		.4byte	.LELTP0-.LASLTP0
 504              	.LASLTP0:
 505 000c 01       		.byte	0x1
 506 000d 01       		.byte	0x1
 507 000e 01       		.byte	0x1
 508 000f F6       		.byte	0xf6
 509 0010 F2       		.byte	0xf2
 510 0011 0D       		.byte	0xd
 511 0012 00       		.byte	0
 512 0013 01       		.byte	0x1
 513 0014 01       		.byte	0x1
ARM GAS  C:\Users\Ridwane\AppData\Local\Temp\ccLDziha.s 			page 10


 514 0015 01       		.byte	0x1
 515 0016 01       		.byte	0x1
 516 0017 00       		.byte	0
 517 0018 00       		.byte	0
 518 0019 00       		.byte	0
 519 001a 01       		.byte	0x1
 520 001b 00       		.byte	0
 521 001c 00       		.byte	0
 522 001d 01       		.byte	0x1
 523 001e 01       		.byte	0x1
 524 001f 01       		.uleb128 0x1
 525 0020 1F       		.uleb128 0x1f
 526 0021 04       		.uleb128 0x4
 527 0022 48010000 		.4byte	.LASF33
 528 0026 E7000000 		.4byte	.LASF34
 529 002a 1C000000 		.4byte	.LASF35
 530 002e 80000000 		.4byte	.LASF36
 531 0032 02       		.byte	0x2
 532 0033 01       		.uleb128 0x1
 533 0034 1F       		.uleb128 0x1f
 534 0035 02       		.uleb128 0x2
 535 0036 0B       		.uleb128 0xb
 536 0037 06       		.uleb128 0x6
 537 0038 0A000000 		.4byte	.LASF37
 538 003c 00       		.byte	0
 539 003d 6F000000 		.4byte	.LASF38
 540 0041 01       		.byte	0x1
 541 0042 3E010000 		.4byte	.LASF39
 542 0046 02       		.byte	0x2
 543 0047 DE000000 		.4byte	.LASF40
 544 004b 03       		.byte	0x3
 545 004c 00000000 		.4byte	.LASF41
 546 0050 00       		.byte	0
 547 0051 0A000000 		.4byte	.LASF37
 548 0055 00       		.byte	0
 549              	.LELTP0:
 550              	.LELT0:
 551              		.section	.gnu.debuglto_.debug_str,"eMS",%progbits,1
 552              	.LASF29:
 553 0000 73796D6D 		.ascii	"symmetric-shake.c\000"
 553      65747269 
 553      632D7368 
 553      616B652E 
 553      6300
 554              	.LASF3:
 555 0012 5F5F7569 		.ascii	"__uint8_t\000"
 555      6E74385F 
 555      7400
 556              	.LASF15:
 557 001c 73697A65 		.ascii	"size_t\000"
 557      5F7400
 558              	.LASF21:
 559 0023 7368616B 		.ascii	"shake256_inc_init\000"
 559      65323536 
 559      5F696E63 
 559      5F696E69 
 559      7400
ARM GAS  C:\Users\Ridwane\AppData\Local\Temp\ccLDziha.s 			page 11


 560              	.LASF20:
 561 0035 7368616B 		.ascii	"shake256_inc_absorb\000"
 561      65323536 
 561      5F696E63 
 561      5F616273 
 561      6F726200 
 562              	.LASF14:
 563 0049 75696E74 		.ascii	"uint64_t\000"
 563      36345F74 
 563      00
 564              	.LASF32:
 565 0052 70716372 		.ascii	"pqcrystals_dilithium_dilithium_shake128_stream_init"
 565      79737461 
 565      6C735F64 
 565      696C6974 
 565      6869756D 
 566 0085 00       		.ascii	"\000"
 567              	.LASF25:
 568 0086 73746174 		.ascii	"state\000"
 568      6500
 569              	.LASF24:
 570 008c 7368616B 		.ascii	"shake128_inc_init\000"
 570      65313238 
 570      5F696E63 
 570      5F696E69 
 570      7400
 571              	.LASF1:
 572 009e 756E7369 		.ascii	"unsigned char\000"
 572      676E6564 
 572      20636861 
 572      7200
 573              	.LASF28:
 574 00ac 474E5520 		.ascii	"GNU C17 11.3.1 20220712 -mcpu=cortex-m4 -mthumb -mf"
 574      43313720 
 574      31312E33 
 574      2E312032 
 574      30323230 
 575 00df 6C6F6174 		.ascii	"loat-abi=softfp -mfpu=fpv4-sp-d16 -march=armv7e-m+f"
 575      2D616269 
 575      3D736F66 
 575      74667020 
 575      2D6D6670 
 576 0112 70202D67 		.ascii	"p -ggdb -O2 -fomit-frame-pointer -falign-functions="
 576      67646220 
 576      2D4F3220 
 576      2D666F6D 
 576      69742D66 
 577 0145 3136202D 		.ascii	"16 -ffunction-sections -fdata-sections -fno-common "
 577      6666756E 
 577      6374696F 
 577      6E2D7365 
 577      6374696F 
 578 0178 2D666C74 		.ascii	"-flto\000"
 578      6F00
 579              	.LASF7:
 580 017e 6C6F6E67 		.ascii	"long unsigned int\000"
 580      20756E73 
ARM GAS  C:\Users\Ridwane\AppData\Local\Temp\ccLDziha.s 			page 12


 580      69676E65 
 580      6420696E 
 580      7400
 581              	.LASF27:
 582 0190 6E6F6E63 		.ascii	"nonce\000"
 582      6500
 583              	.LASF5:
 584 0196 73686F72 		.ascii	"short unsigned int\000"
 584      7420756E 
 584      7369676E 
 584      65642069 
 584      6E7400
 585              	.LASF4:
 586 01a9 5F5F7569 		.ascii	"__uint16_t\000"
 586      6E743136 
 586      5F7400
 587              	.LASF31:
 588 01b4 70716372 		.ascii	"pqcrystals_dilithium_dilithium_shake256_stream_init"
 588      79737461 
 588      6C735F64 
 588      696C6974 
 588      6869756D 
 589 01e7 00       		.ascii	"\000"
 590              	.LASF11:
 591 01e8 756E7369 		.ascii	"unsigned int\000"
 591      676E6564 
 591      20696E74 
 591      00
 592              	.LASF10:
 593 01f5 6C6F6E67 		.ascii	"long long unsigned int\000"
 593      206C6F6E 
 593      6720756E 
 593      7369676E 
 593      65642069 
 594              	.LASF12:
 595 020c 75696E74 		.ascii	"uint8_t\000"
 595      385F7400 
 596              	.LASF18:
 597 0214 7368616B 		.ascii	"shake256incctx\000"
 597      65323536 
 597      696E6363 
 597      747800
 598              	.LASF22:
 599 0223 7368616B 		.ascii	"shake128_inc_finalize\000"
 599      65313238 
 599      5F696E63 
 599      5F66696E 
 599      616C697A 
 600              	.LASF8:
 601 0239 6C6F6E67 		.ascii	"long long int\000"
 601      206C6F6E 
 601      6720696E 
 601      7400
 602              	.LASF30:
 603 0247 433A5C43 		.ascii	"C:\\ChibiStudio\\workspace_user\\CRYSTALS-Dilithium"
 603      68696269 
 603      53747564 
ARM GAS  C:\Users\Ridwane\AppData\Local\Temp\ccLDziha.s 			page 13


 603      696F5C77 
 603      6F726B73 
 604 0277 00       		.ascii	"\000"
 605              	.LASF17:
 606 0278 7368616B 		.ascii	"shake128incctx\000"
 606      65313238 
 606      696E6363 
 606      747800
 607              	.LASF2:
 608 0287 73686F72 		.ascii	"short int\000"
 608      7420696E 
 608      7400
 609              	.LASF9:
 610 0291 5F5F7569 		.ascii	"__uint64_t\000"
 610      6E743634 
 610      5F7400
 611              	.LASF13:
 612 029c 75696E74 		.ascii	"uint16_t\000"
 612      31365F74 
 612      00
 613              	.LASF26:
 614 02a5 73656564 		.ascii	"seed\000"
 614      00
 615              	.LASF6:
 616 02aa 6C6F6E67 		.ascii	"long int\000"
 616      20696E74 
 616      00
 617              	.LASF19:
 618 02b3 7368616B 		.ascii	"shake256_inc_finalize\000"
 618      65323536 
 618      5F696E63 
 618      5F66696E 
 618      616C697A 
 619              	.LASF16:
 620 02c9 6C6F6E67 		.ascii	"long double\000"
 620      20646F75 
 620      626C6500 
 621              	.LASF0:
 622 02d5 7369676E 		.ascii	"signed char\000"
 622      65642063 
 622      68617200 
 623              	.LASF23:
 624 02e1 7368616B 		.ascii	"shake128_inc_absorb\000"
 624      65313238 
 624      5F696E63 
 624      5F616273 
 624      6F726200 
 625              		.section	.gnu.debuglto_.debug_line_str,"eMS",%progbits,1
 626              	.LASF41:
 627 0000 66697073 		.ascii	"fips202.h\000"
 627      3230322E 
 627      6800
 628              	.LASF37:
 629 000a 73796D6D 		.ascii	"symmetric-shake.c\000"
 629      65747269 
 629      632D7368 
 629      616B652E 
ARM GAS  C:\Users\Ridwane\AppData\Local\Temp\ccLDziha.s 			page 14


 629      6300
 630              	.LASF35:
 631 001c 633A5C63 		.ascii	"c:\\chibistudio\\tools\\gnu tools arm embedded\\11."
 631      68696269 
 631      73747564 
 631      696F5C74 
 631      6F6F6C73 
 632 004b 33203230 		.ascii	"3 2022.08\\arm-none-eabi\\include\\sys\000"
 632      32322E30 
 632      385C6172 
 632      6D2D6E6F 
 632      6E652D65 
 633              	.LASF38:
 634 006f 5F646566 		.ascii	"_default_types.h\000"
 634      61756C74 
 634      5F747970 
 634      65732E68 
 634      00
 635              	.LASF36:
 636 0080 633A5C63 		.ascii	"c:\\chibistudio\\tools\\gnu tools arm embedded\\11."
 636      68696269 
 636      73747564 
 636      696F5C74 
 636      6F6F6C73 
 637 00af 33203230 		.ascii	"3 2022.08\\lib\\gcc\\arm-none-eabi\\11.3.1\\include"
 637      32322E30 
 637      385C6C69 
 637      625C6763 
 637      635C6172 
 638 00dd 00       		.ascii	"\000"
 639              	.LASF40:
 640 00de 73746464 		.ascii	"stddef.h\000"
 640      65662E68 
 640      00
 641              	.LASF34:
 642 00e7 633A5C63 		.ascii	"c:\\chibistudio\\tools\\gnu tools arm embedded\\11."
 642      68696269 
 642      73747564 
 642      696F5C74 
 642      6F6F6C73 
 643 0116 33203230 		.ascii	"3 2022.08\\arm-none-eabi\\include\\machine\000"
 643      32322E30 
 643      385C6172 
 643      6D2D6E6F 
 643      6E652D65 
 644              	.LASF39:
 645 013e 5F737464 		.ascii	"_stdint.h\000"
 645      696E742E 
 645      6800
 646              	.LASF33:
 647 0148 433A5C43 		.ascii	"C:\\ChibiStudio\\workspace_user\\CRYSTALS-Dilithium"
 647      68696269 
 647      53747564 
 647      696F5C77 
 647      6F726B73 
 648 0178 00       		.ascii	"\000"
 649              		.text
ARM GAS  C:\Users\Ridwane\AppData\Local\Temp\ccLDziha.s 			page 15


 650              		.section	.gnu.lto_.profile.9a33f334,"e",%progbits
 651 0000 789C6362 		.ascii	"x\234cb\000\001\000\000\022\000\003"
 651      00010000 
 651      120003
 652              		.text
 653              		.section	.gnu.lto_.icf.9a33f334,"e",%progbits
 654 0000 789CD360 		.ascii	"x\234\323`@\000&\206\325\277\237^ggcb`b\004c d<|\274"
 654      40002686 
 654      D5BF9F5E 
 654      67676362 
 654      60620463 
 655 0019 75321B8A 		.ascii	"u2\033\212\020\003\000\266\364\006i"
 655      100300B6 
 655      F40669
 656              		.text
 657              		.section	.gnu.lto_.ipa_sra.9a33f334,"e",%progbits
 658 0000 789C6362 		.ascii	"x\234cb@\006\000\000*\000\003"
 658      40060000 
 658      2A0003
 659              		.text
 660              		.section	.gnu.lto_.inline.9a33f334,"e",%progbits
 661 0000 789C3BC2 		.ascii	"x\234;\302\200\000L\014LB\015\015\015+\2303\030\031"
 661      80004C0C 
 661      4C420D0D 
 661      0D2B9833 
 661      1819
 662 0012 99189998 		.ascii	"\231\030\231\230\200B\314,@\201\006\246\024\006\006"
 662      8042CC2C 
 662      408106A6 
 662      140606
 663 0021 36088309 		.ascii	"6\010\203\011\244\012\314Lf`\001k\342\006\022\214\023"
 663      A40ACC4C 
 663      6660016B 
 663      E206128C 
 663      13
 664 0032 FC185878 		.ascii	"\374\030XxA\352\201\014\006F\006\004\007\304G\250a\244"
 664      41EA810C 
 664      06460604 
 664      07C447A8 
 664      61A4
 665 0044 B5050C00 		.ascii	"\265\005\014\000\250\005\035\356"
 665      A8051DEE 
 666              		.text
 667              		.section	.gnu.lto_.jmpfuncs.9a33f334,"e",%progbits
 668 0000 789CA58E 		.ascii	"x\234\245\216\261\015\2000\014\004}O\024JV`/\346\240"
 668      B10D8030 
 668      0C047D4F 
 668      144A5660 
 668      2FE6A0
 669 0013 446C0594 		.ascii	"Dl\005\224\331\014\234\200(\"h\300\222\023\371\364\266"
 669      D90C9C80 
 669      282268C0 
 669      9213F9F4 
 669      B6
 670 0024 6EC0EE92 		.ascii	"n\300\356\2225@\033\324\2400K\3768%\005\314{\367\352"
 670      35401BD4 
 670      A0304BFE 
ARM GAS  C:\Users\Ridwane\AppData\Local\Temp\ccLDziha.s 			page 16


 670      382505CC 
 670      7BF7EA
 671 0037 2C3EB06A 		.ascii	",>\260jFq\002\3572)\216\250\004\224C\217\007\302L\215"
 671      467102EF 
 671      32298EA8 
 671      0494438F 
 671      07C24C8D 
 672 004b F25A5F58 		.ascii	"\362Z_X_\326\262\013U\206K7\376\324e\201\325\277\215"
 672      5FD6B20B 
 672      55864B37 
 672      FED46581 
 672      D5BF8D
 673 005e 6F9EE984 		.ascii	"o\236\351\204\311^M\355\000\370\322Z\240"
 673      C95E4DED 
 673      00F8D25A 
 673      A0
 674              		.text
 675              		.section	.gnu.lto_.pureconst.9a33f334,"e",%progbits
 676 0000 789C6367 		.ascii	"x\234cg```b\230\301\3028\203\005\000\004\245\001C"
 676      60606062 
 676      98C1C238 
 676      83050004 
 676      A50143
 677              		.text
 678              		.section	.gnu.lto_.ipa_modref.9a33f334,"e",%progbits
 679 0000 789CB362 		.ascii	"x\234\263b@\000&\006fyy\006\005\001\001\006\010\321"
 679      40002606 
 679      66797906 
 679      05010106 
 679      08D1
 680 0012 D270A1A1 		.ascii	"\322p\241\241aR\303\003\016 \305\304\210G\216\001\000"
 680      6152C303 
 680      0E20C5C4 
 680      88478E01 
 680      00
 681 0023 73980F00 		.ascii	"s\230\017\000"
 682              		.text
 683              		.section	.gnu.lto_.lto.9a33f334,"e",%progbits
 684 0000 0B000300 		.ascii	"\013\000\003\000\001\000\000\000"
 684      01000000 
 685              		.text
 686              		.section	.gnu.lto_pqcrystals_dilithium_dilithium_shake128_stream_init.0.9a33f334,"e",%progbits
 687 0000 789C5D91 		.ascii	"x\234]\221Oh\023A\024\306\337\367f7nb\320\240\364\344"
 687      4F681341 
 687      14C6DFF7 
 687      66376E62 
 687      D0A0F4E4 
 688 0014 C1A01741 		.ascii	"\301\240\027AS1B\225\"\250D\360b@\214\027!\020\326t"
 688      53314295 
 688      22A844F0 
 688      62408C17 
 688      2110D674 
 689 0028 69969AA6 		.ascii	"i\226\232\246f7\204\"5\323VS\310E\353\251(T\274\365"
 689      66378422 
 689      35D35653 
 689      C845EBA9 
 689      2854BCF5 
ARM GAS  C:\Users\Ridwane\AppData\Local\Temp\ccLDziha.s 			page 17


 690 003c 261E94B6 		.ascii	"&\036\224\266h\033C\343\311\203\212GAQ\360P\020\212"
 690      681B43E3 
 690      C9838A47 
 690      4151F050 
 690      108A
 691 004e 200AD5D6 		.ascii	" \012\325\326\331I\374C\027vf\337\367\375\3367\313\233"
 691      D949FC43 
 691      177666DF 
 691      F7FDDE37 
 691      CB9B
 692 0060 1E26BA4E 		.ascii	"\036&\272ND\373\325\013A\2703\335`\222R\236\332\306"
 692      44FBD50B 
 692      41B833DD 
 692      6092529E 
 692      DAC6
 693 0072 189F6E84 		.ascii	"\030\237n\204\321\206\256@5F\015\017\304aU\376\270y"
 693      D186AE40 
 693      35460D0F 
 693      C46155FE 
 693      B879
 694 0084 EFB33CDF 		.ascii	"\357\263<\337\304*Q\215\364c\"\264\033\206Z{\0207a\235"
 694      C42A518D 
 694      F46322B4 
 694      1B865A7B 
 694      1037619D 
 695 0098 A54453CA 		.ascii	"\245DS\312W_\346\245\014\323\330\"j\013\230\007\021"
 695      575FE6A5 
 695      0CD3D822 
 695      6A0B9807 
 695      11
 696 00a9 23FD5628 		.ascii	"#\375V(\333U|\230\350)\202F\253\334\201\357NN\311\230"
 696      DB557C98 
 696      E8298246 
 696      ABDC81EF 
 696      4E4EC998 
 697 00bd 716DA903 		.ascii	"qm\251\003?\0031\247\337\013\035\314:8\246\330j\207"
 697      3F0331A7 
 697      DF0B1DCC 
 697      3A38A6D8 
 697      6A87
 698 00cf 7DF9A92E 		.ascii	"}\371\251.c<\332B\3559\232A\260H\257\012\0356\246\226"
 698      633CDA42 
 698      ED399A41 
 698      B048AF0A 
 698      1D36A696 
 699 00e3 83B7A55C 		.ascii	"\203\267\245\\\233yb\314H\243\272\362\007!J\177\023"
 699      9B7962CC 
 699      48A3BAF2 
 699      07214A7F 
 699      13
 700 00f4 DBA90DFD 		.ascii	"\333\251\015\375\313J\000V\360\360\215\331\224?7oI\271"
 700      CB4A0056 
 700      F0F08DD9 
 700      943F376F 
 700      49B9
 701 0106 6C1FD8A9 		.ascii	"l\037\330\251\2164\2318$\324n\000-X\300\"\"\300\222"
 701      8E349938 
ARM GAS  C:\Users\Ridwane\AppData\Local\Temp\ccLDziha.s 			page 18


 701      24D46E00 
 701      2D58C022 
 701      22C092
 702 0119 C2674530 		.ascii	"\302gE0\026i@6\211\356\013\356\024\343\252\370\316\362"
 702      16694036 
 702      89EE0BEE 
 702      14E3AAF8 
 702      CEF2
 703 012b E3A3A8DE 		.ascii	"\343\243\250\336\222\264\316\023\033Sm\010\010#\370"
 703      92B4CE13 
 703      1B536D08 
 703      0823F8
 704 013a FEDAC071 		.ascii	"\376\332\300q\005\316\361\3256\016\251s\0054\3678\252"
 704      05CEF1D5 
 704      360EA973 
 704      0534F738 
 704      AA
 705 014b CCC98DBA 		.ascii	"\314\311\215\272\002Y\030\241w\004\253\323\011!\004"
 705      025918A1 
 705      7704ABD3 
 705      092104
 706 015a 6F6D4C04 		.ascii	"omL\004\215B7.D\351\027\337\210S\003\\**\325\342\210"
 706      8D42372E 
 706      44E917DF 
 706      8853035C 
 706      2A2AD5E2 
 707 016f D6FB955C 		.ascii	"\326\373\225\\\327\262;\030\310\"\022r\020\347\035\332"
 707      D7B23B18 
 707      C8221272 
 707      10E71DDA 
 708 017f 3CB1C56C 		.ascii	"<\261\305l\004W:\267\327n\343\005\024\306]l\371\277"
 708      04573AB7 
 708      D76EE305 
 708      14C65D6C 
 708      F9BF
 709 0191 EC5C377B 		.ascii	"\354\\7{\235[k\301\240N\356\253\322&O|xm\350\353\236"
 709      9D5B6BC1 
 709      A04EEEAB 
 709      D2264F7C 
 709      786DE8EB 
 710 01a6 15F8370C 		.ascii	"\025\3707\014\242#\251\376l\252\340^v3~e\300-e\253\245"
 710      A223A9FE 
 710      6CAAE05E 
 710      76337E65 
 710      C02D65AB 
 711 01bb F2903762 		.ascii	"\362\2207b\347\235\\\305s\312\331\324\205K\231\213\247"
 711      E79D5CC5 
 711      73CAD9D4 
 711      854B998B 
 711      A7
 712 01cc CF651267 		.ascii	"\317e\022g\334+\256_p+E\332\345\215\026\213\216_v\363"
 712      DC2BAE5F 
 712      702B45DA 
 712      E58D168B 
 712      8E5F76F3 
 713 01e0 09AF600F 		.ascii	"\011\257`\0179\275y2=\337\366\235=\177\215\\\327\350"
 713      39BD7932 
ARM GAS  C:\Users\Ridwane\AppData\Local\Temp\ccLDziha.s 			page 19


 713      3DDFF69D 
 713      3D7F8D5C 
 713      D7E8
 714 01f2 3DDA973C 		.ascii	"=\332\227<f'\355>\262\354\362`\334\033q\362\206\347"
 714      6627ED3E 
 714      B2ECF260 
 714      DC1B71F2 
 714      86E7
 715 0204 3803E670 		.ascii	"8\003\346pi8\357\300\377\0152\206\307\250"
 715      6938EFC0 
 715      FF0D3286 
 715      C7A8
 716              		.text
 717              		.section	.gnu.lto_pqcrystals_dilithium_dilithium_shake256_stream_init.1.9a33f334,"e",%progbits
 718 0000 789C5D91 		.ascii	"x\234]\221Oh\023A\024\306\337\367f7\335\304\240\241"
 718      4F681341 
 718      14C6DFF7 
 718      6637DDC4 
 718      A0A1
 719 0012 A2081E0C 		.ascii	"\242\010\036\014z\324T\254P\305\213J\004/\346b\275("
 719      7AD454AC 
 719      50C58B4A 
 719      042FE662 
 719      BD28
 720 0024 81B0A64B 		.ascii	"\201\260\246K\263\32445\273!\024\251\231\2666\205\\"
 720      B3D43435 
 720      BB2114A9 
 720      99B63685 
 720      5C
 721 0035 B43D8962 		.ascii	"\264=\211b\305[\020\301\203 \265h\211\241\351\305\213"
 721      C55B10C1 
 721      8320B568 
 721      89A1E9C5 
 721      8B
 722 0046 78131445 		.ascii	"x\023\024EoB\241z\251Rm\235\235\304?tag\366}\337\357"
 722      6F42A17A 
 722      A9526D9D 
 722      9DC43F74 
 722      6167F67D 
 723 005c 7DB3BCD9 		.ascii	"}\263\274\331\315D\327\211\350\200z!\010\26335&)\345"
 723      CD44D789 
 723      E8807A21 
 723      08B33335 
 723      2629E5
 724 006f A92EC6F8 		.ascii	"\251.\306\370L-\214\026t\005\2520*x \016\253\362\373"
 724      4C2D8C16 
 724      7405AA30 
 724      2A78200E 
 724      ABF2FB
 725 0082 D4DD87D1 		.ascii	"\324\335\207\321\251=_\210*\244\037\023\241\2350\324"
 725      A93D5F88 
 725      2AA41F13 
 725      A19D30D4 
 726 0092 BA0B7113 		.ascii	"\272\013q\023\326YJ4\244|\2752/e\230\306\026Py\206y"
 726      D6594A34 
 726      A47CBD32 
 726      2F6598C6 
ARM GAS  C:\Users\Ridwane\AppData\Local\Temp\ccLDziha.s 			page 20


 726      16507986 
 727 00a7 103152B3 		.ascii	"\0201R\263B\331\256\342\303D\317\0214Z\3056|grZ\306"
 727      42D9AEE2 
 727      C344CF11 
 727      345AC536 
 727      7C67725A 
 728 00bc 8C6B8B6D 		.ascii	"\214k\213m\370\005\2109uO\350`\326\3011\305\226\333"
 728      F8058839 
 728      754FE860 
 728      D6C131C5 
 728      96DB
 729 00ce ECABCF55 		.ascii	"\354\253\317U\031\343\321&*/\321\010\202E\252.t\330"
 729      19E3D126 
 729      2A2FD108 
 729      8245AA2E 
 729      74D8
 730 00e0 985A0EDE 		.ascii	"\230Z\016\336\222r\365\321S\343\2664\312K\177\020\242"
 730      9272F5D1 
 730      53E3B634 
 730      CA4B7F10 
 730      A2
 731 00f1 D413B18D 		.ascii	"\324\023\261\215Z\320\277\254\004`\011\217\337\230\015"
 731      5AD0BFAC 
 731      0460098F 
 731      DF980D
 732 0100 F973F3A6 		.ascii	"\371s\363\246\224\037\272\227\273v\2503M&\016\011\265"
 732      941FBA97 
 732      BB76A833 
 732      4D260E09 
 732      B5
 733 0111 1B401316 		.ascii	"\033@\023\026\260\200\010\260\250\3709\021\214E\032"
 733      B08008B0 
 733      A8F83911 
 733      8C451A
 734 0120 900DA2FB 		.ascii	"\220\015\242\373\202\333\305\270*\326X~z\033\325\333"
 734      82DBC5B8 
 734      2AD6587E 
 734      7A1BD5DB 
 735 0130 255AE789 		.ascii	"%Z\347\211\215\351\026\004\204\021|\177\253\341\270"
 735      8DE91604 
 735      84117C7F 
 735      ABE1B8
 736 013f 02EB7CB5 		.ascii	"\002\353|\265\205C\352`\001\315\275\217*sr\243\252@"
 736      8543EA60 
 736      01CDBD8F 
 736      2A7372A3 
 736      AA40
 737 0151 1646E81D 		.ascii	"\026F\350\035\301jwB\010\301[\033\023A\243\320\215_"
 737      C16A7742 
 737      08C15B1B 
 737      1341A3D0 
 737      8D5F
 738 0163 A3F48B6F 		.ascii	"\243\364\213o\304\251\006.\344\225jqD\353E%W\265\354"
 738      C4A9062E 
 738      E4956A71 
 738      44EB4525 
 738      57B5EC
ARM GAS  C:\Users\Ridwane\AppData\Local\Temp\ccLDziha.s 			page 21


 739 0176 0E06B288 		.ascii	"\016\006\262\210\204\0344\210\267k\327\337\342\326\202"
 739      841C3488 
 739      B76BD7DF 
 739      E2D682
 740 0185 3BADEFB3 		.ascii	";\255\357\263[X\206\342\270\203\255\375\027\236\351"
 740      5B5886E2 
 740      B883ADFD 
 740      179EE9
 741 0194 84AF7373 		.ascii	"\204\257ss5\030\325\311\375e\332\344\211\217?\014}\341"
 741      3518D5C9 
 741      FD65DAE4 
 741      898F3F0C 
 741      7DE1
 742 01a6 7302FFA6 		.ascii	"s\002\377\246At$y\"\235\314\271\227\335~\2774\340\026"
 742      41742479 
 742      229DCCB9 
 742      97DD7EBF 
 742      34E016
 743 01b9 D2E54271 		.ascii	"\322\345Bq\310\033\261\263N\246\3449\305t\362\374\305"
 743      C81BB1B3 
 743      4EA6E439 
 743      C574F2FC 
 743      C5
 744 01ca FE0BA7CF 		.ascii	"\376\013\247\317\365'\316\270W\\?\347\226\362\324\355"
 744      F527CEB8 
 744      575C3FE7 
 744      96F2D4ED 
 745 01da 8DE6F38E 		.ascii	"\215\346\363\216_t\263\011/g\0179=Y2=\337\366\235\275"
 745      5F74B309 
 745      2F670F39 
 745      3D59323D 
 745      DFF69DBD 
 746 01ee 7F8D4CC7 		.ascii	"\177\215L\307\3509\332\327{\314\356\265\373\310\262"
 746      E839DAD7 
 746      7BCCEEB5 
 746      FBC8B2
 747 01fd 8B83716F 		.ascii	"\213\203qo\304\311\032\236\343\014\230\303\205\341\254"
 747      C4C91A9E 
 747      E30C98C3 
 747      85E1AC
 748 020c 03FF37EF 		.ascii	"\003\3777\357\314\310&"
 748      CCC826
 749              		.text
 750              		.section	.gnu.lto_.symbol_nodes.9a33f334,"e",%progbits
 751 0000 789C758E 		.ascii	"x\234u\216\273\021\2040\014\005\237,c\037\337\026h\340"
 751      BB118430 
 751      0C059F2C 
 751      631FDF16 
 751      68E0
 752 0012 7A7C6686 		.ascii	"z|f\206\002\210\257\036\342k\011<\006\034!E;o7\320W"
 752      0288AF1E 
 752      E26B093C 
 752      061C2145 
 752      3B6F37D0 
 753 0027 003830A6 		.ascii	"\00080\246|^\266?@\340\227\226\262\013?o\273x\266\307"
 753      7C5EB63F 
 753      40E09796 
ARM GAS  C:\Users\Ridwane\AppData\Local\Temp\ccLDziha.s 			page 22


 753      B20B3F6F 
 753      BB78B6C7 
 754 003b 7D737140 		.ascii	"}sq@\316\212Rv\226r\354-\0259X*p\264T\303\311P\012\177"
 754      CE8A5276 
 754      9672EC2D 
 754      1539582A 
 754      70B454C3 
 755 0053 3DBE0785 		.ascii	"=\276\007\205^\270\306\212{Fw\257\235J\254\255\204\332"
 755      5EB8C68A 
 755      7B4677AF 
 755      9D4AACAD 
 755      84DA
 756 0065 3E985B69 		.ascii	">\230[i\236\026'\373\010g*"
 756      9E1627FB 
 756      08672A
 757              		.text
 758              		.section	.gnu.lto_.refs.9a33f334,"e",%progbits
 759 0000 789C6364 		.ascii	"x\234cd\000\002\000\000\012\000\002"
 759      00020000 
 759      0A0002
 760              		.text
 761              		.section	.gnu.lto_.decls.9a33f334,"e",%progbits
 762 0000 789C8D54 		.ascii	"x\234\215TmPTU\030>\357\331e\271|\010lfQ\311\214\323"
 762      6D505455 
 762      183EEFD9 
 762      65B97C08 
 762      6C6651C9 
 763 0016 8FB01AAD 		.ascii	"\217\260\032\255]\025\255\251\031\035\233i\246q\372"
 763      5D15ADA9 
 763      191D9B69 
 763      A671FA
 764 0025 91F5A3C9 		.ascii	"\221\365\243\311\332\326m\035v\022%v-\353Og\227e\275"
 764      DAD66D1D 
 764      76122576 
 764      2DEB4F67 
 764      9765BD
 765 0038 28E22E6A 		.ascii	"(\342.j.\253\351\266\3661\031\323\240}@)u\325\365[\020"
 765      2EABE9B6 
 765      F63119D3 
 765      A07D4029 
 765      75D5F55B 
 766 004d 05440101 		.ascii	"\005D\001\001-e5\025QB\024\202\336s\356e\023,\247\235"
 766      2D653515 
 766      51421482 
 766      DE73EE65 
 766      132CA79D 
 767 0061 79EFDE7B 		.ascii	"y\357\336{\336\367}\236\347}\316\271\367y\211\2206 "
 767      DEF77D9E 
 767      E77DCEB9 
 767      F7798990 
 767      3620
 768 0073 A4931032 		.ascii	"\244\223\0202\214?\035\3767`\244cTc\354\3058\200\321"
 768      8C3F1DFE 
 768      3760A463 
 768      5463ECC5 
 768      3880D1
 769 0086 887112A3 		.ascii	"\210q\022\243\005\243\003\243\033c\020\203`\257\001"
ARM GAS  C:\Users\Ridwane\AppData\Local\Temp\ccLDziha.s 			page 23


 769      05A303A3 
 769      1B631083 
 769      60AF01
 770 0095 43C248C5 		.ascii	"C\302H\305\270\017\343~\214\016\014\243V7\322\313q\366"
 770      B80FE37E 
 770      8C0E0CA3 
 770      5637D2CB 
 770      71F6
 771 00a7 604CC478 		.ascii	"`L\304x\014c7\306\004\255w\030\357\037\320\2608G\002"
 771      0C6337C6 
 771      04AD7718 
 771      EF1FD0B0 
 771      384702
 772 00ba A8DC1CFF 		.ascii	"\250\334\034\377\226\2065\250q\377\027\326\203\032w"
 772      968635A8 
 772      71FF17D6 
 772      831A77
 773 00c9 0A46A6A6 		.ascii	"\012F\246\246\205c\0315,\256\3170\036\364\206\0110I"
 773      85631935 
 773      2CAECF30 
 773      1EF48609 
 773      3049
 774 00db 4F8F5EF2 		.ascii	"O\217^\362\324%\031\025\306\256\261\360\036}V5Ta\372"
 774      D4251915 
 774      C6AEB1F0 
 774      1E7D5635 
 774      5461FA
 775 00ee 270C3D3D 		.ascii	"'\014==\177\365lh\\:\343)\305\2334^M\375\014\304d\306"
 775      7FF56C68 
 775      5C3AE329 
 775      C59B345E 
 775      4DFD0CC4 
 776 0104 768AED19 		.ascii	"v\212\355\031\206,\030\006\274\020\211\222\031L\374"
 776      862C1806 
 776      BC108992 
 776      194CFC
 777 0113 3C29E457 		.ascii	"<)\344W\340\212IV\252\364\014\242\354\033l\251HMG\202"
 777      E08A4956 
 777      AAF40CA2 
 777      EC1B6CA9 
 777      484D4782 
 778 0127 18DBE3D6 		.ascii	"\030\333\343\326\221\031f\262\033\262\024\370\005j@"
 778      911966B2 
 778      1BB214F8 
 778      056A40
 779 0136 4F8F9CF7 		.ascii	"O\217\234\367v\322\007\261\315\313\330\333{`\027\354"
 779      76D207B1 
 779      CDCBD8DB 
 779      7B6017EC 
 780 0146 E42281B3 		.ascii	"\344\"\201\263`ky\357\226\342\364\270\266\275\240*\210"
 780      606B79EF 
 780      96E2F4B8 
 780      B6BDA02A 
 780      88
 781 0157 72FDD980 		.ascii	"r\375\331\200\233\204W\"\315\301\302+\353om\324q\216"
 781      9B845722 
 781      CDC1C22B 
ARM GAS  C:\Users\Ridwane\AppData\Local\Temp\ccLDziha.s 			page 24


 781      EB6F6DD4 
 781      718E
 782 0169 CB4CF124 		.ascii	"\313L\361$\020\001s\000\262\025\330\017\373@z\211\030"
 782      10017300 
 782      B215D80F 
 782      FB407A89 
 782      18
 783 017a 1E878F31 		.ascii	"\036\207\2171\210\3642\237\\B\351\012v\265\224\257?"
 783      88F4329F 
 783      5C42E90A 
 783      76B594AF 
 783      3F
 784 018b 0BBCAB97 		.ascii	"\013\274\253\227)A\277\201\324A-\220\243\360\270\002"
 784      2941BF81 
 784      D4412D90 
 784      A3F0B802 
 785 019b 47E0308A 		.ascii	"G\3400\212\253hh\377\324\020\247?\246\321\327si\372"
 785      AB6868FF 
 785      D410A73F 
 785      A6D1D773 
 785      69FA
 786 01ad 8DD1CD5D 		.ascii	"\215\321\315]\360D&&\373;\366\037=\227\274\245\232\261"
 786      F0442626 
 786      FB3BF61F 
 786      3D97BCA5 
 786      9AB1
 787 01bf E2CC7A38 		.ascii	"\342\314z8\004'\264:\023!\323\2100\217)z\242\256\235"
 787      0427B43A 
 787      1321D388 
 787      308F297A 
 787      A2AE9D
 788 01d2 00058E73 		.ascii	"\000\005\216sw\244u\200\002n\324\2665J\231\243k\032"
 788      77A47580 
 788      026ED4B6 
 788      354A99A3 
 788      6B1A
 789 01e4 205EA4A7 		.ascii	" ^\244\247\341\342\276\223\211q\005\215\032r\2230\247"
 789      E1E2BE93 
 789      8971058D 
 789      1A729330 
 789      A7
 790 01f5 B4E25A5F 		.ascii	"\264\342Z_\232\360U\271\333\327\333\033k\266\323x\343"
 790      9AF055B9 
 790      DBD7DB1B 
 790      6BB6D378 
 790      E3
 791 0206 49ADB199 		.ascii	"I\255\261\231;\327J\200\237\360t~C\244\255\\\307.\371"
 791      3BD74A80 
 791      9FF0747E 
 791      43A4AD5C 
 791      C72EF9
 792 0219 D2310125 		.ascii	"\3221\001%6Z\325\321\002\255D\201\323p\012\356\034\266"
 792      365AD5D1 
 792      02AD4481 
 792      D3700AEE 
 792      1CB6
 793 022b B206E74C 		.ascii	"\262\006\347LJ\345s\236\271\307\234gp\20461\3476\216"
ARM GAS  C:\Users\Ridwane\AppData\Local\Temp\ccLDziha.s 			page 25


 793      4AE5739E 
 793      B9C79C67 
 793      70843631 
 793      E7368E
 794 023e 5FBEFA47 		.ascii	"_\276\372G_\342\2309\333!^\244\247\277w}\027\204\270"
 794      5FE29839 
 794      DB215EA4 
 794      A7BF777D 
 794      1784B8
 795 0251 DC0E0DB9 		.ascii	"\334\016\015\271S\314y\272\356\253\237h\017`\267\314"
 795      53CC79BA 
 795      EEAB9F68 
 795      0F60B7CC 
 796 0261 147754F2 		.ascii	"\024wT\362Gb\254\222\261|\266?\026\014\371b\2621\340"
 796      4762AC92 
 796      B17CB63F 
 796      160CF962 
 796      B231E0
 797 0274 C15CA5CC 		.ascii	"\301\\\245\314\036\016\342r(\324\351\247a\035?O\214"
 797      1E0EE272 
 797      28D4E9A7 
 797      611D3F4F 
 797      8C
 798 0285 15A6B2EF 		.ascii	"\025\246\262\357\371\221\314e\205>\376\\\222\031.TO"
 798      F991CC65 
 798      853EFE5C 
 798      92192E54 
 798      4F
 799 0296 693D30C5 		.ascii	"i=0\305\307*\025Cd/\363\005\331\274P(v\220S\260\262"
 799      C72A1543 
 799      642FF305 
 799      D9BC5028 
 799      769053B0 
 800 02ab CE4D2BD2 		.ascii	"\316M+\322\303\205mrx/{(\214(A\346U\002\340\306\026"
 800      C3856D72 
 800      782F7B28 
 800      8C2841E6 
 800      5502E0C6 
 801 02c0 B7C2020A 		.ascii	"\267\302\002\012\370\303\233V\227z\243\007\237r{\274"
 801      F8C39B56 
 801      977AA307 
 801      9F727BBC 
 802 02d0 32F344E5 		.ascii	"2\363D\345\014?^X\204U\033\003X\357\377\\a\031,\034"
 802      0C3F5E58 
 802      84551B03 
 802      58EFFF5C 
 802      61192C1C 
 803 02e4 95DD91A8 		.ascii	"\225\335\221\250\014\201\210W\016D\242\014\312\260f"
 803      0C818857 
 803      0E44A20C 
 803      CAB066
 804 02f3 520055B9 		.ascii	"R\000U\271#\263\003\235EH\024eF\336\035\210\274\340"
 804      23B3039D 
 804      45481465 
 804      46DE1D88 
 804      BCE0
 805 0305 0E47F90B 		.ascii	"\016G\371\013 \203;\314d\277\207\025\033\375\021Y\366"
ARM GAS  C:\Users\Ridwane\AppData\Local\Temp\ccLDziha.s 			page 26


 805      20833BCC 
 805      64BF8715 
 805      1BFD1159 
 805      F6
 806 0316 63BF11FB 		.ascii	"c\277\021\373\253\003\036\205\341\215\"\007\036E\026"
 806      AB031E85 
 806      E18D2207 
 806      1E4516
 807 0325 6610EF16 		.ascii	"f\020\357\0266P\274\314\326Sv\350\360s\327\271\364\336"
 807      3650BCCC 
 807      D65376E8 
 807      F073D7B9 
 807      F4DE
 808 0337 0DA14448 		.ascii	"\015\241DH\363\317&`\312\220\232\270\355C\265k\213h"
 808      F3CF2660 
 808      CA909AB8 
 808      ED43B56B 
 808      8B68
 809 0349 12561F84 		.ascii	"\022V\037\204\036\276\013\215C\315I\374\261\031~\307"
 809      1EBE0B8D 
 809      43CD49FC 
 809      B1197EC7 
 810 0359 23D25AB4 		.ascii	"#\322Z\264\275\0242U;\024\365\215\275\000\212\272\037"
 810      BD143255 
 810      3B14F58D 
 810      BD008ABA 
 810      1F
 811 036a 1B6A7B4A 		.ascii	"\033j{Jt\243r\015\020O\272?U\326\216\213oV\227\266Y"
 811      74A3720D 
 811      104FBA3F 
 811      55D68E8B 
 811      6F5697B6 
 812 037f 31B159E7 		.ascii	"1\261Y\347jb'$\316\021\203\363\310\361m\305@er\222\300"
 812      6A622724 
 812      CE1183F3 
 812      C8F16DC5 
 812      40657292 
 813 0394 4639FBBE 		.ascii	"F9\373\276\271\236\234]L)\336\257\356\253\311\346\353"
 813      B99E9C5D 
 813      4C29DEAF 
 813      EEABC9E6 
 813      EB
 814 03a5 7FC02590 		.ascii	"\177\300%\220\374|e\350v\321t\\\271\002\227\271\364"
 814      FC7C65E8 
 814      76D1745C 
 814      B90297B9 
 814      F4
 815 03b6 CB5F5655 		.ascii	"\313_VU\215\233\310\370\013\315\356\277$^\350\253@\272"
 815      8D9BC8F8 
 815      0BCDEEBF 
 815      245EE8AB 
 815      40BA
 816 03c8 815C1434 		.ascii	"\201\\\0244-\0037\375\251\223\203A\326\337^va\226\302"
 816      2D0337FD 
 816      A9938341 
 816      D6DF5E76 
 816      6196C2
ARM GAS  C:\Users\Ridwane\AppData\Local\Temp\ccLDziha.s 			page 27


 817 03db 0F80BE1B 		.ascii	"\017\200\276\033~S\025\222\337\200\234\203\263\220u"
 817      7E531592 
 817      DF809C83 
 817      B39075
 818 03ea 54276DA3 		.ascii	"T'm\243\367\364\341\372\277\373\320;2jcSG\203~T\256"
 818      F7F4E1FA 
 818      BFFBD03B 
 818      326A6353 
 818      47837E54 
 819 03ff 1DE2C9ED 		.ascii	"\035\342\311\355\177\365t\376\363y\370S\363\241O\010"
 819      7FF574FE 
 819      F379F853 
 819      F3A14F08 
 820 040f DCDABD33 		.ascii	"\334\332\2753&8\372\340\306X\037\274E\015\307R\262\333"
 820      2638FAE0 
 820      C6581FBC 
 820      450DC752 
 820      B2DB
 821 0421 850F17FE 		.ascii	"\205\017\027\376\332\334\221\312\023\267\240\037\353"
 821      DADC91CA 
 821      13B7A01F 
 821      EB
 822 042e 763697DC 		.ascii	"v6\227\334J\021.\334\346.tm\251;%\215va\000\310 \220"
 822      4A112EDC 
 822      E62E746D 
 822      A93B258D 
 822      766100C8 
 823 0444 9B82A46E 		.ascii	"\233\202\244n\355\361\3308\356B\3456|+\023\270\011\203"
 823      EDF1D838 
 823      EE42E536 
 823      7C2B13B8 
 823      0983
 824 0456 D0A399D0 		.ascii	"\320\243\231\320\243\231\340\323I\3479\323\017\336\317"
 824      A399E0D3 
 824      49E739D3 
 824      0FDECF
 825 0465 FA93D49D 		.ascii	"\372\223\324\235\341&\2046{\033\014\243\241\361TQ2\254"
 825      E1268436 
 825      7B1B0CA3 
 825      A1F15451 
 825      32AC
 826 0477 6E63C98F 		.ascii	"nc\311\217\307`r\220\261\352\035+7\025&\206'3:\244\341"
 826      C7607290 
 826      B1EA1D2B 
 826      37152686 
 826      27333AA4 
 827 048c 0EF16BD6 		.ascii	"\016\361k\326\001*\015p\324\201\362\252U\006\216\332"
 827      012A0D70 
 827      D481F2AA 
 827      55068EDA 
 828 049c 2A508BCF 		.ascii	"*P\213\317\254(\322\251\326\026R\374\012\205\256\224"
 828      AC28D2A9 
 828      D61652FC 
 828      0A85AE94 
 829 04ac A7A89C5E 		.ascii	"\247\250\234^|\374.z\370\233\264\261\234>J\212(\347"
 829      7CFC2E7A 
 829      F89BB4B1 
ARM GAS  C:\Users\Ridwane\AppData\Local\Temp\ccLDziha.s 			page 28


 829      9C3E4A8A 
 829      28E7
 830 04be 5C75FBEB 		.ascii	"\\u\373\353\252t\316Y\031*\\\241dP\037\365P\225\322"
 830      AA74CE59 
 830      192A5CA1 
 830      64501FF5 
 830      5095D2
 831 04d1 4339651B 		.ascii	"C9e\033\225\326\350\260.p\310\327\237(\352V\213:Fe\255"
 831      95D6E8B0 
 831      2E70C8D7 
 831      9F28EA56 
 831      8B3A4665 
 832 04e6 4E16757D 		.ascii	"N\026u}T\372\214\327]\334\271r}\272\272\005\\ZG\363"
 832      54FA8CD7 
 832      5DDCB972 
 832      7DBABA05 
 832      5C5A47F3 
 833 04fa B56F612C 		.ascii	"\265oa,y\011%\253\004y\327\301\223\375z\001\332*@K\350"
 833      790925AB 
 833      0479D7C1 
 833      93FD7A01 
 833      DA2A404B 
 834 050f 4A0D74A5 		.ascii	"J\015t\245\000-\244R\225\356\236\363\256\301\001\233"
 834      002DA452 
 834      95EE9EF3 
 834      AEC1019B 
 835 051f 3C2DD793 		.ascii	"<-\327\223UJ?>\376\271\265~E\302X\3122J\002\202\362"
 835      554A3F3E 
 835      FEB9B57E 
 835      45C258CA 
 835      324A0282 
 836 0534 66C5406F 		.ascii	"f\305@o\202\240<-(\313h\251FY*(\203T:\302)\273w\357"
 836      82A03C2D 
 836      28CB68A9 
 836      46592A28 
 836      83543AC2 
 837 054c D8A5FA72 		.ascii	"\330\245\372rJ\223\266N\253['\352\252\220i\307\327\265"
 837      4A93B64E 
 837      AB5B27EA 
 837      AA9069C7 
 837      D7B5
 838 055e 5FFCF3B9 		.ascii	"_\374\363\271gT=\212\237\010\236\356\372\015g\245x\316"
 838      67543D8A 
 838      9F089EEE 
 838      FA0D67A5 
 838      78CE
 839 0570 A7E53688 		.ascii	"\247\3456\210\\E\355\325\341\344x\256D\313\005\325\276"
 839      5C45EDD5 
 839      E1E478AE 
 839      44CB05D5 
 839      BE
 840 0581 60939C16 		.ascii	"`\223\234\026\317\225i\271r\316it~\230\227gw\0258lS"
 840      CF9569B9 
 840      72CE6974 
 840      7E989767 
 840      7715386C 
 841 0596 9CB9D677 		.ascii	"\234\271\326w\355Sm\322\213/\2776i\256i&y$\236\262h"
ARM GAS  C:\Users\Ridwane\AppData\Local\Temp\ccLDziha.s 			page 29


 841      ED536DD2 
 841      8B2FBF36 
 841      69AE6926 
 841      79249EB2 
 842 05ab A9A9D372 		.ascii	"\251\251\323r\3143\255fk\016I\\\346X\342\232eqI\374"
 842      CC33AD66 
 842      6B0E495C 
 842      E658E29A 
 842      657149FC 
 843 05bf DF946371 		.ascii	"\337\224cq\351l\256\345\342!g\272\305e\232\373\354\202"
 843      E96CAEE5 
 843      E22167BA 
 843      C5659AFB 
 843      EC82
 844 05d1 B9B98E85 		.ascii	"\271\271\216\205\216\371\256e\3578\226.\370`i\301\273"
 844      8EF9AE65 
 844      EF38962E 
 844      F86069C1 
 844      BB
 845 05e2 CE7CABCD 		.ascii	"\316|\253\315nY\346\264\027,\230\373\312\353\363_\235"
 845      6E59E6B4 
 845      172C98FB 
 845      CAEBF35F 
 845      9D
 846 05f3 336FFE94 		.ascii	"3o\376\224\027\034\213\035\256\\\307\262<\222\274\310"
 846      171C8B1D 
 846      AE5CC7B2 
 846      3C92BCC8 
 847 0603 91EF343F 		.ascii	"\221\3574?m\236\232K\322\004\231\311<\313\261\304\206"
 847      6D9E9A4B 
 847      D20499C9 
 847      3CCBB1C4 
 847      86
 848 0614 A006A7E3 		.ascii	"\240\006\247\343#\273\305\245\256\232g\344\250\253:"
 848      23BBC5A5 
 848      AE9A67E4 
 848      A8AB3A
 849 0623 530E49B5 		.ascii	"S\016I\265\026\344\275?\323>%\357\311E\371$\331\266"
 849      16E4BD3F 
 849      D33E25EF 
 849      C945F924 
 849      D9B6
 850 0635 B4C0655F 		.ascii	"\264\300e_>%o:\231\226\377\236\255\340C\247\313\272"
 850      3E256F3A 
 850      9996FF9E 
 850      ADE043A7 
 850      CBBA
 851 0647 D8697967 		.ascii	"\330iyg\204\341\216\273\021|\213\323U`\267\346Y\034"
 851      84E18EBB 
 851      117C8BD3 
 851      5560B7E6 
 851      591C
 852 0659 4B1C2EC3 		.ascii	"K\034.\303[\2467\246\231\3374Xm6\273\323y\337]\246\374"
 852      5BA637A6 
 852      99DF3458 
 852      6D36BBD3 
 852      79DF5DA6 
ARM GAS  C:\Users\Ridwane\AppData\Local\Temp\ccLDziha.s 			page 30


 853 066e 3F509437 		.ascii	"?P\2247\0264g\372\233\023\342\204\250\335\262\310\261"
 853      163467FA 
 853      9B13E284 
 853      A8DDB2C8 
 853      B1
 854 067f C4BA1847 		.ascii	"\304\272\030G\032?j\325\272\320\271\264`\241q\324\032"
 854      1A3F6AD5 
 854      BAD0B9B4 
 854      60A171D4 
 854      1A
 855 0690 879810C7 		.ascii	"\207\230\020\307\275\273wd\365\316\336\2215\336\373"
 855      BDBB7764 
 855      F5CEDE91 
 855      35DEFB
 856 069f 378FF2C1 		.ascii	"7\217\362\301~"
 856      7E
 857              		.text
 858              		.section	.gnu.lto_.symtab.9a33f334,"e",%progbits
 859 0000 70716372 		.ascii	"pqcrystals_dilithium_dilithium_shake128_stream_init"
 859      79737461 
 859      6C735F64 
 859      696C6974 
 859      6869756D 
 860 0033 00       		.ascii	"\000"
 861 0034 00       		.ascii	"\000"
 862 0035 00       		.ascii	"\000"
 863 0036 00       		.ascii	"\000"
 864 0037 00000000 		.ascii	"\000\000\000\000\000\000\000\000"
 864      00000000 
 865 003f EF000000 		.ascii	"\357\000\000\000"
 866 0043 70716372 		.ascii	"pqcrystals_dilithium_dilithium_shake256_stream_init"
 866      79737461 
 866      6C735F64 
 866      696C6974 
 866      6869756D 
 867 0076 00       		.ascii	"\000"
 868 0077 00       		.ascii	"\000"
 869 0078 00       		.ascii	"\000"
 870 0079 00       		.ascii	"\000"
 871 007a 00000000 		.ascii	"\000\000\000\000\000\000\000\000"
 871      00000000 
 872 0082 FC000000 		.ascii	"\374\000\000\000"
 873 0086 7368616B 		.ascii	"shake128_inc_finalize\000"
 873      65313238 
 873      5F696E63 
 873      5F66696E 
 873      616C697A 
 874 009c 00       		.ascii	"\000"
 875 009d 02       		.ascii	"\002"
 876 009e 00       		.ascii	"\000"
 877 009f 00000000 		.ascii	"\000\000\000\000\000\000\000\000"
 877      00000000 
 878 00a7 00010000 		.ascii	"\000\001\000\000"
 879 00ab 7368616B 		.ascii	"shake128_inc_absorb\000"
 879      65313238 
 879      5F696E63 
 879      5F616273 
ARM GAS  C:\Users\Ridwane\AppData\Local\Temp\ccLDziha.s 			page 31


 879      6F726200 
 880 00bf 00       		.ascii	"\000"
 881 00c0 02       		.ascii	"\002"
 882 00c1 00       		.ascii	"\000"
 883 00c2 00000000 		.ascii	"\000\000\000\000\000\000\000\000"
 883      00000000 
 884 00ca 06010000 		.ascii	"\006\001\000\000"
 885 00ce 7368616B 		.ascii	"shake128_inc_init\000"
 885      65313238 
 885      5F696E63 
 885      5F696E69 
 885      7400
 886 00e0 00       		.ascii	"\000"
 887 00e1 02       		.ascii	"\002"
 888 00e2 00       		.ascii	"\000"
 889 00e3 00000000 		.ascii	"\000\000\000\000\000\000\000\000"
 889      00000000 
 890 00eb 08010000 		.ascii	"\010\001\000\000"
 891 00ef 7368616B 		.ascii	"shake256_inc_finalize\000"
 891      65323536 
 891      5F696E63 
 891      5F66696E 
 891      616C697A 
 892 0105 00       		.ascii	"\000"
 893 0106 02       		.ascii	"\002"
 894 0107 00       		.ascii	"\000"
 895 0108 00000000 		.ascii	"\000\000\000\000\000\000\000\000"
 895      00000000 
 896 0110 0C010000 		.ascii	"\014\001\000\000"
 897 0114 7368616B 		.ascii	"shake256_inc_absorb\000"
 897      65323536 
 897      5F696E63 
 897      5F616273 
 897      6F726200 
 898 0128 00       		.ascii	"\000"
 899 0129 02       		.ascii	"\002"
 900 012a 00       		.ascii	"\000"
 901 012b 00000000 		.ascii	"\000\000\000\000\000\000\000\000"
 901      00000000 
 902 0133 12010000 		.ascii	"\022\001\000\000"
 903 0137 7368616B 		.ascii	"shake256_inc_init\000"
 903      65323536 
 903      5F696E63 
 903      5F696E69 
 903      7400
 904 0149 00       		.ascii	"\000"
 905 014a 02       		.ascii	"\002"
 906 014b 00       		.ascii	"\000"
 907 014c 00000000 		.ascii	"\000\000\000\000\000\000\000\000"
 907      00000000 
 908 0154 14010000 		.ascii	"\024\001\000\000"
 909              		.text
 910              		.section	.gnu.lto_.ext_symtab.9a33f334,"e",%progbits
 911 0000 01       		.ascii	"\001"
 912 0001 01       		.ascii	"\001"
 913 0002 00       		.ascii	"\000"
 914 0003 01       		.ascii	"\001"
ARM GAS  C:\Users\Ridwane\AppData\Local\Temp\ccLDziha.s 			page 32


 915 0004 00       		.ascii	"\000"
 916 0005 01       		.ascii	"\001"
 917 0006 00       		.ascii	"\000"
 918 0007 01       		.ascii	"\001"
 919 0008 00       		.ascii	"\000"
 920 0009 01       		.ascii	"\001"
 921 000a 00       		.ascii	"\000"
 922 000b 01       		.ascii	"\001"
 923 000c 00       		.ascii	"\000"
 924 000d 01       		.ascii	"\001"
 925 000e 00       		.ascii	"\000"
 926 000f 01       		.ascii	"\001"
 927 0010 00       		.ascii	"\000"
 928              		.text
 929              		.section	.gnu.lto_.opts,"e",%progbits
 930 0000 272D666E 		.ascii	"'-fno-openmp' '-fno-openacc' '-fno-pie' '-fcf-prote"
 930      6F2D6F70 
 930      656E6D70 
 930      2720272D 
 930      666E6F2D 
 931 0033 6374696F 		.ascii	"ction=none' '-g' '-mcpu=cortex-m4' '-mthumb' '-mflo"
 931      6E3D6E6F 
 931      6E652720 
 931      272D6727 
 931      20272D6D 
 932 0066 61742D61 		.ascii	"at-abi=softfp' '-mfpu=fpv4-sp-d16' '-mlibarch=armv7"
 932      62693D73 
 932      6F667466 
 932      70272027 
 932      2D6D6670 
 933 0099 652D6D2B 		.ascii	"e-m+fp' '-march=armv7e-m+fp' '-O2' '-fomit-frame-po"
 933      66702720 
 933      272D6D61 
 933      7263683D 
 933      61726D76 
 934 00cc 696E7465 		.ascii	"inter' '-falign-functions=16' '-ffunction-sections'"
 934      72272027 
 934      2D66616C 
 934      69676E2D 
 934      66756E63 
 935 00ff 20272D66 		.ascii	" '-fdata-sections' '-fno-common' '-flto' '-Xassembl"
 935      64617461 
 935      2D736563 
 935      74696F6E 
 935      73272027 
 936 0132 65722720 		.ascii	"er' '-alms=./build/lst/symmetric-shake.lst'\000"
 936      272D616C 
 936      6D733D2E 
 936      2F627569 
 936      6C642F6C 
 937              		.text
 938              		.comm	__gnu_lto_slim,1,1
 939              		.ident	"GCC: (Arm GNU Toolchain 11.3.Rel1) 11.3.1 20220712"
ARM GAS  C:\Users\Ridwane\AppData\Local\Temp\ccLDziha.s 			page 33


DEFINED SYMBOLS
                            *ABS*:00000000 symmetric-shake.c
C:\Users\Ridwane\AppData\Local\Temp\ccLDziha.s:24     .gnu.debuglto_.debug_info:00000000 symmetric_shake.c.3627a2a6
                            *COM*:00000001 __gnu_lto_slim

NO UNDEFINED SYMBOLS
